

================================================================
== Vivado HLS Report for 'Sobel'
================================================================
* Date:           Tue Dec  4 09:50:23 2018

* Version:        2018.2 (Build 2258646 on Thu Jun 14 20:25:20 MDT 2018)
* Project:        Hough
* Solution:       solution1
* Product family: virtex7
* Target device:  xc7vx690tffg1761-3


================================================================
== Performance Estimates
================================================================
+ Timing (ns): 
    * Summary: 
    +--------+-------+----------+------------+
    |  Clock | Target| Estimated| Uncertainty|
    +--------+-------+----------+------------+
    |ap_clk  |  20.00|    16.193|        2.50|
    +--------+-------+----------+------------+

+ Latency (clock cycles): 
    * Summary: 
    +-----+-------+-----+-------+---------+
    |   Latency   |   Interval  | Pipeline|
    | min |  max  | min |  max  |   Type  |
    +-----+-------+-----+-------+---------+
    |  128|  79220|  128|  79220|   none  |
    +-----+-------+-----+-------+---------+

    + Detail: 
        * Instance: 
        +--------------------+----------+-----+-------+-----+-------+---------+
        |                    |          |   Latency   |   Interval  | Pipeline|
        |      Instance      |  Module  | min |  max  | min |  max  |   Type  |
        +--------------------+----------+-----+-------+-----+-------+---------+
        |grp_Filter2D_fu_48  |Filter2D  |  127|  79219|  127|  79219|   none  |
        +--------------------+----------+-----+-------+-----+-------+---------+

        * Loop: 
        N/A



================================================================
== Utilization Estimates
================================================================
* Summary: 
+-----------------+---------+-------+--------+--------+
|       Name      | BRAM_18K| DSP48E|   FF   |   LUT  |
+-----------------+---------+-------+--------+--------+
|DSP              |        -|      -|       -|       -|
|Expression       |        -|      -|       0|       2|
|FIFO             |        -|      -|       -|       -|
|Instance         |        3|      6|     715|    1929|
|Memory           |        -|      -|       -|       -|
|Multiplexer      |        -|      -|       -|      60|
|Register         |        -|      -|      68|       -|
+-----------------+---------+-------+--------+--------+
|Total            |        3|      6|     783|    1991|
+-----------------+---------+-------+--------+--------+
|Available        |     2940|   3600|  866400|  433200|
+-----------------+---------+-------+--------+--------+
|Utilization (%)  |    ~0   |   ~0  |   ~0   |   ~0   |
+-----------------+---------+-------+--------+--------+

+ Detail: 
    * Instance: 
    +--------------------+----------+---------+-------+-----+------+
    |      Instance      |  Module  | BRAM_18K| DSP48E|  FF |  LUT |
    +--------------------+----------+---------+-------+-----+------+
    |grp_Filter2D_fu_48  |Filter2D  |        3|      6|  715|  1929|
    +--------------------+----------+---------+-------+-----+------+
    |Total               |          |        3|      6|  715|  1929|
    +--------------------+----------+---------+-------+-----+------+

    * DSP48: 
    N/A

    * Memory: 
    N/A

    * FIFO: 
    N/A

    * Expression: 
    +-----------------+----------+-------+---+----+------------+------------+
    |  Variable Name  | Operation| DSP48E| FF| LUT| Bitwidth P0| Bitwidth P1|
    +-----------------+----------+-------+---+----+------------+------------+
    |ap_block_state1  |    or    |      0|  0|   2|           1|           1|
    +-----------------+----------+-------+---+----+------------+------------+
    |Total            |          |      0|  0|   2|           1|           1|
    +-----------------+----------+-------+---+----+------------+------------+

    * Multiplexer: 
    +---------------------------+----+-----------+-----+-----------+
    |            Name           | LUT| Input Size| Bits| Total Bits|
    +---------------------------+----+-----------+-----+-----------+
    |ap_NS_fsm                  |  15|          3|    1|          3|
    |ap_done                    |   9|          2|    1|          2|
    |p_dst_data_stream_V_write  |   9|          2|    1|          2|
    |p_src_cols_V_blk_n         |   9|          2|    1|          2|
    |p_src_data_stream_V_read   |   9|          2|    1|          2|
    |p_src_rows_V_blk_n         |   9|          2|    1|          2|
    +---------------------------+----+-----------+-----+-----------+
    |Total                      |  60|         13|    6|         13|
    +---------------------------+----+-----------+-----+-----------+

    * Register: 
    +---------------------------------+----+----+-----+-----------+
    |               Name              | FF | LUT| Bits| Const Bits|
    +---------------------------------+----+----+-----+-----------+
    |ap_CS_fsm                        |   2|   0|    2|          0|
    |ap_done_reg                      |   1|   0|    1|          0|
    |grp_Filter2D_fu_48_ap_start_reg  |   1|   0|    1|          0|
    |p_src_cols_V_read_reg_77         |  32|   0|   32|          0|
    |p_src_rows_V_read_reg_72         |  32|   0|   32|          0|
    +---------------------------------+----+----+-----+-----------+
    |Total                            |  68|   0|   68|          0|
    +---------------------------------+----+----+-----+-----------+



================================================================
== Interface
================================================================
* Summary: 
+-----------------------------+-----+-----+------------+---------------------+--------------+
|          RTL Ports          | Dir | Bits|  Protocol  |    Source Object    |    C Type    |
+-----------------------------+-----+-----+------------+---------------------+--------------+
|ap_clk                       |  in |    1| ap_ctrl_hs |        Sobel        | return value |
|ap_rst                       |  in |    1| ap_ctrl_hs |        Sobel        | return value |
|ap_start                     |  in |    1| ap_ctrl_hs |        Sobel        | return value |
|ap_done                      | out |    1| ap_ctrl_hs |        Sobel        | return value |
|ap_continue                  |  in |    1| ap_ctrl_hs |        Sobel        | return value |
|ap_idle                      | out |    1| ap_ctrl_hs |        Sobel        | return value |
|ap_ready                     | out |    1| ap_ctrl_hs |        Sobel        | return value |
|p_src_rows_V_dout            |  in |   32|   ap_fifo  |     p_src_rows_V    |    pointer   |
|p_src_rows_V_empty_n         |  in |    1|   ap_fifo  |     p_src_rows_V    |    pointer   |
|p_src_rows_V_read            | out |    1|   ap_fifo  |     p_src_rows_V    |    pointer   |
|p_src_cols_V_dout            |  in |   32|   ap_fifo  |     p_src_cols_V    |    pointer   |
|p_src_cols_V_empty_n         |  in |    1|   ap_fifo  |     p_src_cols_V    |    pointer   |
|p_src_cols_V_read            | out |    1|   ap_fifo  |     p_src_cols_V    |    pointer   |
|p_src_data_stream_V_dout     |  in |    8|   ap_fifo  | p_src_data_stream_V |    pointer   |
|p_src_data_stream_V_empty_n  |  in |    1|   ap_fifo  | p_src_data_stream_V |    pointer   |
|p_src_data_stream_V_read     | out |    1|   ap_fifo  | p_src_data_stream_V |    pointer   |
|p_dst_data_stream_V_din      | out |   16|   ap_fifo  | p_dst_data_stream_V |    pointer   |
|p_dst_data_stream_V_full_n   |  in |    1|   ap_fifo  | p_dst_data_stream_V |    pointer   |
|p_dst_data_stream_V_write    | out |    1|   ap_fifo  | p_dst_data_stream_V |    pointer   |
+-----------------------------+-----+-----+------------+---------------------+--------------+

