

================================================================
== Vivado HLS Report for 'sqrt_fixed_32_32_s'
================================================================
* Date:           Tue Dec  4 09:50:24 2018

* Version:        2018.2 (Build 2258646 on Thu Jun 14 20:25:20 MDT 2018)
* Project:        Hough
* Solution:       solution1
* Product family: virtex7
* Target device:  xc7vx690tffg1761-3


================================================================
== Performance Estimates
================================================================
+ Timing (ns): 
    * Summary: 
    +--------+-------+----------+------------+
    |  Clock | Target| Estimated| Uncertainty|
    +--------+-------+----------+------------+
    |ap_clk  |  20.00|    15.954|        2.50|
    +--------+-------+----------+------------+

+ Latency (clock cycles): 
    * Summary: 
    +-----+-----+-----+-----+----------+
    |  Latency  |  Interval | Pipeline |
    | min | max | min | max |   Type   |
    +-----+-----+-----+-----+----------+
    |    1|    1|    1|    1| function |
    +-----+-----+-----+-----+----------+

    + Detail: 
        * Instance: 
        N/A

        * Loop: 
        N/A



================================================================
== Utilization Estimates
================================================================
* Summary: 
+-----------------+---------+-------+--------+--------+
|       Name      | BRAM_18K| DSP48E|   FF   |   LUT  |
+-----------------+---------+-------+--------+--------+
|DSP              |        -|      -|       -|       -|
|Expression       |        -|      -|       0|    1384|
|FIFO             |        -|      -|       -|       -|
|Instance         |        -|      -|       -|       -|
|Memory           |        -|      -|       -|       -|
|Multiplexer      |        -|      -|       -|       -|
|Register         |        -|      -|      94|       -|
+-----------------+---------+-------+--------+--------+
|Total            |        0|      0|      94|    1384|
+-----------------+---------+-------+--------+--------+
|Available        |     2940|   3600|  866400|  433200|
+-----------------+---------+-------+--------+--------+
|Utilization (%)  |        0|      0|   ~0   |   ~0   |
+-----------------+---------+-------+--------+--------+

+ Detail: 
    * Instance: 
    N/A

    * DSP48: 
    N/A

    * Memory: 
    N/A

    * FIFO: 
    N/A

    * Expression: 
    +-----------------------------+----------+-------+---+----+------------+------------+
    |        Variable Name        | Operation| DSP48E| FF| LUT| Bitwidth P0| Bitwidth P1|
    +-----------------------------+----------+-------+---+----+------------+------------+
    |loc_V_1_fu_246_p2            |     +    |      0|  0|  12|           2|           3|
    |res_I_V_fu_1512_p2           |     +    |      0|  0|  23|           1|          16|
    |loc_V_1_10_trunc_fu_1056_p2  |     -    |      0|  0|  20|          13|          13|
    |loc_V_1_11_trunc_fu_1138_p2  |     -    |      0|  0|  21|          14|          14|
    |loc_V_1_12_trunc_fu_1220_p2  |     -    |      0|  0|  22|          15|          15|
    |loc_V_1_13_trunc_fu_1302_p2  |     -    |      0|  0|  23|          16|          16|
    |loc_V_1_14_trunc_fu_1384_p2  |     -    |      0|  0|  24|          17|          17|
    |loc_V_1_15_trunc_fu_1450_p2  |     -    |      0|  0|  25|          18|          18|
    |loc_V_1_1_trunc_fu_318_p2    |     -    |      0|  0|  13|           4|           4|
    |loc_V_1_2_trunc_fu_400_p2    |     -    |      0|  0|  15|           5|           5|
    |loc_V_1_3_trunc_fu_482_p2    |     -    |      0|  0|  15|           6|           6|
    |loc_V_1_4_trunc_fu_564_p2    |     -    |      0|  0|  15|           7|           7|
    |loc_V_1_5_trunc_fu_646_p2    |     -    |      0|  0|  15|           8|           8|
    |loc_V_1_6_trunc_fu_728_p2    |     -    |      0|  0|  16|           9|           9|
    |loc_V_1_7_trunc_fu_810_p2    |     -    |      0|  0|  17|          10|          10|
    |loc_V_1_8_trunc_fu_892_p2    |     -    |      0|  0|  18|          11|          11|
    |loc_V_1_9_trunc_fu_974_p2    |     -    |      0|  0|  19|          12|          12|
    |tmp_13_10_fu_1132_p2         |   icmp   |      0|  0|  13|          14|          14|
    |tmp_13_11_fu_1214_p2         |   icmp   |      0|  0|  13|          15|          15|
    |tmp_13_12_fu_1296_p2         |   icmp   |      0|  0|  13|          16|          16|
    |tmp_13_13_fu_1378_p2         |   icmp   |      0|  0|  18|          17|          17|
    |tmp_13_14_fu_1444_p2         |   icmp   |      0|  0|  18|          18|          18|
    |tmp_13_1_fu_312_p2           |   icmp   |      0|  0|   9|           4|           4|
    |tmp_13_2_fu_394_p2           |   icmp   |      0|  0|  11|           5|           5|
    |tmp_13_3_fu_476_p2           |   icmp   |      0|  0|  11|           6|           6|
    |tmp_13_4_fu_558_p2           |   icmp   |      0|  0|  11|           7|           7|
    |tmp_13_5_fu_640_p2           |   icmp   |      0|  0|  11|           8|           8|
    |tmp_13_6_fu_722_p2           |   icmp   |      0|  0|  13|           9|           9|
    |tmp_13_7_fu_804_p2           |   icmp   |      0|  0|  13|          10|          10|
    |tmp_13_8_fu_886_p2           |   icmp   |      0|  0|  13|          11|          11|
    |tmp_13_9_fu_968_p2           |   icmp   |      0|  0|  13|          12|          12|
    |tmp_13_s_fu_1050_p2          |   icmp   |      0|  0|  13|          13|          13|
    |tmp_18_fu_1506_p2            |   icmp   |      0|  0|  21|          35|          35|
    |tmp_3_fu_240_p2              |   icmp   |      0|  0|   8|           2|           1|
    |ap_return                    |  select  |      0|  0|  16|           1|           1|
    |p_Val2_s_67_fu_1518_p3       |  select  |      0|  0|  16|           1|          16|
    |res_I_1_10_fu_1166_p3        |  select  |      0|  0|  16|           1|          16|
    |res_I_1_11_fu_1248_p3        |  select  |      0|  0|  16|           1|          16|
    |res_I_1_12_fu_1330_p3        |  select  |      0|  0|  16|           1|          16|
    |res_I_1_13_fu_1412_p3        |  select  |      0|  0|  16|           1|          16|
    |res_I_1_14_fu_1478_p3        |  select  |      0|  0|  16|           1|          16|
    |res_I_1_1_fu_346_p3          |  select  |      0|  0|  16|           1|          16|
    |res_I_1_2_fu_428_p3          |  select  |      0|  0|  16|           1|          16|
    |res_I_1_3_fu_510_p3          |  select  |      0|  0|  16|           1|          16|
    |res_I_1_4_fu_592_p3          |  select  |      0|  0|  16|           1|          16|
    |res_I_1_5_fu_674_p3          |  select  |      0|  0|  16|           1|          16|
    |res_I_1_6_fu_756_p3          |  select  |      0|  0|  16|           1|          16|
    |res_I_1_7_fu_842_p3          |  select  |      0|  0|  16|           1|          16|
    |res_I_1_8_fu_920_p3          |  select  |      0|  0|  16|           1|          16|
    |res_I_1_9_fu_1002_p3         |  select  |      0|  0|  16|           1|          16|
    |res_I_1_fu_264_p3            |  select  |      0|  0|  17|           1|           1|
    |res_I_1_s_fu_1084_p3         |  select  |      0|  0|  16|           1|          16|
    |x_l_I_1_10_fu_1174_p3        |  select  |      0|  0|  35|           1|          35|
    |x_l_I_1_11_fu_1256_p3        |  select  |      0|  0|  35|           1|          35|
    |x_l_I_1_12_fu_1338_p3        |  select  |      0|  0|  35|           1|          35|
    |x_l_I_1_13_fu_1420_p3        |  select  |      0|  0|  35|           1|          35|
    |x_l_I_1_14_fu_1486_p3        |  select  |      0|  0|  35|           1|          35|
    |x_l_I_1_1_fu_354_p3          |  select  |      0|  0|  35|           1|          35|
    |x_l_I_1_2_fu_436_p3          |  select  |      0|  0|  35|           1|          35|
    |x_l_I_1_3_fu_518_p3          |  select  |      0|  0|  35|           1|          35|
    |x_l_I_1_4_fu_600_p3          |  select  |      0|  0|  35|           1|          35|
    |x_l_I_1_5_fu_682_p3          |  select  |      0|  0|  35|           1|          35|
    |x_l_I_1_6_fu_764_p3          |  select  |      0|  0|  35|           1|          35|
    |x_l_I_1_7_fu_848_p3          |  select  |      0|  0|  35|           1|          35|
    |x_l_I_1_8_fu_928_p3          |  select  |      0|  0|  35|           1|          35|
    |x_l_I_1_9_fu_1010_p3         |  select  |      0|  0|  35|           1|          35|
    |x_l_I_1_fu_272_p3            |  select  |      0|  0|  35|           1|          35|
    |x_l_I_1_s_fu_1092_p3         |  select  |      0|  0|  35|           1|          35|
    +-----------------------------+----------+-------+---+----+------------+------------+
    |Total                        |          |      0|  0|1384|         404|        1203|
    +-----------------------------+----------+-------+---+----+------------+------------+

    * Multiplexer: 
    N/A

    * Register: 
    +--------------------------+----+----+-----+-----------+
    |           Name           | FF | LUT| Bits| Const Bits|
    +--------------------------+----+----+-----+-----------+
    |loc_V_1_7_trunc_reg_1557  |  10|   0|   10|          0|
    |res_I_1_6_reg_1539        |  16|   0|   16|          0|
    |tmp_13_7_reg_1551         |   1|   0|    1|          0|
    |x_V_read_reg_1534         |  32|   0|   32|          0|
    |x_l_I_1_6_reg_1545        |  35|   0|   35|          0|
    +--------------------------+----+----+-----+-----------+
    |Total                     |  94|   0|   94|          0|
    +--------------------------+----+----+-----+-----------+



================================================================
== Interface
================================================================
* Summary: 
+-----------+-----+-----+------------+--------------------+--------------+
| RTL Ports | Dir | Bits|  Protocol  |    Source Object   |    C Type    |
+-----------+-----+-----+------------+--------------------+--------------+
|ap_clk     |  in |    1| ap_ctrl_hs | sqrt_fixed<32, 32> | return value |
|ap_rst     |  in |    1| ap_ctrl_hs | sqrt_fixed<32, 32> | return value |
|ap_return  | out |   16| ap_ctrl_hs | sqrt_fixed<32, 32> | return value |
|ap_ce      |  in |    1| ap_ctrl_hs | sqrt_fixed<32, 32> | return value |
|x_V        |  in |   32|   ap_none  |         x_V        |    scalar    |
+-----------+-----+-----+------------+--------------------+--------------+

