

================================================================
== Vivado HLS Report for 'Threshold'
================================================================
* Date:           Tue Dec  4 09:50:25 2018

* Version:        2018.2 (Build 2258646 on Thu Jun 14 20:25:20 MDT 2018)
* Project:        Hough
* Solution:       solution1
* Product family: virtex7
* Target device:  xc7vx690tffg1761-3


================================================================
== Performance Estimates
================================================================
+ Timing (ns): 
    * Summary: 
    +--------+-------+----------+------------+
    |  Clock | Target| Estimated| Uncertainty|
    +--------+-------+----------+------------+
    |ap_clk  |  20.00|     7.550|        2.50|
    +--------+-------+----------+------------+

+ Latency (clock cycles): 
    * Summary: 
    +-----+-------+-----+-------+---------+
    |   Latency   |   Interval  | Pipeline|
    | min |  max  | min |  max  |   Type  |
    +-----+-------+-----+-------+---------+
    |    1|  77521|    1|  77521|   none  |
    +-----+-------+-----+-------+---------+

    + Detail: 
        * Instance: 
        N/A

        * Loop: 
        +-------------+-----+-------+----------+-----------+-----------+---------+----------+
        |             |   Latency   | Iteration|  Initiation Interval  |   Trip  |          |
        |  Loop Name  | min |  max  |  Latency |  achieved |   target  |  Count  | Pipelined|
        +-------------+-----+-------+----------+-----------+-----------+---------+----------+
        |- Loop 1     |    0|  77520|  3 ~ 323 |          -|          -| 0 ~ 240 |    no    |
        | + Loop 1.1  |    0|    320|         2|          1|          1| 0 ~ 320 |    yes   |
        +-------------+-----+-------+----------+-----------+-----------+---------+----------+



================================================================
== Utilization Estimates
================================================================
* Summary: 
+-----------------+---------+-------+--------+--------+
|       Name      | BRAM_18K| DSP48E|   FF   |   LUT  |
+-----------------+---------+-------+--------+--------+
|DSP              |        -|      -|       -|       -|
|Expression       |        -|      -|       0|     181|
|FIFO             |        -|      -|       -|       -|
|Instance         |        -|      -|       -|       -|
|Memory           |        -|      -|       -|       -|
|Multiplexer      |        -|      -|       -|     114|
|Register         |        -|      -|     197|       -|
+-----------------+---------+-------+--------+--------+
|Total            |        0|      0|     197|     295|
+-----------------+---------+-------+--------+--------+
|Available        |     2940|   3600|  866400|  433200|
+-----------------+---------+-------+--------+--------+
|Utilization (%)  |        0|      0|   ~0   |   ~0   |
+-----------------+---------+-------+--------+--------+

+ Detail: 
    * Instance: 
    N/A

    * DSP48: 
    N/A

    * Memory: 
    N/A

    * FIFO: 
    N/A

    * Expression: 
    +----------------------------------+----------+-------+---+----+------------+------------+
    |           Variable Name          | Operation| DSP48E| FF| LUT| Bitwidth P0| Bitwidth P1|
    +----------------------------------+----------+-------+---+----+------------+------------+
    |i_fu_132_p2                       |     +    |      0|  0|  38|          31|           1|
    |j_fu_147_p2                       |     +    |      0|  0|  38|          31|           1|
    |xs_V_1_fu_153_p2                  |     -    |      0|  0|  23|           1|          16|
    |ap_block_pp0_stage0_01001         |    and   |      0|  0|   2|           1|           1|
    |tmp_26_i_fu_142_p2                |   icmp   |      0|  0|  18|          32|          32|
    |tmp_28_i_fu_189_p2                |   icmp   |      0|  0|  18|          32|          32|
    |tmp_i_fu_127_p2                   |   icmp   |      0|  0|  18|          32|          32|
    |ap_block_state1                   |    or    |      0|  0|   2|           1|           1|
    |ap_block_state4_pp0_stage0_iter1  |    or    |      0|  0|   2|           1|           1|
    |dst_data_stream_V_din             |  select  |      0|  0|   2|           1|           2|
    |val1_fu_177_p3                    |  select  |      0|  0|  16|           1|          16|
    |ap_enable_pp0                     |    xor   |      0|  0|   2|           1|           2|
    |ap_enable_reg_pp0_iter1           |    xor   |      0|  0|   2|           2|           1|
    +----------------------------------+----------+-------+---+----+------------+------------+
    |Total                             |          |      0|  0| 181|         167|         138|
    +----------------------------------+----------+-------+---+----+------------+------------+

    * Multiplexer: 
    +-------------------------+----+-----------+-----+-----------+
    |           Name          | LUT| Input Size| Bits| Total Bits|
    +-------------------------+----+-----------+-----+-----------+
    |ap_NS_fsm                |  27|          5|    1|          5|
    |ap_done                  |   9|          2|    1|          2|
    |ap_enable_reg_pp0_iter1  |  15|          3|    1|          3|
    |dst_data_stream_V_blk_n  |   9|          2|    1|          2|
    |i_i_reg_101              |   9|          2|   31|         62|
    |j_i_reg_112              |   9|          2|   31|         62|
    |src_cols_V_blk_n         |   9|          2|    1|          2|
    |src_data_stream_V_blk_n  |   9|          2|    1|          2|
    |src_rows_V_blk_n         |   9|          2|    1|          2|
    |thresh_blk_n             |   9|          2|    1|          2|
    +-------------------------+----+-----------+-----+-----------+
    |Total                    | 114|         24|   70|        144|
    +-------------------------+----+-----------+-----+-----------+

    * Register: 
    +-------------------------+----+----+-----+-----------+
    |           Name          | FF | LUT| Bits| Const Bits|
    +-------------------------+----+----+-----+-----------+
    |ap_CS_fsm                |   4|   0|    4|          0|
    |ap_done_reg              |   1|   0|    1|          0|
    |ap_enable_reg_pp0_iter0  |   1|   0|    1|          0|
    |ap_enable_reg_pp0_iter1  |   1|   0|    1|          0|
    |cols_reg_213             |  32|   0|   32|          0|
    |i_i_reg_101              |  31|   0|   31|          0|
    |i_reg_222                |  31|   0|   31|          0|
    |j_i_reg_112              |  31|   0|   31|          0|
    |rows_reg_208             |  32|   0|   32|          0|
    |thresh_read_reg_203      |  32|   0|   32|          0|
    |tmp_26_i_reg_227         |   1|   0|    1|          0|
    +-------------------------+----+----+-----+-----------+
    |Total                    | 197|   0|  197|          0|
    +-------------------------+----+----+-----+-----------+



================================================================
== Interface
================================================================
* Summary: 
+---------------------------+-----+-----+------------+-------------------+--------------+
|         RTL Ports         | Dir | Bits|  Protocol  |   Source Object   |    C Type    |
+---------------------------+-----+-----+------------+-------------------+--------------+
|ap_clk                     |  in |    1| ap_ctrl_hs |     Threshold     | return value |
|ap_rst                     |  in |    1| ap_ctrl_hs |     Threshold     | return value |
|ap_start                   |  in |    1| ap_ctrl_hs |     Threshold     | return value |
|ap_done                    | out |    1| ap_ctrl_hs |     Threshold     | return value |
|ap_continue                |  in |    1| ap_ctrl_hs |     Threshold     | return value |
|ap_idle                    | out |    1| ap_ctrl_hs |     Threshold     | return value |
|ap_ready                   | out |    1| ap_ctrl_hs |     Threshold     | return value |
|src_rows_V_dout            |  in |   32|   ap_fifo  |     src_rows_V    |    pointer   |
|src_rows_V_empty_n         |  in |    1|   ap_fifo  |     src_rows_V    |    pointer   |
|src_rows_V_read            | out |    1|   ap_fifo  |     src_rows_V    |    pointer   |
|src_cols_V_dout            |  in |   32|   ap_fifo  |     src_cols_V    |    pointer   |
|src_cols_V_empty_n         |  in |    1|   ap_fifo  |     src_cols_V    |    pointer   |
|src_cols_V_read            | out |    1|   ap_fifo  |     src_cols_V    |    pointer   |
|src_data_stream_V_dout     |  in |   16|   ap_fifo  | src_data_stream_V |    pointer   |
|src_data_stream_V_empty_n  |  in |    1|   ap_fifo  | src_data_stream_V |    pointer   |
|src_data_stream_V_read     | out |    1|   ap_fifo  | src_data_stream_V |    pointer   |
|dst_data_stream_V_din      | out |    8|   ap_fifo  | dst_data_stream_V |    pointer   |
|dst_data_stream_V_full_n   |  in |    1|   ap_fifo  | dst_data_stream_V |    pointer   |
|dst_data_stream_V_write    | out |    1|   ap_fifo  | dst_data_stream_V |    pointer   |
|thresh_dout                |  in |   32|   ap_fifo  |       thresh      |    pointer   |
|thresh_empty_n             |  in |    1|   ap_fifo  |       thresh      |    pointer   |
|thresh_read                | out |    1|   ap_fifo  |       thresh      |    pointer   |
+---------------------------+-----+-----+------------+-------------------+--------------+

