

================================================================
== Vivado HLS Report for 'FAST_t_opr'
================================================================
* Date:           Tue Dec  4 15:05:07 2018

* Version:        2018.2 (Build 2258646 on Thu Jun 14 20:25:20 MDT 2018)
* Project:        FAST
* Solution:       solution1
* Product family: virtex7
* Target device:  xc7vx690tffg1761-3


================================================================
== Performance Estimates
================================================================
+ Timing (ns): 
    * Summary: 
    +--------+-------+----------+------------+
    |  Clock | Target| Estimated| Uncertainty|
    +--------+-------+----------+------------+
    |ap_clk  |  20.00|    17.490|        2.50|
    +--------+-------+----------+------------+

+ Latency (clock cycles): 
    * Summary: 
    +-----+-----+-----+-----+---------+
    |  Latency  |  Interval | Pipeline|
    | min | max | min | max |   Type  |
    +-----+-----+-----+-----+---------+
    |    ?|    ?|    ?|    ?|   none  |
    +-----+-----+-----+-----+---------+

    + Detail: 
        * Instance: 
        +------------------------------+-----------+-----+-----+-----+-----+----------+
        |                              |           |  Latency  |  Interval | Pipeline |
        |           Instance           |   Module  | min | max | min | max |   Type   |
        +------------------------------+-----------+-----+-----+-----+-----+----------+
        |tmp_56_1_i_min_int_s_fu_672   |min_int_s  |    0|    0|    1|    1| function |
        |tmp_56_3_i_min_int_s_fu_678   |min_int_s  |    0|    0|    1|    1| function |
        |tmp_56_5_i_min_int_s_fu_684   |min_int_s  |    0|    0|    1|    1| function |
        |tmp_56_7_i_min_int_s_fu_690   |min_int_s  |    0|    0|    1|    1| function |
        |tmp_56_9_i_min_int_s_fu_696   |min_int_s  |    0|    0|    1|    1| function |
        |tmp_56_i_min_int_s_fu_702     |min_int_s  |    0|    0|    1|    1| function |
        |tmp_56_2_i_min_int_s_fu_708   |min_int_s  |    0|    0|    1|    1| function |
        |tmp_56_4_i_min_int_s_fu_714   |min_int_s  |    0|    0|    1|    1| function |
        |tmp_63_1_i_min_int_s_fu_720   |min_int_s  |    0|    0|    1|    1| function |
        |tmp_63_3_i_min_int_s_fu_726   |min_int_s  |    0|    0|    1|    1| function |
        |tmp_63_5_i_min_int_s_fu_732   |min_int_s  |    0|    0|    1|    1| function |
        |tmp_63_7_i_min_int_s_fu_738   |min_int_s  |    0|    0|    1|    1| function |
        |tmp_63_9_i_min_int_s_fu_744   |min_int_s  |    0|    0|    1|    1| function |
        |tmp_63_i_min_int_s_fu_750     |min_int_s  |    0|    0|    1|    1| function |
        |tmp_63_2_i_min_int_s_fu_756   |min_int_s  |    0|    0|    1|    1| function |
        |tmp_63_4_i_min_int_s_fu_762   |min_int_s  |    0|    0|    1|    1| function |
        |tmp_70_1_i_min_int_s_fu_768   |min_int_s  |    0|    0|    1|    1| function |
        |tmp_70_3_i_min_int_s_fu_774   |min_int_s  |    0|    0|    1|    1| function |
        |tmp_70_5_i_min_int_s_fu_780   |min_int_s  |    0|    0|    1|    1| function |
        |tmp_70_7_i_min_int_s_fu_786   |min_int_s  |    0|    0|    1|    1| function |
        |tmp_70_9_i_min_int_s_fu_792   |min_int_s  |    0|    0|    1|    1| function |
        |tmp_70_i_min_int_s_fu_798     |min_int_s  |    0|    0|    1|    1| function |
        |tmp_70_2_i_min_int_s_fu_804   |min_int_s  |    0|    0|    1|    1| function |
        |tmp_70_4_i_min_int_s_fu_810   |min_int_s  |    0|    0|    1|    1| function |
        |tmp_78_i_min_int_s_fu_816     |min_int_s  |    0|    0|    1|    1| function |
        |tmp_81_i_min_int_s_fu_822     |min_int_s  |    0|    0|    1|    1| function |
        |tmp_78_1_i_min_int_s_fu_828   |min_int_s  |    0|    0|    1|    1| function |
        |tmp_81_1_i_min_int_s_fu_834   |min_int_s  |    0|    0|    1|    1| function |
        |tmp_78_2_i_min_int_s_fu_840   |min_int_s  |    0|    0|    1|    1| function |
        |tmp_81_2_i_min_int_s_fu_846   |min_int_s  |    0|    0|    1|    1| function |
        |tmp_78_3_i_min_int_s_fu_852   |min_int_s  |    0|    0|    1|    1| function |
        |tmp_81_3_i_min_int_s_fu_858   |min_int_s  |    0|    0|    1|    1| function |
        |tmp_78_4_i_min_int_s_fu_864   |min_int_s  |    0|    0|    1|    1| function |
        |tmp_81_4_i_min_int_s_fu_870   |min_int_s  |    0|    0|    1|    1| function |
        |b0_1_i_min_int_s_fu_876       |min_int_s  |    0|    0|    1|    1| function |
        |b0_2_i_min_int_s_fu_882       |min_int_s  |    0|    0|    1|    1| function |
        |b0_1_1_i_min_int_s_fu_889     |min_int_s  |    0|    0|    1|    1| function |
        |b0_2_1_i_min_int_s_fu_896     |min_int_s  |    0|    0|    1|    1| function |
        |b0_1_2_i_min_int_s_fu_903     |min_int_s  |    0|    0|    1|    1| function |
        |b0_2_2_i_min_int_s_fu_910     |min_int_s  |    0|    0|    1|    1| function |
        |b0_1_3_i_min_int_s_fu_917     |min_int_s  |    0|    0|    1|    1| function |
        |b0_2_3_i_min_int_s_fu_924     |min_int_s  |    0|    0|    1|    1| function |
        |tmp_78_5_i_min_int_s_fu_931   |min_int_s  |    0|    0|    1|    1| function |
        |tmp_81_5_i_min_int_s_fu_937   |min_int_s  |    0|    0|    1|    1| function |
        |tmp_78_6_i_min_int_s_fu_943   |min_int_s  |    0|    0|    1|    1| function |
        |tmp_81_6_i_min_int_s_fu_949   |min_int_s  |    0|    0|    1|    1| function |
        |tmp_78_7_i_min_int_s_fu_955   |min_int_s  |    0|    0|    1|    1| function |
        |tmp_81_7_i_min_int_s_fu_961   |min_int_s  |    0|    0|    1|    1| function |
        |b0_1_4_i_min_int_s_fu_967     |min_int_s  |    0|    0|    1|    1| function |
        |b0_2_4_i_min_int_s_fu_973     |min_int_s  |    0|    0|    1|    1| function |
        |b0_1_5_i_min_int_s_fu_980     |min_int_s  |    0|    0|    1|    1| function |
        |b0_2_5_i_min_int_s_fu_987     |min_int_s  |    0|    0|    1|    1| function |
        |b0_1_6_i_min_int_s_fu_994     |min_int_s  |    0|    0|    1|    1| function |
        |b0_2_6_i_min_int_s_fu_1001    |min_int_s  |    0|    0|    1|    1| function |
        |b0_1_7_i_min_int_s_fu_1008    |min_int_s  |    0|    0|    1|    1| function |
        |b0_2_7_i_min_int_s_fu_1015    |min_int_s  |    0|    0|    1|    1| function |
        |tmp_58_1_i_max_int_s_fu_1022  |max_int_s  |    0|    0|    1|    1| function |
        |tmp_58_3_i_max_int_s_fu_1028  |max_int_s  |    0|    0|    1|    1| function |
        |tmp_58_5_i_max_int_s_fu_1034  |max_int_s  |    0|    0|    1|    1| function |
        |tmp_58_7_i_max_int_s_fu_1040  |max_int_s  |    0|    0|    1|    1| function |
        |tmp_58_9_i_max_int_s_fu_1046  |max_int_s  |    0|    0|    1|    1| function |
        |tmp_58_i_max_int_s_fu_1052    |max_int_s  |    0|    0|    1|    1| function |
        |tmp_58_2_i_max_int_s_fu_1058  |max_int_s  |    0|    0|    1|    1| function |
        |tmp_58_4_i_max_int_s_fu_1064  |max_int_s  |    0|    0|    1|    1| function |
        |tmp_65_1_i_max_int_s_fu_1070  |max_int_s  |    0|    0|    1|    1| function |
        |tmp_65_3_i_max_int_s_fu_1076  |max_int_s  |    0|    0|    1|    1| function |
        |tmp_65_5_i_max_int_s_fu_1082  |max_int_s  |    0|    0|    1|    1| function |
        |tmp_65_7_i_max_int_s_fu_1088  |max_int_s  |    0|    0|    1|    1| function |
        |tmp_65_9_i_max_int_s_fu_1094  |max_int_s  |    0|    0|    1|    1| function |
        |tmp_65_i_max_int_s_fu_1100    |max_int_s  |    0|    0|    1|    1| function |
        |tmp_65_2_i_max_int_s_fu_1106  |max_int_s  |    0|    0|    1|    1| function |
        |tmp_65_4_i_max_int_s_fu_1112  |max_int_s  |    0|    0|    1|    1| function |
        |tmp_72_1_i_max_int_s_fu_1118  |max_int_s  |    0|    0|    1|    1| function |
        |tmp_72_3_i_max_int_s_fu_1124  |max_int_s  |    0|    0|    1|    1| function |
        |tmp_72_5_i_max_int_s_fu_1130  |max_int_s  |    0|    0|    1|    1| function |
        |tmp_72_7_i_max_int_s_fu_1136  |max_int_s  |    0|    0|    1|    1| function |
        |tmp_72_9_i_max_int_s_fu_1142  |max_int_s  |    0|    0|    1|    1| function |
        |tmp_72_i_max_int_s_fu_1148    |max_int_s  |    0|    0|    1|    1| function |
        |tmp_72_2_i_max_int_s_fu_1154  |max_int_s  |    0|    0|    1|    1| function |
        |tmp_72_4_i_max_int_s_fu_1160  |max_int_s  |    0|    0|    1|    1| function |
        |a0_1_i_max_int_s_fu_1166      |max_int_s  |    0|    0|    1|    1| function |
        |a0_2_i_max_int_s_fu_1173      |max_int_s  |    0|    0|    1|    1| function |
        |a0_1_1_i_max_int_s_fu_1181    |max_int_s  |    0|    0|    1|    1| function |
        |a0_2_1_i_max_int_s_fu_1189    |max_int_s  |    0|    0|    1|    1| function |
        |a0_1_2_i_max_int_s_fu_1197    |max_int_s  |    0|    0|    1|    1| function |
        |a0_2_2_i_max_int_s_fu_1205    |max_int_s  |    0|    0|    1|    1| function |
        |a0_1_3_i_max_int_s_fu_1213    |max_int_s  |    0|    0|    1|    1| function |
        |a0_2_3_i_max_int_s_fu_1221    |max_int_s  |    0|    0|    1|    1| function |
        |tmp_86_i_max_int_s_fu_1229    |max_int_s  |    0|    0|    1|    1| function |
        |tmp_89_i_max_int_s_fu_1236    |max_int_s  |    0|    0|    1|    1| function |
        |tmp_86_1_i_max_int_s_fu_1243  |max_int_s  |    0|    0|    1|    1| function |
        |tmp_89_1_i_max_int_s_fu_1250  |max_int_s  |    0|    0|    1|    1| function |
        |tmp_86_2_i_max_int_s_fu_1257  |max_int_s  |    0|    0|    1|    1| function |
        |tmp_89_2_i_max_int_s_fu_1264  |max_int_s  |    0|    0|    1|    1| function |
        |tmp_86_3_i_max_int_s_fu_1271  |max_int_s  |    0|    0|    1|    1| function |
        |tmp_89_3_i_max_int_s_fu_1278  |max_int_s  |    0|    0|    1|    1| function |
        |tmp_86_4_i_max_int_s_fu_1285  |max_int_s  |    0|    0|    1|    1| function |
        |tmp_89_4_i_max_int_s_fu_1291  |max_int_s  |    0|    0|    1|    1| function |
        |a0_1_4_i_max_int_s_fu_1297    |max_int_s  |    0|    0|    1|    1| function |
        |a0_2_4_i_max_int_s_fu_1303    |max_int_s  |    0|    0|    1|    1| function |
        |a0_1_5_i_max_int_s_fu_1310    |max_int_s  |    0|    0|    1|    1| function |
        |a0_2_5_i_max_int_s_fu_1318    |max_int_s  |    0|    0|    1|    1| function |
        |a0_1_6_i_max_int_s_fu_1326    |max_int_s  |    0|    0|    1|    1| function |
        |a0_2_6_i_max_int_s_fu_1334    |max_int_s  |    0|    0|    1|    1| function |
        |a0_1_7_i_max_int_s_fu_1342    |max_int_s  |    0|    0|    1|    1| function |
        |a0_2_7_i_max_int_s_fu_1350    |max_int_s  |    0|    0|    1|    1| function |
        |tmp_86_5_i_max_int_s_fu_1358  |max_int_s  |    0|    0|    1|    1| function |
        |tmp_89_5_i_max_int_s_fu_1365  |max_int_s  |    0|    0|    1|    1| function |
        |tmp_86_6_i_max_int_s_fu_1372  |max_int_s  |    0|    0|    1|    1| function |
        |tmp_89_6_i_max_int_s_fu_1379  |max_int_s  |    0|    0|    1|    1| function |
        |tmp_86_7_i_max_int_s_fu_1386  |max_int_s  |    0|    0|    1|    1| function |
        |tmp_89_7_i_max_int_s_fu_1393  |max_int_s  |    0|    0|    1|    1| function |
        |tmp_23_i_max_int_s_fu_1400    |max_int_s  |    0|    0|    1|    1| function |
        |grp_reg_int_s_fu_3724         |reg_int_s  |    1|    1|    1|    1| function |
        |grp_reg_int_s_fu_3732         |reg_int_s  |    1|    1|    1|    1| function |
        |grp_reg_int_s_fu_3740         |reg_int_s  |    1|    1|    1|    1| function |
        |grp_reg_int_s_fu_3748         |reg_int_s  |    1|    1|    1|    1| function |
        |grp_reg_int_s_fu_3756         |reg_int_s  |    1|    1|    1|    1| function |
        |grp_reg_int_s_fu_3764         |reg_int_s  |    1|    1|    1|    1| function |
        |grp_reg_int_s_fu_3772         |reg_int_s  |    1|    1|    1|    1| function |
        |grp_reg_int_s_fu_3780         |reg_int_s  |    1|    1|    1|    1| function |
        |grp_reg_int_s_fu_3788         |reg_int_s  |    1|    1|    1|    1| function |
        |grp_reg_int_s_fu_3796         |reg_int_s  |    1|    1|    1|    1| function |
        |grp_reg_int_s_fu_3804         |reg_int_s  |    1|    1|    1|    1| function |
        |grp_reg_int_s_fu_3812         |reg_int_s  |    1|    1|    1|    1| function |
        |grp_reg_int_s_fu_3820         |reg_int_s  |    1|    1|    1|    1| function |
        |grp_reg_int_s_fu_3828         |reg_int_s  |    1|    1|    1|    1| function |
        |grp_reg_int_s_fu_3836         |reg_int_s  |    1|    1|    1|    1| function |
        |grp_reg_int_s_fu_3844         |reg_int_s  |    1|    1|    1|    1| function |
        |grp_reg_int_s_fu_3852         |reg_int_s  |    1|    1|    1|    1| function |
        |grp_reg_int_s_fu_3860         |reg_int_s  |    1|    1|    1|    1| function |
        |grp_reg_int_s_fu_3868         |reg_int_s  |    1|    1|    1|    1| function |
        |grp_reg_int_s_fu_3876         |reg_int_s  |    1|    1|    1|    1| function |
        |grp_reg_int_s_fu_3884         |reg_int_s  |    1|    1|    1|    1| function |
        |grp_reg_int_s_fu_3892         |reg_int_s  |    1|    1|    1|    1| function |
        |grp_reg_int_s_fu_3900         |reg_int_s  |    1|    1|    1|    1| function |
        |grp_reg_int_s_fu_3908         |reg_int_s  |    1|    1|    1|    1| function |
        |grp_reg_int_s_fu_3916         |reg_int_s  |    1|    1|    1|    1| function |
        |grp_reg_int_s_fu_3924         |reg_int_s  |    1|    1|    1|    1| function |
        |grp_reg_int_s_fu_3932         |reg_int_s  |    1|    1|    1|    1| function |
        |grp_reg_int_s_fu_3940         |reg_int_s  |    1|    1|    1|    1| function |
        |grp_reg_int_s_fu_3948         |reg_int_s  |    1|    1|    1|    1| function |
        |grp_reg_int_s_fu_3956         |reg_int_s  |    1|    1|    1|    1| function |
        |grp_reg_int_s_fu_3964         |reg_int_s  |    1|    1|    1|    1| function |
        |grp_reg_int_s_fu_3972         |reg_int_s  |    1|    1|    1|    1| function |
        |grp_reg_int_s_fu_3980         |reg_int_s  |    1|    1|    1|    1| function |
        |grp_reg_int_s_fu_3988         |reg_int_s  |    1|    1|    1|    1| function |
        |grp_reg_int_s_fu_3996         |reg_int_s  |    1|    1|    1|    1| function |
        |grp_reg_int_s_fu_4004         |reg_int_s  |    1|    1|    1|    1| function |
        |grp_reg_int_s_fu_4012         |reg_int_s  |    1|    1|    1|    1| function |
        |grp_reg_int_s_fu_4020         |reg_int_s  |    1|    1|    1|    1| function |
        |grp_reg_int_s_fu_4028         |reg_int_s  |    1|    1|    1|    1| function |
        |grp_reg_int_s_fu_4036         |reg_int_s  |    1|    1|    1|    1| function |
        |grp_reg_int_s_fu_4044         |reg_int_s  |    1|    1|    1|    1| function |
        |grp_reg_int_s_fu_4052         |reg_int_s  |    1|    1|    1|    1| function |
        |grp_reg_int_s_fu_4060         |reg_int_s  |    1|    1|    1|    1| function |
        |grp_reg_int_s_fu_4067         |reg_int_s  |    1|    1|    1|    1| function |
        |grp_reg_int_s_fu_4074         |reg_int_s  |    1|    1|    1|    1| function |
        |grp_reg_int_s_fu_4081         |reg_int_s  |    1|    1|    1|    1| function |
        |grp_reg_int_s_fu_4088         |reg_int_s  |    1|    1|    1|    1| function |
        |grp_reg_int_s_fu_4095         |reg_int_s  |    1|    1|    1|    1| function |
        +------------------------------+-----------+-----+-----+-----+-----+----------+

        * Loop: 
        +---------------+-----+------+----------+-----------+-----------+----------+----------+
        |               |   Latency  | Iteration|  Initiation Interval  |   Trip   |          |
        |   Loop Name   | min |  max |  Latency |  achieved |   target  |   Count  | Pipelined|
        +---------------+-----+------+----------+-----------+-----------+----------+----------+
        |- Loop 1       |    0|  2006| 3 ~ 1003 |          -|          -|   0 ~ 2  |    no    |
        | + Loop 1.1    |    0|  1000|         1|          1|          1| 0 ~ 1000 |    yes   |
        |- loop_height  |    ?|     ?|         ?|          -|          -|         ?|    no    |
        | + loop_width  |    ?|     ?|         9|          1|          1|         ?|    yes   |
        +---------------+-----+------+----------+-----------+-----------+----------+----------+



================================================================
== Utilization Estimates
================================================================
* Summary: 
+-----------------+---------+-------+--------+--------+
|       Name      | BRAM_18K| DSP48E|   FF   |   LUT  |
+-----------------+---------+-------+--------+--------+
|DSP              |        -|      -|       -|       -|
|Expression       |        -|      -|       0|    2462|
|FIFO             |        -|      -|       -|       -|
|Instance         |        -|      -|    1536|    5650|
|Memory           |        8|      -|       0|       0|
|Multiplexer      |        -|      -|       -|     272|
|Register         |        0|      -|    3512|     672|
+-----------------+---------+-------+--------+--------+
|Total            |        8|      0|    5048|    9056|
+-----------------+---------+-------+--------+--------+
|Available        |     2940|   3600|  866400|  433200|
+-----------------+---------+-------+--------+--------+
|Utilization (%)  |    ~0   |      0|   ~0   |       2|
+-----------------+---------+-------+--------+--------+

+ Detail: 
    * Instance: 
    +------------------------------+-----------+---------+-------+----+----+
    |           Instance           |   Module  | BRAM_18K| DSP48E| FF | LUT|
    +------------------------------+-----------+---------+-------+----+----+
    |tmp_58_1_i_max_int_s_fu_1022  |max_int_s  |        0|      0|   0|  50|
    |tmp_58_3_i_max_int_s_fu_1028  |max_int_s  |        0|      0|   0|  50|
    |tmp_58_5_i_max_int_s_fu_1034  |max_int_s  |        0|      0|   0|  50|
    |tmp_58_7_i_max_int_s_fu_1040  |max_int_s  |        0|      0|   0|  50|
    |tmp_58_9_i_max_int_s_fu_1046  |max_int_s  |        0|      0|   0|  50|
    |tmp_58_i_max_int_s_fu_1052    |max_int_s  |        0|      0|   0|  50|
    |tmp_58_2_i_max_int_s_fu_1058  |max_int_s  |        0|      0|   0|  50|
    |tmp_58_4_i_max_int_s_fu_1064  |max_int_s  |        0|      0|   0|  50|
    |tmp_65_1_i_max_int_s_fu_1070  |max_int_s  |        0|      0|   0|  50|
    |tmp_65_3_i_max_int_s_fu_1076  |max_int_s  |        0|      0|   0|  50|
    |tmp_65_5_i_max_int_s_fu_1082  |max_int_s  |        0|      0|   0|  50|
    |tmp_65_7_i_max_int_s_fu_1088  |max_int_s  |        0|      0|   0|  50|
    |tmp_65_9_i_max_int_s_fu_1094  |max_int_s  |        0|      0|   0|  50|
    |tmp_65_i_max_int_s_fu_1100    |max_int_s  |        0|      0|   0|  50|
    |tmp_65_2_i_max_int_s_fu_1106  |max_int_s  |        0|      0|   0|  50|
    |tmp_65_4_i_max_int_s_fu_1112  |max_int_s  |        0|      0|   0|  50|
    |tmp_72_1_i_max_int_s_fu_1118  |max_int_s  |        0|      0|   0|  50|
    |tmp_72_3_i_max_int_s_fu_1124  |max_int_s  |        0|      0|   0|  50|
    |tmp_72_5_i_max_int_s_fu_1130  |max_int_s  |        0|      0|   0|  50|
    |tmp_72_7_i_max_int_s_fu_1136  |max_int_s  |        0|      0|   0|  50|
    |tmp_72_9_i_max_int_s_fu_1142  |max_int_s  |        0|      0|   0|  50|
    |tmp_72_i_max_int_s_fu_1148    |max_int_s  |        0|      0|   0|  50|
    |tmp_72_2_i_max_int_s_fu_1154  |max_int_s  |        0|      0|   0|  50|
    |tmp_72_4_i_max_int_s_fu_1160  |max_int_s  |        0|      0|   0|  50|
    |a0_1_i_max_int_s_fu_1166      |max_int_s  |        0|      0|   0|  50|
    |a0_2_i_max_int_s_fu_1173      |max_int_s  |        0|      0|   0|  50|
    |a0_1_1_i_max_int_s_fu_1181    |max_int_s  |        0|      0|   0|  50|
    |a0_2_1_i_max_int_s_fu_1189    |max_int_s  |        0|      0|   0|  50|
    |a0_1_2_i_max_int_s_fu_1197    |max_int_s  |        0|      0|   0|  50|
    |a0_2_2_i_max_int_s_fu_1205    |max_int_s  |        0|      0|   0|  50|
    |a0_1_3_i_max_int_s_fu_1213    |max_int_s  |        0|      0|   0|  50|
    |a0_2_3_i_max_int_s_fu_1221    |max_int_s  |        0|      0|   0|  50|
    |tmp_86_i_max_int_s_fu_1229    |max_int_s  |        0|      0|   0|  50|
    |tmp_89_i_max_int_s_fu_1236    |max_int_s  |        0|      0|   0|  50|
    |tmp_86_1_i_max_int_s_fu_1243  |max_int_s  |        0|      0|   0|  50|
    |tmp_89_1_i_max_int_s_fu_1250  |max_int_s  |        0|      0|   0|  50|
    |tmp_86_2_i_max_int_s_fu_1257  |max_int_s  |        0|      0|   0|  50|
    |tmp_89_2_i_max_int_s_fu_1264  |max_int_s  |        0|      0|   0|  50|
    |tmp_86_3_i_max_int_s_fu_1271  |max_int_s  |        0|      0|   0|  50|
    |tmp_89_3_i_max_int_s_fu_1278  |max_int_s  |        0|      0|   0|  50|
    |tmp_86_4_i_max_int_s_fu_1285  |max_int_s  |        0|      0|   0|  50|
    |tmp_89_4_i_max_int_s_fu_1291  |max_int_s  |        0|      0|   0|  50|
    |a0_1_4_i_max_int_s_fu_1297    |max_int_s  |        0|      0|   0|  50|
    |a0_2_4_i_max_int_s_fu_1303    |max_int_s  |        0|      0|   0|  50|
    |a0_1_5_i_max_int_s_fu_1310    |max_int_s  |        0|      0|   0|  50|
    |a0_2_5_i_max_int_s_fu_1318    |max_int_s  |        0|      0|   0|  50|
    |a0_1_6_i_max_int_s_fu_1326    |max_int_s  |        0|      0|   0|  50|
    |a0_2_6_i_max_int_s_fu_1334    |max_int_s  |        0|      0|   0|  50|
    |a0_1_7_i_max_int_s_fu_1342    |max_int_s  |        0|      0|   0|  50|
    |a0_2_7_i_max_int_s_fu_1350    |max_int_s  |        0|      0|   0|  50|
    |tmp_86_5_i_max_int_s_fu_1358  |max_int_s  |        0|      0|   0|  50|
    |tmp_89_5_i_max_int_s_fu_1365  |max_int_s  |        0|      0|   0|  50|
    |tmp_86_6_i_max_int_s_fu_1372  |max_int_s  |        0|      0|   0|  50|
    |tmp_89_6_i_max_int_s_fu_1379  |max_int_s  |        0|      0|   0|  50|
    |tmp_86_7_i_max_int_s_fu_1386  |max_int_s  |        0|      0|   0|  50|
    |tmp_89_7_i_max_int_s_fu_1393  |max_int_s  |        0|      0|   0|  50|
    |tmp_23_i_max_int_s_fu_1400    |max_int_s  |        0|      0|   0|  50|
    |tmp_56_1_i_min_int_s_fu_672   |min_int_s  |        0|      0|   0|  50|
    |tmp_56_3_i_min_int_s_fu_678   |min_int_s  |        0|      0|   0|  50|
    |tmp_56_5_i_min_int_s_fu_684   |min_int_s  |        0|      0|   0|  50|
    |tmp_56_7_i_min_int_s_fu_690   |min_int_s  |        0|      0|   0|  50|
    |tmp_56_9_i_min_int_s_fu_696   |min_int_s  |        0|      0|   0|  50|
    |tmp_56_i_min_int_s_fu_702     |min_int_s  |        0|      0|   0|  50|
    |tmp_56_2_i_min_int_s_fu_708   |min_int_s  |        0|      0|   0|  50|
    |tmp_56_4_i_min_int_s_fu_714   |min_int_s  |        0|      0|   0|  50|
    |tmp_63_1_i_min_int_s_fu_720   |min_int_s  |        0|      0|   0|  50|
    |tmp_63_3_i_min_int_s_fu_726   |min_int_s  |        0|      0|   0|  50|
    |tmp_63_5_i_min_int_s_fu_732   |min_int_s  |        0|      0|   0|  50|
    |tmp_63_7_i_min_int_s_fu_738   |min_int_s  |        0|      0|   0|  50|
    |tmp_63_9_i_min_int_s_fu_744   |min_int_s  |        0|      0|   0|  50|
    |tmp_63_i_min_int_s_fu_750     |min_int_s  |        0|      0|   0|  50|
    |tmp_63_2_i_min_int_s_fu_756   |min_int_s  |        0|      0|   0|  50|
    |tmp_63_4_i_min_int_s_fu_762   |min_int_s  |        0|      0|   0|  50|
    |tmp_70_1_i_min_int_s_fu_768   |min_int_s  |        0|      0|   0|  50|
    |tmp_70_3_i_min_int_s_fu_774   |min_int_s  |        0|      0|   0|  50|
    |tmp_70_5_i_min_int_s_fu_780   |min_int_s  |        0|      0|   0|  50|
    |tmp_70_7_i_min_int_s_fu_786   |min_int_s  |        0|      0|   0|  50|
    |tmp_70_9_i_min_int_s_fu_792   |min_int_s  |        0|      0|   0|  50|
    |tmp_70_i_min_int_s_fu_798     |min_int_s  |        0|      0|   0|  50|
    |tmp_70_2_i_min_int_s_fu_804   |min_int_s  |        0|      0|   0|  50|
    |tmp_70_4_i_min_int_s_fu_810   |min_int_s  |        0|      0|   0|  50|
    |tmp_78_i_min_int_s_fu_816     |min_int_s  |        0|      0|   0|  50|
    |tmp_81_i_min_int_s_fu_822     |min_int_s  |        0|      0|   0|  50|
    |tmp_78_1_i_min_int_s_fu_828   |min_int_s  |        0|      0|   0|  50|
    |tmp_81_1_i_min_int_s_fu_834   |min_int_s  |        0|      0|   0|  50|
    |tmp_78_2_i_min_int_s_fu_840   |min_int_s  |        0|      0|   0|  50|
    |tmp_81_2_i_min_int_s_fu_846   |min_int_s  |        0|      0|   0|  50|
    |tmp_78_3_i_min_int_s_fu_852   |min_int_s  |        0|      0|   0|  50|
    |tmp_81_3_i_min_int_s_fu_858   |min_int_s  |        0|      0|   0|  50|
    |tmp_78_4_i_min_int_s_fu_864   |min_int_s  |        0|      0|   0|  50|
    |tmp_81_4_i_min_int_s_fu_870   |min_int_s  |        0|      0|   0|  50|
    |b0_1_i_min_int_s_fu_876       |min_int_s  |        0|      0|   0|  50|
    |b0_2_i_min_int_s_fu_882       |min_int_s  |        0|      0|   0|  50|
    |b0_1_1_i_min_int_s_fu_889     |min_int_s  |        0|      0|   0|  50|
    |b0_2_1_i_min_int_s_fu_896     |min_int_s  |        0|      0|   0|  50|
    |b0_1_2_i_min_int_s_fu_903     |min_int_s  |        0|      0|   0|  50|
    |b0_2_2_i_min_int_s_fu_910     |min_int_s  |        0|      0|   0|  50|
    |b0_1_3_i_min_int_s_fu_917     |min_int_s  |        0|      0|   0|  50|
    |b0_2_3_i_min_int_s_fu_924     |min_int_s  |        0|      0|   0|  50|
    |tmp_78_5_i_min_int_s_fu_931   |min_int_s  |        0|      0|   0|  50|
    |tmp_81_5_i_min_int_s_fu_937   |min_int_s  |        0|      0|   0|  50|
    |tmp_78_6_i_min_int_s_fu_943   |min_int_s  |        0|      0|   0|  50|
    |tmp_81_6_i_min_int_s_fu_949   |min_int_s  |        0|      0|   0|  50|
    |tmp_78_7_i_min_int_s_fu_955   |min_int_s  |        0|      0|   0|  50|
    |tmp_81_7_i_min_int_s_fu_961   |min_int_s  |        0|      0|   0|  50|
    |b0_1_4_i_min_int_s_fu_967     |min_int_s  |        0|      0|   0|  50|
    |b0_2_4_i_min_int_s_fu_973     |min_int_s  |        0|      0|   0|  50|
    |b0_1_5_i_min_int_s_fu_980     |min_int_s  |        0|      0|   0|  50|
    |b0_2_5_i_min_int_s_fu_987     |min_int_s  |        0|      0|   0|  50|
    |b0_1_6_i_min_int_s_fu_994     |min_int_s  |        0|      0|   0|  50|
    |b0_2_6_i_min_int_s_fu_1001    |min_int_s  |        0|      0|   0|  50|
    |b0_1_7_i_min_int_s_fu_1008    |min_int_s  |        0|      0|   0|  50|
    |b0_2_7_i_min_int_s_fu_1015    |min_int_s  |        0|      0|   0|  50|
    |grp_reg_int_s_fu_3724         |reg_int_s  |        0|      0|  32|   0|
    |grp_reg_int_s_fu_3732         |reg_int_s  |        0|      0|  32|   0|
    |grp_reg_int_s_fu_3740         |reg_int_s  |        0|      0|  32|   0|
    |grp_reg_int_s_fu_3748         |reg_int_s  |        0|      0|  32|   0|
    |grp_reg_int_s_fu_3756         |reg_int_s  |        0|      0|  32|   0|
    |grp_reg_int_s_fu_3764         |reg_int_s  |        0|      0|  32|   0|
    |grp_reg_int_s_fu_3772         |reg_int_s  |        0|      0|  32|   0|
    |grp_reg_int_s_fu_3780         |reg_int_s  |        0|      0|  32|   0|
    |grp_reg_int_s_fu_3788         |reg_int_s  |        0|      0|  32|   0|
    |grp_reg_int_s_fu_3796         |reg_int_s  |        0|      0|  32|   0|
    |grp_reg_int_s_fu_3804         |reg_int_s  |        0|      0|  32|   0|
    |grp_reg_int_s_fu_3812         |reg_int_s  |        0|      0|  32|   0|
    |grp_reg_int_s_fu_3820         |reg_int_s  |        0|      0|  32|   0|
    |grp_reg_int_s_fu_3828         |reg_int_s  |        0|      0|  32|   0|
    |grp_reg_int_s_fu_3836         |reg_int_s  |        0|      0|  32|   0|
    |grp_reg_int_s_fu_3844         |reg_int_s  |        0|      0|  32|   0|
    |grp_reg_int_s_fu_3852         |reg_int_s  |        0|      0|  32|   0|
    |grp_reg_int_s_fu_3860         |reg_int_s  |        0|      0|  32|   0|
    |grp_reg_int_s_fu_3868         |reg_int_s  |        0|      0|  32|   0|
    |grp_reg_int_s_fu_3876         |reg_int_s  |        0|      0|  32|   0|
    |grp_reg_int_s_fu_3884         |reg_int_s  |        0|      0|  32|   0|
    |grp_reg_int_s_fu_3892         |reg_int_s  |        0|      0|  32|   0|
    |grp_reg_int_s_fu_3900         |reg_int_s  |        0|      0|  32|   0|
    |grp_reg_int_s_fu_3908         |reg_int_s  |        0|      0|  32|   0|
    |grp_reg_int_s_fu_3916         |reg_int_s  |        0|      0|  32|   0|
    |grp_reg_int_s_fu_3924         |reg_int_s  |        0|      0|  32|   0|
    |grp_reg_int_s_fu_3932         |reg_int_s  |        0|      0|  32|   0|
    |grp_reg_int_s_fu_3940         |reg_int_s  |        0|      0|  32|   0|
    |grp_reg_int_s_fu_3948         |reg_int_s  |        0|      0|  32|   0|
    |grp_reg_int_s_fu_3956         |reg_int_s  |        0|      0|  32|   0|
    |grp_reg_int_s_fu_3964         |reg_int_s  |        0|      0|  32|   0|
    |grp_reg_int_s_fu_3972         |reg_int_s  |        0|      0|  32|   0|
    |grp_reg_int_s_fu_3980         |reg_int_s  |        0|      0|  32|   0|
    |grp_reg_int_s_fu_3988         |reg_int_s  |        0|      0|  32|   0|
    |grp_reg_int_s_fu_3996         |reg_int_s  |        0|      0|  32|   0|
    |grp_reg_int_s_fu_4004         |reg_int_s  |        0|      0|  32|   0|
    |grp_reg_int_s_fu_4012         |reg_int_s  |        0|      0|  32|   0|
    |grp_reg_int_s_fu_4020         |reg_int_s  |        0|      0|  32|   0|
    |grp_reg_int_s_fu_4028         |reg_int_s  |        0|      0|  32|   0|
    |grp_reg_int_s_fu_4036         |reg_int_s  |        0|      0|  32|   0|
    |grp_reg_int_s_fu_4044         |reg_int_s  |        0|      0|  32|   0|
    |grp_reg_int_s_fu_4052         |reg_int_s  |        0|      0|  32|   0|
    |grp_reg_int_s_fu_4060         |reg_int_s  |        0|      0|  32|   0|
    |grp_reg_int_s_fu_4067         |reg_int_s  |        0|      0|  32|   0|
    |grp_reg_int_s_fu_4074         |reg_int_s  |        0|      0|  32|   0|
    |grp_reg_int_s_fu_4081         |reg_int_s  |        0|      0|  32|   0|
    |grp_reg_int_s_fu_4088         |reg_int_s  |        0|      0|  32|   0|
    |grp_reg_int_s_fu_4095         |reg_int_s  |        0|      0|  32|   0|
    +------------------------------+-----------+---------+-------+----+----+
    |Total                         |           |        0|      0|1536|5650|
    +------------------------------+-----------+---------+-------+----+----+

    * DSP48: 
    N/A

    * Memory: 
    +--------------------+----------------------+---------+---+----+------+-----+------+-------------+
    |       Memory       |        Module        | BRAM_18K| FF| LUT| Words| Bits| Banks| W*Bits*Banks|
    +--------------------+----------------------+---------+---+----+------+-----+------+-------------+
    |core_buf_val_0_V_U  |FAST_t_opr_core_bkbM  |        1|  0|   0|   327|   16|     1|         5232|
    |core_buf_val_1_V_U  |FAST_t_opr_core_bkbM  |        1|  0|   0|   327|   16|     1|         5232|
    |k_buf_val_0_V_U     |FAST_t_opr_k_buf_eOg  |        1|  0|   0|   320|    8|     1|         2560|
    |k_buf_val_1_V_U     |FAST_t_opr_k_buf_eOg  |        1|  0|   0|   320|    8|     1|         2560|
    |k_buf_val_2_V_U     |FAST_t_opr_k_buf_eOg  |        1|  0|   0|   320|    8|     1|         2560|
    |k_buf_val_3_V_U     |FAST_t_opr_k_buf_eOg  |        1|  0|   0|   320|    8|     1|         2560|
    |k_buf_val_4_V_U     |FAST_t_opr_k_buf_eOg  |        1|  0|   0|   320|    8|     1|         2560|
    |k_buf_val_5_V_U     |FAST_t_opr_k_buf_eOg  |        1|  0|   0|   320|    8|     1|         2560|
    +--------------------+----------------------+---------+---+----+------+-----+------+-------------+
    |Total               |                      |        8|  0|   0|  2574|   80|     8|        25824|
    +--------------------+----------------------+---------+---+----+------+-----+------+-------------+

    * FIFO: 
    N/A

    * Expression: 
    +------------------------------------+----------+-------+---+----+------------+------------+
    |            Variable Name           | Operation| DSP48E| FF| LUT| Bitwidth P0| Bitwidth P1|
    +------------------------------------+----------+-------+---+----+------------+------------+
    |count_1_i_fu_3101_p2                |     +    |      0|  0|  13|           4|           1|
    |count_2_i_fu_3217_p2                |     +    |      0|  0|  15|           5|           1|
    |count_3_i_fu_3417_p2                |     +    |      0|  0|  15|           5|           1|
    |count_4_i_fu_3482_p2                |     +    |      0|  0|  15|           5|           1|
    |count_5_i_fu_3552_p2                |     +    |      0|  0|  15|           5|           1|
    |count_6_i_fu_3622_p2                |     +    |      0|  0|  15|           5|           1|
    |count_8_i_fu_2883_p2                |     +    |      0|  0|  13|           4|           1|
    |count_i_fu_2989_p2                  |     +    |      0|  0|  13|           4|           1|
    |i_V_fu_1497_p2                      |     +    |      0|  0|  39|          32|           1|
    |i_fu_1425_p2                        |     +    |      0|  0|  10|           2|           1|
    |index_fu_4276_p2                    |     +    |      0|  0|  39|           1|          32|
    |j_V_fu_1540_p2                      |     +    |      0|  0|  39|          32|           1|
    |j_fu_1471_p2                        |     +    |      0|  0|  17|          10|           1|
    |next_mul_fu_1410_p2                 |     +    |      0|  0|  19|          12|          10|
    |phitmp2_i_fu_2895_p2                |     +    |      0|  0|  13|           4|           2|
    |phitmp3_i_fu_3001_p2                |     +    |      0|  0|  13|           4|           2|
    |phitmp4_i_fu_3113_p2                |     +    |      0|  0|  13|           4|           2|
    |phitmp5_i_fu_3229_p2                |     +    |      0|  0|  15|           5|           2|
    |phitmp6_i_fu_3429_p2                |     +    |      0|  0|  15|           5|           2|
    |phitmp7_i_fu_3494_p2                |     +    |      0|  0|  15|           5|           2|
    |phitmp8_i_fu_3564_p2                |     +    |      0|  0|  15|           5|           2|
    |phitmp9_i_fu_3634_p2                |     +    |      0|  0|  15|           5|           2|
    |phitmp_i_fu_4119_p2                 |     +    |      0|  0|  23|           2|          16|
    |tmp_12_i_fu_1518_p2                 |     +    |      0|  0|  23|           4|          16|
    |tmp_16_fu_1481_p2                   |     +    |      0|  0|  19|          12|          12|
    |tmp_18_fu_4302_p2                   |     +    |      0|  0|  19|          10|          12|
    |tmp_30_i_fu_4286_p2                 |     +    |      0|  0|  23|           4|          16|
    |tmp_9_i_fu_1431_p2                  |     +    |      0|  0|  39|          32|           3|
    |tmp_i_28_fu_1436_p2                 |     +    |      0|  0|  39|          32|           3|
    |r_V_1_i_fu_2043_p2                  |     -    |      0|  0|  16|           9|           9|
    |r_V_2_i_fu_2127_p2                  |     -    |      0|  0|  16|           9|           9|
    |r_V_3_i_fu_2211_p2                  |     -    |      0|  0|  16|           9|           9|
    |r_V_4_i_fu_2295_p2                  |     -    |      0|  0|  16|           9|           9|
    |r_V_5_i_fu_2379_p2                  |     -    |      0|  0|  16|           9|           9|
    |r_V_6_1_i_fu_2053_p2                |     -    |      0|  0|  16|           9|           9|
    |r_V_6_2_i_fu_2137_p2                |     -    |      0|  0|  16|           9|           9|
    |r_V_6_3_i_fu_2221_p2                |     -    |      0|  0|  16|           9|           9|
    |r_V_6_4_i_fu_2305_p2                |     -    |      0|  0|  16|           9|           9|
    |r_V_6_5_i_fu_2389_p2                |     -    |      0|  0|  16|           9|           9|
    |r_V_6_6_i_fu_2473_p2                |     -    |      0|  0|  16|           9|           9|
    |r_V_6_7_i_fu_2557_p2                |     -    |      0|  0|  16|           9|           9|
    |r_V_6_i_fu_1969_p2                  |     -    |      0|  0|  16|           9|           9|
    |r_V_8_i_fu_2547_p2                  |     -    |      0|  0|  16|           9|           9|
    |r_V_fu_1447_p2                      |     -    |      0|  0|  16|           1|           9|
    |r_V_i_31_fu_2463_p2                 |     -    |      0|  0|  16|           9|           9|
    |r_V_i_fu_1959_p2                    |     -    |      0|  0|  16|           9|           9|
    |tmp_23_i_max_int_s_fu_1400_y        |     -    |      0|  0|  39|           1|          32|
    |ap_block_pp1_stage0_11001           |    and   |      0|  0|   2|           1|           1|
    |ap_block_state7_pp1_stage0_iter1    |    and   |      0|  0|   2|           1|           1|
    |ap_condition_1444                   |    and   |      0|  0|   2|           1|           1|
    |ap_condition_228                    |    and   |      0|  0|   2|           1|           1|
    |ap_predicate_op219_read_state7      |    and   |      0|  0|   2|           1|           1|
    |ap_predicate_op581_call_state9      |    and   |      0|  0|   2|           1|           1|
    |ap_predicate_op612_call_state10     |    and   |      0|  0|   2|           1|           1|
    |ap_predicate_op660_call_state11     |    and   |      0|  0|   2|           1|           1|
    |ap_predicate_op702_call_state12     |    and   |      0|  0|   2|           1|           1|
    |ap_predicate_op759_call_state13     |    and   |      0|  0|   2|           1|           1|
    |iscorner_2_i_7_i_fu_2857_p2         |    and   |      0|  0|   2|           1|           1|
    |or_cond1_i_fu_1572_p2               |    and   |      0|  0|   2|           1|           1|
    |or_cond3_i_fu_4270_p2               |    and   |      0|  0|   2|           1|           1|
    |or_cond_i_fu_1551_p2                |    and   |      0|  0|   2|           1|           1|
    |p_iscorner_0_i_10_i_fu_3510_p2      |    and   |      0|  0|   2|           1|           1|
    |p_iscorner_0_i_11_i_fu_3539_p2      |    and   |      0|  0|   2|           1|           1|
    |p_iscorner_0_i_12_i_fu_3580_p2      |    and   |      0|  0|   2|           1|           1|
    |p_iscorner_0_i_13_i_fu_3609_p2      |    and   |      0|  0|   2|           1|           1|
    |p_iscorner_0_i_14_i_fu_3640_p2      |    and   |      0|  0|   2|           1|           1|
    |p_iscorner_0_i_15_i_fu_3655_p2      |    and   |      0|  0|   2|           1|           1|
    |p_iscorner_0_i_1_i_fu_3069_p2       |    and   |      0|  0|   2|           1|           1|
    |p_iscorner_0_i_2_i_fu_3131_p2       |    and   |      0|  0|   2|           1|           1|
    |p_iscorner_0_i_3_i_fu_3181_p2       |    and   |      0|  0|   2|           1|           1|
    |p_iscorner_0_i_4_i_fu_3247_p2       |    and   |      0|  0|   2|           1|           1|
    |p_iscorner_0_i_5_i_fu_3405_p2       |    and   |      0|  0|   2|           1|           1|
    |p_iscorner_0_i_6_i_fu_3440_p2       |    and   |      0|  0|   2|           1|           1|
    |p_iscorner_0_i_7_i_fu_3469_p2       |    and   |      0|  0|   2|           1|           1|
    |p_iscorner_0_i_8_i_fu_2907_p2       |    and   |      0|  0|   2|           1|           1|
    |p_iscorner_0_i_9_i_fu_2957_p2       |    and   |      0|  0|   2|           1|           1|
    |p_iscorner_0_i_i_fu_3019_p2         |    and   |      0|  0|   2|           1|           1|
    |tmp21_fu_4240_p2                    |    and   |      0|  0|   2|           1|           1|
    |tmp22_fu_4228_p2                    |    and   |      0|  0|   2|           1|           1|
    |tmp23_fu_4234_p2                    |    and   |      0|  0|   2|           1|           1|
    |tmp24_fu_4264_p2                    |    and   |      0|  0|   2|           1|           1|
    |tmp25_fu_4246_p2                    |    and   |      0|  0|   2|           1|           1|
    |tmp26_fu_4258_p2                    |    and   |      0|  0|   2|           1|           1|
    |tmp27_fu_4252_p2                    |    and   |      0|  0|   2|           1|           1|
    |tmp4_fu_3651_p2                     |    and   |      0|  0|   2|           1|           1|
    |exitcond2_i_fu_1492_p2              |   icmp   |      0|  0|  18|          32|          32|
    |exitcond3_i_fu_1535_p2              |   icmp   |      0|  0|  18|          32|          32|
    |notlhs_i_fu_1524_p2                 |   icmp   |      0|  0|  18|          32|           3|
    |notrhs_i_fu_4136_p2                 |   icmp   |      0|  0|  18|          32|           3|
    |tmp_10_i_fu_1508_p2                 |   icmp   |      0|  0|  18|          32|           3|
    |tmp_14_i_fu_1546_p2                 |   icmp   |      0|  0|  18|          32|          32|
    |tmp_18_i_fu_1566_p2                 |   icmp   |      0|  0|  18|          32|           3|
    |tmp_1_i_fu_1466_p2                  |   icmp   |      0|  0|  13|          11|          11|
    |tmp_25_i_fu_4142_p2                 |   icmp   |      0|  0|  13|          16|           1|
    |tmp_26_i_fu_4210_p2                 |   icmp   |      0|  0|  13|          16|          16|
    |tmp_27_i_fu_4216_p2                 |   icmp   |      0|  0|  13|          16|          16|
    |tmp_28_i_fu_4222_p2                 |   icmp   |      0|  0|  18|          32|          10|
    |tmp_44_1_i_fu_2059_p2               |   icmp   |      0|  0|  13|           9|           9|
    |tmp_44_2_i_fu_2143_p2               |   icmp   |      0|  0|  13|           9|           9|
    |tmp_44_3_i_fu_2227_p2               |   icmp   |      0|  0|  13|           9|           9|
    |tmp_44_4_i_fu_2311_p2               |   icmp   |      0|  0|  13|           9|           9|
    |tmp_44_5_i_fu_2395_p2               |   icmp   |      0|  0|  13|           9|           9|
    |tmp_44_6_i_fu_2479_p2               |   icmp   |      0|  0|  13|           9|           9|
    |tmp_44_7_i_fu_2563_p2               |   icmp   |      0|  0|  13|           9|           9|
    |tmp_44_i_fu_1975_p2                 |   icmp   |      0|  0|  13|           9|           9|
    |tmp_45_1_i_fu_2064_p2               |   icmp   |      0|  0|  13|           9|           9|
    |tmp_45_2_i_fu_2148_p2               |   icmp   |      0|  0|  13|           9|           9|
    |tmp_45_3_i_fu_2232_p2               |   icmp   |      0|  0|  13|           9|           9|
    |tmp_45_4_i_fu_2316_p2               |   icmp   |      0|  0|  13|           9|           9|
    |tmp_45_5_i_fu_2400_p2               |   icmp   |      0|  0|  13|           9|           9|
    |tmp_45_6_i_fu_2484_p2               |   icmp   |      0|  0|  13|           9|           9|
    |tmp_45_7_i_fu_2568_p2               |   icmp   |      0|  0|  13|           9|           9|
    |tmp_45_i_fu_1980_p2                 |   icmp   |      0|  0|  13|           9|           9|
    |tmp_49_0_not_i_fu_2627_p2           |   icmp   |      0|  0|   8|           2|           2|
    |tmp_49_10_i_fu_3033_p2              |   icmp   |      0|  0|   8|           2|           2|
    |tmp_49_11_i_fu_3083_p2              |   icmp   |      0|  0|   8|           2|           2|
    |tmp_49_12_i_fu_3145_p2              |   icmp   |      0|  0|   8|           2|           2|
    |tmp_49_13_i_fu_3199_p2              |   icmp   |      0|  0|   8|           2|           2|
    |tmp_49_14_i_fu_3261_p2              |   icmp   |      0|  0|   8|           2|           2|
    |tmp_49_1_not_i_fu_2645_p2           |   icmp   |      0|  0|   8|           2|           2|
    |tmp_49_2_not_i_fu_2663_p2           |   icmp   |      0|  0|   8|           2|           2|
    |tmp_49_3_not_i_fu_2681_p2           |   icmp   |      0|  0|   8|           2|           2|
    |tmp_49_4_not_i_fu_2699_p2           |   icmp   |      0|  0|   8|           2|           2|
    |tmp_49_5_not_i_fu_2717_p2           |   icmp   |      0|  0|   8|           2|           2|
    |tmp_49_6_not_i_fu_2735_p2           |   icmp   |      0|  0|   8|           2|           2|
    |tmp_49_7_not_i_fu_2827_p2           |   icmp   |      0|  0|   8|           2|           2|
    |tmp_49_8_i_fu_2871_p2               |   icmp   |      0|  0|   8|           2|           2|
    |tmp_49_9_i_fu_2921_p2               |   icmp   |      0|  0|   8|           2|           2|
    |tmp_49_i_fu_2971_p2                 |   icmp   |      0|  0|   8|           2|           2|
    |tmp_50_1_i_fu_2091_p2               |   icmp   |      0|  0|  13|           9|           9|
    |tmp_50_2_i_fu_2175_p2               |   icmp   |      0|  0|  13|           9|           9|
    |tmp_50_3_i_fu_2259_p2               |   icmp   |      0|  0|  13|           9|           9|
    |tmp_50_4_i_fu_2343_p2               |   icmp   |      0|  0|  13|           9|           9|
    |tmp_50_5_i_fu_2427_p2               |   icmp   |      0|  0|  13|           9|           9|
    |tmp_50_6_i_fu_2511_p2               |   icmp   |      0|  0|  13|           9|           9|
    |tmp_50_7_i_fu_2595_p2               |   icmp   |      0|  0|  13|           9|           9|
    |tmp_50_i_fu_2007_p2                 |   icmp   |      0|  0|  13|           9|           9|
    |tmp_51_10_i_fu_3089_p2              |   icmp   |      0|  0|   8|           2|           1|
    |tmp_51_11_i_fu_3151_p2              |   icmp   |      0|  0|   8|           2|           1|
    |tmp_51_12_i_fu_3205_p2              |   icmp   |      0|  0|   8|           2|           1|
    |tmp_51_1_i_fu_2651_p2               |   icmp   |      0|  0|   8|           2|           1|
    |tmp_51_2_i_fu_2669_p2               |   icmp   |      0|  0|   8|           2|           1|
    |tmp_51_3_i_fu_2687_p2               |   icmp   |      0|  0|   8|           2|           1|
    |tmp_51_4_i_fu_2705_p2               |   icmp   |      0|  0|   8|           2|           1|
    |tmp_51_5_i_fu_2723_p2               |   icmp   |      0|  0|   8|           2|           1|
    |tmp_51_6_i_fu_2741_p2               |   icmp   |      0|  0|   8|           2|           1|
    |tmp_51_7_i_fu_2833_p2               |   icmp   |      0|  0|   8|           2|           1|
    |tmp_51_8_i_fu_3039_p2               |   icmp   |      0|  0|   8|           2|           1|
    |tmp_51_9_i_fu_2927_p2               |   icmp   |      0|  0|   8|           2|           1|
    |tmp_51_i_32_fu_2977_p2              |   icmp   |      0|  0|   8|           2|           1|
    |tmp_51_i_fu_2633_p2                 |   icmp   |      0|  0|   8|           2|           1|
    |tmp_52_1_i_fu_2096_p2               |   icmp   |      0|  0|  13|           9|           9|
    |tmp_52_2_i_fu_2180_p2               |   icmp   |      0|  0|  13|           9|           9|
    |tmp_52_3_i_fu_2264_p2               |   icmp   |      0|  0|  13|           9|           9|
    |tmp_52_4_i_fu_2348_p2               |   icmp   |      0|  0|  13|           9|           9|
    |tmp_52_5_i_fu_2432_p2               |   icmp   |      0|  0|  13|           9|           9|
    |tmp_52_6_i_fu_2516_p2               |   icmp   |      0|  0|  13|           9|           9|
    |tmp_52_7_i_fu_2600_p2               |   icmp   |      0|  0|  13|           9|           9|
    |tmp_52_i_fu_2012_p2                 |   icmp   |      0|  0|  13|           9|           9|
    |tmp_53_10_i_fu_3453_p2              |   icmp   |      0|  0|  11|           5|           4|
    |tmp_53_11_i_fu_3488_p2              |   icmp   |      0|  0|  11|           5|           4|
    |tmp_53_12_i_fu_3523_p2              |   icmp   |      0|  0|  11|           5|           4|
    |tmp_53_13_i_fu_3558_p2              |   icmp   |      0|  0|  11|           5|           4|
    |tmp_53_14_i_fu_3593_p2              |   icmp   |      0|  0|  11|           5|           4|
    |tmp_53_15_i_fu_3628_p2              |   icmp   |      0|  0|  11|           5|           4|
    |tmp_53_16_i1_fu_3645_p2             |   icmp   |      0|  0|  11|           5|           4|
    |tmp_53_1_i_fu_3051_p2               |   icmp   |      0|  0|  11|           4|           5|
    |tmp_53_2_i_fu_3107_p2               |   icmp   |      0|  0|  11|           4|           5|
    |tmp_53_3_i_fu_3163_p2               |   icmp   |      0|  0|  11|           4|           5|
    |tmp_53_4_i_fu_3223_p2               |   icmp   |      0|  0|  11|           5|           4|
    |tmp_53_5_i_fu_3395_p2               |   icmp   |      0|  0|  11|           5|           4|
    |tmp_53_6_i_fu_3423_p2               |   icmp   |      0|  0|  11|           5|           4|
    |tmp_53_7_i_fu_2845_p2               |   icmp   |      0|  0|  11|           4|           5|
    |tmp_53_8_i_fu_2889_p2               |   icmp   |      0|  0|  11|           4|           5|
    |tmp_53_9_i_fu_2939_p2               |   icmp   |      0|  0|  11|           4|           5|
    |tmp_53_i_fu_2995_p2                 |   icmp   |      0|  0|  11|           4|           5|
    |tmp_6_i_fu_1503_p2                  |   icmp   |      0|  0|  18|          32|          32|
    |tmp_7_i_fu_1420_p2                  |   icmp   |      0|  0|   9|           3|           3|
    |tmp_95_1_i_fu_4180_p2               |   icmp   |      0|  0|  13|          16|          16|
    |tmp_95_2_i_fu_4186_p2               |   icmp   |      0|  0|  13|          16|          16|
    |tmp_95_i_fu_4174_p2                 |   icmp   |      0|  0|  13|          16|          16|
    |tmp_98_1_i_fu_4198_p2               |   icmp   |      0|  0|  13|          16|          16|
    |tmp_98_2_i_fu_4204_p2               |   icmp   |      0|  0|  13|          16|          16|
    |tmp_98_i_fu_4192_p2                 |   icmp   |      0|  0|  13|          16|          16|
    |ap_block_state1                     |    or    |      0|  0|   2|           1|           1|
    |iscorner_2_i_16_i_fu_3718_p2        |    or    |      0|  0|   2|           1|           1|
    |not_or_cond12_i_demo_fu_2945_p2     |    or    |      0|  0|   2|           1|           1|
    |not_or_cond13_i_demo_fu_3007_p2     |    or    |      0|  0|   2|           1|           1|
    |not_or_cond14_i_demo_fu_3057_p2     |    or    |      0|  0|   2|           1|           1|
    |not_or_cond15_i_demo_fu_3119_p2     |    or    |      0|  0|   2|           1|           1|
    |not_or_cond16_i_demo_fu_3169_p2     |    or    |      0|  0|   2|           1|           1|
    |not_or_cond17_i_demo_fu_3235_p2     |    or    |      0|  0|   2|           1|           1|
    |not_or_cond4_i_demor_fu_3459_p2     |    or    |      0|  0|   2|           1|           1|
    |not_or_cond5_i_demor_fu_3500_p2     |    or    |      0|  0|   2|           1|           1|
    |not_or_cond6_i_demor_fu_3529_p2     |    or    |      0|  0|   2|           1|           1|
    |not_or_cond7_i_demor_fu_3570_p2     |    or    |      0|  0|   2|           1|           1|
    |not_or_cond8_i_demor_fu_3599_p2     |    or    |      0|  0|   2|           1|           1|
    |not_or_cond9_i_demor_fu_3273_p2     |    or    |      0|  0|   2|           1|           1|
    |or_cond10_i_fu_2839_p2              |    or    |      0|  0|   2|           1|           1|
    |or_cond11_i_fu_2877_p2              |    or    |      0|  0|   2|           1|           1|
    |or_cond12_i_fu_2933_p2              |    or    |      0|  0|   2|           1|           1|
    |or_cond13_i_fu_2983_p2              |    or    |      0|  0|   2|           1|           1|
    |or_cond14_i_fu_3045_p2              |    or    |      0|  0|   2|           1|           1|
    |or_cond15_i_fu_3095_p2              |    or    |      0|  0|   2|           1|           1|
    |or_cond16_i_fu_3157_p2              |    or    |      0|  0|   2|           1|           1|
    |or_cond17_i_fu_3211_p2              |    or    |      0|  0|   2|           1|           1|
    |or_cond18_i_fu_3267_p2              |    or    |      0|  0|   2|           1|           1|
    |or_cond19_i_fu_4153_p2              |    or    |      0|  0|   2|           1|           1|
    |or_cond2_i_fu_2639_p2               |    or    |      0|  0|   2|           1|           1|
    |or_cond4_i_fu_2657_p2               |    or    |      0|  0|   2|           1|           1|
    |or_cond5_i_fu_2675_p2               |    or    |      0|  0|   2|           1|           1|
    |or_cond6_i_fu_2693_p2               |    or    |      0|  0|   2|           1|           1|
    |or_cond7_i_fu_2711_p2               |    or    |      0|  0|   2|           1|           1|
    |or_cond8_i_fu_2729_p2               |    or    |      0|  0|   2|           1|           1|
    |or_cond9_i_fu_2747_p2               |    or    |      0|  0|   2|           1|           1|
    |tmp10_fu_3303_p2                    |    or    |      0|  0|   2|           1|           1|
    |tmp11_fu_3309_p2                    |    or    |      0|  0|   2|           1|           1|
    |tmp12_fu_3712_p2                    |    or    |      0|  0|   2|           1|           1|
    |tmp13_fu_3682_p2                    |    or    |      0|  0|   2|           1|           1|
    |tmp14_fu_3670_p2                    |    or    |      0|  0|   2|           1|           1|
    |tmp15_fu_3676_p2                    |    or    |      0|  0|   2|           1|           1|
    |tmp16_fu_3706_p2                    |    or    |      0|  0|   2|           1|           1|
    |tmp17_fu_3688_p2                    |    or    |      0|  0|   2|           1|           1|
    |tmp18_fu_3700_p2                    |    or    |      0|  0|   2|           1|           1|
    |tmp19_fu_3694_p2                    |    or    |      0|  0|   2|           1|           1|
    |tmp20_fu_4148_p2                    |    or    |      0|  0|   2|           1|           1|
    |tmp5_fu_3665_p2                     |    or    |      0|  0|   2|           1|           1|
    |tmp6_fu_3297_p2                     |    or    |      0|  0|   2|           1|           1|
    |tmp7_fu_3285_p2                     |    or    |      0|  0|   2|           1|           1|
    |tmp8_fu_3291_p2                     |    or    |      0|  0|   2|           1|           1|
    |tmp9_fu_3661_p2                     |    or    |      0|  0|   2|           1|           1|
    |tmp_10_fu_2413_p2                   |    or    |      0|  0|   2|           1|           1|
    |tmp_11_fu_2445_p2                   |    or    |      0|  0|   2|           1|           1|
    |tmp_12_fu_2497_p2                   |    or    |      0|  0|   2|           1|           1|
    |tmp_13_fu_2529_p2                   |    or    |      0|  0|   2|           1|           1|
    |tmp_14_fu_2581_p2                   |    or    |      0|  0|   2|           1|           1|
    |tmp_15_fu_2613_p2                   |    or    |      0|  0|   2|           1|           1|
    |tmp_19_i_fu_2769_p2                 |    or    |      0|  0|   2|           1|           1|
    |tmp_1_fu_1993_p2                    |    or    |      0|  0|   2|           1|           1|
    |tmp_20_i_fu_2791_p2                 |    or    |      0|  0|   2|           1|           1|
    |tmp_21_i_fu_2813_p2                 |    or    |      0|  0|   2|           1|           1|
    |tmp_2_fu_2025_p2                    |    or    |      0|  0|   2|           1|           1|
    |tmp_3_fu_2077_p2                    |    or    |      0|  0|   2|           1|           1|
    |tmp_4_fu_2109_p2                    |    or    |      0|  0|   2|           1|           1|
    |tmp_5_fu_2161_p2                    |    or    |      0|  0|   2|           1|           1|
    |tmp_6_fu_2193_p2                    |    or    |      0|  0|   2|           1|           1|
    |tmp_7_fu_2245_p2                    |    or    |      0|  0|   2|           1|           1|
    |tmp_8_fu_2277_p2                    |    or    |      0|  0|   2|           1|           1|
    |tmp_9_fu_2329_p2                    |    or    |      0|  0|   2|           1|           1|
    |tmp_s_fu_2361_p2                    |    or    |      0|  0|   2|           1|           1|
    |core_win_val_2_V_2_fu_4128_p3       |  select  |      0|  0|  16|           1|          16|
    |count_1_i_0_op_op_fu_2753_p3        |  select  |      0|  0|   5|           1|           5|
    |count_1_i_10_i_fu_3446_p3           |  select  |      0|  0|   5|           1|           2|
    |count_1_i_11_i_fu_3475_p3           |  select  |      0|  0|   5|           1|           1|
    |count_1_i_12_i_fu_3516_p3           |  select  |      0|  0|   5|           1|           2|
    |count_1_i_13_i_fu_3545_p3           |  select  |      0|  0|   5|           1|           1|
    |count_1_i_14_i_fu_3586_p3           |  select  |      0|  0|   5|           1|           2|
    |count_1_i_15_i_fu_3615_p3           |  select  |      0|  0|   5|           1|           1|
    |count_1_i_1_i_fu_3075_p3            |  select  |      0|  0|   4|           1|           1|
    |count_1_i_2_i_fu_3137_p3            |  select  |      0|  0|   4|           1|           2|
    |count_1_i_2_op_op_i_fu_2775_p3      |  select  |      0|  0|   4|           1|           4|
    |count_1_i_3_i_fu_3187_p3            |  select  |      0|  0|   4|           1|           1|
    |count_1_i_4_i_fu_3253_p3            |  select  |      0|  0|   5|           1|           2|
    |count_1_i_4_op_i_fu_2797_p3         |  select  |      0|  0|   4|           1|           4|
    |count_1_i_5_i_fu_3411_p3            |  select  |      0|  0|   5|           1|           1|
    |count_1_i_6_i_fu_2819_p3            |  select  |      0|  0|   4|           1|           4|
    |count_1_i_7_i_fu_2863_p3            |  select  |      0|  0|   4|           1|           1|
    |count_1_i_8_i_fu_2913_p3            |  select  |      0|  0|   4|           1|           2|
    |count_1_i_9_i_fu_2963_p3            |  select  |      0|  0|   4|           1|           1|
    |count_1_i_i_fu_3025_p3              |  select  |      0|  0|   4|           1|           2|
    |flag_val_V_assign_lo_10_fu_2451_p3  |  select  |      0|  0|   2|           1|           2|
    |flag_val_V_assign_lo_11_fu_2503_p3  |  select  |      0|  0|   2|           1|           2|
    |flag_val_V_assign_lo_12_fu_2535_p3  |  select  |      0|  0|   2|           1|           2|
    |flag_val_V_assign_lo_13_fu_2587_p3  |  select  |      0|  0|   2|           1|           2|
    |flag_val_V_assign_lo_14_fu_2619_p3  |  select  |      0|  0|   2|           1|           2|
    |flag_val_V_assign_lo_15_fu_2419_p3  |  select  |      0|  0|   2|           1|           2|
    |flag_val_V_assign_lo_1_fu_2031_p3   |  select  |      0|  0|   2|           1|           2|
    |flag_val_V_assign_lo_2_fu_2083_p3   |  select  |      0|  0|   2|           1|           2|
    |flag_val_V_assign_lo_3_fu_2115_p3   |  select  |      0|  0|   2|           1|           2|
    |flag_val_V_assign_lo_4_fu_2167_p3   |  select  |      0|  0|   2|           1|           2|
    |flag_val_V_assign_lo_5_fu_2199_p3   |  select  |      0|  0|   2|           1|           2|
    |flag_val_V_assign_lo_6_fu_2251_p3   |  select  |      0|  0|   2|           1|           2|
    |flag_val_V_assign_lo_7_fu_2283_p3   |  select  |      0|  0|   2|           1|           2|
    |flag_val_V_assign_lo_8_fu_2335_p3   |  select  |      0|  0|   2|           1|           2|
    |flag_val_V_assign_lo_9_fu_2367_p3   |  select  |      0|  0|   2|           1|           2|
    |flag_val_V_assign_lo_fu_1999_p3     |  select  |      0|  0|   2|           1|           2|
    |phitmp1_cast_i_cast_s_fu_2805_p3    |  select  |      0|  0|   2|           1|           2|
    |phitmp1_i_i_1_i_fu_2101_p3          |  select  |      0|  0|   3|           1|           1|
    |phitmp1_i_i_2_i_fu_2185_p3          |  select  |      0|  0|   3|           1|           1|
    |phitmp1_i_i_3_i_fu_2269_p3          |  select  |      0|  0|   3|           1|           1|
    |phitmp1_i_i_4_i_fu_2353_p3          |  select  |      0|  0|   3|           1|           1|
    |phitmp1_i_i_5_i_fu_2437_p3          |  select  |      0|  0|   3|           1|           1|
    |phitmp1_i_i_6_i_fu_2521_p3          |  select  |      0|  0|   3|           1|           1|
    |phitmp1_i_i_7_i_fu_2605_p3          |  select  |      0|  0|   3|           1|           1|
    |phitmp1_i_i_i_fu_2017_p3            |  select  |      0|  0|   3|           1|           1|
    |phitmp41_op_cast_i_c_fu_2783_p3     |  select  |      0|  0|   3|           1|           3|
    |phitmp42_op_op_cast_s_fu_2761_p3    |  select  |      0|  0|   3|           1|           3|
    |phitmp_i_i_1_i_fu_2069_p3           |  select  |      0|  0|   3|           1|           1|
    |phitmp_i_i_2_i_fu_2153_p3           |  select  |      0|  0|   3|           1|           1|
    |phitmp_i_i_3_i_fu_2237_p3           |  select  |      0|  0|   3|           1|           1|
    |phitmp_i_i_4_i_fu_2321_p3           |  select  |      0|  0|   3|           1|           1|
    |phitmp_i_i_5_i_fu_2405_p3           |  select  |      0|  0|   3|           1|           1|
    |phitmp_i_i_6_i_fu_2489_p3           |  select  |      0|  0|   3|           1|           1|
    |phitmp_i_i_7_i_fu_2573_p3           |  select  |      0|  0|   3|           1|           1|
    |phitmp_i_i_i_fu_1985_p3             |  select  |      0|  0|   3|           1|           1|
    |ap_enable_pp1                       |    xor   |      0|  0|   2|           1|           2|
    |not_or_cond10_i_fu_2851_p2          |    xor   |      0|  0|   2|           1|           2|
    |not_or_cond11_i_fu_2901_p2          |    xor   |      0|  0|   2|           1|           2|
    |not_or_cond12_i_fu_2951_p2          |    xor   |      0|  0|   2|           1|           2|
    |not_or_cond13_i_fu_3013_p2          |    xor   |      0|  0|   2|           1|           2|
    |not_or_cond14_i_fu_3063_p2          |    xor   |      0|  0|   2|           1|           2|
    |not_or_cond15_i_fu_3125_p2          |    xor   |      0|  0|   2|           1|           2|
    |not_or_cond16_i_fu_3175_p2          |    xor   |      0|  0|   2|           1|           2|
    |not_or_cond17_i_fu_3241_p2          |    xor   |      0|  0|   2|           1|           2|
    |not_or_cond18_i_fu_3400_p2          |    xor   |      0|  0|   2|           1|           2|
    |not_or_cond2_i_fu_3435_p2           |    xor   |      0|  0|   2|           1|           2|
    |not_or_cond4_i_fu_3463_p2           |    xor   |      0|  0|   2|           1|           2|
    |not_or_cond5_i_fu_3504_p2           |    xor   |      0|  0|   2|           1|           2|
    |not_or_cond6_i_fu_3533_p2           |    xor   |      0|  0|   2|           1|           2|
    |not_or_cond7_i_fu_3574_p2           |    xor   |      0|  0|   2|           1|           2|
    |not_or_cond8_i_fu_3603_p2           |    xor   |      0|  0|   2|           1|           2|
    |not_or_cond9_i_fu_3279_p2           |    xor   |      0|  0|   2|           1|           2|
    +------------------------------------+----------+-------+---+----+------------+------------+
    |Total                               |          |      0|  0|2462|        1453|        1284|
    +------------------------------------+----------+-------+---+----+------------+------------+

    * Multiplexer: 
    +---------------------------------------+----+-----------+-----+-----------+
    |                  Name                 | LUT| Input Size| Bits| Total Bits|
    +---------------------------------------+----+-----------+-----+-----------+
    |ap_NS_fsm                              |  41|          8|    1|          8|
    |ap_done                                |   9|          2|    1|          2|
    |ap_enable_reg_pp1_iter2                |   9|          2|    1|          2|
    |ap_enable_reg_pp1_iter8                |   9|          2|    1|          2|
    |ap_phi_mux_core_1_i_phi_fu_662_p6      |   9|          2|   16|         32|
    |ap_phi_mux_t_V_2_phi_fu_650_p4         |   9|          2|   32|         64|
    |ap_phi_reg_pp1_iter1_core_1_i_reg_658  |   9|          2|   16|         32|
    |ap_phi_reg_pp1_iter4_core_1_i_reg_658  |   9|          2|   16|         32|
    |i_0_i_i_reg_601                        |   9|          2|    2|          4|
    |index_1_fu_172                         |   9|          2|   32|         64|
    |j_0_i_i_reg_624                        |   9|          2|   10|         20|
    |keypoints_cols_blk_n                   |   9|          2|    1|          2|
    |keypoints_cols_out_blk_n               |   9|          2|    1|          2|
    |keypoints_rows_blk_n                   |   9|          2|    1|          2|
    |keypoints_rows_out_blk_n               |   9|          2|    1|          2|
    |keypoints_val_address0                 |  21|          4|   11|         44|
    |keypoints_val_d0                       |  21|          4|   16|         64|
    |phi_mul_reg_612                        |   9|          2|   12|         24|
    |src_cols_V_blk_n                       |   9|          2|    1|          2|
    |src_data_stream_V_blk_n                |   9|          2|    1|          2|
    |src_rows_V_blk_n                       |   9|          2|    1|          2|
    |t_V_2_reg_646                          |   9|          2|   32|         64|
    |t_V_reg_635                            |   9|          2|   32|         64|
    |threshold_blk_n                        |   9|          2|    1|          2|
    +---------------------------------------+----+-----------+-----+-----------+
    |Total                                  | 272|         58|  239|        538|
    +---------------------------------------+----+-----------+-----+-----------+

    * Register: 
    +---------------------------------------+----+----+-----+-----------+
    |                  Name                 | FF | LUT| Bits| Const Bits|
    +---------------------------------------+----+----+-----+-----------+
    |a0_2_3_i_reg_5198                      |  32|   0|   32|          0|
    |a0_reg_4728                            |   8|   0|   32|         24|
    |ap_CS_fsm                              |   7|   0|    7|          0|
    |ap_done_reg                            |   1|   0|    1|          0|
    |ap_enable_reg_pp1_iter0                |   1|   0|    1|          0|
    |ap_enable_reg_pp1_iter1                |   1|   0|    1|          0|
    |ap_enable_reg_pp1_iter2                |   1|   0|    1|          0|
    |ap_enable_reg_pp1_iter3                |   1|   0|    1|          0|
    |ap_enable_reg_pp1_iter4                |   1|   0|    1|          0|
    |ap_enable_reg_pp1_iter5                |   1|   0|    1|          0|
    |ap_enable_reg_pp1_iter6                |   1|   0|    1|          0|
    |ap_enable_reg_pp1_iter7                |   1|   0|    1|          0|
    |ap_enable_reg_pp1_iter8                |   1|   0|    1|          0|
    |ap_phi_reg_pp1_iter1_core_1_i_reg_658  |  16|   0|   16|          0|
    |ap_phi_reg_pp1_iter2_core_1_i_reg_658  |  16|   0|   16|          0|
    |ap_phi_reg_pp1_iter3_core_1_i_reg_658  |  16|   0|   16|          0|
    |ap_phi_reg_pp1_iter4_core_1_i_reg_658  |  16|   0|   16|          0|
    |ap_phi_reg_pp1_iter5_core_1_i_reg_658  |  16|   0|   16|          0|
    |ap_phi_reg_pp1_iter6_core_1_i_reg_658  |  16|   0|   16|          0|
    |ap_phi_reg_pp1_iter7_core_1_i_reg_658  |  16|   0|   16|          0|
    |ap_phi_reg_pp1_iter8_core_1_i_reg_658  |  16|   0|   16|          0|
    |b0_2_3_i_reg_5213                      |  32|   0|   32|          0|
    |b0_reg_4773                            |  32|   0|   32|          0|
    |cols_reg_4384                          |  32|   0|   32|          0|
    |core_buf_val_0_V_ad_reg_5228           |   9|   0|    9|          0|
    |core_buf_val_1_V_ad_reg_5234           |   9|   0|    9|          0|
    |core_win_val_0_V_0_fu_196              |  16|   0|   16|          0|
    |core_win_val_0_V_1_fu_192              |  16|   0|   16|          0|
    |core_win_val_1_V_0_fu_188              |  16|   0|   16|          0|
    |core_win_val_1_V_1_fu_184              |  16|   0|   16|          0|
    |core_win_val_2_V_0_fu_180              |  16|   0|   16|          0|
    |core_win_val_2_V_1_fu_176              |  16|   0|   16|          0|
    |count_1_i_4_i_reg_5035                 |   5|   0|    5|          0|
    |exitcond3_i_reg_4815                   |   1|   0|    1|          0|
    |flag_d_assign_10_i_reg_5098            |  32|   0|   32|          0|
    |flag_d_assign_11_i_reg_5110            |  32|   0|   32|          0|
    |flag_d_assign_12_i_reg_5122            |  32|   0|   32|          0|
    |flag_d_assign_13_i_reg_5134            |  32|   0|   32|          0|
    |flag_d_assign_14_i_reg_5146            |  32|   0|   32|          0|
    |flag_d_assign_15_i_reg_5158            |  32|   0|   32|          0|
    |flag_d_assign_16_i_reg_5068            |  32|   0|   32|          0|
    |flag_d_assign_1_i_reg_5080             |  32|   0|   32|          0|
    |flag_d_assign_2_i_reg_5092             |  32|   0|   32|          0|
    |flag_d_assign_3_i_reg_5104             |  32|   0|   32|          0|
    |flag_d_assign_4_i_reg_5116             |  32|   0|   32|          0|
    |flag_d_assign_5_i_reg_5128             |  32|   0|   32|          0|
    |flag_d_assign_6_i_reg_5140             |  32|   0|   32|          0|
    |flag_d_assign_7_i_reg_5152             |  32|   0|   32|          0|
    |flag_d_assign_8_i_reg_5074             |  32|   0|   32|          0|
    |flag_d_assign_9_i_reg_5086             |  32|   0|   32|          0|
    |i_0_i_i_reg_601                        |   2|   0|    2|          0|
    |i_V_reg_4790                           |  32|   0|   32|          0|
    |i_reg_4399                             |   2|   0|    2|          0|
    |index_1_fu_172                         |  32|   0|   32|          0|
    |iscorner_2_i_16_i_reg_5164             |   1|   0|    1|          0|
    |j_0_i_i_reg_624                        |  10|   0|   10|          0|
    |j_V_reg_4819                           |  32|   0|   32|          0|
    |k_buf_val_0_V_addr_reg_4829            |   9|   0|    9|          0|
    |k_buf_val_1_V_addr_reg_4835            |   9|   0|    9|          0|
    |k_buf_val_2_V_addr_reg_4841            |   9|   0|    9|          0|
    |k_buf_val_3_V_addr_reg_4847            |   9|   0|    9|          0|
    |k_buf_val_4_V_addr_reg_4853            |   9|   0|    9|          0|
    |k_buf_val_5_V_addr_reg_4859            |   9|   0|    9|          0|
    |keypoints_cols_read_reg_4367           |  11|   0|   11|          0|
    |keypoints_rows_read_reg_4362           |   3|   0|    3|          0|
    |next_mul_reg_4390                      |  12|   0|   12|          0|
    |not_or_cond10_i_reg_5030               |   1|   0|    1|          0|
    |not_or_cond9_i_reg_5047                |   1|   0|    1|          0|
    |notlhs_i_reg_4810                      |   1|   0|    1|          0|
    |or_cond18_i_reg_5041                   |   1|   0|    1|          0|
    |or_cond1_i_reg_4865                    |   1|   0|    1|          0|
    |or_cond2_i_reg_4949                    |   1|   0|    1|          0|
    |or_cond4_i_reg_4965                    |   1|   0|    1|          0|
    |or_cond5_i_reg_4980                    |   1|   0|    1|          0|
    |or_cond6_i_reg_4995                    |   1|   0|    1|          0|
    |or_cond7_i_reg_5010                    |   1|   0|    1|          0|
    |or_cond8_i_reg_5025                    |   1|   0|    1|          0|
    |or_cond_i_reg_4824                     |   1|   0|    1|          0|
    |phi_mul_reg_612                        |  12|   0|   12|          0|
    |r_V_1_i_reg_4879                       |   9|   0|    9|          0|
    |r_V_2_i_reg_4889                       |   9|   0|    9|          0|
    |r_V_3_i_reg_4899                       |   9|   0|    9|          0|
    |r_V_4_i_reg_4909                       |   9|   0|    9|          0|
    |r_V_5_i_reg_4919                       |   9|   0|    9|          0|
    |r_V_6_1_i_reg_4884                     |   9|   0|    9|          0|
    |r_V_6_2_i_reg_4894                     |   9|   0|    9|          0|
    |r_V_6_3_i_reg_4904                     |   9|   0|    9|          0|
    |r_V_6_4_i_reg_4914                     |   9|   0|    9|          0|
    |r_V_6_5_i_reg_4924                     |   9|   0|    9|          0|
    |r_V_6_6_i_reg_4934                     |   9|   0|    9|          0|
    |r_V_6_7_i_reg_4944                     |   9|   0|    9|          0|
    |r_V_6_i_reg_4874                       |   9|   0|    9|          0|
    |r_V_8_i_reg_4939                       |   9|   0|    9|          0|
    |r_V_i_31_reg_4929                      |   9|   0|    9|          0|
    |r_V_i_reg_4869                         |   9|   0|    9|          0|
    |r_V_reg_4753                           |   9|   0|    9|          0|
    |rhs_V_reg_4733                         |   8|   0|    9|          1|
    |rows_reg_4378                          |  32|   0|   32|          0|
    |t_V_2_reg_646                          |  32|   0|   32|          0|
    |t_V_reg_635                            |  32|   0|   32|          0|
    |threshold_read_reg_4372                |   8|   0|    8|          0|
    |tmp10_reg_5058                         |   1|   0|    1|          0|
    |tmp11_reg_5063                         |   1|   0|    1|          0|
    |tmp6_reg_5053                          |   1|   0|    1|          0|
    |tmp_10_i_reg_4800                      |   1|   0|    1|          0|
    |tmp_12_i_reg_4805                      |  16|   0|   16|          0|
    |tmp_20_reg_5240                        |  16|   0|   16|          0|
    |tmp_49_1_not_i_reg_4955                |   1|   0|    1|          0|
    |tmp_49_2_not_i_reg_4970                |   1|   0|    1|          0|
    |tmp_49_3_not_i_reg_4985                |   1|   0|    1|          0|
    |tmp_49_4_not_i_reg_5000                |   1|   0|    1|          0|
    |tmp_49_5_not_i_reg_5015                |   1|   0|    1|          0|
    |tmp_51_1_i_reg_4960                    |   1|   0|    1|          0|
    |tmp_51_2_i_reg_4975                    |   1|   0|    1|          0|
    |tmp_51_3_i_reg_4990                    |   1|   0|    1|          0|
    |tmp_51_4_i_reg_5005                    |   1|   0|    1|          0|
    |tmp_51_5_i_reg_5020                    |   1|   0|    1|          0|
    |tmp_6_i_reg_4795                       |   1|   0|    1|          0|
    |tmp_70_2_i_reg_5178                    |  32|   0|   32|          0|
    |tmp_70_4_i_reg_5188                    |  32|   0|   32|          0|
    |tmp_70_i_reg_5168                      |  32|   0|   32|          0|
    |tmp_72_2_i_reg_5183                    |  32|   0|   32|          0|
    |tmp_72_4_i_reg_5193                    |  32|   0|   32|          0|
    |tmp_72_i_reg_5173                      |  32|   0|   32|          0|
    |tmp_78_4_i_reg_5203                    |  32|   0|   32|          0|
    |tmp_81_4_i_reg_5208                    |  32|   0|   32|          0|
    |tmp_86_4_i_reg_5218                    |  32|   0|   32|          0|
    |tmp_89_4_i_reg_5223                    |  32|   0|   32|          0|
    |tmp_9_i_reg_4718                       |  32|   0|   32|          0|
    |tmp_i_28_reg_4723                      |  32|   0|   32|          0|
    |win_val_0_V_2_1_fu_204                 |   8|   0|    8|          0|
    |win_val_0_V_2_fu_200                   |   8|   0|    8|          0|
    |win_val_0_V_3_fu_208                   |   8|   0|    8|          0|
    |win_val_0_V_4_fu_212                   |   8|   0|    8|          0|
    |win_val_0_V_5_fu_216                   |   8|   0|    8|          0|
    |win_val_1_V_1_1_fu_224                 |   8|   0|    8|          0|
    |win_val_1_V_1_fu_220                   |   8|   0|    8|          0|
    |win_val_1_V_2_fu_228                   |   8|   0|    8|          0|
    |win_val_1_V_3_fu_232                   |   8|   0|    8|          0|
    |win_val_1_V_4_fu_236                   |   8|   0|    8|          0|
    |win_val_1_V_5_fu_240                   |   8|   0|    8|          0|
    |win_val_2_V_0_1_fu_248                 |   8|   0|    8|          0|
    |win_val_2_V_0_fu_244                   |   8|   0|    8|          0|
    |win_val_2_V_1_fu_252                   |   8|   0|    8|          0|
    |win_val_2_V_2_fu_256                   |   8|   0|    8|          0|
    |win_val_2_V_3_fu_260                   |   8|   0|    8|          0|
    |win_val_2_V_4_fu_264                   |   8|   0|    8|          0|
    |win_val_2_V_5_fu_268                   |   8|   0|    8|          0|
    |win_val_3_V_0_1_fu_276                 |   8|   0|    8|          0|
    |win_val_3_V_0_fu_272                   |   8|   0|    8|          0|
    |win_val_3_V_1_fu_280                   |   8|   0|    8|          0|
    |win_val_3_V_2_fu_284                   |   8|   0|    8|          0|
    |win_val_3_V_3_fu_288                   |   8|   0|    8|          0|
    |win_val_3_V_4_fu_292                   |   8|   0|    8|          0|
    |win_val_3_V_5_fu_296                   |   8|   0|    8|          0|
    |win_val_4_V_0_1_fu_304                 |   8|   0|    8|          0|
    |win_val_4_V_0_fu_300                   |   8|   0|    8|          0|
    |win_val_4_V_1_fu_308                   |   8|   0|    8|          0|
    |win_val_4_V_2_fu_312                   |   8|   0|    8|          0|
    |win_val_4_V_3_fu_316                   |   8|   0|    8|          0|
    |win_val_4_V_4_fu_320                   |   8|   0|    8|          0|
    |win_val_4_V_5_fu_324                   |   8|   0|    8|          0|
    |win_val_5_V_1_1_fu_332                 |   8|   0|    8|          0|
    |win_val_5_V_1_fu_328                   |   8|   0|    8|          0|
    |win_val_5_V_2_fu_336                   |   8|   0|    8|          0|
    |win_val_5_V_3_fu_340                   |   8|   0|    8|          0|
    |win_val_5_V_4_fu_344                   |   8|   0|    8|          0|
    |win_val_5_V_5_fu_348                   |   8|   0|    8|          0|
    |win_val_6_V_2_1_fu_356                 |   8|   0|    8|          0|
    |win_val_6_V_2_fu_352                   |   8|   0|    8|          0|
    |win_val_6_V_3_fu_360                   |   8|   0|    8|          0|
    |win_val_6_V_4_fu_364                   |   8|   0|    8|          0|
    |win_val_6_V_5_fu_368                   |   8|   0|    8|          0|
    |exitcond3_i_reg_4815                   |  64|  32|    1|          0|
    |flag_d_assign_10_i_reg_5098            |  64|  32|   32|          0|
    |flag_d_assign_11_i_reg_5110            |  64|  32|   32|          0|
    |flag_d_assign_12_i_reg_5122            |  64|  32|   32|          0|
    |flag_d_assign_13_i_reg_5134            |  64|  32|   32|          0|
    |flag_d_assign_14_i_reg_5146            |  64|  32|   32|          0|
    |flag_d_assign_15_i_reg_5158            |  64|  32|   32|          0|
    |flag_d_assign_16_i_reg_5068            |  64|  32|   32|          0|
    |flag_d_assign_1_i_reg_5080             |  64|  32|   32|          0|
    |flag_d_assign_2_i_reg_5092             |  64|  32|   32|          0|
    |flag_d_assign_3_i_reg_5104             |  64|  32|   32|          0|
    |flag_d_assign_4_i_reg_5116             |  64|  32|   32|          0|
    |flag_d_assign_5_i_reg_5128             |  64|  32|   32|          0|
    |flag_d_assign_6_i_reg_5140             |  64|  32|   32|          0|
    |flag_d_assign_7_i_reg_5152             |  64|  32|   32|          0|
    |flag_d_assign_8_i_reg_5074             |  64|  32|   32|          0|
    |flag_d_assign_9_i_reg_5086             |  64|  32|   32|          0|
    |iscorner_2_i_16_i_reg_5164             |  64|  32|    1|          0|
    |or_cond1_i_reg_4865                    |  64|  32|    1|          0|
    |or_cond_i_reg_4824                     |  64|  32|    1|          0|
    |t_V_2_reg_646                          |  64|  32|   32|          0|
    +---------------------------------------+----+----+-----+-----------+
    |Total                                  |3512| 672| 2741|         25|
    +---------------------------------------+----+----+-----+-----------+



================================================================
== Interface
================================================================
* Summary: 
+---------------------------+-----+-----+------------+--------------------+--------------+
|         RTL Ports         | Dir | Bits|  Protocol  |    Source Object   |    C Type    |
+---------------------------+-----+-----+------------+--------------------+--------------+
|ap_clk                     |  in |    1| ap_ctrl_hs |     FAST_t_opr     | return value |
|ap_rst                     |  in |    1| ap_ctrl_hs |     FAST_t_opr     | return value |
|ap_start                   |  in |    1| ap_ctrl_hs |     FAST_t_opr     | return value |
|ap_done                    | out |    1| ap_ctrl_hs |     FAST_t_opr     | return value |
|ap_continue                |  in |    1| ap_ctrl_hs |     FAST_t_opr     | return value |
|ap_idle                    | out |    1| ap_ctrl_hs |     FAST_t_opr     | return value |
|ap_ready                   | out |    1| ap_ctrl_hs |     FAST_t_opr     | return value |
|src_rows_V_dout            |  in |   32|   ap_fifo  |     src_rows_V     |    pointer   |
|src_rows_V_empty_n         |  in |    1|   ap_fifo  |     src_rows_V     |    pointer   |
|src_rows_V_read            | out |    1|   ap_fifo  |     src_rows_V     |    pointer   |
|src_cols_V_dout            |  in |   32|   ap_fifo  |     src_cols_V     |    pointer   |
|src_cols_V_empty_n         |  in |    1|   ap_fifo  |     src_cols_V     |    pointer   |
|src_cols_V_read            | out |    1|   ap_fifo  |     src_cols_V     |    pointer   |
|src_data_stream_V_dout     |  in |    8|   ap_fifo  |  src_data_stream_V |    pointer   |
|src_data_stream_V_empty_n  |  in |    1|   ap_fifo  |  src_data_stream_V |    pointer   |
|src_data_stream_V_read     | out |    1|   ap_fifo  |  src_data_stream_V |    pointer   |
|keypoints_val_address0     | out |   11|  ap_memory |    keypoints_val   |     array    |
|keypoints_val_ce0          | out |    1|  ap_memory |    keypoints_val   |     array    |
|keypoints_val_we0          | out |    1|  ap_memory |    keypoints_val   |     array    |
|keypoints_val_d0           | out |   16|  ap_memory |    keypoints_val   |     array    |
|keypoints_val_address1     | out |   11|  ap_memory |    keypoints_val   |     array    |
|keypoints_val_ce1          | out |    1|  ap_memory |    keypoints_val   |     array    |
|keypoints_val_we1          | out |    1|  ap_memory |    keypoints_val   |     array    |
|keypoints_val_d1           | out |   16|  ap_memory |    keypoints_val   |     array    |
|keypoints_rows_dout        |  in |    3|   ap_fifo  |   keypoints_rows   |    pointer   |
|keypoints_rows_empty_n     |  in |    1|   ap_fifo  |   keypoints_rows   |    pointer   |
|keypoints_rows_read        | out |    1|   ap_fifo  |   keypoints_rows   |    pointer   |
|keypoints_cols_dout        |  in |   11|   ap_fifo  |   keypoints_cols   |    pointer   |
|keypoints_cols_empty_n     |  in |    1|   ap_fifo  |   keypoints_cols   |    pointer   |
|keypoints_cols_read        | out |    1|   ap_fifo  |   keypoints_cols   |    pointer   |
|threshold_dout             |  in |    8|   ap_fifo  |      threshold     |    pointer   |
|threshold_empty_n          |  in |    1|   ap_fifo  |      threshold     |    pointer   |
|threshold_read             | out |    1|   ap_fifo  |      threshold     |    pointer   |
|keypoints_rows_out_din     | out |    3|   ap_fifo  | keypoints_rows_out |    pointer   |
|keypoints_rows_out_full_n  |  in |    1|   ap_fifo  | keypoints_rows_out |    pointer   |
|keypoints_rows_out_write   | out |    1|   ap_fifo  | keypoints_rows_out |    pointer   |
|keypoints_cols_out_din     | out |   11|   ap_fifo  | keypoints_cols_out |    pointer   |
|keypoints_cols_out_full_n  |  in |    1|   ap_fifo  | keypoints_cols_out |    pointer   |
|keypoints_cols_out_write   | out |    1|   ap_fifo  | keypoints_cols_out |    pointer   |
+---------------------------+-----+-----+------------+--------------------+--------------+

