

================================================================
== Vivado HLS Report for 'FAST2_Core'
================================================================
* Date:           Tue Dec  4 15:05:10 2018

* Version:        2018.2 (Build 2258646 on Thu Jun 14 20:25:20 MDT 2018)
* Project:        FAST
* Solution:       solution1
* Product family: virtex7
* Target device:  xc7vx690tffg1761-3


================================================================
== Performance Estimates
================================================================
+ Timing (ns): 
    * Summary: 
    +--------+-------+----------+------------+
    |  Clock | Target| Estimated| Uncertainty|
    +--------+-------+----------+------------+
    |ap_clk  |  20.00|    17.490|        2.50|
    +--------+-------+----------+------------+

+ Latency (clock cycles): 
    * Summary: 
    +-----+-----+-----+-----+----------+
    |  Latency  |  Interval | Pipeline |
    | min | max | min | max |   Type   |
    +-----+-----+-----+-----+----------+
    |    ?|    ?|    ?|    ?| dataflow |
    +-----+-----+-----+-----+----------+

    + Detail: 
        * Instance: 
        +-------------------------+----------------------+-----+-------+-----+-------+---------+
        |                         |                      |   Latency   |   Interval  | Pipeline|
        |         Instance        |        Module        | min |  max  | min |  max  |   Type  |
        +-------------------------+----------------------+-----+-------+-----+-------+---------+
        |FAST_t_opr_U0            |FAST_t_opr            |    ?|      ?|    ?|      ?|   none  |
        |AXIvideo2Mat_U0          |AXIvideo2Mat          |    3|  78483|    3|  78483|   none  |
        |Mat2AXIvideo_U0          |Mat2AXIvideo          |    1|   2009|    1|   2009|   none  |
        |CvtColor_U0              |CvtColor              |    1|  77521|    1|  77521|   none  |
        |Array2D2Mat_U0           |Array2D2Mat           |    1|   2007|    1|   2007|   none  |
        |Block_Mat_exit10_pro_U0  |Block_Mat_exit10_pro  |    0|      0|    0|      0|   none  |
        +-------------------------+----------------------+-----+-------+-----+-------+---------+

        * Loop: 
        N/A



================================================================
== Utilization Estimates
================================================================
* Summary: 
+-----------------+---------+-------+--------+--------+
|       Name      | BRAM_18K| DSP48E|   FF   |   LUT  |
+-----------------+---------+-------+--------+--------+
|DSP              |        -|      -|       -|       -|
|Expression       |        -|      -|       0|      32|
|FIFO             |        0|      -|      90|     509|
|Instance         |        8|      3|    6061|   10840|
|Memory           |        2|      -|       0|       0|
|Multiplexer      |        -|      -|       -|      36|
|Register         |        -|      -|       6|       -|
+-----------------+---------+-------+--------+--------+
|Total            |       10|      3|    6157|   11417|
+-----------------+---------+-------+--------+--------+
|Available        |     2940|   3600|  866400|  433200|
+-----------------+---------+-------+--------+--------+
|Utilization (%)  |    ~0   |   ~0  |   ~0   |       2|
+-----------------+---------+-------+--------+--------+

+ Detail: 
    * Instance: 
    +-------------------------+-----------------------+---------+-------+------+------+
    |         Instance        |         Module        | BRAM_18K| DSP48E|  FF  |  LUT |
    +-------------------------+-----------------------+---------+-------+------+------+
    |AXIvideo2Mat_U0          |AXIvideo2Mat           |        0|      0|   393|   547|
    |Array2D2Mat_U0           |Array2D2Mat            |        0|      0|    61|   229|
    |Block_Mat_exit10_pro_U0  |Block_Mat_exit10_pro   |        0|      0|     3|    83|
    |CvtColor_U0              |CvtColor               |        0|      3|   165|   272|
    |FAST2_Core_ctrl_s_axi_U  |FAST2_Core_ctrl_s_axi  |        0|      0|   126|   184|
    |FAST_t_opr_U0            |FAST_t_opr             |        8|      0|  5048|  9056|
    |Mat2AXIvideo_U0          |Mat2AXIvideo           |        0|      0|   265|   469|
    +-------------------------+-----------------------+---------+-------+------+------+
    |Total                    |                       |        8|      3|  6061| 10840|
    +-------------------------+-----------------------+---------+-------+------+------+

    * DSP48: 
    N/A

    * Memory: 
    +-----------------+----------------------+---------+---+----+------+-----+------+-------------+
    |      Memory     |        Module        | BRAM_18K| FF| LUT| Words| Bits| Banks| W*Bits*Banks|
    +-----------------+----------------------+---------+---+----+------+-----+------+-------------+
    |keypoints_val_U  |FAST2_Core_keypoimb6  |        2|  0|   0|  2000|   16|     2|        64000|
    +-----------------+----------------------+---------+---+----+------+-----+------+-------------+
    |Total            |                      |        2|  0|   0|  2000|   16|     2|        64000|
    +-----------------+----------------------+---------+---+----+------+-----+------+-------------+

    * FIFO: 
    +------------------------+---------+---+----+------+-----+---------+
    |          Name          | BRAM_18K| FF| LUT| Depth| Bits| Size:D*B|
    +------------------------+---------+---+----+------+-----+---------+
    |dst_cols_V_c_U          |        0|  5|  23|     2|   11|       22|
    |dst_data_stream_0_V_U   |        0|  5|  28|     2|   16|       32|
    |dst_rows_V_c_U          |        0|  5|  16|     2|    3|        6|
    |gray_cols_V_c_U         |        0|  5|  44|     4|   32|      128|
    |gray_data_stream_0_s_U  |        0|  5|  20|     2|    8|       16|
    |gray_rows_V_c_U         |        0|  5|  44|     4|   32|      128|
    |keypoints_cols_c26_U    |        0|  5|  23|     2|   11|       22|
    |keypoints_cols_c_U      |        0|  5|  23|     4|   11|       44|
    |keypoints_rows_c25_U    |        0|  5|  16|     2|    3|        6|
    |keypoints_rows_c_U      |        0|  5|  16|     4|    3|       12|
    |src_cols_V_c24_U        |        0|  5|  44|     2|   32|       64|
    |src_cols_V_c_U          |        0|  5|  44|     2|   32|       64|
    |src_data_stream_0_V_U   |        0|  5|  20|     2|    8|       16|
    |src_data_stream_1_V_U   |        0|  5|  20|     2|    8|       16|
    |src_data_stream_2_V_U   |        0|  5|  20|     2|    8|       16|
    |src_rows_V_c23_U        |        0|  5|  44|     2|   32|       64|
    |src_rows_V_c_U          |        0|  5|  44|     2|   32|       64|
    |threhold_c_U            |        0|  5|  20|     4|    8|       32|
    +------------------------+---------+---+----+------+-----+---------+
    |Total                   |        0| 90| 509|    46|  290|      752|
    +------------------------+---------+---+----+------+-----+---------+

    * Expression: 
    +------------------------------------------+----------+-------+---+----+------------+------------+
    |               Variable Name              | Operation| DSP48E| FF| LUT| Bitwidth P0| Bitwidth P1|
    +------------------------------------------+----------+-------+---+----+------------+------------+
    |AXIvideo2Mat_U0_ap_ready_count            |     +    |      0|  0|  10|           2|           1|
    |Block_Mat_exit10_pro_U0_ap_ready_count    |     +    |      0|  0|  10|           2|           1|
    |AXIvideo2Mat_U0_ap_start                  |    and   |      0|  0|   2|           1|           1|
    |Block_Mat_exit10_pro_U0_ap_start          |    and   |      0|  0|   2|           1|           1|
    |ap_idle                                   |    and   |      0|  0|   2|           1|           1|
    |ap_sync_ready                             |    and   |      0|  0|   2|           1|           1|
    |ap_sync_AXIvideo2Mat_U0_ap_ready          |    or    |      0|  0|   2|           1|           1|
    |ap_sync_Block_Mat_exit10_pro_U0_ap_ready  |    or    |      0|  0|   2|           1|           1|
    +------------------------------------------+----------+-------+---+----+------------+------------+
    |Total                                     |          |      0|  0|  32|          10|           8|
    +------------------------------------------+----------+-------+---+----+------------+------------+

    * Multiplexer: 
    +----------------------------------------------+----+-----------+-----+-----------+
    |                     Name                     | LUT| Input Size| Bits| Total Bits|
    +----------------------------------------------+----+-----------+-----+-----------+
    |AXIvideo2Mat_U0_ap_ready_count                |   9|          2|    2|          4|
    |Block_Mat_exit10_pro_U0_ap_ready_count        |   9|          2|    2|          4|
    |ap_sync_reg_AXIvideo2Mat_U0_ap_ready          |   9|          2|    1|          2|
    |ap_sync_reg_Block_Mat_exit10_pro_U0_ap_ready  |   9|          2|    1|          2|
    +----------------------------------------------+----+-----------+-----+-----------+
    |Total                                         |  36|          8|    6|         12|
    +----------------------------------------------+----+-----------+-----+-----------+

    * Register: 
    +----------------------------------------------+---+----+-----+-----------+
    |                     Name                     | FF| LUT| Bits| Const Bits|
    +----------------------------------------------+---+----+-----+-----------+
    |AXIvideo2Mat_U0_ap_ready_count                |  2|   0|    2|          0|
    |Block_Mat_exit10_pro_U0_ap_ready_count        |  2|   0|    2|          0|
    |ap_sync_reg_AXIvideo2Mat_U0_ap_ready          |  1|   0|    1|          0|
    |ap_sync_reg_Block_Mat_exit10_pro_U0_ap_ready  |  1|   0|    1|          0|
    +----------------------------------------------+---+----+-----+-----------+
    |Total                                         |  6|   0|    6|          0|
    +----------------------------------------------+---+----+-----+-----------+



================================================================
== Interface
================================================================
* Summary: 
+--------------------+-----+-----+------------+-------------------+--------------+
|      RTL Ports     | Dir | Bits|  Protocol  |   Source Object   |    C Type    |
+--------------------+-----+-----+------------+-------------------+--------------+
|s_axi_ctrl_AWVALID  |  in |    1|    s_axi   |        ctrl       |    scalar    |
|s_axi_ctrl_AWREADY  | out |    1|    s_axi   |        ctrl       |    scalar    |
|s_axi_ctrl_AWADDR   |  in |    6|    s_axi   |        ctrl       |    scalar    |
|s_axi_ctrl_WVALID   |  in |    1|    s_axi   |        ctrl       |    scalar    |
|s_axi_ctrl_WREADY   | out |    1|    s_axi   |        ctrl       |    scalar    |
|s_axi_ctrl_WDATA    |  in |   32|    s_axi   |        ctrl       |    scalar    |
|s_axi_ctrl_WSTRB    |  in |    4|    s_axi   |        ctrl       |    scalar    |
|s_axi_ctrl_ARVALID  |  in |    1|    s_axi   |        ctrl       |    scalar    |
|s_axi_ctrl_ARREADY  | out |    1|    s_axi   |        ctrl       |    scalar    |
|s_axi_ctrl_ARADDR   |  in |    6|    s_axi   |        ctrl       |    scalar    |
|s_axi_ctrl_RVALID   | out |    1|    s_axi   |        ctrl       |    scalar    |
|s_axi_ctrl_RREADY   |  in |    1|    s_axi   |        ctrl       |    scalar    |
|s_axi_ctrl_RDATA    | out |   32|    s_axi   |        ctrl       |    scalar    |
|s_axi_ctrl_RRESP    | out |    2|    s_axi   |        ctrl       |    scalar    |
|s_axi_ctrl_BVALID   | out |    1|    s_axi   |        ctrl       |    scalar    |
|s_axi_ctrl_BREADY   |  in |    1|    s_axi   |        ctrl       |    scalar    |
|s_axi_ctrl_BRESP    | out |    2|    s_axi   |        ctrl       |    scalar    |
|ap_clk              |  in |    1| ap_ctrl_hs |     FAST2_Core    | return value |
|ap_rst_n            |  in |    1| ap_ctrl_hs |     FAST2_Core    | return value |
|interrupt           | out |    1| ap_ctrl_hs |     FAST2_Core    | return value |
|src_axis_TDATA      |  in |   32|    axis    | src_axis_V_data_V |    pointer   |
|src_axis_TKEEP      |  in |    4|    axis    | src_axis_V_keep_V |    pointer   |
|src_axis_TSTRB      |  in |    4|    axis    | src_axis_V_strb_V |    pointer   |
|src_axis_TUSER      |  in |    1|    axis    | src_axis_V_user_V |    pointer   |
|src_axis_TLAST      |  in |    1|    axis    | src_axis_V_last_V |    pointer   |
|src_axis_TID        |  in |    1|    axis    |  src_axis_V_id_V  |    pointer   |
|src_axis_TDEST      |  in |    1|    axis    | src_axis_V_dest_V |    pointer   |
|src_axis_TVALID     |  in |    1|    axis    | src_axis_V_dest_V |    pointer   |
|src_axis_TREADY     | out |    1|    axis    | src_axis_V_dest_V |    pointer   |
|dst_axis_TDATA      | out |   16|    axis    | dst_axis_V_data_V |    pointer   |
|dst_axis_TKEEP      | out |    2|    axis    | dst_axis_V_keep_V |    pointer   |
|dst_axis_TSTRB      | out |    2|    axis    | dst_axis_V_strb_V |    pointer   |
|dst_axis_TUSER      | out |    1|    axis    | dst_axis_V_user_V |    pointer   |
|dst_axis_TLAST      | out |    1|    axis    | dst_axis_V_last_V |    pointer   |
|dst_axis_TID        | out |    1|    axis    |  dst_axis_V_id_V  |    pointer   |
|dst_axis_TDEST      | out |    1|    axis    | dst_axis_V_dest_V |    pointer   |
|dst_axis_TVALID     | out |    1|    axis    | dst_axis_V_dest_V |    pointer   |
|dst_axis_TREADY     |  in |    1|    axis    | dst_axis_V_dest_V |    pointer   |
+--------------------+-----+-----+------------+-------------------+--------------+

