

================================================================
== Vivado HLS Report for 'AXIvideo2Mat'
================================================================
* Date:           Wed Dec  5 01:56:04 2018

* Version:        2018.2 (Build 2258646 on Thu Jun 14 20:25:20 MDT 2018)
* Project:        Haaris
* Solution:       solution1
* Product family: virtex7
* Target device:  xc7vx690tffg1761-3


================================================================
== Performance Estimates
================================================================
+ Timing (ns): 
    * Summary: 
    +--------+-------+----------+------------+
    |  Clock | Target| Estimated| Uncertainty|
    +--------+-------+----------+------------+
    |ap_clk  |  10.00|     4.520|        1.25|
    +--------+-------+----------+------------+

+ Latency (clock cycles): 
    * Summary: 
    +-----+-------+-----+-------+---------+
    |   Latency   |   Interval  | Pipeline|
    | min |  max  | min |  max  |   Type  |
    +-----+-------+-----+-------+---------+
    |    3|  67331|    3|  67331|   none  |
    +-----+-------+-----+-------+---------+

    + Detail: 
        * Instance: 
        N/A

        * Loop: 
        +-----------------------+-----+-------+----------+-----------+-----------+---------+----------+
        |                       |   Latency   | Iteration|  Initiation Interval  |   Trip  |          |
        |       Loop Name       | min |  max  |  Latency |  achieved |   target  |  Count  | Pipelined|
        +-----------------------+-----+-------+----------+-----------+-----------+---------+----------+
        |- loop_wait_for_start  |    0|      0|         1|          1|          1|        0|    yes   |
        |- loop_height          |    0|  67328|  7 ~ 263 |          -|          -| 0 ~ 256 |    no    |
        | + loop_width          |    1|    257|         2|          1|          1| 0 ~ 256 |    yes   |
        | + loop_wait_for_eol   |    1|      1|         2|          1|          1|        0|    yes   |
        +-----------------------+-----+-------+----------+-----------+-----------+---------+----------+



================================================================
== Utilization Estimates
================================================================
* Summary: 
+-----------------+---------+-------+--------+--------+
|       Name      | BRAM_18K| DSP48E|   FF   |   LUT  |
+-----------------+---------+-------+--------+--------+
|DSP              |        -|      -|       -|       -|
|Expression       |        -|      -|       0|     170|
|FIFO             |        -|      -|       -|       -|
|Instance         |        -|      -|       -|       -|
|Memory           |        -|      -|       -|       -|
|Multiplexer      |        -|      -|       -|     377|
|Register         |        -|      -|     393|       -|
+-----------------+---------+-------+--------+--------+
|Total            |        0|      0|     393|     547|
+-----------------+---------+-------+--------+--------+
|Available        |     2940|   3600|  866400|  433200|
+-----------------+---------+-------+--------+--------+
|Utilization (%)  |        0|      0|   ~0   |   ~0   |
+-----------------+---------+-------+--------+--------+

+ Detail: 
    * Instance: 
    N/A

    * DSP48: 
    N/A

    * Memory: 
    N/A

    * FIFO: 
    N/A

    * Expression: 
    +------------------------------------------+----------+-------+---+----+------------+------------+
    |               Variable Name              | Operation| DSP48E| FF| LUT| Bitwidth P0| Bitwidth P1|
    +------------------------------------------+----------+-------+---+----+------------+------------+
    |i_V_fu_323_p2                             |     +    |      0|  0|  39|          32|           1|
    |j_V_fu_334_p2                             |     +    |      0|  0|  39|          32|           1|
    |AXI_video_strm_V_data_V_0_load_A          |    and   |      0|  0|   2|           1|           1|
    |AXI_video_strm_V_data_V_0_load_B          |    and   |      0|  0|   2|           1|           1|
    |AXI_video_strm_V_last_V_0_load_A          |    and   |      0|  0|   2|           1|           1|
    |AXI_video_strm_V_last_V_0_load_B          |    and   |      0|  0|   2|           1|           1|
    |AXI_video_strm_V_user_V_0_load_A          |    and   |      0|  0|   2|           1|           1|
    |AXI_video_strm_V_user_V_0_load_B          |    and   |      0|  0|   2|           1|           1|
    |ap_block_pp1_stage0_01001                 |    and   |      0|  0|   2|           1|           1|
    |ap_block_pp2_stage0_11001                 |    and   |      0|  0|   2|           1|           1|
    |ap_block_state9_pp2_stage0_iter1          |    and   |      0|  0|   2|           1|           1|
    |ap_condition_529                          |    and   |      0|  0|   2|           1|           1|
    |ap_predicate_op71_read_state6             |    and   |      0|  0|   2|           1|           1|
    |AXI_video_strm_V_data_V_0_state_cmp_full  |   icmp   |      0|  0|   8|           2|           1|
    |AXI_video_strm_V_last_V_0_state_cmp_full  |   icmp   |      0|  0|   8|           2|           1|
    |AXI_video_strm_V_user_V_0_state_cmp_full  |   icmp   |      0|  0|   8|           2|           1|
    |exitcond9_i_fu_318_p2                     |   icmp   |      0|  0|  18|          32|          32|
    |exitcond_i_fu_329_p2                      |   icmp   |      0|  0|  18|          32|          32|
    |ap_block_state1                           |    or    |      0|  0|   2|           1|           1|
    |ap_block_state6_pp1_stage0_iter1          |    or    |      0|  0|   2|           1|           1|
    |brmerge_i_fu_343_p2                       |    or    |      0|  0|   2|           1|           1|
    |ap_enable_pp1                             |    xor   |      0|  0|   2|           1|           2|
    |ap_enable_pp2                             |    xor   |      0|  0|   2|           1|           2|
    +------------------------------------------+----------+-------+---+----+------------+------------+
    |Total                                     |          |      0|  0| 170|         150|          87|
    +------------------------------------------+----------+-------+---+----+------------+------------+

    * Multiplexer: 
    +-----------------------------------------+----+-----------+-----+-----------+
    |                   Name                  | LUT| Input Size| Bits| Total Bits|
    +-----------------------------------------+----+-----------+-----+-----------+
    |AXI_video_strm_V_data_V_0_data_out       |   9|          2|   32|         64|
    |AXI_video_strm_V_data_V_0_state          |  15|          3|    2|          6|
    |AXI_video_strm_V_dest_V_0_state          |  15|          3|    2|          6|
    |AXI_video_strm_V_last_V_0_data_out       |   9|          2|    1|          2|
    |AXI_video_strm_V_last_V_0_state          |  15|          3|    2|          6|
    |AXI_video_strm_V_user_V_0_data_out       |   9|          2|    1|          2|
    |AXI_video_strm_V_user_V_0_state          |  15|          3|    2|          6|
    |ap_NS_fsm                                |  44|          9|    1|          9|
    |ap_done                                  |   9|          2|    1|          2|
    |ap_enable_reg_pp1_iter1                  |   9|          2|    1|          2|
    |ap_enable_reg_pp2_iter1                  |   9|          2|    1|          2|
    |ap_phi_mux_axi_last_V_2_i_phi_fu_244_p4  |  15|          3|    1|          3|
    |ap_phi_mux_eol_2_i_phi_fu_267_p4         |   9|          2|    1|          2|
    |ap_phi_mux_eol_i_phi_fu_209_p4           |   9|          2|    1|          2|
    |ap_phi_mux_p_Val2_s_phi_fu_256_p4        |  15|          3|   32|         96|
    |axi_data_V1_i_reg_173                    |   9|          2|   32|         64|
    |axi_data_V_1_i_reg_228                   |   9|          2|   32|         64|
    |axi_data_V_3_i_reg_287                   |   9|          2|   32|         64|
    |axi_last_V1_i_reg_163                    |   9|          2|    1|          2|
    |axi_last_V_3_i_reg_275                   |   9|          2|    1|          2|
    |eol_2_i_reg_264                          |   9|          2|    1|          2|
    |eol_i_reg_205                            |   9|          2|    1|          2|
    |eol_reg_217                              |   9|          2|    1|          2|
    |img_cols_V_blk_n                         |   9|          2|    1|          2|
    |img_cols_V_out_blk_n                     |   9|          2|    1|          2|
    |img_data_stream_0_V_blk_n                |   9|          2|    1|          2|
    |img_data_stream_1_V_blk_n                |   9|          2|    1|          2|
    |img_data_stream_2_V_blk_n                |   9|          2|    1|          2|
    |img_rows_V_blk_n                         |   9|          2|    1|          2|
    |img_rows_V_out_blk_n                     |   9|          2|    1|          2|
    |real_start                               |   9|          2|    1|          2|
    |src_axis_TDATA_blk_n                     |   9|          2|    1|          2|
    |t_V_18_reg_194                           |   9|          2|   32|         64|
    |t_V_reg_183                              |   9|          2|   32|         64|
    +-----------------------------------------+----+-----------+-----+-----------+
    |Total                                    | 377|         81|  255|        558|
    +-----------------------------------------+----+-----------+-----+-----------+

    * Register: 
    +-------------------------------------+----+----+-----+-----------+
    |                 Name                | FF | LUT| Bits| Const Bits|
    +-------------------------------------+----+----+-----+-----------+
    |AXI_video_strm_V_data_V_0_payload_A  |  32|   0|   32|          0|
    |AXI_video_strm_V_data_V_0_payload_B  |  32|   0|   32|          0|
    |AXI_video_strm_V_data_V_0_sel_rd     |   1|   0|    1|          0|
    |AXI_video_strm_V_data_V_0_sel_wr     |   1|   0|    1|          0|
    |AXI_video_strm_V_data_V_0_state      |   2|   0|    2|          0|
    |AXI_video_strm_V_dest_V_0_state      |   2|   0|    2|          0|
    |AXI_video_strm_V_last_V_0_payload_A  |   1|   0|    1|          0|
    |AXI_video_strm_V_last_V_0_payload_B  |   1|   0|    1|          0|
    |AXI_video_strm_V_last_V_0_sel_rd     |   1|   0|    1|          0|
    |AXI_video_strm_V_last_V_0_sel_wr     |   1|   0|    1|          0|
    |AXI_video_strm_V_last_V_0_state      |   2|   0|    2|          0|
    |AXI_video_strm_V_user_V_0_payload_A  |   1|   0|    1|          0|
    |AXI_video_strm_V_user_V_0_payload_B  |   1|   0|    1|          0|
    |AXI_video_strm_V_user_V_0_sel_rd     |   1|   0|    1|          0|
    |AXI_video_strm_V_user_V_0_sel_wr     |   1|   0|    1|          0|
    |AXI_video_strm_V_user_V_0_state      |   2|   0|    2|          0|
    |ap_CS_fsm                            |   8|   0|    8|          0|
    |ap_done_reg                          |   1|   0|    1|          0|
    |ap_enable_reg_pp1_iter0              |   1|   0|    1|          0|
    |ap_enable_reg_pp1_iter1              |   1|   0|    1|          0|
    |ap_enable_reg_pp2_iter0              |   1|   0|    1|          0|
    |ap_enable_reg_pp2_iter1              |   1|   0|    1|          0|
    |axi_data_V1_i_reg_173                |  32|   0|   32|          0|
    |axi_data_V_1_i_reg_228               |  32|   0|   32|          0|
    |axi_data_V_3_i_reg_287               |  32|   0|   32|          0|
    |axi_last_V1_i_reg_163                |   1|   0|    1|          0|
    |axi_last_V_3_i_reg_275               |   1|   0|    1|          0|
    |brmerge_i_reg_429                    |   1|   0|    1|          0|
    |cols_V_reg_386                       |  32|   0|   32|          0|
    |eol_2_i_reg_264                      |   1|   0|    1|          0|
    |eol_i_reg_205                        |   1|   0|    1|          0|
    |eol_reg_217                          |   1|   0|    1|          0|
    |exitcond_i_reg_420                   |   1|   0|    1|          0|
    |i_V_reg_415                          |  32|   0|   32|          0|
    |rows_V_reg_381                       |  32|   0|   32|          0|
    |sof_1_i_fu_92                        |   1|   0|    1|          0|
    |start_once_reg                       |   1|   0|    1|          0|
    |t_V_18_reg_194                       |  32|   0|   32|          0|
    |t_V_reg_183                          |  32|   0|   32|          0|
    |tmp_data_V_reg_391                   |  32|   0|   32|          0|
    |tmp_last_V_reg_399                   |   1|   0|    1|          0|
    +-------------------------------------+----+----+-----+-----------+
    |Total                                | 393|   0|  393|          0|
    +-------------------------------------+----+----+-----+-----------+



================================================================
== Interface
================================================================
* Summary: 
+----------------------------+-----+-----+------------+-------------------------+--------------+
|          RTL Ports         | Dir | Bits|  Protocol  |      Source Object      |    C Type    |
+----------------------------+-----+-----+------------+-------------------------+--------------+
|ap_clk                      |  in |    1| ap_ctrl_hs |       AXIvideo2Mat      | return value |
|ap_rst                      |  in |    1| ap_ctrl_hs |       AXIvideo2Mat      | return value |
|ap_start                    |  in |    1| ap_ctrl_hs |       AXIvideo2Mat      | return value |
|start_full_n                |  in |    1| ap_ctrl_hs |       AXIvideo2Mat      | return value |
|ap_done                     | out |    1| ap_ctrl_hs |       AXIvideo2Mat      | return value |
|ap_continue                 |  in |    1| ap_ctrl_hs |       AXIvideo2Mat      | return value |
|ap_idle                     | out |    1| ap_ctrl_hs |       AXIvideo2Mat      | return value |
|ap_ready                    | out |    1| ap_ctrl_hs |       AXIvideo2Mat      | return value |
|start_out                   | out |    1| ap_ctrl_hs |       AXIvideo2Mat      | return value |
|start_write                 | out |    1| ap_ctrl_hs |       AXIvideo2Mat      | return value |
|src_axis_TDATA              |  in |   32|    axis    | AXI_video_strm_V_data_V |    pointer   |
|src_axis_TVALID             |  in |    1|    axis    | AXI_video_strm_V_dest_V |    pointer   |
|src_axis_TREADY             | out |    1|    axis    | AXI_video_strm_V_dest_V |    pointer   |
|src_axis_TDEST              |  in |    1|    axis    | AXI_video_strm_V_dest_V |    pointer   |
|src_axis_TKEEP              |  in |    4|    axis    | AXI_video_strm_V_keep_V |    pointer   |
|src_axis_TSTRB              |  in |    4|    axis    | AXI_video_strm_V_strb_V |    pointer   |
|src_axis_TUSER              |  in |    1|    axis    | AXI_video_strm_V_user_V |    pointer   |
|src_axis_TLAST              |  in |    1|    axis    | AXI_video_strm_V_last_V |    pointer   |
|src_axis_TID                |  in |    1|    axis    |  AXI_video_strm_V_id_V  |    pointer   |
|img_rows_V_dout             |  in |   32|   ap_fifo  |        img_rows_V       |    pointer   |
|img_rows_V_empty_n          |  in |    1|   ap_fifo  |        img_rows_V       |    pointer   |
|img_rows_V_read             | out |    1|   ap_fifo  |        img_rows_V       |    pointer   |
|img_cols_V_dout             |  in |   32|   ap_fifo  |        img_cols_V       |    pointer   |
|img_cols_V_empty_n          |  in |    1|   ap_fifo  |        img_cols_V       |    pointer   |
|img_cols_V_read             | out |    1|   ap_fifo  |        img_cols_V       |    pointer   |
|img_data_stream_0_V_din     | out |    8|   ap_fifo  |   img_data_stream_0_V   |    pointer   |
|img_data_stream_0_V_full_n  |  in |    1|   ap_fifo  |   img_data_stream_0_V   |    pointer   |
|img_data_stream_0_V_write   | out |    1|   ap_fifo  |   img_data_stream_0_V   |    pointer   |
|img_data_stream_1_V_din     | out |    8|   ap_fifo  |   img_data_stream_1_V   |    pointer   |
|img_data_stream_1_V_full_n  |  in |    1|   ap_fifo  |   img_data_stream_1_V   |    pointer   |
|img_data_stream_1_V_write   | out |    1|   ap_fifo  |   img_data_stream_1_V   |    pointer   |
|img_data_stream_2_V_din     | out |    8|   ap_fifo  |   img_data_stream_2_V   |    pointer   |
|img_data_stream_2_V_full_n  |  in |    1|   ap_fifo  |   img_data_stream_2_V   |    pointer   |
|img_data_stream_2_V_write   | out |    1|   ap_fifo  |   img_data_stream_2_V   |    pointer   |
|img_rows_V_out_din          | out |   32|   ap_fifo  |      img_rows_V_out     |    pointer   |
|img_rows_V_out_full_n       |  in |    1|   ap_fifo  |      img_rows_V_out     |    pointer   |
|img_rows_V_out_write        | out |    1|   ap_fifo  |      img_rows_V_out     |    pointer   |
|img_cols_V_out_din          | out |   32|   ap_fifo  |      img_cols_V_out     |    pointer   |
|img_cols_V_out_full_n       |  in |    1|   ap_fifo  |      img_cols_V_out     |    pointer   |
|img_cols_V_out_write        | out |    1|   ap_fifo  |      img_cols_V_out     |    pointer   |
+----------------------------+-----+-----+------------+-------------------------+--------------+

============================================================
+ Verbose Summary: Synthesis Manager
============================================================
InlineROM: 1
ExposeGlobal: 0
============================================================
+ Verbose Summary: CDFG Model
============================================================
IsTopModel: 0
ResetActiveHigh: 1
IsCombinational: 2
IsDatapathOnly: 0
HasWiredReturn: 1
HasMFsm: 0
HasVarLatency: 1
IsPipeline: 0
IsRtlPipelined: 0
IsInstanceOverlapped: 0
IsDontTouch: 0
HasImplIP: 0
IsGatedGlobalClock: 0

+ Individual pipeline summary: 
  * Pipeline-0: initiation interval (II) = 1, depth = 1
  * Pipeline-1: initiation interval (II) = 1, depth = 2
  * Pipeline-2: initiation interval (II) = 1, depth = 2


============================================================
+ Verbose Summary: Schedule
============================================================
* Number of FSM states : 10
* Pipeline : 3
  Pipeline-0 : II = 1, D = 1, States = { 2 }
  Pipeline-1 : II = 1, D = 2, States = { 5 6 }
  Pipeline-2 : II = 1, D = 2, States = { 8 9 }
* Dataflow Pipeline: 0

* FSM state transitions: 
1 --> 
	2  / true
2 --> 
	3  / (tmp_user_V)
	2  / (!tmp_user_V)
3 --> 
	4  / true
4 --> 
	5  / (!exitcond9_i)
5 --> 
	6  / true
6 --> 
	7  / (exitcond_i)
	5  / (!exitcond_i)
7 --> 
	8  / true
8 --> 
	9  / true
9 --> 
	10  / (eol_2_i)
	8  / (!eol_2_i)
10 --> 
	4  / true

* FSM state operations: 

State 1 <SV = 0> <Delay = 4.52>
ST_1 : Operation 11 [1/1] (0.00ns)   --->   "call void (...)* @_ssdm_op_SpecInterface(i8* %img_data_stream_2_V, [8 x i8]* @ap_fifo_str, i32 0, i32 0, [1 x i8]* @p_str, i32 0, i32 0, [1 x i8]* @p_str, [1 x i8]* @p_str, [1 x i8]* @p_str, i32 2, i32 2, i32 16, i32 16, [1 x i8]* @p_str, [1 x i8]* @p_str)"   --->   Operation 11 'specinterface' <Predicate = true> <Delay = 0.00>
ST_1 : Operation 12 [1/1] (0.00ns)   --->   "call void (...)* @_ssdm_op_SpecInterface(i8* %img_data_stream_1_V, [8 x i8]* @ap_fifo_str, i32 0, i32 0, [1 x i8]* @p_str, i32 0, i32 0, [1 x i8]* @p_str, [1 x i8]* @p_str, [1 x i8]* @p_str, i32 2, i32 2, i32 16, i32 16, [1 x i8]* @p_str, [1 x i8]* @p_str)"   --->   Operation 12 'specinterface' <Predicate = true> <Delay = 0.00>
ST_1 : Operation 13 [1/1] (0.00ns)   --->   "call void (...)* @_ssdm_op_SpecInterface(i8* %img_data_stream_0_V, [8 x i8]* @ap_fifo_str, i32 0, i32 0, [1 x i8]* @p_str, i32 0, i32 0, [1 x i8]* @p_str, [1 x i8]* @p_str, [1 x i8]* @p_str, i32 2, i32 2, i32 16, i32 16, [1 x i8]* @p_str, [1 x i8]* @p_str)"   --->   Operation 13 'specinterface' <Predicate = true> <Delay = 0.00>
ST_1 : Operation 14 [1/1] (0.00ns)   --->   "call void (...)* @_ssdm_op_SpecInterface(i32* %AXI_video_strm_V_data_V, i4* %AXI_video_strm_V_keep_V, i4* %AXI_video_strm_V_strb_V, i1* %AXI_video_strm_V_user_V, i1* %AXI_video_strm_V_last_V, i1* %AXI_video_strm_V_id_V, i1* %AXI_video_strm_V_dest_V, [5 x i8]* @p_str2, i32 1, i32 1, [5 x i8]* @p_str3, i32 0, i32 0, [1 x i8]* @p_str, [1 x i8]* @p_str, [1 x i8]* @p_str, i32 0, i32 0, i32 0, i32 0, [1 x i8]* @p_str, [1 x i8]* @p_str) nounwind"   --->   Operation 14 'specinterface' <Predicate = true> <Delay = 0.00>
ST_1 : Operation 15 [1/1] (0.00ns)   --->   "call void (...)* @_ssdm_op_SpecInterface(i32* %AXI_video_strm_V_data_V, i4* %AXI_video_strm_V_keep_V, i4* %AXI_video_strm_V_strb_V, i1* %AXI_video_strm_V_user_V, i1* %AXI_video_strm_V_last_V, i1* %AXI_video_strm_V_id_V, i1* %AXI_video_strm_V_dest_V, [5 x i8]* @p_str2, i32 1, i32 1, [5 x i8]* @p_str3, i32 0, i32 0, [1 x i8]* @p_str, [1 x i8]* @p_str, [1 x i8]* @p_str, i32 0, i32 0, i32 0, i32 0, [1 x i8]* @p_str, [1 x i8]* @p_str) nounwind"   --->   Operation 15 'specinterface' <Predicate = true> <Delay = 0.00>
ST_1 : Operation 16 [1/1] (0.00ns)   --->   "call void (...)* @_ssdm_op_SpecInterface(i32* %AXI_video_strm_V_data_V, i4* %AXI_video_strm_V_keep_V, i4* %AXI_video_strm_V_strb_V, i1* %AXI_video_strm_V_user_V, i1* %AXI_video_strm_V_last_V, i1* %AXI_video_strm_V_id_V, i1* %AXI_video_strm_V_dest_V, [5 x i8]* @p_str2, i32 1, i32 1, [5 x i8]* @p_str3, i32 0, i32 0, [1 x i8]* @p_str, [1 x i8]* @p_str, [1 x i8]* @p_str, i32 0, i32 0, i32 0, i32 0, [1 x i8]* @p_str, [1 x i8]* @p_str) nounwind"   --->   Operation 16 'specinterface' <Predicate = true> <Delay = 0.00>
ST_1 : Operation 17 [1/1] (0.00ns)   --->   "call void (...)* @_ssdm_op_SpecInterface(i32* %AXI_video_strm_V_data_V, i4* %AXI_video_strm_V_keep_V, i4* %AXI_video_strm_V_strb_V, i1* %AXI_video_strm_V_user_V, i1* %AXI_video_strm_V_last_V, i1* %AXI_video_strm_V_id_V, i1* %AXI_video_strm_V_dest_V, [5 x i8]* @p_str2, i32 1, i32 1, [5 x i8]* @p_str3, i32 0, i32 0, [1 x i8]* @p_str, [1 x i8]* @p_str, [1 x i8]* @p_str, i32 0, i32 0, i32 0, i32 0, [1 x i8]* @p_str, [1 x i8]* @p_str) nounwind"   --->   Operation 17 'specinterface' <Predicate = true> <Delay = 0.00>
ST_1 : Operation 18 [1/1] (0.00ns)   --->   "call void (...)* @_ssdm_op_SpecInterface(i32* %AXI_video_strm_V_data_V, i4* %AXI_video_strm_V_keep_V, i4* %AXI_video_strm_V_strb_V, i1* %AXI_video_strm_V_user_V, i1* %AXI_video_strm_V_last_V, i1* %AXI_video_strm_V_id_V, i1* %AXI_video_strm_V_dest_V, [5 x i8]* @p_str2, i32 1, i32 1, [5 x i8]* @p_str3, i32 0, i32 0, [1 x i8]* @p_str, [1 x i8]* @p_str, [1 x i8]* @p_str, i32 0, i32 0, i32 0, i32 0, [1 x i8]* @p_str, [1 x i8]* @p_str) nounwind"   --->   Operation 18 'specinterface' <Predicate = true> <Delay = 0.00>
ST_1 : Operation 19 [1/1] (0.00ns)   --->   "call void (...)* @_ssdm_op_SpecInterface(i32* %AXI_video_strm_V_data_V, i4* %AXI_video_strm_V_keep_V, i4* %AXI_video_strm_V_strb_V, i1* %AXI_video_strm_V_user_V, i1* %AXI_video_strm_V_last_V, i1* %AXI_video_strm_V_id_V, i1* %AXI_video_strm_V_dest_V, [5 x i8]* @p_str2, i32 1, i32 1, [5 x i8]* @p_str3, i32 0, i32 0, [1 x i8]* @p_str, [1 x i8]* @p_str, [1 x i8]* @p_str, i32 0, i32 0, i32 0, i32 0, [1 x i8]* @p_str, [1 x i8]* @p_str) nounwind"   --->   Operation 19 'specinterface' <Predicate = true> <Delay = 0.00>
ST_1 : Operation 20 [1/1] (0.00ns)   --->   "call void (...)* @_ssdm_op_SpecInterface(i32* %AXI_video_strm_V_data_V, i4* %AXI_video_strm_V_keep_V, i4* %AXI_video_strm_V_strb_V, i1* %AXI_video_strm_V_user_V, i1* %AXI_video_strm_V_last_V, i1* %AXI_video_strm_V_id_V, i1* %AXI_video_strm_V_dest_V, [5 x i8]* @p_str2, i32 1, i32 1, [5 x i8]* @p_str3, i32 0, i32 0, [1 x i8]* @p_str, [1 x i8]* @p_str, [1 x i8]* @p_str, i32 0, i32 0, i32 0, i32 0, [1 x i8]* @p_str, [1 x i8]* @p_str) nounwind"   --->   Operation 20 'specinterface' <Predicate = true> <Delay = 0.00>
ST_1 : Operation 21 [1/1] (0.00ns)   --->   "call void (...)* @_ssdm_op_SpecInterface(i32* %img_cols_V, [8 x i8]* @ap_fifo_str, i32 0, i32 0, [1 x i8]* @p_str, i32 0, i32 0, [1 x i8]* @p_str, [1 x i8]* @p_str, [1 x i8]* @p_str, i32 2, i32 2, i32 16, i32 16, [1 x i8]* @p_str, [1 x i8]* @p_str)"   --->   Operation 21 'specinterface' <Predicate = true> <Delay = 0.00>
ST_1 : Operation 22 [1/1] (0.00ns)   --->   "call void (...)* @_ssdm_op_SpecInterface(i32* %img_rows_V, [8 x i8]* @ap_fifo_str, i32 0, i32 0, [1 x i8]* @p_str, i32 0, i32 0, [1 x i8]* @p_str, [1 x i8]* @p_str, [1 x i8]* @p_str, i32 2, i32 2, i32 16, i32 16, [1 x i8]* @p_str, [1 x i8]* @p_str)"   --->   Operation 22 'specinterface' <Predicate = true> <Delay = 0.00>
ST_1 : Operation 23 [1/1] (2.26ns)   --->   "%rows_V = call i32 @_ssdm_op_Read.ap_fifo.i32P(i32* %img_rows_V)"   --->   Operation 23 'read' 'rows_V' <Predicate = true> <Delay = 2.26> <Core = "FIFO_SRL">   --->   Core 36 'FIFO_SRL' <Latency = 0> <II = 1> <Delay = 2.26> <Storage> <Opcode : 'read' 'write' 'nbread' 'nbwrite'> <Ports = 0> <Width = 32> <Depth = 2> <FIFO>
ST_1 : Operation 24 [1/1] (2.26ns)   --->   "%cols_V = call i32 @_ssdm_op_Read.ap_fifo.i32P(i32* %img_cols_V)"   --->   Operation 24 'read' 'cols_V' <Predicate = true> <Delay = 2.26> <Core = "FIFO_SRL">   --->   Core 36 'FIFO_SRL' <Latency = 0> <II = 1> <Delay = 2.26> <Storage> <Opcode : 'read' 'write' 'nbread' 'nbwrite'> <Ports = 0> <Width = 32> <Depth = 2> <FIFO>
ST_1 : Operation 25 [1/1] (0.00ns)   --->   "call void (...)* @_ssdm_op_SpecInterface(i32* %img_rows_V_out, [8 x i8]* @ap_fifo_str, i32 0, i32 0, [1 x i8]* @p_str, i32 0, i32 0, [1 x i8]* @p_str, [1 x i8]* @p_str, [1 x i8]* @p_str, i32 2, i32 2, i32 16, i32 16, [1 x i8]* @p_str, [1 x i8]* @p_str)"   --->   Operation 25 'specinterface' <Predicate = true> <Delay = 0.00>
ST_1 : Operation 26 [1/1] (2.26ns)   --->   "call void @_ssdm_op_Write.ap_fifo.i32P(i32* %img_rows_V_out, i32 %rows_V)"   --->   Operation 26 'write' <Predicate = true> <Delay = 2.26> <Core = "FIFO_SRL">   --->   Core 36 'FIFO_SRL' <Latency = 0> <II = 1> <Delay = 2.26> <Storage> <Opcode : 'read' 'write' 'nbread' 'nbwrite'> <Ports = 0> <Width = 32> <Depth = 2> <FIFO>
ST_1 : Operation 27 [1/1] (0.00ns)   --->   "call void (...)* @_ssdm_op_SpecInterface(i32* %img_cols_V_out, [8 x i8]* @ap_fifo_str, i32 0, i32 0, [1 x i8]* @p_str, i32 0, i32 0, [1 x i8]* @p_str, [1 x i8]* @p_str, [1 x i8]* @p_str, i32 2, i32 2, i32 16, i32 16, [1 x i8]* @p_str, [1 x i8]* @p_str)"   --->   Operation 27 'specinterface' <Predicate = true> <Delay = 0.00>
ST_1 : Operation 28 [1/1] (2.26ns)   --->   "call void @_ssdm_op_Write.ap_fifo.i32P(i32* %img_cols_V_out, i32 %cols_V)"   --->   Operation 28 'write' <Predicate = true> <Delay = 2.26> <Core = "FIFO_SRL">   --->   Core 36 'FIFO_SRL' <Latency = 0> <II = 1> <Delay = 2.26> <Storage> <Opcode : 'read' 'write' 'nbread' 'nbwrite'> <Ports = 0> <Width = 32> <Depth = 2> <FIFO>
ST_1 : Operation 29 [1/1] (0.00ns)   --->   "call void (...)* @_ssdm_op_SpecInterface(i32* %AXI_video_strm_V_data_V, i4* %AXI_video_strm_V_keep_V, i4* %AXI_video_strm_V_strb_V, i1* %AXI_video_strm_V_user_V, i1* %AXI_video_strm_V_last_V, i1* %AXI_video_strm_V_id_V, i1* %AXI_video_strm_V_dest_V, [5 x i8]* @p_str2, i32 1, i32 1, [5 x i8]* @p_str3, i32 0, i32 0, [1 x i8]* @p_str, [1 x i8]* @p_str, [1 x i8]* @p_str, i32 0, i32 0, i32 0, i32 0, [1 x i8]* @p_str, [1 x i8]* @p_str) nounwind"   --->   Operation 29 'specinterface' <Predicate = true> <Delay = 0.00>
ST_1 : Operation 30 [1/1] (0.00ns)   --->   "br label %._crit_edge1.i" [E:/Xilinx/Vivado/2018.2/common/technology/autopilot/hls/hls_video_io.h:63]   --->   Operation 30 'br' <Predicate = true> <Delay = 0.00>

State 2 <SV = 1> <Delay = 0.00>
ST_2 : Operation 31 [1/1] (0.00ns)   --->   "call void (...)* @_ssdm_op_SpecLoopName([20 x i8]* @p_str69) nounwind" [E:/Xilinx/Vivado/2018.2/common/technology/autopilot/hls/hls_video_io.h:65]   --->   Operation 31 'specloopname' <Predicate = true> <Delay = 0.00>
ST_2 : Operation 32 [1/1] (0.00ns)   --->   "%tmp_i = call i32 (...)* @_ssdm_op_SpecRegionBegin([20 x i8]* @p_str69)" [E:/Xilinx/Vivado/2018.2/common/technology/autopilot/hls/hls_video_io.h:65]   --->   Operation 32 'specregionbegin' 'tmp_i' <Predicate = true> <Delay = 0.00>
ST_2 : Operation 33 [1/1] (0.00ns)   --->   "call void (...)* @_ssdm_op_SpecPipeline(i32 1, i32 1, i32 1, i32 0, [1 x i8]* @p_str) nounwind" [E:/Xilinx/Vivado/2018.2/common/technology/autopilot/hls/hls_video_io.h:66]   --->   Operation 33 'specpipeline' <Predicate = true> <Delay = 0.00>
ST_2 : Operation 34 [1/1] (0.00ns)   --->   "call void (...)* @_ssdm_op_SpecLoopTripCount(i32 0, i32 0, i32 0, [1 x i8]* @p_str) nounwind" [E:/Xilinx/Vivado/2018.2/common/technology/autopilot/hls/hls_video_io.h:67]   --->   Operation 34 'speclooptripcount' <Predicate = true> <Delay = 0.00>
ST_2 : Operation 35 [1/1] (0.00ns)   --->   "%empty = call { i32, i4, i4, i1, i1, i1, i1 } @_ssdm_op_Read.axis.volatile.i32P.i4P.i4P.i1P.i1P.i1P.i1P(i32* %AXI_video_strm_V_data_V, i4* %AXI_video_strm_V_keep_V, i4* %AXI_video_strm_V_strb_V, i1* %AXI_video_strm_V_user_V, i1* %AXI_video_strm_V_last_V, i1* %AXI_video_strm_V_id_V, i1* %AXI_video_strm_V_dest_V)" [E:/Xilinx/Vivado/2018.2/common/technology/autopilot/hls/hls_video_io.h:68]   --->   Operation 35 'read' 'empty' <Predicate = true> <Delay = 0.00> <Core = "AXI4Stream">   --->   Core 5 'AXI4Stream' <Latency = 0> <II = 1> <Delay = 1.00> <Adapter> <Opcode : >
ST_2 : Operation 36 [1/1] (0.00ns)   --->   "%tmp_data_V = extractvalue { i32, i4, i4, i1, i1, i1, i1 } %empty, 0" [E:/Xilinx/Vivado/2018.2/common/technology/autopilot/hls/hls_video_io.h:68]   --->   Operation 36 'extractvalue' 'tmp_data_V' <Predicate = true> <Delay = 0.00>
ST_2 : Operation 37 [1/1] (0.00ns)   --->   "%tmp_user_V = extractvalue { i32, i4, i4, i1, i1, i1, i1 } %empty, 3" [E:/Xilinx/Vivado/2018.2/common/technology/autopilot/hls/hls_video_io.h:68]   --->   Operation 37 'extractvalue' 'tmp_user_V' <Predicate = true> <Delay = 0.00>
ST_2 : Operation 38 [1/1] (0.00ns)   --->   "%tmp_last_V = extractvalue { i32, i4, i4, i1, i1, i1, i1 } %empty, 4" [E:/Xilinx/Vivado/2018.2/common/technology/autopilot/hls/hls_video_io.h:68]   --->   Operation 38 'extractvalue' 'tmp_last_V' <Predicate = true> <Delay = 0.00>
ST_2 : Operation 39 [1/1] (0.00ns)   --->   "%empty_170 = call i32 (...)* @_ssdm_op_SpecRegionEnd([20 x i8]* @p_str69, i32 %tmp_i)" [E:/Xilinx/Vivado/2018.2/common/technology/autopilot/hls/hls_video_io.h:70]   --->   Operation 39 'specregionend' 'empty_170' <Predicate = true> <Delay = 0.00>
ST_2 : Operation 40 [1/1] (0.00ns)   --->   "br i1 %tmp_user_V, label %.preheader186.i.preheader, label %._crit_edge1.i" [E:/Xilinx/Vivado/2018.2/common/technology/autopilot/hls/hls_video_io.h:65]   --->   Operation 40 'br' <Predicate = true> <Delay = 0.00>

State 3 <SV = 2> <Delay = 0.97>
ST_3 : Operation 41 [1/1] (0.00ns)   --->   "%sof_1_i = alloca i1"   --->   Operation 41 'alloca' 'sof_1_i' <Predicate = true> <Delay = 0.00>
ST_3 : Operation 42 [1/1] (0.97ns)   --->   "store i1 true, i1* %sof_1_i"   --->   Operation 42 'store' <Predicate = true> <Delay = 0.97>
ST_3 : Operation 43 [1/1] (0.97ns)   --->   "br label %.preheader186.i" [E:/Xilinx/Vivado/2018.2/common/technology/autopilot/hls/hls_video_io.h:71]   --->   Operation 43 'br' <Predicate = true> <Delay = 0.97>

State 4 <SV = 3> <Delay = 1.77>
ST_4 : Operation 44 [1/1] (0.00ns)   --->   "%axi_last_V1_i = phi i1 [ %axi_last_V_3_i, %5 ], [ %tmp_last_V, %.preheader186.i.preheader ]"   --->   Operation 44 'phi' 'axi_last_V1_i' <Predicate = true> <Delay = 0.00>
ST_4 : Operation 45 [1/1] (0.00ns)   --->   "%axi_data_V1_i = phi i32 [ %axi_data_V_3_i, %5 ], [ %tmp_data_V, %.preheader186.i.preheader ]"   --->   Operation 45 'phi' 'axi_data_V1_i' <Predicate = true> <Delay = 0.00>
ST_4 : Operation 46 [1/1] (0.00ns)   --->   "%t_V = phi i32 [ %i_V, %5 ], [ 0, %.preheader186.i.preheader ]"   --->   Operation 46 'phi' 't_V' <Predicate = true> <Delay = 0.00>
ST_4 : Operation 47 [1/1] (1.31ns)   --->   "%exitcond9_i = icmp eq i32 %t_V, %rows_V" [E:/Xilinx/Vivado/2018.2/common/technology/autopilot/hls/hls_video_io.h:71]   --->   Operation 47 'icmp' 'exitcond9_i' <Predicate = true> <Delay = 1.31> <Core = "Cmp">   --->   Core 25 'Cmp' <Latency = 0> <II = 1> <Delay = 1.31> <FuncUnit> <Opcode : 'icmp'> <InPorts = 2> <OutPorts = 1>
ST_4 : Operation 48 [1/1] (0.00ns)   --->   "call void (...)* @_ssdm_op_SpecLoopTripCount(i64 0, i64 256, i64 0)"   --->   Operation 48 'speclooptripcount' <Predicate = true> <Delay = 0.00>
ST_4 : Operation 49 [1/1] (1.57ns)   --->   "%i_V = add i32 %t_V, 1" [E:/Xilinx/Vivado/2018.2/common/technology/autopilot/hls/hls_video_io.h:71]   --->   Operation 49 'add' 'i_V' <Predicate = true> <Delay = 1.57> <Core = "AddSub">   --->   Core 14 'AddSub' <Latency = 0> <II = 1> <Delay = 1.57> <FuncUnit> <Opcode : 'add' 'sub'> <InPorts = 2> <OutPorts = 1>
ST_4 : Operation 50 [1/1] (0.00ns)   --->   "br i1 %exitcond9_i, label %.exit, label %0" [E:/Xilinx/Vivado/2018.2/common/technology/autopilot/hls/hls_video_io.h:71]   --->   Operation 50 'br' <Predicate = true> <Delay = 0.00>
ST_4 : Operation 51 [1/1] (0.00ns)   --->   "call void (...)* @_ssdm_op_SpecLoopName([12 x i8]* @p_str10) nounwind" [E:/Xilinx/Vivado/2018.2/common/technology/autopilot/hls/hls_video_io.h:71]   --->   Operation 51 'specloopname' <Predicate = (!exitcond9_i)> <Delay = 0.00>
ST_4 : Operation 52 [1/1] (0.00ns)   --->   "%tmp_87_i = call i32 (...)* @_ssdm_op_SpecRegionBegin([12 x i8]* @p_str10)" [E:/Xilinx/Vivado/2018.2/common/technology/autopilot/hls/hls_video_io.h:71]   --->   Operation 52 'specregionbegin' 'tmp_87_i' <Predicate = (!exitcond9_i)> <Delay = 0.00>
ST_4 : Operation 53 [1/1] (0.97ns)   --->   "br label %1" [E:/Xilinx/Vivado/2018.2/common/technology/autopilot/hls/hls_video_io.h:73]   --->   Operation 53 'br' <Predicate = (!exitcond9_i)> <Delay = 0.97>
ST_4 : Operation 54 [1/1] (0.00ns)   --->   "ret void"   --->   Operation 54 'ret' <Predicate = (exitcond9_i)> <Delay = 0.00>

State 5 <SV = 4> <Delay = 1.77>
ST_5 : Operation 55 [1/1] (0.00ns)   --->   "%t_V_18 = phi i32 [ 0, %0 ], [ %j_V, %._crit_edge2.i ]"   --->   Operation 55 'phi' 't_V_18' <Predicate = true> <Delay = 0.00>
ST_5 : Operation 56 [1/1] (0.00ns)   --->   "%eol_i = phi i1 [ false, %0 ], [ %axi_last_V_2_i, %._crit_edge2.i ]" [E:/Xilinx/Vivado/2018.2/common/technology/autopilot/hls/hls_video_io.h:81]   --->   Operation 56 'phi' 'eol_i' <Predicate = true> <Delay = 0.00>
ST_5 : Operation 57 [1/1] (1.31ns)   --->   "%exitcond_i = icmp eq i32 %t_V_18, %cols_V" [E:/Xilinx/Vivado/2018.2/common/technology/autopilot/hls/hls_video_io.h:73]   --->   Operation 57 'icmp' 'exitcond_i' <Predicate = true> <Delay = 1.31> <Core = "Cmp">   --->   Core 25 'Cmp' <Latency = 0> <II = 1> <Delay = 1.31> <FuncUnit> <Opcode : 'icmp'> <InPorts = 2> <OutPorts = 1>
ST_5 : Operation 58 [1/1] (1.57ns)   --->   "%j_V = add i32 %t_V_18, 1" [E:/Xilinx/Vivado/2018.2/common/technology/autopilot/hls/hls_video_io.h:73]   --->   Operation 58 'add' 'j_V' <Predicate = true> <Delay = 1.57> <Core = "AddSub">   --->   Core 14 'AddSub' <Latency = 0> <II = 1> <Delay = 1.57> <FuncUnit> <Opcode : 'add' 'sub'> <InPorts = 2> <OutPorts = 1>
ST_5 : Operation 59 [1/1] (0.00ns)   --->   "%sof_1_i_load = load i1* %sof_1_i" [E:/Xilinx/Vivado/2018.2/common/technology/autopilot/hls/hls_video_io.h:76]   --->   Operation 59 'load' 'sof_1_i_load' <Predicate = (!exitcond_i)> <Delay = 0.00>
ST_5 : Operation 60 [1/1] (0.46ns)   --->   "%brmerge_i = or i1 %sof_1_i_load, %eol_i" [E:/Xilinx/Vivado/2018.2/common/technology/autopilot/hls/hls_video_io.h:76]   --->   Operation 60 'or' 'brmerge_i' <Predicate = (!exitcond_i)> <Delay = 0.46> <Core = "LogicGate">   --->   Core 27 'LogicGate' <Latency = 0> <II = 1> <Delay = 0.46> <FuncUnit> <Opcode : 'and' 'or' 'xor'> <InPorts = 2> <OutPorts = 1>
ST_5 : Operation 61 [2/2] (0.00ns)   --->   "%empty_171 = call { i32, i4, i4, i1, i1, i1, i1 } @_ssdm_op_Read.axis.volatile.i32P.i4P.i4P.i1P.i1P.i1P.i1P(i32* %AXI_video_strm_V_data_V, i4* %AXI_video_strm_V_keep_V, i4* %AXI_video_strm_V_strb_V, i1* %AXI_video_strm_V_user_V, i1* %AXI_video_strm_V_last_V, i1* %AXI_video_strm_V_id_V, i1* %AXI_video_strm_V_dest_V)" [E:/Xilinx/Vivado/2018.2/common/technology/autopilot/hls/hls_video_io.h:81]   --->   Operation 61 'read' 'empty_171' <Predicate = (!exitcond_i & !brmerge_i)> <Delay = 0.00> <Core = "AXI4Stream">   --->   Core 5 'AXI4Stream' <Latency = 0> <II = 1> <Delay = 1.00> <Adapter> <Opcode : >
ST_5 : Operation 62 [1/1] (0.97ns)   --->   "store i1 false, i1* %sof_1_i"   --->   Operation 62 'store' <Predicate = (!exitcond_i)> <Delay = 0.97>

State 6 <SV = 5> <Delay = 3.23>
ST_6 : Operation 63 [1/1] (0.00ns)   --->   "%eol = phi i1 [ %axi_last_V1_i, %0 ], [ %axi_last_V_2_i, %._crit_edge2.i ]" [E:/Xilinx/Vivado/2018.2/common/technology/autopilot/hls/hls_video_io.h:100]   --->   Operation 63 'phi' 'eol' <Predicate = true> <Delay = 0.00>
ST_6 : Operation 64 [1/1] (0.00ns)   --->   "%axi_data_V_1_i = phi i32 [ %axi_data_V1_i, %0 ], [ %p_Val2_s, %._crit_edge2.i ]"   --->   Operation 64 'phi' 'axi_data_V_1_i' <Predicate = true> <Delay = 0.00>
ST_6 : Operation 65 [1/1] (0.00ns)   --->   "call void (...)* @_ssdm_op_SpecLoopTripCount(i64 0, i64 256, i64 0)"   --->   Operation 65 'speclooptripcount' <Predicate = true> <Delay = 0.00>
ST_6 : Operation 66 [1/1] (0.00ns)   --->   "br i1 %exitcond_i, label %.preheader.i.preheader, label %2" [E:/Xilinx/Vivado/2018.2/common/technology/autopilot/hls/hls_video_io.h:73]   --->   Operation 66 'br' <Predicate = true> <Delay = 0.00>
ST_6 : Operation 67 [1/1] (0.00ns)   --->   "call void (...)* @_ssdm_op_SpecLoopName([11 x i8]* @p_str11) nounwind" [E:/Xilinx/Vivado/2018.2/common/technology/autopilot/hls/hls_video_io.h:73]   --->   Operation 67 'specloopname' <Predicate = (!exitcond_i)> <Delay = 0.00>
ST_6 : Operation 68 [1/1] (0.00ns)   --->   "%tmp_88_i = call i32 (...)* @_ssdm_op_SpecRegionBegin([11 x i8]* @p_str11)" [E:/Xilinx/Vivado/2018.2/common/technology/autopilot/hls/hls_video_io.h:73]   --->   Operation 68 'specregionbegin' 'tmp_88_i' <Predicate = (!exitcond_i)> <Delay = 0.00>
ST_6 : Operation 69 [1/1] (0.00ns)   --->   "call void (...)* @_ssdm_op_SpecPipeline(i32 1, i32 1, i32 1, i32 0, [1 x i8]* @p_str) nounwind" [E:/Xilinx/Vivado/2018.2/common/technology/autopilot/hls/hls_video_io.h:75]   --->   Operation 69 'specpipeline' <Predicate = (!exitcond_i)> <Delay = 0.00>
ST_6 : Operation 70 [1/1] (0.97ns)   --->   "br i1 %brmerge_i, label %._crit_edge2.i, label %3" [E:/Xilinx/Vivado/2018.2/common/technology/autopilot/hls/hls_video_io.h:76]   --->   Operation 70 'br' <Predicate = (!exitcond_i)> <Delay = 0.97>
ST_6 : Operation 71 [1/2] (0.00ns)   --->   "%empty_171 = call { i32, i4, i4, i1, i1, i1, i1 } @_ssdm_op_Read.axis.volatile.i32P.i4P.i4P.i1P.i1P.i1P.i1P(i32* %AXI_video_strm_V_data_V, i4* %AXI_video_strm_V_keep_V, i4* %AXI_video_strm_V_strb_V, i1* %AXI_video_strm_V_user_V, i1* %AXI_video_strm_V_last_V, i1* %AXI_video_strm_V_id_V, i1* %AXI_video_strm_V_dest_V)" [E:/Xilinx/Vivado/2018.2/common/technology/autopilot/hls/hls_video_io.h:81]   --->   Operation 71 'read' 'empty_171' <Predicate = (!exitcond_i & !brmerge_i)> <Delay = 0.00> <Core = "AXI4Stream">   --->   Core 5 'AXI4Stream' <Latency = 0> <II = 1> <Delay = 1.00> <Adapter> <Opcode : >
ST_6 : Operation 72 [1/1] (0.00ns)   --->   "%tmp_data_V_1 = extractvalue { i32, i4, i4, i1, i1, i1, i1 } %empty_171, 0" [E:/Xilinx/Vivado/2018.2/common/technology/autopilot/hls/hls_video_io.h:81]   --->   Operation 72 'extractvalue' 'tmp_data_V_1' <Predicate = (!exitcond_i & !brmerge_i)> <Delay = 0.00>
ST_6 : Operation 73 [1/1] (0.00ns)   --->   "%tmp_last_V_1 = extractvalue { i32, i4, i4, i1, i1, i1, i1 } %empty_171, 4" [E:/Xilinx/Vivado/2018.2/common/technology/autopilot/hls/hls_video_io.h:81]   --->   Operation 73 'extractvalue' 'tmp_last_V_1' <Predicate = (!exitcond_i & !brmerge_i)> <Delay = 0.00>
ST_6 : Operation 74 [1/1] (0.97ns)   --->   "br label %._crit_edge2.i"   --->   Operation 74 'br' <Predicate = (!exitcond_i & !brmerge_i)> <Delay = 0.97>
ST_6 : Operation 75 [1/1] (0.00ns)   --->   "%axi_last_V_2_i = phi i1 [ %tmp_last_V_1, %3 ], [ %eol, %2 ]"   --->   Operation 75 'phi' 'axi_last_V_2_i' <Predicate = (!exitcond_i)> <Delay = 0.00>
ST_6 : Operation 76 [1/1] (0.00ns)   --->   "%p_Val2_s = phi i32 [ %tmp_data_V_1, %3 ], [ %axi_data_V_1_i, %2 ]"   --->   Operation 76 'phi' 'p_Val2_s' <Predicate = (!exitcond_i)> <Delay = 0.00>
ST_6 : Operation 77 [1/1] (0.00ns)   --->   "%tmp = trunc i32 %p_Val2_s to i8" [E:/Xilinx/Vivado/2018.2/common/technology/autopilot/hls/hls_axi_io.h:49->E:/Xilinx/Vivado/2018.2/common/technology/autopilot/hls/hls_axi_io.h:71->E:/Xilinx/Vivado/2018.2/common/technology/autopilot/hls/hls_video_io.h:92]   --->   Operation 77 'trunc' 'tmp' <Predicate = (!exitcond_i)> <Delay = 0.00>
ST_6 : Operation 78 [1/1] (0.00ns)   --->   "%tmp_17 = call i8 @_ssdm_op_PartSelect.i8.i32.i32.i32(i32 %p_Val2_s, i32 8, i32 15)" [E:/Xilinx/Vivado/2018.2/common/technology/autopilot/hls/hls_axi_io.h:49->E:/Xilinx/Vivado/2018.2/common/technology/autopilot/hls/hls_axi_io.h:71->E:/Xilinx/Vivado/2018.2/common/technology/autopilot/hls/hls_video_io.h:92]   --->   Operation 78 'partselect' 'tmp_17' <Predicate = (!exitcond_i)> <Delay = 0.00>
ST_6 : Operation 79 [1/1] (0.00ns)   --->   "%tmp_18 = call i8 @_ssdm_op_PartSelect.i8.i32.i32.i32(i32 %p_Val2_s, i32 16, i32 23)" [E:/Xilinx/Vivado/2018.2/common/technology/autopilot/hls/hls_axi_io.h:49->E:/Xilinx/Vivado/2018.2/common/technology/autopilot/hls/hls_axi_io.h:71->E:/Xilinx/Vivado/2018.2/common/technology/autopilot/hls/hls_video_io.h:92]   --->   Operation 79 'partselect' 'tmp_18' <Predicate = (!exitcond_i)> <Delay = 0.00>
ST_6 : Operation 80 [1/1] (0.00ns)   --->   "%tmp_90_i = call i32 (...)* @_ssdm_op_SpecRegionBegin([12 x i8]* @p_str71)" [E:/Xilinx/Vivado/2018.2/common/technology/autopilot/hls/hls_video_core.h:641->E:/Xilinx/Vivado/2018.2/common/technology/autopilot/hls/hls_video_core.h:662->E:/Xilinx/Vivado/2018.2/common/technology/autopilot/hls/hls_video_io.h:94]   --->   Operation 80 'specregionbegin' 'tmp_90_i' <Predicate = (!exitcond_i)> <Delay = 0.00>
ST_6 : Operation 81 [1/1] (0.00ns)   --->   "call void (...)* @_ssdm_op_SpecProtocol(i32 0, [1 x i8]* @p_str) nounwind" [E:/Xilinx/Vivado/2018.2/common/technology/autopilot/hls/hls_video_core.h:645->E:/Xilinx/Vivado/2018.2/common/technology/autopilot/hls/hls_video_core.h:662->E:/Xilinx/Vivado/2018.2/common/technology/autopilot/hls/hls_video_io.h:94]   --->   Operation 81 'specprotocol' <Predicate = (!exitcond_i)> <Delay = 0.00>
ST_6 : Operation 82 [1/1] (2.26ns)   --->   "call void @_ssdm_op_Write.ap_fifo.volatile.i8P(i8* %img_data_stream_0_V, i8 %tmp)" [E:/Xilinx/Vivado/2018.2/common/technology/autopilot/hls/hls_video_core.h:648->E:/Xilinx/Vivado/2018.2/common/technology/autopilot/hls/hls_video_core.h:662->E:/Xilinx/Vivado/2018.2/common/technology/autopilot/hls/hls_video_io.h:94]   --->   Operation 82 'write' <Predicate = (!exitcond_i)> <Delay = 2.26> <Core = "FIFO_SRL">   --->   Core 36 'FIFO_SRL' <Latency = 0> <II = 1> <Delay = 2.26> <Storage> <Opcode : 'read' 'write' 'nbread' 'nbwrite'> <Ports = 0> <Width = 32> <Depth = 2> <FIFO>
ST_6 : Operation 83 [1/1] (2.26ns)   --->   "call void @_ssdm_op_Write.ap_fifo.volatile.i8P(i8* %img_data_stream_1_V, i8 %tmp_17)" [E:/Xilinx/Vivado/2018.2/common/technology/autopilot/hls/hls_video_core.h:648->E:/Xilinx/Vivado/2018.2/common/technology/autopilot/hls/hls_video_core.h:662->E:/Xilinx/Vivado/2018.2/common/technology/autopilot/hls/hls_video_io.h:94]   --->   Operation 83 'write' <Predicate = (!exitcond_i)> <Delay = 2.26> <Core = "FIFO_SRL">   --->   Core 36 'FIFO_SRL' <Latency = 0> <II = 1> <Delay = 2.26> <Storage> <Opcode : 'read' 'write' 'nbread' 'nbwrite'> <Ports = 0> <Width = 32> <Depth = 2> <FIFO>
ST_6 : Operation 84 [1/1] (2.26ns)   --->   "call void @_ssdm_op_Write.ap_fifo.volatile.i8P(i8* %img_data_stream_2_V, i8 %tmp_18)" [E:/Xilinx/Vivado/2018.2/common/technology/autopilot/hls/hls_video_core.h:648->E:/Xilinx/Vivado/2018.2/common/technology/autopilot/hls/hls_video_core.h:662->E:/Xilinx/Vivado/2018.2/common/technology/autopilot/hls/hls_video_io.h:94]   --->   Operation 84 'write' <Predicate = (!exitcond_i)> <Delay = 2.26> <Core = "FIFO_SRL">   --->   Core 36 'FIFO_SRL' <Latency = 0> <II = 1> <Delay = 2.26> <Storage> <Opcode : 'read' 'write' 'nbread' 'nbwrite'> <Ports = 0> <Width = 32> <Depth = 2> <FIFO>
ST_6 : Operation 85 [1/1] (0.00ns)   --->   "%empty_172 = call i32 (...)* @_ssdm_op_SpecRegionEnd([12 x i8]* @p_str71, i32 %tmp_90_i)" [E:/Xilinx/Vivado/2018.2/common/technology/autopilot/hls/hls_video_core.h:650->E:/Xilinx/Vivado/2018.2/common/technology/autopilot/hls/hls_video_core.h:662->E:/Xilinx/Vivado/2018.2/common/technology/autopilot/hls/hls_video_io.h:94]   --->   Operation 85 'specregionend' 'empty_172' <Predicate = (!exitcond_i)> <Delay = 0.00>
ST_6 : Operation 86 [1/1] (0.00ns)   --->   "%empty_173 = call i32 (...)* @_ssdm_op_SpecRegionEnd([11 x i8]* @p_str11, i32 %tmp_88_i)" [E:/Xilinx/Vivado/2018.2/common/technology/autopilot/hls/hls_video_io.h:95]   --->   Operation 86 'specregionend' 'empty_173' <Predicate = (!exitcond_i)> <Delay = 0.00>
ST_6 : Operation 87 [1/1] (0.00ns)   --->   "br label %1" [E:/Xilinx/Vivado/2018.2/common/technology/autopilot/hls/hls_video_io.h:73]   --->   Operation 87 'br' <Predicate = (!exitcond_i)> <Delay = 0.00>

State 7 <SV = 6> <Delay = 0.97>
ST_7 : Operation 88 [1/1] (0.97ns)   --->   "br label %.preheader.i" [E:/Xilinx/Vivado/2018.2/common/technology/autopilot/hls/hls_video_io.h:96]   --->   Operation 88 'br' <Predicate = true> <Delay = 0.97>

State 8 <SV = 7> <Delay = 0.46>
ST_8 : Operation 89 [1/1] (0.00ns)   --->   "%eol_2_i = phi i1 [ %tmp_last_V_2, %4 ], [ %eol_i, %.preheader.i.preheader ]"   --->   Operation 89 'phi' 'eol_2_i' <Predicate = true> <Delay = 0.00>
ST_8 : Operation 90 [2/2] (0.00ns)   --->   "%empty_174 = call { i32, i4, i4, i1, i1, i1, i1 } @_ssdm_op_Read.axis.volatile.i32P.i4P.i4P.i1P.i1P.i1P.i1P(i32* %AXI_video_strm_V_data_V, i4* %AXI_video_strm_V_keep_V, i4* %AXI_video_strm_V_strb_V, i1* %AXI_video_strm_V_user_V, i1* %AXI_video_strm_V_last_V, i1* %AXI_video_strm_V_id_V, i1* %AXI_video_strm_V_dest_V)" [E:/Xilinx/Vivado/2018.2/common/technology/autopilot/hls/hls_video_io.h:100]   --->   Operation 90 'read' 'empty_174' <Predicate = (!eol_2_i)> <Delay = 0.00> <Core = "AXI4Stream">   --->   Core 5 'AXI4Stream' <Latency = 0> <II = 1> <Delay = 1.00> <Adapter> <Opcode : >

State 9 <SV = 8> <Delay = 0.00>
ST_9 : Operation 91 [1/1] (0.00ns)   --->   "%axi_last_V_3_i = phi i1 [ %tmp_last_V_2, %4 ], [ %eol, %.preheader.i.preheader ]"   --->   Operation 91 'phi' 'axi_last_V_3_i' <Predicate = true> <Delay = 0.00>
ST_9 : Operation 92 [1/1] (0.00ns)   --->   "%axi_data_V_3_i = phi i32 [ %tmp_data_V_2, %4 ], [ %axi_data_V_1_i, %.preheader.i.preheader ]"   --->   Operation 92 'phi' 'axi_data_V_3_i' <Predicate = true> <Delay = 0.00>
ST_9 : Operation 93 [1/1] (0.00ns)   --->   "br i1 %eol_2_i, label %5, label %4" [E:/Xilinx/Vivado/2018.2/common/technology/autopilot/hls/hls_video_io.h:96]   --->   Operation 93 'br' <Predicate = true> <Delay = 0.00>
ST_9 : Operation 94 [1/1] (0.00ns)   --->   "call void (...)* @_ssdm_op_SpecLoopName([18 x i8]* @p_str70) nounwind" [E:/Xilinx/Vivado/2018.2/common/technology/autopilot/hls/hls_video_io.h:96]   --->   Operation 94 'specloopname' <Predicate = (!eol_2_i)> <Delay = 0.00>
ST_9 : Operation 95 [1/1] (0.00ns)   --->   "%tmp_89_i = call i32 (...)* @_ssdm_op_SpecRegionBegin([18 x i8]* @p_str70)" [E:/Xilinx/Vivado/2018.2/common/technology/autopilot/hls/hls_video_io.h:96]   --->   Operation 95 'specregionbegin' 'tmp_89_i' <Predicate = (!eol_2_i)> <Delay = 0.00>
ST_9 : Operation 96 [1/1] (0.00ns)   --->   "call void (...)* @_ssdm_op_SpecPipeline(i32 1, i32 1, i32 1, i32 0, [1 x i8]* @p_str) nounwind" [E:/Xilinx/Vivado/2018.2/common/technology/autopilot/hls/hls_video_io.h:97]   --->   Operation 96 'specpipeline' <Predicate = (!eol_2_i)> <Delay = 0.00>
ST_9 : Operation 97 [1/1] (0.00ns)   --->   "call void (...)* @_ssdm_op_SpecLoopTripCount(i32 0, i32 0, i32 0, [1 x i8]* @p_str) nounwind" [E:/Xilinx/Vivado/2018.2/common/technology/autopilot/hls/hls_video_io.h:98]   --->   Operation 97 'speclooptripcount' <Predicate = (!eol_2_i)> <Delay = 0.00>
ST_9 : Operation 98 [1/2] (0.00ns)   --->   "%empty_174 = call { i32, i4, i4, i1, i1, i1, i1 } @_ssdm_op_Read.axis.volatile.i32P.i4P.i4P.i1P.i1P.i1P.i1P(i32* %AXI_video_strm_V_data_V, i4* %AXI_video_strm_V_keep_V, i4* %AXI_video_strm_V_strb_V, i1* %AXI_video_strm_V_user_V, i1* %AXI_video_strm_V_last_V, i1* %AXI_video_strm_V_id_V, i1* %AXI_video_strm_V_dest_V)" [E:/Xilinx/Vivado/2018.2/common/technology/autopilot/hls/hls_video_io.h:100]   --->   Operation 98 'read' 'empty_174' <Predicate = (!eol_2_i)> <Delay = 0.00> <Core = "AXI4Stream">   --->   Core 5 'AXI4Stream' <Latency = 0> <II = 1> <Delay = 1.00> <Adapter> <Opcode : >
ST_9 : Operation 99 [1/1] (0.00ns)   --->   "%tmp_data_V_2 = extractvalue { i32, i4, i4, i1, i1, i1, i1 } %empty_174, 0" [E:/Xilinx/Vivado/2018.2/common/technology/autopilot/hls/hls_video_io.h:100]   --->   Operation 99 'extractvalue' 'tmp_data_V_2' <Predicate = (!eol_2_i)> <Delay = 0.00>
ST_9 : Operation 100 [1/1] (0.00ns)   --->   "%tmp_last_V_2 = extractvalue { i32, i4, i4, i1, i1, i1, i1 } %empty_174, 4" [E:/Xilinx/Vivado/2018.2/common/technology/autopilot/hls/hls_video_io.h:100]   --->   Operation 100 'extractvalue' 'tmp_last_V_2' <Predicate = (!eol_2_i)> <Delay = 0.00>
ST_9 : Operation 101 [1/1] (0.00ns)   --->   "%empty_175 = call i32 (...)* @_ssdm_op_SpecRegionEnd([18 x i8]* @p_str70, i32 %tmp_89_i)" [E:/Xilinx/Vivado/2018.2/common/technology/autopilot/hls/hls_video_io.h:103]   --->   Operation 101 'specregionend' 'empty_175' <Predicate = (!eol_2_i)> <Delay = 0.00>
ST_9 : Operation 102 [1/1] (0.00ns)   --->   "br label %.preheader.i" [E:/Xilinx/Vivado/2018.2/common/technology/autopilot/hls/hls_video_io.h:103]   --->   Operation 102 'br' <Predicate = (!eol_2_i)> <Delay = 0.00>

State 10 <SV = 9> <Delay = 0.00>
ST_10 : Operation 103 [1/1] (0.00ns)   --->   "%empty_176 = call i32 (...)* @_ssdm_op_SpecRegionEnd([12 x i8]* @p_str10, i32 %tmp_87_i)" [E:/Xilinx/Vivado/2018.2/common/technology/autopilot/hls/hls_video_io.h:104]   --->   Operation 103 'specregionend' 'empty_176' <Predicate = true> <Delay = 0.00>
ST_10 : Operation 104 [1/1] (0.00ns)   --->   "br label %.preheader186.i" [E:/Xilinx/Vivado/2018.2/common/technology/autopilot/hls/hls_video_io.h:71]   --->   Operation 104 'br' <Predicate = true> <Delay = 0.00>


============================================================
+ Verbose Summary: Binding
============================================================
STG Binding: 
---------------- STG Properties BEGIN ----------------
- Is combinational: 0
- Is one-state seq: 0
- Is datapath-only: 0
- Is pipelined: 0
- Is top level: 0
Port [ Return ] is wired: 1; IO mode=ap_ctrl_hs:ce=0
Port [ AXI_video_strm_V_data_V]:  wired=1; compound=1; hidden=0; nouse=0; global=0; static=0; extern=0; dir=0; type=0; pingpong=0; private_global=0; IO mode=axis:ce=0
Port [ AXI_video_strm_V_keep_V]:  wired=1; compound=1; hidden=0; nouse=0; global=0; static=0; extern=0; dir=0; type=0; pingpong=0; private_global=0; IO mode=axis:ce=0
Port [ AXI_video_strm_V_strb_V]:  wired=1; compound=1; hidden=0; nouse=0; global=0; static=0; extern=0; dir=0; type=0; pingpong=0; private_global=0; IO mode=axis:ce=0
Port [ AXI_video_strm_V_user_V]:  wired=1; compound=1; hidden=0; nouse=0; global=0; static=0; extern=0; dir=0; type=0; pingpong=0; private_global=0; IO mode=axis:ce=0
Port [ AXI_video_strm_V_last_V]:  wired=1; compound=1; hidden=0; nouse=0; global=0; static=0; extern=0; dir=0; type=0; pingpong=0; private_global=0; IO mode=axis:ce=0
Port [ AXI_video_strm_V_id_V]:  wired=1; compound=1; hidden=0; nouse=0; global=0; static=0; extern=0; dir=0; type=0; pingpong=0; private_global=0; IO mode=axis:ce=0
Port [ AXI_video_strm_V_dest_V]:  wired=1; compound=1; hidden=0; nouse=0; global=0; static=0; extern=0; dir=0; type=0; pingpong=0; private_global=0; IO mode=axis:ce=0
Port [ img_rows_V]:  wired=1; compound=1; hidden=0; nouse=0; global=0; static=0; extern=0; dir=0; type=3; pingpong=0; private_global=0; IO mode=ap_fifo:ce=0
Port [ img_cols_V]:  wired=1; compound=1; hidden=0; nouse=0; global=0; static=0; extern=0; dir=0; type=3; pingpong=0; private_global=0; IO mode=ap_fifo:ce=0
Port [ img_data_stream_0_V]:  wired=1; compound=1; hidden=0; nouse=0; global=0; static=0; extern=0; dir=1; type=3; pingpong=0; private_global=0; IO mode=ap_fifo:ce=0
Port [ img_data_stream_1_V]:  wired=1; compound=1; hidden=0; nouse=0; global=0; static=0; extern=0; dir=1; type=3; pingpong=0; private_global=0; IO mode=ap_fifo:ce=0
Port [ img_data_stream_2_V]:  wired=1; compound=1; hidden=0; nouse=0; global=0; static=0; extern=0; dir=1; type=3; pingpong=0; private_global=0; IO mode=ap_fifo:ce=0
Port [ img_rows_V_out]:  wired=1; compound=1; hidden=0; nouse=0; global=0; static=0; extern=0; dir=1; type=3; pingpong=0; private_global=0; IO mode=ap_fifo:ce=0
Port [ img_cols_V_out]:  wired=1; compound=1; hidden=0; nouse=0; global=0; static=0; extern=0; dir=1; type=3; pingpong=0; private_global=0; IO mode=ap_fifo:ce=0
---------------- STG Properties END ------------------

---------------- Datapath Model BEGIN ----------------

<LifeTime>
<method=bitvector/>
StgValue_11    (specinterface    ) [ 00000000000]
StgValue_12    (specinterface    ) [ 00000000000]
StgValue_13    (specinterface    ) [ 00000000000]
StgValue_14    (specinterface    ) [ 00000000000]
StgValue_15    (specinterface    ) [ 00000000000]
StgValue_16    (specinterface    ) [ 00000000000]
StgValue_17    (specinterface    ) [ 00000000000]
StgValue_18    (specinterface    ) [ 00000000000]
StgValue_19    (specinterface    ) [ 00000000000]
StgValue_20    (specinterface    ) [ 00000000000]
StgValue_21    (specinterface    ) [ 00000000000]
StgValue_22    (specinterface    ) [ 00000000000]
rows_V         (read             ) [ 00111111111]
cols_V         (read             ) [ 00111111111]
StgValue_25    (specinterface    ) [ 00000000000]
StgValue_26    (write            ) [ 00000000000]
StgValue_27    (specinterface    ) [ 00000000000]
StgValue_28    (write            ) [ 00000000000]
StgValue_29    (specinterface    ) [ 00000000000]
StgValue_30    (br               ) [ 00000000000]
StgValue_31    (specloopname     ) [ 00000000000]
tmp_i          (specregionbegin  ) [ 00000000000]
StgValue_33    (specpipeline     ) [ 00000000000]
StgValue_34    (speclooptripcount) [ 00000000000]
empty          (read             ) [ 00000000000]
tmp_data_V     (extractvalue     ) [ 00011111111]
tmp_user_V     (extractvalue     ) [ 00100000000]
tmp_last_V     (extractvalue     ) [ 00011111111]
empty_170      (specregionend    ) [ 00000000000]
StgValue_40    (br               ) [ 00000000000]
sof_1_i        (alloca           ) [ 00011111111]
StgValue_42    (store            ) [ 00000000000]
StgValue_43    (br               ) [ 00011111111]
axi_last_V1_i  (phi              ) [ 00001110000]
axi_data_V1_i  (phi              ) [ 00001110000]
t_V            (phi              ) [ 00001000000]
exitcond9_i    (icmp             ) [ 00001111111]
StgValue_48    (speclooptripcount) [ 00000000000]
i_V            (add              ) [ 00011111111]
StgValue_50    (br               ) [ 00000000000]
StgValue_51    (specloopname     ) [ 00000000000]
tmp_87_i       (specregionbegin  ) [ 00000111111]
StgValue_53    (br               ) [ 00001111111]
StgValue_54    (ret              ) [ 00000000000]
t_V_18         (phi              ) [ 00000100000]
eol_i          (phi              ) [ 00000101110]
exitcond_i     (icmp             ) [ 00001111111]
j_V            (add              ) [ 00001111111]
sof_1_i_load   (load             ) [ 00000000000]
brmerge_i      (or               ) [ 00001111111]
StgValue_62    (store            ) [ 00000000000]
eol            (phi              ) [ 00000111110]
axi_data_V_1_i (phi              ) [ 00000111110]
StgValue_65    (speclooptripcount) [ 00000000000]
StgValue_66    (br               ) [ 00000000000]
StgValue_67    (specloopname     ) [ 00000000000]
tmp_88_i       (specregionbegin  ) [ 00000000000]
StgValue_69    (specpipeline     ) [ 00000000000]
StgValue_70    (br               ) [ 00000000000]
empty_171      (read             ) [ 00000000000]
tmp_data_V_1   (extractvalue     ) [ 00000000000]
tmp_last_V_1   (extractvalue     ) [ 00000000000]
StgValue_74    (br               ) [ 00000000000]
axi_last_V_2_i (phi              ) [ 00001111111]
p_Val2_s       (phi              ) [ 00001111111]
tmp            (trunc            ) [ 00000000000]
tmp_17         (partselect       ) [ 00000000000]
tmp_18         (partselect       ) [ 00000000000]
tmp_90_i       (specregionbegin  ) [ 00000000000]
StgValue_81    (specprotocol     ) [ 00000000000]
StgValue_82    (write            ) [ 00000000000]
StgValue_83    (write            ) [ 00000000000]
StgValue_84    (write            ) [ 00000000000]
empty_172      (specregionend    ) [ 00000000000]
empty_173      (specregionend    ) [ 00000000000]
StgValue_87    (br               ) [ 00001111111]
StgValue_88    (br               ) [ 00001111111]
eol_2_i        (phi              ) [ 00000000110]
axi_last_V_3_i (phi              ) [ 00011000111]
axi_data_V_3_i (phi              ) [ 00011000111]
StgValue_93    (br               ) [ 00000000000]
StgValue_94    (specloopname     ) [ 00000000000]
tmp_89_i       (specregionbegin  ) [ 00000000000]
StgValue_96    (specpipeline     ) [ 00000000000]
StgValue_97    (speclooptripcount) [ 00000000000]
empty_174      (read             ) [ 00000000000]
tmp_data_V_2   (extractvalue     ) [ 00001111111]
tmp_last_V_2   (extractvalue     ) [ 00001111111]
empty_175      (specregionend    ) [ 00000000000]
StgValue_102   (br               ) [ 00001111111]
empty_176      (specregionend    ) [ 00000000000]
StgValue_104   (br               ) [ 00011111111]
</LifeTime>

<model>

<comp_list>
<comp id="0" class="1000" name="AXI_video_strm_V_data_V">
<pin_list>
<pin id="1" dir="1" index="0" bw="1" slack="0"/>
</pin_list>
<bind>
<StgValue><ssdm name="AXI_video_strm_V_data_V"/></StgValue>
</bind>
</comp>

<comp id="2" class="1000" name="AXI_video_strm_V_keep_V">
<pin_list>
<pin id="3" dir="1" index="0" bw="1" slack="0"/>
</pin_list>
<bind>
<StgValue><ssdm name="AXI_video_strm_V_keep_V"/></StgValue>
</bind>
</comp>

<comp id="4" class="1000" name="AXI_video_strm_V_strb_V">
<pin_list>
<pin id="5" dir="1" index="0" bw="1" slack="0"/>
</pin_list>
<bind>
<StgValue><ssdm name="AXI_video_strm_V_strb_V"/></StgValue>
</bind>
</comp>

<comp id="6" class="1000" name="AXI_video_strm_V_user_V">
<pin_list>
<pin id="7" dir="1" index="0" bw="1" slack="0"/>
</pin_list>
<bind>
<StgValue><ssdm name="AXI_video_strm_V_user_V"/></StgValue>
</bind>
</comp>

<comp id="8" class="1000" name="AXI_video_strm_V_last_V">
<pin_list>
<pin id="9" dir="1" index="0" bw="1" slack="0"/>
</pin_list>
<bind>
<StgValue><ssdm name="AXI_video_strm_V_last_V"/></StgValue>
</bind>
</comp>

<comp id="10" class="1000" name="AXI_video_strm_V_id_V">
<pin_list>
<pin id="11" dir="1" index="0" bw="1" slack="0"/>
</pin_list>
<bind>
<StgValue><ssdm name="AXI_video_strm_V_id_V"/></StgValue>
</bind>
</comp>

<comp id="12" class="1000" name="AXI_video_strm_V_dest_V">
<pin_list>
<pin id="13" dir="1" index="0" bw="1" slack="0"/>
</pin_list>
<bind>
<StgValue><ssdm name="AXI_video_strm_V_dest_V"/></StgValue>
</bind>
</comp>

<comp id="14" class="1000" name="img_rows_V">
<pin_list>
<pin id="15" dir="1" index="0" bw="1" slack="0"/>
</pin_list>
<bind>
<StgValue><ssdm name="img_rows_V"/></StgValue>
</bind>
</comp>

<comp id="16" class="1000" name="img_cols_V">
<pin_list>
<pin id="17" dir="1" index="0" bw="1" slack="0"/>
</pin_list>
<bind>
<StgValue><ssdm name="img_cols_V"/></StgValue>
</bind>
</comp>

<comp id="18" class="1000" name="img_data_stream_0_V">
<pin_list>
<pin id="19" dir="1" index="0" bw="1" slack="0"/>
</pin_list>
<bind>
<StgValue><ssdm name="img_data_stream_0_V"/></StgValue>
</bind>
</comp>

<comp id="20" class="1000" name="img_data_stream_1_V">
<pin_list>
<pin id="21" dir="1" index="0" bw="1" slack="0"/>
</pin_list>
<bind>
<StgValue><ssdm name="img_data_stream_1_V"/></StgValue>
</bind>
</comp>

<comp id="22" class="1000" name="img_data_stream_2_V">
<pin_list>
<pin id="23" dir="1" index="0" bw="1" slack="0"/>
</pin_list>
<bind>
<StgValue><ssdm name="img_data_stream_2_V"/></StgValue>
</bind>
</comp>

<comp id="24" class="1000" name="img_rows_V_out">
<pin_list>
<pin id="25" dir="1" index="0" bw="1" slack="0"/>
</pin_list>
<bind>
<StgValue><ssdm name="img_rows_V_out"/></StgValue>
</bind>
</comp>

<comp id="26" class="1000" name="img_cols_V_out">
<pin_list>
<pin id="27" dir="1" index="0" bw="1" slack="0"/>
</pin_list>
<bind>
<StgValue><ssdm name="img_cols_V_out"/></StgValue>
</bind>
</comp>

<comp id="28" class="1001" name="const_28">
<pin_list>
<pin id="29" dir="1" index="0" bw="1" slack="2147483647"/>
</pin_list>
<bind>
<StgValue><ssdm name="_ssdm_op_SpecInterface"/></StgValue>
</bind>
</comp>

<comp id="30" class="1001" name="const_30">
<pin_list>
<pin id="31" dir="1" index="0" bw="1" slack="2147483647"/>
</pin_list>
<bind>
<StgValue><ssdm name="ap_fifo_str"/></StgValue>
</bind>
</comp>

<comp id="32" class="1001" name="const_32">
<pin_list>
<pin id="33" dir="1" index="0" bw="1" slack="1"/>
</pin_list>
<bind>
<StgValue><ssdm name=""/></StgValue>
</bind>
</comp>

<comp id="34" class="1001" name="const_34">
<pin_list>
<pin id="35" dir="1" index="0" bw="1" slack="2147483647"/>
</pin_list>
<bind>
<StgValue><ssdm name="p_str"/></StgValue>
</bind>
</comp>

<comp id="36" class="1001" name="const_36">
<pin_list>
<pin id="37" dir="1" index="0" bw="1" slack="2147483647"/>
</pin_list>
<bind>
<StgValue><ssdm name=""/></StgValue>
</bind>
</comp>

<comp id="38" class="1001" name="const_38">
<pin_list>
<pin id="39" dir="1" index="0" bw="1" slack="0"/>
</pin_list>
<bind>
<StgValue><ssdm name=""/></StgValue>
</bind>
</comp>

<comp id="40" class="1001" name="const_40">
<pin_list>
<pin id="41" dir="1" index="0" bw="1" slack="2147483647"/>
</pin_list>
<bind>
<StgValue><ssdm name="p_str2"/></StgValue>
</bind>
</comp>

<comp id="42" class="1001" name="const_42">
<pin_list>
<pin id="43" dir="1" index="0" bw="1" slack="0"/>
</pin_list>
<bind>
<StgValue><ssdm name=""/></StgValue>
</bind>
</comp>

<comp id="44" class="1001" name="const_44">
<pin_list>
<pin id="45" dir="1" index="0" bw="1" slack="2147483647"/>
</pin_list>
<bind>
<StgValue><ssdm name="p_str3"/></StgValue>
</bind>
</comp>

<comp id="46" class="1001" name="const_46">
<pin_list>
<pin id="47" dir="1" index="0" bw="1" slack="0"/>
</pin_list>
<bind>
<StgValue><ssdm name="_ssdm_op_Read.ap_fifo.i32P"/></StgValue>
</bind>
</comp>

<comp id="48" class="1001" name="const_48">
<pin_list>
<pin id="49" dir="1" index="0" bw="1" slack="0"/>
</pin_list>
<bind>
<StgValue><ssdm name="_ssdm_op_Write.ap_fifo.i32P"/></StgValue>
</bind>
</comp>

<comp id="50" class="1001" name="const_50">
<pin_list>
<pin id="51" dir="1" index="0" bw="1" slack="2147483647"/>
</pin_list>
<bind>
<StgValue><ssdm name="_ssdm_op_SpecLoopName"/></StgValue>
</bind>
</comp>

<comp id="52" class="1001" name="const_52">
<pin_list>
<pin id="53" dir="1" index="0" bw="1" slack="2147483647"/>
</pin_list>
<bind>
<StgValue><ssdm name="p_str69"/></StgValue>
</bind>
</comp>

<comp id="54" class="1001" name="const_54">
<pin_list>
<pin id="55" dir="1" index="0" bw="1" slack="2147483647"/>
</pin_list>
<bind>
<StgValue><ssdm name="_ssdm_op_SpecRegionBegin"/></StgValue>
</bind>
</comp>

<comp id="56" class="1001" name="const_56">
<pin_list>
<pin id="57" dir="1" index="0" bw="1" slack="2147483647"/>
</pin_list>
<bind>
<StgValue><ssdm name="_ssdm_op_SpecPipeline"/></StgValue>
</bind>
</comp>

<comp id="58" class="1001" name="const_58">
<pin_list>
<pin id="59" dir="1" index="0" bw="1" slack="2147483647"/>
</pin_list>
<bind>
<StgValue><ssdm name="_ssdm_op_SpecLoopTripCount"/></StgValue>
</bind>
</comp>

<comp id="60" class="1001" name="const_60">
<pin_list>
<pin id="61" dir="1" index="0" bw="1" slack="0"/>
</pin_list>
<bind>
<StgValue><ssdm name="_ssdm_op_Read.axis.volatile.i32P.i4P.i4P.i1P.i1P.i1P.i1P"/></StgValue>
</bind>
</comp>

<comp id="62" class="1001" name="const_62">
<pin_list>
<pin id="63" dir="1" index="0" bw="1" slack="2147483647"/>
</pin_list>
<bind>
<StgValue><ssdm name="_ssdm_op_SpecRegionEnd"/></StgValue>
</bind>
</comp>

<comp id="64" class="1001" name="const_64">
<pin_list>
<pin id="65" dir="1" index="0" bw="1" slack="0"/>
</pin_list>
<bind>
<StgValue><ssdm name=""/></StgValue>
</bind>
</comp>

<comp id="66" class="1001" name="const_66">
<pin_list>
<pin id="67" dir="1" index="0" bw="1" slack="2147483647"/>
</pin_list>
<bind>
<StgValue><ssdm name=""/></StgValue>
</bind>
</comp>

<comp id="68" class="1001" name="const_68">
<pin_list>
<pin id="69" dir="1" index="0" bw="1" slack="2147483647"/>
</pin_list>
<bind>
<StgValue><ssdm name=""/></StgValue>
</bind>
</comp>

<comp id="70" class="1001" name="const_70">
<pin_list>
<pin id="71" dir="1" index="0" bw="1" slack="2147483647"/>
</pin_list>
<bind>
<StgValue><ssdm name="p_str10"/></StgValue>
</bind>
</comp>

<comp id="72" class="1001" name="const_72">
<pin_list>
<pin id="73" dir="1" index="0" bw="1" slack="0"/>
</pin_list>
<bind>
<StgValue><ssdm name=""/></StgValue>
</bind>
</comp>

<comp id="74" class="1001" name="const_74">
<pin_list>
<pin id="75" dir="1" index="0" bw="1" slack="2147483647"/>
</pin_list>
<bind>
<StgValue><ssdm name="p_str11"/></StgValue>
</bind>
</comp>

<comp id="76" class="1001" name="const_76">
<pin_list>
<pin id="77" dir="1" index="0" bw="1" slack="0"/>
</pin_list>
<bind>
<StgValue><ssdm name="_ssdm_op_PartSelect.i8.i32.i32.i32"/></StgValue>
</bind>
</comp>

<comp id="78" class="1001" name="const_78">
<pin_list>
<pin id="79" dir="1" index="0" bw="1" slack="0"/>
</pin_list>
<bind>
<StgValue><ssdm name=""/></StgValue>
</bind>
</comp>

<comp id="80" class="1001" name="const_80">
<pin_list>
<pin id="81" dir="1" index="0" bw="1" slack="0"/>
</pin_list>
<bind>
<StgValue><ssdm name=""/></StgValue>
</bind>
</comp>

<comp id="82" class="1001" name="const_82">
<pin_list>
<pin id="83" dir="1" index="0" bw="1" slack="0"/>
</pin_list>
<bind>
<StgValue><ssdm name=""/></StgValue>
</bind>
</comp>

<comp id="84" class="1001" name="const_84">
<pin_list>
<pin id="85" dir="1" index="0" bw="1" slack="2147483647"/>
</pin_list>
<bind>
<StgValue><ssdm name="p_str71"/></StgValue>
</bind>
</comp>

<comp id="86" class="1001" name="const_86">
<pin_list>
<pin id="87" dir="1" index="0" bw="1" slack="2147483647"/>
</pin_list>
<bind>
<StgValue><ssdm name="_ssdm_op_SpecProtocol"/></StgValue>
</bind>
</comp>

<comp id="88" class="1001" name="const_88">
<pin_list>
<pin id="89" dir="1" index="0" bw="1" slack="0"/>
</pin_list>
<bind>
<StgValue><ssdm name="_ssdm_op_Write.ap_fifo.volatile.i8P"/></StgValue>
</bind>
</comp>

<comp id="90" class="1001" name="const_90">
<pin_list>
<pin id="91" dir="1" index="0" bw="1" slack="2147483647"/>
</pin_list>
<bind>
<StgValue><ssdm name="p_str70"/></StgValue>
</bind>
</comp>

<comp id="92" class="1004" name="sof_1_i_fu_92">
<pin_list>
<pin id="93" dir="0" index="0" bw="1" slack="0"/>
<pin id="94" dir="1" index="1" bw="1" slack="0"/>
</pin_list>
<bind>
<opcode="alloca(26) " fcode="alloca"/>
<opset="sof_1_i/3 "/>
</bind>
</comp>

<comp id="96" class="1004" name="rows_V_read_fu_96">
<pin_list>
<pin id="97" dir="0" index="0" bw="32" slack="0"/>
<pin id="98" dir="0" index="1" bw="32" slack="0"/>
<pin id="99" dir="1" index="2" bw="32" slack="0"/>
</pin_list>
<bind>
<opcode="read(1150) " fcode="read"/>
<opset="rows_V/1 "/>
</bind>
</comp>

<comp id="102" class="1004" name="cols_V_read_fu_102">
<pin_list>
<pin id="103" dir="0" index="0" bw="32" slack="0"/>
<pin id="104" dir="0" index="1" bw="32" slack="0"/>
<pin id="105" dir="1" index="2" bw="32" slack="0"/>
</pin_list>
<bind>
<opcode="read(1150) " fcode="read"/>
<opset="cols_V/1 "/>
</bind>
</comp>

<comp id="108" class="1004" name="StgValue_26_write_fu_108">
<pin_list>
<pin id="109" dir="0" index="0" bw="0" slack="0"/>
<pin id="110" dir="0" index="1" bw="32" slack="0"/>
<pin id="111" dir="0" index="2" bw="32" slack="0"/>
<pin id="112" dir="1" index="3" bw="0" slack="2147483647"/>
</pin_list>
<bind>
<opcode="write(1151) " fcode="write"/>
<opset="StgValue_26/1 "/>
</bind>
</comp>

<comp id="116" class="1004" name="StgValue_28_write_fu_116">
<pin_list>
<pin id="117" dir="0" index="0" bw="0" slack="0"/>
<pin id="118" dir="0" index="1" bw="32" slack="0"/>
<pin id="119" dir="0" index="2" bw="32" slack="0"/>
<pin id="120" dir="1" index="3" bw="0" slack="2147483647"/>
</pin_list>
<bind>
<opcode="write(1151) " fcode="write"/>
<opset="StgValue_28/1 "/>
</bind>
</comp>

<comp id="124" class="1004" name="grp_read_fu_124">
<pin_list>
<pin id="125" dir="0" index="0" bw="44" slack="0"/>
<pin id="126" dir="0" index="1" bw="32" slack="0"/>
<pin id="127" dir="0" index="2" bw="4" slack="0"/>
<pin id="128" dir="0" index="3" bw="4" slack="0"/>
<pin id="129" dir="0" index="4" bw="1" slack="0"/>
<pin id="130" dir="0" index="5" bw="1" slack="0"/>
<pin id="131" dir="0" index="6" bw="1" slack="0"/>
<pin id="132" dir="0" index="7" bw="1" slack="0"/>
<pin id="133" dir="1" index="8" bw="44" slack="0"/>
</pin_list>
<bind>
<opcode="read(1150) " fcode="read"/>
<opset="empty/2 empty_171/5 empty_174/8 "/>
</bind>
</comp>

<comp id="142" class="1004" name="StgValue_82_write_fu_142">
<pin_list>
<pin id="143" dir="0" index="0" bw="0" slack="0"/>
<pin id="144" dir="0" index="1" bw="8" slack="0"/>
<pin id="145" dir="0" index="2" bw="8" slack="0"/>
<pin id="146" dir="1" index="3" bw="0" slack="2147483647"/>
</pin_list>
<bind>
<opcode="write(1151) " fcode="write"/>
<opset="StgValue_82/6 "/>
</bind>
</comp>

<comp id="149" class="1004" name="StgValue_83_write_fu_149">
<pin_list>
<pin id="150" dir="0" index="0" bw="0" slack="0"/>
<pin id="151" dir="0" index="1" bw="8" slack="0"/>
<pin id="152" dir="0" index="2" bw="8" slack="0"/>
<pin id="153" dir="1" index="3" bw="0" slack="2147483647"/>
</pin_list>
<bind>
<opcode="write(1151) " fcode="write"/>
<opset="StgValue_83/6 "/>
</bind>
</comp>

<comp id="156" class="1004" name="StgValue_84_write_fu_156">
<pin_list>
<pin id="157" dir="0" index="0" bw="0" slack="0"/>
<pin id="158" dir="0" index="1" bw="8" slack="0"/>
<pin id="159" dir="0" index="2" bw="8" slack="0"/>
<pin id="160" dir="1" index="3" bw="0" slack="2147483647"/>
</pin_list>
<bind>
<opcode="write(1151) " fcode="write"/>
<opset="StgValue_84/6 "/>
</bind>
</comp>

<comp id="163" class="1005" name="axi_last_V1_i_reg_163">
<pin_list>
<pin id="164" dir="0" index="0" bw="1" slack="2"/>
<pin id="165" dir="1" index="1" bw="1" slack="2"/>
</pin_list>
<bind>
<opset="axi_last_V1_i (phireg) "/>
</bind>
</comp>

<comp id="166" class="1004" name="axi_last_V1_i_phi_fu_166">
<pin_list>
<pin id="167" dir="0" index="0" bw="1" slack="1"/>
<pin id="168" dir="0" index="1" bw="0" slack="2147483647"/>
<pin id="169" dir="0" index="2" bw="1" slack="2"/>
<pin id="170" dir="0" index="3" bw="0" slack="2147483647"/>
<pin id="171" dir="1" index="4" bw="1" slack="2"/>
</pin_list>
<bind>
<opcode="phi(47) " fcode="phi"/>
<opset="axi_last_V1_i/4 "/>
</bind>
</comp>

<comp id="173" class="1005" name="axi_data_V1_i_reg_173">
<pin_list>
<pin id="174" dir="0" index="0" bw="32" slack="2"/>
<pin id="175" dir="1" index="1" bw="32" slack="2"/>
</pin_list>
<bind>
<opset="axi_data_V1_i (phireg) "/>
</bind>
</comp>

<comp id="176" class="1004" name="axi_data_V1_i_phi_fu_176">
<pin_list>
<pin id="177" dir="0" index="0" bw="32" slack="1"/>
<pin id="178" dir="0" index="1" bw="0" slack="2147483647"/>
<pin id="179" dir="0" index="2" bw="32" slack="2"/>
<pin id="180" dir="0" index="3" bw="0" slack="2147483647"/>
<pin id="181" dir="1" index="4" bw="32" slack="2"/>
</pin_list>
<bind>
<opcode="phi(47) " fcode="phi"/>
<opset="axi_data_V1_i/4 "/>
</bind>
</comp>

<comp id="183" class="1005" name="t_V_reg_183">
<pin_list>
<pin id="184" dir="0" index="0" bw="32" slack="1"/>
<pin id="185" dir="1" index="1" bw="32" slack="1"/>
</pin_list>
<bind>
<opset="t_V (phireg) "/>
</bind>
</comp>

<comp id="187" class="1004" name="t_V_phi_fu_187">
<pin_list>
<pin id="188" dir="0" index="0" bw="32" slack="0"/>
<pin id="189" dir="0" index="1" bw="0" slack="2147483647"/>
<pin id="190" dir="0" index="2" bw="1" slack="1"/>
<pin id="191" dir="0" index="3" bw="0" slack="2147483647"/>
<pin id="192" dir="1" index="4" bw="32" slack="0"/>
</pin_list>
<bind>
<opcode="phi(47) " fcode="phi"/>
<opset="t_V/4 "/>
</bind>
</comp>

<comp id="194" class="1005" name="t_V_18_reg_194">
<pin_list>
<pin id="195" dir="0" index="0" bw="32" slack="1"/>
<pin id="196" dir="1" index="1" bw="32" slack="1"/>
</pin_list>
<bind>
<opset="t_V_18 (phireg) "/>
</bind>
</comp>

<comp id="198" class="1004" name="t_V_18_phi_fu_198">
<pin_list>
<pin id="199" dir="0" index="0" bw="1" slack="1"/>
<pin id="200" dir="0" index="1" bw="0" slack="2147483647"/>
<pin id="201" dir="0" index="2" bw="32" slack="0"/>
<pin id="202" dir="0" index="3" bw="0" slack="2147483647"/>
<pin id="203" dir="1" index="4" bw="32" slack="0"/>
</pin_list>
<bind>
<opcode="phi(47) " fcode="phi"/>
<opset="t_V_18/5 "/>
</bind>
</comp>

<comp id="205" class="1005" name="eol_i_reg_205">
<pin_list>
<pin id="206" dir="0" index="0" bw="1" slack="1"/>
<pin id="207" dir="1" index="1" bw="1" slack="1"/>
</pin_list>
<bind>
<opset="eol_i (phireg) "/>
</bind>
</comp>

<comp id="209" class="1004" name="eol_i_phi_fu_209">
<pin_list>
<pin id="210" dir="0" index="0" bw="1" slack="1"/>
<pin id="211" dir="0" index="1" bw="0" slack="2147483647"/>
<pin id="212" dir="0" index="2" bw="1" slack="1"/>
<pin id="213" dir="0" index="3" bw="0" slack="2147483647"/>
<pin id="214" dir="1" index="4" bw="1" slack="0"/>
</pin_list>
<bind>
<opcode="phi(47) " fcode="phi"/>
<opset="eol_i/5 "/>
</bind>
</comp>

<comp id="217" class="1005" name="eol_reg_217">
<pin_list>
<pin id="218" dir="0" index="0" bw="1" slack="3"/>
<pin id="219" dir="1" index="1" bw="1" slack="3"/>
</pin_list>
<bind>
<opset="eol (phireg) "/>
</bind>
</comp>

<comp id="220" class="1004" name="eol_phi_fu_220">
<pin_list>
<pin id="221" dir="0" index="0" bw="1" slack="2"/>
<pin id="222" dir="0" index="1" bw="0" slack="2147483647"/>
<pin id="223" dir="0" index="2" bw="1" slack="0"/>
<pin id="224" dir="0" index="3" bw="0" slack="2147483647"/>
<pin id="225" dir="1" index="4" bw="1" slack="0"/>
</pin_list>
<bind>
<opcode="phi(47) " fcode="phi"/>
<opset="eol/6 "/>
</bind>
</comp>

<comp id="228" class="1005" name="axi_data_V_1_i_reg_228">
<pin_list>
<pin id="229" dir="0" index="0" bw="32" slack="3"/>
<pin id="230" dir="1" index="1" bw="32" slack="3"/>
</pin_list>
<bind>
<opset="axi_data_V_1_i (phireg) "/>
</bind>
</comp>

<comp id="231" class="1004" name="axi_data_V_1_i_phi_fu_231">
<pin_list>
<pin id="232" dir="0" index="0" bw="32" slack="2"/>
<pin id="233" dir="0" index="1" bw="0" slack="2147483647"/>
<pin id="234" dir="0" index="2" bw="32" slack="0"/>
<pin id="235" dir="0" index="3" bw="0" slack="2147483647"/>
<pin id="236" dir="1" index="4" bw="32" slack="0"/>
</pin_list>
<bind>
<opcode="phi(47) " fcode="phi"/>
<opset="axi_data_V_1_i/6 "/>
</bind>
</comp>

<comp id="239" class="1005" name="axi_last_V_2_i_reg_239">
<pin_list>
<pin id="240" dir="0" index="0" bw="1" slack="0"/>
<pin id="241" dir="1" index="1" bw="1" slack="0"/>
</pin_list>
<bind>
<opset="axi_last_V_2_i (phireg) "/>
</bind>
</comp>

<comp id="244" class="1004" name="axi_last_V_2_i_phi_fu_244">
<pin_list>
<pin id="245" dir="0" index="0" bw="1" slack="0"/>
<pin id="246" dir="0" index="1" bw="0" slack="2147483647"/>
<pin id="247" dir="0" index="2" bw="1" slack="0"/>
<pin id="248" dir="0" index="3" bw="0" slack="2147483647"/>
<pin id="249" dir="1" index="4" bw="1" slack="0"/>
</pin_list>
<bind>
<opcode="phi(47) " fcode="phi"/>
<opset="axi_last_V_2_i/6 "/>
</bind>
</comp>

<comp id="252" class="1005" name="p_Val2_s_reg_252">
<pin_list>
<pin id="253" dir="0" index="0" bw="32" slack="0"/>
<pin id="254" dir="1" index="1" bw="32" slack="0"/>
</pin_list>
<bind>
<opset="p_Val2_s (phireg) "/>
</bind>
</comp>

<comp id="256" class="1004" name="p_Val2_s_phi_fu_256">
<pin_list>
<pin id="257" dir="0" index="0" bw="32" slack="0"/>
<pin id="258" dir="0" index="1" bw="0" slack="2147483647"/>
<pin id="259" dir="0" index="2" bw="32" slack="0"/>
<pin id="260" dir="0" index="3" bw="0" slack="2147483647"/>
<pin id="261" dir="1" index="4" bw="32" slack="0"/>
</pin_list>
<bind>
<opcode="phi(47) " fcode="phi"/>
<opset="p_Val2_s/6 "/>
</bind>
</comp>

<comp id="264" class="1005" name="eol_2_i_reg_264">
<pin_list>
<pin id="265" dir="0" index="0" bw="1" slack="1"/>
<pin id="266" dir="1" index="1" bw="1" slack="2147483647"/>
</pin_list>
<bind>
<opset="eol_2_i (phireg) "/>
</bind>
</comp>

<comp id="267" class="1004" name="eol_2_i_phi_fu_267">
<pin_list>
<pin id="268" dir="0" index="0" bw="1" slack="1"/>
<pin id="269" dir="0" index="1" bw="0" slack="2147483647"/>
<pin id="270" dir="0" index="2" bw="1" slack="3"/>
<pin id="271" dir="0" index="3" bw="0" slack="2147483647"/>
<pin id="272" dir="1" index="4" bw="1" slack="1"/>
</pin_list>
<bind>
<opcode="phi(47) " fcode="phi"/>
<opset="eol_2_i/8 "/>
</bind>
</comp>

<comp id="275" class="1005" name="axi_last_V_3_i_reg_275">
<pin_list>
<pin id="276" dir="0" index="0" bw="1" slack="1"/>
<pin id="277" dir="1" index="1" bw="1" slack="1"/>
</pin_list>
<bind>
<opset="axi_last_V_3_i (phireg) "/>
</bind>
</comp>

<comp id="279" class="1004" name="axi_last_V_3_i_phi_fu_279">
<pin_list>
<pin id="280" dir="0" index="0" bw="1" slack="0"/>
<pin id="281" dir="0" index="1" bw="0" slack="2147483647"/>
<pin id="282" dir="0" index="2" bw="1" slack="3"/>
<pin id="283" dir="0" index="3" bw="0" slack="2147483647"/>
<pin id="284" dir="1" index="4" bw="1" slack="1"/>
</pin_list>
<bind>
<opcode="phi(47) " fcode="phi"/>
<opset="axi_last_V_3_i/9 "/>
</bind>
</comp>

<comp id="287" class="1005" name="axi_data_V_3_i_reg_287">
<pin_list>
<pin id="288" dir="0" index="0" bw="32" slack="1"/>
<pin id="289" dir="1" index="1" bw="32" slack="1"/>
</pin_list>
<bind>
<opset="axi_data_V_3_i (phireg) "/>
</bind>
</comp>

<comp id="291" class="1004" name="axi_data_V_3_i_phi_fu_291">
<pin_list>
<pin id="292" dir="0" index="0" bw="32" slack="0"/>
<pin id="293" dir="0" index="1" bw="0" slack="2147483647"/>
<pin id="294" dir="0" index="2" bw="32" slack="3"/>
<pin id="295" dir="0" index="3" bw="0" slack="2147483647"/>
<pin id="296" dir="1" index="4" bw="32" slack="1"/>
</pin_list>
<bind>
<opcode="phi(47) " fcode="phi"/>
<opset="axi_data_V_3_i/9 "/>
</bind>
</comp>

<comp id="299" class="1004" name="grp_fu_299">
<pin_list>
<pin id="300" dir="0" index="0" bw="44" slack="0"/>
<pin id="301" dir="1" index="1" bw="32" slack="0"/>
</pin_list>
<bind>
<opcode="extractvalue(56) " fcode="extractvalue"/>
<opset="tmp_data_V/2 tmp_data_V_1/6 tmp_data_V_2/9 "/>
</bind>
</comp>

<comp id="304" class="1004" name="grp_fu_304">
<pin_list>
<pin id="305" dir="0" index="0" bw="44" slack="0"/>
<pin id="306" dir="1" index="1" bw="1" slack="0"/>
</pin_list>
<bind>
<opcode="extractvalue(56) " fcode="extractvalue"/>
<opset="tmp_last_V/2 tmp_last_V_1/6 tmp_last_V_2/9 "/>
</bind>
</comp>

<comp id="309" class="1004" name="tmp_user_V_fu_309">
<pin_list>
<pin id="310" dir="0" index="0" bw="44" slack="0"/>
<pin id="311" dir="1" index="1" bw="1" slack="2147483647"/>
</pin_list>
<bind>
<opcode="extractvalue(56) " fcode="extractvalue"/>
<opset="tmp_user_V/2 "/>
</bind>
</comp>

<comp id="313" class="1004" name="StgValue_42_store_fu_313">
<pin_list>
<pin id="314" dir="0" index="0" bw="1" slack="0"/>
<pin id="315" dir="0" index="1" bw="1" slack="0"/>
<pin id="316" dir="1" index="2" bw="0" slack="2147483647"/>
</pin_list>
<bind>
<opcode="store(28) " fcode="store"/>
<opset="StgValue_42/3 "/>
</bind>
</comp>

<comp id="318" class="1004" name="exitcond9_i_fu_318">
<pin_list>
<pin id="319" dir="0" index="0" bw="32" slack="0"/>
<pin id="320" dir="0" index="1" bw="32" slack="3"/>
<pin id="321" dir="1" index="2" bw="1" slack="1"/>
</pin_list>
<bind>
<opcode="icmp(45) " fcode="icmp"/>
<opset="exitcond9_i/4 "/>
</bind>
</comp>

<comp id="323" class="1004" name="i_V_fu_323">
<pin_list>
<pin id="324" dir="0" index="0" bw="32" slack="0"/>
<pin id="325" dir="0" index="1" bw="1" slack="0"/>
<pin id="326" dir="1" index="2" bw="32" slack="0"/>
</pin_list>
<bind>
<opcode="add(8) " fcode="add"/>
<opset="i_V/4 "/>
</bind>
</comp>

<comp id="329" class="1004" name="exitcond_i_fu_329">
<pin_list>
<pin id="330" dir="0" index="0" bw="32" slack="0"/>
<pin id="331" dir="0" index="1" bw="32" slack="4"/>
<pin id="332" dir="1" index="2" bw="1" slack="1"/>
</pin_list>
<bind>
<opcode="icmp(45) " fcode="icmp"/>
<opset="exitcond_i/5 "/>
</bind>
</comp>

<comp id="334" class="1004" name="j_V_fu_334">
<pin_list>
<pin id="335" dir="0" index="0" bw="32" slack="0"/>
<pin id="336" dir="0" index="1" bw="1" slack="0"/>
<pin id="337" dir="1" index="2" bw="32" slack="0"/>
</pin_list>
<bind>
<opcode="add(8) " fcode="add"/>
<opset="j_V/5 "/>
</bind>
</comp>

<comp id="340" class="1004" name="sof_1_i_load_load_fu_340">
<pin_list>
<pin id="341" dir="0" index="0" bw="1" slack="2"/>
<pin id="342" dir="1" index="1" bw="1" slack="0"/>
</pin_list>
<bind>
<opcode="load(27) " fcode="load"/>
<opset="sof_1_i_load/5 "/>
</bind>
</comp>

<comp id="343" class="1004" name="brmerge_i_fu_343">
<pin_list>
<pin id="344" dir="0" index="0" bw="1" slack="0"/>
<pin id="345" dir="0" index="1" bw="1" slack="0"/>
<pin id="346" dir="1" index="2" bw="1" slack="1"/>
</pin_list>
<bind>
<opcode="or(24) " fcode="or"/>
<opset="brmerge_i/5 "/>
</bind>
</comp>

<comp id="349" class="1004" name="StgValue_62_store_fu_349">
<pin_list>
<pin id="350" dir="0" index="0" bw="1" slack="0"/>
<pin id="351" dir="0" index="1" bw="1" slack="2"/>
<pin id="352" dir="1" index="2" bw="0" slack="2147483647"/>
</pin_list>
<bind>
<opcode="store(28) " fcode="store"/>
<opset="StgValue_62/5 "/>
</bind>
</comp>

<comp id="354" class="1004" name="tmp_fu_354">
<pin_list>
<pin id="355" dir="0" index="0" bw="32" slack="0"/>
<pin id="356" dir="1" index="1" bw="8" slack="0"/>
</pin_list>
<bind>
<opcode="trunc(33) " fcode="trunc"/>
<opset="tmp/6 "/>
</bind>
</comp>

<comp id="359" class="1004" name="tmp_17_fu_359">
<pin_list>
<pin id="360" dir="0" index="0" bw="8" slack="0"/>
<pin id="361" dir="0" index="1" bw="32" slack="0"/>
<pin id="362" dir="0" index="2" bw="5" slack="0"/>
<pin id="363" dir="0" index="3" bw="5" slack="0"/>
<pin id="364" dir="1" index="4" bw="8" slack="0"/>
</pin_list>
<bind>
<opcode="partselect(1002) " fcode="partselect"/>
<opset="tmp_17/6 "/>
</bind>
</comp>

<comp id="370" class="1004" name="tmp_18_fu_370">
<pin_list>
<pin id="371" dir="0" index="0" bw="8" slack="0"/>
<pin id="372" dir="0" index="1" bw="32" slack="0"/>
<pin id="373" dir="0" index="2" bw="6" slack="0"/>
<pin id="374" dir="0" index="3" bw="6" slack="0"/>
<pin id="375" dir="1" index="4" bw="8" slack="0"/>
</pin_list>
<bind>
<opcode="partselect(1002) " fcode="partselect"/>
<opset="tmp_18/6 "/>
</bind>
</comp>

<comp id="381" class="1005" name="rows_V_reg_381">
<pin_list>
<pin id="382" dir="0" index="0" bw="32" slack="3"/>
<pin id="383" dir="1" index="1" bw="32" slack="3"/>
</pin_list>
<bind>
<opset="rows_V "/>
</bind>
</comp>

<comp id="386" class="1005" name="cols_V_reg_386">
<pin_list>
<pin id="387" dir="0" index="0" bw="32" slack="4"/>
<pin id="388" dir="1" index="1" bw="32" slack="4"/>
</pin_list>
<bind>
<opset="cols_V "/>
</bind>
</comp>

<comp id="391" class="1005" name="tmp_data_V_reg_391">
<pin_list>
<pin id="392" dir="0" index="0" bw="32" slack="2"/>
<pin id="393" dir="1" index="1" bw="32" slack="2"/>
</pin_list>
<bind>
<opset="tmp_data_V "/>
</bind>
</comp>

<comp id="399" class="1005" name="tmp_last_V_reg_399">
<pin_list>
<pin id="400" dir="0" index="0" bw="1" slack="2"/>
<pin id="401" dir="1" index="1" bw="1" slack="2"/>
</pin_list>
<bind>
<opset="tmp_last_V "/>
</bind>
</comp>

<comp id="404" class="1005" name="sof_1_i_reg_404">
<pin_list>
<pin id="405" dir="0" index="0" bw="1" slack="0"/>
<pin id="406" dir="1" index="1" bw="1" slack="0"/>
</pin_list>
<bind>
<opset="sof_1_i "/>
</bind>
</comp>

<comp id="411" class="1005" name="exitcond9_i_reg_411">
<pin_list>
<pin id="412" dir="0" index="0" bw="1" slack="1"/>
<pin id="413" dir="1" index="1" bw="1" slack="2147483647"/>
</pin_list>
<bind>
<opset="exitcond9_i "/>
</bind>
</comp>

<comp id="415" class="1005" name="i_V_reg_415">
<pin_list>
<pin id="416" dir="0" index="0" bw="32" slack="0"/>
<pin id="417" dir="1" index="1" bw="32" slack="0"/>
</pin_list>
<bind>
<opset="i_V "/>
</bind>
</comp>

<comp id="420" class="1005" name="exitcond_i_reg_420">
<pin_list>
<pin id="421" dir="0" index="0" bw="1" slack="1"/>
<pin id="422" dir="1" index="1" bw="1" slack="2147483647"/>
</pin_list>
<bind>
<opset="exitcond_i "/>
</bind>
</comp>

<comp id="424" class="1005" name="j_V_reg_424">
<pin_list>
<pin id="425" dir="0" index="0" bw="32" slack="0"/>
<pin id="426" dir="1" index="1" bw="32" slack="0"/>
</pin_list>
<bind>
<opset="j_V "/>
</bind>
</comp>

<comp id="429" class="1005" name="brmerge_i_reg_429">
<pin_list>
<pin id="430" dir="0" index="0" bw="1" slack="1"/>
<pin id="431" dir="1" index="1" bw="1" slack="2147483647"/>
</pin_list>
<bind>
<opset="brmerge_i "/>
</bind>
</comp>

<comp id="433" class="1005" name="tmp_data_V_2_reg_433">
<pin_list>
<pin id="434" dir="0" index="0" bw="32" slack="0"/>
<pin id="435" dir="1" index="1" bw="32" slack="0"/>
</pin_list>
<bind>
<opset="tmp_data_V_2 "/>
</bind>
</comp>

<comp id="438" class="1005" name="tmp_last_V_2_reg_438">
<pin_list>
<pin id="439" dir="0" index="0" bw="1" slack="0"/>
<pin id="440" dir="1" index="1" bw="1" slack="0"/>
</pin_list>
<bind>
<opset="tmp_last_V_2 "/>
</bind>
</comp>

</comp_list>

<net_list>
<net id="95"><net_src comp="42" pin="0"/><net_sink comp="92" pin=0"/></net>

<net id="100"><net_src comp="46" pin="0"/><net_sink comp="96" pin=0"/></net>

<net id="101"><net_src comp="14" pin="0"/><net_sink comp="96" pin=1"/></net>

<net id="106"><net_src comp="46" pin="0"/><net_sink comp="102" pin=0"/></net>

<net id="107"><net_src comp="16" pin="0"/><net_sink comp="102" pin=1"/></net>

<net id="113"><net_src comp="48" pin="0"/><net_sink comp="108" pin=0"/></net>

<net id="114"><net_src comp="24" pin="0"/><net_sink comp="108" pin=1"/></net>

<net id="115"><net_src comp="96" pin="2"/><net_sink comp="108" pin=2"/></net>

<net id="121"><net_src comp="48" pin="0"/><net_sink comp="116" pin=0"/></net>

<net id="122"><net_src comp="26" pin="0"/><net_sink comp="116" pin=1"/></net>

<net id="123"><net_src comp="102" pin="2"/><net_sink comp="116" pin=2"/></net>

<net id="134"><net_src comp="60" pin="0"/><net_sink comp="124" pin=0"/></net>

<net id="135"><net_src comp="0" pin="0"/><net_sink comp="124" pin=1"/></net>

<net id="136"><net_src comp="2" pin="0"/><net_sink comp="124" pin=2"/></net>

<net id="137"><net_src comp="4" pin="0"/><net_sink comp="124" pin=3"/></net>

<net id="138"><net_src comp="6" pin="0"/><net_sink comp="124" pin=4"/></net>

<net id="139"><net_src comp="8" pin="0"/><net_sink comp="124" pin=5"/></net>

<net id="140"><net_src comp="10" pin="0"/><net_sink comp="124" pin=6"/></net>

<net id="141"><net_src comp="12" pin="0"/><net_sink comp="124" pin=7"/></net>

<net id="147"><net_src comp="88" pin="0"/><net_sink comp="142" pin=0"/></net>

<net id="148"><net_src comp="18" pin="0"/><net_sink comp="142" pin=1"/></net>

<net id="154"><net_src comp="88" pin="0"/><net_sink comp="149" pin=0"/></net>

<net id="155"><net_src comp="20" pin="0"/><net_sink comp="149" pin=1"/></net>

<net id="161"><net_src comp="88" pin="0"/><net_sink comp="156" pin=0"/></net>

<net id="162"><net_src comp="22" pin="0"/><net_sink comp="156" pin=1"/></net>

<net id="172"><net_src comp="166" pin="4"/><net_sink comp="163" pin=0"/></net>

<net id="182"><net_src comp="176" pin="4"/><net_sink comp="173" pin=0"/></net>

<net id="186"><net_src comp="32" pin="0"/><net_sink comp="183" pin=0"/></net>

<net id="193"><net_src comp="183" pin="1"/><net_sink comp="187" pin=2"/></net>

<net id="197"><net_src comp="32" pin="0"/><net_sink comp="194" pin=0"/></net>

<net id="204"><net_src comp="194" pin="1"/><net_sink comp="198" pin=0"/></net>

<net id="208"><net_src comp="72" pin="0"/><net_sink comp="205" pin=0"/></net>

<net id="215"><net_src comp="205" pin="1"/><net_sink comp="209" pin=0"/></net>

<net id="216"><net_src comp="209" pin="4"/><net_sink comp="205" pin=0"/></net>

<net id="226"><net_src comp="163" pin="1"/><net_sink comp="220" pin=0"/></net>

<net id="227"><net_src comp="220" pin="4"/><net_sink comp="217" pin=0"/></net>

<net id="237"><net_src comp="173" pin="1"/><net_sink comp="231" pin=0"/></net>

<net id="238"><net_src comp="231" pin="4"/><net_sink comp="228" pin=0"/></net>

<net id="242"><net_src comp="239" pin="1"/><net_sink comp="209" pin=2"/></net>

<net id="243"><net_src comp="239" pin="1"/><net_sink comp="220" pin=2"/></net>

<net id="250"><net_src comp="220" pin="4"/><net_sink comp="244" pin=2"/></net>

<net id="251"><net_src comp="244" pin="4"/><net_sink comp="239" pin=0"/></net>

<net id="255"><net_src comp="252" pin="1"/><net_sink comp="231" pin=2"/></net>

<net id="262"><net_src comp="231" pin="4"/><net_sink comp="256" pin=2"/></net>

<net id="263"><net_src comp="256" pin="4"/><net_sink comp="252" pin=0"/></net>

<net id="273"><net_src comp="205" pin="1"/><net_sink comp="267" pin=2"/></net>

<net id="274"><net_src comp="267" pin="4"/><net_sink comp="264" pin=0"/></net>

<net id="278"><net_src comp="275" pin="1"/><net_sink comp="166" pin=0"/></net>

<net id="285"><net_src comp="217" pin="1"/><net_sink comp="279" pin=2"/></net>

<net id="286"><net_src comp="279" pin="4"/><net_sink comp="275" pin=0"/></net>

<net id="290"><net_src comp="287" pin="1"/><net_sink comp="176" pin=0"/></net>

<net id="297"><net_src comp="228" pin="1"/><net_sink comp="291" pin=2"/></net>

<net id="298"><net_src comp="291" pin="4"/><net_sink comp="287" pin=0"/></net>

<net id="302"><net_src comp="124" pin="8"/><net_sink comp="299" pin=0"/></net>

<net id="303"><net_src comp="299" pin="1"/><net_sink comp="256" pin=0"/></net>

<net id="307"><net_src comp="124" pin="8"/><net_sink comp="304" pin=0"/></net>

<net id="308"><net_src comp="304" pin="1"/><net_sink comp="244" pin=0"/></net>

<net id="312"><net_src comp="124" pin="8"/><net_sink comp="309" pin=0"/></net>

<net id="317"><net_src comp="64" pin="0"/><net_sink comp="313" pin=0"/></net>

<net id="322"><net_src comp="187" pin="4"/><net_sink comp="318" pin=0"/></net>

<net id="327"><net_src comp="187" pin="4"/><net_sink comp="323" pin=0"/></net>

<net id="328"><net_src comp="42" pin="0"/><net_sink comp="323" pin=1"/></net>

<net id="333"><net_src comp="198" pin="4"/><net_sink comp="329" pin=0"/></net>

<net id="338"><net_src comp="198" pin="4"/><net_sink comp="334" pin=0"/></net>

<net id="339"><net_src comp="42" pin="0"/><net_sink comp="334" pin=1"/></net>

<net id="347"><net_src comp="340" pin="1"/><net_sink comp="343" pin=0"/></net>

<net id="348"><net_src comp="209" pin="4"/><net_sink comp="343" pin=1"/></net>

<net id="353"><net_src comp="72" pin="0"/><net_sink comp="349" pin=0"/></net>

<net id="357"><net_src comp="256" pin="4"/><net_sink comp="354" pin=0"/></net>

<net id="358"><net_src comp="354" pin="1"/><net_sink comp="142" pin=2"/></net>

<net id="365"><net_src comp="76" pin="0"/><net_sink comp="359" pin=0"/></net>

<net id="366"><net_src comp="256" pin="4"/><net_sink comp="359" pin=1"/></net>

<net id="367"><net_src comp="78" pin="0"/><net_sink comp="359" pin=2"/></net>

<net id="368"><net_src comp="80" pin="0"/><net_sink comp="359" pin=3"/></net>

<net id="369"><net_src comp="359" pin="4"/><net_sink comp="149" pin=2"/></net>

<net id="376"><net_src comp="76" pin="0"/><net_sink comp="370" pin=0"/></net>

<net id="377"><net_src comp="256" pin="4"/><net_sink comp="370" pin=1"/></net>

<net id="378"><net_src comp="38" pin="0"/><net_sink comp="370" pin=2"/></net>

<net id="379"><net_src comp="82" pin="0"/><net_sink comp="370" pin=3"/></net>

<net id="380"><net_src comp="370" pin="4"/><net_sink comp="156" pin=2"/></net>

<net id="384"><net_src comp="96" pin="2"/><net_sink comp="381" pin=0"/></net>

<net id="385"><net_src comp="381" pin="1"/><net_sink comp="318" pin=1"/></net>

<net id="389"><net_src comp="102" pin="2"/><net_sink comp="386" pin=0"/></net>

<net id="390"><net_src comp="386" pin="1"/><net_sink comp="329" pin=1"/></net>

<net id="394"><net_src comp="299" pin="1"/><net_sink comp="391" pin=0"/></net>

<net id="395"><net_src comp="391" pin="1"/><net_sink comp="176" pin=2"/></net>

<net id="402"><net_src comp="304" pin="1"/><net_sink comp="399" pin=0"/></net>

<net id="403"><net_src comp="399" pin="1"/><net_sink comp="166" pin=2"/></net>

<net id="407"><net_src comp="92" pin="1"/><net_sink comp="404" pin=0"/></net>

<net id="408"><net_src comp="404" pin="1"/><net_sink comp="313" pin=1"/></net>

<net id="409"><net_src comp="404" pin="1"/><net_sink comp="340" pin=0"/></net>

<net id="410"><net_src comp="404" pin="1"/><net_sink comp="349" pin=1"/></net>

<net id="414"><net_src comp="318" pin="2"/><net_sink comp="411" pin=0"/></net>

<net id="418"><net_src comp="323" pin="2"/><net_sink comp="415" pin=0"/></net>

<net id="419"><net_src comp="415" pin="1"/><net_sink comp="187" pin=0"/></net>

<net id="423"><net_src comp="329" pin="2"/><net_sink comp="420" pin=0"/></net>

<net id="427"><net_src comp="334" pin="2"/><net_sink comp="424" pin=0"/></net>

<net id="428"><net_src comp="424" pin="1"/><net_sink comp="198" pin=2"/></net>

<net id="432"><net_src comp="343" pin="2"/><net_sink comp="429" pin=0"/></net>

<net id="436"><net_src comp="299" pin="1"/><net_sink comp="433" pin=0"/></net>

<net id="437"><net_src comp="433" pin="1"/><net_sink comp="291" pin=0"/></net>

<net id="441"><net_src comp="304" pin="1"/><net_sink comp="438" pin=0"/></net>

<net id="442"><net_src comp="438" pin="1"/><net_sink comp="267" pin=0"/></net>

<net id="443"><net_src comp="438" pin="1"/><net_sink comp="279" pin=0"/></net>

</net_list>

</model> 
---------------- Datapath Model END ------------------

* FSMD analyzer results:
  - Output states:
	Port: AXI_video_strm_V_data_V | {}
	Port: AXI_video_strm_V_keep_V | {}
	Port: AXI_video_strm_V_strb_V | {}
	Port: AXI_video_strm_V_user_V | {}
	Port: AXI_video_strm_V_last_V | {}
	Port: AXI_video_strm_V_id_V | {}
	Port: AXI_video_strm_V_dest_V | {}
	Port: img_data_stream_0_V | {6 }
	Port: img_data_stream_1_V | {6 }
	Port: img_data_stream_2_V | {6 }
	Port: img_rows_V_out | {1 }
	Port: img_cols_V_out | {1 }
 - Input state : 
	Port: AXIvideo2Mat : AXI_video_strm_V_data_V | {2 5 8 }
	Port: AXIvideo2Mat : AXI_video_strm_V_keep_V | {2 5 8 }
	Port: AXIvideo2Mat : AXI_video_strm_V_strb_V | {2 5 8 }
	Port: AXIvideo2Mat : AXI_video_strm_V_user_V | {2 5 8 }
	Port: AXIvideo2Mat : AXI_video_strm_V_last_V | {2 5 8 }
	Port: AXIvideo2Mat : AXI_video_strm_V_id_V | {2 5 8 }
	Port: AXIvideo2Mat : AXI_video_strm_V_dest_V | {2 5 8 }
	Port: AXIvideo2Mat : img_rows_V | {1 }
	Port: AXIvideo2Mat : img_cols_V | {1 }
  - Chain level:
	State 1
	State 2
		empty_170 : 1
		StgValue_40 : 1
	State 3
		StgValue_42 : 1
	State 4
		exitcond9_i : 1
		i_V : 1
		StgValue_50 : 2
	State 5
		exitcond_i : 1
		j_V : 1
		brmerge_i : 1
	State 6
		axi_last_V_2_i : 1
		p_Val2_s : 1
		tmp : 2
		tmp_17 : 2
		tmp_18 : 2
		StgValue_82 : 3
		StgValue_83 : 3
		StgValue_84 : 3
		empty_172 : 1
		empty_173 : 1
	State 7
	State 8
	State 9
		empty_175 : 1
	State 10


============================================================
+ Verbose Summary: Datapath Resource usage 
============================================================

* Functional unit list:
|----------|--------------------------|---------|---------|
| Operation|      Functional Unit     |    FF   |   LUT   |
|----------|--------------------------|---------|---------|
|    add   |        i_V_fu_323        |    0    |    39   |
|          |        j_V_fu_334        |    0    |    39   |
|----------|--------------------------|---------|---------|
|   icmp   |    exitcond9_i_fu_318    |    0    |    18   |
|          |     exitcond_i_fu_329    |    0    |    18   |
|----------|--------------------------|---------|---------|
|    or    |     brmerge_i_fu_343     |    0    |    2    |
|----------|--------------------------|---------|---------|
|          |     rows_V_read_fu_96    |    0    |    0    |
|   read   |    cols_V_read_fu_102    |    0    |    0    |
|          |      grp_read_fu_124     |    0    |    0    |
|----------|--------------------------|---------|---------|
|          | StgValue_26_write_fu_108 |    0    |    0    |
|          | StgValue_28_write_fu_116 |    0    |    0    |
|   write  | StgValue_82_write_fu_142 |    0    |    0    |
|          | StgValue_83_write_fu_149 |    0    |    0    |
|          | StgValue_84_write_fu_156 |    0    |    0    |
|----------|--------------------------|---------|---------|
|          |        grp_fu_299        |    0    |    0    |
|extractvalue|        grp_fu_304        |    0    |    0    |
|          |     tmp_user_V_fu_309    |    0    |    0    |
|----------|--------------------------|---------|---------|
|   trunc  |        tmp_fu_354        |    0    |    0    |
|----------|--------------------------|---------|---------|
|partselect|       tmp_17_fu_359      |    0    |    0    |
|          |       tmp_18_fu_370      |    0    |    0    |
|----------|--------------------------|---------|---------|
|   Total  |                          |    0    |   116   |
|----------|--------------------------|---------|---------|

Memories:
N/A

* Register list:
+----------------------+--------+
|                      |   FF   |
+----------------------+--------+
| axi_data_V1_i_reg_173|   32   |
|axi_data_V_1_i_reg_228|   32   |
|axi_data_V_3_i_reg_287|   32   |
| axi_last_V1_i_reg_163|    1   |
|axi_last_V_2_i_reg_239|    1   |
|axi_last_V_3_i_reg_275|    1   |
|   brmerge_i_reg_429  |    1   |
|    cols_V_reg_386    |   32   |
|    eol_2_i_reg_264   |    1   |
|     eol_i_reg_205    |    1   |
|      eol_reg_217     |    1   |
|  exitcond9_i_reg_411 |    1   |
|  exitcond_i_reg_420  |    1   |
|      i_V_reg_415     |   32   |
|      j_V_reg_424     |   32   |
|   p_Val2_s_reg_252   |   32   |
|    rows_V_reg_381    |   32   |
|    sof_1_i_reg_404   |    1   |
|    t_V_18_reg_194    |   32   |
|      t_V_reg_183     |   32   |
| tmp_data_V_2_reg_433 |   32   |
|  tmp_data_V_reg_391  |   32   |
| tmp_last_V_2_reg_438 |    1   |
|  tmp_last_V_reg_399  |    1   |
+----------------------+--------+
|         Total        |   396  |
+----------------------+--------+

* Multiplexer (MUX) list: 
|---------------|------|------|------|--------||---------||---------|
|      Comp     |  Pin | Size |  BW  | S x BW ||  Delay  ||   LUT   |
|---------------|------|------|------|--------||---------||---------|
| eol_i_reg_205 |  p0  |   2  |   1  |    2   ||    9    |
|---------------|------|------|------|--------||---------||---------|
|     Total     |      |      |      |    2   ||  0.978  ||    9    |
|---------------|------|------|------|--------||---------||---------|



* Summary:
+-----------+--------+--------+--------+
|           |  Delay |   FF   |   LUT  |
+-----------+--------+--------+--------+
|  Function |    -   |    0   |   116  |
|   Memory  |    -   |    -   |    -   |
|Multiplexer|    0   |    -   |    9   |
|  Register |    -   |   396  |    -   |
+-----------+--------+--------+--------+
|   Total   |    0   |   396  |   125  |
+-----------+--------+--------+--------+
