

================================================================
== Vivado HLS Report for 'Block_Mat_exit47_pro'
================================================================
* Date:           Wed Dec  5 01:56:04 2018

* Version:        2018.2 (Build 2258646 on Thu Jun 14 20:25:20 MDT 2018)
* Project:        Haaris
* Solution:       solution1
* Product family: virtex7
* Target device:  xc7vx690tffg1761-3


================================================================
== Performance Estimates
================================================================
+ Timing (ns): 
    * Summary: 
    +--------+-------+----------+------------+
    |  Clock | Target| Estimated| Uncertainty|
    +--------+-------+----------+------------+
    |ap_clk  |  10.00|     4.520|        1.25|
    +--------+-------+----------+------------+

+ Latency (clock cycles): 
    * Summary: 
    +-----+-----+-----+-----+---------+
    |  Latency  |  Interval | Pipeline|
    | min | max | min | max |   Type  |
    +-----+-----+-----+-----+---------+
    |    0|    0|    0|    0|   none  |
    +-----+-----+-----+-----+---------+

    + Detail: 
        * Instance: 
        N/A

        * Loop: 
        N/A



================================================================
== Utilization Estimates
================================================================
* Summary: 
+-----------------+---------+-------+--------+--------+
|       Name      | BRAM_18K| DSP48E|   FF   |   LUT  |
+-----------------+---------+-------+--------+--------+
|DSP              |        -|      -|       -|       -|
|Expression       |        -|      -|       0|       2|
|FIFO             |        -|      -|       -|       -|
|Instance         |        -|      -|       -|       -|
|Memory           |        -|      -|       -|       -|
|Multiplexer      |        -|      -|       -|     108|
|Register         |        -|      -|       3|       -|
+-----------------+---------+-------+--------+--------+
|Total            |        0|      0|       3|     110|
+-----------------+---------+-------+--------+--------+
|Available        |     2940|   3600|  866400|  433200|
+-----------------+---------+-------+--------+--------+
|Utilization (%)  |        0|      0|   ~0   |   ~0   |
+-----------------+---------+-------+--------+--------+

+ Detail: 
    * Instance: 
    N/A

    * DSP48: 
    N/A

    * Memory: 
    N/A

    * FIFO: 
    N/A

    * Expression: 
    +-----------------+----------+-------+---+----+------------+------------+
    |  Variable Name  | Operation| DSP48E| FF| LUT| Bitwidth P0| Bitwidth P1|
    +-----------------+----------+-------+---+----+------------+------------+
    |ap_block_state1  |    or    |      0|  0|   2|           1|           1|
    +-----------------+----------+-------+---+----+------------+------------+
    |Total            |          |      0|  0|   2|           1|           1|
    +-----------------+----------+-------+---+----+------------+------------+

    * Multiplexer: 
    +-----------------------+----+-----------+-----+-----------+
    |          Name         | LUT| Input Size| Bits| Total Bits|
    +-----------------------+----+-----------+-----+-----------+
    |ap_done                |   9|          2|    1|          2|
    |cols_blk_n             |   9|          2|    1|          2|
    |dst0_cols_V_out_blk_n  |   9|          2|    1|          2|
    |dst0_rows_V_out_blk_n  |   9|          2|    1|          2|
    |dst1_cols_V_out_blk_n  |   9|          2|    1|          2|
    |dst1_rows_V_out_blk_n  |   9|          2|    1|          2|
    |gray_cols_V_out_blk_n  |   9|          2|    1|          2|
    |gray_rows_V_out_blk_n  |   9|          2|    1|          2|
    |real_start             |   9|          2|    1|          2|
    |rows_blk_n             |   9|          2|    1|          2|
    |src_cols_V_out_blk_n   |   9|          2|    1|          2|
    |src_rows_V_out_blk_n   |   9|          2|    1|          2|
    +-----------------------+----+-----------+-----+-----------+
    |Total                  | 108|         24|   12|         24|
    +-----------------------+----+-----------+-----+-----------+

    * Register: 
    +----------------+---+----+-----+-----------+
    |      Name      | FF| LUT| Bits| Const Bits|
    +----------------+---+----+-----+-----------+
    |ap_CS_fsm       |  1|   0|    1|          0|
    |ap_done_reg     |  1|   0|    1|          0|
    |start_once_reg  |  1|   0|    1|          0|
    +----------------+---+----+-----+-----------+
    |Total           |  3|   0|    3|          0|
    +----------------+---+----+-----+-----------+



================================================================
== Interface
================================================================
* Summary: 
+------------------------+-----+-----+------------+----------------------+--------------+
|        RTL Ports       | Dir | Bits|  Protocol  |     Source Object    |    C Type    |
+------------------------+-----+-----+------------+----------------------+--------------+
|ap_clk                  |  in |    1| ap_ctrl_hs | Block_Mat.exit47_pro | return value |
|ap_rst                  |  in |    1| ap_ctrl_hs | Block_Mat.exit47_pro | return value |
|ap_start                |  in |    1| ap_ctrl_hs | Block_Mat.exit47_pro | return value |
|start_full_n            |  in |    1| ap_ctrl_hs | Block_Mat.exit47_pro | return value |
|ap_done                 | out |    1| ap_ctrl_hs | Block_Mat.exit47_pro | return value |
|ap_continue             |  in |    1| ap_ctrl_hs | Block_Mat.exit47_pro | return value |
|ap_idle                 | out |    1| ap_ctrl_hs | Block_Mat.exit47_pro | return value |
|ap_ready                | out |    1| ap_ctrl_hs | Block_Mat.exit47_pro | return value |
|start_out               | out |    1| ap_ctrl_hs | Block_Mat.exit47_pro | return value |
|start_write             | out |    1| ap_ctrl_hs | Block_Mat.exit47_pro | return value |
|rows_dout               |  in |   32|   ap_fifo  |         rows         |    pointer   |
|rows_empty_n            |  in |    1|   ap_fifo  |         rows         |    pointer   |
|rows_read               | out |    1|   ap_fifo  |         rows         |    pointer   |
|cols_dout               |  in |   32|   ap_fifo  |         cols         |    pointer   |
|cols_empty_n            |  in |    1|   ap_fifo  |         cols         |    pointer   |
|cols_read               | out |    1|   ap_fifo  |         cols         |    pointer   |
|src_rows_V_out_din      | out |   32|   ap_fifo  |    src_rows_V_out    |    pointer   |
|src_rows_V_out_full_n   |  in |    1|   ap_fifo  |    src_rows_V_out    |    pointer   |
|src_rows_V_out_write    | out |    1|   ap_fifo  |    src_rows_V_out    |    pointer   |
|src_cols_V_out_din      | out |   32|   ap_fifo  |    src_cols_V_out    |    pointer   |
|src_cols_V_out_full_n   |  in |    1|   ap_fifo  |    src_cols_V_out    |    pointer   |
|src_cols_V_out_write    | out |    1|   ap_fifo  |    src_cols_V_out    |    pointer   |
|gray_rows_V_out_din     | out |   32|   ap_fifo  |    gray_rows_V_out   |    pointer   |
|gray_rows_V_out_full_n  |  in |    1|   ap_fifo  |    gray_rows_V_out   |    pointer   |
|gray_rows_V_out_write   | out |    1|   ap_fifo  |    gray_rows_V_out   |    pointer   |
|gray_cols_V_out_din     | out |   32|   ap_fifo  |    gray_cols_V_out   |    pointer   |
|gray_cols_V_out_full_n  |  in |    1|   ap_fifo  |    gray_cols_V_out   |    pointer   |
|gray_cols_V_out_write   | out |    1|   ap_fifo  |    gray_cols_V_out   |    pointer   |
|dst0_rows_V_out_din     | out |   32|   ap_fifo  |    dst0_rows_V_out   |    pointer   |
|dst0_rows_V_out_full_n  |  in |    1|   ap_fifo  |    dst0_rows_V_out   |    pointer   |
|dst0_rows_V_out_write   | out |    1|   ap_fifo  |    dst0_rows_V_out   |    pointer   |
|dst0_cols_V_out_din     | out |   32|   ap_fifo  |    dst0_cols_V_out   |    pointer   |
|dst0_cols_V_out_full_n  |  in |    1|   ap_fifo  |    dst0_cols_V_out   |    pointer   |
|dst0_cols_V_out_write   | out |    1|   ap_fifo  |    dst0_cols_V_out   |    pointer   |
|dst1_rows_V_out_din     | out |   32|   ap_fifo  |    dst1_rows_V_out   |    pointer   |
|dst1_rows_V_out_full_n  |  in |    1|   ap_fifo  |    dst1_rows_V_out   |    pointer   |
|dst1_rows_V_out_write   | out |    1|   ap_fifo  |    dst1_rows_V_out   |    pointer   |
|dst1_cols_V_out_din     | out |   32|   ap_fifo  |    dst1_cols_V_out   |    pointer   |
|dst1_cols_V_out_full_n  |  in |    1|   ap_fifo  |    dst1_cols_V_out   |    pointer   |
|dst1_cols_V_out_write   | out |    1|   ap_fifo  |    dst1_cols_V_out   |    pointer   |
+------------------------+-----+-----+------------+----------------------+--------------+

============================================================
+ Verbose Summary: Synthesis Manager
============================================================
InlineROM: 1
ExposeGlobal: 0
============================================================
+ Verbose Summary: CDFG Model
============================================================
IsTopModel: 0
ResetActiveHigh: 1
IsCombinational: 2
IsDatapathOnly: 0
HasWiredReturn: 1
HasMFsm: 0
HasVarLatency: 0
IsPipeline: 0
IsRtlPipelined: 0
IsInstanceOverlapped: 0
IsDontTouch: 0
HasImplIP: 0
IsGatedGlobalClock: 0


============================================================
+ Verbose Summary: Schedule
============================================================
* Number of FSM states : 1
* Pipeline : 0
* Dataflow Pipeline: 0

* FSM state transitions: 
1 --> 

* FSM state operations: 

State 1 <SV = 0> <Delay = 4.52>
ST_1 : Operation 2 [1/1] (0.00ns)   --->   "call void (...)* @_ssdm_op_SpecInterface(i32* %dst1_cols_V_out, [8 x i8]* @ap_fifo_str, i32 0, i32 0, [1 x i8]* @p_str, i32 0, i32 0, [1 x i8]* @p_str, [1 x i8]* @p_str, [1 x i8]* @p_str, i32 2, i32 2, i32 16, i32 16, [1 x i8]* @p_str, [1 x i8]* @p_str)"   --->   Operation 2 'specinterface' <Predicate = true> <Delay = 0.00>
ST_1 : Operation 3 [1/1] (0.00ns)   --->   "call void (...)* @_ssdm_op_SpecInterface(i32* %dst1_rows_V_out, [8 x i8]* @ap_fifo_str, i32 0, i32 0, [1 x i8]* @p_str, i32 0, i32 0, [1 x i8]* @p_str, [1 x i8]* @p_str, [1 x i8]* @p_str, i32 2, i32 2, i32 16, i32 16, [1 x i8]* @p_str, [1 x i8]* @p_str)"   --->   Operation 3 'specinterface' <Predicate = true> <Delay = 0.00>
ST_1 : Operation 4 [1/1] (0.00ns)   --->   "call void (...)* @_ssdm_op_SpecInterface(i32* %dst0_cols_V_out, [8 x i8]* @ap_fifo_str, i32 0, i32 0, [1 x i8]* @p_str, i32 0, i32 0, [1 x i8]* @p_str, [1 x i8]* @p_str, [1 x i8]* @p_str, i32 2, i32 2, i32 16, i32 16, [1 x i8]* @p_str, [1 x i8]* @p_str)"   --->   Operation 4 'specinterface' <Predicate = true> <Delay = 0.00>
ST_1 : Operation 5 [1/1] (0.00ns)   --->   "call void (...)* @_ssdm_op_SpecInterface(i32* %dst0_rows_V_out, [8 x i8]* @ap_fifo_str, i32 0, i32 0, [1 x i8]* @p_str, i32 0, i32 0, [1 x i8]* @p_str, [1 x i8]* @p_str, [1 x i8]* @p_str, i32 2, i32 2, i32 16, i32 16, [1 x i8]* @p_str, [1 x i8]* @p_str)"   --->   Operation 5 'specinterface' <Predicate = true> <Delay = 0.00>
ST_1 : Operation 6 [1/1] (0.00ns)   --->   "call void (...)* @_ssdm_op_SpecInterface(i32* %gray_cols_V_out, [8 x i8]* @ap_fifo_str, i32 0, i32 0, [1 x i8]* @p_str, i32 0, i32 0, [1 x i8]* @p_str, [1 x i8]* @p_str, [1 x i8]* @p_str, i32 2, i32 2, i32 16, i32 16, [1 x i8]* @p_str, [1 x i8]* @p_str)"   --->   Operation 6 'specinterface' <Predicate = true> <Delay = 0.00>
ST_1 : Operation 7 [1/1] (0.00ns)   --->   "call void (...)* @_ssdm_op_SpecInterface(i32* %gray_rows_V_out, [8 x i8]* @ap_fifo_str, i32 0, i32 0, [1 x i8]* @p_str, i32 0, i32 0, [1 x i8]* @p_str, [1 x i8]* @p_str, [1 x i8]* @p_str, i32 2, i32 2, i32 16, i32 16, [1 x i8]* @p_str, [1 x i8]* @p_str)"   --->   Operation 7 'specinterface' <Predicate = true> <Delay = 0.00>
ST_1 : Operation 8 [1/1] (0.00ns)   --->   "call void (...)* @_ssdm_op_SpecInterface(i32* %src_cols_V_out, [8 x i8]* @ap_fifo_str, i32 0, i32 0, [1 x i8]* @p_str, i32 0, i32 0, [1 x i8]* @p_str, [1 x i8]* @p_str, [1 x i8]* @p_str, i32 2, i32 2, i32 16, i32 16, [1 x i8]* @p_str, [1 x i8]* @p_str)"   --->   Operation 8 'specinterface' <Predicate = true> <Delay = 0.00>
ST_1 : Operation 9 [1/1] (0.00ns)   --->   "call void (...)* @_ssdm_op_SpecInterface(i32* %src_rows_V_out, [8 x i8]* @ap_fifo_str, i32 0, i32 0, [1 x i8]* @p_str, i32 0, i32 0, [1 x i8]* @p_str, [1 x i8]* @p_str, [1 x i8]* @p_str, i32 2, i32 2, i32 16, i32 16, [1 x i8]* @p_str, [1 x i8]* @p_str)"   --->   Operation 9 'specinterface' <Predicate = true> <Delay = 0.00>
ST_1 : Operation 10 [1/1] (0.00ns)   --->   "call void (...)* @_ssdm_op_SpecInterface(i32* %cols, [8 x i8]* @ap_fifo_str, i32 0, i32 0, [1 x i8]* @p_str, i32 0, i32 0, [1 x i8]* @p_str, [1 x i8]* @p_str, [1 x i8]* @p_str, i32 2, i32 2, i32 16, i32 16, [1 x i8]* @p_str, [1 x i8]* @p_str)"   --->   Operation 10 'specinterface' <Predicate = true> <Delay = 0.00>
ST_1 : Operation 11 [1/1] (0.00ns)   --->   "call void (...)* @_ssdm_op_SpecInterface(i32* %rows, [8 x i8]* @ap_fifo_str, i32 0, i32 0, [1 x i8]* @p_str, i32 0, i32 0, [1 x i8]* @p_str, [1 x i8]* @p_str, [1 x i8]* @p_str, i32 2, i32 2, i32 16, i32 16, [1 x i8]* @p_str, [1 x i8]* @p_str)"   --->   Operation 11 'specinterface' <Predicate = true> <Delay = 0.00>
ST_1 : Operation 12 [1/1] (2.26ns)   --->   "%rows_read = call i32 @_ssdm_op_Read.ap_fifo.i32P(i32* %rows)"   --->   Operation 12 'read' 'rows_read' <Predicate = true> <Delay = 2.26> <Core = "FIFO_SRL">   --->   Core 36 'FIFO_SRL' <Latency = 0> <II = 1> <Delay = 2.26> <Storage> <Opcode : 'read' 'write' 'nbread' 'nbwrite'> <Ports = 0> <Width = 32> <Depth = 2> <FIFO>
ST_1 : Operation 13 [1/1] (2.26ns)   --->   "%cols_read = call i32 @_ssdm_op_Read.ap_fifo.i32P(i32* %cols)"   --->   Operation 13 'read' 'cols_read' <Predicate = true> <Delay = 2.26> <Core = "FIFO_SRL">   --->   Core 36 'FIFO_SRL' <Latency = 0> <II = 1> <Delay = 2.26> <Storage> <Opcode : 'read' 'write' 'nbread' 'nbwrite'> <Ports = 0> <Width = 32> <Depth = 2> <FIFO>
ST_1 : Operation 14 [1/1] (2.26ns)   --->   "call void @_ssdm_op_Write.ap_fifo.i32P(i32* %src_rows_V_out, i32 %rows_read)" [E:/Xilinx/Vivado/2018.2/common/technology/autopilot/hls/hls_video_core.h:601->E:/Xilinx/Vivado/2018.2/common/technology/autopilot/hls/hls_video_core.h:587->E:/Xilinx/Vivado/2018.2/common/technology/autopilot/hls/hls_video_core.h:588->image_core.cpp:22]   --->   Operation 14 'write' <Predicate = true> <Delay = 2.26> <Core = "FIFO_SRL">   --->   Core 36 'FIFO_SRL' <Latency = 0> <II = 1> <Delay = 2.26> <Storage> <Opcode : 'read' 'write' 'nbread' 'nbwrite'> <Ports = 0> <Width = 32> <Depth = 2> <FIFO>
ST_1 : Operation 15 [1/1] (2.26ns)   --->   "call void @_ssdm_op_Write.ap_fifo.i32P(i32* %src_cols_V_out, i32 %cols_read)" [E:/Xilinx/Vivado/2018.2/common/technology/autopilot/hls/hls_video_core.h:602->E:/Xilinx/Vivado/2018.2/common/technology/autopilot/hls/hls_video_core.h:587->E:/Xilinx/Vivado/2018.2/common/technology/autopilot/hls/hls_video_core.h:588->image_core.cpp:22]   --->   Operation 15 'write' <Predicate = true> <Delay = 2.26> <Core = "FIFO_SRL">   --->   Core 36 'FIFO_SRL' <Latency = 0> <II = 1> <Delay = 2.26> <Storage> <Opcode : 'read' 'write' 'nbread' 'nbwrite'> <Ports = 0> <Width = 32> <Depth = 2> <FIFO>
ST_1 : Operation 16 [1/1] (2.26ns)   --->   "call void @_ssdm_op_Write.ap_fifo.i32P(i32* %gray_rows_V_out, i32 %rows_read)" [E:/Xilinx/Vivado/2018.2/common/technology/autopilot/hls/hls_video_core.h:601->E:/Xilinx/Vivado/2018.2/common/technology/autopilot/hls/hls_video_core.h:587->E:/Xilinx/Vivado/2018.2/common/technology/autopilot/hls/hls_video_core.h:588->image_core.cpp:23]   --->   Operation 16 'write' <Predicate = true> <Delay = 2.26> <Core = "FIFO_SRL">   --->   Core 36 'FIFO_SRL' <Latency = 0> <II = 1> <Delay = 2.26> <Storage> <Opcode : 'read' 'write' 'nbread' 'nbwrite'> <Ports = 0> <Width = 32> <Depth = 2> <FIFO>
ST_1 : Operation 17 [1/1] (2.26ns)   --->   "call void @_ssdm_op_Write.ap_fifo.i32P(i32* %gray_cols_V_out, i32 %cols_read)" [E:/Xilinx/Vivado/2018.2/common/technology/autopilot/hls/hls_video_core.h:602->E:/Xilinx/Vivado/2018.2/common/technology/autopilot/hls/hls_video_core.h:587->E:/Xilinx/Vivado/2018.2/common/technology/autopilot/hls/hls_video_core.h:588->image_core.cpp:23]   --->   Operation 17 'write' <Predicate = true> <Delay = 2.26> <Core = "FIFO_SRL">   --->   Core 36 'FIFO_SRL' <Latency = 0> <II = 1> <Delay = 2.26> <Storage> <Opcode : 'read' 'write' 'nbread' 'nbwrite'> <Ports = 0> <Width = 32> <Depth = 2> <FIFO>
ST_1 : Operation 18 [1/1] (2.26ns)   --->   "call void @_ssdm_op_Write.ap_fifo.i32P(i32* %dst0_rows_V_out, i32 %rows_read)" [E:/Xilinx/Vivado/2018.2/common/technology/autopilot/hls/hls_video_core.h:601->E:/Xilinx/Vivado/2018.2/common/technology/autopilot/hls/hls_video_core.h:587->E:/Xilinx/Vivado/2018.2/common/technology/autopilot/hls/hls_video_core.h:588->image_core.cpp:24]   --->   Operation 18 'write' <Predicate = true> <Delay = 2.26> <Core = "FIFO_SRL">   --->   Core 36 'FIFO_SRL' <Latency = 0> <II = 1> <Delay = 2.26> <Storage> <Opcode : 'read' 'write' 'nbread' 'nbwrite'> <Ports = 0> <Width = 32> <Depth = 2> <FIFO>
ST_1 : Operation 19 [1/1] (2.26ns)   --->   "call void @_ssdm_op_Write.ap_fifo.i32P(i32* %dst0_cols_V_out, i32 %cols_read)" [E:/Xilinx/Vivado/2018.2/common/technology/autopilot/hls/hls_video_core.h:602->E:/Xilinx/Vivado/2018.2/common/technology/autopilot/hls/hls_video_core.h:587->E:/Xilinx/Vivado/2018.2/common/technology/autopilot/hls/hls_video_core.h:588->image_core.cpp:24]   --->   Operation 19 'write' <Predicate = true> <Delay = 2.26> <Core = "FIFO_SRL">   --->   Core 36 'FIFO_SRL' <Latency = 0> <II = 1> <Delay = 2.26> <Storage> <Opcode : 'read' 'write' 'nbread' 'nbwrite'> <Ports = 0> <Width = 32> <Depth = 2> <FIFO>
ST_1 : Operation 20 [1/1] (2.26ns)   --->   "call void @_ssdm_op_Write.ap_fifo.i32P(i32* %dst1_rows_V_out, i32 %rows_read)" [E:/Xilinx/Vivado/2018.2/common/technology/autopilot/hls/hls_video_core.h:601->E:/Xilinx/Vivado/2018.2/common/technology/autopilot/hls/hls_video_core.h:587->E:/Xilinx/Vivado/2018.2/common/technology/autopilot/hls/hls_video_core.h:588->image_core.cpp:25]   --->   Operation 20 'write' <Predicate = true> <Delay = 2.26> <Core = "FIFO_SRL">   --->   Core 36 'FIFO_SRL' <Latency = 0> <II = 1> <Delay = 2.26> <Storage> <Opcode : 'read' 'write' 'nbread' 'nbwrite'> <Ports = 0> <Width = 32> <Depth = 2> <FIFO>
ST_1 : Operation 21 [1/1] (2.26ns)   --->   "call void @_ssdm_op_Write.ap_fifo.i32P(i32* %dst1_cols_V_out, i32 %cols_read)" [E:/Xilinx/Vivado/2018.2/common/technology/autopilot/hls/hls_video_core.h:602->E:/Xilinx/Vivado/2018.2/common/technology/autopilot/hls/hls_video_core.h:587->E:/Xilinx/Vivado/2018.2/common/technology/autopilot/hls/hls_video_core.h:588->image_core.cpp:25]   --->   Operation 21 'write' <Predicate = true> <Delay = 2.26> <Core = "FIFO_SRL">   --->   Core 36 'FIFO_SRL' <Latency = 0> <II = 1> <Delay = 2.26> <Storage> <Opcode : 'read' 'write' 'nbread' 'nbwrite'> <Ports = 0> <Width = 32> <Depth = 2> <FIFO>
ST_1 : Operation 22 [1/1] (0.00ns)   --->   "ret void"   --->   Operation 22 'ret' <Predicate = true> <Delay = 0.00>


============================================================
+ Verbose Summary: Binding
============================================================
STG Binding: 
---------------- STG Properties BEGIN ----------------
- Is combinational: 0
- Is one-state seq: 1
- Is datapath-only: 0
- Is pipelined: 0
- Is top level: 0
Port [ Return ] is wired: 1; IO mode=ap_ctrl_hs:ce=0
Port [ rows]:  wired=1; compound=1; hidden=0; nouse=0; global=0; static=0; extern=0; dir=0; type=3; pingpong=0; private_global=0; IO mode=ap_fifo:ce=0
Port [ cols]:  wired=1; compound=1; hidden=0; nouse=0; global=0; static=0; extern=0; dir=0; type=3; pingpong=0; private_global=0; IO mode=ap_fifo:ce=0
Port [ src_rows_V_out]:  wired=1; compound=1; hidden=0; nouse=0; global=0; static=0; extern=0; dir=1; type=3; pingpong=0; private_global=0; IO mode=ap_fifo:ce=0
Port [ src_cols_V_out]:  wired=1; compound=1; hidden=0; nouse=0; global=0; static=0; extern=0; dir=1; type=3; pingpong=0; private_global=0; IO mode=ap_fifo:ce=0
Port [ gray_rows_V_out]:  wired=1; compound=1; hidden=0; nouse=0; global=0; static=0; extern=0; dir=1; type=3; pingpong=0; private_global=0; IO mode=ap_fifo:ce=0
Port [ gray_cols_V_out]:  wired=1; compound=1; hidden=0; nouse=0; global=0; static=0; extern=0; dir=1; type=3; pingpong=0; private_global=0; IO mode=ap_fifo:ce=0
Port [ dst0_rows_V_out]:  wired=1; compound=1; hidden=0; nouse=0; global=0; static=0; extern=0; dir=1; type=3; pingpong=0; private_global=0; IO mode=ap_fifo:ce=0
Port [ dst0_cols_V_out]:  wired=1; compound=1; hidden=0; nouse=0; global=0; static=0; extern=0; dir=1; type=3; pingpong=0; private_global=0; IO mode=ap_fifo:ce=0
Port [ dst1_rows_V_out]:  wired=1; compound=1; hidden=0; nouse=0; global=0; static=0; extern=0; dir=1; type=3; pingpong=0; private_global=0; IO mode=ap_fifo:ce=0
Port [ dst1_cols_V_out]:  wired=1; compound=1; hidden=0; nouse=0; global=0; static=0; extern=0; dir=1; type=3; pingpong=0; private_global=0; IO mode=ap_fifo:ce=0
---------------- STG Properties END ------------------

---------------- Datapath Model BEGIN ----------------

<LifeTime>
<method=bitvector/>
StgValue_2  (specinterface) [ 00]
StgValue_3  (specinterface) [ 00]
StgValue_4  (specinterface) [ 00]
StgValue_5  (specinterface) [ 00]
StgValue_6  (specinterface) [ 00]
StgValue_7  (specinterface) [ 00]
StgValue_8  (specinterface) [ 00]
StgValue_9  (specinterface) [ 00]
StgValue_10 (specinterface) [ 00]
StgValue_11 (specinterface) [ 00]
rows_read   (read         ) [ 00]
cols_read   (read         ) [ 00]
StgValue_14 (write        ) [ 00]
StgValue_15 (write        ) [ 00]
StgValue_16 (write        ) [ 00]
StgValue_17 (write        ) [ 00]
StgValue_18 (write        ) [ 00]
StgValue_19 (write        ) [ 00]
StgValue_20 (write        ) [ 00]
StgValue_21 (write        ) [ 00]
StgValue_22 (ret          ) [ 00]
</LifeTime>

<model>

<comp_list>
<comp id="0" class="1000" name="rows">
<pin_list>
<pin id="1" dir="1" index="0" bw="1" slack="0"/>
</pin_list>
<bind>
<StgValue><ssdm name="rows"/></StgValue>
</bind>
</comp>

<comp id="2" class="1000" name="cols">
<pin_list>
<pin id="3" dir="1" index="0" bw="1" slack="0"/>
</pin_list>
<bind>
<StgValue><ssdm name="cols"/></StgValue>
</bind>
</comp>

<comp id="4" class="1000" name="src_rows_V_out">
<pin_list>
<pin id="5" dir="1" index="0" bw="1" slack="0"/>
</pin_list>
<bind>
<StgValue><ssdm name="src_rows_V_out"/></StgValue>
</bind>
</comp>

<comp id="6" class="1000" name="src_cols_V_out">
<pin_list>
<pin id="7" dir="1" index="0" bw="1" slack="0"/>
</pin_list>
<bind>
<StgValue><ssdm name="src_cols_V_out"/></StgValue>
</bind>
</comp>

<comp id="8" class="1000" name="gray_rows_V_out">
<pin_list>
<pin id="9" dir="1" index="0" bw="1" slack="0"/>
</pin_list>
<bind>
<StgValue><ssdm name="gray_rows_V_out"/></StgValue>
</bind>
</comp>

<comp id="10" class="1000" name="gray_cols_V_out">
<pin_list>
<pin id="11" dir="1" index="0" bw="1" slack="0"/>
</pin_list>
<bind>
<StgValue><ssdm name="gray_cols_V_out"/></StgValue>
</bind>
</comp>

<comp id="12" class="1000" name="dst0_rows_V_out">
<pin_list>
<pin id="13" dir="1" index="0" bw="1" slack="0"/>
</pin_list>
<bind>
<StgValue><ssdm name="dst0_rows_V_out"/></StgValue>
</bind>
</comp>

<comp id="14" class="1000" name="dst0_cols_V_out">
<pin_list>
<pin id="15" dir="1" index="0" bw="1" slack="0"/>
</pin_list>
<bind>
<StgValue><ssdm name="dst0_cols_V_out"/></StgValue>
</bind>
</comp>

<comp id="16" class="1000" name="dst1_rows_V_out">
<pin_list>
<pin id="17" dir="1" index="0" bw="1" slack="0"/>
</pin_list>
<bind>
<StgValue><ssdm name="dst1_rows_V_out"/></StgValue>
</bind>
</comp>

<comp id="18" class="1000" name="dst1_cols_V_out">
<pin_list>
<pin id="19" dir="1" index="0" bw="1" slack="0"/>
</pin_list>
<bind>
<StgValue><ssdm name="dst1_cols_V_out"/></StgValue>
</bind>
</comp>

<comp id="20" class="1001" name="const_20">
<pin_list>
<pin id="21" dir="1" index="0" bw="1" slack="2147483647"/>
</pin_list>
<bind>
<StgValue><ssdm name="_ssdm_op_SpecInterface"/></StgValue>
</bind>
</comp>

<comp id="22" class="1001" name="const_22">
<pin_list>
<pin id="23" dir="1" index="0" bw="1" slack="2147483647"/>
</pin_list>
<bind>
<StgValue><ssdm name="ap_fifo_str"/></StgValue>
</bind>
</comp>

<comp id="24" class="1001" name="const_24">
<pin_list>
<pin id="25" dir="1" index="0" bw="1" slack="2147483647"/>
</pin_list>
<bind>
<StgValue><ssdm name=""/></StgValue>
</bind>
</comp>

<comp id="26" class="1001" name="const_26">
<pin_list>
<pin id="27" dir="1" index="0" bw="1" slack="2147483647"/>
</pin_list>
<bind>
<StgValue><ssdm name="p_str"/></StgValue>
</bind>
</comp>

<comp id="28" class="1001" name="const_28">
<pin_list>
<pin id="29" dir="1" index="0" bw="1" slack="2147483647"/>
</pin_list>
<bind>
<StgValue><ssdm name=""/></StgValue>
</bind>
</comp>

<comp id="30" class="1001" name="const_30">
<pin_list>
<pin id="31" dir="1" index="0" bw="1" slack="2147483647"/>
</pin_list>
<bind>
<StgValue><ssdm name=""/></StgValue>
</bind>
</comp>

<comp id="32" class="1001" name="const_32">
<pin_list>
<pin id="33" dir="1" index="0" bw="1" slack="0"/>
</pin_list>
<bind>
<StgValue><ssdm name="_ssdm_op_Read.ap_fifo.i32P"/></StgValue>
</bind>
</comp>

<comp id="34" class="1001" name="const_34">
<pin_list>
<pin id="35" dir="1" index="0" bw="1" slack="0"/>
</pin_list>
<bind>
<StgValue><ssdm name="_ssdm_op_Write.ap_fifo.i32P"/></StgValue>
</bind>
</comp>

<comp id="36" class="1004" name="rows_read_read_fu_36">
<pin_list>
<pin id="37" dir="0" index="0" bw="32" slack="0"/>
<pin id="38" dir="0" index="1" bw="32" slack="0"/>
<pin id="39" dir="1" index="2" bw="32" slack="0"/>
</pin_list>
<bind>
<opcode="read(1150) " fcode="read"/>
<opset="rows_read/1 "/>
</bind>
</comp>

<comp id="42" class="1004" name="cols_read_read_fu_42">
<pin_list>
<pin id="43" dir="0" index="0" bw="32" slack="0"/>
<pin id="44" dir="0" index="1" bw="32" slack="0"/>
<pin id="45" dir="1" index="2" bw="32" slack="0"/>
</pin_list>
<bind>
<opcode="read(1150) " fcode="read"/>
<opset="cols_read/1 "/>
</bind>
</comp>

<comp id="48" class="1004" name="StgValue_14_write_fu_48">
<pin_list>
<pin id="49" dir="0" index="0" bw="0" slack="0"/>
<pin id="50" dir="0" index="1" bw="32" slack="0"/>
<pin id="51" dir="0" index="2" bw="32" slack="0"/>
<pin id="52" dir="1" index="3" bw="0" slack="2147483647"/>
</pin_list>
<bind>
<opcode="write(1151) " fcode="write"/>
<opset="StgValue_14/1 "/>
</bind>
</comp>

<comp id="56" class="1004" name="StgValue_15_write_fu_56">
<pin_list>
<pin id="57" dir="0" index="0" bw="0" slack="0"/>
<pin id="58" dir="0" index="1" bw="32" slack="0"/>
<pin id="59" dir="0" index="2" bw="32" slack="0"/>
<pin id="60" dir="1" index="3" bw="0" slack="2147483647"/>
</pin_list>
<bind>
<opcode="write(1151) " fcode="write"/>
<opset="StgValue_15/1 "/>
</bind>
</comp>

<comp id="64" class="1004" name="StgValue_16_write_fu_64">
<pin_list>
<pin id="65" dir="0" index="0" bw="0" slack="0"/>
<pin id="66" dir="0" index="1" bw="32" slack="0"/>
<pin id="67" dir="0" index="2" bw="32" slack="0"/>
<pin id="68" dir="1" index="3" bw="0" slack="2147483647"/>
</pin_list>
<bind>
<opcode="write(1151) " fcode="write"/>
<opset="StgValue_16/1 "/>
</bind>
</comp>

<comp id="72" class="1004" name="StgValue_17_write_fu_72">
<pin_list>
<pin id="73" dir="0" index="0" bw="0" slack="0"/>
<pin id="74" dir="0" index="1" bw="32" slack="0"/>
<pin id="75" dir="0" index="2" bw="32" slack="0"/>
<pin id="76" dir="1" index="3" bw="0" slack="2147483647"/>
</pin_list>
<bind>
<opcode="write(1151) " fcode="write"/>
<opset="StgValue_17/1 "/>
</bind>
</comp>

<comp id="80" class="1004" name="StgValue_18_write_fu_80">
<pin_list>
<pin id="81" dir="0" index="0" bw="0" slack="0"/>
<pin id="82" dir="0" index="1" bw="32" slack="0"/>
<pin id="83" dir="0" index="2" bw="32" slack="0"/>
<pin id="84" dir="1" index="3" bw="0" slack="2147483647"/>
</pin_list>
<bind>
<opcode="write(1151) " fcode="write"/>
<opset="StgValue_18/1 "/>
</bind>
</comp>

<comp id="88" class="1004" name="StgValue_19_write_fu_88">
<pin_list>
<pin id="89" dir="0" index="0" bw="0" slack="0"/>
<pin id="90" dir="0" index="1" bw="32" slack="0"/>
<pin id="91" dir="0" index="2" bw="32" slack="0"/>
<pin id="92" dir="1" index="3" bw="0" slack="2147483647"/>
</pin_list>
<bind>
<opcode="write(1151) " fcode="write"/>
<opset="StgValue_19/1 "/>
</bind>
</comp>

<comp id="96" class="1004" name="StgValue_20_write_fu_96">
<pin_list>
<pin id="97" dir="0" index="0" bw="0" slack="0"/>
<pin id="98" dir="0" index="1" bw="32" slack="0"/>
<pin id="99" dir="0" index="2" bw="32" slack="0"/>
<pin id="100" dir="1" index="3" bw="0" slack="2147483647"/>
</pin_list>
<bind>
<opcode="write(1151) " fcode="write"/>
<opset="StgValue_20/1 "/>
</bind>
</comp>

<comp id="104" class="1004" name="StgValue_21_write_fu_104">
<pin_list>
<pin id="105" dir="0" index="0" bw="0" slack="0"/>
<pin id="106" dir="0" index="1" bw="32" slack="0"/>
<pin id="107" dir="0" index="2" bw="32" slack="0"/>
<pin id="108" dir="1" index="3" bw="0" slack="2147483647"/>
</pin_list>
<bind>
<opcode="write(1151) " fcode="write"/>
<opset="StgValue_21/1 "/>
</bind>
</comp>

</comp_list>

<net_list>
<net id="40"><net_src comp="32" pin="0"/><net_sink comp="36" pin=0"/></net>

<net id="41"><net_src comp="0" pin="0"/><net_sink comp="36" pin=1"/></net>

<net id="46"><net_src comp="32" pin="0"/><net_sink comp="42" pin=0"/></net>

<net id="47"><net_src comp="2" pin="0"/><net_sink comp="42" pin=1"/></net>

<net id="53"><net_src comp="34" pin="0"/><net_sink comp="48" pin=0"/></net>

<net id="54"><net_src comp="4" pin="0"/><net_sink comp="48" pin=1"/></net>

<net id="55"><net_src comp="36" pin="2"/><net_sink comp="48" pin=2"/></net>

<net id="61"><net_src comp="34" pin="0"/><net_sink comp="56" pin=0"/></net>

<net id="62"><net_src comp="6" pin="0"/><net_sink comp="56" pin=1"/></net>

<net id="63"><net_src comp="42" pin="2"/><net_sink comp="56" pin=2"/></net>

<net id="69"><net_src comp="34" pin="0"/><net_sink comp="64" pin=0"/></net>

<net id="70"><net_src comp="8" pin="0"/><net_sink comp="64" pin=1"/></net>

<net id="71"><net_src comp="36" pin="2"/><net_sink comp="64" pin=2"/></net>

<net id="77"><net_src comp="34" pin="0"/><net_sink comp="72" pin=0"/></net>

<net id="78"><net_src comp="10" pin="0"/><net_sink comp="72" pin=1"/></net>

<net id="79"><net_src comp="42" pin="2"/><net_sink comp="72" pin=2"/></net>

<net id="85"><net_src comp="34" pin="0"/><net_sink comp="80" pin=0"/></net>

<net id="86"><net_src comp="12" pin="0"/><net_sink comp="80" pin=1"/></net>

<net id="87"><net_src comp="36" pin="2"/><net_sink comp="80" pin=2"/></net>

<net id="93"><net_src comp="34" pin="0"/><net_sink comp="88" pin=0"/></net>

<net id="94"><net_src comp="14" pin="0"/><net_sink comp="88" pin=1"/></net>

<net id="95"><net_src comp="42" pin="2"/><net_sink comp="88" pin=2"/></net>

<net id="101"><net_src comp="34" pin="0"/><net_sink comp="96" pin=0"/></net>

<net id="102"><net_src comp="16" pin="0"/><net_sink comp="96" pin=1"/></net>

<net id="103"><net_src comp="36" pin="2"/><net_sink comp="96" pin=2"/></net>

<net id="109"><net_src comp="34" pin="0"/><net_sink comp="104" pin=0"/></net>

<net id="110"><net_src comp="18" pin="0"/><net_sink comp="104" pin=1"/></net>

<net id="111"><net_src comp="42" pin="2"/><net_sink comp="104" pin=2"/></net>

</net_list>

</model> 
---------------- Datapath Model END ------------------

* FSMD analyzer results:
  - Output states:
	Port: src_rows_V_out | {1 }
	Port: src_cols_V_out | {1 }
	Port: gray_rows_V_out | {1 }
	Port: gray_cols_V_out | {1 }
	Port: dst0_rows_V_out | {1 }
	Port: dst0_cols_V_out | {1 }
	Port: dst1_rows_V_out | {1 }
	Port: dst1_cols_V_out | {1 }
 - Input state : 
	Port: Block_Mat.exit47_pro : rows | {1 }
	Port: Block_Mat.exit47_pro : cols | {1 }
	Port: Block_Mat.exit47_pro : src_rows_V_out | {}
	Port: Block_Mat.exit47_pro : src_cols_V_out | {}
	Port: Block_Mat.exit47_pro : gray_rows_V_out | {}
	Port: Block_Mat.exit47_pro : gray_cols_V_out | {}
	Port: Block_Mat.exit47_pro : dst0_rows_V_out | {}
	Port: Block_Mat.exit47_pro : dst0_cols_V_out | {}
	Port: Block_Mat.exit47_pro : dst1_rows_V_out | {}
	Port: Block_Mat.exit47_pro : dst1_cols_V_out | {}
  - Chain level:
	State 1


============================================================
+ Verbose Summary: Datapath Resource usage 
============================================================

* Functional unit list:
|----------|--------------------------|
| Operation|      Functional Unit     |
|----------|--------------------------|
|   read   |   rows_read_read_fu_36   |
|          |   cols_read_read_fu_42   |
|----------|--------------------------|
|          |  StgValue_14_write_fu_48 |
|          |  StgValue_15_write_fu_56 |
|          |  StgValue_16_write_fu_64 |
|   write  |  StgValue_17_write_fu_72 |
|          |  StgValue_18_write_fu_80 |
|          |  StgValue_19_write_fu_88 |
|          |  StgValue_20_write_fu_96 |
|          | StgValue_21_write_fu_104 |
|----------|--------------------------|
|   Total  |                          |
|----------|--------------------------|

Memories:
N/A

* Register list:
N/A

* Multiplexer (MUX) list: 
|--------|------|------|------|--------|
|  Comp  |  Pin | Size |  BW  | S x BW |
|--------|------|------|------|--------|
|  Total |      |      |      |    0   |
|--------|------|------|------|--------|



* Summary:
+-----------+
|           |
+-----------+
|  Function |
|   Memory  |
|Multiplexer|
|  Register |
+-----------+
|   Total   |
+-----------+
