

================================================================
== Vivado HLS Report for 'Duplicate181'
================================================================
* Date:           Wed Dec  5 01:55:47 2018

* Version:        2018.2 (Build 2258646 on Thu Jun 14 20:25:20 MDT 2018)
* Project:        Haaris
* Solution:       solution1
* Product family: virtex7
* Target device:  xc7vx690tffg1761-3


================================================================
== Performance Estimates
================================================================
+ Timing (ns): 
    * Summary: 
    +--------+-------+----------+------------+
    |  Clock | Target| Estimated| Uncertainty|
    +--------+-------+----------+------------+
    |ap_clk  |  10.00|     4.520|        1.25|
    +--------+-------+----------+------------+

+ Latency (clock cycles): 
    * Summary: 
    +-----+-------+-----+-------+---------+
    |   Latency   |   Interval  | Pipeline|
    | min |  max  | min |  max  |   Type  |
    +-----+-------+-----+-------+---------+
    |    1|  66305|    1|  66305|   none  |
    +-----+-------+-----+-------+---------+

    + Detail: 
        * Instance: 
        N/A

        * Loop: 
        +---------------+-----+-------+----------+-----------+-----------+---------+----------+
        |               |   Latency   | Iteration|  Initiation Interval  |   Trip  |          |
        |   Loop Name   | min |  max  |  Latency |  achieved |   target  |  Count  | Pipelined|
        +---------------+-----+-------+----------+-----------+-----------+---------+----------+
        |- loop_height  |    0|  66304|  3 ~ 259 |          -|          -| 0 ~ 256 |    no    |
        | + loop_width  |    0|    256|         2|          1|          1| 0 ~ 256 |    yes   |
        +---------------+-----+-------+----------+-----------+-----------+---------+----------+

============================================================
+ Verbose Summary: Synthesis Manager
============================================================
InlineROM: 1
ExposeGlobal: 0
============================================================
+ Verbose Summary: CDFG Model
============================================================
IsTopModel: 0
ResetActiveHigh: 1
IsCombinational: 2
IsDatapathOnly: 0
HasWiredReturn: 1
HasMFsm: 0
HasVarLatency: 1
IsPipeline: 0
IsRtlPipelined: 0
IsInstanceOverlapped: 0
IsDontTouch: 0
HasImplIP: 0
IsGatedGlobalClock: 0

+ Individual pipeline summary: 
  * Pipeline-0: initiation interval (II) = 1, depth = 2


============================================================
+ Verbose Summary: Schedule
============================================================
* Number of FSM states : 5
* Pipeline : 1
  Pipeline-0 : II = 1, D = 2, States = { 3 4 }
* Dataflow Pipeline: 0

* FSM state transitions: 
1 --> 
	2  / true
2 --> 
	3  / (!exitcond5_i)
3 --> 
	5  / (exitcond_i)
	4  / (!exitcond_i)
4 --> 
	3  / true
5 --> 
	2  / true

* FSM state operations: 

State 1 <SV = 0> <Delay = 2.26>
ST_1 : Operation 6 [1/1] (0.00ns)   --->   "call void (...)* @_ssdm_op_SpecInterface(i15* %dst2_data_stream_V_V, [8 x i8]* @ap_fifo_str, i32 0, i32 0, [1 x i8]* @p_str, i32 0, i32 0, [1 x i8]* @p_str, [1 x i8]* @p_str, [1 x i8]* @p_str, i32 2, i32 2, i32 16, i32 16, [1 x i8]* @p_str, [1 x i8]* @p_str)"   --->   Operation 6 'specinterface' <Predicate = true> <Delay = 0.00>
ST_1 : Operation 7 [1/1] (0.00ns)   --->   "call void (...)* @_ssdm_op_SpecInterface(i15* %dst1_data_stream_V_V, [8 x i8]* @ap_fifo_str, i32 0, i32 0, [1 x i8]* @p_str, i32 0, i32 0, [1 x i8]* @p_str, [1 x i8]* @p_str, [1 x i8]* @p_str, i32 2, i32 2, i32 16, i32 16, [1 x i8]* @p_str, [1 x i8]* @p_str)"   --->   Operation 7 'specinterface' <Predicate = true> <Delay = 0.00>
ST_1 : Operation 8 [1/1] (0.00ns)   --->   "call void (...)* @_ssdm_op_SpecInterface(i15* %src_data_stream_V_V, [8 x i8]* @ap_fifo_str, i32 0, i32 0, [1 x i8]* @p_str, i32 0, i32 0, [1 x i8]* @p_str, [1 x i8]* @p_str, [1 x i8]* @p_str, i32 2, i32 2, i32 16, i32 16, [1 x i8]* @p_str, [1 x i8]* @p_str)"   --->   Operation 8 'specinterface' <Predicate = true> <Delay = 0.00>
ST_1 : Operation 9 [1/1] (0.00ns)   --->   "call void (...)* @_ssdm_op_SpecInterface(i32* %src_rows_V, [8 x i8]* @ap_fifo_str, i32 0, i32 0, [1 x i8]* @p_str, i32 0, i32 0, [1 x i8]* @p_str, [1 x i8]* @p_str, [1 x i8]* @p_str, i32 2, i32 2, i32 16, i32 16, [1 x i8]* @p_str, [1 x i8]* @p_str)"   --->   Operation 9 'specinterface' <Predicate = true> <Delay = 0.00>
ST_1 : Operation 10 [1/1] (0.00ns)   --->   "call void (...)* @_ssdm_op_SpecInterface(i32* %src_cols_V, [8 x i8]* @ap_fifo_str, i32 0, i32 0, [1 x i8]* @p_str, i32 0, i32 0, [1 x i8]* @p_str, [1 x i8]* @p_str, [1 x i8]* @p_str, i32 2, i32 2, i32 16, i32 16, [1 x i8]* @p_str, [1 x i8]* @p_str)"   --->   Operation 10 'specinterface' <Predicate = true> <Delay = 0.00>
ST_1 : Operation 11 [1/1] (2.26ns)   --->   "%rows_V = call i32 @_ssdm_op_Read.ap_fifo.i32P(i32* %src_rows_V)" [E:/Xilinx/Vivado/2018.2/common/technology/autopilot/hls/hls_video_arithm.h:1493]   --->   Operation 11 'read' 'rows_V' <Predicate = true> <Delay = 2.26> <Core = "FIFO_SRL">   --->   Core 36 'FIFO_SRL' <Latency = 0> <II = 1> <Delay = 2.26> <Storage> <Opcode : 'read' 'write' 'nbread' 'nbwrite'> <Ports = 0> <Width = 32> <Depth = 2> <FIFO>
ST_1 : Operation 12 [1/1] (2.26ns)   --->   "%cols_V = call i32 @_ssdm_op_Read.ap_fifo.i32P(i32* %src_cols_V)" [E:/Xilinx/Vivado/2018.2/common/technology/autopilot/hls/hls_video_arithm.h:1493]   --->   Operation 12 'read' 'cols_V' <Predicate = true> <Delay = 2.26> <Core = "FIFO_SRL">   --->   Core 36 'FIFO_SRL' <Latency = 0> <II = 1> <Delay = 2.26> <Storage> <Opcode : 'read' 'write' 'nbread' 'nbwrite'> <Ports = 0> <Width = 32> <Depth = 2> <FIFO>
ST_1 : Operation 13 [1/1] (0.97ns)   --->   "br label %0" [E:/Xilinx/Vivado/2018.2/common/technology/autopilot/hls/hls_video_arithm.h:1501]   --->   Operation 13 'br' <Predicate = true> <Delay = 0.97>

State 2 <SV = 1> <Delay = 1.77>
ST_2 : Operation 14 [1/1] (0.00ns)   --->   "%t_V = phi i32 [ 0, %entry ], [ %i_V, %3 ]"   --->   Operation 14 'phi' 't_V' <Predicate = true> <Delay = 0.00>
ST_2 : Operation 15 [1/1] (1.31ns)   --->   "%exitcond5_i = icmp eq i32 %t_V, %rows_V" [E:/Xilinx/Vivado/2018.2/common/technology/autopilot/hls/hls_video_arithm.h:1501]   --->   Operation 15 'icmp' 'exitcond5_i' <Predicate = true> <Delay = 1.31> <Core = "Cmp">   --->   Core 25 'Cmp' <Latency = 0> <II = 1> <Delay = 1.31> <FuncUnit> <Opcode : 'icmp'> <InPorts = 2> <OutPorts = 1>
ST_2 : Operation 16 [1/1] (0.00ns)   --->   "call void (...)* @_ssdm_op_SpecLoopTripCount(i64 0, i64 256, i64 0)"   --->   Operation 16 'speclooptripcount' <Predicate = true> <Delay = 0.00>
ST_2 : Operation 17 [1/1] (1.57ns)   --->   "%i_V = add i32 %t_V, 1" [E:/Xilinx/Vivado/2018.2/common/technology/autopilot/hls/hls_video_arithm.h:1501]   --->   Operation 17 'add' 'i_V' <Predicate = true> <Delay = 1.57> <Core = "AddSub">   --->   Core 14 'AddSub' <Latency = 0> <II = 1> <Delay = 1.57> <FuncUnit> <Opcode : 'add' 'sub'> <InPorts = 2> <OutPorts = 1>
ST_2 : Operation 18 [1/1] (0.00ns)   --->   "br i1 %exitcond5_i, label %.exit, label %1" [E:/Xilinx/Vivado/2018.2/common/technology/autopilot/hls/hls_video_arithm.h:1501]   --->   Operation 18 'br' <Predicate = true> <Delay = 0.00>
ST_2 : Operation 19 [1/1] (0.00ns)   --->   "call void (...)* @_ssdm_op_SpecLoopName([12 x i8]* @p_str10) nounwind" [E:/Xilinx/Vivado/2018.2/common/technology/autopilot/hls/hls_video_arithm.h:1501]   --->   Operation 19 'specloopname' <Predicate = (!exitcond5_i)> <Delay = 0.00>
ST_2 : Operation 20 [1/1] (0.00ns)   --->   "%tmp_i = call i32 (...)* @_ssdm_op_SpecRegionBegin([12 x i8]* @p_str10)" [E:/Xilinx/Vivado/2018.2/common/technology/autopilot/hls/hls_video_arithm.h:1501]   --->   Operation 20 'specregionbegin' 'tmp_i' <Predicate = (!exitcond5_i)> <Delay = 0.00>
ST_2 : Operation 21 [1/1] (0.97ns)   --->   "br label %2" [E:/Xilinx/Vivado/2018.2/common/technology/autopilot/hls/hls_video_arithm.h:1502]   --->   Operation 21 'br' <Predicate = (!exitcond5_i)> <Delay = 0.97>
ST_2 : Operation 22 [1/1] (0.00ns)   --->   "ret void"   --->   Operation 22 'ret' <Predicate = (exitcond5_i)> <Delay = 0.00>

State 3 <SV = 2> <Delay = 1.57>
ST_3 : Operation 23 [1/1] (0.00ns)   --->   "%t_V_13 = phi i32 [ 0, %1 ], [ %j_V, %"operator>>.exit.i" ]"   --->   Operation 23 'phi' 't_V_13' <Predicate = true> <Delay = 0.00>
ST_3 : Operation 24 [1/1] (1.31ns)   --->   "%exitcond_i = icmp eq i32 %t_V_13, %cols_V" [E:/Xilinx/Vivado/2018.2/common/technology/autopilot/hls/hls_video_arithm.h:1502]   --->   Operation 24 'icmp' 'exitcond_i' <Predicate = true> <Delay = 1.31> <Core = "Cmp">   --->   Core 25 'Cmp' <Latency = 0> <II = 1> <Delay = 1.31> <FuncUnit> <Opcode : 'icmp'> <InPorts = 2> <OutPorts = 1>
ST_3 : Operation 25 [1/1] (0.00ns)   --->   "call void (...)* @_ssdm_op_SpecLoopTripCount(i64 0, i64 256, i64 0)"   --->   Operation 25 'speclooptripcount' <Predicate = true> <Delay = 0.00>
ST_3 : Operation 26 [1/1] (1.57ns)   --->   "%j_V = add i32 %t_V_13, 1" [E:/Xilinx/Vivado/2018.2/common/technology/autopilot/hls/hls_video_arithm.h:1502]   --->   Operation 26 'add' 'j_V' <Predicate = true> <Delay = 1.57> <Core = "AddSub">   --->   Core 14 'AddSub' <Latency = 0> <II = 1> <Delay = 1.57> <FuncUnit> <Opcode : 'add' 'sub'> <InPorts = 2> <OutPorts = 1>
ST_3 : Operation 27 [1/1] (0.00ns)   --->   "br i1 %exitcond_i, label %3, label %"operator>>.exit.i"" [E:/Xilinx/Vivado/2018.2/common/technology/autopilot/hls/hls_video_arithm.h:1502]   --->   Operation 27 'br' <Predicate = true> <Delay = 0.00>

State 4 <SV = 3> <Delay = 4.52>
ST_4 : Operation 28 [1/1] (0.00ns)   --->   "call void (...)* @_ssdm_op_SpecLoopName([11 x i8]* @p_str11) nounwind" [E:/Xilinx/Vivado/2018.2/common/technology/autopilot/hls/hls_video_arithm.h:1502]   --->   Operation 28 'specloopname' <Predicate = (!exitcond_i)> <Delay = 0.00>
ST_4 : Operation 29 [1/1] (0.00ns)   --->   "%tmp_55_i = call i32 (...)* @_ssdm_op_SpecRegionBegin([11 x i8]* @p_str11)" [E:/Xilinx/Vivado/2018.2/common/technology/autopilot/hls/hls_video_arithm.h:1502]   --->   Operation 29 'specregionbegin' 'tmp_55_i' <Predicate = (!exitcond_i)> <Delay = 0.00>
ST_4 : Operation 30 [1/1] (0.00ns)   --->   "call void (...)* @_ssdm_op_SpecPipeline(i32 1, i32 1, i32 1, i32 0, [1 x i8]* @p_str) nounwind" [E:/Xilinx/Vivado/2018.2/common/technology/autopilot/hls/hls_video_arithm.h:1504]   --->   Operation 30 'specpipeline' <Predicate = (!exitcond_i)> <Delay = 0.00>
ST_4 : Operation 31 [1/1] (0.00ns)   --->   "%tmp_56_i = call i32 (...)* @_ssdm_op_SpecRegionBegin([13 x i8]* @p_str58)" [E:/Xilinx/Vivado/2018.2/common/technology/autopilot/hls/hls_video_core.h:617->E:/Xilinx/Vivado/2018.2/common/technology/autopilot/hls/hls_video_core.h:656->E:/Xilinx/Vivado/2018.2/common/technology/autopilot/hls/hls_video_arithm.h:1505]   --->   Operation 31 'specregionbegin' 'tmp_56_i' <Predicate = (!exitcond_i)> <Delay = 0.00>
ST_4 : Operation 32 [1/1] (0.00ns)   --->   "call void (...)* @_ssdm_op_SpecProtocol(i32 0, [1 x i8]* @p_str) nounwind" [E:/Xilinx/Vivado/2018.2/common/technology/autopilot/hls/hls_video_core.h:621->E:/Xilinx/Vivado/2018.2/common/technology/autopilot/hls/hls_video_core.h:656->E:/Xilinx/Vivado/2018.2/common/technology/autopilot/hls/hls_video_arithm.h:1505]   --->   Operation 32 'specprotocol' <Predicate = (!exitcond_i)> <Delay = 0.00>
ST_4 : Operation 33 [1/1] (2.26ns)   --->   "%tmp_V = call i15 @_ssdm_op_Read.ap_fifo.volatile.i15P(i15* %src_data_stream_V_V)" [E:/Xilinx/Vivado/2018.2/common/technology/autopilot/hls/hls_video_core.h:624->E:/Xilinx/Vivado/2018.2/common/technology/autopilot/hls/hls_video_core.h:656->E:/Xilinx/Vivado/2018.2/common/technology/autopilot/hls/hls_video_arithm.h:1505]   --->   Operation 33 'read' 'tmp_V' <Predicate = (!exitcond_i)> <Delay = 2.26> <Core = "FIFO_SRL">   --->   Core 36 'FIFO_SRL' <Latency = 0> <II = 1> <Delay = 2.26> <Storage> <Opcode : 'read' 'write' 'nbread' 'nbwrite'> <Ports = 0> <Width = 32> <Depth = 2> <FIFO>
ST_4 : Operation 34 [1/1] (0.00ns)   --->   "%empty = call i32 (...)* @_ssdm_op_SpecRegionEnd([13 x i8]* @p_str58, i32 %tmp_56_i)" [E:/Xilinx/Vivado/2018.2/common/technology/autopilot/hls/hls_video_core.h:626->E:/Xilinx/Vivado/2018.2/common/technology/autopilot/hls/hls_video_core.h:656->E:/Xilinx/Vivado/2018.2/common/technology/autopilot/hls/hls_video_arithm.h:1505]   --->   Operation 34 'specregionend' 'empty' <Predicate = (!exitcond_i)> <Delay = 0.00>
ST_4 : Operation 35 [1/1] (0.00ns)   --->   "%tmp_57_i = call i32 (...)* @_ssdm_op_SpecRegionBegin([13 x i8]* @p_str63)" [E:/Xilinx/Vivado/2018.2/common/technology/autopilot/hls/hls_video_core.h:641->E:/Xilinx/Vivado/2018.2/common/technology/autopilot/hls/hls_video_core.h:662->E:/Xilinx/Vivado/2018.2/common/technology/autopilot/hls/hls_video_arithm.h:1506]   --->   Operation 35 'specregionbegin' 'tmp_57_i' <Predicate = (!exitcond_i)> <Delay = 0.00>
ST_4 : Operation 36 [1/1] (0.00ns)   --->   "call void (...)* @_ssdm_op_SpecProtocol(i32 0, [1 x i8]* @p_str) nounwind" [E:/Xilinx/Vivado/2018.2/common/technology/autopilot/hls/hls_video_core.h:645->E:/Xilinx/Vivado/2018.2/common/technology/autopilot/hls/hls_video_core.h:662->E:/Xilinx/Vivado/2018.2/common/technology/autopilot/hls/hls_video_arithm.h:1506]   --->   Operation 36 'specprotocol' <Predicate = (!exitcond_i)> <Delay = 0.00>
ST_4 : Operation 37 [1/1] (2.26ns)   --->   "call void @_ssdm_op_Write.ap_fifo.volatile.i15P(i15* %dst1_data_stream_V_V, i15 %tmp_V)" [E:/Xilinx/Vivado/2018.2/common/technology/autopilot/hls/hls_video_core.h:648->E:/Xilinx/Vivado/2018.2/common/technology/autopilot/hls/hls_video_core.h:662->E:/Xilinx/Vivado/2018.2/common/technology/autopilot/hls/hls_video_arithm.h:1506]   --->   Operation 37 'write' <Predicate = (!exitcond_i)> <Delay = 2.26> <Core = "FIFO_SRL">   --->   Core 36 'FIFO_SRL' <Latency = 0> <II = 1> <Delay = 2.26> <Storage> <Opcode : 'read' 'write' 'nbread' 'nbwrite'> <Ports = 0> <Width = 32> <Depth = 2> <FIFO>
ST_4 : Operation 38 [1/1] (0.00ns)   --->   "%empty_148 = call i32 (...)* @_ssdm_op_SpecRegionEnd([13 x i8]* @p_str63, i32 %tmp_57_i)" [E:/Xilinx/Vivado/2018.2/common/technology/autopilot/hls/hls_video_core.h:650->E:/Xilinx/Vivado/2018.2/common/technology/autopilot/hls/hls_video_core.h:662->E:/Xilinx/Vivado/2018.2/common/technology/autopilot/hls/hls_video_arithm.h:1506]   --->   Operation 38 'specregionend' 'empty_148' <Predicate = (!exitcond_i)> <Delay = 0.00>
ST_4 : Operation 39 [1/1] (0.00ns)   --->   "%tmp_58_i = call i32 (...)* @_ssdm_op_SpecRegionBegin([13 x i8]* @p_str63)" [E:/Xilinx/Vivado/2018.2/common/technology/autopilot/hls/hls_video_core.h:641->E:/Xilinx/Vivado/2018.2/common/technology/autopilot/hls/hls_video_core.h:662->E:/Xilinx/Vivado/2018.2/common/technology/autopilot/hls/hls_video_arithm.h:1507]   --->   Operation 39 'specregionbegin' 'tmp_58_i' <Predicate = (!exitcond_i)> <Delay = 0.00>
ST_4 : Operation 40 [1/1] (0.00ns)   --->   "call void (...)* @_ssdm_op_SpecProtocol(i32 0, [1 x i8]* @p_str) nounwind" [E:/Xilinx/Vivado/2018.2/common/technology/autopilot/hls/hls_video_core.h:645->E:/Xilinx/Vivado/2018.2/common/technology/autopilot/hls/hls_video_core.h:662->E:/Xilinx/Vivado/2018.2/common/technology/autopilot/hls/hls_video_arithm.h:1507]   --->   Operation 40 'specprotocol' <Predicate = (!exitcond_i)> <Delay = 0.00>
ST_4 : Operation 41 [1/1] (2.26ns)   --->   "call void @_ssdm_op_Write.ap_fifo.volatile.i15P(i15* %dst2_data_stream_V_V, i15 %tmp_V)" [E:/Xilinx/Vivado/2018.2/common/technology/autopilot/hls/hls_video_core.h:648->E:/Xilinx/Vivado/2018.2/common/technology/autopilot/hls/hls_video_core.h:662->E:/Xilinx/Vivado/2018.2/common/technology/autopilot/hls/hls_video_arithm.h:1507]   --->   Operation 41 'write' <Predicate = (!exitcond_i)> <Delay = 2.26> <Core = "FIFO_SRL">   --->   Core 36 'FIFO_SRL' <Latency = 0> <II = 1> <Delay = 2.26> <Storage> <Opcode : 'read' 'write' 'nbread' 'nbwrite'> <Ports = 0> <Width = 32> <Depth = 2> <FIFO>
ST_4 : Operation 42 [1/1] (0.00ns)   --->   "%empty_149 = call i32 (...)* @_ssdm_op_SpecRegionEnd([13 x i8]* @p_str63, i32 %tmp_58_i)" [E:/Xilinx/Vivado/2018.2/common/technology/autopilot/hls/hls_video_core.h:650->E:/Xilinx/Vivado/2018.2/common/technology/autopilot/hls/hls_video_core.h:662->E:/Xilinx/Vivado/2018.2/common/technology/autopilot/hls/hls_video_arithm.h:1507]   --->   Operation 42 'specregionend' 'empty_149' <Predicate = (!exitcond_i)> <Delay = 0.00>
ST_4 : Operation 43 [1/1] (0.00ns)   --->   "%empty_150 = call i32 (...)* @_ssdm_op_SpecRegionEnd([11 x i8]* @p_str11, i32 %tmp_55_i)" [E:/Xilinx/Vivado/2018.2/common/technology/autopilot/hls/hls_video_arithm.h:1508]   --->   Operation 43 'specregionend' 'empty_150' <Predicate = (!exitcond_i)> <Delay = 0.00>
ST_4 : Operation 44 [1/1] (0.00ns)   --->   "br label %2" [E:/Xilinx/Vivado/2018.2/common/technology/autopilot/hls/hls_video_arithm.h:1502]   --->   Operation 44 'br' <Predicate = (!exitcond_i)> <Delay = 0.00>

State 5 <SV = 3> <Delay = 0.00>
ST_5 : Operation 45 [1/1] (0.00ns)   --->   "%empty_151 = call i32 (...)* @_ssdm_op_SpecRegionEnd([12 x i8]* @p_str10, i32 %tmp_i)" [E:/Xilinx/Vivado/2018.2/common/technology/autopilot/hls/hls_video_arithm.h:1509]   --->   Operation 45 'specregionend' 'empty_151' <Predicate = true> <Delay = 0.00>
ST_5 : Operation 46 [1/1] (0.00ns)   --->   "br label %0" [E:/Xilinx/Vivado/2018.2/common/technology/autopilot/hls/hls_video_arithm.h:1501]   --->   Operation 46 'br' <Predicate = true> <Delay = 0.00>


============================================================
+ Verbose Summary: Timing violations
============================================================
Target clock period: 10ns, clock uncertainty: 1.25ns.

 <State 1>: 2.26ns
The critical path consists of the following:
	fifo read on port 'src_rows_V' (E:/Xilinx/Vivado/2018.2/common/technology/autopilot/hls/hls_video_arithm.h:1493) [11]  (2.26 ns)

 <State 2>: 1.77ns
The critical path consists of the following:
	'icmp' operation ('exitcond5_i', E:/Xilinx/Vivado/2018.2/common/technology/autopilot/hls/hls_video_arithm.h:1501) [16]  (1.31 ns)
	blocking operation 0.464 ns on control path)

 <State 3>: 1.58ns
The critical path consists of the following:
	'phi' operation ('j.V') with incoming values : ('j.V', E:/Xilinx/Vivado/2018.2/common/technology/autopilot/hls/hls_video_arithm.h:1502) [25]  (0 ns)
	'add' operation ('j.V', E:/Xilinx/Vivado/2018.2/common/technology/autopilot/hls/hls_video_arithm.h:1502) [28]  (1.58 ns)

 <State 4>: 4.52ns
The critical path consists of the following:
	fifo read on port 'src_data_stream_V_V' (E:/Xilinx/Vivado/2018.2/common/technology/autopilot/hls/hls_video_core.h:624->E:/Xilinx/Vivado/2018.2/common/technology/autopilot/hls/hls_video_core.h:656->E:/Xilinx/Vivado/2018.2/common/technology/autopilot/hls/hls_video_arithm.h:1505) [36]  (2.26 ns)
	fifo write on port 'dst1_data_stream_V_V' (E:/Xilinx/Vivado/2018.2/common/technology/autopilot/hls/hls_video_core.h:648->E:/Xilinx/Vivado/2018.2/common/technology/autopilot/hls/hls_video_core.h:662->E:/Xilinx/Vivado/2018.2/common/technology/autopilot/hls/hls_video_arithm.h:1506) [40]  (2.26 ns)

 <State 5>: 0ns
The critical path consists of the following:


============================================================
+ Verbose Summary: Binding
============================================================
N/A
* FSMD analyzer results:
  - Output states:
 - Input state : 
  - Chain level:
	State 1
	State 2
	State 3
	State 4
	State 5


============================================================
+ Verbose Summary: Datapath Resource usage 
============================================================
N/A
