

================================================================
== Vivado HLS Report for 'Mat2AXIvideo'
================================================================
* Date:           Wed Dec  5 15:35:24 2018

* Version:        2018.2 (Build 2258646 on Thu Jun 14 20:25:20 MDT 2018)
* Project:        Rotate
* Solution:       solution1
* Product family: virtex7
* Target device:  xc7vx690tffg1761-3


================================================================
== Performance Estimates
================================================================
+ Timing (ns): 
    * Summary: 
    +--------+-------+----------+------------+
    |  Clock | Target| Estimated| Uncertainty|
    +--------+-------+----------+------------+
    |ap_clk  |  10.00|     3.528|        1.25|
    +--------+-------+----------+------------+

+ Latency (clock cycles): 
    * Summary: 
    +-----+-------+-----+-------+---------+
    |   Latency   |   Interval  | Pipeline|
    | min |  max  | min |  max  |   Type  |
    +-----+-------+-----+-------+---------+
    |    1|  66561|    1|  66561|   none  |
    +-----+-------+-----+-------+---------+

    + Detail: 
        * Instance: 
        N/A

        * Loop: 
        +---------------+-----+-------+----------+-----------+-----------+---------+----------+
        |               |   Latency   | Iteration|  Initiation Interval  |   Trip  |          |
        |   Loop Name   | min |  max  |  Latency |  achieved |   target  |  Count  | Pipelined|
        +---------------+-----+-------+----------+-----------+-----------+---------+----------+
        |- loop_height  |    0|  66560|  3 ~ 260 |          -|          -| 0 ~ 256 |    no    |
        | + loop_width  |    0|    257|         3|          1|          1| 0 ~ 256 |    yes   |
        +---------------+-----+-------+----------+-----------+-----------+---------+----------+



================================================================
== Utilization Estimates
================================================================
* Summary: 
+-----------------+---------+-------+--------+--------+
|       Name      | BRAM_18K| DSP48E|   FF   |   LUT  |
+-----------------+---------+-------+--------+--------+
|DSP              |        -|      -|       -|       -|
|Expression       |        -|      -|       0|     181|
|FIFO             |        -|      -|       -|       -|
|Instance         |        -|      -|       -|       -|
|Memory           |        -|      -|       -|       -|
|Multiplexer      |        -|      -|       -|     240|
|Register         |        -|      -|     159|       -|
+-----------------+---------+-------+--------+--------+
|Total            |        0|      0|     159|     421|
+-----------------+---------+-------+--------+--------+
|Available        |     2940|   3600|  866400|  433200|
+-----------------+---------+-------+--------+--------+
|Utilization (%)  |        0|      0|   ~0   |   ~0   |
+-----------------+---------+-------+--------+--------+

+ Detail: 
    * Instance: 
    N/A

    * DSP48: 
    N/A

    * Memory: 
    N/A

    * FIFO: 
    N/A

    * Expression: 
    +------------------------------------------+----------+-------+---+----+------------+------------+
    |               Variable Name              | Operation| DSP48E| FF| LUT| Bitwidth P0| Bitwidth P1|
    +------------------------------------------+----------+-------+---+----+------------+------------+
    |i_V_fu_174_p2                             |     +    |      0|  0|  24|          17|           1|
    |j_V_fu_189_p2                             |     +    |      0|  0|  24|          17|           1|
    |r_V_fu_158_p2                             |     +    |      0|  0|  25|          18|           2|
    |AXI_video_strm_V_data_V_1_load_A          |    and   |      0|  0|   2|           1|           1|
    |AXI_video_strm_V_data_V_1_load_B          |    and   |      0|  0|   2|           1|           1|
    |AXI_video_strm_V_last_V_1_load_A          |    and   |      0|  0|   2|           1|           1|
    |AXI_video_strm_V_last_V_1_load_B          |    and   |      0|  0|   2|           1|           1|
    |AXI_video_strm_V_user_V_1_load_A          |    and   |      0|  0|   2|           1|           1|
    |AXI_video_strm_V_user_V_1_load_B          |    and   |      0|  0|   2|           1|           1|
    |ap_block_pp0_stage0_01001                 |    and   |      0|  0|   2|           1|           1|
    |ap_block_state4_io                        |    and   |      0|  0|   2|           1|           1|
    |ap_block_state4_pp0_stage0_iter1          |    and   |      0|  0|   2|           1|           1|
    |ap_block_state5_io                        |    and   |      0|  0|   2|           1|           1|
    |AXI_video_strm_V_data_V_1_state_cmp_full  |   icmp   |      0|  0|   8|           2|           1|
    |AXI_video_strm_V_last_V_1_state_cmp_full  |   icmp   |      0|  0|   8|           2|           1|
    |AXI_video_strm_V_user_V_1_state_cmp_full  |   icmp   |      0|  0|   8|           2|           1|
    |axi_last_V_fu_195_p2                      |   icmp   |      0|  0|  18|          18|          18|
    |exitcond3_i_fu_169_p2                     |   icmp   |      0|  0|  18|          17|          17|
    |exitcond_i_fu_184_p2                      |   icmp   |      0|  0|  18|          17|          17|
    |ap_block_pp0_stage0_11001                 |    or    |      0|  0|   2|           1|           1|
    |ap_block_state1                           |    or    |      0|  0|   2|           1|           1|
    |ap_block_state2                           |    or    |      0|  0|   2|           1|           1|
    |ap_enable_pp0                             |    xor   |      0|  0|   2|           1|           2|
    |ap_enable_reg_pp0_iter1                   |    xor   |      0|  0|   2|           2|           1|
    +------------------------------------------+----------+-------+---+----+------------+------------+
    |Total                                     |          |      0|  0| 181|         126|          75|
    +------------------------------------------+----------+-------+---+----+------------+------------+

    * Multiplexer: 
    +------------------------------------+----+-----------+-----+-----------+
    |                Name                | LUT| Input Size| Bits| Total Bits|
    +------------------------------------+----+-----------+-----+-----------+
    |AXI_video_strm_V_data_V_1_data_out  |   9|          2|    8|         16|
    |AXI_video_strm_V_data_V_1_state     |  15|          3|    2|          6|
    |AXI_video_strm_V_dest_V_1_state     |  15|          3|    2|          6|
    |AXI_video_strm_V_id_V_1_state       |  15|          3|    2|          6|
    |AXI_video_strm_V_keep_V_1_state     |  15|          3|    2|          6|
    |AXI_video_strm_V_last_V_1_data_out  |   9|          2|    1|          2|
    |AXI_video_strm_V_last_V_1_state     |  15|          3|    2|          6|
    |AXI_video_strm_V_strb_V_1_state     |  15|          3|    2|          6|
    |AXI_video_strm_V_user_V_1_data_out  |   9|          2|    1|          2|
    |AXI_video_strm_V_user_V_1_state     |  15|          3|    2|          6|
    |ap_NS_fsm                           |  27|          5|    1|          5|
    |ap_done                             |   9|          2|    1|          2|
    |ap_enable_reg_pp0_iter1             |   9|          2|    1|          2|
    |ap_enable_reg_pp0_iter2             |   9|          2|    1|          2|
    |dst_axis_TDATA_blk_n                |   9|          2|    1|          2|
    |img_cols_V_blk_n                    |   9|          2|    1|          2|
    |img_data_stream_V_blk_n             |   9|          2|    1|          2|
    |img_rows_V_blk_n                    |   9|          2|    1|          2|
    |t_V_3_reg_143                       |   9|          2|   17|         34|
    |t_V_reg_132                         |   9|          2|   17|         34|
    +------------------------------------+----+-----------+-----+-----------+
    |Total                               | 240|         50|   66|        149|
    +------------------------------------+----+-----------+-----+-----------+

    * Register: 
    +-------------------------------------+----+----+-----+-----------+
    |                 Name                | FF | LUT| Bits| Const Bits|
    +-------------------------------------+----+----+-----+-----------+
    |AXI_video_strm_V_data_V_1_payload_A  |   8|   0|    8|          0|
    |AXI_video_strm_V_data_V_1_payload_B  |   8|   0|    8|          0|
    |AXI_video_strm_V_data_V_1_sel_rd     |   1|   0|    1|          0|
    |AXI_video_strm_V_data_V_1_sel_wr     |   1|   0|    1|          0|
    |AXI_video_strm_V_data_V_1_state      |   2|   0|    2|          0|
    |AXI_video_strm_V_dest_V_1_sel_rd     |   1|   0|    1|          0|
    |AXI_video_strm_V_dest_V_1_state      |   2|   0|    2|          0|
    |AXI_video_strm_V_id_V_1_sel_rd       |   1|   0|    1|          0|
    |AXI_video_strm_V_id_V_1_state        |   2|   0|    2|          0|
    |AXI_video_strm_V_keep_V_1_sel_rd     |   1|   0|    1|          0|
    |AXI_video_strm_V_keep_V_1_state      |   2|   0|    2|          0|
    |AXI_video_strm_V_last_V_1_payload_A  |   1|   0|    1|          0|
    |AXI_video_strm_V_last_V_1_payload_B  |   1|   0|    1|          0|
    |AXI_video_strm_V_last_V_1_sel_rd     |   1|   0|    1|          0|
    |AXI_video_strm_V_last_V_1_sel_wr     |   1|   0|    1|          0|
    |AXI_video_strm_V_last_V_1_state      |   2|   0|    2|          0|
    |AXI_video_strm_V_strb_V_1_sel_rd     |   1|   0|    1|          0|
    |AXI_video_strm_V_strb_V_1_state      |   2|   0|    2|          0|
    |AXI_video_strm_V_user_V_1_payload_A  |   1|   0|    1|          0|
    |AXI_video_strm_V_user_V_1_payload_B  |   1|   0|    1|          0|
    |AXI_video_strm_V_user_V_1_sel_rd     |   1|   0|    1|          0|
    |AXI_video_strm_V_user_V_1_sel_wr     |   1|   0|    1|          0|
    |AXI_video_strm_V_user_V_1_state      |   2|   0|    2|          0|
    |ap_CS_fsm                            |   4|   0|    4|          0|
    |ap_done_reg                          |   1|   0|    1|          0|
    |ap_enable_reg_pp0_iter0              |   1|   0|    1|          0|
    |ap_enable_reg_pp0_iter1              |   1|   0|    1|          0|
    |ap_enable_reg_pp0_iter2              |   1|   0|    1|          0|
    |axi_last_V_reg_249                   |   1|   0|    1|          0|
    |exitcond_i_reg_240                   |   1|   0|    1|          0|
    |exitcond_i_reg_240_pp0_iter1_reg     |   1|   0|    1|          0|
    |i_V_reg_235                          |  17|   0|   17|          0|
    |img_cols_V_read_reg_221              |  17|   0|   17|          0|
    |img_rows_V_read_reg_216              |  17|   0|   17|          0|
    |r_V_reg_226                          |  18|   0|   18|          0|
    |t_V_3_reg_143                        |  17|   0|   17|          0|
    |t_V_reg_132                          |  17|   0|   17|          0|
    |tmp_user_V_fu_80                     |   1|   0|    1|          0|
    +-------------------------------------+----+----+-----+-----------+
    |Total                                | 159|   0|  159|          0|
    +-------------------------------------+----+----+-----+-----------+



================================================================
== Interface
================================================================
* Summary: 
+---------------------------+-----+-----+------------+-------------------------+--------------+
|         RTL Ports         | Dir | Bits|  Protocol  |      Source Object      |    C Type    |
+---------------------------+-----+-----+------------+-------------------------+--------------+
|ap_clk                     |  in |    1| ap_ctrl_hs |       Mat2AXIvideo      | return value |
|ap_rst                     |  in |    1| ap_ctrl_hs |       Mat2AXIvideo      | return value |
|ap_start                   |  in |    1| ap_ctrl_hs |       Mat2AXIvideo      | return value |
|ap_done                    | out |    1| ap_ctrl_hs |       Mat2AXIvideo      | return value |
|ap_continue                |  in |    1| ap_ctrl_hs |       Mat2AXIvideo      | return value |
|ap_idle                    | out |    1| ap_ctrl_hs |       Mat2AXIvideo      | return value |
|ap_ready                   | out |    1| ap_ctrl_hs |       Mat2AXIvideo      | return value |
|img_rows_V_dout            |  in |   17|   ap_fifo  |        img_rows_V       |    pointer   |
|img_rows_V_empty_n         |  in |    1|   ap_fifo  |        img_rows_V       |    pointer   |
|img_rows_V_read            | out |    1|   ap_fifo  |        img_rows_V       |    pointer   |
|img_cols_V_dout            |  in |   17|   ap_fifo  |        img_cols_V       |    pointer   |
|img_cols_V_empty_n         |  in |    1|   ap_fifo  |        img_cols_V       |    pointer   |
|img_cols_V_read            | out |    1|   ap_fifo  |        img_cols_V       |    pointer   |
|img_data_stream_V_dout     |  in |    8|   ap_fifo  |    img_data_stream_V    |    pointer   |
|img_data_stream_V_empty_n  |  in |    1|   ap_fifo  |    img_data_stream_V    |    pointer   |
|img_data_stream_V_read     | out |    1|   ap_fifo  |    img_data_stream_V    |    pointer   |
|dst_axis_TDATA             | out |    8|    axis    | AXI_video_strm_V_data_V |    pointer   |
|dst_axis_TVALID            | out |    1|    axis    | AXI_video_strm_V_dest_V |    pointer   |
|dst_axis_TREADY            |  in |    1|    axis    | AXI_video_strm_V_dest_V |    pointer   |
|dst_axis_TDEST             | out |    1|    axis    | AXI_video_strm_V_dest_V |    pointer   |
|dst_axis_TKEEP             | out |    1|    axis    | AXI_video_strm_V_keep_V |    pointer   |
|dst_axis_TSTRB             | out |    1|    axis    | AXI_video_strm_V_strb_V |    pointer   |
|dst_axis_TUSER             | out |    1|    axis    | AXI_video_strm_V_user_V |    pointer   |
|dst_axis_TLAST             | out |    1|    axis    | AXI_video_strm_V_last_V |    pointer   |
|dst_axis_TID               | out |    1|    axis    |  AXI_video_strm_V_id_V  |    pointer   |
+---------------------------+-----+-----+------------+-------------------------+--------------+

