

================================================================
== Vivado HLS Report for 'BoxFilter'
================================================================
* Date:           Wed Dec  5 01:56:13 2018

* Version:        2018.2 (Build 2258646 on Thu Jun 14 20:25:20 MDT 2018)
* Project:        Haaris
* Solution:       solution1
* Product family: virtex7
* Target device:  xc7vx690tffg1761-3


================================================================
== Performance Estimates
================================================================
+ Timing (ns): 
    * Summary: 
    +--------+-------+----------+------------+
    |  Clock | Target| Estimated| Uncertainty|
    +--------+-------+----------+------------+
    |ap_clk  |  10.00|     7.886|        1.25|
    +--------+-------+----------+------------+

+ Latency (clock cycles): 
    * Summary: 
    +-----+-------+-----+-------+---------+
    |   Latency   |   Interval  | Pipeline|
    | min |  max  | min |  max  |   Type  |
    +-----+-------+-----+-------+---------+
    |  181|  69125|  181|  69125|   none  |
    +-----+-------+-----+-------+---------+

    + Detail: 
        * Instance: 
        +-----------------------+-------------+-----+-------+-----+-------+----------+
        |                       |             |   Latency   |   Interval  | Pipeline |
        |        Instance       |    Module   | min |  max  | min |  max  |   Type   |
        +-----------------------+-------------+-----+-------+-----+-------+----------+
        |grp_SepFilter2D_fu_36  |SepFilter2D  |  180|  69124|  178|  69122| dataflow |
        +-----------------------+-------------+-----+-------+-----+-------+----------+

        * Loop: 
        N/A



================================================================
== Utilization Estimates
================================================================
* Summary: 
+-----------------+---------+-------+--------+--------+
|       Name      | BRAM_18K| DSP48E|   FF   |   LUT  |
+-----------------+---------+-------+--------+--------+
|DSP              |        -|      -|       -|       -|
|Expression       |        -|      -|       0|       6|
|FIFO             |        -|      -|       -|       -|
|Instance         |        7|      -|    2480|    4649|
|Memory           |        -|      -|       -|       -|
|Multiplexer      |        -|      -|       -|      60|
|Register         |        -|      -|      70|       -|
+-----------------+---------+-------+--------+--------+
|Total            |        7|      0|    2550|    4715|
+-----------------+---------+-------+--------+--------+
|Available        |     2940|   3600|  866400|  433200|
+-----------------+---------+-------+--------+--------+
|Utilization (%)  |    ~0   |      0|   ~0   |       1|
+-----------------+---------+-------+--------+--------+

+ Detail: 
    * Instance: 
    +-----------------------+-------------+---------+-------+------+------+
    |        Instance       |    Module   | BRAM_18K| DSP48E|  FF  |  LUT |
    +-----------------------+-------------+---------+-------+------+------+
    |grp_SepFilter2D_fu_36  |SepFilter2D  |        7|      0|  2480|  4649|
    +-----------------------+-------------+---------+-------+------+------+
    |Total                  |             |        7|      0|  2480|  4649|
    +-----------------------+-------------+---------+-------+------+------+

    * DSP48: 
    N/A

    * Memory: 
    N/A

    * FIFO: 
    N/A

    * Expression: 
    +----------------------------------------+----------+-------+---+----+------------+------------+
    |              Variable Name             | Operation| DSP48E| FF| LUT| Bitwidth P0| Bitwidth P1|
    +----------------------------------------+----------+-------+---+----+------------+------------+
    |ap_block_state1                         |    or    |      0|  0|   2|           1|           1|
    |ap_sync_grp_SepFilter2D_fu_36_ap_done   |    or    |      0|  0|   2|           1|           1|
    |ap_sync_grp_SepFilter2D_fu_36_ap_ready  |    or    |      0|  0|   2|           1|           1|
    +----------------------------------------+----------+-------+---+----+------------+------------+
    |Total                                   |          |      0|  0|   6|           3|           3|
    +----------------------------------------+----------+-------+---+----+------------+------------+

    * Multiplexer: 
    +-----------------------------+----+-----------+-----+-----------+
    |             Name            | LUT| Input Size| Bits| Total Bits|
    +-----------------------------+----+-----------+-----+-----------+
    |ap_NS_fsm                    |  15|          3|    1|          3|
    |ap_done                      |   9|          2|    1|          2|
    |p_dst_data_stream_V_V_write  |   9|          2|    1|          2|
    |p_src_cols_V_blk_n           |   9|          2|    1|          2|
    |p_src_data_stream_V_V_read   |   9|          2|    1|          2|
    |p_src_rows_V_blk_n           |   9|          2|    1|          2|
    +-----------------------------+----+-----------+-----+-----------+
    |Total                        |  60|         13|    6|         13|
    +-----------------------------+----+-----------+-----+-----------+

    * Register: 
    +--------------------------------------------+----+----+-----+-----------+
    |                    Name                    | FF | LUT| Bits| Const Bits|
    +--------------------------------------------+----+----+-----+-----------+
    |ap_CS_fsm                                   |   2|   0|    2|          0|
    |ap_done_reg                                 |   1|   0|    1|          0|
    |ap_sync_reg_grp_SepFilter2D_fu_36_ap_done   |   1|   0|    1|          0|
    |ap_sync_reg_grp_SepFilter2D_fu_36_ap_ready  |   1|   0|    1|          0|
    |grp_SepFilter2D_fu_36_ap_start_reg          |   1|   0|    1|          0|
    |p_src_cols_V_read_reg_53                    |  32|   0|   32|          0|
    |p_src_rows_V_read_reg_48                    |  32|   0|   32|          0|
    +--------------------------------------------+----+----+-----+-----------+
    |Total                                       |  70|   0|   70|          0|
    +--------------------------------------------+----+----+-----+-----------+



================================================================
== Interface
================================================================
* Summary: 
+-------------------------------+-----+-----+------------+-----------------------+--------------+
|           RTL Ports           | Dir | Bits|  Protocol  |     Source Object     |    C Type    |
+-------------------------------+-----+-----+------------+-----------------------+--------------+
|ap_clk                         |  in |    1| ap_ctrl_hs |       BoxFilter       | return value |
|ap_rst                         |  in |    1| ap_ctrl_hs |       BoxFilter       | return value |
|ap_start                       |  in |    1| ap_ctrl_hs |       BoxFilter       | return value |
|ap_done                        | out |    1| ap_ctrl_hs |       BoxFilter       | return value |
|ap_continue                    |  in |    1| ap_ctrl_hs |       BoxFilter       | return value |
|ap_idle                        | out |    1| ap_ctrl_hs |       BoxFilter       | return value |
|ap_ready                       | out |    1| ap_ctrl_hs |       BoxFilter       | return value |
|p_src_rows_V_dout              |  in |   32|   ap_fifo  |      p_src_rows_V     |    pointer   |
|p_src_rows_V_empty_n           |  in |    1|   ap_fifo  |      p_src_rows_V     |    pointer   |
|p_src_rows_V_read              | out |    1|   ap_fifo  |      p_src_rows_V     |    pointer   |
|p_src_cols_V_dout              |  in |   32|   ap_fifo  |      p_src_cols_V     |    pointer   |
|p_src_cols_V_empty_n           |  in |    1|   ap_fifo  |      p_src_cols_V     |    pointer   |
|p_src_cols_V_read              | out |    1|   ap_fifo  |      p_src_cols_V     |    pointer   |
|p_src_data_stream_V_V_dout     |  in |   35|   ap_fifo  | p_src_data_stream_V_V |    pointer   |
|p_src_data_stream_V_V_empty_n  |  in |    1|   ap_fifo  | p_src_data_stream_V_V |    pointer   |
|p_src_data_stream_V_V_read     | out |    1|   ap_fifo  | p_src_data_stream_V_V |    pointer   |
|p_dst_data_stream_V_V_din      | out |   35|   ap_fifo  | p_dst_data_stream_V_V |    pointer   |
|p_dst_data_stream_V_V_full_n   |  in |    1|   ap_fifo  | p_dst_data_stream_V_V |    pointer   |
|p_dst_data_stream_V_V_write    | out |    1|   ap_fifo  | p_dst_data_stream_V_V |    pointer   |
+-------------------------------+-----+-----+------------+-----------------------+--------------+

