

================================================================
== Vivado HLS Report for 'FAST2_Core'
================================================================
* Date:           Tue Dec  4 15:05:04 2018

* Version:        2018.2 (Build 2258646 on Thu Jun 14 20:25:20 MDT 2018)
* Project:        FAST
* Solution:       solution1
* Product family: virtex7
* Target device:  xc7vx690tffg1761-3


================================================================
== Performance Estimates
================================================================
+ Timing (ns): 
    * Summary: 
    +--------+-------+----------+------------+
    |  Clock | Target| Estimated| Uncertainty|
    +--------+-------+----------+------------+
    |ap_clk  |  20.00|    17.490|        2.50|
    +--------+-------+----------+------------+

+ Latency (clock cycles): 
    * Summary: 
    +-----+-----+-----+-----+----------+
    |  Latency  |  Interval | Pipeline |
    | min | max | min | max |   Type   |
    +-----+-----+-----+-----+----------+
    |    ?|    ?|    ?|    ?| dataflow |
    +-----+-----+-----+-----+----------+

    + Detail: 
        * Instance: 
        N/A

        * Loop: 
        N/A

============================================================
+ Verbose Summary: Synthesis Manager
============================================================
InlineROM: 1
ExposeGlobal: 0
============================================================
+ Verbose Summary: CDFG Model
============================================================
IsTopModel: 1
ResetActiveHigh: 1
IsCombinational: 2
IsDatapathOnly: 0
HasWiredReturn: 1
HasMFsm: 0
HasVarLatency: 1
IsPipeline: 0
IsRtlPipelined: 0
IsInstanceOverlapped: 0
IsDontTouch: 0
HasImplIP: 0
IsGatedGlobalClock: 0


============================================================
+ Verbose Summary: Schedule
============================================================
* Number of FSM states : 12
* Pipeline : 0
* Dataflow Pipeline: 1
  DF-Pipeline-0: Size = 12, States = { 1 2 3 4 5 6 7 8 9 10 11 12 }

* FSM state transitions: 
1 --> 
	2  / true
2 --> 
	3  / true
3 --> 
	4  / true
4 --> 
	5  / true
5 --> 
	6  / true
6 --> 
	7  / true
7 --> 
	8  / true
8 --> 
	9  / true
9 --> 
	10  / true
10 --> 
	11  / true
11 --> 
	12  / true
12 --> 

* FSM state operations: 

State 1 <SV = 0> <Delay = 3.26>
ST_1 : Operation 13 [1/1] (1.00ns)   --->   "%threhold_read = call i8 @_ssdm_op_Read.s_axilite.i8(i8 %threhold)"   --->   Operation 13 'read' 'threhold_read' <Predicate = true> <Delay = 1.00> <Core = "s_axilite">   --->   Core 10 's_axilite' <Latency = 0> <II = 1> <Delay = 1.00> <Adapter> <Opcode : 'read' 'write'>
ST_1 : Operation 14 [1/1] (1.00ns)   --->   "%cols_read = call i32 @_ssdm_op_Read.s_axilite.i32(i32 %cols)"   --->   Operation 14 'read' 'cols_read' <Predicate = true> <Delay = 1.00> <Core = "s_axilite">   --->   Core 10 's_axilite' <Latency = 0> <II = 1> <Delay = 1.00> <Adapter> <Opcode : 'read' 'write'>
ST_1 : Operation 15 [1/1] (1.00ns)   --->   "%rows_read = call i32 @_ssdm_op_Read.s_axilite.i32(i32 %rows)"   --->   Operation 15 'read' 'rows_read' <Predicate = true> <Delay = 1.00> <Core = "s_axilite">   --->   Core 10 's_axilite' <Latency = 0> <II = 1> <Delay = 1.00> <Adapter> <Opcode : 'read' 'write'>
ST_1 : Operation 16 [1/1] (0.00ns)   --->   "%dst_cols_V_c = alloca i11, align 2"   --->   Operation 16 'alloca' 'dst_cols_V_c' <Predicate = true> <Delay = 0.00> <Core = "FIFO">   --->   Core 32 'FIFO' <Latency = 0> <II = 1> <Delay = 2.26> <Storage> <Opcode : 'read' 'write' 'nbread' 'nbwrite'> <Ports = 0> <Width = 11> <Depth = 2> <FIFO>
ST_1 : Operation 17 [1/1] (0.00ns)   --->   "%dst_rows_V_c = alloca i3, align 1"   --->   Operation 17 'alloca' 'dst_rows_V_c' <Predicate = true> <Delay = 0.00> <Core = "FIFO">   --->   Core 32 'FIFO' <Latency = 0> <II = 1> <Delay = 2.26> <Storage> <Opcode : 'read' 'write' 'nbread' 'nbwrite'> <Ports = 0> <Width = 11> <Depth = 2> <FIFO>
ST_1 : Operation 18 [1/1] (0.00ns)   --->   "%keypoints_cols_c26 = alloca i11, align 2"   --->   Operation 18 'alloca' 'keypoints_cols_c26' <Predicate = true> <Delay = 0.00> <Core = "FIFO">   --->   Core 32 'FIFO' <Latency = 0> <II = 1> <Delay = 2.26> <Storage> <Opcode : 'read' 'write' 'nbread' 'nbwrite'> <Ports = 0> <Width = 11> <Depth = 2> <FIFO>
ST_1 : Operation 19 [1/1] (0.00ns)   --->   "%keypoints_rows_c25 = alloca i3, align 1"   --->   Operation 19 'alloca' 'keypoints_rows_c25' <Predicate = true> <Delay = 0.00> <Core = "FIFO">   --->   Core 32 'FIFO' <Latency = 0> <II = 1> <Delay = 2.26> <Storage> <Opcode : 'read' 'write' 'nbread' 'nbwrite'> <Ports = 0> <Width = 11> <Depth = 2> <FIFO>
ST_1 : Operation 20 [1/1] (0.00ns)   --->   "%src_cols_V_c24 = alloca i32, align 4"   --->   Operation 20 'alloca' 'src_cols_V_c24' <Predicate = true> <Delay = 0.00> <Core = "FIFO">   --->   Core 32 'FIFO' <Latency = 0> <II = 1> <Delay = 2.26> <Storage> <Opcode : 'read' 'write' 'nbread' 'nbwrite'> <Ports = 0> <Width = 11> <Depth = 2> <FIFO>
ST_1 : Operation 21 [1/1] (0.00ns)   --->   "%src_rows_V_c23 = alloca i32, align 4"   --->   Operation 21 'alloca' 'src_rows_V_c23' <Predicate = true> <Delay = 0.00> <Core = "FIFO">   --->   Core 32 'FIFO' <Latency = 0> <II = 1> <Delay = 2.26> <Storage> <Opcode : 'read' 'write' 'nbread' 'nbwrite'> <Ports = 0> <Width = 11> <Depth = 2> <FIFO>
ST_1 : Operation 22 [1/1] (0.00ns)   --->   "%threhold_c = alloca i8, align 1"   --->   Operation 22 'alloca' 'threhold_c' <Predicate = true> <Delay = 0.00> <Core = "FIFO">   --->   Core 32 'FIFO' <Latency = 0> <II = 1> <Delay = 2.26> <Storage> <Opcode : 'read' 'write' 'nbread' 'nbwrite'> <Ports = 0> <Width = 11> <Depth = 2> <FIFO>
ST_1 : Operation 23 [1/1] (0.00ns)   --->   "%keypoints_cols_c = alloca i11, align 2"   --->   Operation 23 'alloca' 'keypoints_cols_c' <Predicate = true> <Delay = 0.00> <Core = "FIFO">   --->   Core 32 'FIFO' <Latency = 0> <II = 1> <Delay = 2.26> <Storage> <Opcode : 'read' 'write' 'nbread' 'nbwrite'> <Ports = 0> <Width = 11> <Depth = 2> <FIFO>
ST_1 : Operation 24 [1/1] (0.00ns)   --->   "%keypoints_rows_c = alloca i3, align 1"   --->   Operation 24 'alloca' 'keypoints_rows_c' <Predicate = true> <Delay = 0.00> <Core = "FIFO">   --->   Core 32 'FIFO' <Latency = 0> <II = 1> <Delay = 2.26> <Storage> <Opcode : 'read' 'write' 'nbread' 'nbwrite'> <Ports = 0> <Width = 11> <Depth = 2> <FIFO>
ST_1 : Operation 25 [1/1] (0.00ns)   --->   "%gray_cols_V_c = alloca i32, align 4"   --->   Operation 25 'alloca' 'gray_cols_V_c' <Predicate = true> <Delay = 0.00> <Core = "FIFO">   --->   Core 32 'FIFO' <Latency = 0> <II = 1> <Delay = 2.26> <Storage> <Opcode : 'read' 'write' 'nbread' 'nbwrite'> <Ports = 0> <Width = 11> <Depth = 2> <FIFO>
ST_1 : Operation 26 [1/1] (0.00ns)   --->   "%gray_rows_V_c = alloca i32, align 4"   --->   Operation 26 'alloca' 'gray_rows_V_c' <Predicate = true> <Delay = 0.00> <Core = "FIFO">   --->   Core 32 'FIFO' <Latency = 0> <II = 1> <Delay = 2.26> <Storage> <Opcode : 'read' 'write' 'nbread' 'nbwrite'> <Ports = 0> <Width = 11> <Depth = 2> <FIFO>
ST_1 : Operation 27 [1/1] (0.00ns)   --->   "%src_cols_V_c = alloca i32, align 4"   --->   Operation 27 'alloca' 'src_cols_V_c' <Predicate = true> <Delay = 0.00> <Core = "FIFO">   --->   Core 32 'FIFO' <Latency = 0> <II = 1> <Delay = 2.26> <Storage> <Opcode : 'read' 'write' 'nbread' 'nbwrite'> <Ports = 0> <Width = 11> <Depth = 2> <FIFO>
ST_1 : Operation 28 [1/1] (0.00ns)   --->   "%src_rows_V_c = alloca i32, align 4"   --->   Operation 28 'alloca' 'src_rows_V_c' <Predicate = true> <Delay = 0.00> <Core = "FIFO">   --->   Core 32 'FIFO' <Latency = 0> <II = 1> <Delay = 2.26> <Storage> <Opcode : 'read' 'write' 'nbread' 'nbwrite'> <Ports = 0> <Width = 11> <Depth = 2> <FIFO>
ST_1 : Operation 29 [1/1] (0.00ns)   --->   "%src_data_stream_0_V = alloca i8, align 1" [image_core.cpp:20]   --->   Operation 29 'alloca' 'src_data_stream_0_V' <Predicate = true> <Delay = 0.00> <Core = "FIFO">   --->   Core 32 'FIFO' <Latency = 0> <II = 1> <Delay = 2.26> <Storage> <Opcode : 'read' 'write' 'nbread' 'nbwrite'> <Ports = 0> <Width = 11> <Depth = 2> <FIFO>
ST_1 : Operation 30 [1/1] (0.00ns)   --->   "%src_data_stream_1_V = alloca i8, align 1" [image_core.cpp:20]   --->   Operation 30 'alloca' 'src_data_stream_1_V' <Predicate = true> <Delay = 0.00> <Core = "FIFO">   --->   Core 32 'FIFO' <Latency = 0> <II = 1> <Delay = 2.26> <Storage> <Opcode : 'read' 'write' 'nbread' 'nbwrite'> <Ports = 0> <Width = 11> <Depth = 2> <FIFO>
ST_1 : Operation 31 [1/1] (0.00ns)   --->   "%src_data_stream_2_V = alloca i8, align 1" [image_core.cpp:20]   --->   Operation 31 'alloca' 'src_data_stream_2_V' <Predicate = true> <Delay = 0.00> <Core = "FIFO">   --->   Core 32 'FIFO' <Latency = 0> <II = 1> <Delay = 2.26> <Storage> <Opcode : 'read' 'write' 'nbread' 'nbwrite'> <Ports = 0> <Width = 11> <Depth = 2> <FIFO>
ST_1 : Operation 32 [1/1] (0.00ns)   --->   "%gray_data_stream_0_s = alloca i8, align 1" [image_core.cpp:21]   --->   Operation 32 'alloca' 'gray_data_stream_0_s' <Predicate = true> <Delay = 0.00> <Core = "FIFO">   --->   Core 32 'FIFO' <Latency = 0> <II = 1> <Delay = 2.26> <Storage> <Opcode : 'read' 'write' 'nbread' 'nbwrite'> <Ports = 0> <Width = 11> <Depth = 2> <FIFO>
ST_1 : Operation 33 [1/1] (0.00ns)   --->   "%keypoints_val = alloca [2000 x i16], align 2" [image_core.cpp:22]   --->   Operation 33 'alloca' 'keypoints_val' <Predicate = true> <Delay = 0.00>
ST_1 : Operation 34 [1/1] (0.00ns)   --->   "%dst_data_stream_0_V = alloca i16, align 2" [image_core.cpp:23]   --->   Operation 34 'alloca' 'dst_data_stream_0_V' <Predicate = true> <Delay = 0.00> <Core = "FIFO">   --->   Core 32 'FIFO' <Latency = 0> <II = 1> <Delay = 2.26> <Storage> <Opcode : 'read' 'write' 'nbread' 'nbwrite'> <Ports = 0> <Width = 11> <Depth = 2> <FIFO>
ST_1 : Operation 35 [1/1] (2.26ns)   --->   "call fastcc void @Block_Mat.exit10_pro(i32 %rows_read, i32 %cols_read, i8 %threhold_read, i32* %src_rows_V_c, i32* %src_cols_V_c, i32* %gray_rows_V_c, i32* %gray_cols_V_c, i3* %keypoints_rows_c, i11* %keypoints_cols_c, i8* %threhold_c)"   --->   Operation 35 'call' <Predicate = true> <Delay = 2.26> <CoreType = "Generic">   --->   Core 0 '' <Latency = 0> <II = 1> <Delay = 1.00> <Generic> <Opcode : >

State 2 <SV = 1> <Delay = 0.00>
ST_2 : Operation 36 [2/2] (0.00ns)   --->   "call fastcc void @AXIvideo2Mat(i32* %src_axis_V_data_V, i4* %src_axis_V_keep_V, i4* %src_axis_V_strb_V, i1* %src_axis_V_user_V, i1* %src_axis_V_last_V, i1* %src_axis_V_id_V, i1* %src_axis_V_dest_V, i32* nocapture %src_rows_V_c, i32* nocapture %src_cols_V_c, i8* %src_data_stream_0_V, i8* %src_data_stream_1_V, i8* %src_data_stream_2_V, i32* %src_rows_V_c23, i32* %src_cols_V_c24)" [image_core.cpp:25]   --->   Operation 36 'call' <Predicate = true> <Delay = 0.00> <CoreType = "Generic">   --->   Core 0 '' <Latency = 0> <II = 1> <Delay = 1.00> <Generic> <Opcode : >

State 3 <SV = 2> <Delay = 0.00>
ST_3 : Operation 37 [1/2] (0.00ns)   --->   "call fastcc void @AXIvideo2Mat(i32* %src_axis_V_data_V, i4* %src_axis_V_keep_V, i4* %src_axis_V_strb_V, i1* %src_axis_V_user_V, i1* %src_axis_V_last_V, i1* %src_axis_V_id_V, i1* %src_axis_V_dest_V, i32* nocapture %src_rows_V_c, i32* nocapture %src_cols_V_c, i8* %src_data_stream_0_V, i8* %src_data_stream_1_V, i8* %src_data_stream_2_V, i32* %src_rows_V_c23, i32* %src_cols_V_c24)" [image_core.cpp:25]   --->   Operation 37 'call' <Predicate = true> <Delay = 0.00> <CoreType = "Generic">   --->   Core 0 '' <Latency = 0> <II = 1> <Delay = 1.00> <Generic> <Opcode : >

State 4 <SV = 3> <Delay = 0.00>
ST_4 : Operation 38 [2/2] (0.00ns)   --->   "call fastcc void @CvtColor(i32* nocapture %src_rows_V_c23, i32* nocapture %src_cols_V_c24, i8* %src_data_stream_0_V, i8* %src_data_stream_1_V, i8* %src_data_stream_2_V, i8* %gray_data_stream_0_s)" [image_core.cpp:26]   --->   Operation 38 'call' <Predicate = true> <Delay = 0.00> <CoreType = "Generic">   --->   Core 0 '' <Latency = 0> <II = 1> <Delay = 1.00> <Generic> <Opcode : >

State 5 <SV = 4> <Delay = 0.00>
ST_5 : Operation 39 [1/2] (0.00ns)   --->   "call fastcc void @CvtColor(i32* nocapture %src_rows_V_c23, i32* nocapture %src_cols_V_c24, i8* %src_data_stream_0_V, i8* %src_data_stream_1_V, i8* %src_data_stream_2_V, i8* %gray_data_stream_0_s)" [image_core.cpp:26]   --->   Operation 39 'call' <Predicate = true> <Delay = 0.00> <CoreType = "Generic">   --->   Core 0 '' <Latency = 0> <II = 1> <Delay = 1.00> <Generic> <Opcode : >

State 6 <SV = 5> <Delay = 0.00>
ST_6 : Operation 40 [2/2] (0.00ns)   --->   "call fastcc void @FAST_t_opr(i32* %gray_rows_V_c, i32* %gray_cols_V_c, i8* %gray_data_stream_0_s, [2000 x i16]* %keypoints_val, i3* %keypoints_rows_c, i11* %keypoints_cols_c, i8* %threhold_c, i3* %keypoints_rows_c25, i11* %keypoints_cols_c26)" [./fast.h:119->image_core.cpp:27]   --->   Operation 40 'call' <Predicate = true> <Delay = 0.00> <CoreType = "Generic">   --->   Core 0 '' <Latency = 0> <II = 1> <Delay = 1.00> <Generic> <Opcode : >

State 7 <SV = 6> <Delay = 0.00>
ST_7 : Operation 41 [1/2] (0.00ns)   --->   "call fastcc void @FAST_t_opr(i32* %gray_rows_V_c, i32* %gray_cols_V_c, i8* %gray_data_stream_0_s, [2000 x i16]* %keypoints_val, i3* %keypoints_rows_c, i11* %keypoints_cols_c, i8* %threhold_c, i3* %keypoints_rows_c25, i11* %keypoints_cols_c26)" [./fast.h:119->image_core.cpp:27]   --->   Operation 41 'call' <Predicate = true> <Delay = 0.00> <CoreType = "Generic">   --->   Core 0 '' <Latency = 0> <II = 1> <Delay = 1.00> <Generic> <Opcode : >

State 8 <SV = 7> <Delay = 0.00>
ST_8 : Operation 42 [2/2] (0.00ns)   --->   "call fastcc void @Array2D2Mat([2000 x i16]* %keypoints_val, i3* %keypoints_rows_c25, i11* %keypoints_cols_c26, i16* %dst_data_stream_0_V, i3* %dst_rows_V_c, i11* %dst_cols_V_c)" [image_core.cpp:28]   --->   Operation 42 'call' <Predicate = true> <Delay = 0.00> <CoreType = "Generic">   --->   Core 0 '' <Latency = 0> <II = 1> <Delay = 1.00> <Generic> <Opcode : >

State 9 <SV = 8> <Delay = 0.00>
ST_9 : Operation 43 [1/2] (0.00ns)   --->   "call fastcc void @Array2D2Mat([2000 x i16]* %keypoints_val, i3* %keypoints_rows_c25, i11* %keypoints_cols_c26, i16* %dst_data_stream_0_V, i3* %dst_rows_V_c, i11* %dst_cols_V_c)" [image_core.cpp:28]   --->   Operation 43 'call' <Predicate = true> <Delay = 0.00> <CoreType = "Generic">   --->   Core 0 '' <Latency = 0> <II = 1> <Delay = 1.00> <Generic> <Opcode : >

State 10 <SV = 9> <Delay = 0.00>
ST_10 : Operation 44 [2/2] (0.00ns)   --->   "call fastcc void @Mat2AXIvideo(i3* nocapture %dst_rows_V_c, i11* nocapture %dst_cols_V_c, i16* %dst_data_stream_0_V, i16* %dst_axis_V_data_V, i2* %dst_axis_V_keep_V, i2* %dst_axis_V_strb_V, i1* %dst_axis_V_user_V, i1* %dst_axis_V_last_V, i1* %dst_axis_V_id_V, i1* %dst_axis_V_dest_V)" [image_core.cpp:29]   --->   Operation 44 'call' <Predicate = true> <Delay = 0.00> <CoreType = "Generic">   --->   Core 0 '' <Latency = 0> <II = 1> <Delay = 1.00> <Generic> <Opcode : >

State 11 <SV = 10> <Delay = 0.00>
ST_11 : Operation 45 [1/2] (0.00ns)   --->   "call fastcc void @Mat2AXIvideo(i3* nocapture %dst_rows_V_c, i11* nocapture %dst_cols_V_c, i16* %dst_data_stream_0_V, i16* %dst_axis_V_data_V, i2* %dst_axis_V_keep_V, i2* %dst_axis_V_strb_V, i1* %dst_axis_V_user_V, i1* %dst_axis_V_last_V, i1* %dst_axis_V_id_V, i1* %dst_axis_V_dest_V)" [image_core.cpp:29]   --->   Operation 45 'call' <Predicate = true> <Delay = 0.00> <CoreType = "Generic">   --->   Core 0 '' <Latency = 0> <II = 1> <Delay = 1.00> <Generic> <Opcode : >

State 12 <SV = 11> <Delay = 0.00>
ST_12 : Operation 46 [1/1] (0.00ns)   --->   "call void (...)* @_ssdm_op_SpecDataflowPipeline(i32 -1, [1 x i8]* @p_str) nounwind" [image_core.cpp:11]   --->   Operation 46 'specdataflowpipeline' <Predicate = true> <Delay = 0.00>
ST_12 : Operation 47 [1/1] (0.00ns)   --->   "call void (...)* @_ssdm_op_SpecBitsMap(i32* %src_axis_V_data_V), !map !269"   --->   Operation 47 'specbitsmap' <Predicate = true> <Delay = 0.00>
ST_12 : Operation 48 [1/1] (0.00ns)   --->   "call void (...)* @_ssdm_op_SpecBitsMap(i4* %src_axis_V_keep_V), !map !273"   --->   Operation 48 'specbitsmap' <Predicate = true> <Delay = 0.00>
ST_12 : Operation 49 [1/1] (0.00ns)   --->   "call void (...)* @_ssdm_op_SpecBitsMap(i4* %src_axis_V_strb_V), !map !277"   --->   Operation 49 'specbitsmap' <Predicate = true> <Delay = 0.00>
ST_12 : Operation 50 [1/1] (0.00ns)   --->   "call void (...)* @_ssdm_op_SpecBitsMap(i1* %src_axis_V_user_V), !map !281"   --->   Operation 50 'specbitsmap' <Predicate = true> <Delay = 0.00>
ST_12 : Operation 51 [1/1] (0.00ns)   --->   "call void (...)* @_ssdm_op_SpecBitsMap(i1* %src_axis_V_last_V), !map !285"   --->   Operation 51 'specbitsmap' <Predicate = true> <Delay = 0.00>
ST_12 : Operation 52 [1/1] (0.00ns)   --->   "call void (...)* @_ssdm_op_SpecBitsMap(i1* %src_axis_V_id_V), !map !289"   --->   Operation 52 'specbitsmap' <Predicate = true> <Delay = 0.00>
ST_12 : Operation 53 [1/1] (0.00ns)   --->   "call void (...)* @_ssdm_op_SpecBitsMap(i1* %src_axis_V_dest_V), !map !293"   --->   Operation 53 'specbitsmap' <Predicate = true> <Delay = 0.00>
ST_12 : Operation 54 [1/1] (0.00ns)   --->   "call void (...)* @_ssdm_op_SpecBitsMap(i16* %dst_axis_V_data_V), !map !297"   --->   Operation 54 'specbitsmap' <Predicate = true> <Delay = 0.00>
ST_12 : Operation 55 [1/1] (0.00ns)   --->   "call void (...)* @_ssdm_op_SpecBitsMap(i2* %dst_axis_V_keep_V), !map !301"   --->   Operation 55 'specbitsmap' <Predicate = true> <Delay = 0.00>
ST_12 : Operation 56 [1/1] (0.00ns)   --->   "call void (...)* @_ssdm_op_SpecBitsMap(i2* %dst_axis_V_strb_V), !map !305"   --->   Operation 56 'specbitsmap' <Predicate = true> <Delay = 0.00>
ST_12 : Operation 57 [1/1] (0.00ns)   --->   "call void (...)* @_ssdm_op_SpecBitsMap(i1* %dst_axis_V_user_V), !map !309"   --->   Operation 57 'specbitsmap' <Predicate = true> <Delay = 0.00>
ST_12 : Operation 58 [1/1] (0.00ns)   --->   "call void (...)* @_ssdm_op_SpecBitsMap(i1* %dst_axis_V_last_V), !map !313"   --->   Operation 58 'specbitsmap' <Predicate = true> <Delay = 0.00>
ST_12 : Operation 59 [1/1] (0.00ns)   --->   "call void (...)* @_ssdm_op_SpecBitsMap(i1* %dst_axis_V_id_V), !map !317"   --->   Operation 59 'specbitsmap' <Predicate = true> <Delay = 0.00>
ST_12 : Operation 60 [1/1] (0.00ns)   --->   "call void (...)* @_ssdm_op_SpecBitsMap(i1* %dst_axis_V_dest_V), !map !321"   --->   Operation 60 'specbitsmap' <Predicate = true> <Delay = 0.00>
ST_12 : Operation 61 [1/1] (0.00ns)   --->   "call void (...)* @_ssdm_op_SpecBitsMap(i32 %rows), !map !325"   --->   Operation 61 'specbitsmap' <Predicate = true> <Delay = 0.00>
ST_12 : Operation 62 [1/1] (0.00ns)   --->   "call void (...)* @_ssdm_op_SpecBitsMap(i32 %cols), !map !331"   --->   Operation 62 'specbitsmap' <Predicate = true> <Delay = 0.00>
ST_12 : Operation 63 [1/1] (0.00ns)   --->   "call void (...)* @_ssdm_op_SpecBitsMap(i8 %threhold), !map !335"   --->   Operation 63 'specbitsmap' <Predicate = true> <Delay = 0.00>
ST_12 : Operation 64 [1/1] (0.00ns)   --->   "call void (...)* @_ssdm_op_SpecTopModule([11 x i8]* @FAST2_Core_str) nounwind"   --->   Operation 64 'spectopmodule' <Predicate = true> <Delay = 0.00>
ST_12 : Operation 65 [1/1] (0.00ns)   --->   "%empty = call i32 (...)* @_ssdm_op_SpecChannel([21 x i8]* @src_OC_data_stream_L_2, i32 1, [1 x i8]* @p_str, [1 x i8]* @p_str, i32 2, i32 2, i8* %src_data_stream_0_V, i8* %src_data_stream_0_V)"   --->   Operation 65 'specchannel' 'empty' <Predicate = true> <Delay = 0.00>
ST_12 : Operation 66 [1/1] (0.00ns)   --->   "call void (...)* @_ssdm_op_SpecInterface(i8* %src_data_stream_0_V, [8 x i8]* @ap_fifo_str, i32 0, i32 0, [1 x i8]* @p_str, i32 0, i32 0, [1 x i8]* @p_str, [1 x i8]* @p_str, [1 x i8]* @p_str, i32 2, i32 2, i32 16, i32 16, [1 x i8]* @p_str, [1 x i8]* @p_str)"   --->   Operation 66 'specinterface' <Predicate = true> <Delay = 0.00>
ST_12 : Operation 67 [1/1] (0.00ns)   --->   "%empty_35 = call i32 (...)* @_ssdm_op_SpecChannel([21 x i8]* @src_OC_data_stream_L_1, i32 1, [1 x i8]* @p_str, [1 x i8]* @p_str, i32 2, i32 2, i8* %src_data_stream_1_V, i8* %src_data_stream_1_V)"   --->   Operation 67 'specchannel' 'empty_35' <Predicate = true> <Delay = 0.00>
ST_12 : Operation 68 [1/1] (0.00ns)   --->   "call void (...)* @_ssdm_op_SpecInterface(i8* %src_data_stream_1_V, [8 x i8]* @ap_fifo_str, i32 0, i32 0, [1 x i8]* @p_str, i32 0, i32 0, [1 x i8]* @p_str, [1 x i8]* @p_str, [1 x i8]* @p_str, i32 2, i32 2, i32 16, i32 16, [1 x i8]* @p_str, [1 x i8]* @p_str)"   --->   Operation 68 'specinterface' <Predicate = true> <Delay = 0.00>
ST_12 : Operation 69 [1/1] (0.00ns)   --->   "%empty_36 = call i32 (...)* @_ssdm_op_SpecChannel([21 x i8]* @src_OC_data_stream_L, i32 1, [1 x i8]* @p_str, [1 x i8]* @p_str, i32 2, i32 2, i8* %src_data_stream_2_V, i8* %src_data_stream_2_V)"   --->   Operation 69 'specchannel' 'empty_36' <Predicate = true> <Delay = 0.00>
ST_12 : Operation 70 [1/1] (0.00ns)   --->   "call void (...)* @_ssdm_op_SpecInterface(i8* %src_data_stream_2_V, [8 x i8]* @ap_fifo_str, i32 0, i32 0, [1 x i8]* @p_str, i32 0, i32 0, [1 x i8]* @p_str, [1 x i8]* @p_str, [1 x i8]* @p_str, i32 2, i32 2, i32 16, i32 16, [1 x i8]* @p_str, [1 x i8]* @p_str)"   --->   Operation 70 'specinterface' <Predicate = true> <Delay = 0.00>
ST_12 : Operation 71 [1/1] (0.00ns)   --->   "%empty_37 = call i32 (...)* @_ssdm_op_SpecChannel([22 x i8]* @gray_OC_data_stream_s, i32 1, [1 x i8]* @p_str, [1 x i8]* @p_str, i32 2, i32 2, i8* %gray_data_stream_0_s, i8* %gray_data_stream_0_s)"   --->   Operation 71 'specchannel' 'empty_37' <Predicate = true> <Delay = 0.00>
ST_12 : Operation 72 [1/1] (0.00ns)   --->   "call void (...)* @_ssdm_op_SpecInterface(i8* %gray_data_stream_0_s, [8 x i8]* @ap_fifo_str, i32 0, i32 0, [1 x i8]* @p_str, i32 0, i32 0, [1 x i8]* @p_str, [1 x i8]* @p_str, [1 x i8]* @p_str, i32 2, i32 2, i32 16, i32 16, [1 x i8]* @p_str, [1 x i8]* @p_str)"   --->   Operation 72 'specinterface' <Predicate = true> <Delay = 0.00>
ST_12 : Operation 73 [1/1] (0.00ns)   --->   "%empty_38 = call i32 (...)* @_ssdm_op_SpecChannel([21 x i8]* @dst_OC_data_stream_L, i32 1, [1 x i8]* @p_str, [1 x i8]* @p_str, i32 2, i32 2, i16* %dst_data_stream_0_V, i16* %dst_data_stream_0_V)"   --->   Operation 73 'specchannel' 'empty_38' <Predicate = true> <Delay = 0.00>
ST_12 : Operation 74 [1/1] (0.00ns)   --->   "call void (...)* @_ssdm_op_SpecInterface(i16* %dst_data_stream_0_V, [8 x i8]* @ap_fifo_str, i32 0, i32 0, [1 x i8]* @p_str, i32 0, i32 0, [1 x i8]* @p_str, [1 x i8]* @p_str, [1 x i8]* @p_str, i32 2, i32 2, i32 16, i32 16, [1 x i8]* @p_str, [1 x i8]* @p_str)"   --->   Operation 74 'specinterface' <Predicate = true> <Delay = 0.00>
ST_12 : Operation 75 [1/1] (0.00ns)   --->   "call void (...)* @_ssdm_op_SpecInterface(i32* %src_axis_V_data_V, i4* %src_axis_V_keep_V, i4* %src_axis_V_strb_V, i1* %src_axis_V_user_V, i1* %src_axis_V_last_V, i1* %src_axis_V_id_V, i1* %src_axis_V_dest_V, [5 x i8]* @p_str2, i32 1, i32 1, [5 x i8]* @p_str3, i32 0, i32 0, [1 x i8]* @p_str, [1 x i8]* @p_str, [1 x i8]* @p_str, i32 0, i32 0, i32 0, i32 0, [1 x i8]* @p_str, [1 x i8]* @p_str) nounwind" [image_core.cpp:13]   --->   Operation 75 'specinterface' <Predicate = true> <Delay = 0.00>
ST_12 : Operation 76 [1/1] (0.00ns)   --->   "call void (...)* @_ssdm_op_SpecInterface(i16* %dst_axis_V_data_V, i2* %dst_axis_V_keep_V, i2* %dst_axis_V_strb_V, i1* %dst_axis_V_user_V, i1* %dst_axis_V_last_V, i1* %dst_axis_V_id_V, i1* %dst_axis_V_dest_V, [5 x i8]* @p_str2, i32 1, i32 1, [5 x i8]* @p_str3, i32 0, i32 0, [1 x i8]* @p_str, [1 x i8]* @p_str, [1 x i8]* @p_str, i32 0, i32 0, i32 0, i32 0, [1 x i8]* @p_str, [1 x i8]* @p_str) nounwind" [image_core.cpp:14]   --->   Operation 76 'specinterface' <Predicate = true> <Delay = 0.00>
ST_12 : Operation 77 [1/1] (0.00ns)   --->   "call void (...)* @_ssdm_op_SpecInterface(i32 %rows, [10 x i8]* @p_str4, i32 0, i32 0, [1 x i8]* @p_str, i32 0, i32 0, [5 x i8]* @p_str5, [1 x i8]* @p_str, [1 x i8]* @p_str, i32 0, i32 0, i32 0, i32 0, [1 x i8]* @p_str, [1 x i8]* @p_str) nounwind" [image_core.cpp:15]   --->   Operation 77 'specinterface' <Predicate = true> <Delay = 0.00>
ST_12 : Operation 78 [1/1] (0.00ns)   --->   "call void (...)* @_ssdm_op_SpecInterface(i32 %cols, [10 x i8]* @p_str4, i32 0, i32 0, [1 x i8]* @p_str, i32 0, i32 0, [5 x i8]* @p_str5, [1 x i8]* @p_str, [1 x i8]* @p_str, i32 0, i32 0, i32 0, i32 0, [1 x i8]* @p_str, [1 x i8]* @p_str) nounwind" [image_core.cpp:16]   --->   Operation 78 'specinterface' <Predicate = true> <Delay = 0.00>
ST_12 : Operation 79 [1/1] (0.00ns)   --->   "call void (...)* @_ssdm_op_SpecInterface(i8 %threhold, [10 x i8]* @p_str4, i32 0, i32 0, [1 x i8]* @p_str, i32 0, i32 0, [5 x i8]* @p_str5, [1 x i8]* @p_str, [1 x i8]* @p_str, i32 0, i32 0, i32 0, i32 0, [1 x i8]* @p_str, [1 x i8]* @p_str) nounwind" [image_core.cpp:17]   --->   Operation 79 'specinterface' <Predicate = true> <Delay = 0.00>
ST_12 : Operation 80 [1/1] (0.00ns)   --->   "call void (...)* @_ssdm_op_SpecInterface(i32 0, [10 x i8]* @p_str4, i32 0, i32 0, [1 x i8]* @p_str, i32 0, i32 0, [5 x i8]* @p_str5, [1 x i8]* @p_str, [1 x i8]* @p_str, i32 0, i32 0, i32 0, i32 0, [1 x i8]* @p_str, [1 x i8]* @p_str) nounwind" [image_core.cpp:18]   --->   Operation 80 'specinterface' <Predicate = true> <Delay = 0.00>
ST_12 : Operation 81 [1/1] (0.00ns)   --->   "%empty_39 = call i32 (...)* @_ssdm_op_SpecChannel([13 x i8]* @src_OC_rows_OC_V_c_s, i32 1, [1 x i8]* @p_str, [1 x i8]* @p_str, i32 2, i32 0, i32* %src_rows_V_c, i32* %src_rows_V_c)"   --->   Operation 81 'specchannel' 'empty_39' <Predicate = true> <Delay = 0.00>
ST_12 : Operation 82 [1/1] (0.00ns)   --->   "call void (...)* @_ssdm_op_SpecInterface(i32* %src_rows_V_c, [8 x i8]* @ap_fifo_str, i32 0, i32 0, [1 x i8]* @p_str, i32 0, i32 0, [1 x i8]* @p_str, [1 x i8]* @p_str, [1 x i8]* @p_str, i32 2, i32 2, i32 16, i32 16, [1 x i8]* @p_str, [1 x i8]* @p_str)"   --->   Operation 82 'specinterface' <Predicate = true> <Delay = 0.00>
ST_12 : Operation 83 [1/1] (0.00ns)   --->   "%empty_40 = call i32 (...)* @_ssdm_op_SpecChannel([13 x i8]* @src_OC_cols_OC_V_c_s, i32 1, [1 x i8]* @p_str, [1 x i8]* @p_str, i32 2, i32 0, i32* %src_cols_V_c, i32* %src_cols_V_c)"   --->   Operation 83 'specchannel' 'empty_40' <Predicate = true> <Delay = 0.00>
ST_12 : Operation 84 [1/1] (0.00ns)   --->   "call void (...)* @_ssdm_op_SpecInterface(i32* %src_cols_V_c, [8 x i8]* @ap_fifo_str, i32 0, i32 0, [1 x i8]* @p_str, i32 0, i32 0, [1 x i8]* @p_str, [1 x i8]* @p_str, [1 x i8]* @p_str, i32 2, i32 2, i32 16, i32 16, [1 x i8]* @p_str, [1 x i8]* @p_str)"   --->   Operation 84 'specinterface' <Predicate = true> <Delay = 0.00>
ST_12 : Operation 85 [1/1] (0.00ns)   --->   "%empty_41 = call i32 (...)* @_ssdm_op_SpecChannel([14 x i8]* @gray_OC_rows_OC_V_c_s, i32 1, [1 x i8]* @p_str, [1 x i8]* @p_str, i32 4, i32 0, i32* %gray_rows_V_c, i32* %gray_rows_V_c)"   --->   Operation 85 'specchannel' 'empty_41' <Predicate = true> <Delay = 0.00>
ST_12 : Operation 86 [1/1] (0.00ns)   --->   "call void (...)* @_ssdm_op_SpecInterface(i32* %gray_rows_V_c, [8 x i8]* @ap_fifo_str, i32 0, i32 0, [1 x i8]* @p_str, i32 0, i32 0, [1 x i8]* @p_str, [1 x i8]* @p_str, [1 x i8]* @p_str, i32 2, i32 2, i32 16, i32 16, [1 x i8]* @p_str, [1 x i8]* @p_str)"   --->   Operation 86 'specinterface' <Predicate = true> <Delay = 0.00>
ST_12 : Operation 87 [1/1] (0.00ns)   --->   "%empty_42 = call i32 (...)* @_ssdm_op_SpecChannel([14 x i8]* @gray_OC_cols_OC_V_c_s, i32 1, [1 x i8]* @p_str, [1 x i8]* @p_str, i32 4, i32 0, i32* %gray_cols_V_c, i32* %gray_cols_V_c)"   --->   Operation 87 'specchannel' 'empty_42' <Predicate = true> <Delay = 0.00>
ST_12 : Operation 88 [1/1] (0.00ns)   --->   "call void (...)* @_ssdm_op_SpecInterface(i32* %gray_cols_V_c, [8 x i8]* @ap_fifo_str, i32 0, i32 0, [1 x i8]* @p_str, i32 0, i32 0, [1 x i8]* @p_str, [1 x i8]* @p_str, [1 x i8]* @p_str, i32 2, i32 2, i32 16, i32 16, [1 x i8]* @p_str, [1 x i8]* @p_str)"   --->   Operation 88 'specinterface' <Predicate = true> <Delay = 0.00>
ST_12 : Operation 89 [1/1] (0.00ns)   --->   "%empty_43 = call i32 (...)* @_ssdm_op_SpecChannel([17 x i8]* @keypoints_OC_rows_c_s, i32 1, [1 x i8]* @p_str, [1 x i8]* @p_str, i32 4, i32 0, i3* %keypoints_rows_c, i3* %keypoints_rows_c)"   --->   Operation 89 'specchannel' 'empty_43' <Predicate = true> <Delay = 0.00>
ST_12 : Operation 90 [1/1] (0.00ns)   --->   "call void (...)* @_ssdm_op_SpecInterface(i3* %keypoints_rows_c, [8 x i8]* @ap_fifo_str, i32 0, i32 0, [1 x i8]* @p_str, i32 0, i32 0, [1 x i8]* @p_str, [1 x i8]* @p_str, [1 x i8]* @p_str, i32 2, i32 2, i32 16, i32 16, [1 x i8]* @p_str, [1 x i8]* @p_str)"   --->   Operation 90 'specinterface' <Predicate = true> <Delay = 0.00>
ST_12 : Operation 91 [1/1] (0.00ns)   --->   "%empty_44 = call i32 (...)* @_ssdm_op_SpecChannel([17 x i8]* @keypoints_OC_cols_c_s, i32 1, [1 x i8]* @p_str, [1 x i8]* @p_str, i32 4, i32 0, i11* %keypoints_cols_c, i11* %keypoints_cols_c)"   --->   Operation 91 'specchannel' 'empty_44' <Predicate = true> <Delay = 0.00>
ST_12 : Operation 92 [1/1] (0.00ns)   --->   "call void (...)* @_ssdm_op_SpecInterface(i11* %keypoints_cols_c, [8 x i8]* @ap_fifo_str, i32 0, i32 0, [1 x i8]* @p_str, i32 0, i32 0, [1 x i8]* @p_str, [1 x i8]* @p_str, [1 x i8]* @p_str, i32 2, i32 2, i32 16, i32 16, [1 x i8]* @p_str, [1 x i8]* @p_str)"   --->   Operation 92 'specinterface' <Predicate = true> <Delay = 0.00>
ST_12 : Operation 93 [1/1] (0.00ns)   --->   "%empty_45 = call i32 (...)* @_ssdm_op_SpecChannel([11 x i8]* @threhold_c_str, i32 1, [1 x i8]* @p_str, [1 x i8]* @p_str, i32 4, i32 0, i8* %threhold_c, i8* %threhold_c)"   --->   Operation 93 'specchannel' 'empty_45' <Predicate = true> <Delay = 0.00>
ST_12 : Operation 94 [1/1] (0.00ns)   --->   "call void (...)* @_ssdm_op_SpecInterface(i8* %threhold_c, [8 x i8]* @ap_fifo_str, i32 0, i32 0, [1 x i8]* @p_str, i32 0, i32 0, [1 x i8]* @p_str, [1 x i8]* @p_str, [1 x i8]* @p_str, i32 2, i32 2, i32 16, i32 16, [1 x i8]* @p_str, [1 x i8]* @p_str)"   --->   Operation 94 'specinterface' <Predicate = true> <Delay = 0.00>
ST_12 : Operation 95 [1/1] (0.00ns)   --->   "%empty_46 = call i32 (...)* @_ssdm_op_SpecChannel([15 x i8]* @src_OC_rows_OC_V_c23, i32 1, [1 x i8]* @p_str, [1 x i8]* @p_str, i32 2, i32 0, i32* %src_rows_V_c23, i32* %src_rows_V_c23)"   --->   Operation 95 'specchannel' 'empty_46' <Predicate = true> <Delay = 0.00>
ST_12 : Operation 96 [1/1] (0.00ns)   --->   "call void (...)* @_ssdm_op_SpecInterface(i32* %src_rows_V_c23, [8 x i8]* @ap_fifo_str, i32 0, i32 0, [1 x i8]* @p_str, i32 0, i32 0, [1 x i8]* @p_str, [1 x i8]* @p_str, [1 x i8]* @p_str, i32 2, i32 2, i32 16, i32 16, [1 x i8]* @p_str, [1 x i8]* @p_str)"   --->   Operation 96 'specinterface' <Predicate = true> <Delay = 0.00>
ST_12 : Operation 97 [1/1] (0.00ns)   --->   "%empty_47 = call i32 (...)* @_ssdm_op_SpecChannel([15 x i8]* @src_OC_cols_OC_V_c24, i32 1, [1 x i8]* @p_str, [1 x i8]* @p_str, i32 2, i32 0, i32* %src_cols_V_c24, i32* %src_cols_V_c24)"   --->   Operation 97 'specchannel' 'empty_47' <Predicate = true> <Delay = 0.00>
ST_12 : Operation 98 [1/1] (0.00ns)   --->   "call void (...)* @_ssdm_op_SpecInterface(i32* %src_cols_V_c24, [8 x i8]* @ap_fifo_str, i32 0, i32 0, [1 x i8]* @p_str, i32 0, i32 0, [1 x i8]* @p_str, [1 x i8]* @p_str, [1 x i8]* @p_str, i32 2, i32 2, i32 16, i32 16, [1 x i8]* @p_str, [1 x i8]* @p_str)"   --->   Operation 98 'specinterface' <Predicate = true> <Delay = 0.00>
ST_12 : Operation 99 [1/1] (0.00ns)   --->   "%empty_48 = call i32 (...)* @_ssdm_op_SpecChannel([19 x i8]* @keypoints_OC_rows_c2, i32 1, [1 x i8]* @p_str, [1 x i8]* @p_str, i32 2, i32 0, i3* %keypoints_rows_c25, i3* %keypoints_rows_c25)"   --->   Operation 99 'specchannel' 'empty_48' <Predicate = true> <Delay = 0.00>
ST_12 : Operation 100 [1/1] (0.00ns)   --->   "call void (...)* @_ssdm_op_SpecInterface(i3* %keypoints_rows_c25, [8 x i8]* @ap_fifo_str, i32 0, i32 0, [1 x i8]* @p_str, i32 0, i32 0, [1 x i8]* @p_str, [1 x i8]* @p_str, [1 x i8]* @p_str, i32 2, i32 2, i32 16, i32 16, [1 x i8]* @p_str, [1 x i8]* @p_str)"   --->   Operation 100 'specinterface' <Predicate = true> <Delay = 0.00>
ST_12 : Operation 101 [1/1] (0.00ns)   --->   "%empty_49 = call i32 (...)* @_ssdm_op_SpecChannel([19 x i8]* @keypoints_OC_cols_c2, i32 1, [1 x i8]* @p_str, [1 x i8]* @p_str, i32 2, i32 0, i11* %keypoints_cols_c26, i11* %keypoints_cols_c26)"   --->   Operation 101 'specchannel' 'empty_49' <Predicate = true> <Delay = 0.00>
ST_12 : Operation 102 [1/1] (0.00ns)   --->   "call void (...)* @_ssdm_op_SpecInterface(i11* %keypoints_cols_c26, [8 x i8]* @ap_fifo_str, i32 0, i32 0, [1 x i8]* @p_str, i32 0, i32 0, [1 x i8]* @p_str, [1 x i8]* @p_str, [1 x i8]* @p_str, i32 2, i32 2, i32 16, i32 16, [1 x i8]* @p_str, [1 x i8]* @p_str)"   --->   Operation 102 'specinterface' <Predicate = true> <Delay = 0.00>
ST_12 : Operation 103 [1/1] (0.00ns)   --->   "%empty_50 = call i32 (...)* @_ssdm_op_SpecChannel([13 x i8]* @dst_OC_rows_OC_V_c_s, i32 1, [1 x i8]* @p_str, [1 x i8]* @p_str, i32 2, i32 0, i3* %dst_rows_V_c, i3* %dst_rows_V_c)"   --->   Operation 103 'specchannel' 'empty_50' <Predicate = true> <Delay = 0.00>
ST_12 : Operation 104 [1/1] (0.00ns)   --->   "call void (...)* @_ssdm_op_SpecInterface(i3* %dst_rows_V_c, [8 x i8]* @ap_fifo_str, i32 0, i32 0, [1 x i8]* @p_str, i32 0, i32 0, [1 x i8]* @p_str, [1 x i8]* @p_str, [1 x i8]* @p_str, i32 2, i32 2, i32 16, i32 16, [1 x i8]* @p_str, [1 x i8]* @p_str)"   --->   Operation 104 'specinterface' <Predicate = true> <Delay = 0.00>
ST_12 : Operation 105 [1/1] (0.00ns)   --->   "%empty_51 = call i32 (...)* @_ssdm_op_SpecChannel([13 x i8]* @dst_OC_cols_OC_V_c_s, i32 1, [1 x i8]* @p_str, [1 x i8]* @p_str, i32 2, i32 0, i11* %dst_cols_V_c, i11* %dst_cols_V_c)"   --->   Operation 105 'specchannel' 'empty_51' <Predicate = true> <Delay = 0.00>
ST_12 : Operation 106 [1/1] (0.00ns)   --->   "call void (...)* @_ssdm_op_SpecInterface(i11* %dst_cols_V_c, [8 x i8]* @ap_fifo_str, i32 0, i32 0, [1 x i8]* @p_str, i32 0, i32 0, [1 x i8]* @p_str, [1 x i8]* @p_str, [1 x i8]* @p_str, i32 2, i32 2, i32 16, i32 16, [1 x i8]* @p_str, [1 x i8]* @p_str)"   --->   Operation 106 'specinterface' <Predicate = true> <Delay = 0.00>
ST_12 : Operation 107 [1/1] (0.00ns)   --->   "ret void" [image_core.cpp:30]   --->   Operation 107 'ret' <Predicate = true> <Delay = 0.00>


============================================================
+ Verbose Summary: Timing violations
============================================================
Target clock period: 20ns, clock uncertainty: 2.5ns.

 <State 1>: 3.26ns
The critical path consists of the following:
	s_axi read on port 'threhold' [18]  (1 ns)
	'call' operation to 'Block_Mat.exit10_pro' [89]  (2.26 ns)

 <State 2>: 0ns
The critical path consists of the following:

 <State 3>: 0ns
The critical path consists of the following:

 <State 4>: 0ns
The critical path consists of the following:

 <State 5>: 0ns
The critical path consists of the following:

 <State 6>: 0ns
The critical path consists of the following:

 <State 7>: 0ns
The critical path consists of the following:

 <State 8>: 0ns
The critical path consists of the following:

 <State 9>: 0ns
The critical path consists of the following:

 <State 10>: 0ns
The critical path consists of the following:

 <State 11>: 0ns
The critical path consists of the following:

 <State 12>: 0ns
The critical path consists of the following:


============================================================
+ Verbose Summary: Binding
============================================================
N/A
* FSMD analyzer results:
  - Output states:
 - Input state : 
  - Chain level:
	State 1
	State 2
	State 3
	State 4
	State 5
	State 6
	State 7
	State 8
	State 9
	State 10
	State 11
	State 12


============================================================
+ Verbose Summary: Datapath Resource usage 
============================================================
N/A
