

================================================================
== Vivado HLS Report for 'Array2D2Mat'
================================================================
* Date:           Wed Dec  5 16:00:31 2018

* Version:        2018.2 (Build 2258646 on Thu Jun 14 20:25:20 MDT 2018)
* Project:        seedfill
* Solution:       solution1
* Product family: virtex7
* Target device:  xc7vx690tffg1761-3


================================================================
== Performance Estimates
================================================================
+ Timing (ns): 
    * Summary: 
    +--------+-------+----------+------------+
    |  Clock | Target| Estimated| Uncertainty|
    +--------+-------+----------+------------+
    |ap_clk  |  10.00|     4.520|        1.25|
    +--------+-------+----------+------------+

+ Latency (clock cycles): 
    * Summary: 
    +-----+--------+-----+--------+---------+
    |    Latency   |   Interval   | Pipeline|
    | min |   max  | min |   max  |   Type  |
    +-----+--------+-----+--------+---------+
    |    1|  251501|    1|  251501|   none  |
    +-----+--------+-----+--------+---------+

    + Detail: 
        * Instance: 
        N/A

        * Loop: 
        +-------------+-----+--------+----------+-----------+-----------+---------+----------+
        |             |    Latency   | Iteration|  Initiation Interval  |   Trip  |          |
        |  Loop Name  | min |   max  |  Latency |  achieved |   target  |  Count  | Pipelined|
        +-------------+-----+--------+----------+-----------+-----------+---------+----------+
        |- Loop 1     |    0|  251500|  3 ~ 503 |          -|          -| 0 ~ 500 |    no    |
        | + Loop 1.1  |    0|     500|         2|          1|          1| 0 ~ 500 |    yes   |
        +-------------+-----+--------+----------+-----------+-----------+---------+----------+

============================================================
+ Verbose Summary: Synthesis Manager
============================================================
InlineROM: 1
ExposeGlobal: 0
============================================================
+ Verbose Summary: CDFG Model
============================================================
IsTopModel: 0
ResetActiveHigh: 1
IsCombinational: 2
IsDatapathOnly: 0
HasWiredReturn: 1
HasMFsm: 0
HasVarLatency: 1
IsPipeline: 0
IsRtlPipelined: 0
IsInstanceOverlapped: 0
IsDontTouch: 0
HasImplIP: 0
IsGatedGlobalClock: 0

+ Individual pipeline summary: 
  * Pipeline-0: initiation interval (II) = 1, depth = 2


============================================================
+ Verbose Summary: Schedule
============================================================
* Number of FSM states : 5
* Pipeline : 1
  Pipeline-0 : II = 1, D = 2, States = { 3 4 }
* Dataflow Pipeline: 0

* FSM state transitions: 
1 --> 
	2  / true
2 --> 
	3  / (tmp_i)
3 --> 
	5  / (!tmp_35_i)
	4  / (tmp_35_i)
4 --> 
	3  / true
5 --> 
	2  / true

* FSM state operations: 

State 1 <SV = 0> <Delay = 4.52>
ST_1 : Operation 6 [1/1] (0.00ns)   --->   "call void (...)* @_ssdm_op_SpecInterface(i8* %mat_data_stream_V, [8 x i8]* @ap_fifo_str, i32 0, i32 0, [1 x i8]* @p_str, i32 0, i32 0, [1 x i8]* @p_str, [1 x i8]* @p_str, [1 x i8]* @p_str, i32 2, i32 2, i32 16, i32 16, [1 x i8]* @p_str, [1 x i8]* @p_str)"   --->   Operation 6 'specinterface' <Predicate = true> <Delay = 0.00>
ST_1 : Operation 7 [1/1] (0.00ns)   --->   "call void (...)* @_ssdm_op_SpecInterface(i32* %mat_cols_V, [8 x i8]* @ap_fifo_str, i32 0, i32 0, [1 x i8]* @p_str, i32 0, i32 0, [1 x i8]* @p_str, [1 x i8]* @p_str, [1 x i8]* @p_str, i32 2, i32 2, i32 16, i32 16, [1 x i8]* @p_str, [1 x i8]* @p_str)"   --->   Operation 7 'specinterface' <Predicate = true> <Delay = 0.00>
ST_1 : Operation 8 [1/1] (0.00ns)   --->   "call void (...)* @_ssdm_op_SpecInterface(i32* %mat_rows_V, [8 x i8]* @ap_fifo_str, i32 0, i32 0, [1 x i8]* @p_str, i32 0, i32 0, [1 x i8]* @p_str, [1 x i8]* @p_str, [1 x i8]* @p_str, i32 2, i32 2, i32 16, i32 16, [1 x i8]* @p_str, [1 x i8]* @p_str)"   --->   Operation 8 'specinterface' <Predicate = true> <Delay = 0.00>
ST_1 : Operation 9 [1/1] (0.00ns)   --->   "call void (...)* @_ssdm_op_SpecInterface(i32* %arr_rows, [8 x i8]* @ap_fifo_str, i32 0, i32 0, [1 x i8]* @p_str, i32 0, i32 0, [1 x i8]* @p_str, [1 x i8]* @p_str, [1 x i8]* @p_str, i32 2, i32 2, i32 16, i32 16, [1 x i8]* @p_str, [1 x i8]* @p_str)"   --->   Operation 9 'specinterface' <Predicate = true> <Delay = 0.00>
ST_1 : Operation 10 [1/1] (0.00ns)   --->   "call void (...)* @_ssdm_op_SpecInterface(i32* %arr_cols, [8 x i8]* @ap_fifo_str, i32 0, i32 0, [1 x i8]* @p_str, i32 0, i32 0, [1 x i8]* @p_str, [1 x i8]* @p_str, [1 x i8]* @p_str, i32 2, i32 2, i32 16, i32 16, [1 x i8]* @p_str, [1 x i8]* @p_str)"   --->   Operation 10 'specinterface' <Predicate = true> <Delay = 0.00>
ST_1 : Operation 11 [1/1] (2.26ns)   --->   "%rows = call i32 @_ssdm_op_Read.ap_fifo.i32P(i32* %arr_rows)" [./type.h:357]   --->   Operation 11 'read' 'rows' <Predicate = true> <Delay = 2.26> <Core = "FIFO">   --->   Core 32 'FIFO' <Latency = 0> <II = 1> <Delay = 2.26> <Storage> <Opcode : 'read' 'write' 'nbread' 'nbwrite'> <Ports = 0> <Width = 32> <Depth = 2> <FIFO>
ST_1 : Operation 12 [1/1] (2.26ns)   --->   "%cols = call i32 @_ssdm_op_Read.ap_fifo.i32P(i32* %arr_cols)" [./type.h:358]   --->   Operation 12 'read' 'cols' <Predicate = true> <Delay = 2.26> <Core = "FIFO">   --->   Core 32 'FIFO' <Latency = 0> <II = 1> <Delay = 2.26> <Storage> <Opcode : 'read' 'write' 'nbread' 'nbwrite'> <Ports = 0> <Width = 32> <Depth = 2> <FIFO>
ST_1 : Operation 13 [1/1] (2.26ns)   --->   "call void @_ssdm_op_Write.ap_fifo.i32P(i32* %mat_rows_V, i32 %rows)" [./type.h:361]   --->   Operation 13 'write' <Predicate = true> <Delay = 2.26> <Core = "FIFO">   --->   Core 32 'FIFO' <Latency = 0> <II = 1> <Delay = 2.26> <Storage> <Opcode : 'read' 'write' 'nbread' 'nbwrite'> <Ports = 0> <Width = 32> <Depth = 2> <FIFO>
ST_1 : Operation 14 [1/1] (2.26ns)   --->   "call void @_ssdm_op_Write.ap_fifo.i32P(i32* %mat_cols_V, i32 %cols)" [./type.h:362]   --->   Operation 14 'write' <Predicate = true> <Delay = 2.26> <Core = "FIFO">   --->   Core 32 'FIFO' <Latency = 0> <II = 1> <Delay = 2.26> <Storage> <Opcode : 'read' 'write' 'nbread' 'nbwrite'> <Ports = 0> <Width = 32> <Depth = 2> <FIFO>
ST_1 : Operation 15 [1/1] (0.97ns)   --->   "br label %.loopexit" [./type.h:364]   --->   Operation 15 'br' <Predicate = true> <Delay = 0.97>

State 2 <SV = 1> <Delay = 1.77>
ST_2 : Operation 16 [1/1] (0.00ns)   --->   "%i_i = phi i31 [ 0, %entry ], [ %i, %.loopexit.loopexit ]"   --->   Operation 16 'phi' 'i_i' <Predicate = true> <Delay = 0.00>
ST_2 : Operation 17 [1/1] (0.00ns)   --->   "%phi_mul = phi i40 [ 0, %entry ], [ %next_mul, %.loopexit.loopexit ]"   --->   Operation 17 'phi' 'phi_mul' <Predicate = true> <Delay = 0.00>
ST_2 : Operation 18 [1/1] (0.00ns)   --->   "%tmp = trunc i40 %phi_mul to i19"   --->   Operation 18 'trunc' 'tmp' <Predicate = true> <Delay = 0.00>
ST_2 : Operation 19 [1/1] (1.62ns)   --->   "%next_mul = add i40 500, %phi_mul"   --->   Operation 19 'add' 'next_mul' <Predicate = true> <Delay = 1.62> <Core = "AddSub">   --->   Core 14 'AddSub' <Latency = 0> <II = 1> <Delay = 1.30> <FuncUnit> <Opcode : 'add' 'sub'> <InPorts = 2> <OutPorts = 1>
ST_2 : Operation 20 [1/1] (0.00ns)   --->   "%i_cast_i = zext i31 %i_i to i32" [./type.h:364]   --->   Operation 20 'zext' 'i_cast_i' <Predicate = true> <Delay = 0.00>
ST_2 : Operation 21 [1/1] (1.31ns)   --->   "%tmp_i = icmp slt i32 %i_cast_i, %rows" [./type.h:364]   --->   Operation 21 'icmp' 'tmp_i' <Predicate = true> <Delay = 1.31> <Core = "Cmp">   --->   Core 25 'Cmp' <Latency = 0> <II = 1> <Delay = 1.31> <FuncUnit> <Opcode : 'icmp'> <InPorts = 2> <OutPorts = 1>
ST_2 : Operation 22 [1/1] (0.00ns)   --->   "call void (...)* @_ssdm_op_SpecLoopTripCount(i64 0, i64 500, i64 0)"   --->   Operation 22 'speclooptripcount' <Predicate = true> <Delay = 0.00>
ST_2 : Operation 23 [1/1] (1.55ns)   --->   "%i = add i31 1, %i_i" [./type.h:364]   --->   Operation 23 'add' 'i' <Predicate = true> <Delay = 1.55> <Core = "AddSub">   --->   Core 14 'AddSub' <Latency = 0> <II = 1> <Delay = 1.30> <FuncUnit> <Opcode : 'add' 'sub'> <InPorts = 2> <OutPorts = 1>
ST_2 : Operation 24 [1/1] (0.00ns)   --->   "br i1 %tmp_i, label %.preheader.i.preheader, label %.exit" [./type.h:364]   --->   Operation 24 'br' <Predicate = true> <Delay = 0.00>
ST_2 : Operation 25 [1/1] (0.97ns)   --->   "br label %.preheader.i" [./type.h:365]   --->   Operation 25 'br' <Predicate = (tmp_i)> <Delay = 0.97>
ST_2 : Operation 26 [1/1] (0.00ns)   --->   "ret void"   --->   Operation 26 'ret' <Predicate = (!tmp_i)> <Delay = 0.00>

State 3 <SV = 2> <Delay = 3.30>
ST_3 : Operation 27 [1/1] (0.00ns)   --->   "%j_i = phi i31 [ %j, %0 ], [ 0, %.preheader.i.preheader ]"   --->   Operation 27 'phi' 'j_i' <Predicate = true> <Delay = 0.00>
ST_3 : Operation 28 [1/1] (0.00ns)   --->   "%j_cast_i = zext i31 %j_i to i32" [./type.h:365]   --->   Operation 28 'zext' 'j_cast_i' <Predicate = true> <Delay = 0.00>
ST_3 : Operation 29 [1/1] (1.31ns)   --->   "%tmp_35_i = icmp slt i32 %j_cast_i, %cols" [./type.h:365]   --->   Operation 29 'icmp' 'tmp_35_i' <Predicate = true> <Delay = 1.31> <Core = "Cmp">   --->   Core 25 'Cmp' <Latency = 0> <II = 1> <Delay = 1.31> <FuncUnit> <Opcode : 'icmp'> <InPorts = 2> <OutPorts = 1>
ST_3 : Operation 30 [1/1] (0.00ns)   --->   "call void (...)* @_ssdm_op_SpecLoopTripCount(i64 0, i64 500, i64 0)"   --->   Operation 30 'speclooptripcount' <Predicate = true> <Delay = 0.00>
ST_3 : Operation 31 [1/1] (1.55ns)   --->   "%j = add i31 %j_i, 1" [./type.h:365]   --->   Operation 31 'add' 'j' <Predicate = true> <Delay = 1.55> <Core = "AddSub">   --->   Core 14 'AddSub' <Latency = 0> <II = 1> <Delay = 1.30> <FuncUnit> <Opcode : 'add' 'sub'> <InPorts = 2> <OutPorts = 1>
ST_3 : Operation 32 [1/1] (0.00ns)   --->   "br i1 %tmp_35_i, label %0, label %.loopexit.loopexit" [./type.h:365]   --->   Operation 32 'br' <Predicate = true> <Delay = 0.00>
ST_3 : Operation 33 [1/1] (0.00ns)   --->   "%tmp_18 = trunc i31 %j_i to i19" [./type.h:368]   --->   Operation 33 'trunc' 'tmp_18' <Predicate = (tmp_35_i)> <Delay = 0.00>
ST_3 : Operation 34 [1/1] (1.30ns)   --->   "%tmp_s = add i19 %tmp, %tmp_18" [./type.h:368]   --->   Operation 34 'add' 'tmp_s' <Predicate = (tmp_35_i)> <Delay = 1.30> <Core = "AddSub">   --->   Core 14 'AddSub' <Latency = 0> <II = 1> <Delay = 1.30> <FuncUnit> <Opcode : 'add' 'sub'> <InPorts = 2> <OutPorts = 1>
ST_3 : Operation 35 [1/1] (0.00ns)   --->   "%tmp_10_cast = zext i19 %tmp_s to i64" [./type.h:368]   --->   Operation 35 'zext' 'tmp_10_cast' <Predicate = (tmp_35_i)> <Delay = 0.00>
ST_3 : Operation 36 [1/1] (0.00ns)   --->   "%arr_val_addr = getelementptr [250000 x i8]* %arr_val, i64 0, i64 %tmp_10_cast" [./type.h:368]   --->   Operation 36 'getelementptr' 'arr_val_addr' <Predicate = (tmp_35_i)> <Delay = 0.00>
ST_3 : Operation 37 [2/2] (1.99ns)   --->   "%tmp_19 = load i8* %arr_val_addr, align 1" [./type.h:368]   --->   Operation 37 'load' 'tmp_19' <Predicate = (tmp_35_i)> <Delay = 1.99> <Core = "RAM">   --->   Core 37 'RAM' <Latency = 1> <II = 1> <Delay = 1.99> <Storage> <Opcode : 'load' 'store'> <Ports = 2> <Width = 8> <Depth = 250000> <RAM>

State 4 <SV = 3> <Delay = 4.25>
ST_4 : Operation 38 [1/1] (0.00ns)   --->   "%tmp_i_34 = call i32 (...)* @_ssdm_op_SpecRegionBegin([12 x i8]* @p_str19)" [./type.h:365]   --->   Operation 38 'specregionbegin' 'tmp_i_34' <Predicate = (tmp_35_i)> <Delay = 0.00>
ST_4 : Operation 39 [1/1] (0.00ns)   --->   "call void (...)* @_ssdm_op_SpecPipeline(i32 1, i32 1, i32 1, i32 0, [1 x i8]* @p_str) nounwind" [./type.h:367]   --->   Operation 39 'specpipeline' <Predicate = (tmp_35_i)> <Delay = 0.00>
ST_4 : Operation 40 [1/2] (1.99ns)   --->   "%tmp_19 = load i8* %arr_val_addr, align 1" [./type.h:368]   --->   Operation 40 'load' 'tmp_19' <Predicate = (tmp_35_i)> <Delay = 1.99> <Core = "RAM">   --->   Core 37 'RAM' <Latency = 1> <II = 1> <Delay = 1.99> <Storage> <Opcode : 'load' 'store'> <Ports = 2> <Width = 8> <Depth = 250000> <RAM>
ST_4 : Operation 41 [1/1] (0.00ns)   --->   "%tmp_38_i = call i32 (...)* @_ssdm_op_SpecRegionBegin([12 x i8]* @p_str20)" [E:/Xilinx/Vivado/2018.2/common/technology/autopilot/hls/hls_video_core.h:641->E:/Xilinx/Vivado/2018.2/common/technology/autopilot/hls/hls_video_core.h:662->./type.h:369]   --->   Operation 41 'specregionbegin' 'tmp_38_i' <Predicate = (tmp_35_i)> <Delay = 0.00>
ST_4 : Operation 42 [1/1] (0.00ns)   --->   "call void (...)* @_ssdm_op_SpecProtocol(i32 0, [1 x i8]* @p_str) nounwind" [E:/Xilinx/Vivado/2018.2/common/technology/autopilot/hls/hls_video_core.h:645->E:/Xilinx/Vivado/2018.2/common/technology/autopilot/hls/hls_video_core.h:662->./type.h:369]   --->   Operation 42 'specprotocol' <Predicate = (tmp_35_i)> <Delay = 0.00>
ST_4 : Operation 43 [1/1] (2.26ns)   --->   "call void @_ssdm_op_Write.ap_fifo.volatile.i8P(i8* %mat_data_stream_V, i8 %tmp_19)" [E:/Xilinx/Vivado/2018.2/common/technology/autopilot/hls/hls_video_core.h:648->E:/Xilinx/Vivado/2018.2/common/technology/autopilot/hls/hls_video_core.h:662->./type.h:369]   --->   Operation 43 'write' <Predicate = (tmp_35_i)> <Delay = 2.26> <Core = "FIFO">   --->   Core 32 'FIFO' <Latency = 0> <II = 1> <Delay = 2.26> <Storage> <Opcode : 'read' 'write' 'nbread' 'nbwrite'> <Ports = 0> <Width = 32> <Depth = 2> <FIFO>
ST_4 : Operation 44 [1/1] (0.00ns)   --->   "%empty = call i32 (...)* @_ssdm_op_SpecRegionEnd([12 x i8]* @p_str20, i32 %tmp_38_i)" [E:/Xilinx/Vivado/2018.2/common/technology/autopilot/hls/hls_video_core.h:650->E:/Xilinx/Vivado/2018.2/common/technology/autopilot/hls/hls_video_core.h:662->./type.h:369]   --->   Operation 44 'specregionend' 'empty' <Predicate = (tmp_35_i)> <Delay = 0.00>
ST_4 : Operation 45 [1/1] (0.00ns)   --->   "%empty_35 = call i32 (...)* @_ssdm_op_SpecRegionEnd([12 x i8]* @p_str19, i32 %tmp_i_34)" [./type.h:370]   --->   Operation 45 'specregionend' 'empty_35' <Predicate = (tmp_35_i)> <Delay = 0.00>
ST_4 : Operation 46 [1/1] (0.00ns)   --->   "br label %.preheader.i" [./type.h:365]   --->   Operation 46 'br' <Predicate = (tmp_35_i)> <Delay = 0.00>

State 5 <SV = 3> <Delay = 0.00>
ST_5 : Operation 47 [1/1] (0.00ns)   --->   "br label %.loopexit"   --->   Operation 47 'br' <Predicate = true> <Delay = 0.00>


============================================================
+ Verbose Summary: Binding
============================================================
STG Binding: 
---------------- STG Properties BEGIN ----------------
- Is combinational: 0
- Is one-state seq: 0
- Is datapath-only: 0
- Is pipelined: 0
- Is top level: 0
Port [ Return ] is wired: 1; IO mode=ap_ctrl_hs:ce=0
Port [ arr_val]:  wired=1; compound=1; hidden=0; nouse=0; global=0; static=0; extern=0; dir=0; type=1; pingpong=1; private_global=0; MemPort=[13]; IO mode=ap_memory:ce=0
Port [ arr_rows]:  wired=1; compound=1; hidden=0; nouse=0; global=0; static=0; extern=0; dir=0; type=3; pingpong=0; private_global=0; IO mode=ap_fifo:ce=0
Port [ arr_cols]:  wired=1; compound=1; hidden=0; nouse=0; global=0; static=0; extern=0; dir=0; type=3; pingpong=0; private_global=0; IO mode=ap_fifo:ce=0
Port [ mat_data_stream_V]:  wired=1; compound=1; hidden=0; nouse=0; global=0; static=0; extern=0; dir=1; type=3; pingpong=0; private_global=0; IO mode=ap_fifo:ce=0
Port [ mat_rows_V]:  wired=1; compound=1; hidden=0; nouse=0; global=0; static=0; extern=0; dir=1; type=3; pingpong=0; private_global=0; IO mode=ap_fifo:ce=0
Port [ mat_cols_V]:  wired=1; compound=1; hidden=0; nouse=0; global=0; static=0; extern=0; dir=1; type=3; pingpong=0; private_global=0; IO mode=ap_fifo:ce=0
---------------- STG Properties END ------------------

---------------- Datapath Model BEGIN ----------------

<LifeTime>
<method=bitvector/>
StgValue_6   (specinterface    ) [ 000000]
StgValue_7   (specinterface    ) [ 000000]
StgValue_8   (specinterface    ) [ 000000]
StgValue_9   (specinterface    ) [ 000000]
StgValue_10  (specinterface    ) [ 000000]
rows         (read             ) [ 001111]
cols         (read             ) [ 001111]
StgValue_13  (write            ) [ 000000]
StgValue_14  (write            ) [ 000000]
StgValue_15  (br               ) [ 011111]
i_i          (phi              ) [ 001000]
phi_mul      (phi              ) [ 001000]
tmp          (trunc            ) [ 000110]
next_mul     (add              ) [ 011111]
i_cast_i     (zext             ) [ 000000]
tmp_i        (icmp             ) [ 001111]
StgValue_22  (speclooptripcount) [ 000000]
i            (add              ) [ 011111]
StgValue_24  (br               ) [ 000000]
StgValue_25  (br               ) [ 001111]
StgValue_26  (ret              ) [ 000000]
j_i          (phi              ) [ 000100]
j_cast_i     (zext             ) [ 000000]
tmp_35_i     (icmp             ) [ 001111]
StgValue_30  (speclooptripcount) [ 000000]
j            (add              ) [ 001111]
StgValue_32  (br               ) [ 000000]
tmp_18       (trunc            ) [ 000000]
tmp_s        (add              ) [ 000000]
tmp_10_cast  (zext             ) [ 000000]
arr_val_addr (getelementptr    ) [ 000110]
tmp_i_34     (specregionbegin  ) [ 000000]
StgValue_39  (specpipeline     ) [ 000000]
tmp_19       (load             ) [ 000000]
tmp_38_i     (specregionbegin  ) [ 000000]
StgValue_42  (specprotocol     ) [ 000000]
StgValue_43  (write            ) [ 000000]
empty        (specregionend    ) [ 000000]
empty_35     (specregionend    ) [ 000000]
StgValue_46  (br               ) [ 001111]
StgValue_47  (br               ) [ 011111]
</LifeTime>

<model>

<comp_list>
<comp id="0" class="1000" name="arr_val">
<pin_list>
<pin id="1" dir="1" index="0" bw="1" slack="0"/>
</pin_list>
<bind>
<StgValue><ssdm name="arr_val"/><MemPortTyVec>1 3 </MemPortTyVec>
</StgValue>
</bind>
</comp>

<comp id="2" class="1000" name="arr_rows">
<pin_list>
<pin id="3" dir="1" index="0" bw="1" slack="0"/>
</pin_list>
<bind>
<StgValue><ssdm name="arr_rows"/></StgValue>
</bind>
</comp>

<comp id="4" class="1000" name="arr_cols">
<pin_list>
<pin id="5" dir="1" index="0" bw="1" slack="0"/>
</pin_list>
<bind>
<StgValue><ssdm name="arr_cols"/></StgValue>
</bind>
</comp>

<comp id="6" class="1000" name="mat_data_stream_V">
<pin_list>
<pin id="7" dir="1" index="0" bw="1" slack="0"/>
</pin_list>
<bind>
<StgValue><ssdm name="mat_data_stream_V"/></StgValue>
</bind>
</comp>

<comp id="8" class="1000" name="mat_rows_V">
<pin_list>
<pin id="9" dir="1" index="0" bw="1" slack="0"/>
</pin_list>
<bind>
<StgValue><ssdm name="mat_rows_V"/></StgValue>
</bind>
</comp>

<comp id="10" class="1000" name="mat_cols_V">
<pin_list>
<pin id="11" dir="1" index="0" bw="1" slack="0"/>
</pin_list>
<bind>
<StgValue><ssdm name="mat_cols_V"/></StgValue>
</bind>
</comp>

<comp id="12" class="1001" name="const_12">
<pin_list>
<pin id="13" dir="1" index="0" bw="1" slack="2147483647"/>
</pin_list>
<bind>
<StgValue><ssdm name="_ssdm_op_SpecInterface"/></StgValue>
</bind>
</comp>

<comp id="14" class="1001" name="const_14">
<pin_list>
<pin id="15" dir="1" index="0" bw="1" slack="2147483647"/>
</pin_list>
<bind>
<StgValue><ssdm name="ap_fifo_str"/></StgValue>
</bind>
</comp>

<comp id="16" class="1001" name="const_16">
<pin_list>
<pin id="17" dir="1" index="0" bw="1" slack="2147483647"/>
</pin_list>
<bind>
<StgValue><ssdm name=""/></StgValue>
</bind>
</comp>

<comp id="18" class="1001" name="const_18">
<pin_list>
<pin id="19" dir="1" index="0" bw="1" slack="2147483647"/>
</pin_list>
<bind>
<StgValue><ssdm name="p_str"/></StgValue>
</bind>
</comp>

<comp id="20" class="1001" name="const_20">
<pin_list>
<pin id="21" dir="1" index="0" bw="1" slack="2147483647"/>
</pin_list>
<bind>
<StgValue><ssdm name=""/></StgValue>
</bind>
</comp>

<comp id="22" class="1001" name="const_22">
<pin_list>
<pin id="23" dir="1" index="0" bw="1" slack="2147483647"/>
</pin_list>
<bind>
<StgValue><ssdm name=""/></StgValue>
</bind>
</comp>

<comp id="24" class="1001" name="const_24">
<pin_list>
<pin id="25" dir="1" index="0" bw="1" slack="0"/>
</pin_list>
<bind>
<StgValue><ssdm name="_ssdm_op_Read.ap_fifo.i32P"/></StgValue>
</bind>
</comp>

<comp id="26" class="1001" name="const_26">
<pin_list>
<pin id="27" dir="1" index="0" bw="1" slack="0"/>
</pin_list>
<bind>
<StgValue><ssdm name="_ssdm_op_Write.ap_fifo.i32P"/></StgValue>
</bind>
</comp>

<comp id="28" class="1001" name="const_28">
<pin_list>
<pin id="29" dir="1" index="0" bw="1" slack="1"/>
</pin_list>
<bind>
<StgValue><ssdm name=""/></StgValue>
</bind>
</comp>

<comp id="30" class="1001" name="const_30">
<pin_list>
<pin id="31" dir="1" index="0" bw="1" slack="1"/>
</pin_list>
<bind>
<StgValue><ssdm name=""/></StgValue>
</bind>
</comp>

<comp id="32" class="1001" name="const_32">
<pin_list>
<pin id="33" dir="1" index="0" bw="1" slack="0"/>
</pin_list>
<bind>
<StgValue><ssdm name=""/></StgValue>
</bind>
</comp>

<comp id="34" class="1001" name="const_34">
<pin_list>
<pin id="35" dir="1" index="0" bw="1" slack="2147483647"/>
</pin_list>
<bind>
<StgValue><ssdm name="_ssdm_op_SpecLoopTripCount"/></StgValue>
</bind>
</comp>

<comp id="36" class="1001" name="const_36">
<pin_list>
<pin id="37" dir="1" index="0" bw="1" slack="0"/>
</pin_list>
<bind>
<StgValue><ssdm name=""/></StgValue>
</bind>
</comp>

<comp id="38" class="1001" name="const_38">
<pin_list>
<pin id="39" dir="1" index="0" bw="1" slack="2147483647"/>
</pin_list>
<bind>
<StgValue><ssdm name=""/></StgValue>
</bind>
</comp>

<comp id="40" class="1001" name="const_40">
<pin_list>
<pin id="41" dir="1" index="0" bw="1" slack="0"/>
</pin_list>
<bind>
<StgValue><ssdm name=""/></StgValue>
</bind>
</comp>

<comp id="42" class="1001" name="const_42">
<pin_list>
<pin id="43" dir="1" index="0" bw="1" slack="2147483647"/>
</pin_list>
<bind>
<StgValue><ssdm name="_ssdm_op_SpecRegionBegin"/></StgValue>
</bind>
</comp>

<comp id="44" class="1001" name="const_44">
<pin_list>
<pin id="45" dir="1" index="0" bw="1" slack="2147483647"/>
</pin_list>
<bind>
<StgValue><ssdm name="p_str19"/></StgValue>
</bind>
</comp>

<comp id="46" class="1001" name="const_46">
<pin_list>
<pin id="47" dir="1" index="0" bw="1" slack="2147483647"/>
</pin_list>
<bind>
<StgValue><ssdm name="_ssdm_op_SpecPipeline"/></StgValue>
</bind>
</comp>

<comp id="48" class="1001" name="const_48">
<pin_list>
<pin id="49" dir="1" index="0" bw="1" slack="2147483647"/>
</pin_list>
<bind>
<StgValue><ssdm name=""/></StgValue>
</bind>
</comp>

<comp id="50" class="1001" name="const_50">
<pin_list>
<pin id="51" dir="1" index="0" bw="1" slack="2147483647"/>
</pin_list>
<bind>
<StgValue><ssdm name="p_str20"/></StgValue>
</bind>
</comp>

<comp id="52" class="1001" name="const_52">
<pin_list>
<pin id="53" dir="1" index="0" bw="1" slack="2147483647"/>
</pin_list>
<bind>
<StgValue><ssdm name="_ssdm_op_SpecProtocol"/></StgValue>
</bind>
</comp>

<comp id="54" class="1001" name="const_54">
<pin_list>
<pin id="55" dir="1" index="0" bw="1" slack="0"/>
</pin_list>
<bind>
<StgValue><ssdm name="_ssdm_op_Write.ap_fifo.volatile.i8P"/></StgValue>
</bind>
</comp>

<comp id="56" class="1001" name="const_56">
<pin_list>
<pin id="57" dir="1" index="0" bw="1" slack="2147483647"/>
</pin_list>
<bind>
<StgValue><ssdm name="_ssdm_op_SpecRegionEnd"/></StgValue>
</bind>
</comp>

<comp id="58" class="1004" name="rows_read_fu_58">
<pin_list>
<pin id="59" dir="0" index="0" bw="32" slack="0"/>
<pin id="60" dir="0" index="1" bw="32" slack="0"/>
<pin id="61" dir="1" index="2" bw="32" slack="0"/>
</pin_list>
<bind>
<opcode="read(1150) " fcode="read"/>
<opset="rows/1 "/>
</bind>
</comp>

<comp id="64" class="1004" name="cols_read_fu_64">
<pin_list>
<pin id="65" dir="0" index="0" bw="32" slack="0"/>
<pin id="66" dir="0" index="1" bw="32" slack="0"/>
<pin id="67" dir="1" index="2" bw="32" slack="0"/>
</pin_list>
<bind>
<opcode="read(1150) " fcode="read"/>
<opset="cols/1 "/>
</bind>
</comp>

<comp id="70" class="1004" name="StgValue_13_write_fu_70">
<pin_list>
<pin id="71" dir="0" index="0" bw="0" slack="0"/>
<pin id="72" dir="0" index="1" bw="32" slack="0"/>
<pin id="73" dir="0" index="2" bw="32" slack="0"/>
<pin id="74" dir="1" index="3" bw="0" slack="2147483647"/>
</pin_list>
<bind>
<opcode="write(1151) " fcode="write"/>
<opset="StgValue_13/1 "/>
</bind>
</comp>

<comp id="78" class="1004" name="StgValue_14_write_fu_78">
<pin_list>
<pin id="79" dir="0" index="0" bw="0" slack="0"/>
<pin id="80" dir="0" index="1" bw="32" slack="0"/>
<pin id="81" dir="0" index="2" bw="32" slack="0"/>
<pin id="82" dir="1" index="3" bw="0" slack="2147483647"/>
</pin_list>
<bind>
<opcode="write(1151) " fcode="write"/>
<opset="StgValue_14/1 "/>
</bind>
</comp>

<comp id="86" class="1004" name="StgValue_43_write_fu_86">
<pin_list>
<pin id="87" dir="0" index="0" bw="0" slack="0"/>
<pin id="88" dir="0" index="1" bw="8" slack="0"/>
<pin id="89" dir="0" index="2" bw="8" slack="0"/>
<pin id="90" dir="1" index="3" bw="0" slack="2147483647"/>
</pin_list>
<bind>
<opcode="write(1151) " fcode="write"/>
<opset="StgValue_43/4 "/>
</bind>
</comp>

<comp id="93" class="1004" name="arr_val_addr_gep_fu_93">
<pin_list>
<pin id="94" dir="0" index="0" bw="8" slack="0"/>
<pin id="95" dir="0" index="1" bw="1" slack="0"/>
<pin id="96" dir="0" index="2" bw="19" slack="0"/>
<pin id="97" dir="1" index="3" bw="18" slack="0"/>
</pin_list>
<bind>
<opcode="getelementptr(29) " fcode="getelementptr"/>
<opset="arr_val_addr/3 "/>
</bind>
</comp>

<comp id="100" class="1004" name="grp_access_fu_100">
<pin_list>
<pin id="101" dir="0" index="0" bw="18" slack="0"/>
<pin id="102" dir="0" index="1" bw="8" slack="2147483647"/>
<pin id="103" dir="0" index="2" bw="0" slack="2147483647"/>
<pin id="104" dir="1" index="3" bw="8" slack="0"/>
</pin_list>
<bind>
<opcode="load(27) " fcode="load"/>
<opset="tmp_19/3 "/>
</bind>
</comp>

<comp id="107" class="1005" name="i_i_reg_107">
<pin_list>
<pin id="108" dir="0" index="0" bw="31" slack="1"/>
<pin id="109" dir="1" index="1" bw="31" slack="1"/>
</pin_list>
<bind>
<opset="i_i (phireg) "/>
</bind>
</comp>

<comp id="111" class="1004" name="i_i_phi_fu_111">
<pin_list>
<pin id="112" dir="0" index="0" bw="1" slack="1"/>
<pin id="113" dir="0" index="1" bw="0" slack="2147483647"/>
<pin id="114" dir="0" index="2" bw="31" slack="0"/>
<pin id="115" dir="0" index="3" bw="0" slack="2147483647"/>
<pin id="116" dir="1" index="4" bw="31" slack="0"/>
</pin_list>
<bind>
<opcode="phi(47) " fcode="phi"/>
<opset="i_i/2 "/>
</bind>
</comp>

<comp id="118" class="1005" name="phi_mul_reg_118">
<pin_list>
<pin id="119" dir="0" index="0" bw="40" slack="1"/>
<pin id="120" dir="1" index="1" bw="40" slack="1"/>
</pin_list>
<bind>
<opset="phi_mul (phireg) "/>
</bind>
</comp>

<comp id="122" class="1004" name="phi_mul_phi_fu_122">
<pin_list>
<pin id="123" dir="0" index="0" bw="1" slack="1"/>
<pin id="124" dir="0" index="1" bw="0" slack="2147483647"/>
<pin id="125" dir="0" index="2" bw="40" slack="0"/>
<pin id="126" dir="0" index="3" bw="0" slack="2147483647"/>
<pin id="127" dir="1" index="4" bw="40" slack="0"/>
</pin_list>
<bind>
<opcode="phi(47) " fcode="phi"/>
<opset="phi_mul/2 "/>
</bind>
</comp>

<comp id="129" class="1005" name="j_i_reg_129">
<pin_list>
<pin id="130" dir="0" index="0" bw="31" slack="1"/>
<pin id="131" dir="1" index="1" bw="31" slack="1"/>
</pin_list>
<bind>
<opset="j_i (phireg) "/>
</bind>
</comp>

<comp id="133" class="1004" name="j_i_phi_fu_133">
<pin_list>
<pin id="134" dir="0" index="0" bw="31" slack="0"/>
<pin id="135" dir="0" index="1" bw="0" slack="2147483647"/>
<pin id="136" dir="0" index="2" bw="1" slack="1"/>
<pin id="137" dir="0" index="3" bw="0" slack="2147483647"/>
<pin id="138" dir="1" index="4" bw="31" slack="0"/>
</pin_list>
<bind>
<opcode="phi(47) " fcode="phi"/>
<opset="j_i/3 "/>
</bind>
</comp>

<comp id="140" class="1004" name="tmp_fu_140">
<pin_list>
<pin id="141" dir="0" index="0" bw="40" slack="0"/>
<pin id="142" dir="1" index="1" bw="19" slack="1"/>
</pin_list>
<bind>
<opcode="trunc(33) " fcode="trunc"/>
<opset="tmp/2 "/>
</bind>
</comp>

<comp id="144" class="1004" name="next_mul_fu_144">
<pin_list>
<pin id="145" dir="0" index="0" bw="10" slack="0"/>
<pin id="146" dir="0" index="1" bw="40" slack="0"/>
<pin id="147" dir="1" index="2" bw="40" slack="0"/>
</pin_list>
<bind>
<opcode="add(8) " fcode="add"/>
<opset="next_mul/2 "/>
</bind>
</comp>

<comp id="150" class="1004" name="i_cast_i_fu_150">
<pin_list>
<pin id="151" dir="0" index="0" bw="31" slack="0"/>
<pin id="152" dir="1" index="1" bw="32" slack="0"/>
</pin_list>
<bind>
<opcode="zext(34) " fcode="zext"/>
<opset="i_cast_i/2 "/>
</bind>
</comp>

<comp id="154" class="1004" name="tmp_i_fu_154">
<pin_list>
<pin id="155" dir="0" index="0" bw="31" slack="0"/>
<pin id="156" dir="0" index="1" bw="32" slack="1"/>
<pin id="157" dir="1" index="2" bw="1" slack="1"/>
</pin_list>
<bind>
<opcode="icmp(45) " fcode="icmp"/>
<opset="tmp_i/2 "/>
</bind>
</comp>

<comp id="159" class="1004" name="i_fu_159">
<pin_list>
<pin id="160" dir="0" index="0" bw="1" slack="0"/>
<pin id="161" dir="0" index="1" bw="31" slack="0"/>
<pin id="162" dir="1" index="2" bw="31" slack="0"/>
</pin_list>
<bind>
<opcode="add(8) " fcode="add"/>
<opset="i/2 "/>
</bind>
</comp>

<comp id="165" class="1004" name="j_cast_i_fu_165">
<pin_list>
<pin id="166" dir="0" index="0" bw="31" slack="0"/>
<pin id="167" dir="1" index="1" bw="32" slack="0"/>
</pin_list>
<bind>
<opcode="zext(34) " fcode="zext"/>
<opset="j_cast_i/3 "/>
</bind>
</comp>

<comp id="169" class="1004" name="tmp_35_i_fu_169">
<pin_list>
<pin id="170" dir="0" index="0" bw="31" slack="0"/>
<pin id="171" dir="0" index="1" bw="32" slack="2"/>
<pin id="172" dir="1" index="2" bw="1" slack="1"/>
</pin_list>
<bind>
<opcode="icmp(45) " fcode="icmp"/>
<opset="tmp_35_i/3 "/>
</bind>
</comp>

<comp id="174" class="1004" name="j_fu_174">
<pin_list>
<pin id="175" dir="0" index="0" bw="31" slack="0"/>
<pin id="176" dir="0" index="1" bw="1" slack="0"/>
<pin id="177" dir="1" index="2" bw="31" slack="0"/>
</pin_list>
<bind>
<opcode="add(8) " fcode="add"/>
<opset="j/3 "/>
</bind>
</comp>

<comp id="180" class="1004" name="tmp_18_fu_180">
<pin_list>
<pin id="181" dir="0" index="0" bw="31" slack="0"/>
<pin id="182" dir="1" index="1" bw="19" slack="0"/>
</pin_list>
<bind>
<opcode="trunc(33) " fcode="trunc"/>
<opset="tmp_18/3 "/>
</bind>
</comp>

<comp id="184" class="1004" name="tmp_s_fu_184">
<pin_list>
<pin id="185" dir="0" index="0" bw="19" slack="1"/>
<pin id="186" dir="0" index="1" bw="19" slack="0"/>
<pin id="187" dir="1" index="2" bw="19" slack="0"/>
</pin_list>
<bind>
<opcode="add(8) " fcode="add"/>
<opset="tmp_s/3 "/>
</bind>
</comp>

<comp id="189" class="1004" name="tmp_10_cast_fu_189">
<pin_list>
<pin id="190" dir="0" index="0" bw="19" slack="0"/>
<pin id="191" dir="1" index="1" bw="64" slack="0"/>
</pin_list>
<bind>
<opcode="zext(34) " fcode="zext"/>
<opset="tmp_10_cast/3 "/>
</bind>
</comp>

<comp id="194" class="1005" name="rows_reg_194">
<pin_list>
<pin id="195" dir="0" index="0" bw="32" slack="1"/>
<pin id="196" dir="1" index="1" bw="32" slack="1"/>
</pin_list>
<bind>
<opset="rows "/>
</bind>
</comp>

<comp id="199" class="1005" name="cols_reg_199">
<pin_list>
<pin id="200" dir="0" index="0" bw="32" slack="2"/>
<pin id="201" dir="1" index="1" bw="32" slack="2"/>
</pin_list>
<bind>
<opset="cols "/>
</bind>
</comp>

<comp id="204" class="1005" name="tmp_reg_204">
<pin_list>
<pin id="205" dir="0" index="0" bw="19" slack="1"/>
<pin id="206" dir="1" index="1" bw="19" slack="1"/>
</pin_list>
<bind>
<opset="tmp "/>
</bind>
</comp>

<comp id="209" class="1005" name="next_mul_reg_209">
<pin_list>
<pin id="210" dir="0" index="0" bw="40" slack="0"/>
<pin id="211" dir="1" index="1" bw="40" slack="0"/>
</pin_list>
<bind>
<opset="next_mul "/>
</bind>
</comp>

<comp id="214" class="1005" name="tmp_i_reg_214">
<pin_list>
<pin id="215" dir="0" index="0" bw="1" slack="1"/>
<pin id="216" dir="1" index="1" bw="1" slack="2147483647"/>
</pin_list>
<bind>
<opset="tmp_i "/>
</bind>
</comp>

<comp id="218" class="1005" name="i_reg_218">
<pin_list>
<pin id="219" dir="0" index="0" bw="31" slack="0"/>
<pin id="220" dir="1" index="1" bw="31" slack="0"/>
</pin_list>
<bind>
<opset="i "/>
</bind>
</comp>

<comp id="223" class="1005" name="tmp_35_i_reg_223">
<pin_list>
<pin id="224" dir="0" index="0" bw="1" slack="1"/>
<pin id="225" dir="1" index="1" bw="1" slack="2147483647"/>
</pin_list>
<bind>
<opset="tmp_35_i "/>
</bind>
</comp>

<comp id="227" class="1005" name="j_reg_227">
<pin_list>
<pin id="228" dir="0" index="0" bw="31" slack="0"/>
<pin id="229" dir="1" index="1" bw="31" slack="0"/>
</pin_list>
<bind>
<opset="j "/>
</bind>
</comp>

<comp id="232" class="1005" name="arr_val_addr_reg_232">
<pin_list>
<pin id="233" dir="0" index="0" bw="18" slack="1"/>
<pin id="234" dir="1" index="1" bw="18" slack="1"/>
</pin_list>
<bind>
<opset="arr_val_addr "/>
</bind>
</comp>

</comp_list>

<net_list>
<net id="62"><net_src comp="24" pin="0"/><net_sink comp="58" pin=0"/></net>

<net id="63"><net_src comp="2" pin="0"/><net_sink comp="58" pin=1"/></net>

<net id="68"><net_src comp="24" pin="0"/><net_sink comp="64" pin=0"/></net>

<net id="69"><net_src comp="4" pin="0"/><net_sink comp="64" pin=1"/></net>

<net id="75"><net_src comp="26" pin="0"/><net_sink comp="70" pin=0"/></net>

<net id="76"><net_src comp="8" pin="0"/><net_sink comp="70" pin=1"/></net>

<net id="77"><net_src comp="58" pin="2"/><net_sink comp="70" pin=2"/></net>

<net id="83"><net_src comp="26" pin="0"/><net_sink comp="78" pin=0"/></net>

<net id="84"><net_src comp="10" pin="0"/><net_sink comp="78" pin=1"/></net>

<net id="85"><net_src comp="64" pin="2"/><net_sink comp="78" pin=2"/></net>

<net id="91"><net_src comp="54" pin="0"/><net_sink comp="86" pin=0"/></net>

<net id="92"><net_src comp="6" pin="0"/><net_sink comp="86" pin=1"/></net>

<net id="98"><net_src comp="0" pin="0"/><net_sink comp="93" pin=0"/></net>

<net id="99"><net_src comp="36" pin="0"/><net_sink comp="93" pin=1"/></net>

<net id="105"><net_src comp="100" pin="3"/><net_sink comp="86" pin=2"/></net>

<net id="106"><net_src comp="93" pin="3"/><net_sink comp="100" pin=0"/></net>

<net id="110"><net_src comp="28" pin="0"/><net_sink comp="107" pin=0"/></net>

<net id="117"><net_src comp="107" pin="1"/><net_sink comp="111" pin=0"/></net>

<net id="121"><net_src comp="30" pin="0"/><net_sink comp="118" pin=0"/></net>

<net id="128"><net_src comp="118" pin="1"/><net_sink comp="122" pin=0"/></net>

<net id="132"><net_src comp="28" pin="0"/><net_sink comp="129" pin=0"/></net>

<net id="139"><net_src comp="129" pin="1"/><net_sink comp="133" pin=2"/></net>

<net id="143"><net_src comp="122" pin="4"/><net_sink comp="140" pin=0"/></net>

<net id="148"><net_src comp="32" pin="0"/><net_sink comp="144" pin=0"/></net>

<net id="149"><net_src comp="122" pin="4"/><net_sink comp="144" pin=1"/></net>

<net id="153"><net_src comp="111" pin="4"/><net_sink comp="150" pin=0"/></net>

<net id="158"><net_src comp="150" pin="1"/><net_sink comp="154" pin=0"/></net>

<net id="163"><net_src comp="40" pin="0"/><net_sink comp="159" pin=0"/></net>

<net id="164"><net_src comp="111" pin="4"/><net_sink comp="159" pin=1"/></net>

<net id="168"><net_src comp="133" pin="4"/><net_sink comp="165" pin=0"/></net>

<net id="173"><net_src comp="165" pin="1"/><net_sink comp="169" pin=0"/></net>

<net id="178"><net_src comp="133" pin="4"/><net_sink comp="174" pin=0"/></net>

<net id="179"><net_src comp="40" pin="0"/><net_sink comp="174" pin=1"/></net>

<net id="183"><net_src comp="133" pin="4"/><net_sink comp="180" pin=0"/></net>

<net id="188"><net_src comp="180" pin="1"/><net_sink comp="184" pin=1"/></net>

<net id="192"><net_src comp="184" pin="2"/><net_sink comp="189" pin=0"/></net>

<net id="193"><net_src comp="189" pin="1"/><net_sink comp="93" pin=2"/></net>

<net id="197"><net_src comp="58" pin="2"/><net_sink comp="194" pin=0"/></net>

<net id="198"><net_src comp="194" pin="1"/><net_sink comp="154" pin=1"/></net>

<net id="202"><net_src comp="64" pin="2"/><net_sink comp="199" pin=0"/></net>

<net id="203"><net_src comp="199" pin="1"/><net_sink comp="169" pin=1"/></net>

<net id="207"><net_src comp="140" pin="1"/><net_sink comp="204" pin=0"/></net>

<net id="208"><net_src comp="204" pin="1"/><net_sink comp="184" pin=0"/></net>

<net id="212"><net_src comp="144" pin="2"/><net_sink comp="209" pin=0"/></net>

<net id="213"><net_src comp="209" pin="1"/><net_sink comp="122" pin=2"/></net>

<net id="217"><net_src comp="154" pin="2"/><net_sink comp="214" pin=0"/></net>

<net id="221"><net_src comp="159" pin="2"/><net_sink comp="218" pin=0"/></net>

<net id="222"><net_src comp="218" pin="1"/><net_sink comp="111" pin=2"/></net>

<net id="226"><net_src comp="169" pin="2"/><net_sink comp="223" pin=0"/></net>

<net id="230"><net_src comp="174" pin="2"/><net_sink comp="227" pin=0"/></net>

<net id="231"><net_src comp="227" pin="1"/><net_sink comp="133" pin=0"/></net>

<net id="235"><net_src comp="93" pin="3"/><net_sink comp="232" pin=0"/></net>

<net id="236"><net_src comp="232" pin="1"/><net_sink comp="100" pin=0"/></net>

</net_list>

</model> 
---------------- Datapath Model END ------------------

* FSMD analyzer results:
  - Output states:
	Port: mat_data_stream_V | {4 }
	Port: mat_rows_V | {1 }
	Port: mat_cols_V | {1 }
 - Input state : 
	Port: Array2D2Mat : arr_val | {3 4 }
	Port: Array2D2Mat : arr_rows | {1 }
	Port: Array2D2Mat : arr_cols | {1 }
  - Chain level:
	State 1
	State 2
		tmp : 1
		next_mul : 1
		i_cast_i : 1
		tmp_i : 2
		i : 1
		StgValue_24 : 3
	State 3
		j_cast_i : 1
		tmp_35_i : 2
		j : 1
		StgValue_32 : 3
		tmp_18 : 1
		tmp_s : 2
		tmp_10_cast : 3
		arr_val_addr : 4
		tmp_19 : 5
	State 4
		StgValue_43 : 1
		empty : 1
		empty_35 : 1
	State 5


============================================================
+ Verbose Summary: Datapath Resource usage 
============================================================

* Functional unit list:
|----------|-------------------------|---------|---------|
| Operation|     Functional Unit     |    FF   |   LUT   |
|----------|-------------------------|---------|---------|
|          |     next_mul_fu_144     |    0    |    47   |
|    add   |         i_fu_159        |    0    |    38   |
|          |         j_fu_174        |    0    |    38   |
|          |       tmp_s_fu_184      |    0    |    26   |
|----------|-------------------------|---------|---------|
|   icmp   |       tmp_i_fu_154      |    0    |    18   |
|          |     tmp_35_i_fu_169     |    0    |    18   |
|----------|-------------------------|---------|---------|
|   read   |     rows_read_fu_58     |    0    |    0    |
|          |     cols_read_fu_64     |    0    |    0    |
|----------|-------------------------|---------|---------|
|          | StgValue_13_write_fu_70 |    0    |    0    |
|   write  | StgValue_14_write_fu_78 |    0    |    0    |
|          | StgValue_43_write_fu_86 |    0    |    0    |
|----------|-------------------------|---------|---------|
|   trunc  |        tmp_fu_140       |    0    |    0    |
|          |      tmp_18_fu_180      |    0    |    0    |
|----------|-------------------------|---------|---------|
|          |     i_cast_i_fu_150     |    0    |    0    |
|   zext   |     j_cast_i_fu_165     |    0    |    0    |
|          |    tmp_10_cast_fu_189   |    0    |    0    |
|----------|-------------------------|---------|---------|
|   Total  |                         |    0    |   185   |
|----------|-------------------------|---------|---------|

Memories:
N/A

* Register list:
+--------------------+--------+
|                    |   FF   |
+--------------------+--------+
|arr_val_addr_reg_232|   18   |
|    cols_reg_199    |   32   |
|     i_i_reg_107    |   31   |
|      i_reg_218     |   31   |
|     j_i_reg_129    |   31   |
|      j_reg_227     |   31   |
|  next_mul_reg_209  |   40   |
|   phi_mul_reg_118  |   40   |
|    rows_reg_194    |   32   |
|  tmp_35_i_reg_223  |    1   |
|    tmp_i_reg_214   |    1   |
|     tmp_reg_204    |   19   |
+--------------------+--------+
|        Total       |   307  |
+--------------------+--------+

* Multiplexer (MUX) list: 
|-------------------|------|------|------|--------||---------||---------|
|        Comp       |  Pin | Size |  BW  | S x BW ||  Delay  ||   LUT   |
|-------------------|------|------|------|--------||---------||---------|
| grp_access_fu_100 |  p0  |   2  |  18  |   36   ||    9    |
|-------------------|------|------|------|--------||---------||---------|
|       Total       |      |      |      |   36   ||  0.978  ||    9    |
|-------------------|------|------|------|--------||---------||---------|



* Summary:
+-----------+--------+--------+--------+
|           |  Delay |   FF   |   LUT  |
+-----------+--------+--------+--------+
|  Function |    -   |    0   |   185  |
|   Memory  |    -   |    -   |    -   |
|Multiplexer|    0   |    -   |    9   |
|  Register |    -   |   307  |    -   |
+-----------+--------+--------+--------+
|   Total   |    0   |   307  |   194  |
+-----------+--------+--------+--------+
