

================================================================
== Vivado HLS Report for 'Mat2Array2D'
================================================================
* Date:           Wed Dec  5 16:00:32 2018

* Version:        2018.2 (Build 2258646 on Thu Jun 14 20:25:20 MDT 2018)
* Project:        seedfill
* Solution:       solution1
* Product family: virtex7
* Target device:  xc7vx690tffg1761-3


================================================================
== Performance Estimates
================================================================
+ Timing (ns): 
    * Summary: 
    +--------+-------+----------+------------+
    |  Clock | Target| Estimated| Uncertainty|
    +--------+-------+----------+------------+
    |ap_clk  |  10.00|     4.520|        1.25|
    +--------+-------+----------+------------+

+ Latency (clock cycles): 
    * Summary: 
    +-----+--------+-----+--------+---------+
    |    Latency   |   Interval   | Pipeline|
    | min |   max  | min |   max  |   Type  |
    +-----+--------+-----+--------+---------+
    |    1|  251501|    1|  251501|   none  |
    +-----+--------+-----+--------+---------+

    + Detail: 
        * Instance: 
        N/A

        * Loop: 
        +-------------+-----+--------+----------+-----------+-----------+---------+----------+
        |             |    Latency   | Iteration|  Initiation Interval  |   Trip  |          |
        |  Loop Name  | min |   max  |  Latency |  achieved |   target  |  Count  | Pipelined|
        +-------------+-----+--------+----------+-----------+-----------+---------+----------+
        |- Loop 1     |    0|  251500|  3 ~ 503 |          -|          -| 0 ~ 500 |    no    |
        | + Loop 1.1  |    0|     500|         2|          1|          1| 0 ~ 500 |    yes   |
        +-------------+-----+--------+----------+-----------+-----------+---------+----------+



================================================================
== Utilization Estimates
================================================================
* Summary: 
+-----------------+---------+-------+--------+--------+
|       Name      | BRAM_18K| DSP48E|   FF   |   LUT  |
+-----------------+---------+-------+--------+--------+
|DSP              |        -|      -|       -|       -|
|Expression       |        -|      -|       0|     195|
|FIFO             |        -|      -|       -|       -|
|Instance         |        -|      -|       -|       -|
|Memory           |        -|      -|       -|       -|
|Multiplexer      |        -|      -|       -|     123|
|Register         |        -|      -|     283|       -|
+-----------------+---------+-------+--------+--------+
|Total            |        0|      0|     283|     318|
+-----------------+---------+-------+--------+--------+
|Available        |     2940|   3600|  866400|  433200|
+-----------------+---------+-------+--------+--------+
|Utilization (%)  |        0|      0|   ~0   |   ~0   |
+-----------------+---------+-------+--------+--------+

+ Detail: 
    * Instance: 
    N/A

    * DSP48: 
    N/A

    * Memory: 
    N/A

    * FIFO: 
    N/A

    * Expression: 
    +----------------------------------+----------+-------+---+----+------------+------------+
    |           Variable Name          | Operation| DSP48E| FF| LUT| Bitwidth P0| Bitwidth P1|
    +----------------------------------+----------+-------+---+----+------------+------------+
    |i_fu_158_p2                       |     +    |      0|  0|  38|           1|          31|
    |j_fu_173_p2                       |     +    |      0|  0|  38|          31|           1|
    |next_mul_fu_143_p2                |     +    |      0|  0|  47|           9|          40|
    |tmp_8_fu_183_p2                   |     +    |      0|  0|  26|          19|          19|
    |ap_block_pp0_stage0_11001         |    and   |      0|  0|   2|           1|           1|
    |ap_block_state4_pp0_stage0_iter1  |    and   |      0|  0|   2|           1|           1|
    |tmp_32_i_fu_168_p2                |   icmp   |      0|  0|  18|          32|          32|
    |tmp_i_fu_153_p2                   |   icmp   |      0|  0|  18|          32|          32|
    |ap_block_state1                   |    or    |      0|  0|   2|           1|           1|
    |ap_enable_pp0                     |    xor   |      0|  0|   2|           1|           2|
    |ap_enable_reg_pp0_iter1           |    xor   |      0|  0|   2|           2|           1|
    +----------------------------------+----------+-------+---+----+------------+------------+
    |Total                             |          |      0|  0| 195|         130|         161|
    +----------------------------------+----------+-------+---+----+------------+------------+

    * Multiplexer: 
    +-------------------------+----+-----------+-----+-----------+
    |           Name          | LUT| Input Size| Bits| Total Bits|
    +-------------------------+----+-----------+-----+-----------+
    |ap_NS_fsm                |  27|          5|    1|          5|
    |ap_done                  |   9|          2|    1|          2|
    |ap_enable_reg_pp0_iter1  |  15|          3|    1|          3|
    |arr_cols_blk_n           |   9|          2|    1|          2|
    |arr_rows_blk_n           |   9|          2|    1|          2|
    |i_i_reg_106              |   9|          2|   31|         62|
    |j_i_reg_128              |   9|          2|   31|         62|
    |mat_cols_V_blk_n         |   9|          2|    1|          2|
    |mat_data_stream_V_blk_n  |   9|          2|    1|          2|
    |mat_rows_V_blk_n         |   9|          2|    1|          2|
    |phi_mul_reg_117          |   9|          2|   40|         80|
    +-------------------------+----+-----------+-----+-----------+
    |Total                    | 123|         26|  110|        224|
    +-------------------------+----+-----------+-----+-----------+

    * Register: 
    +-------------------------+----+----+-----+-----------+
    |           Name          | FF | LUT| Bits| Const Bits|
    +-------------------------+----+----+-----+-----------+
    |ap_CS_fsm                |   4|   0|    4|          0|
    |ap_done_reg              |   1|   0|    1|          0|
    |ap_enable_reg_pp0_iter0  |   1|   0|    1|          0|
    |ap_enable_reg_pp0_iter1  |   1|   0|    1|          0|
    |cols_reg_197             |  32|   0|   32|          0|
    |i_i_reg_106              |  31|   0|   31|          0|
    |i_reg_216                |  31|   0|   31|          0|
    |j_i_reg_128              |  31|   0|   31|          0|
    |next_mul_reg_207         |  40|   0|   40|          0|
    |phi_mul_reg_117          |  40|   0|   40|          0|
    |rows_reg_192             |  32|   0|   32|          0|
    |tmp_32_i_reg_221         |   1|   0|    1|          0|
    |tmp_8_reg_230            |  19|   0|   19|          0|
    |tmp_reg_202              |  19|   0|   19|          0|
    +-------------------------+----+----+-----+-----------+
    |Total                    | 283|   0|  283|          0|
    +-------------------------+----+----+-----+-----------+



================================================================
== Interface
================================================================
* Summary: 
+---------------------------+-----+-----+------------+-------------------+--------------+
|         RTL Ports         | Dir | Bits|  Protocol  |   Source Object   |    C Type    |
+---------------------------+-----+-----+------------+-------------------+--------------+
|ap_clk                     |  in |    1| ap_ctrl_hs |    Mat2Array2D    | return value |
|ap_rst                     |  in |    1| ap_ctrl_hs |    Mat2Array2D    | return value |
|ap_start                   |  in |    1| ap_ctrl_hs |    Mat2Array2D    | return value |
|ap_done                    | out |    1| ap_ctrl_hs |    Mat2Array2D    | return value |
|ap_continue                |  in |    1| ap_ctrl_hs |    Mat2Array2D    | return value |
|ap_idle                    | out |    1| ap_ctrl_hs |    Mat2Array2D    | return value |
|ap_ready                   | out |    1| ap_ctrl_hs |    Mat2Array2D    | return value |
|mat_rows_V_dout            |  in |   32|   ap_fifo  |     mat_rows_V    |    pointer   |
|mat_rows_V_empty_n         |  in |    1|   ap_fifo  |     mat_rows_V    |    pointer   |
|mat_rows_V_read            | out |    1|   ap_fifo  |     mat_rows_V    |    pointer   |
|mat_cols_V_dout            |  in |   32|   ap_fifo  |     mat_cols_V    |    pointer   |
|mat_cols_V_empty_n         |  in |    1|   ap_fifo  |     mat_cols_V    |    pointer   |
|mat_cols_V_read            | out |    1|   ap_fifo  |     mat_cols_V    |    pointer   |
|mat_data_stream_V_dout     |  in |    8|   ap_fifo  | mat_data_stream_V |    pointer   |
|mat_data_stream_V_empty_n  |  in |    1|   ap_fifo  | mat_data_stream_V |    pointer   |
|mat_data_stream_V_read     | out |    1|   ap_fifo  | mat_data_stream_V |    pointer   |
|arr_val_address0           | out |   18|  ap_memory |      arr_val      |     array    |
|arr_val_ce0                | out |    1|  ap_memory |      arr_val      |     array    |
|arr_val_we0                | out |    1|  ap_memory |      arr_val      |     array    |
|arr_val_d0                 | out |    8|  ap_memory |      arr_val      |     array    |
|arr_rows_din               | out |   32|   ap_fifo  |      arr_rows     |    pointer   |
|arr_rows_full_n            |  in |    1|   ap_fifo  |      arr_rows     |    pointer   |
|arr_rows_write             | out |    1|   ap_fifo  |      arr_rows     |    pointer   |
|arr_cols_din               | out |   32|   ap_fifo  |      arr_cols     |    pointer   |
|arr_cols_full_n            |  in |    1|   ap_fifo  |      arr_cols     |    pointer   |
|arr_cols_write             | out |    1|   ap_fifo  |      arr_cols     |    pointer   |
+---------------------------+-----+-----+------------+-------------------+--------------+

