

================================================================
== Vivado HLS Report for 'Mat2Array2D'
================================================================
* Date:           Tue Dec  4 20:19:55 2018

* Version:        2018.2 (Build 2258646 on Thu Jun 14 20:25:20 MDT 2018)
* Project:        Haar
* Solution:       solution1
* Product family: virtex7
* Target device:  xc7vx690tffg1761-3


================================================================
== Performance Estimates
================================================================
+ Timing (ns): 
    * Summary: 
    +--------+-------+----------+------------+
    |  Clock | Target| Estimated| Uncertainty|
    +--------+-------+----------+------------+
    |ap_clk  |  10.00|     4.520|        1.25|
    +--------+-------+----------+------------+

+ Latency (clock cycles): 
    * Summary: 
    +-----+--------+-----+--------+---------+
    |    Latency   |   Interval   | Pipeline|
    | min |   max  | min |   max  |   Type  |
    +-----+--------+-----+--------+---------+
    |    1|  131841|    1|  131841|   none  |
    +-----+--------+-----+--------+---------+

    + Detail: 
        * Instance: 
        N/A

        * Loop: 
        +-------------+-----+--------+----------+-----------+-----------+---------+----------+
        |             |    Latency   | Iteration|  Initiation Interval  |   Trip  |          |
        |  Loop Name  | min |   max  |  Latency |  achieved |   target  |  Count  | Pipelined|
        +-------------+-----+--------+----------+-----------+-----------+---------+----------+
        |- Loop 1     |    0|  131840|  3 ~ 515 |          -|          -| 0 ~ 256 |    no    |
        | + Loop 1.1  |    0|     512|         2|          1|          1| 0 ~ 512 |    yes   |
        +-------------+-----+--------+----------+-----------+-----------+---------+----------+

============================================================
+ Verbose Summary: Synthesis Manager
============================================================
InlineROM: 1
ExposeGlobal: 0
============================================================
+ Verbose Summary: CDFG Model
============================================================
IsTopModel: 0
ResetActiveHigh: 1
IsCombinational: 2
IsDatapathOnly: 0
HasWiredReturn: 1
HasMFsm: 0
HasVarLatency: 1
IsPipeline: 0
IsRtlPipelined: 0
IsInstanceOverlapped: 0
IsDontTouch: 0
HasImplIP: 0
IsGatedGlobalClock: 0

+ Individual pipeline summary: 
  * Pipeline-0: initiation interval (II) = 1, depth = 2


============================================================
+ Verbose Summary: Schedule
============================================================
* Number of FSM states : 5
* Pipeline : 1
  Pipeline-0 : II = 1, D = 2, States = { 3 4 }
* Dataflow Pipeline: 0

* FSM state transitions: 
1 --> 
	2  / true
2 --> 
	3  / (tmp_i)
3 --> 
	5  / (!tmp_200_i)
	4  / (tmp_200_i)
4 --> 
	3  / true
5 --> 
	2  / true

* FSM state operations: 

State 1 <SV = 0> <Delay = 4.52>
ST_1 : Operation 6 [1/1] (0.00ns)   --->   "call void (...)* @_ssdm_op_SpecInterface(i8* %mat_data_stream_V, [8 x i8]* @ap_fifo_str, i32 0, i32 0, [1 x i8]* @p_str, i32 0, i32 0, [1 x i8]* @p_str, [1 x i8]* @p_str, [1 x i8]* @p_str, i32 2, i32 2, i32 16, i32 16, [1 x i8]* @p_str, [1 x i8]* @p_str)"   --->   Operation 6 'specinterface' <Predicate = true> <Delay = 0.00>
ST_1 : Operation 7 [1/1] (0.00ns)   --->   "call void (...)* @_ssdm_op_SpecInterface(i32* %arr_cols, [8 x i8]* @ap_fifo_str, i32 0, i32 0, [1 x i8]* @p_str, i32 0, i32 0, [1 x i8]* @p_str, [1 x i8]* @p_str, [1 x i8]* @p_str, i32 2, i32 2, i32 16, i32 16, [1 x i8]* @p_str, [1 x i8]* @p_str)"   --->   Operation 7 'specinterface' <Predicate = true> <Delay = 0.00>
ST_1 : Operation 8 [1/1] (0.00ns)   --->   "call void (...)* @_ssdm_op_SpecInterface(i32* %arr_rows, [8 x i8]* @ap_fifo_str, i32 0, i32 0, [1 x i8]* @p_str, i32 0, i32 0, [1 x i8]* @p_str, [1 x i8]* @p_str, [1 x i8]* @p_str, i32 2, i32 2, i32 16, i32 16, [1 x i8]* @p_str, [1 x i8]* @p_str)"   --->   Operation 8 'specinterface' <Predicate = true> <Delay = 0.00>
ST_1 : Operation 9 [1/1] (0.00ns)   --->   "call void (...)* @_ssdm_op_SpecInterface(i32* %mat_rows_V, [8 x i8]* @ap_fifo_str, i32 0, i32 0, [1 x i8]* @p_str, i32 0, i32 0, [1 x i8]* @p_str, [1 x i8]* @p_str, [1 x i8]* @p_str, i32 2, i32 2, i32 16, i32 16, [1 x i8]* @p_str, [1 x i8]* @p_str)"   --->   Operation 9 'specinterface' <Predicate = true> <Delay = 0.00>
ST_1 : Operation 10 [1/1] (0.00ns)   --->   "call void (...)* @_ssdm_op_SpecInterface(i32* %mat_cols_V, [8 x i8]* @ap_fifo_str, i32 0, i32 0, [1 x i8]* @p_str, i32 0, i32 0, [1 x i8]* @p_str, [1 x i8]* @p_str, [1 x i8]* @p_str, i32 2, i32 2, i32 16, i32 16, [1 x i8]* @p_str, [1 x i8]* @p_str)"   --->   Operation 10 'specinterface' <Predicate = true> <Delay = 0.00>
ST_1 : Operation 11 [1/1] (2.26ns)   --->   "%rows = call i32 @_ssdm_op_Read.ap_fifo.i32P(i32* %mat_rows_V)" [./type.h:286]   --->   Operation 11 'read' 'rows' <Predicate = true> <Delay = 2.26> <Core = "FIFO">   --->   Core 32 'FIFO' <Latency = 0> <II = 1> <Delay = 2.26> <Storage> <Opcode : 'read' 'write' 'nbread' 'nbwrite'> <Ports = 0> <Width = 32> <Depth = 2> <FIFO>
ST_1 : Operation 12 [1/1] (2.26ns)   --->   "%cols = call i32 @_ssdm_op_Read.ap_fifo.i32P(i32* %mat_cols_V)" [./type.h:287]   --->   Operation 12 'read' 'cols' <Predicate = true> <Delay = 2.26> <Core = "FIFO">   --->   Core 32 'FIFO' <Latency = 0> <II = 1> <Delay = 2.26> <Storage> <Opcode : 'read' 'write' 'nbread' 'nbwrite'> <Ports = 0> <Width = 32> <Depth = 2> <FIFO>
ST_1 : Operation 13 [1/1] (2.26ns)   --->   "call void @_ssdm_op_Write.ap_fifo.i32P(i32* %arr_rows, i32 %rows)" [./type.h:290]   --->   Operation 13 'write' <Predicate = true> <Delay = 2.26> <Core = "FIFO">   --->   Core 32 'FIFO' <Latency = 0> <II = 1> <Delay = 2.26> <Storage> <Opcode : 'read' 'write' 'nbread' 'nbwrite'> <Ports = 0> <Width = 32> <Depth = 2> <FIFO>
ST_1 : Operation 14 [1/1] (2.26ns)   --->   "call void @_ssdm_op_Write.ap_fifo.i32P(i32* %arr_cols, i32 %cols)" [./type.h:291]   --->   Operation 14 'write' <Predicate = true> <Delay = 2.26> <Core = "FIFO">   --->   Core 32 'FIFO' <Latency = 0> <II = 1> <Delay = 2.26> <Storage> <Opcode : 'read' 'write' 'nbread' 'nbwrite'> <Ports = 0> <Width = 32> <Depth = 2> <FIFO>
ST_1 : Operation 15 [1/1] (0.97ns)   --->   "br label %.loopexit" [./type.h:293]   --->   Operation 15 'br' <Predicate = true> <Delay = 0.97>

State 2 <SV = 1> <Delay = 1.77>
ST_2 : Operation 16 [1/1] (0.00ns)   --->   "%i_i = phi i31 [ 0, %entry ], [ %i, %.loopexit.loopexit ]"   --->   Operation 16 'phi' 'i_i' <Predicate = true> <Delay = 0.00>
ST_2 : Operation 17 [1/1] (0.00ns)   --->   "%i_cast_i = zext i31 %i_i to i32" [./type.h:293]   --->   Operation 17 'zext' 'i_cast_i' <Predicate = true> <Delay = 0.00>
ST_2 : Operation 18 [1/1] (1.31ns)   --->   "%tmp_i = icmp slt i32 %i_cast_i, %rows" [./type.h:293]   --->   Operation 18 'icmp' 'tmp_i' <Predicate = true> <Delay = 1.31> <Core = "Cmp">   --->   Core 25 'Cmp' <Latency = 0> <II = 1> <Delay = 1.31> <FuncUnit> <Opcode : 'icmp'> <InPorts = 2> <OutPorts = 1>
ST_2 : Operation 19 [1/1] (0.00ns)   --->   "call void (...)* @_ssdm_op_SpecLoopTripCount(i64 0, i64 256, i64 0)"   --->   Operation 19 'speclooptripcount' <Predicate = true> <Delay = 0.00>
ST_2 : Operation 20 [1/1] (1.55ns)   --->   "%i = add i31 %i_i, 1" [./type.h:293]   --->   Operation 20 'add' 'i' <Predicate = true> <Delay = 1.55> <Core = "AddSub">   --->   Core 14 'AddSub' <Latency = 0> <II = 1> <Delay = 1.30> <FuncUnit> <Opcode : 'add' 'sub'> <InPorts = 2> <OutPorts = 1>
ST_2 : Operation 21 [1/1] (0.00ns)   --->   "br i1 %tmp_i, label %.preheader.preheader.i, label %.exit" [./type.h:293]   --->   Operation 21 'br' <Predicate = true> <Delay = 0.00>
ST_2 : Operation 22 [1/1] (0.00ns)   --->   "%tmp = trunc i31 %i_i to i10" [./type.h:293]   --->   Operation 22 'trunc' 'tmp' <Predicate = (tmp_i)> <Delay = 0.00>
ST_2 : Operation 23 [1/1] (0.00ns)   --->   "%tmp_50_cast = call i19 @_ssdm_op_BitConcatenate.i19.i10.i9(i10 %tmp, i9 0)" [./type.h:294]   --->   Operation 23 'bitconcatenate' 'tmp_50_cast' <Predicate = (tmp_i)> <Delay = 0.00>
ST_2 : Operation 24 [1/1] (0.97ns)   --->   "br label %.preheader.i" [./type.h:294]   --->   Operation 24 'br' <Predicate = (tmp_i)> <Delay = 0.97>
ST_2 : Operation 25 [1/1] (0.00ns)   --->   "ret void"   --->   Operation 25 'ret' <Predicate = (!tmp_i)> <Delay = 0.00>

State 3 <SV = 2> <Delay = 1.77>
ST_3 : Operation 26 [1/1] (0.00ns)   --->   "%j_i = phi i31 [ %j, %0 ], [ 0, %.preheader.preheader.i ]"   --->   Operation 26 'phi' 'j_i' <Predicate = true> <Delay = 0.00>
ST_3 : Operation 27 [1/1] (0.00ns)   --->   "%j_cast_i = zext i31 %j_i to i32" [./type.h:294]   --->   Operation 27 'zext' 'j_cast_i' <Predicate = true> <Delay = 0.00>
ST_3 : Operation 28 [1/1] (1.31ns)   --->   "%tmp_200_i = icmp slt i32 %j_cast_i, %cols" [./type.h:294]   --->   Operation 28 'icmp' 'tmp_200_i' <Predicate = true> <Delay = 1.31> <Core = "Cmp">   --->   Core 25 'Cmp' <Latency = 0> <II = 1> <Delay = 1.31> <FuncUnit> <Opcode : 'icmp'> <InPorts = 2> <OutPorts = 1>
ST_3 : Operation 29 [1/1] (0.00ns)   --->   "call void (...)* @_ssdm_op_SpecLoopTripCount(i64 0, i64 512, i64 0)"   --->   Operation 29 'speclooptripcount' <Predicate = true> <Delay = 0.00>
ST_3 : Operation 30 [1/1] (1.55ns)   --->   "%j = add i31 %j_i, 1" [./type.h:294]   --->   Operation 30 'add' 'j' <Predicate = true> <Delay = 1.55> <Core = "AddSub">   --->   Core 14 'AddSub' <Latency = 0> <II = 1> <Delay = 1.30> <FuncUnit> <Opcode : 'add' 'sub'> <InPorts = 2> <OutPorts = 1>
ST_3 : Operation 31 [1/1] (0.00ns)   --->   "br i1 %tmp_200_i, label %0, label %.loopexit.loopexit" [./type.h:294]   --->   Operation 31 'br' <Predicate = true> <Delay = 0.00>
ST_3 : Operation 32 [1/1] (0.00ns)   --->   "%tmp_136 = trunc i31 %j_i to i19" [./type.h:298]   --->   Operation 32 'trunc' 'tmp_136' <Predicate = (tmp_200_i)> <Delay = 0.00>
ST_3 : Operation 33 [1/1] (1.30ns)   --->   "%tmp_51 = add i19 %tmp_50_cast, %tmp_136" [./type.h:298]   --->   Operation 33 'add' 'tmp_51' <Predicate = (tmp_200_i)> <Delay = 1.30> <Core = "AddSub">   --->   Core 14 'AddSub' <Latency = 0> <II = 1> <Delay = 1.30> <FuncUnit> <Opcode : 'add' 'sub'> <InPorts = 2> <OutPorts = 1>

State 4 <SV = 3> <Delay = 4.25>
ST_4 : Operation 34 [1/1] (0.00ns)   --->   "%tmp_i_244 = call i32 (...)* @_ssdm_op_SpecRegionBegin([12 x i8]* @p_str52)" [./type.h:294]   --->   Operation 34 'specregionbegin' 'tmp_i_244' <Predicate = (tmp_200_i)> <Delay = 0.00>
ST_4 : Operation 35 [1/1] (0.00ns)   --->   "call void (...)* @_ssdm_op_SpecPipeline(i32 1, i32 1, i32 1, i32 0, [1 x i8]* @p_str4) nounwind" [./type.h:296]   --->   Operation 35 'specpipeline' <Predicate = (tmp_200_i)> <Delay = 0.00>
ST_4 : Operation 36 [1/1] (0.00ns)   --->   "%tmp_60_i = call i32 (...)* @_ssdm_op_SpecRegionBegin([12 x i8]* @p_str53)" [E:/Xilinx/Vivado/2018.2/common/technology/autopilot/hls/hls_video_core.h:617->E:/Xilinx/Vivado/2018.2/common/technology/autopilot/hls/hls_video_core.h:656->./type.h:297]   --->   Operation 36 'specregionbegin' 'tmp_60_i' <Predicate = (tmp_200_i)> <Delay = 0.00>
ST_4 : Operation 37 [1/1] (0.00ns)   --->   "call void (...)* @_ssdm_op_SpecProtocol(i32 0, [1 x i8]* @p_str4) nounwind" [E:/Xilinx/Vivado/2018.2/common/technology/autopilot/hls/hls_video_core.h:621->E:/Xilinx/Vivado/2018.2/common/technology/autopilot/hls/hls_video_core.h:656->./type.h:297]   --->   Operation 37 'specprotocol' <Predicate = (tmp_200_i)> <Delay = 0.00>
ST_4 : Operation 38 [1/1] (2.26ns)   --->   "%tmp_135 = call i8 @_ssdm_op_Read.ap_fifo.volatile.i8P(i8* %mat_data_stream_V)" [E:/Xilinx/Vivado/2018.2/common/technology/autopilot/hls/hls_video_core.h:624->E:/Xilinx/Vivado/2018.2/common/technology/autopilot/hls/hls_video_core.h:656->./type.h:297]   --->   Operation 38 'read' 'tmp_135' <Predicate = (tmp_200_i)> <Delay = 2.26> <Core = "FIFO">   --->   Core 32 'FIFO' <Latency = 0> <II = 1> <Delay = 2.26> <Storage> <Opcode : 'read' 'write' 'nbread' 'nbwrite'> <Ports = 0> <Width = 32> <Depth = 2> <FIFO>
ST_4 : Operation 39 [1/1] (0.00ns)   --->   "%empty = call i32 (...)* @_ssdm_op_SpecRegionEnd([12 x i8]* @p_str53, i32 %tmp_60_i)" [E:/Xilinx/Vivado/2018.2/common/technology/autopilot/hls/hls_video_core.h:626->E:/Xilinx/Vivado/2018.2/common/technology/autopilot/hls/hls_video_core.h:656->./type.h:297]   --->   Operation 39 'specregionend' 'empty' <Predicate = (tmp_200_i)> <Delay = 0.00>
ST_4 : Operation 40 [1/1] (0.00ns)   --->   "%tmp_51_cast = zext i19 %tmp_51 to i64" [./type.h:298]   --->   Operation 40 'zext' 'tmp_51_cast' <Predicate = (tmp_200_i)> <Delay = 0.00>
ST_4 : Operation 41 [1/1] (0.00ns)   --->   "%arr_val_addr = getelementptr [131072 x i8]* %arr_val, i64 0, i64 %tmp_51_cast" [./type.h:298]   --->   Operation 41 'getelementptr' 'arr_val_addr' <Predicate = (tmp_200_i)> <Delay = 0.00>
ST_4 : Operation 42 [1/1] (1.99ns)   --->   "store i8 %tmp_135, i8* %arr_val_addr, align 1" [./type.h:298]   --->   Operation 42 'store' <Predicate = (tmp_200_i)> <Delay = 1.99> <Core = "RAM">   --->   Core 37 'RAM' <Latency = 1> <II = 1> <Delay = 1.99> <Storage> <Opcode : 'load' 'store'> <Ports = 2> <Width = 8> <Depth = 131072> <RAM>
ST_4 : Operation 43 [1/1] (0.00ns)   --->   "%empty_245 = call i32 (...)* @_ssdm_op_SpecRegionEnd([12 x i8]* @p_str52, i32 %tmp_i_244)" [./type.h:299]   --->   Operation 43 'specregionend' 'empty_245' <Predicate = (tmp_200_i)> <Delay = 0.00>
ST_4 : Operation 44 [1/1] (0.00ns)   --->   "br label %.preheader.i" [./type.h:294]   --->   Operation 44 'br' <Predicate = (tmp_200_i)> <Delay = 0.00>

State 5 <SV = 3> <Delay = 0.00>
ST_5 : Operation 45 [1/1] (0.00ns)   --->   "br label %.loopexit"   --->   Operation 45 'br' <Predicate = true> <Delay = 0.00>


============================================================
+ Verbose Summary: Binding
============================================================
STG Binding: 
---------------- STG Properties BEGIN ----------------
- Is combinational: 0
- Is one-state seq: 0
- Is datapath-only: 0
- Is pipelined: 0
- Is top level: 0
Port [ Return ] is wired: 1; IO mode=ap_ctrl_hs:ce=0
Port [ mat_rows_V]:  wired=1; compound=1; hidden=0; nouse=0; global=0; static=0; extern=0; dir=0; type=3; pingpong=0; private_global=0; IO mode=ap_fifo:ce=0
Port [ mat_cols_V]:  wired=1; compound=1; hidden=0; nouse=0; global=0; static=0; extern=0; dir=0; type=3; pingpong=0; private_global=0; IO mode=ap_fifo:ce=0
Port [ mat_data_stream_V]:  wired=1; compound=1; hidden=0; nouse=0; global=0; static=0; extern=0; dir=0; type=3; pingpong=0; private_global=0; IO mode=ap_fifo:ce=0
Port [ arr_val]:  wired=1; compound=1; hidden=0; nouse=0; global=0; static=0; extern=0; dir=1; type=1; pingpong=1; private_global=0; MemPort=[03]; IO mode=ap_memory:ce=0
Port [ arr_rows]:  wired=1; compound=1; hidden=0; nouse=0; global=0; static=0; extern=0; dir=1; type=3; pingpong=0; private_global=0; IO mode=ap_fifo:ce=0
Port [ arr_cols]:  wired=1; compound=1; hidden=0; nouse=0; global=0; static=0; extern=0; dir=1; type=3; pingpong=0; private_global=0; IO mode=ap_fifo:ce=0
---------------- STG Properties END ------------------

---------------- Datapath Model BEGIN ----------------

<LifeTime>
<method=bitvector/>
StgValue_6   (specinterface    ) [ 000000]
StgValue_7   (specinterface    ) [ 000000]
StgValue_8   (specinterface    ) [ 000000]
StgValue_9   (specinterface    ) [ 000000]
StgValue_10  (specinterface    ) [ 000000]
rows         (read             ) [ 001111]
cols         (read             ) [ 001111]
StgValue_13  (write            ) [ 000000]
StgValue_14  (write            ) [ 000000]
StgValue_15  (br               ) [ 011111]
i_i          (phi              ) [ 001000]
i_cast_i     (zext             ) [ 000000]
tmp_i        (icmp             ) [ 001111]
StgValue_19  (speclooptripcount) [ 000000]
i            (add              ) [ 011111]
StgValue_21  (br               ) [ 000000]
tmp          (trunc            ) [ 000000]
tmp_50_cast  (bitconcatenate   ) [ 000110]
StgValue_24  (br               ) [ 001111]
StgValue_25  (ret              ) [ 000000]
j_i          (phi              ) [ 000100]
j_cast_i     (zext             ) [ 000000]
tmp_200_i    (icmp             ) [ 001111]
StgValue_29  (speclooptripcount) [ 000000]
j            (add              ) [ 001111]
StgValue_31  (br               ) [ 000000]
tmp_136      (trunc            ) [ 000000]
tmp_51       (add              ) [ 000110]
tmp_i_244    (specregionbegin  ) [ 000000]
StgValue_35  (specpipeline     ) [ 000000]
tmp_60_i     (specregionbegin  ) [ 000000]
StgValue_37  (specprotocol     ) [ 000000]
tmp_135      (read             ) [ 000000]
empty        (specregionend    ) [ 000000]
tmp_51_cast  (zext             ) [ 000000]
arr_val_addr (getelementptr    ) [ 000000]
StgValue_42  (store            ) [ 000000]
empty_245    (specregionend    ) [ 000000]
StgValue_44  (br               ) [ 001111]
StgValue_45  (br               ) [ 011111]
</LifeTime>

<model>

<comp_list>
<comp id="0" class="1000" name="mat_rows_V">
<pin_list>
<pin id="1" dir="1" index="0" bw="1" slack="0"/>
</pin_list>
<bind>
<StgValue><ssdm name="mat_rows_V"/></StgValue>
</bind>
</comp>

<comp id="2" class="1000" name="mat_cols_V">
<pin_list>
<pin id="3" dir="1" index="0" bw="1" slack="0"/>
</pin_list>
<bind>
<StgValue><ssdm name="mat_cols_V"/></StgValue>
</bind>
</comp>

<comp id="4" class="1000" name="mat_data_stream_V">
<pin_list>
<pin id="5" dir="1" index="0" bw="1" slack="0"/>
</pin_list>
<bind>
<StgValue><ssdm name="mat_data_stream_V"/></StgValue>
</bind>
</comp>

<comp id="6" class="1000" name="arr_val">
<pin_list>
<pin id="7" dir="1" index="0" bw="1" slack="0"/>
</pin_list>
<bind>
<StgValue><ssdm name="arr_val"/><MemPortTyVec>0 3 </MemPortTyVec>
</StgValue>
</bind>
</comp>

<comp id="8" class="1000" name="arr_rows">
<pin_list>
<pin id="9" dir="1" index="0" bw="1" slack="0"/>
</pin_list>
<bind>
<StgValue><ssdm name="arr_rows"/></StgValue>
</bind>
</comp>

<comp id="10" class="1000" name="arr_cols">
<pin_list>
<pin id="11" dir="1" index="0" bw="1" slack="0"/>
</pin_list>
<bind>
<StgValue><ssdm name="arr_cols"/></StgValue>
</bind>
</comp>

<comp id="12" class="1001" name="const_12">
<pin_list>
<pin id="13" dir="1" index="0" bw="1" slack="2147483647"/>
</pin_list>
<bind>
<StgValue><ssdm name="_ssdm_op_SpecInterface"/></StgValue>
</bind>
</comp>

<comp id="14" class="1001" name="const_14">
<pin_list>
<pin id="15" dir="1" index="0" bw="1" slack="2147483647"/>
</pin_list>
<bind>
<StgValue><ssdm name="ap_fifo_str"/></StgValue>
</bind>
</comp>

<comp id="16" class="1001" name="const_16">
<pin_list>
<pin id="17" dir="1" index="0" bw="1" slack="2147483647"/>
</pin_list>
<bind>
<StgValue><ssdm name=""/></StgValue>
</bind>
</comp>

<comp id="18" class="1001" name="const_18">
<pin_list>
<pin id="19" dir="1" index="0" bw="1" slack="2147483647"/>
</pin_list>
<bind>
<StgValue><ssdm name="p_str"/></StgValue>
</bind>
</comp>

<comp id="20" class="1001" name="const_20">
<pin_list>
<pin id="21" dir="1" index="0" bw="1" slack="2147483647"/>
</pin_list>
<bind>
<StgValue><ssdm name=""/></StgValue>
</bind>
</comp>

<comp id="22" class="1001" name="const_22">
<pin_list>
<pin id="23" dir="1" index="0" bw="1" slack="2147483647"/>
</pin_list>
<bind>
<StgValue><ssdm name=""/></StgValue>
</bind>
</comp>

<comp id="24" class="1001" name="const_24">
<pin_list>
<pin id="25" dir="1" index="0" bw="1" slack="0"/>
</pin_list>
<bind>
<StgValue><ssdm name="_ssdm_op_Read.ap_fifo.i32P"/></StgValue>
</bind>
</comp>

<comp id="26" class="1001" name="const_26">
<pin_list>
<pin id="27" dir="1" index="0" bw="1" slack="0"/>
</pin_list>
<bind>
<StgValue><ssdm name="_ssdm_op_Write.ap_fifo.i32P"/></StgValue>
</bind>
</comp>

<comp id="28" class="1001" name="const_28">
<pin_list>
<pin id="29" dir="1" index="0" bw="1" slack="1"/>
</pin_list>
<bind>
<StgValue><ssdm name=""/></StgValue>
</bind>
</comp>

<comp id="30" class="1001" name="const_30">
<pin_list>
<pin id="31" dir="1" index="0" bw="1" slack="2147483647"/>
</pin_list>
<bind>
<StgValue><ssdm name="_ssdm_op_SpecLoopTripCount"/></StgValue>
</bind>
</comp>

<comp id="32" class="1001" name="const_32">
<pin_list>
<pin id="33" dir="1" index="0" bw="1" slack="0"/>
</pin_list>
<bind>
<StgValue><ssdm name=""/></StgValue>
</bind>
</comp>

<comp id="34" class="1001" name="const_34">
<pin_list>
<pin id="35" dir="1" index="0" bw="1" slack="2147483647"/>
</pin_list>
<bind>
<StgValue><ssdm name=""/></StgValue>
</bind>
</comp>

<comp id="36" class="1001" name="const_36">
<pin_list>
<pin id="37" dir="1" index="0" bw="1" slack="0"/>
</pin_list>
<bind>
<StgValue><ssdm name=""/></StgValue>
</bind>
</comp>

<comp id="38" class="1001" name="const_38">
<pin_list>
<pin id="39" dir="1" index="0" bw="1" slack="0"/>
</pin_list>
<bind>
<StgValue><ssdm name="_ssdm_op_BitConcatenate.i19.i10.i9"/></StgValue>
</bind>
</comp>

<comp id="40" class="1001" name="const_40">
<pin_list>
<pin id="41" dir="1" index="0" bw="1" slack="0"/>
</pin_list>
<bind>
<StgValue><ssdm name=""/></StgValue>
</bind>
</comp>

<comp id="42" class="1001" name="const_42">
<pin_list>
<pin id="43" dir="1" index="0" bw="1" slack="2147483647"/>
</pin_list>
<bind>
<StgValue><ssdm name=""/></StgValue>
</bind>
</comp>

<comp id="44" class="1001" name="const_44">
<pin_list>
<pin id="45" dir="1" index="0" bw="1" slack="2147483647"/>
</pin_list>
<bind>
<StgValue><ssdm name="_ssdm_op_SpecRegionBegin"/></StgValue>
</bind>
</comp>

<comp id="46" class="1001" name="const_46">
<pin_list>
<pin id="47" dir="1" index="0" bw="1" slack="2147483647"/>
</pin_list>
<bind>
<StgValue><ssdm name="p_str52"/></StgValue>
</bind>
</comp>

<comp id="48" class="1001" name="const_48">
<pin_list>
<pin id="49" dir="1" index="0" bw="1" slack="2147483647"/>
</pin_list>
<bind>
<StgValue><ssdm name="_ssdm_op_SpecPipeline"/></StgValue>
</bind>
</comp>

<comp id="50" class="1001" name="const_50">
<pin_list>
<pin id="51" dir="1" index="0" bw="1" slack="2147483647"/>
</pin_list>
<bind>
<StgValue><ssdm name=""/></StgValue>
</bind>
</comp>

<comp id="52" class="1001" name="const_52">
<pin_list>
<pin id="53" dir="1" index="0" bw="1" slack="2147483647"/>
</pin_list>
<bind>
<StgValue><ssdm name="p_str4"/></StgValue>
</bind>
</comp>

<comp id="54" class="1001" name="const_54">
<pin_list>
<pin id="55" dir="1" index="0" bw="1" slack="2147483647"/>
</pin_list>
<bind>
<StgValue><ssdm name="p_str53"/></StgValue>
</bind>
</comp>

<comp id="56" class="1001" name="const_56">
<pin_list>
<pin id="57" dir="1" index="0" bw="1" slack="2147483647"/>
</pin_list>
<bind>
<StgValue><ssdm name="_ssdm_op_SpecProtocol"/></StgValue>
</bind>
</comp>

<comp id="58" class="1001" name="const_58">
<pin_list>
<pin id="59" dir="1" index="0" bw="1" slack="0"/>
</pin_list>
<bind>
<StgValue><ssdm name="_ssdm_op_Read.ap_fifo.volatile.i8P"/></StgValue>
</bind>
</comp>

<comp id="60" class="1001" name="const_60">
<pin_list>
<pin id="61" dir="1" index="0" bw="1" slack="2147483647"/>
</pin_list>
<bind>
<StgValue><ssdm name="_ssdm_op_SpecRegionEnd"/></StgValue>
</bind>
</comp>

<comp id="62" class="1004" name="rows_read_fu_62">
<pin_list>
<pin id="63" dir="0" index="0" bw="32" slack="0"/>
<pin id="64" dir="0" index="1" bw="32" slack="0"/>
<pin id="65" dir="1" index="2" bw="32" slack="0"/>
</pin_list>
<bind>
<opcode="read(1150) " fcode="read"/>
<opset="rows/1 "/>
</bind>
</comp>

<comp id="68" class="1004" name="cols_read_fu_68">
<pin_list>
<pin id="69" dir="0" index="0" bw="32" slack="0"/>
<pin id="70" dir="0" index="1" bw="32" slack="0"/>
<pin id="71" dir="1" index="2" bw="32" slack="0"/>
</pin_list>
<bind>
<opcode="read(1150) " fcode="read"/>
<opset="cols/1 "/>
</bind>
</comp>

<comp id="74" class="1004" name="StgValue_13_write_fu_74">
<pin_list>
<pin id="75" dir="0" index="0" bw="0" slack="0"/>
<pin id="76" dir="0" index="1" bw="32" slack="0"/>
<pin id="77" dir="0" index="2" bw="32" slack="0"/>
<pin id="78" dir="1" index="3" bw="0" slack="2147483647"/>
</pin_list>
<bind>
<opcode="write(1151) " fcode="write"/>
<opset="StgValue_13/1 "/>
</bind>
</comp>

<comp id="82" class="1004" name="StgValue_14_write_fu_82">
<pin_list>
<pin id="83" dir="0" index="0" bw="0" slack="0"/>
<pin id="84" dir="0" index="1" bw="32" slack="0"/>
<pin id="85" dir="0" index="2" bw="32" slack="0"/>
<pin id="86" dir="1" index="3" bw="0" slack="2147483647"/>
</pin_list>
<bind>
<opcode="write(1151) " fcode="write"/>
<opset="StgValue_14/1 "/>
</bind>
</comp>

<comp id="90" class="1004" name="tmp_135_read_fu_90">
<pin_list>
<pin id="91" dir="0" index="0" bw="8" slack="0"/>
<pin id="92" dir="0" index="1" bw="8" slack="0"/>
<pin id="93" dir="1" index="2" bw="8" slack="0"/>
</pin_list>
<bind>
<opcode="read(1150) " fcode="read"/>
<opset="tmp_135/4 "/>
</bind>
</comp>

<comp id="96" class="1004" name="arr_val_addr_gep_fu_96">
<pin_list>
<pin id="97" dir="0" index="0" bw="8" slack="0"/>
<pin id="98" dir="0" index="1" bw="1" slack="0"/>
<pin id="99" dir="0" index="2" bw="19" slack="0"/>
<pin id="100" dir="1" index="3" bw="17" slack="0"/>
</pin_list>
<bind>
<opcode="getelementptr(29) " fcode="getelementptr"/>
<opset="arr_val_addr/4 "/>
</bind>
</comp>

<comp id="103" class="1004" name="StgValue_42_access_fu_103">
<pin_list>
<pin id="104" dir="0" index="0" bw="17" slack="0"/>
<pin id="105" dir="0" index="1" bw="8" slack="0"/>
<pin id="106" dir="0" index="2" bw="0" slack="2147483647"/>
<pin id="107" dir="1" index="3" bw="8" slack="2147483647"/>
</pin_list>
<bind>
<opcode="store(28) " fcode="store"/>
<opset="StgValue_42/4 "/>
</bind>
</comp>

<comp id="110" class="1005" name="i_i_reg_110">
<pin_list>
<pin id="111" dir="0" index="0" bw="31" slack="1"/>
<pin id="112" dir="1" index="1" bw="31" slack="1"/>
</pin_list>
<bind>
<opset="i_i (phireg) "/>
</bind>
</comp>

<comp id="114" class="1004" name="i_i_phi_fu_114">
<pin_list>
<pin id="115" dir="0" index="0" bw="1" slack="1"/>
<pin id="116" dir="0" index="1" bw="0" slack="2147483647"/>
<pin id="117" dir="0" index="2" bw="31" slack="0"/>
<pin id="118" dir="0" index="3" bw="0" slack="2147483647"/>
<pin id="119" dir="1" index="4" bw="31" slack="0"/>
</pin_list>
<bind>
<opcode="phi(47) " fcode="phi"/>
<opset="i_i/2 "/>
</bind>
</comp>

<comp id="121" class="1005" name="j_i_reg_121">
<pin_list>
<pin id="122" dir="0" index="0" bw="31" slack="1"/>
<pin id="123" dir="1" index="1" bw="31" slack="1"/>
</pin_list>
<bind>
<opset="j_i (phireg) "/>
</bind>
</comp>

<comp id="125" class="1004" name="j_i_phi_fu_125">
<pin_list>
<pin id="126" dir="0" index="0" bw="31" slack="0"/>
<pin id="127" dir="0" index="1" bw="0" slack="2147483647"/>
<pin id="128" dir="0" index="2" bw="1" slack="1"/>
<pin id="129" dir="0" index="3" bw="0" slack="2147483647"/>
<pin id="130" dir="1" index="4" bw="31" slack="0"/>
</pin_list>
<bind>
<opcode="phi(47) " fcode="phi"/>
<opset="j_i/3 "/>
</bind>
</comp>

<comp id="132" class="1004" name="i_cast_i_fu_132">
<pin_list>
<pin id="133" dir="0" index="0" bw="31" slack="0"/>
<pin id="134" dir="1" index="1" bw="32" slack="0"/>
</pin_list>
<bind>
<opcode="zext(34) " fcode="zext"/>
<opset="i_cast_i/2 "/>
</bind>
</comp>

<comp id="136" class="1004" name="tmp_i_fu_136">
<pin_list>
<pin id="137" dir="0" index="0" bw="31" slack="0"/>
<pin id="138" dir="0" index="1" bw="32" slack="1"/>
<pin id="139" dir="1" index="2" bw="1" slack="1"/>
</pin_list>
<bind>
<opcode="icmp(45) " fcode="icmp"/>
<opset="tmp_i/2 "/>
</bind>
</comp>

<comp id="141" class="1004" name="i_fu_141">
<pin_list>
<pin id="142" dir="0" index="0" bw="31" slack="0"/>
<pin id="143" dir="0" index="1" bw="1" slack="0"/>
<pin id="144" dir="1" index="2" bw="31" slack="0"/>
</pin_list>
<bind>
<opcode="add(8) " fcode="add"/>
<opset="i/2 "/>
</bind>
</comp>

<comp id="147" class="1004" name="tmp_fu_147">
<pin_list>
<pin id="148" dir="0" index="0" bw="31" slack="0"/>
<pin id="149" dir="1" index="1" bw="10" slack="0"/>
</pin_list>
<bind>
<opcode="trunc(33) " fcode="trunc"/>
<opset="tmp/2 "/>
</bind>
</comp>

<comp id="151" class="1004" name="tmp_50_cast_fu_151">
<pin_list>
<pin id="152" dir="0" index="0" bw="19" slack="0"/>
<pin id="153" dir="0" index="1" bw="10" slack="0"/>
<pin id="154" dir="0" index="2" bw="1" slack="0"/>
<pin id="155" dir="1" index="3" bw="19" slack="1"/>
</pin_list>
<bind>
<opcode="bitconcatenate(1004) " fcode="bitconcatenate"/>
<opset="tmp_50_cast/2 "/>
</bind>
</comp>

<comp id="159" class="1004" name="j_cast_i_fu_159">
<pin_list>
<pin id="160" dir="0" index="0" bw="31" slack="0"/>
<pin id="161" dir="1" index="1" bw="32" slack="0"/>
</pin_list>
<bind>
<opcode="zext(34) " fcode="zext"/>
<opset="j_cast_i/3 "/>
</bind>
</comp>

<comp id="163" class="1004" name="tmp_200_i_fu_163">
<pin_list>
<pin id="164" dir="0" index="0" bw="31" slack="0"/>
<pin id="165" dir="0" index="1" bw="32" slack="2"/>
<pin id="166" dir="1" index="2" bw="1" slack="1"/>
</pin_list>
<bind>
<opcode="icmp(45) " fcode="icmp"/>
<opset="tmp_200_i/3 "/>
</bind>
</comp>

<comp id="168" class="1004" name="j_fu_168">
<pin_list>
<pin id="169" dir="0" index="0" bw="31" slack="0"/>
<pin id="170" dir="0" index="1" bw="1" slack="0"/>
<pin id="171" dir="1" index="2" bw="31" slack="0"/>
</pin_list>
<bind>
<opcode="add(8) " fcode="add"/>
<opset="j/3 "/>
</bind>
</comp>

<comp id="174" class="1004" name="tmp_136_fu_174">
<pin_list>
<pin id="175" dir="0" index="0" bw="31" slack="0"/>
<pin id="176" dir="1" index="1" bw="19" slack="0"/>
</pin_list>
<bind>
<opcode="trunc(33) " fcode="trunc"/>
<opset="tmp_136/3 "/>
</bind>
</comp>

<comp id="178" class="1004" name="tmp_51_fu_178">
<pin_list>
<pin id="179" dir="0" index="0" bw="19" slack="1"/>
<pin id="180" dir="0" index="1" bw="19" slack="0"/>
<pin id="181" dir="1" index="2" bw="19" slack="1"/>
</pin_list>
<bind>
<opcode="add(8) " fcode="add"/>
<opset="tmp_51/3 "/>
</bind>
</comp>

<comp id="183" class="1004" name="tmp_51_cast_fu_183">
<pin_list>
<pin id="184" dir="0" index="0" bw="19" slack="1"/>
<pin id="185" dir="1" index="1" bw="64" slack="0"/>
</pin_list>
<bind>
<opcode="zext(34) " fcode="zext"/>
<opset="tmp_51_cast/4 "/>
</bind>
</comp>

<comp id="187" class="1005" name="rows_reg_187">
<pin_list>
<pin id="188" dir="0" index="0" bw="32" slack="1"/>
<pin id="189" dir="1" index="1" bw="32" slack="1"/>
</pin_list>
<bind>
<opset="rows "/>
</bind>
</comp>

<comp id="192" class="1005" name="cols_reg_192">
<pin_list>
<pin id="193" dir="0" index="0" bw="32" slack="2"/>
<pin id="194" dir="1" index="1" bw="32" slack="2"/>
</pin_list>
<bind>
<opset="cols "/>
</bind>
</comp>

<comp id="197" class="1005" name="tmp_i_reg_197">
<pin_list>
<pin id="198" dir="0" index="0" bw="1" slack="1"/>
<pin id="199" dir="1" index="1" bw="1" slack="2147483647"/>
</pin_list>
<bind>
<opset="tmp_i "/>
</bind>
</comp>

<comp id="201" class="1005" name="i_reg_201">
<pin_list>
<pin id="202" dir="0" index="0" bw="31" slack="0"/>
<pin id="203" dir="1" index="1" bw="31" slack="0"/>
</pin_list>
<bind>
<opset="i "/>
</bind>
</comp>

<comp id="206" class="1005" name="tmp_50_cast_reg_206">
<pin_list>
<pin id="207" dir="0" index="0" bw="19" slack="1"/>
<pin id="208" dir="1" index="1" bw="19" slack="1"/>
</pin_list>
<bind>
<opset="tmp_50_cast "/>
</bind>
</comp>

<comp id="211" class="1005" name="tmp_200_i_reg_211">
<pin_list>
<pin id="212" dir="0" index="0" bw="1" slack="1"/>
<pin id="213" dir="1" index="1" bw="1" slack="2147483647"/>
</pin_list>
<bind>
<opset="tmp_200_i "/>
</bind>
</comp>

<comp id="215" class="1005" name="j_reg_215">
<pin_list>
<pin id="216" dir="0" index="0" bw="31" slack="0"/>
<pin id="217" dir="1" index="1" bw="31" slack="0"/>
</pin_list>
<bind>
<opset="j "/>
</bind>
</comp>

<comp id="220" class="1005" name="tmp_51_reg_220">
<pin_list>
<pin id="221" dir="0" index="0" bw="19" slack="1"/>
<pin id="222" dir="1" index="1" bw="19" slack="1"/>
</pin_list>
<bind>
<opset="tmp_51 "/>
</bind>
</comp>

</comp_list>

<net_list>
<net id="66"><net_src comp="24" pin="0"/><net_sink comp="62" pin=0"/></net>

<net id="67"><net_src comp="0" pin="0"/><net_sink comp="62" pin=1"/></net>

<net id="72"><net_src comp="24" pin="0"/><net_sink comp="68" pin=0"/></net>

<net id="73"><net_src comp="2" pin="0"/><net_sink comp="68" pin=1"/></net>

<net id="79"><net_src comp="26" pin="0"/><net_sink comp="74" pin=0"/></net>

<net id="80"><net_src comp="8" pin="0"/><net_sink comp="74" pin=1"/></net>

<net id="81"><net_src comp="62" pin="2"/><net_sink comp="74" pin=2"/></net>

<net id="87"><net_src comp="26" pin="0"/><net_sink comp="82" pin=0"/></net>

<net id="88"><net_src comp="10" pin="0"/><net_sink comp="82" pin=1"/></net>

<net id="89"><net_src comp="68" pin="2"/><net_sink comp="82" pin=2"/></net>

<net id="94"><net_src comp="58" pin="0"/><net_sink comp="90" pin=0"/></net>

<net id="95"><net_src comp="4" pin="0"/><net_sink comp="90" pin=1"/></net>

<net id="101"><net_src comp="6" pin="0"/><net_sink comp="96" pin=0"/></net>

<net id="102"><net_src comp="32" pin="0"/><net_sink comp="96" pin=1"/></net>

<net id="108"><net_src comp="90" pin="2"/><net_sink comp="103" pin=1"/></net>

<net id="109"><net_src comp="96" pin="3"/><net_sink comp="103" pin=0"/></net>

<net id="113"><net_src comp="28" pin="0"/><net_sink comp="110" pin=0"/></net>

<net id="120"><net_src comp="110" pin="1"/><net_sink comp="114" pin=0"/></net>

<net id="124"><net_src comp="28" pin="0"/><net_sink comp="121" pin=0"/></net>

<net id="131"><net_src comp="121" pin="1"/><net_sink comp="125" pin=2"/></net>

<net id="135"><net_src comp="114" pin="4"/><net_sink comp="132" pin=0"/></net>

<net id="140"><net_src comp="132" pin="1"/><net_sink comp="136" pin=0"/></net>

<net id="145"><net_src comp="114" pin="4"/><net_sink comp="141" pin=0"/></net>

<net id="146"><net_src comp="36" pin="0"/><net_sink comp="141" pin=1"/></net>

<net id="150"><net_src comp="114" pin="4"/><net_sink comp="147" pin=0"/></net>

<net id="156"><net_src comp="38" pin="0"/><net_sink comp="151" pin=0"/></net>

<net id="157"><net_src comp="147" pin="1"/><net_sink comp="151" pin=1"/></net>

<net id="158"><net_src comp="40" pin="0"/><net_sink comp="151" pin=2"/></net>

<net id="162"><net_src comp="125" pin="4"/><net_sink comp="159" pin=0"/></net>

<net id="167"><net_src comp="159" pin="1"/><net_sink comp="163" pin=0"/></net>

<net id="172"><net_src comp="125" pin="4"/><net_sink comp="168" pin=0"/></net>

<net id="173"><net_src comp="36" pin="0"/><net_sink comp="168" pin=1"/></net>

<net id="177"><net_src comp="125" pin="4"/><net_sink comp="174" pin=0"/></net>

<net id="182"><net_src comp="174" pin="1"/><net_sink comp="178" pin=1"/></net>

<net id="186"><net_src comp="183" pin="1"/><net_sink comp="96" pin=2"/></net>

<net id="190"><net_src comp="62" pin="2"/><net_sink comp="187" pin=0"/></net>

<net id="191"><net_src comp="187" pin="1"/><net_sink comp="136" pin=1"/></net>

<net id="195"><net_src comp="68" pin="2"/><net_sink comp="192" pin=0"/></net>

<net id="196"><net_src comp="192" pin="1"/><net_sink comp="163" pin=1"/></net>

<net id="200"><net_src comp="136" pin="2"/><net_sink comp="197" pin=0"/></net>

<net id="204"><net_src comp="141" pin="2"/><net_sink comp="201" pin=0"/></net>

<net id="205"><net_src comp="201" pin="1"/><net_sink comp="114" pin=2"/></net>

<net id="209"><net_src comp="151" pin="3"/><net_sink comp="206" pin=0"/></net>

<net id="210"><net_src comp="206" pin="1"/><net_sink comp="178" pin=0"/></net>

<net id="214"><net_src comp="163" pin="2"/><net_sink comp="211" pin=0"/></net>

<net id="218"><net_src comp="168" pin="2"/><net_sink comp="215" pin=0"/></net>

<net id="219"><net_src comp="215" pin="1"/><net_sink comp="125" pin=0"/></net>

<net id="223"><net_src comp="178" pin="2"/><net_sink comp="220" pin=0"/></net>

<net id="224"><net_src comp="220" pin="1"/><net_sink comp="183" pin=0"/></net>

</net_list>

</model> 
---------------- Datapath Model END ------------------

* FSMD analyzer results:
  - Output states:
	Port: arr_val | {4 }
	Port: arr_rows | {1 }
	Port: arr_cols | {1 }
 - Input state : 
	Port: Mat2Array2D : mat_rows_V | {1 }
	Port: Mat2Array2D : mat_cols_V | {1 }
	Port: Mat2Array2D : mat_data_stream_V | {4 }
  - Chain level:
	State 1
	State 2
		i_cast_i : 1
		tmp_i : 2
		i : 1
		StgValue_21 : 3
		tmp : 1
		tmp_50_cast : 2
	State 3
		j_cast_i : 1
		tmp_200_i : 2
		j : 1
		StgValue_31 : 3
		tmp_136 : 1
		tmp_51 : 2
	State 4
		empty : 1
		arr_val_addr : 1
		StgValue_42 : 2
		empty_245 : 1
	State 5


============================================================
+ Verbose Summary: Datapath Resource usage 
============================================================

* Functional unit list:
|----------|-------------------------|---------|---------|
| Operation|     Functional Unit     |    FF   |   LUT   |
|----------|-------------------------|---------|---------|
|          |         i_fu_141        |    0    |    38   |
|    add   |         j_fu_168        |    0    |    38   |
|          |      tmp_51_fu_178      |    0    |    26   |
|----------|-------------------------|---------|---------|
|   icmp   |       tmp_i_fu_136      |    0    |    18   |
|          |     tmp_200_i_fu_163    |    0    |    18   |
|----------|-------------------------|---------|---------|
|          |     rows_read_fu_62     |    0    |    0    |
|   read   |     cols_read_fu_68     |    0    |    0    |
|          |    tmp_135_read_fu_90   |    0    |    0    |
|----------|-------------------------|---------|---------|
|   write  | StgValue_13_write_fu_74 |    0    |    0    |
|          | StgValue_14_write_fu_82 |    0    |    0    |
|----------|-------------------------|---------|---------|
|          |     i_cast_i_fu_132     |    0    |    0    |
|   zext   |     j_cast_i_fu_159     |    0    |    0    |
|          |    tmp_51_cast_fu_183   |    0    |    0    |
|----------|-------------------------|---------|---------|
|   trunc  |        tmp_fu_147       |    0    |    0    |
|          |      tmp_136_fu_174     |    0    |    0    |
|----------|-------------------------|---------|---------|
|bitconcatenate|    tmp_50_cast_fu_151   |    0    |    0    |
|----------|-------------------------|---------|---------|
|   Total  |                         |    0    |   138   |
|----------|-------------------------|---------|---------|

Memories:
N/A

* Register list:
+-------------------+--------+
|                   |   FF   |
+-------------------+--------+
|    cols_reg_192   |   32   |
|    i_i_reg_110    |   31   |
|     i_reg_201     |   31   |
|    j_i_reg_121    |   31   |
|     j_reg_215     |   31   |
|    rows_reg_187   |   32   |
| tmp_200_i_reg_211 |    1   |
|tmp_50_cast_reg_206|   19   |
|   tmp_51_reg_220  |   19   |
|   tmp_i_reg_197   |    1   |
+-------------------+--------+
|       Total       |   228  |
+-------------------+--------+

* Multiplexer (MUX) list: 
|--------|------|------|------|--------|
|  Comp  |  Pin | Size |  BW  | S x BW |
|--------|------|------|------|--------|
|  Total |      |      |      |    0   |
|--------|------|------|------|--------|



* Summary:
+-----------+--------+--------+
|           |   FF   |   LUT  |
+-----------+--------+--------+
|  Function |    0   |   138  |
|   Memory  |    -   |    -   |
|Multiplexer|    -   |    -   |
|  Register |   228  |    -   |
+-----------+--------+--------+
|   Total   |   228  |   138  |
+-----------+--------+--------+
