

================================================================
== Vivado HLS Report for 'Filter2D'
================================================================
* Date:           Tue Dec  4 19:08:53 2018

* Version:        2018.2 (Build 2258646 on Thu Jun 14 20:25:20 MDT 2018)
* Project:        Filter2D
* Solution:       solution1
* Product family: virtex7
* Target device:  xc7vx690tffg1761-3


================================================================
== Performance Estimates
================================================================
+ Timing (ns): 
    * Summary: 
    +--------+-------+----------+------------+
    |  Clock | Target| Estimated| Uncertainty|
    +--------+-------+----------+------------+
    |ap_clk  |  10.00|     8.709|        1.25|
    +--------+-------+----------+------------+

+ Latency (clock cycles): 
    * Summary: 
    +-----+-------+-----+-------+---------+
    |   Latency   |   Interval  | Pipeline|
    | min |  max  | min |  max  |   Type  |
    +-----+-------+-----+-------+---------+
    |    1|  74521|    1|  74521|   none  |
    +-----+-------+-----+-------+---------+

    + Detail: 
        * Instance: 
        N/A

        * Loop: 
        +-------------+-----+-------+----------+-----------+-----------+---------+----------+
        |             |   Latency   | Iteration|  Initiation Interval  |   Trip  |          |
        |  Loop Name  | min |  max  |  Latency |  achieved |   target  |  Count  | Pipelined|
        +-------------+-----+-------+----------+-----------+-----------+---------+----------+
        |- Loop 1     |    0|  74520|  4 ~ 276 |          -|          -| 0 ~ 270 |    no    |
        | + Loop 1.1  |    1|    273|         5|          1|          1| 0 ~ 270 |    yes   |
        +-------------+-----+-------+----------+-----------+-----------+---------+----------+



================================================================
== Utilization Estimates
================================================================
* Summary: 
+-----------------+---------+-------+--------+--------+
|       Name      | BRAM_18K| DSP48E|   FF   |   LUT  |
+-----------------+---------+-------+--------+--------+
|DSP              |        -|      -|       -|       -|
|Expression       |        -|    675|       0|   10501|
|FIFO             |        -|      -|       -|       -|
|Instance         |        -|      -|       -|       -|
|Memory           |       14|      -|       0|       0|
|Multiplexer      |        -|      -|       -|      63|
|Register         |        0|      -|    5698|      64|
+-----------------+---------+-------+--------+--------+
|Total            |       14|    675|    5698|   10628|
+-----------------+---------+-------+--------+--------+
|Available        |     2940|   3600|  866400|  433200|
+-----------------+---------+-------+--------+--------+
|Utilization (%)  |    ~0   |     18|   ~0   |       2|
+-----------------+---------+-------+--------+--------+

+ Detail: 
    * Instance: 
    N/A

    * DSP48: 
    N/A

    * Memory: 
    +---------------------+----------------------+---------+---+----+------+-----+------+-------------+
    |        Memory       |        Module        | BRAM_18K| FF| LUT| Words| Bits| Banks| W*Bits*Banks|
    +---------------------+----------------------+---------+---+----+------+-----+------+-------------+
    |LineBuffer_val_1_U   |Filter2D_LineBuffhbi  |        1|  0|   0|   270|    8|     1|         2160|
    |LineBuffer_val_2_U   |Filter2D_LineBuffhbi  |        1|  0|   0|   270|    8|     1|         2160|
    |LineBuffer_val_3_U   |Filter2D_LineBuffhbi  |        1|  0|   0|   270|    8|     1|         2160|
    |LineBuffer_val_4_U   |Filter2D_LineBuffhbi  |        1|  0|   0|   270|    8|     1|         2160|
    |LineBuffer_val_5_U   |Filter2D_LineBuffhbi  |        1|  0|   0|   270|    8|     1|         2160|
    |LineBuffer_val_6_U   |Filter2D_LineBuffhbi  |        1|  0|   0|   270|    8|     1|         2160|
    |LineBuffer_val_7_U   |Filter2D_LineBuffhbi  |        1|  0|   0|   270|    8|     1|         2160|
    |LineBuffer_val_8_U   |Filter2D_LineBuffhbi  |        1|  0|   0|   270|    8|     1|         2160|
    |LineBuffer_val_9_U   |Filter2D_LineBuffhbi  |        1|  0|   0|   270|    8|     1|         2160|
    |LineBuffer_val_10_U  |Filter2D_LineBuffhbi  |        1|  0|   0|   270|    8|     1|         2160|
    |LineBuffer_val_11_U  |Filter2D_LineBuffhbi  |        1|  0|   0|   270|    8|     1|         2160|
    |LineBuffer_val_12_U  |Filter2D_LineBuffhbi  |        1|  0|   0|   270|    8|     1|         2160|
    |LineBuffer_val_13_U  |Filter2D_LineBuffhbi  |        1|  0|   0|   270|    8|     1|         2160|
    |LineBuffer_val_14_U  |Filter2D_LineBuffhbi  |        1|  0|   0|   270|    8|     1|         2160|
    +---------------------+----------------------+---------+---+----+------+-----+------+-------------+
    |Total                |                      |       14|  0|   0|  3780|  112|    14|        30240|
    +---------------------+----------------------+---------+---+----+------+-----+------+-------------+

    * FIFO: 
    N/A

    * Expression: 
    +----------------------------+----------+-------+---+-----+------------+------------+
    |        Variable Name       | Operation| DSP48E| FF| LUT | Bitwidth P0| Bitwidth P1|
    +----------------------------+----------+-------+---+-----+------------+------------+
    |p_Val2_7_0_10_fu_4039_p2    |     *    |      3|  0|   21|          32|           8|
    |p_Val2_7_0_11_fu_4048_p2    |     *    |      3|  0|   21|          32|           8|
    |p_Val2_7_0_12_fu_4057_p2    |     *    |      3|  0|   21|          32|           8|
    |p_Val2_7_0_13_fu_4066_p2    |     *    |      3|  0|   21|          32|           8|
    |p_Val2_7_0_1_fu_3949_p2     |     *    |      3|  0|   21|          32|           8|
    |p_Val2_7_0_2_fu_3958_p2     |     *    |      3|  0|   21|          32|           8|
    |p_Val2_7_0_3_fu_3967_p2     |     *    |      3|  0|   21|          32|           8|
    |p_Val2_7_0_4_fu_3976_p2     |     *    |      3|  0|   21|          32|           8|
    |p_Val2_7_0_5_fu_3985_p2     |     *    |      3|  0|   21|          32|           8|
    |p_Val2_7_0_6_fu_3994_p2     |     *    |      3|  0|   21|          32|           8|
    |p_Val2_7_0_7_fu_4003_p2     |     *    |      3|  0|   21|          32|           8|
    |p_Val2_7_0_8_fu_4012_p2     |     *    |      3|  0|   21|          32|           8|
    |p_Val2_7_0_9_fu_4021_p2     |     *    |      3|  0|   21|          32|           8|
    |p_Val2_7_0_s_fu_4030_p2     |     *    |      3|  0|   21|          32|           8|
    |p_Val2_7_10_10_fu_5389_p2   |     *    |      3|  0|   21|          32|           8|
    |p_Val2_7_10_11_fu_5398_p2   |     *    |      3|  0|   21|          32|           8|
    |p_Val2_7_10_12_fu_5407_p2   |     *    |      3|  0|   21|          32|           8|
    |p_Val2_7_10_13_fu_5416_p2   |     *    |      3|  0|   21|          32|           8|
    |p_Val2_7_10_1_fu_5299_p2    |     *    |      3|  0|   21|          32|           8|
    |p_Val2_7_10_2_fu_5308_p2    |     *    |      3|  0|   21|          32|           8|
    |p_Val2_7_10_3_fu_5317_p2    |     *    |      3|  0|   21|          32|           8|
    |p_Val2_7_10_4_fu_5326_p2    |     *    |      3|  0|   21|          32|           8|
    |p_Val2_7_10_5_fu_5335_p2    |     *    |      3|  0|   21|          32|           8|
    |p_Val2_7_10_6_fu_5344_p2    |     *    |      3|  0|   21|          32|           8|
    |p_Val2_7_10_7_fu_5353_p2    |     *    |      3|  0|   21|          32|           8|
    |p_Val2_7_10_8_fu_5362_p2    |     *    |      3|  0|   21|          32|           8|
    |p_Val2_7_10_9_fu_5371_p2    |     *    |      3|  0|   21|          32|           8|
    |p_Val2_7_10_fu_5425_p2      |     *    |      3|  0|   21|          32|           8|
    |p_Val2_7_10_s_fu_5380_p2    |     *    |      3|  0|   21|          32|           8|
    |p_Val2_7_11_10_fu_5524_p2   |     *    |      3|  0|   21|          32|           8|
    |p_Val2_7_11_11_fu_5533_p2   |     *    |      3|  0|   21|          32|           8|
    |p_Val2_7_11_12_fu_5542_p2   |     *    |      3|  0|   21|          32|           8|
    |p_Val2_7_11_13_fu_5551_p2   |     *    |      3|  0|   21|          32|           8|
    |p_Val2_7_11_1_fu_5434_p2    |     *    |      3|  0|   21|          32|           8|
    |p_Val2_7_11_2_fu_5443_p2    |     *    |      3|  0|   21|          32|           8|
    |p_Val2_7_11_3_fu_5452_p2    |     *    |      3|  0|   21|          32|           8|
    |p_Val2_7_11_4_fu_5461_p2    |     *    |      3|  0|   21|          32|           8|
    |p_Val2_7_11_5_fu_5470_p2    |     *    |      3|  0|   21|          32|           8|
    |p_Val2_7_11_6_fu_5479_p2    |     *    |      3|  0|   21|          32|           8|
    |p_Val2_7_11_7_fu_5488_p2    |     *    |      3|  0|   21|          32|           8|
    |p_Val2_7_11_8_fu_5497_p2    |     *    |      3|  0|   21|          32|           8|
    |p_Val2_7_11_9_fu_5506_p2    |     *    |      3|  0|   21|          32|           8|
    |p_Val2_7_11_fu_5560_p2      |     *    |      3|  0|   21|          32|           8|
    |p_Val2_7_11_s_fu_5515_p2    |     *    |      3|  0|   21|          32|           8|
    |p_Val2_7_12_10_fu_5659_p2   |     *    |      3|  0|   21|          32|           8|
    |p_Val2_7_12_11_fu_5668_p2   |     *    |      3|  0|   21|          32|           8|
    |p_Val2_7_12_12_fu_5677_p2   |     *    |      3|  0|   21|          32|           8|
    |p_Val2_7_12_13_fu_5686_p2   |     *    |      3|  0|   21|          32|           8|
    |p_Val2_7_12_1_fu_5569_p2    |     *    |      3|  0|   21|          32|           8|
    |p_Val2_7_12_2_fu_5578_p2    |     *    |      3|  0|   21|          32|           8|
    |p_Val2_7_12_3_fu_5587_p2    |     *    |      3|  0|   21|          32|           8|
    |p_Val2_7_12_4_fu_5596_p2    |     *    |      3|  0|   21|          32|           8|
    |p_Val2_7_12_5_fu_5605_p2    |     *    |      3|  0|   21|          32|           8|
    |p_Val2_7_12_6_fu_5614_p2    |     *    |      3|  0|   21|          32|           8|
    |p_Val2_7_12_7_fu_5623_p2    |     *    |      3|  0|   21|          32|           8|
    |p_Val2_7_12_8_fu_5632_p2    |     *    |      3|  0|   21|          32|           8|
    |p_Val2_7_12_9_fu_5641_p2    |     *    |      3|  0|   21|          32|           8|
    |p_Val2_7_12_fu_5695_p2      |     *    |      3|  0|   21|          32|           8|
    |p_Val2_7_12_s_fu_5650_p2    |     *    |      3|  0|   21|          32|           8|
    |p_Val2_7_13_10_fu_5794_p2   |     *    |      3|  0|   21|          32|           8|
    |p_Val2_7_13_11_fu_5803_p2   |     *    |      3|  0|   21|          32|           8|
    |p_Val2_7_13_12_fu_5812_p2   |     *    |      3|  0|   21|          32|           8|
    |p_Val2_7_13_13_fu_5821_p2   |     *    |      3|  0|   21|          32|           8|
    |p_Val2_7_13_1_fu_5704_p2    |     *    |      3|  0|   21|          32|           8|
    |p_Val2_7_13_2_fu_5713_p2    |     *    |      3|  0|   21|          32|           8|
    |p_Val2_7_13_3_fu_5722_p2    |     *    |      3|  0|   21|          32|           8|
    |p_Val2_7_13_4_fu_5731_p2    |     *    |      3|  0|   21|          32|           8|
    |p_Val2_7_13_5_fu_5740_p2    |     *    |      3|  0|   21|          32|           8|
    |p_Val2_7_13_6_fu_5749_p2    |     *    |      3|  0|   21|          32|           8|
    |p_Val2_7_13_7_fu_5758_p2    |     *    |      3|  0|   21|          32|           8|
    |p_Val2_7_13_8_fu_5767_p2    |     *    |      3|  0|   21|          32|           8|
    |p_Val2_7_13_9_fu_5776_p2    |     *    |      3|  0|   21|          32|           8|
    |p_Val2_7_13_fu_5830_p2      |     *    |      3|  0|   21|          32|           8|
    |p_Val2_7_13_s_fu_5785_p2    |     *    |      3|  0|   21|          32|           8|
    |p_Val2_7_14_10_fu_5929_p2   |     *    |      3|  0|   21|          32|           8|
    |p_Val2_7_14_11_fu_5938_p2   |     *    |      3|  0|   21|          32|           8|
    |p_Val2_7_14_12_fu_5947_p2   |     *    |      3|  0|   21|          32|           8|
    |p_Val2_7_14_13_fu_5956_p2   |     *    |      3|  0|   21|          32|           8|
    |p_Val2_7_14_1_fu_5839_p2    |     *    |      3|  0|   21|          32|           8|
    |p_Val2_7_14_2_fu_5848_p2    |     *    |      3|  0|   21|          32|           8|
    |p_Val2_7_14_3_fu_5857_p2    |     *    |      3|  0|   21|          32|           8|
    |p_Val2_7_14_4_fu_5866_p2    |     *    |      3|  0|   21|          32|           8|
    |p_Val2_7_14_5_fu_5875_p2    |     *    |      3|  0|   21|          32|           8|
    |p_Val2_7_14_6_fu_5884_p2    |     *    |      3|  0|   21|          32|           8|
    |p_Val2_7_14_7_fu_5893_p2    |     *    |      3|  0|   21|          32|           8|
    |p_Val2_7_14_8_fu_5902_p2    |     *    |      3|  0|   21|          32|           8|
    |p_Val2_7_14_9_fu_5911_p2    |     *    |      3|  0|   21|          32|           8|
    |p_Val2_7_14_s_fu_5920_p2    |     *    |      3|  0|   21|          32|           8|
    |p_Val2_7_1_10_fu_4174_p2    |     *    |      3|  0|   21|          32|           8|
    |p_Val2_7_1_11_fu_4183_p2    |     *    |      3|  0|   21|          32|           8|
    |p_Val2_7_1_12_fu_4192_p2    |     *    |      3|  0|   21|          32|           8|
    |p_Val2_7_1_13_fu_4201_p2    |     *    |      3|  0|   21|          32|           8|
    |p_Val2_7_1_1_fu_4084_p2     |     *    |      3|  0|   21|          32|           8|
    |p_Val2_7_1_2_fu_4093_p2     |     *    |      3|  0|   21|          32|           8|
    |p_Val2_7_1_3_fu_4102_p2     |     *    |      3|  0|   21|          32|           8|
    |p_Val2_7_1_4_fu_4111_p2     |     *    |      3|  0|   21|          32|           8|
    |p_Val2_7_1_5_fu_4120_p2     |     *    |      3|  0|   21|          32|           8|
    |p_Val2_7_1_6_fu_4129_p2     |     *    |      3|  0|   21|          32|           8|
    |p_Val2_7_1_7_fu_4138_p2     |     *    |      3|  0|   21|          32|           8|
    |p_Val2_7_1_8_fu_4147_p2     |     *    |      3|  0|   21|          32|           8|
    |p_Val2_7_1_9_fu_4156_p2     |     *    |      3|  0|   21|          32|           8|
    |p_Val2_7_1_fu_4075_p2       |     *    |      3|  0|   21|          32|           8|
    |p_Val2_7_1_s_fu_4165_p2     |     *    |      3|  0|   21|          32|           8|
    |p_Val2_7_2_10_fu_4309_p2    |     *    |      3|  0|   21|          32|           8|
    |p_Val2_7_2_11_fu_4318_p2    |     *    |      3|  0|   21|          32|           8|
    |p_Val2_7_2_12_fu_4327_p2    |     *    |      3|  0|   21|          32|           8|
    |p_Val2_7_2_13_fu_4336_p2    |     *    |      3|  0|   21|          32|           8|
    |p_Val2_7_2_1_fu_4219_p2     |     *    |      3|  0|   21|          32|           8|
    |p_Val2_7_2_2_fu_4228_p2     |     *    |      3|  0|   21|          32|           8|
    |p_Val2_7_2_3_fu_4237_p2     |     *    |      3|  0|   21|          32|           8|
    |p_Val2_7_2_4_fu_4246_p2     |     *    |      3|  0|   21|          32|           8|
    |p_Val2_7_2_5_fu_4255_p2     |     *    |      3|  0|   21|          32|           8|
    |p_Val2_7_2_6_fu_4264_p2     |     *    |      3|  0|   21|          32|           8|
    |p_Val2_7_2_7_fu_4273_p2     |     *    |      3|  0|   21|          32|           8|
    |p_Val2_7_2_8_fu_4282_p2     |     *    |      3|  0|   21|          32|           8|
    |p_Val2_7_2_9_fu_4291_p2     |     *    |      3|  0|   21|          32|           8|
    |p_Val2_7_2_fu_4210_p2       |     *    |      3|  0|   21|          32|           8|
    |p_Val2_7_2_s_fu_4300_p2     |     *    |      3|  0|   21|          32|           8|
    |p_Val2_7_3_10_fu_4444_p2    |     *    |      3|  0|   21|          32|           8|
    |p_Val2_7_3_11_fu_4453_p2    |     *    |      3|  0|   21|          32|           8|
    |p_Val2_7_3_12_fu_4462_p2    |     *    |      3|  0|   21|          32|           8|
    |p_Val2_7_3_13_fu_4471_p2    |     *    |      3|  0|   21|          32|           8|
    |p_Val2_7_3_1_fu_4354_p2     |     *    |      3|  0|   21|          32|           8|
    |p_Val2_7_3_2_fu_4363_p2     |     *    |      3|  0|   21|          32|           8|
    |p_Val2_7_3_3_fu_4372_p2     |     *    |      3|  0|   21|          32|           8|
    |p_Val2_7_3_4_fu_4381_p2     |     *    |      3|  0|   21|          32|           8|
    |p_Val2_7_3_5_fu_4390_p2     |     *    |      3|  0|   21|          32|           8|
    |p_Val2_7_3_6_fu_4399_p2     |     *    |      3|  0|   21|          32|           8|
    |p_Val2_7_3_7_fu_4408_p2     |     *    |      3|  0|   21|          32|           8|
    |p_Val2_7_3_8_fu_4417_p2     |     *    |      3|  0|   21|          32|           8|
    |p_Val2_7_3_9_fu_4426_p2     |     *    |      3|  0|   21|          32|           8|
    |p_Val2_7_3_fu_4345_p2       |     *    |      3|  0|   21|          32|           8|
    |p_Val2_7_3_s_fu_4435_p2     |     *    |      3|  0|   21|          32|           8|
    |p_Val2_7_4_10_fu_4579_p2    |     *    |      3|  0|   21|          32|           8|
    |p_Val2_7_4_11_fu_4588_p2    |     *    |      3|  0|   21|          32|           8|
    |p_Val2_7_4_12_fu_4597_p2    |     *    |      3|  0|   21|          32|           8|
    |p_Val2_7_4_13_fu_4606_p2    |     *    |      3|  0|   21|          32|           8|
    |p_Val2_7_4_1_fu_4489_p2     |     *    |      3|  0|   21|          32|           8|
    |p_Val2_7_4_2_fu_4498_p2     |     *    |      3|  0|   21|          32|           8|
    |p_Val2_7_4_3_fu_4507_p2     |     *    |      3|  0|   21|          32|           8|
    |p_Val2_7_4_4_fu_4516_p2     |     *    |      3|  0|   21|          32|           8|
    |p_Val2_7_4_5_fu_4525_p2     |     *    |      3|  0|   21|          32|           8|
    |p_Val2_7_4_6_fu_4534_p2     |     *    |      3|  0|   21|          32|           8|
    |p_Val2_7_4_7_fu_4543_p2     |     *    |      3|  0|   21|          32|           8|
    |p_Val2_7_4_8_fu_4552_p2     |     *    |      3|  0|   21|          32|           8|
    |p_Val2_7_4_9_fu_4561_p2     |     *    |      3|  0|   21|          32|           8|
    |p_Val2_7_4_fu_4480_p2       |     *    |      3|  0|   21|          32|           8|
    |p_Val2_7_4_s_fu_4570_p2     |     *    |      3|  0|   21|          32|           8|
    |p_Val2_7_5_10_fu_4714_p2    |     *    |      3|  0|   21|          32|           8|
    |p_Val2_7_5_11_fu_4723_p2    |     *    |      3|  0|   21|          32|           8|
    |p_Val2_7_5_12_fu_4732_p2    |     *    |      3|  0|   21|          32|           8|
    |p_Val2_7_5_13_fu_4741_p2    |     *    |      3|  0|   21|          32|           8|
    |p_Val2_7_5_1_fu_4624_p2     |     *    |      3|  0|   21|          32|           8|
    |p_Val2_7_5_2_fu_4633_p2     |     *    |      3|  0|   21|          32|           8|
    |p_Val2_7_5_3_fu_4642_p2     |     *    |      3|  0|   21|          32|           8|
    |p_Val2_7_5_4_fu_4651_p2     |     *    |      3|  0|   21|          32|           8|
    |p_Val2_7_5_5_fu_4660_p2     |     *    |      3|  0|   21|          32|           8|
    |p_Val2_7_5_6_fu_4669_p2     |     *    |      3|  0|   21|          32|           8|
    |p_Val2_7_5_7_fu_4678_p2     |     *    |      3|  0|   21|          32|           8|
    |p_Val2_7_5_8_fu_4687_p2     |     *    |      3|  0|   21|          32|           8|
    |p_Val2_7_5_9_fu_4696_p2     |     *    |      3|  0|   21|          32|           8|
    |p_Val2_7_5_fu_4615_p2       |     *    |      3|  0|   21|          32|           8|
    |p_Val2_7_5_s_fu_4705_p2     |     *    |      3|  0|   21|          32|           8|
    |p_Val2_7_6_10_fu_4849_p2    |     *    |      3|  0|   21|          32|           8|
    |p_Val2_7_6_11_fu_4858_p2    |     *    |      3|  0|   21|          32|           8|
    |p_Val2_7_6_12_fu_4867_p2    |     *    |      3|  0|   21|          32|           8|
    |p_Val2_7_6_13_fu_4876_p2    |     *    |      3|  0|   21|          32|           8|
    |p_Val2_7_6_1_fu_4759_p2     |     *    |      3|  0|   21|          32|           8|
    |p_Val2_7_6_2_fu_4768_p2     |     *    |      3|  0|   21|          32|           8|
    |p_Val2_7_6_3_fu_4777_p2     |     *    |      3|  0|   21|          32|           8|
    |p_Val2_7_6_4_fu_4786_p2     |     *    |      3|  0|   21|          32|           8|
    |p_Val2_7_6_5_fu_4795_p2     |     *    |      3|  0|   21|          32|           8|
    |p_Val2_7_6_6_fu_4804_p2     |     *    |      3|  0|   21|          32|           8|
    |p_Val2_7_6_7_fu_4813_p2     |     *    |      3|  0|   21|          32|           8|
    |p_Val2_7_6_8_fu_4822_p2     |     *    |      3|  0|   21|          32|           8|
    |p_Val2_7_6_9_fu_4831_p2     |     *    |      3|  0|   21|          32|           8|
    |p_Val2_7_6_fu_4750_p2       |     *    |      3|  0|   21|          32|           8|
    |p_Val2_7_6_s_fu_4840_p2     |     *    |      3|  0|   21|          32|           8|
    |p_Val2_7_7_10_fu_4984_p2    |     *    |      3|  0|   21|          32|           8|
    |p_Val2_7_7_11_fu_4993_p2    |     *    |      3|  0|   21|          32|           8|
    |p_Val2_7_7_12_fu_5002_p2    |     *    |      3|  0|   21|          32|           8|
    |p_Val2_7_7_13_fu_5011_p2    |     *    |      3|  0|   21|          32|           8|
    |p_Val2_7_7_1_fu_4894_p2     |     *    |      3|  0|   21|          32|           8|
    |p_Val2_7_7_2_fu_4903_p2     |     *    |      3|  0|   21|          32|           8|
    |p_Val2_7_7_3_fu_4912_p2     |     *    |      3|  0|   21|          32|           8|
    |p_Val2_7_7_4_fu_4921_p2     |     *    |      3|  0|   21|          32|           8|
    |p_Val2_7_7_5_fu_4930_p2     |     *    |      3|  0|   21|          32|           8|
    |p_Val2_7_7_6_fu_4939_p2     |     *    |      3|  0|   21|          32|           8|
    |p_Val2_7_7_7_fu_4948_p2     |     *    |      3|  0|   21|          32|           8|
    |p_Val2_7_7_8_fu_4957_p2     |     *    |      3|  0|   21|          32|           8|
    |p_Val2_7_7_9_fu_4966_p2     |     *    |      3|  0|   21|          32|           8|
    |p_Val2_7_7_fu_4885_p2       |     *    |      3|  0|   21|          32|           8|
    |p_Val2_7_7_s_fu_4975_p2     |     *    |      3|  0|   21|          32|           8|
    |p_Val2_7_8_10_fu_5119_p2    |     *    |      3|  0|   21|          32|           8|
    |p_Val2_7_8_11_fu_5128_p2    |     *    |      3|  0|   21|          32|           8|
    |p_Val2_7_8_12_fu_5137_p2    |     *    |      3|  0|   21|          32|           8|
    |p_Val2_7_8_13_fu_5146_p2    |     *    |      3|  0|   21|          32|           8|
    |p_Val2_7_8_1_fu_5029_p2     |     *    |      3|  0|   21|          32|           8|
    |p_Val2_7_8_2_fu_5038_p2     |     *    |      3|  0|   21|          32|           8|
    |p_Val2_7_8_3_fu_5047_p2     |     *    |      3|  0|   21|          32|           8|
    |p_Val2_7_8_4_fu_5056_p2     |     *    |      3|  0|   21|          32|           8|
    |p_Val2_7_8_5_fu_5065_p2     |     *    |      3|  0|   21|          32|           8|
    |p_Val2_7_8_6_fu_5074_p2     |     *    |      3|  0|   21|          32|           8|
    |p_Val2_7_8_7_fu_5083_p2     |     *    |      3|  0|   21|          32|           8|
    |p_Val2_7_8_8_fu_5092_p2     |     *    |      3|  0|   21|          32|           8|
    |p_Val2_7_8_9_fu_5101_p2     |     *    |      3|  0|   21|          32|           8|
    |p_Val2_7_8_fu_5020_p2       |     *    |      3|  0|   21|          32|           8|
    |p_Val2_7_8_s_fu_5110_p2     |     *    |      3|  0|   21|          32|           8|
    |p_Val2_7_9_10_fu_5254_p2    |     *    |      3|  0|   21|          32|           8|
    |p_Val2_7_9_11_fu_5263_p2    |     *    |      3|  0|   21|          32|           8|
    |p_Val2_7_9_12_fu_5272_p2    |     *    |      3|  0|   21|          32|           8|
    |p_Val2_7_9_13_fu_5281_p2    |     *    |      3|  0|   21|          32|           8|
    |p_Val2_7_9_1_fu_5164_p2     |     *    |      3|  0|   21|          32|           8|
    |p_Val2_7_9_2_fu_5173_p2     |     *    |      3|  0|   21|          32|           8|
    |p_Val2_7_9_3_fu_5182_p2     |     *    |      3|  0|   21|          32|           8|
    |p_Val2_7_9_4_fu_5191_p2     |     *    |      3|  0|   21|          32|           8|
    |p_Val2_7_9_5_fu_5200_p2     |     *    |      3|  0|   21|          32|           8|
    |p_Val2_7_9_6_fu_5209_p2     |     *    |      3|  0|   21|          32|           8|
    |p_Val2_7_9_7_fu_5218_p2     |     *    |      3|  0|   21|          32|           8|
    |p_Val2_7_9_8_fu_5227_p2     |     *    |      3|  0|   21|          32|           8|
    |p_Val2_7_9_9_fu_5236_p2     |     *    |      3|  0|   21|          32|           8|
    |p_Val2_7_9_fu_5155_p2       |     *    |      3|  0|   21|          32|           8|
    |p_Val2_7_9_s_fu_5245_p2     |     *    |      3|  0|   21|          32|           8|
    |p_Val2_7_fu_3940_p2         |     *    |      3|  0|   21|          32|           8|
    |p_Val2_7_s_fu_5290_p2       |     *    |      3|  0|   21|          32|           8|
    |LineBuffer_cols_fu_3076_p2  |     +    |      0|  0|   39|           4|          32|
    |c_fu_3226_p2                |     +    |      0|  0|   39|           4|          32|
    |i_1_fu_3105_p2              |     +    |      0|  0|   38|          31|           1|
    |j_1_fu_3202_p2              |     +    |      0|  0|   39|          32|           1|
    |p_Val2_8_14_s_fu_8242_p2    |     +    |      0|  0|   18|          32|          32|
    |r_V_fu_8252_p2              |     +    |      0|  0|   40|          22|          33|
    |r_fu_3111_p2                |     +    |      0|  0|   39|           4|          32|
    |tmp100_fu_7935_p2           |     +    |      0|  0|   18|          32|          32|
    |tmp101_fu_6297_p2           |     +    |      0|  0|   18|          32|          32|
    |tmp102_fu_6291_p2           |     +    |      0|  0|   18|          32|          32|
    |tmp103_fu_7931_p2           |     +    |      0|  0|   18|          32|          32|
    |tmp104_fu_6303_p2           |     +    |      0|  0|   39|          32|          32|
    |tmp105_fu_6309_p2           |     +    |      0|  0|   39|          32|          32|
    |tmp106_fu_7944_p2           |     +    |      0|  0|   18|          32|          32|
    |tmp107_fu_6321_p2           |     +    |      0|  0|   18|          32|          32|
    |tmp108_fu_6315_p2           |     +    |      0|  0|   18|          32|          32|
    |tmp109_fu_7940_p2           |     +    |      0|  0|   18|          32|          32|
    |tmp10_fu_5979_p2            |     +    |      0|  0|   39|          32|          32|
    |tmp110_fu_6327_p2           |     +    |      0|  0|   39|          32|          32|
    |tmp111_fu_6333_p2           |     +    |      0|  0|   39|          32|          32|
    |tmp112_fu_8238_p2           |     +    |      0|  0|   18|          32|          32|
    |tmp113_fu_8094_p2           |     +    |      0|  0|   18|          32|          32|
    |tmp114_fu_8024_p2           |     +    |      0|  0|   18|          32|          32|
    |tmp115_fu_7984_p2           |     +    |      0|  0|   18|          32|          32|
    |tmp116_fu_7965_p2           |     +    |      0|  0|   18|          32|          32|
    |tmp117_fu_6345_p2           |     +    |      0|  0|   18|          32|          32|
    |tmp118_fu_6339_p2           |     +    |      0|  0|   18|          32|          32|
    |tmp119_fu_7961_p2           |     +    |      0|  0|   18|          32|          32|
    |tmp11_fu_7743_p2            |     +    |      0|  0|   18|          32|          32|
    |tmp120_fu_6351_p2           |     +    |      0|  0|   39|          32|          32|
    |tmp121_fu_6357_p2           |     +    |      0|  0|   39|          32|          32|
    |tmp122_fu_7979_p2           |     +    |      0|  0|   18|          32|          32|
    |tmp123_fu_7974_p2           |     +    |      0|  0|   18|          32|          32|
    |tmp124_fu_7970_p2           |     +    |      0|  0|   18|          32|          32|
    |tmp125_fu_6375_p2           |     +    |      0|  0|   18|          32|          32|
    |tmp126_fu_6363_p2           |     +    |      0|  0|   39|          32|          32|
    |tmp127_fu_6369_p2           |     +    |      0|  0|   18|          32|          32|
    |tmp128_fu_8018_p2           |     +    |      0|  0|   18|          32|          32|
    |tmp129_fu_7994_p2           |     +    |      0|  0|   18|          32|          32|
    |tmp12_fu_5991_p2            |     +    |      0|  0|   18|          32|          32|
    |tmp130_fu_6387_p2           |     +    |      0|  0|   18|          32|          32|
    |tmp131_fu_6381_p2           |     +    |      0|  0|   18|          32|          32|
    |tmp132_fu_7990_p2           |     +    |      0|  0|   18|          32|          32|
    |tmp133_fu_6393_p2           |     +    |      0|  0|   39|          32|          32|
    |tmp134_fu_6399_p2           |     +    |      0|  0|   39|          32|          32|
    |tmp135_fu_8012_p2           |     +    |      0|  0|   18|          32|          32|
    |tmp136_fu_8003_p2           |     +    |      0|  0|   18|          32|          32|
    |tmp137_fu_7999_p2           |     +    |      0|  0|   18|          32|          32|
    |tmp138_fu_8008_p2           |     +    |      0|  0|   18|          32|          32|
    |tmp139_fu_6405_p2           |     +    |      0|  0|   39|          32|          32|
    |tmp13_fu_5985_p2            |     +    |      0|  0|   18|          32|          32|
    |tmp140_fu_6411_p2           |     +    |      0|  0|   39|          32|          32|
    |tmp141_fu_8088_p2           |     +    |      0|  0|   18|          32|          32|
    |tmp142_fu_8053_p2           |     +    |      0|  0|   18|          32|          32|
    |tmp143_fu_8034_p2           |     +    |      0|  0|   18|          32|          32|
    |tmp144_fu_6423_p2           |     +    |      0|  0|   18|          32|          32|
    |tmp145_fu_6417_p2           |     +    |      0|  0|   18|          32|          32|
    |tmp146_fu_8030_p2           |     +    |      0|  0|   18|          32|          32|
    |tmp147_fu_6429_p2           |     +    |      0|  0|   39|          32|          32|
    |tmp148_fu_6435_p2           |     +    |      0|  0|   39|          32|          32|
    |tmp149_fu_8048_p2           |     +    |      0|  0|   18|          32|          32|
    |tmp14_fu_6009_p2            |     +    |      0|  0|   18|          32|          32|
    |tmp150_fu_8043_p2           |     +    |      0|  0|   18|          32|          32|
    |tmp151_fu_8039_p2           |     +    |      0|  0|   18|          32|          32|
    |tmp152_fu_6453_p2           |     +    |      0|  0|   18|          32|          32|
    |tmp153_fu_6441_p2           |     +    |      0|  0|   39|          32|          32|
    |tmp154_fu_6447_p2           |     +    |      0|  0|   18|          32|          32|
    |tmp155_fu_8082_p2           |     +    |      0|  0|   18|          32|          32|
    |tmp156_fu_8063_p2           |     +    |      0|  0|   18|          32|          32|
    |tmp157_fu_6465_p2           |     +    |      0|  0|   18|          32|          32|
    |tmp158_fu_6459_p2           |     +    |      0|  0|   18|          32|          32|
    |tmp159_fu_8059_p2           |     +    |      0|  0|   18|          32|          32|
    |tmp15_fu_5997_p2            |     +    |      0|  0|   39|          32|          32|
    |tmp160_fu_6471_p2           |     +    |      0|  0|   39|          32|          32|
    |tmp161_fu_6477_p2           |     +    |      0|  0|   39|          32|          32|
    |tmp162_fu_8077_p2           |     +    |      0|  0|   18|          32|          32|
    |tmp163_fu_6489_p2           |     +    |      0|  0|   18|          32|          32|
    |tmp164_fu_6483_p2           |     +    |      0|  0|   18|          32|          32|
    |tmp165_fu_8072_p2           |     +    |      0|  0|   18|          32|          32|
    |tmp166_fu_6495_p2           |     +    |      0|  0|   39|          32|          32|
    |tmp167_fu_8068_p2           |     +    |      0|  0|   18|          32|          32|
    |tmp168_fu_8223_p2           |     +    |      0|  0|   18|          32|          32|
    |tmp169_fu_8153_p2           |     +    |      0|  0|   18|          32|          32|
    |tmp16_fu_6003_p2            |     +    |      0|  0|   18|          32|          32|
    |tmp170_fu_8123_p2           |     +    |      0|  0|   18|          32|          32|
    |tmp171_fu_8104_p2           |     +    |      0|  0|   18|          32|          32|
    |tmp172_fu_6507_p2           |     +    |      0|  0|   18|          32|          32|
    |tmp173_fu_6501_p2           |     +    |      0|  0|   18|          32|          32|
    |tmp174_fu_8100_p2           |     +    |      0|  0|   18|          32|          32|
    |tmp175_fu_6513_p2           |     +    |      0|  0|   39|          32|          32|
    |tmp176_fu_6519_p2           |     +    |      0|  0|   39|          32|          32|
    |tmp177_fu_8118_p2           |     +    |      0|  0|   18|          32|          32|
    |tmp178_fu_6531_p2           |     +    |      0|  0|   18|          32|          32|
    |tmp179_fu_6525_p2           |     +    |      0|  0|   18|          32|          32|
    |tmp17_fu_7781_p2            |     +    |      0|  0|   18|          32|          32|
    |tmp180_fu_8113_p2           |     +    |      0|  0|   18|          32|          32|
    |tmp181_fu_6537_p2           |     +    |      0|  0|   39|          32|          32|
    |tmp182_fu_8109_p2           |     +    |      0|  0|   18|          32|          32|
    |tmp183_fu_8147_p2           |     +    |      0|  0|   18|          32|          32|
    |tmp184_fu_8133_p2           |     +    |      0|  0|   18|          32|          32|
    |tmp185_fu_6549_p2           |     +    |      0|  0|   18|          32|          32|
    |tmp186_fu_6543_p2           |     +    |      0|  0|   18|          32|          32|
    |tmp187_fu_8129_p2           |     +    |      0|  0|   18|          32|          32|
    |tmp188_fu_6555_p2           |     +    |      0|  0|   39|          32|          32|
    |tmp189_fu_6561_p2           |     +    |      0|  0|   39|          32|          32|
    |tmp18_fu_7766_p2            |     +    |      0|  0|   18|          32|          32|
    |tmp190_fu_8142_p2           |     +    |      0|  0|   18|          32|          32|
    |tmp191_fu_6573_p2           |     +    |      0|  0|   18|          32|          32|
    |tmp192_fu_6567_p2           |     +    |      0|  0|   18|          32|          32|
    |tmp193_fu_8138_p2           |     +    |      0|  0|   18|          32|          32|
    |tmp194_fu_6579_p2           |     +    |      0|  0|   39|          32|          32|
    |tmp195_fu_6585_p2           |     +    |      0|  0|   39|          32|          32|
    |tmp196_fu_8217_p2           |     +    |      0|  0|   18|          32|          32|
    |tmp197_fu_8182_p2           |     +    |      0|  0|   18|          32|          32|
    |tmp198_fu_8163_p2           |     +    |      0|  0|   18|          32|          32|
    |tmp199_fu_6597_p2           |     +    |      0|  0|   18|          32|          32|
    |tmp19_fu_7757_p2            |     +    |      0|  0|   18|          32|          32|
    |tmp1_fu_8233_p2             |     +    |      0|  0|   18|          32|          32|
    |tmp200_fu_6591_p2           |     +    |      0|  0|   18|          32|          32|
    |tmp201_fu_8159_p2           |     +    |      0|  0|   18|          32|          32|
    |tmp202_fu_6603_p2           |     +    |      0|  0|   39|          32|          32|
    |tmp203_fu_6609_p2           |     +    |      0|  0|   39|          32|          32|
    |tmp204_fu_8177_p2           |     +    |      0|  0|   18|          32|          32|
    |tmp205_fu_6621_p2           |     +    |      0|  0|   18|          32|          32|
    |tmp206_fu_6615_p2           |     +    |      0|  0|   18|          32|          32|
    |tmp207_fu_8172_p2           |     +    |      0|  0|   18|          32|          32|
    |tmp208_fu_6627_p2           |     +    |      0|  0|   39|          32|          32|
    |tmp209_fu_8168_p2           |     +    |      0|  0|   18|          32|          32|
    |tmp20_fu_7753_p2            |     +    |      0|  0|   18|          32|          32|
    |tmp210_fu_8211_p2           |     +    |      0|  0|   18|          32|          32|
    |tmp211_fu_8192_p2           |     +    |      0|  0|   18|          32|          32|
    |tmp212_fu_6639_p2           |     +    |      0|  0|   18|          32|          32|
    |tmp213_fu_6633_p2           |     +    |      0|  0|   18|          32|          32|
    |tmp214_fu_8188_p2           |     +    |      0|  0|   18|          32|          32|
    |tmp215_fu_6645_p2           |     +    |      0|  0|   39|          32|          32|
    |tmp216_fu_6651_p2           |     +    |      0|  0|   39|          32|          32|
    |tmp217_fu_8206_p2           |     +    |      0|  0|   18|          32|          32|
    |tmp218_fu_6669_p2           |     +    |      0|  0|   18|          32|          32|
    |tmp219_fu_6657_p2           |     +    |      0|  0|   39|          32|          32|
    |tmp21_fu_7762_p2            |     +    |      0|  0|   18|          32|          32|
    |tmp220_fu_6663_p2           |     +    |      0|  0|   18|          32|          32|
    |tmp221_fu_8201_p2           |     +    |      0|  0|   18|          32|          32|
    |tmp222_fu_6675_p2           |     +    |      0|  0|   39|          32|          32|
    |tmp223_fu_8197_p2           |     +    |      0|  0|   18|          32|          32|
    |tmp22_fu_6015_p2            |     +    |      0|  0|   39|          32|          32|
    |tmp23_fu_6021_p2            |     +    |      0|  0|   39|          32|          32|
    |tmp24_fu_7776_p2            |     +    |      0|  0|   18|          32|          32|
    |tmp25_fu_6033_p2            |     +    |      0|  0|   18|          32|          32|
    |tmp26_fu_6027_p2            |     +    |      0|  0|   18|          32|          32|
    |tmp27_fu_7772_p2            |     +    |      0|  0|   18|          32|          32|
    |tmp28_fu_6039_p2            |     +    |      0|  0|   39|          32|          32|
    |tmp29_fu_6045_p2            |     +    |      0|  0|   39|          32|          32|
    |tmp2_fu_7857_p2             |     +    |      0|  0|   18|          32|          32|
    |tmp30_fu_7851_p2            |     +    |      0|  0|   18|          32|          32|
    |tmp31_fu_7816_p2            |     +    |      0|  0|   18|          32|          32|
    |tmp32_fu_7806_p2            |     +    |      0|  0|   18|          32|          32|
    |tmp33_fu_7797_p2            |     +    |      0|  0|   18|          32|          32|
    |tmp34_fu_7793_p2            |     +    |      0|  0|   18|          32|          32|
    |tmp35_fu_7802_p2            |     +    |      0|  0|   18|          32|          32|
    |tmp36_fu_6051_p2            |     +    |      0|  0|   39|          32|          32|
    |tmp37_fu_6057_p2            |     +    |      0|  0|   39|          32|          32|
    |tmp38_fu_7812_p2            |     +    |      0|  0|   18|          32|          32|
    |tmp39_fu_6069_p2            |     +    |      0|  0|   18|          32|          32|
    |tmp3_fu_7787_p2             |     +    |      0|  0|   18|          32|          32|
    |tmp40_fu_6063_p2            |     +    |      0|  0|   18|          32|          32|
    |tmp41_fu_6087_p2            |     +    |      0|  0|   18|          32|          32|
    |tmp42_fu_6075_p2            |     +    |      0|  0|   39|          32|          32|
    |tmp43_fu_6081_p2            |     +    |      0|  0|   18|          32|          32|
    |tmp44_fu_7845_p2            |     +    |      0|  0|   18|          32|          32|
    |tmp45_fu_7835_p2            |     +    |      0|  0|   18|          32|          32|
    |tmp46_fu_7826_p2            |     +    |      0|  0|   18|          32|          32|
    |tmp47_fu_7822_p2            |     +    |      0|  0|   18|          32|          32|
    |tmp48_fu_7831_p2            |     +    |      0|  0|   18|          32|          32|
    |tmp49_fu_6093_p2            |     +    |      0|  0|   39|          32|          32|
    |tmp4_fu_7747_p2             |     +    |      0|  0|   18|          32|          32|
    |tmp50_fu_6099_p2            |     +    |      0|  0|   39|          32|          32|
    |tmp51_fu_7841_p2            |     +    |      0|  0|   18|          32|          32|
    |tmp52_fu_6111_p2            |     +    |      0|  0|   18|          32|          32|
    |tmp53_fu_6105_p2            |     +    |      0|  0|   18|          32|          32|
    |tmp54_fu_6129_p2            |     +    |      0|  0|   18|          32|          32|
    |tmp55_fu_6117_p2            |     +    |      0|  0|   39|          32|          32|
    |tmp56_fu_6123_p2            |     +    |      0|  0|   18|          32|          32|
    |tmp57_fu_8229_p2            |     +    |      0|  0|   18|          32|          32|
    |tmp58_fu_7906_p2            |     +    |      0|  0|   18|          32|          32|
    |tmp59_fu_7876_p2            |     +    |      0|  0|   18|          32|          32|
    |tmp5_fu_7738_p2             |     +    |      0|  0|   18|          32|          32|
    |tmp60_fu_7867_p2            |     +    |      0|  0|   18|          32|          32|
    |tmp61_fu_6141_p2            |     +    |      0|  0|   18|          32|          32|
    |tmp62_fu_6135_p2            |     +    |      0|  0|   18|          32|          32|
    |tmp63_fu_7863_p2            |     +    |      0|  0|   18|          32|          32|
    |tmp64_fu_6147_p2            |     +    |      0|  0|   39|          32|          32|
    |tmp65_fu_6153_p2            |     +    |      0|  0|   39|          32|          32|
    |tmp66_fu_7872_p2            |     +    |      0|  0|   18|          32|          32|
    |tmp67_fu_6165_p2            |     +    |      0|  0|   18|          32|          32|
    |tmp68_fu_6159_p2            |     +    |      0|  0|   18|          32|          32|
    |tmp69_fu_6183_p2            |     +    |      0|  0|   18|          32|          32|
    |tmp6_fu_5967_p2             |     +    |      0|  0|   18|          32|          32|
    |tmp70_fu_6171_p2            |     +    |      0|  0|   39|          32|          32|
    |tmp71_fu_6177_p2            |     +    |      0|  0|   18|          32|          32|
    |tmp72_fu_7900_p2            |     +    |      0|  0|   18|          32|          32|
    |tmp73_fu_7886_p2            |     +    |      0|  0|   18|          32|          32|
    |tmp74_fu_6195_p2            |     +    |      0|  0|   18|          32|          32|
    |tmp75_fu_6189_p2            |     +    |      0|  0|   18|          32|          32|
    |tmp76_fu_7882_p2            |     +    |      0|  0|   18|          32|          32|
    |tmp77_fu_6201_p2            |     +    |      0|  0|   39|          32|          32|
    |tmp78_fu_6207_p2            |     +    |      0|  0|   39|          32|          32|
    |tmp79_fu_7895_p2            |     +    |      0|  0|   18|          32|          32|
    |tmp7_fu_5961_p2             |     +    |      0|  0|   18|          32|          32|
    |tmp80_fu_6219_p2            |     +    |      0|  0|   18|          32|          32|
    |tmp81_fu_6213_p2            |     +    |      0|  0|   18|          32|          32|
    |tmp82_fu_7891_p2            |     +    |      0|  0|   18|          32|          32|
    |tmp83_fu_6225_p2            |     +    |      0|  0|   39|          32|          32|
    |tmp84_fu_6231_p2            |     +    |      0|  0|   39|          32|          32|
    |tmp85_fu_7955_p2            |     +    |      0|  0|   18|          32|          32|
    |tmp86_fu_7925_p2            |     +    |      0|  0|   18|          32|          32|
    |tmp87_fu_7916_p2            |     +    |      0|  0|   18|          32|          32|
    |tmp88_fu_6243_p2            |     +    |      0|  0|   18|          32|          32|
    |tmp89_fu_6237_p2            |     +    |      0|  0|   18|          32|          32|
    |tmp8_fu_7734_p2             |     +    |      0|  0|   18|          32|          32|
    |tmp90_fu_7912_p2            |     +    |      0|  0|   18|          32|          32|
    |tmp91_fu_6249_p2            |     +    |      0|  0|   39|          32|          32|
    |tmp92_fu_6255_p2            |     +    |      0|  0|   39|          32|          32|
    |tmp93_fu_7921_p2            |     +    |      0|  0|   18|          32|          32|
    |tmp94_fu_6267_p2            |     +    |      0|  0|   18|          32|          32|
    |tmp95_fu_6261_p2            |     +    |      0|  0|   18|          32|          32|
    |tmp96_fu_6285_p2            |     +    |      0|  0|   18|          32|          32|
    |tmp97_fu_6273_p2            |     +    |      0|  0|   39|          32|          32|
    |tmp98_fu_6279_p2            |     +    |      0|  0|   18|          32|          32|
    |tmp99_fu_7949_p2            |     +    |      0|  0|   18|          32|          32|
    |tmp9_fu_5973_p2             |     +    |      0|  0|   39|          32|          32|
    |tmp_26_fu_3270_p2           |     +    |      0|  0|   25|          18|          18|
    |tmp_498_fu_3135_p2          |     +    |      0|  0|   17|           5|          10|
    |tmp_500_fu_3158_p2          |     +    |      0|  0|   17|           2|          10|
    |tmp_505_fu_3249_p2          |     +    |      0|  0|   25|           2|          18|
    |tmp_511_fu_3295_p2          |     +    |      0|  0|   18|           5|          18|
    |tmp_65_fu_8286_p2           |     +    |      0|  0|   15|           1|           8|
    |tmp_68_fu_3301_p2           |     +    |      0|  0|   18|          18|          18|
    |tmp_s_fu_3082_p2            |     +    |      0|  0|   39|           4|          32|
    |or_cond_fu_3286_p2          |    and   |      0|  0|    2|           1|           1|
    |exitcond3_fu_3197_p2        |   icmp   |      0|  0|   18|          32|          32|
    |tmp_12_fu_3149_p2           |   icmp   |      0|  0|   18|          32|          32|
    |tmp_15_fu_3240_p2           |   icmp   |      0|  0|   18|          32|          32|
    |tmp_18_fu_3280_p2           |   icmp   |      0|  0|   18|          32|           4|
    |tmp_20_fu_8270_p2           |   icmp   |      0|  0|   18|          22|           1|
    |tmp_7_fu_3100_p2            |   icmp   |      0|  0|   18|          32|          32|
    |tmp_9_fu_3125_p2            |   icmp   |      0|  0|   18|          31|           4|
    |tmp_501_fu_3163_p3          |  select  |      0|  0|   10|           1|          10|
    |tmp_502_fu_3171_p3          |  select  |      0|  0|   10|           1|           1|
    |tmp_506_fu_3254_p3          |  select  |      0|  0|   18|           1|          18|
    |tmp_507_fu_3262_p3          |  select  |      0|  0|   18|           1|           1|
    |tmp_66_fu_8292_p3           |  select  |      0|  0|    8|           1|           8|
    |tmp_67_fu_8300_p3           |  select  |      0|  0|    8|           1|           8|
    |ap_enable_pp0               |    xor   |      0|  0|    2|           1|           2|
    +----------------------------+----------+-------+---+-----+------------+------------+
    |Total                       |          |    675|  0|10501|       14741|        9417|
    +----------------------------+----------+-------+---+-----+------------+------------+

    * Multiplexer: 
    +-------------------------+----+-----------+-----+-----------+
    |           Name          | LUT| Input Size| Bits| Total Bits|
    +-------------------------+----+-----------+-----+-----------+
    |ap_NS_fsm                |  27|          5|    1|          5|
    |ap_enable_reg_pp0_iter2  |   9|          2|    1|          2|
    |ap_enable_reg_pp0_iter4  |   9|          2|    1|          2|
    |i_reg_3054               |   9|          2|   31|         62|
    |j_reg_3065               |   9|          2|   32|         64|
    +-------------------------+----+-----------+-----+-----------+
    |Total                    |  63|         13|   66|        135|
    +-------------------------+----+-----------+-----+-----------+

    * Register: 
    +-------------------------------+----+----+-----+-----------+
    |              Name             | FF | LUT| Bits| Const Bits|
    +-------------------------------+----+----+-----+-----------+
    |BlockBuffer_val_0_1_1_fu_536   |   8|   0|    8|          0|
    |BlockBuffer_val_0_1_2_fu_572   |   8|   0|    8|          0|
    |BlockBuffer_val_0_1_3_fu_576   |   8|   0|    8|          0|
    |BlockBuffer_val_0_1_4_fu_580   |   8|   0|    8|          0|
    |BlockBuffer_val_0_1_5_fu_584   |   8|   0|    8|          0|
    |BlockBuffer_val_0_1_fu_532     |   8|   0|    8|          0|
    |BlockBuffer_val_0_2_fu_540     |   8|   0|    8|          0|
    |BlockBuffer_val_0_3_fu_544     |   8|   0|    8|          0|
    |BlockBuffer_val_0_4_fu_548     |   8|   0|    8|          0|
    |BlockBuffer_val_0_5_fu_552     |   8|   0|    8|          0|
    |BlockBuffer_val_0_6_fu_556     |   8|   0|    8|          0|
    |BlockBuffer_val_0_7_fu_560     |   8|   0|    8|          0|
    |BlockBuffer_val_0_8_fu_564     |   8|   0|    8|          0|
    |BlockBuffer_val_0_9_fu_568     |   8|   0|    8|          0|
    |BlockBuffer_val_10_10_fu_1132  |   8|   0|    8|          0|
    |BlockBuffer_val_10_11_fu_1136  |   8|   0|    8|          0|
    |BlockBuffer_val_10_12_fu_1140  |   8|   0|    8|          0|
    |BlockBuffer_val_10_13_fu_1144  |   8|   0|    8|          0|
    |BlockBuffer_val_10_1_fu_1096   |   8|   0|    8|          0|
    |BlockBuffer_val_10_2_fu_1100   |   8|   0|    8|          0|
    |BlockBuffer_val_10_3_fu_1104   |   8|   0|    8|          0|
    |BlockBuffer_val_10_4_fu_1108   |   8|   0|    8|          0|
    |BlockBuffer_val_10_5_fu_1112   |   8|   0|    8|          0|
    |BlockBuffer_val_10_6_fu_1116   |   8|   0|    8|          0|
    |BlockBuffer_val_10_7_fu_1120   |   8|   0|    8|          0|
    |BlockBuffer_val_10_8_fu_1124   |   8|   0|    8|          0|
    |BlockBuffer_val_10_9_fu_1128   |   8|   0|    8|          0|
    |BlockBuffer_val_10_s_fu_1092   |   8|   0|    8|          0|
    |BlockBuffer_val_11_10_fu_1188  |   8|   0|    8|          0|
    |BlockBuffer_val_11_11_fu_1192  |   8|   0|    8|          0|
    |BlockBuffer_val_11_12_fu_1196  |   8|   0|    8|          0|
    |BlockBuffer_val_11_13_fu_1200  |   8|   0|    8|          0|
    |BlockBuffer_val_11_1_fu_1152   |   8|   0|    8|          0|
    |BlockBuffer_val_11_2_fu_1156   |   8|   0|    8|          0|
    |BlockBuffer_val_11_3_fu_1160   |   8|   0|    8|          0|
    |BlockBuffer_val_11_4_fu_1164   |   8|   0|    8|          0|
    |BlockBuffer_val_11_5_fu_1168   |   8|   0|    8|          0|
    |BlockBuffer_val_11_6_fu_1172   |   8|   0|    8|          0|
    |BlockBuffer_val_11_7_fu_1176   |   8|   0|    8|          0|
    |BlockBuffer_val_11_8_fu_1180   |   8|   0|    8|          0|
    |BlockBuffer_val_11_9_fu_1184   |   8|   0|    8|          0|
    |BlockBuffer_val_11_s_fu_1148   |   8|   0|    8|          0|
    |BlockBuffer_val_12_10_fu_1244  |   8|   0|    8|          0|
    |BlockBuffer_val_12_11_fu_1248  |   8|   0|    8|          0|
    |BlockBuffer_val_12_12_fu_1252  |   8|   0|    8|          0|
    |BlockBuffer_val_12_13_fu_1256  |   8|   0|    8|          0|
    |BlockBuffer_val_12_1_fu_1208   |   8|   0|    8|          0|
    |BlockBuffer_val_12_2_fu_1212   |   8|   0|    8|          0|
    |BlockBuffer_val_12_3_fu_1216   |   8|   0|    8|          0|
    |BlockBuffer_val_12_4_fu_1220   |   8|   0|    8|          0|
    |BlockBuffer_val_12_5_fu_1224   |   8|   0|    8|          0|
    |BlockBuffer_val_12_6_fu_1228   |   8|   0|    8|          0|
    |BlockBuffer_val_12_7_fu_1232   |   8|   0|    8|          0|
    |BlockBuffer_val_12_8_fu_1236   |   8|   0|    8|          0|
    |BlockBuffer_val_12_9_fu_1240   |   8|   0|    8|          0|
    |BlockBuffer_val_12_s_fu_1204   |   8|   0|    8|          0|
    |BlockBuffer_val_13_10_fu_1300  |   8|   0|    8|          0|
    |BlockBuffer_val_13_11_fu_1304  |   8|   0|    8|          0|
    |BlockBuffer_val_13_12_fu_1308  |   8|   0|    8|          0|
    |BlockBuffer_val_13_13_fu_1312  |   8|   0|    8|          0|
    |BlockBuffer_val_13_1_fu_1264   |   8|   0|    8|          0|
    |BlockBuffer_val_13_2_fu_1268   |   8|   0|    8|          0|
    |BlockBuffer_val_13_3_fu_1272   |   8|   0|    8|          0|
    |BlockBuffer_val_13_4_fu_1276   |   8|   0|    8|          0|
    |BlockBuffer_val_13_5_fu_1280   |   8|   0|    8|          0|
    |BlockBuffer_val_13_6_fu_1284   |   8|   0|    8|          0|
    |BlockBuffer_val_13_7_fu_1288   |   8|   0|    8|          0|
    |BlockBuffer_val_13_8_fu_1292   |   8|   0|    8|          0|
    |BlockBuffer_val_13_9_fu_1296   |   8|   0|    8|          0|
    |BlockBuffer_val_13_s_fu_1260   |   8|   0|    8|          0|
    |BlockBuffer_val_14_10_fu_1356  |   8|   0|    8|          0|
    |BlockBuffer_val_14_11_fu_1360  |   8|   0|    8|          0|
    |BlockBuffer_val_14_12_fu_1364  |   8|   0|    8|          0|
    |BlockBuffer_val_14_13_fu_1368  |   8|   0|    8|          0|
    |BlockBuffer_val_14_1_fu_1320   |   8|   0|    8|          0|
    |BlockBuffer_val_14_2_fu_1324   |   8|   0|    8|          0|
    |BlockBuffer_val_14_3_fu_1328   |   8|   0|    8|          0|
    |BlockBuffer_val_14_4_fu_1332   |   8|   0|    8|          0|
    |BlockBuffer_val_14_5_fu_1336   |   8|   0|    8|          0|
    |BlockBuffer_val_14_6_fu_1340   |   8|   0|    8|          0|
    |BlockBuffer_val_14_7_fu_1344   |   8|   0|    8|          0|
    |BlockBuffer_val_14_8_fu_1348   |   8|   0|    8|          0|
    |BlockBuffer_val_14_9_fu_1352   |   8|   0|    8|          0|
    |BlockBuffer_val_14_s_fu_1316   |   8|   0|    8|          0|
    |BlockBuffer_val_1_1_1_fu_592   |   8|   0|    8|          0|
    |BlockBuffer_val_1_1_2_fu_628   |   8|   0|    8|          0|
    |BlockBuffer_val_1_1_3_fu_632   |   8|   0|    8|          0|
    |BlockBuffer_val_1_1_4_fu_636   |   8|   0|    8|          0|
    |BlockBuffer_val_1_1_5_fu_640   |   8|   0|    8|          0|
    |BlockBuffer_val_1_1_fu_588     |   8|   0|    8|          0|
    |BlockBuffer_val_1_2_fu_596     |   8|   0|    8|          0|
    |BlockBuffer_val_1_3_fu_600     |   8|   0|    8|          0|
    |BlockBuffer_val_1_4_fu_604     |   8|   0|    8|          0|
    |BlockBuffer_val_1_5_fu_608     |   8|   0|    8|          0|
    |BlockBuffer_val_1_6_fu_612     |   8|   0|    8|          0|
    |BlockBuffer_val_1_7_fu_616     |   8|   0|    8|          0|
    |BlockBuffer_val_1_8_fu_620     |   8|   0|    8|          0|
    |BlockBuffer_val_1_9_fu_624     |   8|   0|    8|          0|
    |BlockBuffer_val_2_1_1_fu_648   |   8|   0|    8|          0|
    |BlockBuffer_val_2_1_2_fu_684   |   8|   0|    8|          0|
    |BlockBuffer_val_2_1_3_fu_688   |   8|   0|    8|          0|
    |BlockBuffer_val_2_1_4_fu_692   |   8|   0|    8|          0|
    |BlockBuffer_val_2_1_5_fu_696   |   8|   0|    8|          0|
    |BlockBuffer_val_2_1_fu_644     |   8|   0|    8|          0|
    |BlockBuffer_val_2_2_fu_652     |   8|   0|    8|          0|
    |BlockBuffer_val_2_3_fu_656     |   8|   0|    8|          0|
    |BlockBuffer_val_2_4_fu_660     |   8|   0|    8|          0|
    |BlockBuffer_val_2_5_fu_664     |   8|   0|    8|          0|
    |BlockBuffer_val_2_6_fu_668     |   8|   0|    8|          0|
    |BlockBuffer_val_2_7_fu_672     |   8|   0|    8|          0|
    |BlockBuffer_val_2_8_fu_676     |   8|   0|    8|          0|
    |BlockBuffer_val_2_9_fu_680     |   8|   0|    8|          0|
    |BlockBuffer_val_3_1_1_fu_704   |   8|   0|    8|          0|
    |BlockBuffer_val_3_1_2_fu_740   |   8|   0|    8|          0|
    |BlockBuffer_val_3_1_3_fu_744   |   8|   0|    8|          0|
    |BlockBuffer_val_3_1_4_fu_748   |   8|   0|    8|          0|
    |BlockBuffer_val_3_1_5_fu_752   |   8|   0|    8|          0|
    |BlockBuffer_val_3_1_fu_700     |   8|   0|    8|          0|
    |BlockBuffer_val_3_2_fu_708     |   8|   0|    8|          0|
    |BlockBuffer_val_3_3_fu_712     |   8|   0|    8|          0|
    |BlockBuffer_val_3_4_fu_716     |   8|   0|    8|          0|
    |BlockBuffer_val_3_5_fu_720     |   8|   0|    8|          0|
    |BlockBuffer_val_3_6_fu_724     |   8|   0|    8|          0|
    |BlockBuffer_val_3_7_fu_728     |   8|   0|    8|          0|
    |BlockBuffer_val_3_8_fu_732     |   8|   0|    8|          0|
    |BlockBuffer_val_3_9_fu_736     |   8|   0|    8|          0|
    |BlockBuffer_val_4_1_1_fu_760   |   8|   0|    8|          0|
    |BlockBuffer_val_4_1_2_fu_796   |   8|   0|    8|          0|
    |BlockBuffer_val_4_1_3_fu_800   |   8|   0|    8|          0|
    |BlockBuffer_val_4_1_4_fu_804   |   8|   0|    8|          0|
    |BlockBuffer_val_4_1_5_fu_808   |   8|   0|    8|          0|
    |BlockBuffer_val_4_1_fu_756     |   8|   0|    8|          0|
    |BlockBuffer_val_4_2_fu_764     |   8|   0|    8|          0|
    |BlockBuffer_val_4_3_fu_768     |   8|   0|    8|          0|
    |BlockBuffer_val_4_4_fu_772     |   8|   0|    8|          0|
    |BlockBuffer_val_4_5_fu_776     |   8|   0|    8|          0|
    |BlockBuffer_val_4_6_fu_780     |   8|   0|    8|          0|
    |BlockBuffer_val_4_7_fu_784     |   8|   0|    8|          0|
    |BlockBuffer_val_4_8_fu_788     |   8|   0|    8|          0|
    |BlockBuffer_val_4_9_fu_792     |   8|   0|    8|          0|
    |BlockBuffer_val_5_1_1_fu_816   |   8|   0|    8|          0|
    |BlockBuffer_val_5_1_2_fu_852   |   8|   0|    8|          0|
    |BlockBuffer_val_5_1_3_fu_856   |   8|   0|    8|          0|
    |BlockBuffer_val_5_1_4_fu_860   |   8|   0|    8|          0|
    |BlockBuffer_val_5_1_5_fu_864   |   8|   0|    8|          0|
    |BlockBuffer_val_5_1_fu_812     |   8|   0|    8|          0|
    |BlockBuffer_val_5_2_fu_820     |   8|   0|    8|          0|
    |BlockBuffer_val_5_3_fu_824     |   8|   0|    8|          0|
    |BlockBuffer_val_5_4_fu_828     |   8|   0|    8|          0|
    |BlockBuffer_val_5_5_fu_832     |   8|   0|    8|          0|
    |BlockBuffer_val_5_6_fu_836     |   8|   0|    8|          0|
    |BlockBuffer_val_5_7_fu_840     |   8|   0|    8|          0|
    |BlockBuffer_val_5_8_fu_844     |   8|   0|    8|          0|
    |BlockBuffer_val_5_9_fu_848     |   8|   0|    8|          0|
    |BlockBuffer_val_6_1_1_fu_872   |   8|   0|    8|          0|
    |BlockBuffer_val_6_1_2_fu_908   |   8|   0|    8|          0|
    |BlockBuffer_val_6_1_3_fu_912   |   8|   0|    8|          0|
    |BlockBuffer_val_6_1_4_fu_916   |   8|   0|    8|          0|
    |BlockBuffer_val_6_1_5_fu_920   |   8|   0|    8|          0|
    |BlockBuffer_val_6_1_fu_868     |   8|   0|    8|          0|
    |BlockBuffer_val_6_2_fu_876     |   8|   0|    8|          0|
    |BlockBuffer_val_6_3_fu_880     |   8|   0|    8|          0|
    |BlockBuffer_val_6_4_fu_884     |   8|   0|    8|          0|
    |BlockBuffer_val_6_5_fu_888     |   8|   0|    8|          0|
    |BlockBuffer_val_6_6_fu_892     |   8|   0|    8|          0|
    |BlockBuffer_val_6_7_fu_896     |   8|   0|    8|          0|
    |BlockBuffer_val_6_8_fu_900     |   8|   0|    8|          0|
    |BlockBuffer_val_6_9_fu_904     |   8|   0|    8|          0|
    |BlockBuffer_val_7_1_1_fu_928   |   8|   0|    8|          0|
    |BlockBuffer_val_7_1_2_fu_964   |   8|   0|    8|          0|
    |BlockBuffer_val_7_1_3_fu_968   |   8|   0|    8|          0|
    |BlockBuffer_val_7_1_4_fu_972   |   8|   0|    8|          0|
    |BlockBuffer_val_7_1_5_fu_976   |   8|   0|    8|          0|
    |BlockBuffer_val_7_1_fu_924     |   8|   0|    8|          0|
    |BlockBuffer_val_7_2_fu_932     |   8|   0|    8|          0|
    |BlockBuffer_val_7_3_fu_936     |   8|   0|    8|          0|
    |BlockBuffer_val_7_4_fu_940     |   8|   0|    8|          0|
    |BlockBuffer_val_7_5_fu_944     |   8|   0|    8|          0|
    |BlockBuffer_val_7_6_fu_948     |   8|   0|    8|          0|
    |BlockBuffer_val_7_7_fu_952     |   8|   0|    8|          0|
    |BlockBuffer_val_7_8_fu_956     |   8|   0|    8|          0|
    |BlockBuffer_val_7_9_fu_960     |   8|   0|    8|          0|
    |BlockBuffer_val_8_1_1_fu_984   |   8|   0|    8|          0|
    |BlockBuffer_val_8_1_2_fu_1020  |   8|   0|    8|          0|
    |BlockBuffer_val_8_1_3_fu_1024  |   8|   0|    8|          0|
    |BlockBuffer_val_8_1_4_fu_1028  |   8|   0|    8|          0|
    |BlockBuffer_val_8_1_5_fu_1032  |   8|   0|    8|          0|
    |BlockBuffer_val_8_1_fu_980     |   8|   0|    8|          0|
    |BlockBuffer_val_8_2_fu_988     |   8|   0|    8|          0|
    |BlockBuffer_val_8_3_fu_992     |   8|   0|    8|          0|
    |BlockBuffer_val_8_4_fu_996     |   8|   0|    8|          0|
    |BlockBuffer_val_8_5_fu_1000    |   8|   0|    8|          0|
    |BlockBuffer_val_8_6_fu_1004    |   8|   0|    8|          0|
    |BlockBuffer_val_8_7_fu_1008    |   8|   0|    8|          0|
    |BlockBuffer_val_8_8_fu_1012    |   8|   0|    8|          0|
    |BlockBuffer_val_8_9_fu_1016    |   8|   0|    8|          0|
    |BlockBuffer_val_9_1_1_fu_1040  |   8|   0|    8|          0|
    |BlockBuffer_val_9_1_2_fu_1076  |   8|   0|    8|          0|
    |BlockBuffer_val_9_1_3_fu_1080  |   8|   0|    8|          0|
    |BlockBuffer_val_9_1_4_fu_1084  |   8|   0|    8|          0|
    |BlockBuffer_val_9_1_5_fu_1088  |   8|   0|    8|          0|
    |BlockBuffer_val_9_1_fu_1036    |   8|   0|    8|          0|
    |BlockBuffer_val_9_2_fu_1044    |   8|   0|    8|          0|
    |BlockBuffer_val_9_3_fu_1048    |   8|   0|    8|          0|
    |BlockBuffer_val_9_4_fu_1052    |   8|   0|    8|          0|
    |BlockBuffer_val_9_5_fu_1056    |   8|   0|    8|          0|
    |BlockBuffer_val_9_6_fu_1060    |   8|   0|    8|          0|
    |BlockBuffer_val_9_7_fu_1064    |   8|   0|    8|          0|
    |BlockBuffer_val_9_8_fu_1068    |   8|   0|    8|          0|
    |BlockBuffer_val_9_9_fu_1072    |   8|   0|    8|          0|
    |LineBuffer_cols_reg_10710      |  32|   0|   32|          0|
    |LineBuffer_val_10_a_reg_10817  |   9|   0|    9|          0|
    |LineBuffer_val_11_a_reg_10823  |   9|   0|    9|          0|
    |LineBuffer_val_12_a_reg_10829  |   9|   0|    9|          0|
    |LineBuffer_val_13_a_reg_10835  |   9|   0|    9|          0|
    |LineBuffer_val_14_a_reg_10841  |   9|   0|    9|          0|
    |LineBuffer_val_1_ad_reg_10763  |   9|   0|    9|          0|
    |LineBuffer_val_2_ad_reg_10769  |   9|   0|    9|          0|
    |LineBuffer_val_3_ad_reg_10775  |   9|   0|    9|          0|
    |LineBuffer_val_4_ad_reg_10781  |   9|   0|    9|          0|
    |LineBuffer_val_5_ad_reg_10787  |   9|   0|    9|          0|
    |LineBuffer_val_6_ad_reg_10793  |   9|   0|    9|          0|
    |LineBuffer_val_7_ad_reg_10799  |   9|   0|    9|          0|
    |LineBuffer_val_8_ad_reg_10805  |   9|   0|    9|          0|
    |LineBuffer_val_9_ad_reg_10811  |   9|   0|    9|          0|
    |ap_CS_fsm                      |   4|   0|    4|          0|
    |ap_enable_reg_pp0_iter0        |   1|   0|    1|          0|
    |ap_enable_reg_pp0_iter1        |   1|   0|    1|          0|
    |ap_enable_reg_pp0_iter2        |   1|   0|    1|          0|
    |ap_enable_reg_pp0_iter3        |   1|   0|    1|          0|
    |ap_enable_reg_pp0_iter4        |   1|   0|    1|          0|
    |exitcond3_reg_10754            |   1|   0|    1|          0|
    |i_1_reg_10734                  |  31|   0|   31|          0|
    |i_reg_3054                     |  31|   0|   31|          0|
    |j_reg_3065                     |  32|   0|   32|          0|
    |or_cond_reg_10852              |   1|   0|    1|          0|
    |p_Val2_7_0_13_reg_10861        |  32|   0|   32|          0|
    |p_Val2_7_11_1_reg_10951        |  32|   0|   32|          0|
    |p_Val2_7_11_2_reg_10956        |  32|   0|   32|          0|
    |p_Val2_7_11_reg_10961          |  32|   0|   32|          0|
    |p_Val2_7_12_1_reg_10966        |  32|   0|   32|          0|
    |p_Val2_7_13_12_reg_10971       |  32|   0|   32|          0|
    |p_Val2_7_13_13_reg_10976       |  32|   0|   32|          0|
    |p_Val2_7_14_12_reg_10981       |  32|   0|   32|          0|
    |p_Val2_7_14_13_reg_10986       |  32|   0|   32|          0|
    |p_Val2_7_1_12_reg_10876        |  32|   0|   32|          0|
    |p_Val2_7_1_13_reg_10881        |  32|   0|   32|          0|
    |p_Val2_7_1_1_reg_10871         |  32|   0|   32|          0|
    |p_Val2_7_1_reg_10866           |  32|   0|   32|          0|
    |p_Val2_7_2_11_reg_10891        |  32|   0|   32|          0|
    |p_Val2_7_2_12_reg_10896        |  32|   0|   32|          0|
    |p_Val2_7_2_13_reg_10901        |  32|   0|   32|          0|
    |p_Val2_7_2_reg_10886           |  32|   0|   32|          0|
    |p_Val2_7_7_13_reg_10906        |  32|   0|   32|          0|
    |p_Val2_7_8_12_reg_10921        |  32|   0|   32|          0|
    |p_Val2_7_8_13_reg_10926        |  32|   0|   32|          0|
    |p_Val2_7_8_1_reg_10916         |  32|   0|   32|          0|
    |p_Val2_7_8_reg_10911           |  32|   0|   32|          0|
    |p_Val2_7_9_11_reg_10936        |  32|   0|   32|          0|
    |p_Val2_7_9_12_reg_10941        |  32|   0|   32|          0|
    |p_Val2_7_9_13_reg_10946        |  32|   0|   32|          0|
    |p_Val2_7_9_reg_10931           |  32|   0|   32|          0|
    |tmp101_reg_11161               |  32|   0|   32|          0|
    |tmp104_reg_11166               |  32|   0|   32|          0|
    |tmp105_reg_11171               |  32|   0|   32|          0|
    |tmp107_reg_11176               |  32|   0|   32|          0|
    |tmp10_reg_11001                |  32|   0|   32|          0|
    |tmp110_reg_11181               |  32|   0|   32|          0|
    |tmp111_reg_11186               |  32|   0|   32|          0|
    |tmp113_reg_11401               |  32|   0|   32|          0|
    |tmp117_reg_11191               |  32|   0|   32|          0|
    |tmp120_reg_11196               |  32|   0|   32|          0|
    |tmp121_reg_11201               |  32|   0|   32|          0|
    |tmp125_reg_11206               |  32|   0|   32|          0|
    |tmp12_reg_11006                |  32|   0|   32|          0|
    |tmp130_reg_11211               |  32|   0|   32|          0|
    |tmp133_reg_11216               |  32|   0|   32|          0|
    |tmp134_reg_11221               |  32|   0|   32|          0|
    |tmp139_reg_11226               |  32|   0|   32|          0|
    |tmp140_reg_11231               |  32|   0|   32|          0|
    |tmp144_reg_11236               |  32|   0|   32|          0|
    |tmp147_reg_11241               |  32|   0|   32|          0|
    |tmp148_reg_11246               |  32|   0|   32|          0|
    |tmp14_reg_11011                |  32|   0|   32|          0|
    |tmp152_reg_11251               |  32|   0|   32|          0|
    |tmp157_reg_11256               |  32|   0|   32|          0|
    |tmp160_reg_11261               |  32|   0|   32|          0|
    |tmp161_reg_11266               |  32|   0|   32|          0|
    |tmp163_reg_11271               |  32|   0|   32|          0|
    |tmp166_reg_11276               |  32|   0|   32|          0|
    |tmp168_reg_11406               |  32|   0|   32|          0|
    |tmp172_reg_11281               |  32|   0|   32|          0|
    |tmp175_reg_11286               |  32|   0|   32|          0|
    |tmp176_reg_11291               |  32|   0|   32|          0|
    |tmp178_reg_11296               |  32|   0|   32|          0|
    |tmp181_reg_11301               |  32|   0|   32|          0|
    |tmp185_reg_11306               |  32|   0|   32|          0|
    |tmp188_reg_11311               |  32|   0|   32|          0|
    |tmp189_reg_11316               |  32|   0|   32|          0|
    |tmp191_reg_11321               |  32|   0|   32|          0|
    |tmp194_reg_11326               |  32|   0|   32|          0|
    |tmp195_reg_11331               |  32|   0|   32|          0|
    |tmp199_reg_11336               |  32|   0|   32|          0|
    |tmp202_reg_11341               |  32|   0|   32|          0|
    |tmp203_reg_11346               |  32|   0|   32|          0|
    |tmp205_reg_11351               |  32|   0|   32|          0|
    |tmp208_reg_11356               |  32|   0|   32|          0|
    |tmp212_reg_11361               |  32|   0|   32|          0|
    |tmp215_reg_11366               |  32|   0|   32|          0|
    |tmp216_reg_11371               |  32|   0|   32|          0|
    |tmp218_reg_11376               |  32|   0|   32|          0|
    |tmp222_reg_11381               |  32|   0|   32|          0|
    |tmp22_reg_11016                |  32|   0|   32|          0|
    |tmp23_reg_11021                |  32|   0|   32|          0|
    |tmp25_reg_11026                |  32|   0|   32|          0|
    |tmp28_reg_11031                |  32|   0|   32|          0|
    |tmp29_reg_11036                |  32|   0|   32|          0|
    |tmp2_reg_11386                 |  32|   0|   32|          0|
    |tmp36_reg_11041                |  32|   0|   32|          0|
    |tmp37_reg_11046                |  32|   0|   32|          0|
    |tmp39_reg_11051                |  32|   0|   32|          0|
    |tmp41_reg_11056                |  32|   0|   32|          0|
    |tmp49_reg_11061                |  32|   0|   32|          0|
    |tmp50_reg_11066                |  32|   0|   32|          0|
    |tmp52_reg_11071                |  32|   0|   32|          0|
    |tmp54_reg_11076                |  32|   0|   32|          0|
    |tmp58_reg_11391                |  32|   0|   32|          0|
    |tmp61_reg_11081                |  32|   0|   32|          0|
    |tmp64_reg_11086                |  32|   0|   32|          0|
    |tmp65_reg_11091                |  32|   0|   32|          0|
    |tmp67_reg_11096                |  32|   0|   32|          0|
    |tmp69_reg_11101                |  32|   0|   32|          0|
    |tmp6_reg_10991                 |  32|   0|   32|          0|
    |tmp74_reg_11106                |  32|   0|   32|          0|
    |tmp77_reg_11111                |  32|   0|   32|          0|
    |tmp78_reg_11116                |  32|   0|   32|          0|
    |tmp80_reg_11121                |  32|   0|   32|          0|
    |tmp83_reg_11126                |  32|   0|   32|          0|
    |tmp84_reg_11131                |  32|   0|   32|          0|
    |tmp85_reg_11396                |  32|   0|   32|          0|
    |tmp88_reg_11136                |  32|   0|   32|          0|
    |tmp91_reg_11141                |  32|   0|   32|          0|
    |tmp92_reg_11146                |  32|   0|   32|          0|
    |tmp94_reg_11151                |  32|   0|   32|          0|
    |tmp96_reg_11156                |  32|   0|   32|          0|
    |tmp9_reg_10996                 |  32|   0|   32|          0|
    |tmp_11_cast_reg_10744          |  10|   0|   18|          8|
    |tmp_25_cast_reg_10749          |  10|   0|   18|          8|
    |tmp_494_reg_10720              |  18|   0|   18|          0|
    |tmp_495_reg_10725              |  10|   0|   10|          0|
    |tmp_67_reg_11411               |   8|   0|    8|          0|
    |tmp_68_reg_10856               |  18|   0|   18|          0|
    |tmp_9_reg_10739                |   1|   0|    1|          0|
    |tmp_s_reg_10715                |  32|   0|   32|          0|
    |or_cond_reg_10852              |  64|  32|    1|          0|
    |tmp_68_reg_10856               |  64|  32|   18|          0|
    +-------------------------------+----+----+-----+-----------+
    |Total                          |5698|  64| 5605|         16|
    +-------------------------------+----+----+-----+-----------+



================================================================
== Interface
================================================================
* Summary: 
+-------------------------+-----+-----+------------+-------------------------+--------------+
|        RTL Ports        | Dir | Bits|  Protocol  |      Source Object      |    C Type    |
+-------------------------+-----+-----+------------+-------------------------+--------------+
|ap_clk                   |  in |    1| ap_ctrl_hs |         Filter2D        | return value |
|ap_rst                   |  in |    1| ap_ctrl_hs |         Filter2D        | return value |
|ap_start                 |  in |    1| ap_ctrl_hs |         Filter2D        | return value |
|ap_done                  | out |    1| ap_ctrl_hs |         Filter2D        | return value |
|ap_idle                  | out |    1| ap_ctrl_hs |         Filter2D        | return value |
|ap_ready                 | out |    1| ap_ctrl_hs |         Filter2D        | return value |
|ap_return_0              | out |   32| ap_ctrl_hs |         Filter2D        | return value |
|ap_return_1              | out |   32| ap_ctrl_hs |         Filter2D        | return value |
|src_val_address0         | out |   16|  ap_memory |         src_val         |     array    |
|src_val_ce0              | out |    1|  ap_memory |         src_val         |     array    |
|src_val_q0               |  in |    8|  ap_memory |         src_val         |     array    |
|src_rows_read            |  in |   32|   ap_none  |      src_rows_read      |    scalar    |
|src_cols_read            |  in |   32|   ap_none  |      src_cols_read      |    scalar    |
|kernel_val_0_V_0_read    |  in |   32|   ap_none  |  kernel_val_0_V_0_read  |    scalar    |
|kernel_val_0_V_1_read    |  in |   32|   ap_none  |  kernel_val_0_V_1_read  |    scalar    |
|kernel_val_0_V_2_read    |  in |   32|   ap_none  |  kernel_val_0_V_2_read  |    scalar    |
|kernel_val_0_V_3_read    |  in |   32|   ap_none  |  kernel_val_0_V_3_read  |    scalar    |
|kernel_val_0_V_4_read    |  in |   32|   ap_none  |  kernel_val_0_V_4_read  |    scalar    |
|kernel_val_0_V_5_read    |  in |   32|   ap_none  |  kernel_val_0_V_5_read  |    scalar    |
|kernel_val_0_V_6_read    |  in |   32|   ap_none  |  kernel_val_0_V_6_read  |    scalar    |
|kernel_val_0_V_7_read    |  in |   32|   ap_none  |  kernel_val_0_V_7_read  |    scalar    |
|kernel_val_0_V_8_read    |  in |   32|   ap_none  |  kernel_val_0_V_8_read  |    scalar    |
|kernel_val_0_V_9_read    |  in |   32|   ap_none  |  kernel_val_0_V_9_read  |    scalar    |
|kernel_val_0_V_10_read   |  in |   32|   ap_none  |  kernel_val_0_V_10_read |    scalar    |
|kernel_val_0_V_11_read   |  in |   32|   ap_none  |  kernel_val_0_V_11_read |    scalar    |
|kernel_val_0_V_12_read   |  in |   32|   ap_none  |  kernel_val_0_V_12_read |    scalar    |
|kernel_val_0_V_13_read   |  in |   32|   ap_none  |  kernel_val_0_V_13_read |    scalar    |
|kernel_val_0_V_14_read   |  in |   32|   ap_none  |  kernel_val_0_V_14_read |    scalar    |
|kernel_val_1_V_0_read    |  in |   32|   ap_none  |  kernel_val_1_V_0_read  |    scalar    |
|kernel_val_1_V_1_read    |  in |   32|   ap_none  |  kernel_val_1_V_1_read  |    scalar    |
|kernel_val_1_V_2_read    |  in |   32|   ap_none  |  kernel_val_1_V_2_read  |    scalar    |
|kernel_val_1_V_3_read    |  in |   32|   ap_none  |  kernel_val_1_V_3_read  |    scalar    |
|kernel_val_1_V_4_read    |  in |   32|   ap_none  |  kernel_val_1_V_4_read  |    scalar    |
|kernel_val_1_V_5_read    |  in |   32|   ap_none  |  kernel_val_1_V_5_read  |    scalar    |
|kernel_val_1_V_6_read    |  in |   32|   ap_none  |  kernel_val_1_V_6_read  |    scalar    |
|kernel_val_1_V_7_read    |  in |   32|   ap_none  |  kernel_val_1_V_7_read  |    scalar    |
|kernel_val_1_V_8_read    |  in |   32|   ap_none  |  kernel_val_1_V_8_read  |    scalar    |
|kernel_val_1_V_9_read    |  in |   32|   ap_none  |  kernel_val_1_V_9_read  |    scalar    |
|kernel_val_1_V_10_read   |  in |   32|   ap_none  |  kernel_val_1_V_10_read |    scalar    |
|kernel_val_1_V_11_read   |  in |   32|   ap_none  |  kernel_val_1_V_11_read |    scalar    |
|kernel_val_1_V_12_read   |  in |   32|   ap_none  |  kernel_val_1_V_12_read |    scalar    |
|kernel_val_1_V_13_read   |  in |   32|   ap_none  |  kernel_val_1_V_13_read |    scalar    |
|kernel_val_1_V_14_read   |  in |   32|   ap_none  |  kernel_val_1_V_14_read |    scalar    |
|kernel_val_2_V_0_read    |  in |   32|   ap_none  |  kernel_val_2_V_0_read  |    scalar    |
|kernel_val_2_V_1_read    |  in |   32|   ap_none  |  kernel_val_2_V_1_read  |    scalar    |
|kernel_val_2_V_2_read    |  in |   32|   ap_none  |  kernel_val_2_V_2_read  |    scalar    |
|kernel_val_2_V_3_read    |  in |   32|   ap_none  |  kernel_val_2_V_3_read  |    scalar    |
|kernel_val_2_V_4_read    |  in |   32|   ap_none  |  kernel_val_2_V_4_read  |    scalar    |
|kernel_val_2_V_5_read    |  in |   32|   ap_none  |  kernel_val_2_V_5_read  |    scalar    |
|kernel_val_2_V_6_read    |  in |   32|   ap_none  |  kernel_val_2_V_6_read  |    scalar    |
|kernel_val_2_V_7_read    |  in |   32|   ap_none  |  kernel_val_2_V_7_read  |    scalar    |
|kernel_val_2_V_8_read    |  in |   32|   ap_none  |  kernel_val_2_V_8_read  |    scalar    |
|kernel_val_2_V_9_read    |  in |   32|   ap_none  |  kernel_val_2_V_9_read  |    scalar    |
|kernel_val_2_V_10_read   |  in |   32|   ap_none  |  kernel_val_2_V_10_read |    scalar    |
|kernel_val_2_V_11_read   |  in |   32|   ap_none  |  kernel_val_2_V_11_read |    scalar    |
|kernel_val_2_V_12_read   |  in |   32|   ap_none  |  kernel_val_2_V_12_read |    scalar    |
|kernel_val_2_V_13_read   |  in |   32|   ap_none  |  kernel_val_2_V_13_read |    scalar    |
|kernel_val_2_V_14_read   |  in |   32|   ap_none  |  kernel_val_2_V_14_read |    scalar    |
|kernel_val_3_V_0_read    |  in |   32|   ap_none  |  kernel_val_3_V_0_read  |    scalar    |
|kernel_val_3_V_1_read    |  in |   32|   ap_none  |  kernel_val_3_V_1_read  |    scalar    |
|kernel_val_3_V_2_read    |  in |   32|   ap_none  |  kernel_val_3_V_2_read  |    scalar    |
|kernel_val_3_V_3_read    |  in |   32|   ap_none  |  kernel_val_3_V_3_read  |    scalar    |
|kernel_val_3_V_4_read    |  in |   32|   ap_none  |  kernel_val_3_V_4_read  |    scalar    |
|kernel_val_3_V_5_read    |  in |   32|   ap_none  |  kernel_val_3_V_5_read  |    scalar    |
|kernel_val_3_V_6_read    |  in |   32|   ap_none  |  kernel_val_3_V_6_read  |    scalar    |
|kernel_val_3_V_7_read    |  in |   32|   ap_none  |  kernel_val_3_V_7_read  |    scalar    |
|kernel_val_3_V_8_read    |  in |   32|   ap_none  |  kernel_val_3_V_8_read  |    scalar    |
|kernel_val_3_V_9_read    |  in |   32|   ap_none  |  kernel_val_3_V_9_read  |    scalar    |
|kernel_val_3_V_10_read   |  in |   32|   ap_none  |  kernel_val_3_V_10_read |    scalar    |
|kernel_val_3_V_11_read   |  in |   32|   ap_none  |  kernel_val_3_V_11_read |    scalar    |
|kernel_val_3_V_12_read   |  in |   32|   ap_none  |  kernel_val_3_V_12_read |    scalar    |
|kernel_val_3_V_13_read   |  in |   32|   ap_none  |  kernel_val_3_V_13_read |    scalar    |
|kernel_val_3_V_14_read   |  in |   32|   ap_none  |  kernel_val_3_V_14_read |    scalar    |
|kernel_val_4_V_0_read    |  in |   32|   ap_none  |  kernel_val_4_V_0_read  |    scalar    |
|kernel_val_4_V_1_read    |  in |   32|   ap_none  |  kernel_val_4_V_1_read  |    scalar    |
|kernel_val_4_V_2_read    |  in |   32|   ap_none  |  kernel_val_4_V_2_read  |    scalar    |
|kernel_val_4_V_3_read    |  in |   32|   ap_none  |  kernel_val_4_V_3_read  |    scalar    |
|kernel_val_4_V_4_read    |  in |   32|   ap_none  |  kernel_val_4_V_4_read  |    scalar    |
|kernel_val_4_V_5_read    |  in |   32|   ap_none  |  kernel_val_4_V_5_read  |    scalar    |
|kernel_val_4_V_6_read    |  in |   32|   ap_none  |  kernel_val_4_V_6_read  |    scalar    |
|kernel_val_4_V_7_read    |  in |   32|   ap_none  |  kernel_val_4_V_7_read  |    scalar    |
|kernel_val_4_V_8_read    |  in |   32|   ap_none  |  kernel_val_4_V_8_read  |    scalar    |
|kernel_val_4_V_9_read    |  in |   32|   ap_none  |  kernel_val_4_V_9_read  |    scalar    |
|kernel_val_4_V_10_read   |  in |   32|   ap_none  |  kernel_val_4_V_10_read |    scalar    |
|kernel_val_4_V_11_read   |  in |   32|   ap_none  |  kernel_val_4_V_11_read |    scalar    |
|kernel_val_4_V_12_read   |  in |   32|   ap_none  |  kernel_val_4_V_12_read |    scalar    |
|kernel_val_4_V_13_read   |  in |   32|   ap_none  |  kernel_val_4_V_13_read |    scalar    |
|kernel_val_4_V_14_read   |  in |   32|   ap_none  |  kernel_val_4_V_14_read |    scalar    |
|kernel_val_5_V_0_read    |  in |   32|   ap_none  |  kernel_val_5_V_0_read  |    scalar    |
|kernel_val_5_V_1_read    |  in |   32|   ap_none  |  kernel_val_5_V_1_read  |    scalar    |
|kernel_val_5_V_2_read    |  in |   32|   ap_none  |  kernel_val_5_V_2_read  |    scalar    |
|kernel_val_5_V_3_read    |  in |   32|   ap_none  |  kernel_val_5_V_3_read  |    scalar    |
|kernel_val_5_V_4_read    |  in |   32|   ap_none  |  kernel_val_5_V_4_read  |    scalar    |
|kernel_val_5_V_5_read    |  in |   32|   ap_none  |  kernel_val_5_V_5_read  |    scalar    |
|kernel_val_5_V_6_read    |  in |   32|   ap_none  |  kernel_val_5_V_6_read  |    scalar    |
|kernel_val_5_V_7_read    |  in |   32|   ap_none  |  kernel_val_5_V_7_read  |    scalar    |
|kernel_val_5_V_8_read    |  in |   32|   ap_none  |  kernel_val_5_V_8_read  |    scalar    |
|kernel_val_5_V_9_read    |  in |   32|   ap_none  |  kernel_val_5_V_9_read  |    scalar    |
|kernel_val_5_V_10_read   |  in |   32|   ap_none  |  kernel_val_5_V_10_read |    scalar    |
|kernel_val_5_V_11_read   |  in |   32|   ap_none  |  kernel_val_5_V_11_read |    scalar    |
|kernel_val_5_V_12_read   |  in |   32|   ap_none  |  kernel_val_5_V_12_read |    scalar    |
|kernel_val_5_V_13_read   |  in |   32|   ap_none  |  kernel_val_5_V_13_read |    scalar    |
|kernel_val_5_V_14_read   |  in |   32|   ap_none  |  kernel_val_5_V_14_read |    scalar    |
|kernel_val_6_V_0_read    |  in |   32|   ap_none  |  kernel_val_6_V_0_read  |    scalar    |
|kernel_val_6_V_1_read    |  in |   32|   ap_none  |  kernel_val_6_V_1_read  |    scalar    |
|kernel_val_6_V_2_read    |  in |   32|   ap_none  |  kernel_val_6_V_2_read  |    scalar    |
|kernel_val_6_V_3_read    |  in |   32|   ap_none  |  kernel_val_6_V_3_read  |    scalar    |
|kernel_val_6_V_4_read    |  in |   32|   ap_none  |  kernel_val_6_V_4_read  |    scalar    |
|kernel_val_6_V_5_read    |  in |   32|   ap_none  |  kernel_val_6_V_5_read  |    scalar    |
|kernel_val_6_V_6_read    |  in |   32|   ap_none  |  kernel_val_6_V_6_read  |    scalar    |
|kernel_val_6_V_7_read    |  in |   32|   ap_none  |  kernel_val_6_V_7_read  |    scalar    |
|kernel_val_6_V_8_read    |  in |   32|   ap_none  |  kernel_val_6_V_8_read  |    scalar    |
|kernel_val_6_V_9_read    |  in |   32|   ap_none  |  kernel_val_6_V_9_read  |    scalar    |
|kernel_val_6_V_10_read   |  in |   32|   ap_none  |  kernel_val_6_V_10_read |    scalar    |
|kernel_val_6_V_11_read   |  in |   32|   ap_none  |  kernel_val_6_V_11_read |    scalar    |
|kernel_val_6_V_12_read   |  in |   32|   ap_none  |  kernel_val_6_V_12_read |    scalar    |
|kernel_val_6_V_13_read   |  in |   32|   ap_none  |  kernel_val_6_V_13_read |    scalar    |
|kernel_val_6_V_14_read   |  in |   32|   ap_none  |  kernel_val_6_V_14_read |    scalar    |
|kernel_val_7_V_0_read    |  in |   32|   ap_none  |  kernel_val_7_V_0_read  |    scalar    |
|kernel_val_7_V_1_read    |  in |   32|   ap_none  |  kernel_val_7_V_1_read  |    scalar    |
|kernel_val_7_V_2_read    |  in |   32|   ap_none  |  kernel_val_7_V_2_read  |    scalar    |
|kernel_val_7_V_3_read    |  in |   32|   ap_none  |  kernel_val_7_V_3_read  |    scalar    |
|kernel_val_7_V_4_read    |  in |   32|   ap_none  |  kernel_val_7_V_4_read  |    scalar    |
|kernel_val_7_V_5_read    |  in |   32|   ap_none  |  kernel_val_7_V_5_read  |    scalar    |
|kernel_val_7_V_6_read    |  in |   32|   ap_none  |  kernel_val_7_V_6_read  |    scalar    |
|kernel_val_7_V_7_read    |  in |   32|   ap_none  |  kernel_val_7_V_7_read  |    scalar    |
|kernel_val_7_V_8_read    |  in |   32|   ap_none  |  kernel_val_7_V_8_read  |    scalar    |
|kernel_val_7_V_9_read    |  in |   32|   ap_none  |  kernel_val_7_V_9_read  |    scalar    |
|kernel_val_7_V_10_read   |  in |   32|   ap_none  |  kernel_val_7_V_10_read |    scalar    |
|kernel_val_7_V_11_read   |  in |   32|   ap_none  |  kernel_val_7_V_11_read |    scalar    |
|kernel_val_7_V_12_read   |  in |   32|   ap_none  |  kernel_val_7_V_12_read |    scalar    |
|kernel_val_7_V_13_read   |  in |   32|   ap_none  |  kernel_val_7_V_13_read |    scalar    |
|kernel_val_7_V_14_read   |  in |   32|   ap_none  |  kernel_val_7_V_14_read |    scalar    |
|kernel_val_8_V_0_read    |  in |   32|   ap_none  |  kernel_val_8_V_0_read  |    scalar    |
|kernel_val_8_V_1_read    |  in |   32|   ap_none  |  kernel_val_8_V_1_read  |    scalar    |
|kernel_val_8_V_2_read    |  in |   32|   ap_none  |  kernel_val_8_V_2_read  |    scalar    |
|kernel_val_8_V_3_read    |  in |   32|   ap_none  |  kernel_val_8_V_3_read  |    scalar    |
|kernel_val_8_V_4_read    |  in |   32|   ap_none  |  kernel_val_8_V_4_read  |    scalar    |
|kernel_val_8_V_5_read    |  in |   32|   ap_none  |  kernel_val_8_V_5_read  |    scalar    |
|kernel_val_8_V_6_read    |  in |   32|   ap_none  |  kernel_val_8_V_6_read  |    scalar    |
|kernel_val_8_V_7_read    |  in |   32|   ap_none  |  kernel_val_8_V_7_read  |    scalar    |
|kernel_val_8_V_8_read    |  in |   32|   ap_none  |  kernel_val_8_V_8_read  |    scalar    |
|kernel_val_8_V_9_read    |  in |   32|   ap_none  |  kernel_val_8_V_9_read  |    scalar    |
|kernel_val_8_V_10_read   |  in |   32|   ap_none  |  kernel_val_8_V_10_read |    scalar    |
|kernel_val_8_V_11_read   |  in |   32|   ap_none  |  kernel_val_8_V_11_read |    scalar    |
|kernel_val_8_V_12_read   |  in |   32|   ap_none  |  kernel_val_8_V_12_read |    scalar    |
|kernel_val_8_V_13_read   |  in |   32|   ap_none  |  kernel_val_8_V_13_read |    scalar    |
|kernel_val_8_V_14_read   |  in |   32|   ap_none  |  kernel_val_8_V_14_read |    scalar    |
|kernel_val_9_V_0_read    |  in |   32|   ap_none  |  kernel_val_9_V_0_read  |    scalar    |
|kernel_val_9_V_1_read    |  in |   32|   ap_none  |  kernel_val_9_V_1_read  |    scalar    |
|kernel_val_9_V_2_read    |  in |   32|   ap_none  |  kernel_val_9_V_2_read  |    scalar    |
|kernel_val_9_V_3_read    |  in |   32|   ap_none  |  kernel_val_9_V_3_read  |    scalar    |
|kernel_val_9_V_4_read    |  in |   32|   ap_none  |  kernel_val_9_V_4_read  |    scalar    |
|kernel_val_9_V_5_read    |  in |   32|   ap_none  |  kernel_val_9_V_5_read  |    scalar    |
|kernel_val_9_V_6_read    |  in |   32|   ap_none  |  kernel_val_9_V_6_read  |    scalar    |
|kernel_val_9_V_7_read    |  in |   32|   ap_none  |  kernel_val_9_V_7_read  |    scalar    |
|kernel_val_9_V_8_read    |  in |   32|   ap_none  |  kernel_val_9_V_8_read  |    scalar    |
|kernel_val_9_V_9_read    |  in |   32|   ap_none  |  kernel_val_9_V_9_read  |    scalar    |
|kernel_val_9_V_10_read   |  in |   32|   ap_none  |  kernel_val_9_V_10_read |    scalar    |
|kernel_val_9_V_11_read   |  in |   32|   ap_none  |  kernel_val_9_V_11_read |    scalar    |
|kernel_val_9_V_12_read   |  in |   32|   ap_none  |  kernel_val_9_V_12_read |    scalar    |
|kernel_val_9_V_13_read   |  in |   32|   ap_none  |  kernel_val_9_V_13_read |    scalar    |
|kernel_val_9_V_14_read   |  in |   32|   ap_none  |  kernel_val_9_V_14_read |    scalar    |
|kernel_val_10_V_0_read   |  in |   32|   ap_none  |  kernel_val_10_V_0_read |    scalar    |
|kernel_val_10_V_1_read   |  in |   32|   ap_none  |  kernel_val_10_V_1_read |    scalar    |
|kernel_val_10_V_2_read   |  in |   32|   ap_none  |  kernel_val_10_V_2_read |    scalar    |
|kernel_val_10_V_3_read   |  in |   32|   ap_none  |  kernel_val_10_V_3_read |    scalar    |
|kernel_val_10_V_4_read   |  in |   32|   ap_none  |  kernel_val_10_V_4_read |    scalar    |
|kernel_val_10_V_5_read   |  in |   32|   ap_none  |  kernel_val_10_V_5_read |    scalar    |
|kernel_val_10_V_6_read   |  in |   32|   ap_none  |  kernel_val_10_V_6_read |    scalar    |
|kernel_val_10_V_7_read   |  in |   32|   ap_none  |  kernel_val_10_V_7_read |    scalar    |
|kernel_val_10_V_8_read   |  in |   32|   ap_none  |  kernel_val_10_V_8_read |    scalar    |
|kernel_val_10_V_9_read   |  in |   32|   ap_none  |  kernel_val_10_V_9_read |    scalar    |
|kernel_val_10_V_10_read  |  in |   32|   ap_none  | kernel_val_10_V_10_read |    scalar    |
|kernel_val_10_V_11_read  |  in |   32|   ap_none  | kernel_val_10_V_11_read |    scalar    |
|kernel_val_10_V_12_read  |  in |   32|   ap_none  | kernel_val_10_V_12_read |    scalar    |
|kernel_val_10_V_13_read  |  in |   32|   ap_none  | kernel_val_10_V_13_read |    scalar    |
|kernel_val_10_V_14_read  |  in |   32|   ap_none  | kernel_val_10_V_14_read |    scalar    |
|kernel_val_11_V_0_read   |  in |   32|   ap_none  |  kernel_val_11_V_0_read |    scalar    |
|kernel_val_11_V_1_read   |  in |   32|   ap_none  |  kernel_val_11_V_1_read |    scalar    |
|kernel_val_11_V_2_read   |  in |   32|   ap_none  |  kernel_val_11_V_2_read |    scalar    |
|kernel_val_11_V_3_read   |  in |   32|   ap_none  |  kernel_val_11_V_3_read |    scalar    |
|kernel_val_11_V_4_read   |  in |   32|   ap_none  |  kernel_val_11_V_4_read |    scalar    |
|kernel_val_11_V_5_read   |  in |   32|   ap_none  |  kernel_val_11_V_5_read |    scalar    |
|kernel_val_11_V_6_read   |  in |   32|   ap_none  |  kernel_val_11_V_6_read |    scalar    |
|kernel_val_11_V_7_read   |  in |   32|   ap_none  |  kernel_val_11_V_7_read |    scalar    |
|kernel_val_11_V_8_read   |  in |   32|   ap_none  |  kernel_val_11_V_8_read |    scalar    |
|kernel_val_11_V_9_read   |  in |   32|   ap_none  |  kernel_val_11_V_9_read |    scalar    |
|kernel_val_11_V_10_read  |  in |   32|   ap_none  | kernel_val_11_V_10_read |    scalar    |
|kernel_val_11_V_11_read  |  in |   32|   ap_none  | kernel_val_11_V_11_read |    scalar    |
|kernel_val_11_V_12_read  |  in |   32|   ap_none  | kernel_val_11_V_12_read |    scalar    |
|kernel_val_11_V_13_read  |  in |   32|   ap_none  | kernel_val_11_V_13_read |    scalar    |
|kernel_val_11_V_14_read  |  in |   32|   ap_none  | kernel_val_11_V_14_read |    scalar    |
|kernel_val_12_V_0_read   |  in |   32|   ap_none  |  kernel_val_12_V_0_read |    scalar    |
|kernel_val_12_V_1_read   |  in |   32|   ap_none  |  kernel_val_12_V_1_read |    scalar    |
|kernel_val_12_V_2_read   |  in |   32|   ap_none  |  kernel_val_12_V_2_read |    scalar    |
|kernel_val_12_V_3_read   |  in |   32|   ap_none  |  kernel_val_12_V_3_read |    scalar    |
|kernel_val_12_V_4_read   |  in |   32|   ap_none  |  kernel_val_12_V_4_read |    scalar    |
|kernel_val_12_V_5_read   |  in |   32|   ap_none  |  kernel_val_12_V_5_read |    scalar    |
|kernel_val_12_V_6_read   |  in |   32|   ap_none  |  kernel_val_12_V_6_read |    scalar    |
|kernel_val_12_V_7_read   |  in |   32|   ap_none  |  kernel_val_12_V_7_read |    scalar    |
|kernel_val_12_V_8_read   |  in |   32|   ap_none  |  kernel_val_12_V_8_read |    scalar    |
|kernel_val_12_V_9_read   |  in |   32|   ap_none  |  kernel_val_12_V_9_read |    scalar    |
|kernel_val_12_V_10_read  |  in |   32|   ap_none  | kernel_val_12_V_10_read |    scalar    |
|kernel_val_12_V_11_read  |  in |   32|   ap_none  | kernel_val_12_V_11_read |    scalar    |
|kernel_val_12_V_12_read  |  in |   32|   ap_none  | kernel_val_12_V_12_read |    scalar    |
|kernel_val_12_V_13_read  |  in |   32|   ap_none  | kernel_val_12_V_13_read |    scalar    |
|kernel_val_12_V_14_read  |  in |   32|   ap_none  | kernel_val_12_V_14_read |    scalar    |
|kernel_val_13_V_0_read   |  in |   32|   ap_none  |  kernel_val_13_V_0_read |    scalar    |
|kernel_val_13_V_1_read   |  in |   32|   ap_none  |  kernel_val_13_V_1_read |    scalar    |
|kernel_val_13_V_2_read   |  in |   32|   ap_none  |  kernel_val_13_V_2_read |    scalar    |
|kernel_val_13_V_3_read   |  in |   32|   ap_none  |  kernel_val_13_V_3_read |    scalar    |
|kernel_val_13_V_4_read   |  in |   32|   ap_none  |  kernel_val_13_V_4_read |    scalar    |
|kernel_val_13_V_5_read   |  in |   32|   ap_none  |  kernel_val_13_V_5_read |    scalar    |
|kernel_val_13_V_6_read   |  in |   32|   ap_none  |  kernel_val_13_V_6_read |    scalar    |
|kernel_val_13_V_7_read   |  in |   32|   ap_none  |  kernel_val_13_V_7_read |    scalar    |
|kernel_val_13_V_8_read   |  in |   32|   ap_none  |  kernel_val_13_V_8_read |    scalar    |
|kernel_val_13_V_9_read   |  in |   32|   ap_none  |  kernel_val_13_V_9_read |    scalar    |
|kernel_val_13_V_10_read  |  in |   32|   ap_none  | kernel_val_13_V_10_read |    scalar    |
|kernel_val_13_V_11_read  |  in |   32|   ap_none  | kernel_val_13_V_11_read |    scalar    |
|kernel_val_13_V_12_read  |  in |   32|   ap_none  | kernel_val_13_V_12_read |    scalar    |
|kernel_val_13_V_13_read  |  in |   32|   ap_none  | kernel_val_13_V_13_read |    scalar    |
|kernel_val_13_V_14_read  |  in |   32|   ap_none  | kernel_val_13_V_14_read |    scalar    |
|kernel_val_14_V_0_read   |  in |   32|   ap_none  |  kernel_val_14_V_0_read |    scalar    |
|kernel_val_14_V_1_read   |  in |   32|   ap_none  |  kernel_val_14_V_1_read |    scalar    |
|kernel_val_14_V_2_read   |  in |   32|   ap_none  |  kernel_val_14_V_2_read |    scalar    |
|kernel_val_14_V_3_read   |  in |   32|   ap_none  |  kernel_val_14_V_3_read |    scalar    |
|kernel_val_14_V_4_read   |  in |   32|   ap_none  |  kernel_val_14_V_4_read |    scalar    |
|kernel_val_14_V_5_read   |  in |   32|   ap_none  |  kernel_val_14_V_5_read |    scalar    |
|kernel_val_14_V_6_read   |  in |   32|   ap_none  |  kernel_val_14_V_6_read |    scalar    |
|kernel_val_14_V_7_read   |  in |   32|   ap_none  |  kernel_val_14_V_7_read |    scalar    |
|kernel_val_14_V_8_read   |  in |   32|   ap_none  |  kernel_val_14_V_8_read |    scalar    |
|kernel_val_14_V_9_read   |  in |   32|   ap_none  |  kernel_val_14_V_9_read |    scalar    |
|kernel_val_14_V_10_read  |  in |   32|   ap_none  | kernel_val_14_V_10_read |    scalar    |
|kernel_val_14_V_11_read  |  in |   32|   ap_none  | kernel_val_14_V_11_read |    scalar    |
|kernel_val_14_V_12_read  |  in |   32|   ap_none  | kernel_val_14_V_12_read |    scalar    |
|kernel_val_14_V_13_read  |  in |   32|   ap_none  | kernel_val_14_V_13_read |    scalar    |
|kernel_val_14_V_14_read  |  in |   32|   ap_none  | kernel_val_14_V_14_read |    scalar    |
|dst_val_address0         | out |   16|  ap_memory |         dst_val         |     array    |
|dst_val_ce0              | out |    1|  ap_memory |         dst_val         |     array    |
|dst_val_we0              | out |    1|  ap_memory |         dst_val         |     array    |
|dst_val_d0               | out |    8|  ap_memory |         dst_val         |     array    |
+-------------------------+-----+-----+------------+-------------------------+--------------+

