

================================================================
== Vivado HLS Report for 'sqrt_fixed_32_32_s'
================================================================
* Date:           Tue Dec  4 08:52:20 2018

* Version:        2018.2 (Build 2258646 on Thu Jun 14 20:25:20 MDT 2018)
* Project:        Hough
* Solution:       solution1
* Product family: virtex7
* Target device:  xc7vx690tffg1761-3


================================================================
== Performance Estimates
================================================================
+ Timing (ns): 
    * Summary: 
    +--------+-------+----------+------------+
    |  Clock | Target| Estimated| Uncertainty|
    +--------+-------+----------+------------+
    |ap_clk  |  10.00|     8.575|        1.25|
    +--------+-------+----------+------------+

+ Latency (clock cycles): 
    * Summary: 
    +-----+-----+-----+-----+----------+
    |  Latency  |  Interval | Pipeline |
    | min | max | min | max |   Type   |
    +-----+-----+-----+-----+----------+
    |    3|    3|    1|    1| function |
    +-----+-----+-----+-----+----------+

    + Detail: 
        * Instance: 
        N/A

        * Loop: 
        N/A



================================================================
== Utilization Estimates
================================================================
* Summary: 
+-----------------+---------+-------+--------+--------+
|       Name      | BRAM_18K| DSP48E|   FF   |   LUT  |
+-----------------+---------+-------+--------+--------+
|DSP              |        -|      -|       -|       -|
|Expression       |        -|      -|       0|    1384|
|FIFO             |        -|      -|       -|       -|
|Instance         |        -|      -|       -|       -|
|Memory           |        -|      -|       -|       -|
|Multiplexer      |        -|      -|       -|       -|
|Register         |        0|      -|     314|      32|
+-----------------+---------+-------+--------+--------+
|Total            |        0|      0|     314|    1416|
+-----------------+---------+-------+--------+--------+
|Available        |     2940|   3600|  866400|  433200|
+-----------------+---------+-------+--------+--------+
|Utilization (%)  |        0|      0|   ~0   |   ~0   |
+-----------------+---------+-------+--------+--------+

+ Detail: 
    * Instance: 
    N/A

    * DSP48: 
    N/A

    * Memory: 
    N/A

    * FIFO: 
    N/A

    * Expression: 
    +-----------------------------+----------+-------+---+----+------------+------------+
    |        Variable Name        | Operation| DSP48E| FF| LUT| Bitwidth P0| Bitwidth P1|
    +-----------------------------+----------+-------+---+----+------------+------------+
    |loc_V_1_fu_246_p2            |     +    |      0|  0|  12|           2|           3|
    |res_I_V_fu_1498_p2           |     +    |      0|  0|  23|           1|          16|
    |loc_V_1_10_trunc_fu_1042_p2  |     -    |      0|  0|  20|          13|          13|
    |loc_V_1_11_trunc_fu_1124_p2  |     -    |      0|  0|  21|          14|          14|
    |loc_V_1_12_trunc_fu_1206_p2  |     -    |      0|  0|  22|          15|          15|
    |loc_V_1_13_trunc_fu_1288_p2  |     -    |      0|  0|  23|          16|          16|
    |loc_V_1_14_trunc_fu_1370_p2  |     -    |      0|  0|  24|          17|          17|
    |loc_V_1_15_trunc_fu_1436_p2  |     -    |      0|  0|  25|          18|          18|
    |loc_V_1_1_trunc_fu_318_p2    |     -    |      0|  0|  13|           4|           4|
    |loc_V_1_2_trunc_fu_400_p2    |     -    |      0|  0|  15|           5|           5|
    |loc_V_1_3_trunc_fu_475_p2    |     -    |      0|  0|  15|           6|           6|
    |loc_V_1_4_trunc_fu_557_p2    |     -    |      0|  0|  15|           7|           7|
    |loc_V_1_5_trunc_fu_639_p2    |     -    |      0|  0|  15|           8|           8|
    |loc_V_1_6_trunc_fu_721_p2    |     -    |      0|  0|  16|           9|           9|
    |loc_V_1_7_trunc_fu_803_p2    |     -    |      0|  0|  17|          10|          10|
    |loc_V_1_8_trunc_fu_878_p2    |     -    |      0|  0|  18|          11|          11|
    |loc_V_1_9_trunc_fu_960_p2    |     -    |      0|  0|  19|          12|          12|
    |tmp_14_10_fu_1118_p2         |   icmp   |      0|  0|  13|          14|          14|
    |tmp_14_11_fu_1200_p2         |   icmp   |      0|  0|  13|          15|          15|
    |tmp_14_12_fu_1282_p2         |   icmp   |      0|  0|  13|          16|          16|
    |tmp_14_13_fu_1364_p2         |   icmp   |      0|  0|  18|          17|          17|
    |tmp_14_14_fu_1430_p2         |   icmp   |      0|  0|  18|          18|          18|
    |tmp_14_1_fu_312_p2           |   icmp   |      0|  0|   9|           4|           4|
    |tmp_14_2_fu_394_p2           |   icmp   |      0|  0|  11|           5|           5|
    |tmp_14_3_fu_469_p2           |   icmp   |      0|  0|  11|           6|           6|
    |tmp_14_4_fu_551_p2           |   icmp   |      0|  0|  11|           7|           7|
    |tmp_14_5_fu_633_p2           |   icmp   |      0|  0|  11|           8|           8|
    |tmp_14_6_fu_715_p2           |   icmp   |      0|  0|  13|           9|           9|
    |tmp_14_7_fu_797_p2           |   icmp   |      0|  0|  13|          10|          10|
    |tmp_14_8_fu_872_p2           |   icmp   |      0|  0|  13|          11|          11|
    |tmp_14_9_fu_954_p2           |   icmp   |      0|  0|  13|          12|          12|
    |tmp_14_s_fu_1036_p2          |   icmp   |      0|  0|  13|          13|          13|
    |tmp_18_fu_1492_p2            |   icmp   |      0|  0|  21|          35|          35|
    |tmp_1_fu_240_p2              |   icmp   |      0|  0|   8|           2|           1|
    |ap_return                    |  select  |      0|  0|  16|           1|           1|
    |p_Val2_s_110_fu_1504_p3      |  select  |      0|  0|  16|           1|          16|
    |res_I_1_10_fu_1152_p3        |  select  |      0|  0|  16|           1|          16|
    |res_I_1_11_fu_1238_p3        |  select  |      0|  0|  16|           1|          16|
    |res_I_1_12_fu_1316_p3        |  select  |      0|  0|  16|           1|          16|
    |res_I_1_13_fu_1398_p3        |  select  |      0|  0|  16|           1|          16|
    |res_I_1_14_fu_1464_p3        |  select  |      0|  0|  16|           1|          16|
    |res_I_1_1_fu_346_p3          |  select  |      0|  0|  16|           1|          16|
    |res_I_1_2_fu_425_p3          |  select  |      0|  0|  16|           1|          16|
    |res_I_1_3_fu_503_p3          |  select  |      0|  0|  16|           1|          16|
    |res_I_1_4_fu_585_p3          |  select  |      0|  0|  16|           1|          16|
    |res_I_1_5_fu_667_p3          |  select  |      0|  0|  16|           1|          16|
    |res_I_1_6_fu_749_p3          |  select  |      0|  0|  16|           1|          16|
    |res_I_1_7_fu_828_p3          |  select  |      0|  0|  16|           1|          16|
    |res_I_1_8_fu_906_p3          |  select  |      0|  0|  16|           1|          16|
    |res_I_1_9_fu_988_p3          |  select  |      0|  0|  16|           1|          16|
    |res_I_1_fu_264_p3            |  select  |      0|  0|  17|           1|           1|
    |res_I_1_s_fu_1070_p3         |  select  |      0|  0|  16|           1|          16|
    |x_l_I_1_10_fu_1160_p3        |  select  |      0|  0|  35|           1|          35|
    |x_l_I_1_11_fu_1244_p3        |  select  |      0|  0|  35|           1|          35|
    |x_l_I_1_12_fu_1324_p3        |  select  |      0|  0|  35|           1|          35|
    |x_l_I_1_13_fu_1406_p3        |  select  |      0|  0|  35|           1|          35|
    |x_l_I_1_14_fu_1472_p3        |  select  |      0|  0|  35|           1|          35|
    |x_l_I_1_1_fu_354_p3          |  select  |      0|  0|  35|           1|          35|
    |x_l_I_1_2_fu_431_p3          |  select  |      0|  0|  35|           1|          35|
    |x_l_I_1_3_fu_511_p3          |  select  |      0|  0|  35|           1|          35|
    |x_l_I_1_4_fu_593_p3          |  select  |      0|  0|  35|           1|          35|
    |x_l_I_1_5_fu_675_p3          |  select  |      0|  0|  35|           1|          35|
    |x_l_I_1_6_fu_757_p3          |  select  |      0|  0|  35|           1|          35|
    |x_l_I_1_7_fu_834_p3          |  select  |      0|  0|  35|           1|          35|
    |x_l_I_1_8_fu_914_p3          |  select  |      0|  0|  35|           1|          35|
    |x_l_I_1_9_fu_996_p3          |  select  |      0|  0|  35|           1|          35|
    |x_l_I_1_fu_272_p3            |  select  |      0|  0|  35|           1|          35|
    |x_l_I_1_s_fu_1078_p3         |  select  |      0|  0|  35|           1|          35|
    +-----------------------------+----------+-------+---+----+------------+------------+
    |Total                        |          |      0|  0|1384|         404|        1203|
    +-----------------------------+----------+-------+---+----+------------+------------+

    * Multiplexer: 
    N/A

    * Register: 
    +---------------------------+----+----+-----+-----------+
    |            Name           | FF | LUT| Bits| Const Bits|
    +---------------------------+----+----+-----+-----------+
    |loc_V_1_12_trunc_reg_1589  |  15|   0|   15|          0|
    |loc_V_1_2_trunc_reg_1543   |   5|   0|    5|          0|
    |loc_V_1_7_trunc_reg_1566   |  10|   0|   10|          0|
    |res_I_1_10_reg_1571        |  16|   0|   16|          0|
    |res_I_1_1_reg_1525         |  16|   0|   16|          0|
    |res_I_1_6_reg_1548         |  16|   0|   16|          0|
    |tmp_14_11_reg_1583         |   1|   0|    1|          0|
    |tmp_14_2_reg_1537          |   1|   0|    1|          0|
    |tmp_14_7_reg_1560          |   1|   0|    1|          0|
    |x_V_int_reg                |  32|   0|   32|          0|
    |x_V_read_reg_1520          |  32|   0|   32|          0|
    |x_l_I_1_10_reg_1577        |  35|   0|   35|          0|
    |x_l_I_1_1_reg_1531         |  35|   0|   35|          0|
    |x_l_I_1_6_reg_1554         |  35|   0|   35|          0|
    |x_V_read_reg_1520          |  64|  32|   32|          0|
    +---------------------------+----+----+-----+-----------+
    |Total                      | 314|  32|  282|          0|
    +---------------------------+----+----+-----+-----------+



================================================================
== Interface
================================================================
* Summary: 
+-----------+-----+-----+------------+--------------------+--------------+
| RTL Ports | Dir | Bits|  Protocol  |    Source Object   |    C Type    |
+-----------+-----+-----+------------+--------------------+--------------+
|ap_clk     |  in |    1| ap_ctrl_hs | sqrt_fixed<32, 32> | return value |
|ap_rst     |  in |    1| ap_ctrl_hs | sqrt_fixed<32, 32> | return value |
|ap_return  | out |   16| ap_ctrl_hs | sqrt_fixed<32, 32> | return value |
|x_V        |  in |   32|   ap_none  |         x_V        |    scalar    |
+-----------+-----+-----+------------+--------------------+--------------+

