

================================================================
== Vivado HLS Report for 'Block_Mat_exit8_proc'
================================================================
* Date:           Tue Dec  4 09:54:28 2018

* Version:        2018.2 (Build 2258646 on Thu Jun 14 20:25:20 MDT 2018)
* Project:        CNN
* Solution:       solution1
* Product family: virtex7
* Target device:  xc7vx690tffg1761-3


================================================================
== Performance Estimates
================================================================
+ Timing (ns): 
    * Summary: 
    +--------+-------+----------+------------+
    |  Clock | Target| Estimated| Uncertainty|
    +--------+-------+----------+------------+
    |ap_clk  |  10.00|     2.260|        1.25|
    +--------+-------+----------+------------+

+ Latency (clock cycles): 
    * Summary: 
    +-----+-----+-----+-----+---------+
    |  Latency  |  Interval | Pipeline|
    | min | max | min | max |   Type  |
    +-----+-----+-----+-----+---------+
    |    0|    0|    0|    0|   none  |
    +-----+-----+-----+-----+---------+

    + Detail: 
        * Instance: 
        N/A

        * Loop: 
        N/A

============================================================
+ Verbose Summary: Synthesis Manager
============================================================
InlineROM: 1
ExposeGlobal: 0
============================================================
+ Verbose Summary: CDFG Model
============================================================
IsTopModel: 0
ResetActiveHigh: 1
IsCombinational: 2
IsDatapathOnly: 0
HasWiredReturn: 1
HasMFsm: 0
HasVarLatency: 0
IsPipeline: 0
IsRtlPipelined: 0
IsInstanceOverlapped: 0
IsDontTouch: 0
HasImplIP: 0
IsGatedGlobalClock: 0


============================================================
+ Verbose Summary: Schedule
============================================================
* Number of FSM states : 1
* Pipeline : 0
* Dataflow Pipeline: 0

* FSM state transitions: 
1 --> 

* FSM state operations: 

State 1 <SV = 0> <Delay = 2.26>
ST_1 : Operation 2 [1/1] (0.00ns)   --->   "call void (...)* @_ssdm_op_SpecInterface(i6* %src1_cols_V_out, [8 x i8]* @ap_fifo_str, i32 0, i32 0, [1 x i8]* @p_str, i32 0, i32 0, [1 x i8]* @p_str, [1 x i8]* @p_str, [1 x i8]* @p_str, i32 2, i32 2, i32 16, i32 16, [1 x i8]* @p_str, [1 x i8]* @p_str)"   --->   Operation 2 'specinterface' <Predicate = true> <Delay = 0.00>
ST_1 : Operation 3 [1/1] (0.00ns)   --->   "call void (...)* @_ssdm_op_SpecInterface(i6* %src1_rows_V_out, [8 x i8]* @ap_fifo_str, i32 0, i32 0, [1 x i8]* @p_str, i32 0, i32 0, [1 x i8]* @p_str, [1 x i8]* @p_str, [1 x i8]* @p_str, i32 2, i32 2, i32 16, i32 16, [1 x i8]* @p_str, [1 x i8]* @p_str)"   --->   Operation 3 'specinterface' <Predicate = true> <Delay = 0.00>
ST_1 : Operation 4 [1/1] (0.00ns)   --->   "call void (...)* @_ssdm_op_SpecInterface(i32* %src0_cols_V_out, [8 x i8]* @ap_fifo_str, i32 0, i32 0, [1 x i8]* @p_str, i32 0, i32 0, [1 x i8]* @p_str, [1 x i8]* @p_str, [1 x i8]* @p_str, i32 2, i32 2, i32 16, i32 16, [1 x i8]* @p_str, [1 x i8]* @p_str)"   --->   Operation 4 'specinterface' <Predicate = true> <Delay = 0.00>
ST_1 : Operation 5 [1/1] (0.00ns)   --->   "call void (...)* @_ssdm_op_SpecInterface(i32* %src0_rows_V_out, [8 x i8]* @ap_fifo_str, i32 0, i32 0, [1 x i8]* @p_str, i32 0, i32 0, [1 x i8]* @p_str, [1 x i8]* @p_str, [1 x i8]* @p_str, i32 2, i32 2, i32 16, i32 16, [1 x i8]* @p_str, [1 x i8]* @p_str)"   --->   Operation 5 'specinterface' <Predicate = true> <Delay = 0.00>
ST_1 : Operation 6 [1/1] (0.00ns)   --->   "%cols_read = call i32 @_ssdm_op_Read.ap_auto.i32(i32 %cols)"   --->   Operation 6 'read' 'cols_read' <Predicate = true> <Delay = 0.00>
ST_1 : Operation 7 [1/1] (0.00ns)   --->   "%rows_read = call i32 @_ssdm_op_Read.ap_auto.i32(i32 %rows)"   --->   Operation 7 'read' 'rows_read' <Predicate = true> <Delay = 0.00>
ST_1 : Operation 8 [1/1] (2.26ns)   --->   "call void @_ssdm_op_Write.ap_fifo.i32P(i32* %src0_rows_V_out, i32 %rows_read)" [E:/Xilinx/Vivado/2018.2/common/technology/autopilot/hls/hls_video_core.h:601->E:/Xilinx/Vivado/2018.2/common/technology/autopilot/hls/hls_video_core.h:587->E:/Xilinx/Vivado/2018.2/common/technology/autopilot/hls/hls_video_core.h:588->image_core.cpp:54]   --->   Operation 8 'write' <Predicate = true> <Delay = 2.26> <Core = "FIFO">   --->   Core 32 'FIFO' <Latency = 0> <II = 1> <Delay = 2.26> <Storage> <Opcode : 'read' 'write' 'nbread' 'nbwrite'> <Ports = 0> <Width = 6> <Depth = 2> <FIFO>
ST_1 : Operation 9 [1/1] (2.26ns)   --->   "call void @_ssdm_op_Write.ap_fifo.i32P(i32* %src0_cols_V_out, i32 %cols_read)" [E:/Xilinx/Vivado/2018.2/common/technology/autopilot/hls/hls_video_core.h:602->E:/Xilinx/Vivado/2018.2/common/technology/autopilot/hls/hls_video_core.h:587->E:/Xilinx/Vivado/2018.2/common/technology/autopilot/hls/hls_video_core.h:588->image_core.cpp:54]   --->   Operation 9 'write' <Predicate = true> <Delay = 2.26> <Core = "FIFO">   --->   Core 32 'FIFO' <Latency = 0> <II = 1> <Delay = 2.26> <Storage> <Opcode : 'read' 'write' 'nbread' 'nbwrite'> <Ports = 0> <Width = 6> <Depth = 2> <FIFO>
ST_1 : Operation 10 [1/1] (2.26ns)   --->   "call void @_ssdm_op_Write.ap_fifo.i6P(i6* %src1_rows_V_out, i6 28)" [E:/Xilinx/Vivado/2018.2/common/technology/autopilot/hls/hls_video_core.h:601->E:/Xilinx/Vivado/2018.2/common/technology/autopilot/hls/hls_video_core.h:587->E:/Xilinx/Vivado/2018.2/common/technology/autopilot/hls/hls_video_core.h:588->image_core.cpp:55]   --->   Operation 10 'write' <Predicate = true> <Delay = 2.26> <Core = "FIFO">   --->   Core 32 'FIFO' <Latency = 0> <II = 1> <Delay = 2.26> <Storage> <Opcode : 'read' 'write' 'nbread' 'nbwrite'> <Ports = 0> <Width = 6> <Depth = 2> <FIFO>
ST_1 : Operation 11 [1/1] (2.26ns)   --->   "call void @_ssdm_op_Write.ap_fifo.i6P(i6* %src1_cols_V_out, i6 28)" [E:/Xilinx/Vivado/2018.2/common/technology/autopilot/hls/hls_video_core.h:602->E:/Xilinx/Vivado/2018.2/common/technology/autopilot/hls/hls_video_core.h:587->E:/Xilinx/Vivado/2018.2/common/technology/autopilot/hls/hls_video_core.h:588->image_core.cpp:55]   --->   Operation 11 'write' <Predicate = true> <Delay = 2.26> <Core = "FIFO">   --->   Core 32 'FIFO' <Latency = 0> <II = 1> <Delay = 2.26> <Storage> <Opcode : 'read' 'write' 'nbread' 'nbwrite'> <Ports = 0> <Width = 6> <Depth = 2> <FIFO>
ST_1 : Operation 12 [1/1] (0.00ns)   --->   "ret void"   --->   Operation 12 'ret' <Predicate = true> <Delay = 0.00>


============================================================
+ Verbose Summary: Binding
============================================================
STG Binding: 
---------------- STG Properties BEGIN ----------------
- Is combinational: 0
- Is one-state seq: 1
- Is datapath-only: 0
- Is pipelined: 0
- Is top level: 0
Port [ Return ] is wired: 1; IO mode=ap_ctrl_hs:ce=0
Port [ rows]:  wired=1; compound=0; hidden=0; nouse=0; global=0; static=0; extern=0; dir=0; type=0; pingpong=0; private_global=0; IO mode=ap_none:ce=0
Port [ cols]:  wired=1; compound=0; hidden=0; nouse=0; global=0; static=0; extern=0; dir=0; type=0; pingpong=0; private_global=0; IO mode=ap_none:ce=0
Port [ src0_rows_V_out]:  wired=1; compound=1; hidden=0; nouse=0; global=0; static=0; extern=0; dir=1; type=3; pingpong=0; private_global=0; IO mode=ap_fifo:ce=0
Port [ src0_cols_V_out]:  wired=1; compound=1; hidden=0; nouse=0; global=0; static=0; extern=0; dir=1; type=3; pingpong=0; private_global=0; IO mode=ap_fifo:ce=0
Port [ src1_rows_V_out]:  wired=1; compound=1; hidden=0; nouse=0; global=0; static=0; extern=0; dir=1; type=3; pingpong=0; private_global=0; IO mode=ap_fifo:ce=0
Port [ src1_cols_V_out]:  wired=1; compound=1; hidden=0; nouse=0; global=0; static=0; extern=0; dir=1; type=3; pingpong=0; private_global=0; IO mode=ap_fifo:ce=0
---------------- STG Properties END ------------------

---------------- Datapath Model BEGIN ----------------

<LifeTime>
<method=bitvector/>
StgValue_2  (specinterface) [ 00]
StgValue_3  (specinterface) [ 00]
StgValue_4  (specinterface) [ 00]
StgValue_5  (specinterface) [ 00]
cols_read   (read         ) [ 00]
rows_read   (read         ) [ 00]
StgValue_8  (write        ) [ 00]
StgValue_9  (write        ) [ 00]
StgValue_10 (write        ) [ 00]
StgValue_11 (write        ) [ 00]
StgValue_12 (ret          ) [ 00]
</LifeTime>

<model>

<comp_list>
<comp id="0" class="1000" name="rows">
<pin_list>
<pin id="1" dir="1" index="0" bw="1" slack="0"/>
</pin_list>
<bind>
<StgValue><ssdm name="rows"/></StgValue>
</bind>
</comp>

<comp id="2" class="1000" name="cols">
<pin_list>
<pin id="3" dir="1" index="0" bw="1" slack="0"/>
</pin_list>
<bind>
<StgValue><ssdm name="cols"/></StgValue>
</bind>
</comp>

<comp id="4" class="1000" name="src0_rows_V_out">
<pin_list>
<pin id="5" dir="1" index="0" bw="1" slack="0"/>
</pin_list>
<bind>
<StgValue><ssdm name="src0_rows_V_out"/></StgValue>
</bind>
</comp>

<comp id="6" class="1000" name="src0_cols_V_out">
<pin_list>
<pin id="7" dir="1" index="0" bw="1" slack="0"/>
</pin_list>
<bind>
<StgValue><ssdm name="src0_cols_V_out"/></StgValue>
</bind>
</comp>

<comp id="8" class="1000" name="src1_rows_V_out">
<pin_list>
<pin id="9" dir="1" index="0" bw="1" slack="0"/>
</pin_list>
<bind>
<StgValue><ssdm name="src1_rows_V_out"/></StgValue>
</bind>
</comp>

<comp id="10" class="1000" name="src1_cols_V_out">
<pin_list>
<pin id="11" dir="1" index="0" bw="1" slack="0"/>
</pin_list>
<bind>
<StgValue><ssdm name="src1_cols_V_out"/></StgValue>
</bind>
</comp>

<comp id="12" class="1001" name="const_12">
<pin_list>
<pin id="13" dir="1" index="0" bw="1" slack="2147483647"/>
</pin_list>
<bind>
<StgValue><ssdm name="_ssdm_op_SpecInterface"/></StgValue>
</bind>
</comp>

<comp id="14" class="1001" name="const_14">
<pin_list>
<pin id="15" dir="1" index="0" bw="1" slack="2147483647"/>
</pin_list>
<bind>
<StgValue><ssdm name="ap_fifo_str"/></StgValue>
</bind>
</comp>

<comp id="16" class="1001" name="const_16">
<pin_list>
<pin id="17" dir="1" index="0" bw="1" slack="2147483647"/>
</pin_list>
<bind>
<StgValue><ssdm name=""/></StgValue>
</bind>
</comp>

<comp id="18" class="1001" name="const_18">
<pin_list>
<pin id="19" dir="1" index="0" bw="1" slack="2147483647"/>
</pin_list>
<bind>
<StgValue><ssdm name="p_str"/></StgValue>
</bind>
</comp>

<comp id="20" class="1001" name="const_20">
<pin_list>
<pin id="21" dir="1" index="0" bw="1" slack="2147483647"/>
</pin_list>
<bind>
<StgValue><ssdm name=""/></StgValue>
</bind>
</comp>

<comp id="22" class="1001" name="const_22">
<pin_list>
<pin id="23" dir="1" index="0" bw="1" slack="2147483647"/>
</pin_list>
<bind>
<StgValue><ssdm name=""/></StgValue>
</bind>
</comp>

<comp id="24" class="1001" name="const_24">
<pin_list>
<pin id="25" dir="1" index="0" bw="1" slack="0"/>
</pin_list>
<bind>
<StgValue><ssdm name="_ssdm_op_Read.ap_auto.i32"/></StgValue>
</bind>
</comp>

<comp id="26" class="1001" name="const_26">
<pin_list>
<pin id="27" dir="1" index="0" bw="1" slack="0"/>
</pin_list>
<bind>
<StgValue><ssdm name="_ssdm_op_Write.ap_fifo.i32P"/></StgValue>
</bind>
</comp>

<comp id="28" class="1001" name="const_28">
<pin_list>
<pin id="29" dir="1" index="0" bw="1" slack="0"/>
</pin_list>
<bind>
<StgValue><ssdm name="_ssdm_op_Write.ap_fifo.i6P"/></StgValue>
</bind>
</comp>

<comp id="30" class="1001" name="const_30">
<pin_list>
<pin id="31" dir="1" index="0" bw="1" slack="0"/>
</pin_list>
<bind>
<StgValue><ssdm name=""/></StgValue>
</bind>
</comp>

<comp id="32" class="1004" name="cols_read_read_fu_32">
<pin_list>
<pin id="33" dir="0" index="0" bw="32" slack="0"/>
<pin id="34" dir="0" index="1" bw="32" slack="0"/>
<pin id="35" dir="1" index="2" bw="32" slack="0"/>
</pin_list>
<bind>
<opcode="read(1150) " fcode="read"/>
<opset="cols_read/1 "/>
</bind>
</comp>

<comp id="38" class="1004" name="rows_read_read_fu_38">
<pin_list>
<pin id="39" dir="0" index="0" bw="32" slack="0"/>
<pin id="40" dir="0" index="1" bw="32" slack="0"/>
<pin id="41" dir="1" index="2" bw="32" slack="0"/>
</pin_list>
<bind>
<opcode="read(1150) " fcode="read"/>
<opset="rows_read/1 "/>
</bind>
</comp>

<comp id="44" class="1004" name="StgValue_8_write_fu_44">
<pin_list>
<pin id="45" dir="0" index="0" bw="0" slack="0"/>
<pin id="46" dir="0" index="1" bw="32" slack="0"/>
<pin id="47" dir="0" index="2" bw="32" slack="0"/>
<pin id="48" dir="1" index="3" bw="0" slack="2147483647"/>
</pin_list>
<bind>
<opcode="write(1151) " fcode="write"/>
<opset="StgValue_8/1 "/>
</bind>
</comp>

<comp id="52" class="1004" name="StgValue_9_write_fu_52">
<pin_list>
<pin id="53" dir="0" index="0" bw="0" slack="0"/>
<pin id="54" dir="0" index="1" bw="32" slack="0"/>
<pin id="55" dir="0" index="2" bw="32" slack="0"/>
<pin id="56" dir="1" index="3" bw="0" slack="2147483647"/>
</pin_list>
<bind>
<opcode="write(1151) " fcode="write"/>
<opset="StgValue_9/1 "/>
</bind>
</comp>

<comp id="60" class="1004" name="StgValue_10_write_fu_60">
<pin_list>
<pin id="61" dir="0" index="0" bw="0" slack="0"/>
<pin id="62" dir="0" index="1" bw="6" slack="0"/>
<pin id="63" dir="0" index="2" bw="6" slack="0"/>
<pin id="64" dir="1" index="3" bw="0" slack="2147483647"/>
</pin_list>
<bind>
<opcode="write(1151) " fcode="write"/>
<opset="StgValue_10/1 "/>
</bind>
</comp>

<comp id="68" class="1004" name="StgValue_11_write_fu_68">
<pin_list>
<pin id="69" dir="0" index="0" bw="0" slack="0"/>
<pin id="70" dir="0" index="1" bw="6" slack="0"/>
<pin id="71" dir="0" index="2" bw="6" slack="0"/>
<pin id="72" dir="1" index="3" bw="0" slack="2147483647"/>
</pin_list>
<bind>
<opcode="write(1151) " fcode="write"/>
<opset="StgValue_11/1 "/>
</bind>
</comp>

</comp_list>

<net_list>
<net id="36"><net_src comp="24" pin="0"/><net_sink comp="32" pin=0"/></net>

<net id="37"><net_src comp="2" pin="0"/><net_sink comp="32" pin=1"/></net>

<net id="42"><net_src comp="24" pin="0"/><net_sink comp="38" pin=0"/></net>

<net id="43"><net_src comp="0" pin="0"/><net_sink comp="38" pin=1"/></net>

<net id="49"><net_src comp="26" pin="0"/><net_sink comp="44" pin=0"/></net>

<net id="50"><net_src comp="4" pin="0"/><net_sink comp="44" pin=1"/></net>

<net id="51"><net_src comp="38" pin="2"/><net_sink comp="44" pin=2"/></net>

<net id="57"><net_src comp="26" pin="0"/><net_sink comp="52" pin=0"/></net>

<net id="58"><net_src comp="6" pin="0"/><net_sink comp="52" pin=1"/></net>

<net id="59"><net_src comp="32" pin="2"/><net_sink comp="52" pin=2"/></net>

<net id="65"><net_src comp="28" pin="0"/><net_sink comp="60" pin=0"/></net>

<net id="66"><net_src comp="8" pin="0"/><net_sink comp="60" pin=1"/></net>

<net id="67"><net_src comp="30" pin="0"/><net_sink comp="60" pin=2"/></net>

<net id="73"><net_src comp="28" pin="0"/><net_sink comp="68" pin=0"/></net>

<net id="74"><net_src comp="10" pin="0"/><net_sink comp="68" pin=1"/></net>

<net id="75"><net_src comp="30" pin="0"/><net_sink comp="68" pin=2"/></net>

</net_list>

</model> 
---------------- Datapath Model END ------------------

* FSMD analyzer results:
  - Output states:
	Port: src0_rows_V_out | {1 }
	Port: src0_cols_V_out | {1 }
	Port: src1_rows_V_out | {1 }
	Port: src1_cols_V_out | {1 }
 - Input state : 
	Port: Block_Mat.exit8_proc : rows | {1 }
	Port: Block_Mat.exit8_proc : cols | {1 }
  - Chain level:
	State 1


============================================================
+ Verbose Summary: Datapath Resource usage 
============================================================

* Functional unit list:
|----------|-------------------------|
| Operation|     Functional Unit     |
|----------|-------------------------|
|   read   |   cols_read_read_fu_32  |
|          |   rows_read_read_fu_38  |
|----------|-------------------------|
|          |  StgValue_8_write_fu_44 |
|   write  |  StgValue_9_write_fu_52 |
|          | StgValue_10_write_fu_60 |
|          | StgValue_11_write_fu_68 |
|----------|-------------------------|
|   Total  |                         |
|----------|-------------------------|

Memories:
N/A

* Register list:
N/A

* Multiplexer (MUX) list: 
|--------|------|------|------|--------|
|  Comp  |  Pin | Size |  BW  | S x BW |
|--------|------|------|------|--------|
|  Total |      |      |      |    0   |
|--------|------|------|------|--------|



* Summary:
+-----------+
|           |
+-----------+
|  Function |
|   Memory  |
|Multiplexer|
|  Register |
+-----------+
|   Total   |
+-----------+
