

================================================================
== Vivado HLS Report for 'adjustLocalExtrema'
================================================================
* Date:           Wed Dec  5 18:34:26 2018

* Version:        2018.2 (Build 2258646 on Thu Jun 14 20:25:20 MDT 2018)
* Project:        SIFT
* Solution:       solution1
* Product family: virtex7
* Target device:  xc7vx690tffg1761-3


================================================================
== Performance Estimates
================================================================
+ Timing (ns): 
    * Summary: 
    +--------+-------+----------+------------+
    |  Clock | Target| Estimated| Uncertainty|
    +--------+-------+----------+------------+
    |ap_clk  |  10.00|     8.750|        1.25|
    +--------+-------+----------+------------+

+ Latency (clock cycles): 
    * Summary: 
    +-----+-----+-----+-----+---------+
    |  Latency  |  Interval | Pipeline|
    | min | max | min | max |   Type  |
    +-----+-----+-----+-----+---------+
    |   43|  516|   43|  516|   none  |
    +-----+-----+-----+-----+---------+

    + Detail: 
        * Instance: 
        +---------------------------------+---------------------+-----+-----+-----+-----+----------+
        |                                 |                     |  Latency  |  Interval | Pipeline |
        |             Instance            |        Module       | min | max | min | max |   Type   |
        +---------------------------------+---------------------+-----+-----+-----+-----+----------+
        |grp_solve_ap_fixed_s_fu_1608     |solve_ap_fixed_s     |   28|   80|   28|   80|   none   |
        |grp_pow_generic_float_s_fu_1624  |pow_generic_float_s  |   11|   11|    1|    1| function |
        +---------------------------------+---------------------+-----+-----+-----+-----+----------+

        * Loop: 
        +----------+-----+-----+----------+-----------+-----------+-------+----------+
        |          |  Latency  | Iteration|  Initiation Interval  |  Trip |          |
        | Loop Name| min | max |  Latency |  achieved |   target  | Count | Pipelined|
        +----------+-----+-----+----------+-----------+-----------+-------+----------+
        |- Loop 1  |   41|  477|  41 ~ 93 |          -|          -| 1 ~ 5 |    no    |
        +----------+-----+-----+----------+-----------+-----------+-------+----------+



================================================================
== Utilization Estimates
================================================================
* Summary: 
+-----------------+---------+-------+--------+--------+
|       Name      | BRAM_18K| DSP48E|   FF   |   LUT  |
+-----------------+---------+-------+--------+--------+
|DSP              |        -|      -|       -|       -|
|Expression       |        -|     47|     452|   10755|
|FIFO             |        -|      -|       -|       -|
|Instance         |        9|     54|    5570|   11764|
|Memory           |        0|      -|     141|      24|
|Multiplexer      |        -|      -|       -|    1293|
|Register         |        -|      -|    5509|       -|
+-----------------+---------+-------+--------+--------+
|Total            |        9|    101|   11672|   23836|
+-----------------+---------+-------+--------+--------+
|Available        |     2940|   3600|  866400|  433200|
+-----------------+---------+-------+--------+--------+
|Utilization (%)  |    ~0   |      2|       1|       5|
+-----------------+---------+-------+--------+--------+

+ Detail: 
    * Instance: 
    +---------------------------------+----------------------+---------+-------+------+------+
    |             Instance            |        Module        | BRAM_18K| DSP48E|  FF  |  LUT |
    +---------------------------------+----------------------+---------+-------+------+------+
    |SIFT2_Core_fdiv_3g8j_U858        |SIFT2_Core_fdiv_3g8j  |        0|      0|   311|   791|
    |SIFT2_Core_fpext_hbi_U863        |SIFT2_Core_fpext_hbi  |        0|      0|   100|   134|
    |SIFT2_Core_mux_534jc_U864        |SIFT2_Core_mux_534jc  |        0|      0|     0|    33|
    |SIFT2_Core_mux_534jc_U865        |SIFT2_Core_mux_534jc  |        0|      0|     0|    33|
    |SIFT2_Core_mux_534jc_U866        |SIFT2_Core_mux_534jc  |        0|      0|     0|    33|
    |SIFT2_Core_mux_534jc_U867        |SIFT2_Core_mux_534jc  |        0|      0|     0|    33|
    |SIFT2_Core_mux_534jc_U868        |SIFT2_Core_mux_534jc  |        0|      0|     0|    33|
    |SIFT2_Core_mux_534jc_U869        |SIFT2_Core_mux_534jc  |        0|      0|     0|    33|
    |SIFT2_Core_mux_534jc_U870        |SIFT2_Core_mux_534jc  |        0|      0|     0|    33|
    |SIFT2_Core_mux_534jc_U871        |SIFT2_Core_mux_534jc  |        0|      0|     0|    33|
    |SIFT2_Core_mux_534jc_U872        |SIFT2_Core_mux_534jc  |        0|      0|     0|    33|
    |SIFT2_Core_mux_534jc_U873        |SIFT2_Core_mux_534jc  |        0|      0|     0|    33|
    |SIFT2_Core_mux_534jc_U874        |SIFT2_Core_mux_534jc  |        0|      0|     0|    33|
    |SIFT2_Core_mux_534jc_U875        |SIFT2_Core_mux_534jc  |        0|      0|     0|    33|
    |SIFT2_Core_mux_534jc_U876        |SIFT2_Core_mux_534jc  |        0|      0|     0|    33|
    |SIFT2_Core_mux_534jc_U877        |SIFT2_Core_mux_534jc  |        0|      0|     0|    33|
    |SIFT2_Core_mux_534jc_U878        |SIFT2_Core_mux_534jc  |        0|      0|     0|    33|
    |SIFT2_Core_sitofpeOg_U862        |SIFT2_Core_sitofpeOg  |        0|      0|   128|   337|
    |SIFT2_Core_uitofpXh4_U859        |SIFT2_Core_uitofpXh4  |        0|      0|   128|   337|
    |SIFT2_Core_uitofpXh4_U860        |SIFT2_Core_uitofpXh4  |        0|      0|   128|   337|
    |SIFT2_Core_uitofpXh4_U861        |SIFT2_Core_uitofpXh4  |        0|      0|   128|   337|
    |grp_pow_generic_float_s_fu_1624  |pow_generic_float_s   |        9|     36|  1958|  4043|
    |grp_solve_ap_fixed_s_fu_1608     |solve_ap_fixed_s      |        0|     18|  2689|  4953|
    +---------------------------------+----------------------+---------+-------+------+------+
    |Total                            |                      |        9|     54|  5570| 11764|
    +---------------------------------+----------------------+---------+-------+------+------+

    * DSP48: 
    N/A

    * Memory: 
    +----------------------+----------------------+---------+----+----+------+-----+------+-------------+
    |        Memory        |        Module        | BRAM_18K| FF | LUT| Words| Bits| Banks| W*Bits*Banks|
    +----------------------+----------------------+---------+----+----+------+-----+------+-------------+
    |mask_table1687_U      |adjustLocalExtrem2iS  |        0|  69|  12|    32|   23|     1|          736|
    |one_half_table2683_U  |adjustLocalExtrem3i2  |        0|  72|  12|    32|   24|     1|          768|
    +----------------------+----------------------+---------+----+----+------+-----+------+-------------+
    |Total                 |                      |        0| 141|  24|    64|   47|     2|         1504|
    +----------------------+----------------------+---------+----+----+------+-----+------+-------------+

    * FIFO: 
    N/A

    * Expression: 
    +---------------------------------+----------+-------+----+-----+------------+------------+
    |          Variable Name          | Operation| DSP48E| FF | LUT | Bitwidth P0| Bitwidth P1|
    +---------------------------------+----------+-------+----+-----+------------+------------+
    |p_Val2_126_fu_4049_p2            |     *    |      3|   0|   21|          32|          32|
    |p_Val2_127_fu_4063_p2            |     *    |      3|   0|   21|          32|          32|
    |p_Val2_129_fu_4077_p2            |     *    |      3|   0|   21|          32|          32|
    |p_Val2_140_fu_4368_p2            |     *    |      3|   0|   21|          32|          32|
    |p_Val2_143_fu_5053_p2            |     *    |      6|   0|   21|          49|          32|
    |p_Val2_144_fu_5080_p2            |     *    |      6|   0|   21|          49|          32|
    |p_Val2_146_fu_6493_p2            |     *    |      3|   0|   21|          17|          32|
    |r_V_24_fu_4409_p2                |     *    |      3|   0|   21|          32|          32|
    |r_V_25_fu_4418_p2                |     *    |     10|   0|   46|          64|          20|
    |r_V_26_fu_4427_p2                |     *    |      4|   0|   28|          32|          39|
    |tmp_920_cast_fu_4377_p2          |     *    |      3|   0|   21|          32|          32|
    |NZeros_1_fu_5290_p2              |     +    |      0|   0|   39|          32|          32|
    |NZeros_fu_5181_p2                |     +    |      0|   0|   39|          32|          32|
    |i_20_fu_1874_p2                  |     +    |      0|   0|   12|           3|           1|
    |p_Repl2_100_trunc_fu_5687_p2     |     +    |      0|   0|   15|           8|           8|
    |p_Repl2_103_trunc_fu_4696_p2     |     +    |      0|   0|   15|           8|           8|
    |p_Repl2_86_trunc_fu_2801_p2      |     +    |      0|   0|    8|           8|           8|
    |p_Repl2_89_trunc_fu_2892_p2      |     +    |      0|   0|    8|           8|           8|
    |p_Repl2_92_trunc_fu_2983_p2      |     +    |      0|   0|    8|           8|           8|
    |p_Repl2_96_trunc_fu_5594_p2      |     +    |      0|   0|   15|           8|           8|
    |p_Val2_112_fu_2197_p2            |     +    |      0|   0|    8|          32|          32|
    |p_Val2_113_fu_2218_p2            |     +    |      0|   0|    8|          32|          32|
    |p_Val2_131_fu_4166_p2            |     +    |      0|   0|   39|          32|          32|
    |p_Val2_133_fu_4287_p2            |     +    |      0|   0|    8|          32|          32|
    |p_Val2_135_fu_4299_p2            |     +    |      0|   0|    8|          32|          32|
    |p_Val2_139_fu_4358_p2            |     +    |      0|   0|   39|          32|          32|
    |p_Val2_145_cast_fu_4471_p2       |     +    |      0|   0|   55|          48|          48|
    |p_Val2_145_fu_4465_p2            |     +    |      0|   0|   56|          49|          49|
    |p_Val2_163_fu_3079_p2            |     +    |      0|   0|   39|          32|          32|
    |p_Val2_165_fu_3165_p2            |     +    |      0|   0|   39|          32|          32|
    |p_Val2_167_fu_3251_p2            |     +    |      0|   0|   39|          32|          32|
    |p_Val2_173_fu_3989_p6            |     +    |      0|   0|   12|           1|           3|
    |p_Val2_174_fu_4010_p6            |     +    |      0|   0|   12|           2|           3|
    |p_Val2_185_fu_5783_p2            |     +    |      0|   0|   39|          32|          32|
    |p_Val2_188_fu_5999_p2            |     +    |      0|   0|   39|          32|          32|
    |p_Val2_s_221_fu_2207_p2          |     +    |      0|   0|    8|          32|          32|
    |r_V_15_fu_2335_p2                |     +    |      0|   0|    8|          34|          34|
    |r_V_16_fu_2072_p2                |     +    |      0|   0|    8|          34|          34|
    |r_V_17_fu_2260_p2                |     +    |      0|   0|    8|          34|          34|
    |r_V_23_fu_4342_p2                |     +    |      0|   0|    8|          34|          34|
    |r_V_27_fu_5019_p2                |     +    |      0|   0|   56|          49|          49|
    |r_V_28_fu_5041_p2                |     +    |      0|   0|   56|          49|          49|
    |r_V_29_fu_4098_p2                |     +    |      0|   0|    8|          65|          65|
    |sh_assign_1_fu_3510_p2           |     +    |      0|   0|   16|           8|           9|
    |sh_assign_3_fu_3659_p2           |     +    |      0|   0|   16|           8|           9|
    |sh_assign_5_fu_5894_p2           |     +    |      0|   0|   16|           8|           9|
    |sh_assign_7_fu_6110_p2           |     +    |      0|   0|   16|           8|           9|
    |sh_assign_fu_3361_p2             |     +    |      0|   0|   16|           8|           9|
    |tmp148_fu_4092_p2                |     +    |      0|   0|    8|          65|          65|
    |tmp_1219_t_fu_1990_p2            |     +    |      0|   0|   12|           2|           3|
    |tmp_1221_t_fu_1983_p2            |     +    |      0|   0|   12|           1|           3|
    |tmp_1498_fu_1884_p2              |     +    |      0|   0|   25|           1|          18|
    |tmp_1501_fu_1921_p2              |     +    |      0|   0|   25|           2|          18|
    |tmp_1505_fu_1954_p2              |     +    |      0|   0|   17|           1|          10|
    |tmp_1507_fu_2014_p2              |     +    |      0|   0|   17|           2|          10|
    |tmp_1550_fu_2712_p2              |     +    |      0|   0|   25|           1|          18|
    |tmp_1553_fu_3825_p2              |     +    |      0|   0|   25|           2|          18|
    |tmp_1556_fu_3853_p2              |     +    |      0|   0|   17|           1|          10|
    |tmp_1558_fu_3899_p2              |     +    |      0|   0|   17|           2|          10|
    |tmp_1579_fu_5376_p2              |     +    |      0|   0|   15|           6|           7|
    |tmp_1604_fu_5490_p2              |     +    |      0|   0|   15|           6|           7|
    |tmp_1629_fu_4590_p2              |     +    |      0|   0|   15|           6|           6|
    |tmp_281_fu_1902_p2               |     +    |      0|   0|   25|          18|          18|
    |tmp_282_fu_1927_p2               |     +    |      0|   0|   25|          18|          18|
    |tmp_283_fu_1997_p2               |     +    |      0|   0|   25|          18|          18|
    |tmp_286_fu_1968_p2               |     +    |      0|   0|   25|          18|          18|
    |tmp_287_fu_2110_p2               |     +    |      0|   0|   25|          18|          18|
    |tmp_288_fu_2123_p2               |     +    |      0|   0|   25|          18|          18|
    |tmp_291_fu_2028_p2               |     +    |      0|   0|   25|          18|          18|
    |tmp_292_fu_2136_p2               |     +    |      0|   0|   25|          18|          18|
    |tmp_293_fu_2140_p2               |     +    |      0|   0|   25|          18|          18|
    |tmp_309_fu_2730_p2               |     +    |      0|   0|   25|          18|          18|
    |tmp_310_fu_3831_p2               |     +    |      0|   0|   25|          18|          18|
    |tmp_311_fu_3882_p2               |     +    |      0|   0|   25|          18|          18|
    |tmp_314_fu_3867_p2               |     +    |      0|   0|   25|          18|          18|
    |tmp_315_fu_4180_p2               |     +    |      0|   0|   25|          18|          18|
    |tmp_316_fu_4193_p2               |     +    |      0|   0|   25|          18|          18|
    |tmp_319_fu_3913_p2               |     +    |      0|   0|   25|          18|          18|
    |tmp_320_fu_4206_p2               |     +    |      0|   0|   25|          18|          18|
    |tmp_321_fu_4219_p2               |     +    |      0|   0|   25|          18|          18|
    |tmp_743_fu_3461_p2               |     +    |      0|   0|   39|          32|          32|
    |tmp_746_fu_3610_p2               |     +    |      0|   0|   39|          32|          32|
    |tmp_749_fu_3759_p2               |     +    |      0|   0|   39|          32|          32|
    |tmp_779_fu_4806_p2               |     +    |      0|   0|   19|           6|          12|
    |tmp_811_fu_6296_p2               |     +    |      0|   0|   19|           6|          12|
    |tmp_fu_1856_p2                   |     +    |      0|   0|   39|          32|           4|
    |tmp_s_fu_1862_p2                 |     +    |      0|   0|   39|          32|           4|
    |F2_7_fu_6284_p2                  |     -    |      0|   0|   19|          11|          12|
    |F2_fu_4794_p2                    |     -    |      0|   0|   19|          11|          12|
    |H_0_0_V_fu_2201_p2               |     -    |      0|   0|    8|          32|          32|
    |H_1_1_V_fu_2212_p2               |     -    |      0|   0|    8|          32|          32|
    |H_2_2_V_fu_2224_p2               |     -    |      0|   0|    8|          32|          32|
    |man_V_31_fu_4781_p2              |     -    |      0|   0|   61|           1|          54|
    |man_V_34_fu_6264_p2              |     -    |      0|   0|   61|           1|          54|
    |msb_idx_11_fu_4538_p2            |     -    |      0|   0|   39|           6|          32|
    |msb_idx_9_fu_5304_p2             |     -    |      0|   0|   39|           7|          32|
    |msb_idx_fu_5195_p2               |     -    |      0|   0|   39|           7|          32|
    |p_Val2_114_fu_2300_p2            |     -    |      0|   0|   40|          33|          33|
    |p_Val2_115_fu_2325_p2            |     -    |      0|   0|    8|          34|          34|
    |p_Val2_116_fu_2049_p2            |     -    |      0|   0|   40|          33|          33|
    |p_Val2_117_fu_2062_p2            |     -    |      0|   0|    8|          34|          34|
    |p_Val2_118_fu_2237_p2            |     -    |      0|   0|   40|          33|          33|
    |p_Val2_119_fu_2250_p2            |     -    |      0|   0|    8|          34|          34|
    |p_Val2_120_fu_2383_p2            |     -    |      0|   0|   39|           1|          32|
    |p_Val2_121_fu_2390_p2            |     -    |      0|   0|   39|           1|          32|
    |p_Val2_122_fu_2397_p2            |     -    |      0|   0|   39|           1|          32|
    |p_Val2_134_fu_4293_p2            |     -    |      0|   0|    8|          32|          32|
    |p_Val2_136_fu_4305_p2            |     -    |      0|   0|    8|          32|          32|
    |p_Val2_137_fu_4319_p2            |     -    |      0|   0|   40|          33|          33|
    |p_Val2_138_fu_4332_p2            |     -    |      0|   0|    8|          34|          34|
    |p_Val2_142_fu_4383_p2            |     -    |      0|   0|   55|          48|          48|
    |p_Val2_152_fu_4232_p2            |     -    |      0|   0|   39|           1|          32|
    |p_Val2_i_i_i2_fu_3596_p2         |     -    |      0|   0|   39|           1|          32|
    |p_Val2_i_i_i3_fu_3745_p2         |     -    |      0|   0|   39|           1|          32|
    |p_Val2_i_i_i4_fu_6196_p2         |     -    |      0|   0|   23|           1|          16|
    |p_Val2_i_i_i5_fu_6207_p2         |     -    |      0|   0|   23|           1|          16|
    |p_Val2_i_i_i_fu_3447_p2          |     -    |      0|   0|   39|           1|          32|
    |p_neg_fu_4112_p2                 |     -    |      0|   0|   72|           1|          65|
    |p_neg_t_fu_4132_p2               |     -    |      0|   0|   72|           1|          65|
    |r_V_13_fu_2151_p2                |     -    |      0|   0|   40|          33|          33|
    |r_V_14_fu_2175_p2                |     -    |      0|   0|   40|          33|          33|
    |r_V_18_fu_3943_p2                |     -    |      0|   0|   40|          33|          33|
    |r_V_19_fu_3967_p2                |     -    |      0|   0|   40|          33|          33|
    |r_V_20_fu_4025_p2                |     -    |      0|   0|   40|          33|          33|
    |r_V_22_fu_4269_p2                |     -    |      0|   0|   42|          35|          35|
    |r_V_fu_2094_p2                   |     -    |      0|   0|   40|          33|          33|
    |tmp_1581_fu_5392_p2              |     -    |      0|   0|   15|           6|           7|
    |tmp_1606_fu_5506_p2              |     -    |      0|   0|   15|           6|           7|
    |tmp_1631_fu_4606_p2              |     -    |      0|   0|   15|           4|           6|
    |tmp_1694_i_i_i1_fu_6124_p2       |     -    |      0|   0|   15|           7|           8|
    |tmp_1694_i_i_i_fu_5908_p2        |     -    |      0|   0|   15|           7|           8|
    |tmp_1702_i_i_i2_fu_3524_p2       |     -    |      0|   0|   15|           7|           8|
    |tmp_1702_i_i_i3_fu_3673_p2       |     -    |      0|   0|   15|           7|           8|
    |tmp_1702_i_i_i_fu_3375_p2        |     -    |      0|   0|   15|           7|           8|
    |tmp_692_fu_2792_p2               |     -    |      0|   0|    8|           8|           8|
    |tmp_717_fu_2883_p2               |     -    |      0|   0|    8|           8|           8|
    |tmp_722_fu_2974_p2               |     -    |      0|   0|    8|           8|           8|
    |tmp_780_fu_4812_p2               |     -    |      0|   0|   19|           5|          12|
    |tmp_792_fu_5350_p2               |     -    |      0|   0|   38|           5|          31|
    |tmp_800_fu_5464_p2               |     -    |      0|   0|   38|           5|          31|
    |tmp_806_fu_4645_p2               |     -    |      0|   0|   38|           5|          31|
    |tmp_812_fu_6302_p2               |     -    |      0|   0|   19|           5|          12|
    |tmp_962_cast_fu_5104_p2          |     -    |      0|   0|   86|           1|          79|
    |tmp_975_cast_fu_5213_p2          |     -    |      0|   0|   86|           1|          79|
    |tmp_988_cast_fu_4491_p2          |     -    |      0|   0|   55|           1|          48|
    |ap_block_state8_on_subcall_done  |    and   |      0|   0|    2|           1|           1|
    |or_cond5_224_fu_3800_p2          |    and   |      0|   0|    2|           1|           1|
    |or_cond6_225_fu_3815_p2          |    and   |      0|   0|    2|           1|           1|
    |sel_tmp15_fu_4929_p2             |    and   |      0|   0|    2|           1|           1|
    |sel_tmp22_fu_4947_p2             |    and   |      0|   0|    2|           1|           1|
    |sel_tmp2_fu_4894_p2              |    and   |      0|   0|    2|           1|           1|
    |sel_tmp2_i1_fu_3220_p2           |    and   |      0|   0|    2|           1|           1|
    |sel_tmp2_i2_fu_3306_p2           |    and   |      0|   0|    2|           1|           1|
    |sel_tmp2_i3_fu_5838_p2           |    and   |      0|   0|    2|           1|           1|
    |sel_tmp2_i4_fu_6054_p2           |    and   |      0|   0|    2|           1|           1|
    |sel_tmp2_i_fu_3134_p2            |    and   |      0|   0|    2|           1|           1|
    |sel_tmp34_fu_6421_p2             |    and   |      0|   0|    2|           1|           1|
    |sel_tmp39_fu_6354_p2             |    and   |      0|   0|    2|           1|           1|
    |sel_tmp41_fu_6432_p2             |    and   |      0|   0|    2|           1|           1|
    |sel_tmp47_fu_6437_p2             |    and   |      0|   0|    2|           1|           1|
    |sel_tmp54_fu_6372_p2             |    and   |      0|   0|    2|           1|           1|
    |sel_tmp7_fu_4911_p2              |    and   |      0|   0|    2|           1|           1|
    |sel_tmp9_fu_4923_p2              |    and   |      0|   0|    2|           1|           1|
    |xs_sig_V_1_fu_3180_p2            |    and   |      0|   0|   23|          23|          23|
    |xs_sig_V_2_fu_3266_p2            |    and   |      0|   0|   23|          23|          23|
    |xs_sig_V_3_fu_5798_p2            |    and   |      0|   0|   23|          23|          23|
    |xs_sig_V_4_fu_6014_p2            |    and   |      0|   0|   23|          23|          23|
    |xs_sig_V_fu_3094_p2              |    and   |      0|   0|   23|          23|          23|
    |tmp_784_fu_4866_p2               |   ashr   |      0|   0|  162|          54|          54|
    |tmp_816_fu_6395_p2               |   ashr   |      0|   0|  162|          54|          54|
    |tmp_789_fu_5129_p3               |   ctlz   |      0|  73|   71|          64|           0|
    |tmp_791_fu_5169_p3               |   ctlz   |      0|  73|   71|          64|           0|
    |tmp_797_fu_5238_p3               |   ctlz   |      0|  73|   71|          64|           0|
    |tmp_799_fu_5278_p3               |   ctlz   |      0|  73|   71|          64|           0|
    |num_zeros_11_fu_2642_p3          |   cttz   |      0|  40|   36|          32|           0|
    |num_zeros_12_fu_2684_p3          |   cttz   |      0|  40|   36|          32|           0|
    |num_zeros_fu_2592_p3             |   cttz   |      0|  40|   36|          32|           0|
    |tmp_805_fu_4526_p3               |   cttz   |      0|  40|   36|          64|           0|
    |icmp15_fu_2502_p2                |   icmp   |      0|   0|   18|          17|           1|
    |icmp18_fu_2554_p2                |   icmp   |      0|   0|   18|          17|           1|
    |icmp26_fu_3775_p2                |   icmp   |      0|   0|   18|          30|           1|
    |icmp29_fu_4856_p2                |   icmp   |      0|   0|   11|           7|           1|
    |icmp34_fu_5341_p2                |   icmp   |      0|   0|   18|          26|           1|
    |icmp41_fu_5455_p2                |   icmp   |      0|   0|   18|          26|           1|
    |icmp48_fu_4574_p2                |   icmp   |      0|   0|   18|          26|           1|
    |icmp51_fu_6336_p2                |   icmp   |      0|   0|   11|           7|           1|
    |icmp_fu_2450_p2                  |   icmp   |      0|   0|   18|          17|           1|
    |tmp_1578_fu_5370_p2              |   icmp   |      0|   0|   18|          31|           5|
    |tmp_1603_fu_5484_p2              |   icmp   |      0|   0|   18|          31|           5|
    |tmp_1628_fu_4584_p2              |   icmp   |      0|   0|   18|          31|           5|
    |tmp_1685_i_i1_fu_2947_p2         |   icmp   |      0|   0|   11|           8|           8|
    |tmp_1685_i_i2_fu_3038_p2         |   icmp   |      0|   0|   11|           8|           8|
    |tmp_1685_i_i3_fu_5649_p2         |   icmp   |      0|   0|   11|           8|           8|
    |tmp_1685_i_i4_fu_5742_p2         |   icmp   |      0|   0|   11|           8|           8|
    |tmp_1685_i_i_fu_2856_p2          |   icmp   |      0|   0|   11|           8|           8|
    |tmp_711_fu_1868_p2               |   icmp   |      0|   0|    9|           3|           3|
    |tmp_741_fu_2560_p2               |   icmp   |      0|   0|   18|          32|           1|
    |tmp_742_fu_2787_p2               |   icmp   |      0|   0|   11|           8|           8|
    |tmp_744_fu_2610_p2               |   icmp   |      0|   0|   18|          32|           1|
    |tmp_745_fu_2878_p2               |   icmp   |      0|   0|   11|           8|           8|
    |tmp_747_fu_2660_p2               |   icmp   |      0|   0|   18|          32|           1|
    |tmp_748_fu_2969_p2               |   icmp   |      0|   0|   11|           8|           8|
    |tmp_750_fu_3781_p2               |   icmp   |      0|   0|   18|          32|           1|
    |tmp_751_fu_2702_p2               |   icmp   |      0|   0|    9|           3|           4|
    |tmp_752_fu_3791_p2               |   icmp   |      0|   0|   18|          32|           3|
    |tmp_753_fu_3796_p2               |   icmp   |      0|   0|   18|          32|          32|
    |tmp_765_fu_4275_p2               |   icmp   |      0|   0|   21|          35|          12|
    |tmp_766_fu_3806_p2               |   icmp   |      0|   0|   18|          32|           3|
    |tmp_767_fu_3811_p2               |   icmp   |      0|   0|   18|          32|          32|
    |tmp_774_fu_4399_p2               |   icmp   |      0|   0|   18|          32|           1|
    |tmp_775_fu_4437_p2               |   icmp   |      0|   0|   50|          83|          83|
    |tmp_777_fu_4761_p2               |   icmp   |      0|   0|   29|          63|           1|
    |tmp_778_fu_4800_p2               |   icmp   |      0|   0|   13|          12|           5|
    |tmp_781_fu_4830_p2               |   icmp   |      0|   0|   13|          12|           5|
    |tmp_782_fu_4840_p2               |   icmp   |      0|   0|   13|          12|           6|
    |tmp_788_fu_5063_p2               |   icmp   |      0|   0|   50|          80|           1|
    |tmp_790_fu_5141_p2               |   icmp   |      0|   0|   29|          62|           1|
    |tmp_793_fu_5578_p2               |   icmp   |      0|   0|   11|           8|           8|
    |tmp_796_fu_5090_p2               |   icmp   |      0|   0|   50|          80|           1|
    |tmp_798_fu_5250_p2               |   icmp   |      0|   0|   29|          62|           1|
    |tmp_801_fu_5671_p2               |   icmp   |      0|   0|   11|           8|           8|
    |tmp_804_fu_4477_p2               |   icmp   |      0|   0|   24|          49|           1|
    |tmp_807_fu_4680_p2               |   icmp   |      0|   0|   11|           8|           8|
    |tmp_809_fu_6278_p2               |   icmp   |      0|   0|   29|          63|           1|
    |tmp_810_fu_6290_p2               |   icmp   |      0|   0|   13|          12|           5|
    |tmp_813_fu_6316_p2               |   icmp   |      0|   0|   13|          12|           5|
    |tmp_814_fu_6386_p2               |   icmp   |      0|   0|   13|          12|           6|
    |tmp_i_i1_fu_2941_p2              |   icmp   |      0|   0|   11|           8|           7|
    |tmp_i_i2_fu_3032_p2              |   icmp   |      0|   0|   11|           8|           7|
    |tmp_i_i3_fu_5643_p2              |   icmp   |      0|   0|   11|           8|           7|
    |tmp_i_i4_fu_5736_p2              |   icmp   |      0|   0|   11|           8|           7|
    |tmp_i_i_fu_2850_p2               |   icmp   |      0|   0|   11|           8|           7|
    |tmp_1585_fu_5418_p2              |   lshr   |      0|   0|  251|          81|          81|
    |tmp_1610_fu_5532_p2              |   lshr   |      0|   0|  251|          81|          81|
    |tmp_1635_fu_4632_p2              |   lshr   |      0|   0|  152|          49|          49|
    |tmp_1696_i_i_i1_fu_6154_p2       |   lshr   |      0|   0|   66|          25|          25|
    |tmp_1696_i_i_i_fu_5938_p2        |   lshr   |      0|   0|   66|          25|          25|
    |tmp_1704_i_i_i2_fu_3554_p2       |   lshr   |      0|   0|   66|          25|          25|
    |tmp_1704_i_i_i3_fu_3703_p2       |   lshr   |      0|   0|   66|          25|          25|
    |tmp_1704_i_i_i_fu_3405_p2        |   lshr   |      0|   0|   66|          25|          25|
    |or_cond5_fu_4975_p2              |    or    |      0|   0|    2|           1|           1|
    |or_cond6_fu_4989_p2              |    or    |      0|   0|    2|           1|           1|
    |or_cond7_fu_6449_p2              |    or    |      0|   0|    2|           1|           1|
    |or_cond8_fu_6461_p2              |    or    |      0|   0|    2|           1|           1|
    |or_cond9_fu_6475_p2              |    or    |      0|   0|    2|           1|           1|
    |or_cond_223_fu_3786_p2           |    or    |      0|   0|    2|           1|           1|
    |or_cond_fu_4961_p2               |    or    |      0|   0|    2|           1|           1|
    |sel_tmp21_demorgan_fu_4935_p2    |    or    |      0|   0|    2|           1|           1|
    |sel_tmp38_demorgan_fu_6342_p2    |    or    |      0|   0|    2|           1|           1|
    |sel_tmp53_demorgan_fu_6360_p2    |    or    |      0|   0|    2|           1|           1|
    |sel_tmp6_demorgan_fu_4900_p2     |    or    |      0|   0|    2|           1|           1|
    |agg_result_V_i_i3_fu_4247_p3     |  select  |      0|   0|   32|           1|          32|
    |man_V_32_fu_4787_p3              |  select  |      0|   0|   54|           1|          54|
    |man_V_35_fu_6270_p3              |  select  |      0|   0|   54|           1|          54|
    |msb_idx_10_fu_5439_p3            |  select  |      0|   0|   31|           1|           1|
    |msb_idx_12_fu_4556_p3            |  select  |      0|   0|   31|           1|           1|
    |msb_idx_8_fu_5325_p3             |  select  |      0|   0|   31|           1|           1|
    |newSel28_fu_4967_p3              |  select  |      0|   0|   32|           1|          32|
    |newSel29_fu_4981_p3              |  select  |      0|   0|   32|           1|          32|
    |newSel30_fu_6442_p3              |  select  |      0|   0|   32|           1|          32|
    |newSel31_fu_6454_p3              |  select  |      0|   0|   32|           1|          32|
    |newSel32_fu_6467_p3              |  select  |      0|   0|   32|           1|          32|
    |newSel33_fu_6481_p3              |  select  |      0|   0|   32|           1|          32|
    |newSel_fu_4953_p3                |  select  |      0|   0|   32|           1|          32|
    |num_zeros_13_fu_5187_p3          |  select  |      0|   0|   32|           1|          32|
    |num_zeros_14_fu_5296_p3          |  select  |      0|   0|   32|           1|          32|
    |p_03_i9_fu_4724_p3               |  select  |      0|   0|   32|           1|           1|
    |p_0782_s_fu_4876_p3              |  select  |      0|   0|    2|           1|           2|
    |p_0858_s_fu_6404_p3              |  select  |      0|   0|    2|           1|           2|
    |p_Val2_168_fu_3439_p3            |  select  |      0|   0|   32|           1|          32|
    |p_Val2_187_fu_3588_p3            |  select  |      0|   0|   32|           1|          32|
    |p_Val2_191_fu_3737_p3            |  select  |      0|   0|   32|           1|          32|
    |p_Val2_193_fu_4158_p3            |  select  |      0|   0|   32|           1|          32|
    |p_Val2_196_fu_5972_p3            |  select  |      0|   0|   16|           1|          16|
    |p_Val2_200_fu_6188_p3            |  select  |      0|   0|   16|           1|          16|
    |p_Val2_241_fu_3453_p3            |  select  |      0|   0|   32|           1|          32|
    |p_Val2_252_fu_3602_p3            |  select  |      0|   0|   32|           1|          32|
    |p_Val2_263_fu_3751_p3            |  select  |      0|   0|   32|           1|          32|
    |p_Val2_266_fu_5109_p3            |  select  |      0|   0|   79|           1|          79|
    |p_Val2_276_fu_6201_p3            |  select  |      0|   0|   16|           1|          16|
    |p_Val2_277_fu_5218_p3            |  select  |      0|   0|   79|           1|          79|
    |p_Val2_287_fu_6212_p3            |  select  |      0|   0|   16|           1|          16|
    |p_Val2_288_fu_4497_p3            |  select  |      0|   0|   48|           1|          48|
    |scale_V_fu_4995_p3               |  select  |      0|   0|   32|           1|          32|
    |sel_tmp_v_i1_fu_3204_p3          |  select  |      0|   0|   32|           1|          32|
    |sel_tmp_v_i2_fu_3290_p3          |  select  |      0|   0|   32|           1|          32|
    |sel_tmp_v_i3_fu_5822_p3          |  select  |      0|   0|   32|           1|          32|
    |sel_tmp_v_i4_fu_6038_p3          |  select  |      0|   0|   32|           1|          32|
    |sel_tmp_v_i_fu_3118_p3           |  select  |      0|   0|   32|           1|          32|
    |sh_amt_7_fu_6308_p3              |  select  |      0|   0|   12|           1|          12|
    |sh_amt_fu_4818_p3                |  select  |      0|   0|   12|           1|          12|
    |sh_assign_2_fu_3534_p3           |  select  |      0|   0|    9|           1|           9|
    |sh_assign_4_fu_3683_p3           |  select  |      0|   0|    9|           1|           9|
    |sh_assign_6_fu_5918_p3           |  select  |      0|   0|    9|           1|           9|
    |sh_assign_8_fu_6134_p3           |  select  |      0|   0|    9|           1|           9|
    |sh_assign_s_fu_3385_p3           |  select  |      0|   0|    9|           1|           9|
    |tmp149_cast_cast_fu_5586_p3      |  select  |      0|   0|    7|           1|           7|
    |tmp150_cast_cast_fu_5679_p3      |  select  |      0|   0|    7|           1|           7|
    |tmp151_cast_cast_fu_4688_p3      |  select  |      0|   0|    7|           1|           7|
    |tmp32_V_101_fu_5428_p3           |  select  |      0|   0|   32|           1|          32|
    |tmp32_V_107_fu_5542_p3           |  select  |      0|   0|   32|           1|          32|
    |tmp32_V_113_fu_4660_p3           |  select  |      0|   0|   32|           1|          32|
    |tmp_1513_fu_2442_p3              |  select  |      0|   0|   17|           1|          17|
    |tmp_1518_fu_2494_p3              |  select  |      0|   0|   17|           1|          17|
    |tmp_1523_fu_2546_p3              |  select  |      0|   0|   17|           1|          17|
    |tmp_1582_fu_5398_p3              |  select  |      0|   0|   81|           1|          81|
    |tmp_1583_fu_5406_p3              |  select  |      0|   0|    7|           1|           7|
    |tmp_1607_fu_5512_p3              |  select  |      0|   0|   81|           1|          81|
    |tmp_1608_fu_5520_p3              |  select  |      0|   0|    7|           1|           7|
    |tmp_1632_fu_4612_p3              |  select  |      0|   0|   49|           1|          49|
    |tmp_1633_fu_4620_p3              |  select  |      0|   0|    6|           1|           6|
    |tmp_V_2_fu_2624_p3               |  select  |      0|   0|   32|           1|          32|
    |tmp_V_3_fu_2666_p3               |  select  |      0|   0|   32|           1|          32|
    |tmp_V_fu_2574_p3                 |  select  |      0|   0|   32|           1|          32|
    |x_assign_72_fu_2920_p3           |  select  |      0|   0|   32|           1|           1|
    |x_assign_73_fu_3225_p3           |  select  |      0|   0|   32|           1|          32|
    |x_assign_74_fu_3011_p3           |  select  |      0|   0|   32|           1|           1|
    |x_assign_75_fu_3311_p3           |  select  |      0|   0|   32|           1|          32|
    |x_assign_76_fu_5622_p3           |  select  |      0|   0|   32|           1|           1|
    |x_assign_77_fu_5843_p3           |  select  |      0|   0|   32|           1|          32|
    |x_assign_78_fu_5715_p3           |  select  |      0|   0|   32|           1|           1|
    |x_assign_79_fu_6059_p3           |  select  |      0|   0|   32|           1|          32|
    |x_assign_fu_2829_p3              |  select  |      0|   0|   32|           1|           1|
    |x_assign_s_fu_3139_p3            |  select  |      0|   0|   32|           1|          32|
    |tmp32_V_105_fu_5474_p2           |    shl   |      0|   0|   85|          32|          32|
    |tmp32_V_111_fu_4654_p2           |    shl   |      0|   0|   85|          32|          32|
    |tmp32_V_87_fu_2600_p2            |    shl   |      0|   0|   85|          32|          32|
    |tmp32_V_91_fu_2650_p2            |    shl   |      0|   0|   85|          32|          32|
    |tmp32_V_95_fu_2692_p2            |    shl   |      0|   0|   85|          32|          32|
    |tmp32_V_99_fu_5360_p2            |    shl   |      0|   0|   85|          32|          32|
    |tmp_1697_i_i_i1_fu_6160_p2       |    shl   |      0|   0|  180|          63|          63|
    |tmp_1697_i_i_i_fu_5944_p2        |    shl   |      0|   0|  180|          63|          63|
    |tmp_1705_i_i_i2_fu_3560_p2       |    shl   |      0|   0|  243|          79|          79|
    |tmp_1705_i_i_i3_fu_3709_p2       |    shl   |      0|   0|  243|          79|          79|
    |tmp_1705_i_i_i_fu_3411_p2        |    shl   |      0|   0|  243|          79|          79|
    |tmp_785_fu_4883_p2               |    shl   |      0|   0|   85|          32|          32|
    |tmp_817_fu_6411_p2               |    shl   |      0|   0|   85|          32|          32|
    |sel_tmp1_fu_4889_p2              |    xor   |      0|   0|    2|           1|           2|
    |sel_tmp1_i1_fu_3215_p2           |    xor   |      0|   0|    2|           1|           2|
    |sel_tmp1_i2_fu_3301_p2           |    xor   |      0|   0|    2|           1|           2|
    |sel_tmp1_i3_fu_5833_p2           |    xor   |      0|   0|    2|           1|           2|
    |sel_tmp1_i4_fu_6049_p2           |    xor   |      0|   0|    2|           1|           2|
    |sel_tmp1_i_fu_3129_p2            |    xor   |      0|   0|    2|           1|           2|
    |sel_tmp21_fu_4941_p2             |    xor   |      0|   0|    2|           1|           2|
    |sel_tmp33_fu_6416_p2             |    xor   |      0|   0|    2|           1|           2|
    |sel_tmp38_fu_6348_p2             |    xor   |      0|   0|    2|           1|           2|
    |sel_tmp40_fu_6426_p2             |    xor   |      0|   0|    2|           1|           2|
    |sel_tmp53_fu_6366_p2             |    xor   |      0|   0|    2|           1|           2|
    |sel_tmp6_fu_4905_p2              |    xor   |      0|   0|    2|           1|           2|
    |sel_tmp8_fu_4917_p2              |    xor   |      0|   0|    2|           1|           2|
    |tmp_1688_i_i1_fu_3174_p2         |    xor   |      0|   0|   23|          23|           2|
    |tmp_1688_i_i2_fu_3260_p2         |    xor   |      0|   0|   23|          23|           2|
    |tmp_1688_i_i3_fu_5792_p2         |    xor   |      0|   0|   23|          23|           2|
    |tmp_1688_i_i4_fu_6008_p2         |    xor   |      0|   0|   23|          23|           2|
    |tmp_1688_i_i_fu_3088_p2          |    xor   |      0|   0|   23|          23|           2|
    +---------------------------------+----------+-------+----+-----+------------+------------+
    |Total                            |          |     47| 452|10755|        5963|        7133|
    +---------------------------------+----------+-------+----+-----+------------+------------+

    * Multiplexer: 
    +-------------------------------------------------+-----+-----------+-----+-----------+
    |                       Name                      | LUT | Input Size| Bits| Total Bits|
    +-------------------------------------------------+-----+-----------+-----+-----------+
    |ap_NS_fsm                                        |  229|         53|    1|         53|
    |ap_phi_mux_c_1_phi_fu_1500_p10                   |    9|          2|   32|         64|
    |ap_phi_mux_kpt_layer_write_assi_phi_fu_1555_p10  |    9|          2|    8|         16|
    |ap_phi_mux_kpt_octave_write_ass_phi_fu_1520_p10  |    9|          2|    8|         16|
    |ap_phi_mux_kpt_pt_x_write_assig_phi_fu_1470_p10  |    9|          2|   16|         32|
    |ap_phi_mux_kpt_pt_y_write_assig_phi_fu_1440_p10  |    9|          2|   16|         32|
    |ap_phi_mux_kpt_response_V_write_phi_fu_1485_p10  |    9|          2|   32|         64|
    |ap_phi_mux_kpt_sigma_V_write_as_phi_fu_1455_p10  |    9|          2|   32|         64|
    |ap_phi_mux_layer_1_phi_fu_1570_p10               |    9|          2|   32|         64|
    |ap_phi_mux_p_s_phi_fu_1591_p10                   |    9|          2|    1|          2|
    |ap_phi_mux_r_1_phi_fu_1535_p10                   |    9|          2|   32|         64|
    |ap_return_0                                      |    9|          2|    1|          2|
    |ap_return_1                                      |    9|          2|   32|         64|
    |ap_return_2                                      |    9|          2|   32|         64|
    |ap_return_3                                      |    9|          2|   32|         64|
    |ap_return_4                                      |    9|          2|   16|         32|
    |ap_return_5                                      |    9|          2|   16|         32|
    |ap_return_6                                      |    9|          2|   32|         64|
    |ap_return_7                                      |    9|          2|   32|         64|
    |ap_return_8                                      |    9|          2|    8|         16|
    |ap_return_9                                      |    9|          2|    8|         16|
    |c_1_ph_reg_1392                                  |    9|          2|   32|         64|
    |c_1_reg_1497                                     |    9|          2|   32|         64|
    |dog_pyr_0_val_V_address0                         |   47|         10|   16|        160|
    |dog_pyr_0_val_V_address1                         |   47|         10|   16|        160|
    |dog_pyr_1_val_V_address0                         |   47|         10|   16|        160|
    |dog_pyr_1_val_V_address1                         |   47|         10|   16|        160|
    |dog_pyr_2_val_V_address0                         |   47|         10|   16|        160|
    |dog_pyr_2_val_V_address1                         |   47|         10|   16|        160|
    |dog_pyr_3_val_V_address0                         |   47|         10|   16|        160|
    |dog_pyr_3_val_V_address1                         |   47|         10|   16|        160|
    |dog_pyr_4_val_V_address0                         |   47|         10|   16|        160|
    |dog_pyr_4_val_V_address1                         |   47|         10|   16|        160|
    |grp_fu_1650_p0                                   |   21|          4|   32|        128|
    |grp_fu_1653_p0                                   |   15|          3|   32|         96|
    |grp_fu_1665_p6                                   |   15|          3|    3|          9|
    |grp_fu_1680_p6                                   |   15|          3|    3|          9|
    |grp_fu_1695_p6                                   |   15|          3|    3|          9|
    |grp_fu_1755_p6                                   |   15|          3|    3|          9|
    |grp_fu_1765_p6                                   |   15|          3|    3|          9|
    |grp_fu_1775_p6                                   |   15|          3|    3|          9|
    |grp_fu_1785_p6                                   |   15|          3|    3|          9|
    |grp_pow_generic_float_s_fu_1624_exp              |   15|          3|   32|         96|
    |i_reg_1347                                       |    9|          2|    3|          6|
    |kpt_layer_write_assi_reg_1552                    |    9|          2|    8|         16|
    |kpt_octave_write_ass_reg_1517                    |    9|          2|    8|         16|
    |kpt_pt_x_write_assig_reg_1467                    |    9|          2|   16|         32|
    |kpt_pt_y_write_assig_reg_1437                    |    9|          2|   16|         32|
    |kpt_response_V_write_reg_1482                    |    9|          2|   32|         64|
    |kpt_sigma_V_write_as_reg_1452                    |    9|          2|   32|         64|
    |layer_1_ph_reg_1422                              |    9|          2|   32|         64|
    |layer_1_reg_1567                                 |    9|          2|   32|         64|
    |mask_table1687_address0                          |   15|          3|    5|         15|
    |mask_table1687_address1                          |   15|          3|    5|         15|
    |one_half_table2683_address0                      |   15|          3|    5|         15|
    |one_half_table2683_address1                      |   15|          3|    5|         15|
    |p_Val2_123_reg_1359                              |    9|          2|   32|         64|
    |p_Val2_124_reg_1370                              |    9|          2|   32|         64|
    |p_Val2_125_reg_1381                              |    9|          2|   32|         64|
    |p_Val2_128_reg_1281                              |    9|          2|   32|         64|
    |p_Val2_132_reg_1291                              |    9|          2|   32|         64|
    |p_Val2_164_reg_1301                              |    9|          2|   32|         64|
    |r_1_ph_reg_1407                                  |    9|          2|   32|         64|
    |r_1_reg_1532                                     |    9|          2|   32|         64|
    |tmp_708_reg_1311                                 |    9|          2|   32|         64|
    |tmp_709_reg_1323                                 |    9|          2|   32|         64|
    |tmp_710_reg_1335                                 |    9|          2|   32|         64|
    +-------------------------------------------------+-----+-----------+-----+-----------+
    |Total                                            | 1293|        280| 1311|       4122|
    +-------------------------------------------------+-----+-----------+-----+-----------+

    * Register: 
    +----------------------------------------------+----+----+-----+-----------+
    |                     Name                     | FF | LUT| Bits| Const Bits|
    +----------------------------------------------+----+----+-----+-----------+
    |H_0_0_V_reg_6977                              |  32|   0|   32|          0|
    |H_0_1_V_reg_7067                              |  32|   0|   32|          0|
    |H_0_2_V_reg_6887                              |  32|   0|   32|          0|
    |H_1_1_V_reg_6982                              |  32|   0|   32|          0|
    |H_1_2_V_reg_6992                              |  32|   0|   32|          0|
    |H_2_2_V_reg_6987                              |  32|   0|   32|          0|
    |agg_result_V_i_i3_reg_7787                    |  32|   0|   32|          0|
    |ap_CS_fsm                                     |  52|   0|   52|          0|
    |ap_return_0_preg                              |   1|   0|    1|          0|
    |ap_return_1_preg                              |  32|   0|   32|          0|
    |ap_return_2_preg                              |  32|   0|   32|          0|
    |ap_return_3_preg                              |  32|   0|   32|          0|
    |ap_return_4_preg                              |  16|   0|   16|          0|
    |ap_return_5_preg                              |  16|   0|   16|          0|
    |ap_return_6_preg                              |  32|   0|   32|          0|
    |ap_return_7_preg                              |  32|   0|   32|          0|
    |ap_return_8_preg                              |   8|   0|    8|          0|
    |ap_return_9_preg                              |   8|   0|    8|          0|
    |c_1_ph_reg_1392                               |  32|   0|   32|          0|
    |c_1_reg_1497                                  |  32|   0|   32|          0|
    |dD_0_V_reg_6902                               |  32|   0|   32|          0|
    |dD_1_V_reg_6967                               |  32|   0|   32|          0|
    |dD_2_V_reg_6972                               |  32|   0|   32|          0|
    |dog_pyr_0_val_V_add_30_reg_7737               |  16|   0|   16|          0|
    |dog_pyr_0_val_V_add_31_reg_7742               |  16|   0|   16|          0|
    |dog_pyr_0_val_V_loa_26_reg_7422               |  32|   0|   32|          0|
    |dog_pyr_0_val_V_loa_27_reg_7484               |  32|   0|   32|          0|
    |dog_pyr_0_val_V_loa_28_reg_7565               |  32|   0|   32|          0|
    |dog_pyr_0_val_V_loa_29_reg_7590               |  32|   0|   32|          0|
    |dog_pyr_0_val_V_loa_30_reg_7615               |  32|   0|   32|          0|
    |dog_pyr_1_val_V_add_30_reg_7747               |  16|   0|   16|          0|
    |dog_pyr_1_val_V_add_31_reg_7752               |  16|   0|   16|          0|
    |dog_pyr_1_val_V_loa_27_reg_7427               |  32|   0|   32|          0|
    |dog_pyr_1_val_V_loa_28_reg_7489               |  32|   0|   32|          0|
    |dog_pyr_1_val_V_loa_29_reg_7570               |  32|   0|   32|          0|
    |dog_pyr_1_val_V_loa_30_reg_7595               |  32|   0|   32|          0|
    |dog_pyr_1_val_V_loa_31_reg_7622               |  32|   0|   32|          0|
    |dog_pyr_2_val_V_add_30_reg_7757               |  16|   0|   16|          0|
    |dog_pyr_2_val_V_add_31_reg_7762               |  16|   0|   16|          0|
    |dog_pyr_2_val_V_loa_27_reg_7432               |  32|   0|   32|          0|
    |dog_pyr_2_val_V_loa_28_reg_7494               |  32|   0|   32|          0|
    |dog_pyr_2_val_V_loa_29_reg_7575               |  32|   0|   32|          0|
    |dog_pyr_2_val_V_loa_30_reg_7600               |  32|   0|   32|          0|
    |dog_pyr_2_val_V_loa_31_reg_7629               |  32|   0|   32|          0|
    |dog_pyr_3_val_V_add_30_reg_7767               |  16|   0|   16|          0|
    |dog_pyr_3_val_V_add_31_reg_7772               |  16|   0|   16|          0|
    |dog_pyr_3_val_V_loa_27_reg_7437               |  32|   0|   32|          0|
    |dog_pyr_3_val_V_loa_28_reg_7499               |  32|   0|   32|          0|
    |dog_pyr_3_val_V_loa_29_reg_7580               |  32|   0|   32|          0|
    |dog_pyr_3_val_V_loa_30_reg_7605               |  32|   0|   32|          0|
    |dog_pyr_3_val_V_loa_31_reg_7636               |  32|   0|   32|          0|
    |dog_pyr_4_val_V_add_30_reg_7777               |  16|   0|   16|          0|
    |dog_pyr_4_val_V_add_31_reg_7782               |  16|   0|   16|          0|
    |dog_pyr_4_val_V_loa_26_reg_7442               |  32|   0|   32|          0|
    |dog_pyr_4_val_V_loa_27_reg_7504               |  32|   0|   32|          0|
    |dog_pyr_4_val_V_loa_28_reg_7585               |  32|   0|   32|          0|
    |dog_pyr_4_val_V_loa_29_reg_7610               |  32|   0|   32|          0|
    |dog_pyr_4_val_V_loa_30_reg_7643               |  32|   0|   32|          0|
    |exp_tmp_V_reg_7918                            |  11|   0|   11|          0|
    |grp_pow_generic_float_s_fu_1624_ap_start_reg  |   1|   0|    1|          0|
    |grp_solve_ap_fixed_s_fu_1608_ap_start_reg     |   1|   0|    1|          0|
    |i_20_reg_6675                                 |   3|   0|    3|          0|
    |i_reg_1347                                    |   3|   0|    3|          0|
    |icmp15_reg_7100                               |   1|   0|    1|          0|
    |icmp18_reg_7104                               |   1|   0|    1|          0|
    |icmp26_reg_7374                               |   1|   0|    1|          0|
    |icmp48_reg_7877                               |   1|   0|    1|          0|
    |icmp_reg_7096                                 |   1|   0|    1|          0|
    |is_neg_11_reg_7133                            |   1|   0|    1|          0|
    |is_neg_12_reg_7091                            |   1|   0|    1|          0|
    |is_neg_13_reg_7960                            |   1|   0|    1|          0|
    |is_neg_14_reg_7977                            |   1|   0|    1|          0|
    |is_neg_15_reg_7851                            |   1|   0|    1|          0|
    |is_neg_reg_7113                               |   1|   0|    1|          0|
    |isneg_7_reg_8151                              |   1|   0|    1|          0|
    |isneg_reg_7912                                |   1|   0|    1|          0|
    |kpt_layer_write_assi_reg_1552                 |   8|   0|    8|          0|
    |kpt_octave_write_ass_reg_1517                 |   8|   0|    8|          0|
    |kpt_pt_x_write_assig_reg_1467                 |  16|   0|   16|          0|
    |kpt_pt_y_write_assig_reg_1437                 |  16|   0|   16|          0|
    |kpt_response_V_write_reg_1482                 |  32|   0|   32|          0|
    |kpt_sigma_V_write_as_reg_1452                 |  32|   0|   32|          0|
    |layer_1_ph_reg_1422                           |  32|   0|   32|          0|
    |layer_1_reg_1567                              |  32|   0|   32|          0|
    |man_V_35_reg_8156                             |  54|   0|   54|          0|
    |msb_idx_11_reg_7867                           |  32|   0|   32|          0|
    |msb_idx_12_reg_7872                           |  31|   0|   31|          0|
    |msb_idx_9_reg_8010                            |  32|   0|   32|          0|
    |msb_idx_reg_7989                              |  32|   0|   32|          0|
    |octave_cast_reg_6656                          |  31|   0|   32|          1|
    |or_cond5_224_reg_7383                         |   1|   0|    1|          0|
    |or_cond6_225_reg_7387                         |   1|   0|    1|          0|
    |or_cond_223_reg_7379                          |   1|   0|    1|          0|
    |p_03_i9_reg_7902                              |  32|   0|   32|          0|
    |p_Result_341_reg_8119                         |   1|   0|    1|          0|
    |p_Result_346_reg_8130                         |   1|   0|    1|          0|
    |p_Result_72_reg_7219                          |   8|   0|    8|          0|
    |p_Result_77_reg_7229                          |   8|   0|    8|          0|
    |p_Result_85_reg_8040                          |   8|   0|    8|          0|
    |p_Result_92_reg_8050                          |   8|   0|    8|          0|
    |p_Result_98_reg_7897                          |   8|   0|    8|          0|
    |p_Result_s_reg_7209                           |   8|   0|    8|          0|
    |p_Val2_114_reg_7047                           |  33|   0|   33|          0|
    |p_Val2_120_reg_7076                           |  32|   0|   32|          0|
    |p_Val2_121_reg_7081                           |  32|   0|   32|          0|
    |p_Val2_122_reg_7086                           |  32|   0|   32|          0|
    |p_Val2_123_reg_1359                           |  32|   0|   32|          0|
    |p_Val2_124_reg_1370                           |  32|   0|   32|          0|
    |p_Val2_125_reg_1381                           |  32|   0|   32|          0|
    |p_Val2_126_reg_7661                           |  64|   0|   64|          0|
    |p_Val2_127_reg_7666                           |  64|   0|   64|          0|
    |p_Val2_128_reg_1281                           |  32|   0|   32|          0|
    |p_Val2_129_reg_7671                           |  64|   0|   64|          0|
    |p_Val2_130_reg_6819                           |  32|   0|   32|          0|
    |p_Val2_131_reg_7676                           |  32|   0|   32|          0|
    |p_Val2_132_reg_1291                           |  32|   0|   32|          0|
    |p_Val2_134_reg_7796                           |  32|   0|   32|          0|
    |p_Val2_136_reg_7802                           |  32|   0|   32|          0|
    |p_Val2_137_reg_7808                           |  33|   0|   33|          0|
    |p_Val2_141_reg_6881                           |  32|   0|   32|          0|
    |p_Val2_155_reg_6809                           |  32|   0|   32|          0|
    |p_Val2_157_reg_6814                           |  32|   0|   32|          0|
    |p_Val2_159_reg_6892                           |  32|   0|   32|          0|
    |p_Val2_161_reg_6897                           |  32|   0|   32|          0|
    |p_Val2_164_reg_1301                           |  32|   0|   32|          0|
    |p_Val2_196_reg_8124                           |  16|   0|   16|          0|
    |p_Val2_200_reg_8135                           |  16|   0|   16|          0|
    |p_Val2_224_fu_336                             |  32|   0|   32|          0|
    |p_Val2_225_fu_340                             |  32|   0|   32|          0|
    |p_Val2_226_fu_344                             |  32|   0|   32|          0|
    |p_Val2_266_reg_7983                           |  79|   0|   79|          0|
    |p_Val2_276_reg_8141                           |  16|   0|   16|          0|
    |p_Val2_277_reg_8004                           |  79|   0|   79|          0|
    |p_Val2_287_reg_8146                           |  16|   0|   16|          0|
    |p_Val2_288_reg_7856                           |  48|   0|   48|          0|
    |p_Val2_s_reg_6754                             |  32|   0|   32|          0|
    |p_s_reg_1587                                  |   1|   0|    1|          0|
    |r_1_ph_reg_1407                               |  32|   0|   32|          0|
    |r_1_reg_1532                                  |  32|   0|   32|          0|
    |r_V_24_reg_7827                               |  64|   0|   64|          0|
    |r_V_25_reg_7832                               |  66|   0|   83|         17|
    |r_V_27_reg_7939                               |  49|   0|   49|          0|
    |r_V_28_reg_7944                               |  49|   0|   49|          0|
    |reg_1835                                      |  32|   0|   32|          0|
    |scale_V_reg_7934                              |  32|   0|   32|          0|
    |sel_tmp39_reg_8183                            |   1|   0|    1|          0|
    |sel_tmp54_reg_8189                            |   1|   0|    1|          0|
    |sh_amt_7_reg_8166                             |  12|   0|   12|          0|
    |t_V_41_reg_7239                               |  32|   0|   32|          0|
    |t_V_45_reg_7271                               |  32|   0|   32|          0|
    |t_V_49_reg_7303                               |  32|   0|   32|          0|
    |t_V_54_reg_8060                               |  32|   0|   32|          0|
    |t_V_58_reg_8092                               |  32|   0|   32|          0|
    |tmp32_V_101_reg_8025                          |  32|   0|   32|          0|
    |tmp32_V_107_reg_8030                          |  32|   0|   32|          0|
    |tmp32_V_112_reg_7882                          |  32|   0|   32|          0|
    |tmp32_V_113_reg_7887                          |  32|   0|   32|          0|
    |tmp32_V_116_reg_7214                          |  32|   0|   32|          0|
    |tmp32_V_117_reg_7224                          |  32|   0|   32|          0|
    |tmp32_V_118_reg_8035                          |  32|   0|   32|          0|
    |tmp32_V_119_reg_8045                          |  32|   0|   32|          0|
    |tmp32_V_120_reg_7892                          |  32|   0|   32|          0|
    |tmp32_V_87_reg_7118                           |  32|   0|   32|          0|
    |tmp32_V_91_reg_7138                           |  32|   0|   32|          0|
    |tmp32_V_95_reg_7153                           |  32|   0|   32|          0|
    |tmp32_V_reg_7204                              |  32|   0|   32|          0|
    |tmp_1219_t_reg_6803                           |   3|   0|    3|          0|
    |tmp_1221_t_reg_6797                           |   3|   0|    3|          0|
    |tmp_1498_reg_6680                             |  18|   0|   18|          0|
    |tmp_1501_reg_6717                             |  18|   0|   18|          0|
    |tmp_1502_reg_6748                             |   3|   0|    3|          0|
    |tmp_1503_reg_6760                             |  18|   0|   18|          0|
    |tmp_1525_reg_7123                             |   8|   0|    8|          0|
    |tmp_1533_reg_7143                             |   8|   0|    8|          0|
    |tmp_1540_reg_7158                             |   8|   0|    8|          0|
    |tmp_1548_reg_7650                             |   3|   0|    3|          0|
    |tmp_1550_reg_7167                             |  18|   0|   18|          0|
    |tmp_1553_reg_7391                             |  18|   0|   18|          0|
    |tmp_1554_reg_7447                             |  18|   0|   18|          0|
    |tmp_1561_reg_7682                             |   1|   0|    1|          0|
    |tmp_1565_reg_7923                             |  52|   0|   52|          0|
    |tmp_1569_reg_7949                             |  79|   0|   79|          0|
    |tmp_1573_reg_7994                             |  31|   0|   31|          0|
    |tmp_1574_reg_7999                             |   1|   0|    1|          0|
    |tmp_1594_reg_7966                             |  79|   0|   79|          0|
    |tmp_1598_reg_8015                             |  31|   0|   31|          0|
    |tmp_1599_reg_8020                             |   1|   0|    1|          0|
    |tmp_1619_reg_7841                             |   8|   0|    8|          0|
    |tmp_1641_reg_8177                             |  32|   0|   32|          0|
    |tmp_1685_i_i1_reg_7283                        |   1|   0|    1|          0|
    |tmp_1685_i_i2_reg_7315                        |   1|   0|    1|          0|
    |tmp_1685_i_i3_reg_8072                        |   1|   0|    1|          0|
    |tmp_1685_i_i4_reg_8104                        |   1|   0|    1|          0|
    |tmp_1685_i_i_reg_7251                         |   1|   0|    1|          0|
    |tmp_280_cast_reg_6686                         |  10|   0|   18|          8|
    |tmp_285_cast_reg_6766                         |  10|   0|   18|          8|
    |tmp_290_cast_reg_6850                         |  10|   0|   18|          8|
    |tmp_292_reg_6957                              |  18|   0|   18|          0|
    |tmp_293_reg_6962                              |  18|   0|   18|          0|
    |tmp_308_cast_reg_7173                         |  10|   0|   18|          8|
    |tmp_313_cast_reg_7453                         |  10|   0|   18|          8|
    |tmp_318_cast_reg_7534                         |  10|   0|   18|          8|
    |tmp_690_reg_7072                              |   1|   0|    1|          0|
    |tmp_708_reg_1311                              |  32|   0|   32|          0|
    |tmp_709_reg_1323                              |  32|   0|   32|          0|
    |tmp_710_reg_1335                              |  32|   0|   32|          0|
    |tmp_711_reg_6671                              |   1|   0|    1|          0|
    |tmp_741_reg_7108                              |   1|   0|    1|          0|
    |tmp_743_reg_7345                              |  32|   0|   32|          0|
    |tmp_744_reg_7128                              |   1|   0|    1|          0|
    |tmp_746_reg_7355                              |  32|   0|   32|          0|
    |tmp_747_reg_7148                              |   1|   0|    1|          0|
    |tmp_749_reg_7365                              |  32|   0|   32|          0|
    |tmp_751_reg_7163                              |   1|   0|    1|          0|
    |tmp_765_reg_7792                              |   1|   0|    1|          0|
    |tmp_772_reg_7813                              |  32|   0|   32|          0|
    |tmp_773_reg_7818                              |  32|   0|   32|          0|
    |tmp_774_reg_7823                              |   1|   0|    1|          0|
    |tmp_775_reg_7837                              |   1|   0|    1|          0|
    |tmp_777_reg_7928                              |   1|   0|    1|          0|
    |tmp_788_reg_7955                              |   1|   0|    1|          0|
    |tmp_796_reg_7972                              |   1|   0|    1|          0|
    |tmp_804_reg_7846                              |   1|   0|    1|          0|
    |tmp_809_reg_8161                              |   1|   0|    1|          0|
    |tmp_813_reg_8172                              |   1|   0|    1|          0|
    |tmp_i_i1_reg_7277                             |   1|   0|    1|          0|
    |tmp_i_i2_reg_7309                             |   1|   0|    1|          0|
    |tmp_i_i3_reg_8066                             |   1|   0|    1|          0|
    |tmp_i_i4_reg_8098                             |   1|   0|    1|          0|
    |tmp_i_i_reg_7245                              |   1|   0|    1|          0|
    |tmp_reg_6661                                  |  32|   0|   32|          0|
    |tmp_s_reg_6666                                |  32|   0|   32|          0|
    |x_assign_72_reg_7266                          |  32|   0|   32|          0|
    |x_assign_73_reg_7335                          |  32|   0|   32|          0|
    |x_assign_74_reg_7298                          |  32|   0|   32|          0|
    |x_assign_75_reg_7340                          |  32|   0|   32|          0|
    |x_assign_76_reg_8055                          |  32|   0|   32|          0|
    |x_assign_78_reg_8087                          |  32|   0|   32|          0|
    |x_assign_reg_7234                             |  32|   0|   32|          0|
    |x_assign_s_reg_7330                           |  32|   0|   32|          0|
    |y_assign_3_reg_7907                           |  32|   0|   32|          0|
    |y_assign_reg_7862                             |  32|   0|   32|          0|
    +----------------------------------------------+----+----+-----+-----------+
    |Total                                         |5509|   0| 5575|         66|
    +----------------------------------------------+----+----+-----+-----------+



================================================================
== Interface
================================================================
* Summary: 
+--------------------------+-----+-----+------------+---------------------+--------------+
|         RTL Ports        | Dir | Bits|  Protocol  |    Source Object    |    C Type    |
+--------------------------+-----+-----+------------+---------------------+--------------+
|ap_clk                    |  in |    1| ap_ctrl_hs |  adjustLocalExtrema | return value |
|ap_rst                    |  in |    1| ap_ctrl_hs |  adjustLocalExtrema | return value |
|ap_start                  |  in |    1| ap_ctrl_hs |  adjustLocalExtrema | return value |
|ap_done                   | out |    1| ap_ctrl_hs |  adjustLocalExtrema | return value |
|ap_idle                   | out |    1| ap_ctrl_hs |  adjustLocalExtrema | return value |
|ap_ready                  | out |    1| ap_ctrl_hs |  adjustLocalExtrema | return value |
|ap_return_0               | out |    1| ap_ctrl_hs |  adjustLocalExtrema | return value |
|ap_return_1               | out |   32| ap_ctrl_hs |  adjustLocalExtrema | return value |
|ap_return_2               | out |   32| ap_ctrl_hs |  adjustLocalExtrema | return value |
|ap_return_3               | out |   32| ap_ctrl_hs |  adjustLocalExtrema | return value |
|ap_return_4               | out |   16| ap_ctrl_hs |  adjustLocalExtrema | return value |
|ap_return_5               | out |   16| ap_ctrl_hs |  adjustLocalExtrema | return value |
|ap_return_6               | out |   32| ap_ctrl_hs |  adjustLocalExtrema | return value |
|ap_return_7               | out |   32| ap_ctrl_hs |  adjustLocalExtrema | return value |
|ap_return_8               | out |    8| ap_ctrl_hs |  adjustLocalExtrema | return value |
|ap_return_9               | out |    8| ap_ctrl_hs |  adjustLocalExtrema | return value |
|dog_pyr_0_val_V_address0  | out |   16|  ap_memory |   dog_pyr_0_val_V   |     array    |
|dog_pyr_0_val_V_ce0       | out |    1|  ap_memory |   dog_pyr_0_val_V   |     array    |
|dog_pyr_0_val_V_q0        |  in |   32|  ap_memory |   dog_pyr_0_val_V   |     array    |
|dog_pyr_0_val_V_address1  | out |   16|  ap_memory |   dog_pyr_0_val_V   |     array    |
|dog_pyr_0_val_V_ce1       | out |    1|  ap_memory |   dog_pyr_0_val_V   |     array    |
|dog_pyr_0_val_V_q1        |  in |   32|  ap_memory |   dog_pyr_0_val_V   |     array    |
|dog_pyr_1_val_V_address0  | out |   16|  ap_memory |   dog_pyr_1_val_V   |     array    |
|dog_pyr_1_val_V_ce0       | out |    1|  ap_memory |   dog_pyr_1_val_V   |     array    |
|dog_pyr_1_val_V_q0        |  in |   32|  ap_memory |   dog_pyr_1_val_V   |     array    |
|dog_pyr_1_val_V_address1  | out |   16|  ap_memory |   dog_pyr_1_val_V   |     array    |
|dog_pyr_1_val_V_ce1       | out |    1|  ap_memory |   dog_pyr_1_val_V   |     array    |
|dog_pyr_1_val_V_q1        |  in |   32|  ap_memory |   dog_pyr_1_val_V   |     array    |
|dog_pyr_2_val_V_address0  | out |   16|  ap_memory |   dog_pyr_2_val_V   |     array    |
|dog_pyr_2_val_V_ce0       | out |    1|  ap_memory |   dog_pyr_2_val_V   |     array    |
|dog_pyr_2_val_V_q0        |  in |   32|  ap_memory |   dog_pyr_2_val_V   |     array    |
|dog_pyr_2_val_V_address1  | out |   16|  ap_memory |   dog_pyr_2_val_V   |     array    |
|dog_pyr_2_val_V_ce1       | out |    1|  ap_memory |   dog_pyr_2_val_V   |     array    |
|dog_pyr_2_val_V_q1        |  in |   32|  ap_memory |   dog_pyr_2_val_V   |     array    |
|dog_pyr_3_val_V_address0  | out |   16|  ap_memory |   dog_pyr_3_val_V   |     array    |
|dog_pyr_3_val_V_ce0       | out |    1|  ap_memory |   dog_pyr_3_val_V   |     array    |
|dog_pyr_3_val_V_q0        |  in |   32|  ap_memory |   dog_pyr_3_val_V   |     array    |
|dog_pyr_3_val_V_address1  | out |   16|  ap_memory |   dog_pyr_3_val_V   |     array    |
|dog_pyr_3_val_V_ce1       | out |    1|  ap_memory |   dog_pyr_3_val_V   |     array    |
|dog_pyr_3_val_V_q1        |  in |   32|  ap_memory |   dog_pyr_3_val_V   |     array    |
|dog_pyr_4_val_V_address0  | out |   16|  ap_memory |   dog_pyr_4_val_V   |     array    |
|dog_pyr_4_val_V_ce0       | out |    1|  ap_memory |   dog_pyr_4_val_V   |     array    |
|dog_pyr_4_val_V_q0        |  in |   32|  ap_memory |   dog_pyr_4_val_V   |     array    |
|dog_pyr_4_val_V_address1  | out |   16|  ap_memory |   dog_pyr_4_val_V   |     array    |
|dog_pyr_4_val_V_ce1       | out |    1|  ap_memory |   dog_pyr_4_val_V   |     array    |
|dog_pyr_4_val_V_q1        |  in |   32|  ap_memory |   dog_pyr_4_val_V   |     array    |
|dog_pyr_0_rows_read       |  in |   32|   ap_none  | dog_pyr_0_rows_read |    scalar    |
|dog_pyr_0_cols_read       |  in |   32|   ap_none  | dog_pyr_0_cols_read |    scalar    |
|octave                    |  in |   31|   ap_none  |        octave       |    scalar    |
|layer_read                |  in |    3|   ap_none  |      layer_read     |    scalar    |
|r_read                    |  in |   31|   ap_none  |        r_read       |    scalar    |
|c_read                    |  in |   31|   ap_none  |        c_read       |    scalar    |
|kpt_pt_x_read             |  in |   16|   ap_none  |    kpt_pt_x_read    |    scalar    |
|kpt_pt_y_read             |  in |   16|   ap_none  |    kpt_pt_y_read    |    scalar    |
|kpt_sigma_V_read          |  in |   32|   ap_none  |   kpt_sigma_V_read  |    scalar    |
|kpt_response_V_read       |  in |   32|   ap_none  | kpt_response_V_read |    scalar    |
|kpt_octave_read           |  in |    8|   ap_none  |   kpt_octave_read   |    scalar    |
|kpt_layer_read            |  in |    8|   ap_none  |    kpt_layer_read   |    scalar    |
+--------------------------+-----+-----+------------+---------------------+--------------+

