

================================================================
== Vivado HLS Report for 'calcOrientationHist'
================================================================
* Date:           Wed Dec  5 18:34:45 2018

* Version:        2018.2 (Build 2258646 on Thu Jun 14 20:25:20 MDT 2018)
* Project:        SIFT
* Solution:       solution1
* Product family: virtex7
* Target device:  xc7vx690tffg1761-3


================================================================
== Performance Estimates
================================================================
+ Timing (ns): 
    * Summary: 
    +--------+-------+----------+------------+
    |  Clock | Target| Estimated| Uncertainty|
    +--------+-------+----------+------------+
    |ap_clk  |  10.00|     8.750|        1.25|
    +--------+-------+----------+------------+

+ Latency (clock cycles): 
    * Summary: 
    +-----+-----+-----+-----+---------+
    |  Latency  |  Interval | Pipeline|
    | min | max | min | max |   Type  |
    +-----+-----+-----+-----+---------+
    |    ?|    ?|    ?|    ?|   none  |
    +-----+-----+-----+-----+---------+

    + Detail: 
        * Instance: 
        +---------------------------------+----------------------+-----+-----+-----+-----+----------+
        |                                 |                      |  Latency  |  Interval | Pipeline |
        |             Instance            |        Module        | min | max | min | max |   Type   |
        +---------------------------------+----------------------+-----+-----+-----+-----+----------+
        |grp_atan2_cordic_float_s_fu_804  |atan2_cordic_float_s  |   30|   30|    2|    2| function |
        |grp_sqrt_fixed_32_16_s_fu_810    |sqrt_fixed_32_16_s    |    8|    8|    1|    1| function |
        +---------------------------------+----------------------+-----+-----+-----+-----+----------+

        * Loop: 
        +-------------+-----+-----+----------+-----------+-----------+------+----------+
        |             |  Latency  | Iteration|  Initiation Interval  | Trip |          |
        |  Loop Name  | min | max |  Latency |  achieved |   target  | Count| Pipelined|
        +-------------+-----+-----+----------+-----------+-----------+------+----------+
        |- Loop 1     |   40|   40|         1|          -|          -|    40|    no    |
        |- Loop 2     |    ?|    ?|         ?|          -|          -|     ?|    no    |
        | + Loop 2.1  |    ?|    ?|        64|          2|          2|     ?|    yes   |
        |- Loop 3     |  108|  108|         4|          3|          3|    36|    yes   |
        +-------------+-----+-----+----------+-----------+-----------+------+----------+



================================================================
== Utilization Estimates
================================================================
* Summary: 
+-----------------+---------+-------+--------+--------+
|       Name      | BRAM_18K| DSP48E|   FF   |   LUT  |
+-----------------+---------+-------+--------+--------+
|DSP              |        -|      -|       -|       -|
|Expression       |        -|     22|     306|    6657|
|FIFO             |        -|      -|       -|       -|
|Instance         |        0|     12|    8849|   28906|
|Memory           |        2|      -|      47|      24|
|Multiplexer      |        -|      -|       -|     655|
|Register         |        2|      -|    2318|      66|
+-----------------+---------+-------+--------+--------+
|Total            |        4|     34|   11520|   36308|
+-----------------+---------+-------+--------+--------+
|Available        |     2940|   3600|  866400|  433200|
+-----------------+---------+-------+--------+--------+
|Utilization (%)  |    ~0   |   ~0  |       1|       8|
+-----------------+---------+-------+--------+--------+

+ Detail: 
    * Instance: 
    +---------------------------------+------------------------+---------+-------+------+-------+
    |             Instance            |         Module         | BRAM_18K| DSP48E|  FF  |  LUT  |
    +---------------------------------+------------------------+---------+-------+------+-------+
    |SIFT2_Core_fdiv_3g8j_U918        |SIFT2_Core_fdiv_3g8j    |        0|      0|   311|    791|
    |SIFT2_Core_fexp_3jbC_U922        |SIFT2_Core_fexp_3jbC    |        0|      7|   206|    885|
    |SIFT2_Core_fmul_3dEe_U917        |SIFT2_Core_fmul_3dEe    |        0|      3|   128|    137|
    |SIFT2_Core_fpext_hbi_U921        |SIFT2_Core_fpext_hbi    |        0|      0|   100|    134|
    |SIFT2_Core_mux_63VhK_x_U923      |SIFT2_Core_mux_63VhK_x  |        0|      0|     0|     33|
    |SIFT2_Core_mux_63VhK_x_U924      |SIFT2_Core_mux_63VhK_x  |        0|      0|     0|     33|
    |SIFT2_Core_mux_63VhK_x_U925      |SIFT2_Core_mux_63VhK_x  |        0|      0|     0|     33|
    |SIFT2_Core_mux_63VhK_x_U926      |SIFT2_Core_mux_63VhK_x  |        0|      0|     0|     33|
    |SIFT2_Core_uitofpXh4_U919        |SIFT2_Core_uitofpXh4    |        0|      0|   128|    337|
    |SIFT2_Core_uitofpXh4_U920        |SIFT2_Core_uitofpXh4    |        0|      0|   128|    337|
    |grp_atan2_cordic_float_s_fu_804  |atan2_cordic_float_s    |        0|      2|  6772|  21584|
    |grp_sqrt_fixed_32_16_s_fu_810    |sqrt_fixed_32_16_s      |        0|      0|  1076|   4569|
    +---------------------------------+------------------------+---------+-------+------+-------+
    |Total                            |                        |        0|     12|  8849|  28906|
    +---------------------------------+------------------------+---------+-------+------+-------+

    * DSP48: 
    N/A

    * Memory: 
    +-------------------+----------------------+---------+----+----+------+-----+------+-------------+
    |       Memory      |        Module        | BRAM_18K| FF | LUT| Words| Bits| Banks| W*Bits*Banks|
    +-------------------+----------------------+---------+----+----+------+-----+------+-------------+
    |mask_table1_U      |calcOrientationHi6jw  |        0|  23|  12|    32|   23|     1|          736|
    |one_half_table2_U  |calcOrientationHi7jG  |        0|  24|  12|    32|   24|     1|          768|
    |temphist_V_U       |calcOrientationHi8jQ  |        2|   0|   0|    40|   32|     1|         1280|
    +-------------------+----------------------+---------+----+----+------+-----+------+-------------+
    |Total              |                      |        2|  47|  24|   104|   79|     3|         2784|
    +-------------------+----------------------+---------+----+----+------+-----+------+-------------+

    * FIFO: 
    N/A

    * Expression: 
    +--------------------------------------+----------+-------+----+-----+------------+------------+
    |             Variable Name            | Operation| DSP48E| FF | LUT | Bitwidth P0| Bitwidth P1|
    +--------------------------------------+----------+-------+----+-----+------------+------------+
    |p_Val2_104_fu_1802_p2                 |     *    |      3|   0|   21|          32|          32|
    |p_Val2_s_215_fu_2609_p2               |     *    |      3|   0|   21|          32|          24|
    |p_Val2_s_fu_876_p2                    |     *    |      4|   0|   22|          32|          33|
    |tmp_513_fu_1573_p2                    |     *    |      3|   0|   21|          32|          32|
    |tmp_557_fu_1660_p2                    |     *    |      3|   0|   21|          32|          32|
    |tmp_710_cast_fu_1908_p2               |     *    |      3|   0|   21|          32|          32|
    |tmp_711_cast_fu_2081_p2               |     *    |      3|   0|   21|          32|          32|
    |Ang_V_2_fu_2877_p2                    |     +    |      0|   0|   39|          25|          32|
    |NZeros_fu_977_p2                      |     +    |      0|   0|   39|          32|          32|
    |c_fu_1584_p2                          |     +    |      0|   0|   39|          32|          32|
    |i_12_fu_1466_p2                       |     +    |      0|   0|   15|           6|           1|
    |i_13_fu_3397_p2                       |     +    |      0|   0|   15|           6|           1|
    |i_14_fu_3338_p2                       |     +    |      0|   0|   39|          32|           1|
    |i_op_assign_fu_1666_p2                |     +    |      0|   0|   39|          32|          32|
    |j_6_fu_1671_p2                        |     +    |      0|   0|   39|          32|           1|
    |p_Repl2_64_trunc_fu_1153_p2           |     +    |      0|   0|   15|           8|           8|
    |p_Repl2_67_trunc_fu_2295_p2           |     +    |      0|   0|    8|           8|           8|
    |p_Repl2_70_trunc_fu_2197_p2           |     +    |      0|   0|    8|           8|           8|
    |p_Repl2_73_trunc_fu_2246_p2           |     +    |      0|   0|    8|           8|           8|
    |p_Repl2_76_trunc_fu_2980_p2           |     +    |      0|   0|    8|           8|           8|
    |p_Val2_102_fu_2087_p2                 |     +    |      0|   0|   55|          48|          48|
    |p_Val2_106_fu_3322_p2                 |     +    |      0|   0|   55|          48|          48|
    |p_Val2_110_fu_3485_p2                 |     +    |      0|   0|    8|          48|          48|
    |p_Val2_121_fu_3075_p2                 |     +    |      0|   0|   39|          32|          32|
    |r_V_10_fu_3380_p2                     |     +    |      0|   0|   40|          33|          33|
    |r_V_11_fu_3416_p2                     |     +    |      0|   0|   40|          33|          33|
    |r_fu_1503_p2                          |     +    |      0|   0|   39|          32|          32|
    |sh_assign_fu_3186_p2                  |     +    |      0|   0|   16|           8|           9|
    |tmp84_fu_3479_p2                      |     +    |      0|   0|    8|          48|          48|
    |tmp_1245_fu_1063_p2                   |     +    |      0|   0|   15|           6|           7|
    |tmp_1263_fu_1541_p2                   |     +    |      0|   0|   17|           1|          10|
    |tmp_1265_fu_1559_p2                   |     +    |      0|   0|   17|           2|          10|
    |tmp_1267_fu_1610_p2                   |     +    |      0|   0|    8|           1|          18|
    |tmp_1269_fu_1635_p2                   |     +    |      0|   0|    8|           2|          18|
    |tmp_1290_fu_2050_p2                   |     +    |      0|   0|   15|           6|           6|
    |tmp_269_fu_1616_p2                    |     +    |      0|   0|    8|          18|          18|
    |tmp_270_fu_1641_p2                    |     +    |      0|   0|    8|          18|          18|
    |tmp_271_fu_1757_p2                    |     +    |      0|   0|   25|          18|          18|
    |tmp_272_fu_1771_p2                    |     +    |      0|   0|   25|          18|          18|
    |tmp_500_fu_1263_p2                    |     +    |      0|   0|   19|           6|          12|
    |tmp_507_fu_1482_p2                    |     +    |      0|   0|   39|           2|          32|
    |tmp_508_fu_1487_p2                    |     +    |      0|   0|   39|           2|          32|
    |tmp_515_fu_3350_p2                    |     +    |      0|   0|   15|           6|           3|
    |tmp_517_fu_3361_p2                    |     +    |      0|   0|   15|           6|           2|
    |tmp_521_fu_3386_p2                    |     +    |      0|   0|   15|           6|           2|
    |tmp_550_fu_2690_p2                    |     +    |      0|   0|   19|           6|          12|
    |tmp_569_fu_2406_p2                    |     +    |      0|   0|   19|           6|          12|
    |tmp_582_fu_3289_p2                    |     +    |      0|   0|   39|           7|          32|
    |tmp_583_fu_3303_p2                    |     +    |      0|   0|   39|           2|          32|
    |F2_5_fu_2678_p2                       |     -    |      0|   0|   19|          11|          12|
    |F2_6_fu_2394_p2                       |     -    |      0|   0|   19|          11|          12|
    |F2_fu_1251_p2                         |     -    |      0|   0|   19|          11|          12|
    |i_15_fu_1477_p2                       |     -    |      0|   0|   39|           1|          32|
    |man_V_21_fu_1238_p2                   |     -    |      0|   0|   61|           1|          54|
    |man_V_24_fu_2665_p2                   |     -    |      0|   0|   61|           1|          54|
    |man_V_27_fu_2381_p2                   |     -    |      0|   0|   61|           1|          54|
    |msb_idx_fu_991_p2                     |     -    |      0|   0|   39|           7|          32|
    |p_Val2_101_fu_1899_p2                 |     -    |      0|   0|   39|          32|          32|
    |p_Val2_109_fu_3473_p2                 |     -    |      0|   0|   55|          48|          48|
    |p_Val2_113_fu_1751_p2                 |     -    |      0|   0|   39|          32|          32|
    |p_Val2_i_i_i_fu_3272_p2               |     -    |      0|   0|   39|           1|          32|
    |tmp_1247_fu_1079_p2                   |     -    |      0|   0|   15|           3|           7|
    |tmp_1702_i_i_i_fu_3200_p2             |     -    |      0|   0|   15|           7|           8|
    |tmp_493_fu_1037_p2                    |     -    |      0|   0|   38|           5|          31|
    |tmp_501_fu_1269_p2                    |     -    |      0|   0|   19|           5|          12|
    |tmp_534_fu_2102_p2                    |     -    |      0|   0|   39|           1|          32|
    |tmp_536_fu_2286_p2                    |     -    |      0|   0|    8|           8|           8|
    |tmp_540_fu_1928_p2                    |     -    |      0|   0|   39|           1|          32|
    |tmp_542_fu_2188_p2                    |     -    |      0|   0|    8|           8|           8|
    |tmp_551_fu_2696_p2                    |     -    |      0|   0|   19|           5|          12|
    |tmp_560_fu_2034_p2                    |     -    |      0|   0|   39|           5|          32|
    |tmp_562_fu_2237_p2                    |     -    |      0|   0|    8|           8|           8|
    |tmp_570_fu_2412_p2                    |     -    |      0|   0|   19|           5|          12|
    |tmp_578_fu_2971_p2                    |     -    |      0|   0|    8|           8|           8|
    |tmp_649_cast_fu_900_p2                |     -    |      0|   0|   71|           1|          64|
    |tmp_738_cast_fu_2906_p2               |     -    |      0|   0|   38|           1|          31|
    |tmp_740_cast_fu_1967_p2               |     -    |      0|   0|   70|           1|          63|
    |or_cond4_fu_1600_p2                   |    and   |      0|   0|    2|           1|           1|
    |or_cond_213_fu_1519_p2                |    and   |      0|   0|    2|           1|           1|
    |sel_tmp10_fu_2815_p2                  |    and   |      0|   0|    2|           1|           1|
    |sel_tmp16_fu_2829_p2                  |    and   |      0|   0|    2|           1|           1|
    |sel_tmp23_fu_2855_p2                  |    and   |      0|   0|    2|           1|           1|
    |sel_tmp29_fu_2494_p2                  |    and   |      0|   0|    2|           1|           1|
    |sel_tmp34_fu_2511_p2                  |    and   |      0|   0|    2|           1|           1|
    |sel_tmp36_fu_2523_p2                  |    and   |      0|   0|    2|           1|           1|
    |sel_tmp3_fu_2778_p2                   |    and   |      0|   0|    2|           1|           1|
    |sel_tmp42_fu_2529_p2                  |    and   |      0|   0|    2|           1|           1|
    |sel_tmp49_fu_2547_p2                  |    and   |      0|   0|    2|           1|           1|
    |sel_tmp54_fu_3130_p2                  |    and   |      0|   0|    2|           1|           1|
    |sel_tmp61_fu_1351_p2                  |    and   |      0|   0|    2|           1|           1|
    |sel_tmp66_fu_1368_p2                  |    and   |      0|   0|    2|           1|           1|
    |sel_tmp68_fu_1380_p2                  |    and   |      0|   0|    2|           1|           1|
    |sel_tmp74_fu_1386_p2                  |    and   |      0|   0|    2|           1|           1|
    |sel_tmp81_fu_1404_p2                  |    and   |      0|   0|    2|           1|           1|
    |sel_tmp8_fu_2803_p2                   |    and   |      0|   0|    2|           1|           1|
    |xs_sig_V_fu_3090_p2                   |    and   |      0|   0|   23|          23|          23|
    |tmp_505_fu_1323_p2                    |   ashr   |      0|   0|  162|          54|          54|
    |tmp_555_fu_2750_p2                    |   ashr   |      0|   0|  162|          54|          54|
    |tmp_574_fu_2466_p2                    |   ashr   |      0|   0|  162|          54|          54|
    |tmp_490_fu_925_p3                     |   ctlz   |      0|  73|   71|          64|           0|
    |tmp_492_fu_965_p3                     |   ctlz   |      0|  73|   71|          64|           0|
    |num_zeros_10_fu_2934_p3               |   cttz   |      0|  40|   36|          32|           0|
    |num_zeros_7_fu_2123_p3                |   cttz   |      0|  40|   36|          32|           0|
    |num_zeros_8_fu_1949_p3                |   cttz   |      0|  40|   36|          32|           0|
    |tmp_559_fu_1992_p3                    |   cttz   |      0|  40|   36|          64|           0|
    |exitcond2_fu_1460_p2                  |   icmp   |      0|   0|   11|           6|           6|
    |exitcond_fu_3344_p2                   |   icmp   |      0|   0|   11|           6|           6|
    |icmp11_fu_1313_p2                     |   icmp   |      0|   0|   11|           7|           1|
    |icmp14_fu_2740_p2                     |   icmp   |      0|   0|   11|           7|           1|
    |icmp19_fu_2024_p2                     |   icmp   |      0|   0|   18|          27|           1|
    |icmp22_fu_2456_p2                     |   icmp   |      0|   0|   11|           7|           1|
    |icmp_fu_1028_p2                       |   icmp   |      0|   0|   18|          26|           1|
    |tmp_1244_fu_1057_p2                   |   icmp   |      0|   0|   18|          31|           5|
    |tmp_1685_i_i_fu_3034_p2               |   icmp   |      0|   0|   11|           8|           8|
    |tmp_491_fu_937_p2                     |   icmp   |      0|   0|   18|          32|           1|
    |tmp_494_fu_1137_p2                    |   icmp   |      0|   0|   11|           8|           8|
    |tmp_498_fu_1218_p2                    |   icmp   |      0|   0|   29|          63|           1|
    |tmp_499_fu_1257_p2                    |   icmp   |      0|   0|   13|          12|           5|
    |tmp_502_fu_1287_p2                    |   icmp   |      0|   0|   13|          12|           5|
    |tmp_503_fu_1297_p2                    |   icmp   |      0|   0|   13|          12|           6|
    |tmp_510_fu_1498_p2                    |   icmp   |      0|   0|   18|          32|          32|
    |tmp_511_fu_1508_p2                    |   icmp   |      0|   0|   18|          32|           1|
    |tmp_512_fu_1514_p2                    |   icmp   |      0|   0|   18|          32|          32|
    |tmp_528_fu_3502_p2                    |   icmp   |      0|   0|   18|          32|          32|
    |tmp_529_fu_1579_p2                    |   icmp   |      0|   0|   18|          32|          32|
    |tmp_531_fu_1589_p2                    |   icmp   |      0|   0|   18|          32|           1|
    |tmp_532_fu_1595_p2                    |   icmp   |      0|   0|   18|          32|          32|
    |tmp_533_fu_1914_p2                    |   icmp   |      0|   0|   18|          32|          32|
    |tmp_535_fu_2281_p2                    |   icmp   |      0|   0|   11|           8|           8|
    |tmp_539_fu_1785_p2                    |   icmp   |      0|   0|   18|          32|          32|
    |tmp_541_fu_2183_p2                    |   icmp   |      0|   0|   11|           8|           8|
    |tmp_548_fu_2645_p2                    |   icmp   |      0|   0|   29|          63|           1|
    |tmp_549_fu_2684_p2                    |   icmp   |      0|   0|   13|          12|           5|
    |tmp_552_fu_2714_p2                    |   icmp   |      0|   0|   13|          12|           5|
    |tmp_553_fu_2724_p2                    |   icmp   |      0|   0|   13|          12|           6|
    |tmp_558_fu_1811_p2                    |   icmp   |      0|   0|   29|          64|           1|
    |tmp_561_fu_2232_p2                    |   icmp   |      0|   0|   11|           8|           8|
    |tmp_567_fu_2361_p2                    |   icmp   |      0|   0|   29|          63|           1|
    |tmp_568_fu_2400_p2                    |   icmp   |      0|   0|   13|          12|           5|
    |tmp_571_fu_2430_p2                    |   icmp   |      0|   0|   13|          12|           5|
    |tmp_572_fu_2440_p2                    |   icmp   |      0|   0|   13|          12|           6|
    |tmp_576_fu_2892_p2                    |   icmp   |      0|   0|   18|          32|           1|
    |tmp_577_fu_2966_p2                    |   icmp   |      0|   0|   11|           8|           8|
    |tmp_581_fu_3283_p2                    |   icmp   |      0|   0|   18|          32|           6|
    |tmp_i_i9_fu_3028_p2                   |   icmp   |      0|   0|   11|           8|           7|
    |tmp_s_fu_886_p2                       |   icmp   |      0|   0|   50|          65|           1|
    |tmp_1251_fu_1105_p2                   |   lshr   |      0|   0|  311|          96|          96|
    |tmp_1292_fu_2060_p2                   |   lshr   |      0|   0|  182|          64|          64|
    |tmp_1704_i_i_i_fu_3230_p2             |   lshr   |      0|   0|   66|          25|          25|
    |or_cond1_fu_2575_p2                   |    or    |      0|   0|    2|           1|           1|
    |or_cond2_fu_2589_p2                   |    or    |      0|   0|    2|           1|           1|
    |or_cond7_fu_1432_p2                   |    or    |      0|   0|    2|           1|           1|
    |or_cond8_fu_1446_p2                   |    or    |      0|   0|    2|           1|           1|
    |or_cond9_fu_2561_p2                   |    or    |      0|   0|    2|           1|           1|
    |or_cond_fu_1418_p2                    |    or    |      0|   0|    2|           1|           1|
    |sel_tmp22_demorgan_fu_2843_p2         |    or    |      0|   0|    2|           1|           1|
    |sel_tmp33_demorgan_fu_2500_p2         |    or    |      0|   0|    2|           1|           1|
    |sel_tmp48_demorgan_fu_2535_p2         |    or    |      0|   0|    2|           1|           1|
    |sel_tmp65_demorgan_fu_1357_p2         |    or    |      0|   0|    2|           1|           1|
    |sel_tmp7_demorgan_fu_2792_p2          |    or    |      0|   0|    2|           1|           1|
    |sel_tmp80_demorgan_fu_1392_p2         |    or    |      0|   0|    2|           1|           1|
    |W_V_fu_2595_p3                        |  select  |      0|   0|   32|           1|          32|
    |bin_1_fu_3295_p3                      |  select  |      0|   0|   32|           1|          32|
    |expf_scale_V_fu_1452_p3               |  select  |      0|   0|   32|           1|          32|
    |grp_atan2_cordic_float_s_fu_804_y_in  |  select  |      0|   0|   32|           1|           1|
    |man_V_22_fu_1244_p3                   |  select  |      0|   0|   54|           1|          54|
    |man_V_25_fu_2671_p3                   |  select  |      0|   0|   54|           1|          54|
    |man_V_28_fu_2387_p3                   |  select  |      0|   0|   54|           1|          54|
    |msb_idx_6_fu_1012_p3                  |  select  |      0|   0|   31|           1|           1|
    |newSel20_fu_1424_p3                   |  select  |      0|   0|   32|           1|          32|
    |newSel21_fu_1438_p3                   |  select  |      0|   0|   32|           1|          32|
    |newSel22_fu_2553_p3                   |  select  |      0|   0|   32|           1|          32|
    |newSel23_fu_2567_p3                   |  select  |      0|   0|   32|           1|          32|
    |newSel24_fu_2581_p3                   |  select  |      0|   0|   32|           1|          32|
    |newSel_fu_1410_p3                     |  select  |      0|   0|   32|           1|          32|
    |num_zeros_fu_983_p3                   |  select  |      0|   0|   32|           1|          32|
    |p_03_i8_fu_1181_p3                    |  select  |      0|   0|   32|           1|           1|
    |p_03_i_fu_3008_p3                     |  select  |      0|   0|   32|           1|           1|
    |p_078_s_fu_1333_p3                    |  select  |      0|   0|    2|           1|           2|
    |p_Val2_118_fu_2882_p3                 |  select  |      0|   0|   32|           1|          32|
    |p_Val2_125_fu_3264_p3                 |  select  |      0|   0|   32|           1|          32|
    |p_Val2_158_fu_905_p3                  |  select  |      0|   0|   64|           1|          64|
    |p_Val2_170_fu_1972_p3                 |  select  |      0|   0|   63|           1|          63|
    |p_Val2_185_fu_2107_p3                 |  select  |      0|   0|   32|           1|          32|
    |p_Val2_186_fu_1933_p3                 |  select  |      0|   0|   32|           1|          32|
    |p_Val2_187_fu_2861_p3                 |  select  |      0|   0|   32|           1|          32|
    |p_Val2_188_fu_2912_p3                 |  select  |      0|   0|   31|           1|          31|
    |p_Val2_189_fu_3277_p3                 |  select  |      0|   0|   32|           1|          32|
    |sel_tmp11_fu_2821_p3                  |  select  |      0|   0|   32|           1|          32|
    |sel_tmp17_fu_2835_p3                  |  select  |      0|   0|   32|           1|          32|
    |sel_tmp4_fu_2784_p3                   |  select  |      0|   0|   32|           1|          32|
    |sel_tmp52_v_fu_3114_p3                |  select  |      0|   0|   32|           1|          32|
    |sh_amt_5_fu_2702_p3                   |  select  |      0|   0|   12|           1|          12|
    |sh_amt_6_fu_2418_p3                   |  select  |      0|   0|   12|           1|          12|
    |sh_amt_fu_1275_p3                     |  select  |      0|   0|   12|           1|          12|
    |sh_assign_7_fu_3210_p3                |  select  |      0|   0|    9|           1|           9|
    |storemerge9_fu_2760_p3                |  select  |      0|   0|    2|           1|           2|
    |storemerge_fu_2476_p3                 |  select  |      0|   0|    2|           1|           2|
    |tmp32_V_50_fu_1115_p3                 |  select  |      0|   0|   32|           1|          32|
    |tmp32_V_64_fu_2070_p3                 |  select  |      0|   0|   32|           1|          32|
    |tmp83_cast_cast_fu_1145_p3            |  select  |      0|   0|    7|           1|           7|
    |tmp_1049_omax_V_load_fu_3508_p3       |  select  |      0|   0|   32|           1|          32|
    |tmp_1248_fu_1085_p3                   |  select  |      0|   0|   96|           1|          96|
    |tmp_1249_fu_1093_p3                   |  select  |      0|   0|    7|           1|           7|
    |x_assign_71_fu_3135_p3                |  select  |      0|   0|   32|           1|          32|
    |x_assign_fu_2225_p3                   |  select  |      0|   0|   32|           1|           1|
    |x_assign_s_fu_2274_p3                 |  select  |      0|   0|   32|           1|           1|
    |tmp32_V_48_fu_1047_p2                 |    shl   |      0|   0|   85|          32|          32|
    |tmp32_V_54_fu_2131_p2                 |    shl   |      0|   0|   85|          32|          32|
    |tmp32_V_58_fu_1957_p2                 |    shl   |      0|   0|   85|          32|          32|
    |tmp32_V_62_fu_2040_p2                 |    shl   |      0|   0|   85|          32|          32|
    |tmp32_V_68_fu_2942_p2                 |    shl   |      0|   0|   85|          32|          32|
    |tmp_1705_i_i_i_fu_3236_p2             |    shl   |      0|   0|  243|          79|          79|
    |tmp_506_fu_1340_p2                    |    shl   |      0|   0|   85|          32|          32|
    |tmp_556_fu_2767_p2                    |    shl   |      0|   0|   85|          32|          32|
    |tmp_575_fu_2483_p2                    |    shl   |      0|   0|   85|          32|          32|
    |ap_enable_pp0                         |    xor   |      0|   0|    2|           1|           2|
    |ap_enable_pp1                         |    xor   |      0|   0|    2|           1|           2|
    |ap_enable_reg_pp0_iter1               |    xor   |      0|   0|    2|           2|           1|
    |ap_enable_reg_pp1_iter1               |    xor   |      0|   0|    2|           2|           1|
    |msb_idx_7_fu_2008_p2                  |    xor   |      0|   0|   32|          32|           6|
    |sel_tmp22_fu_2849_p2                  |    xor   |      0|   0|    2|           1|           2|
    |sel_tmp28_fu_2489_p2                  |    xor   |      0|   0|    2|           1|           2|
    |sel_tmp2_fu_2773_p2                   |    xor   |      0|   0|    2|           1|           2|
    |sel_tmp33_fu_2505_p2                  |    xor   |      0|   0|    2|           1|           2|
    |sel_tmp35_fu_2517_p2                  |    xor   |      0|   0|    2|           1|           2|
    |sel_tmp48_fu_2541_p2                  |    xor   |      0|   0|    2|           1|           2|
    |sel_tmp53_fu_3125_p2                  |    xor   |      0|   0|    2|           1|           2|
    |sel_tmp60_fu_1346_p2                  |    xor   |      0|   0|    2|           1|           2|
    |sel_tmp65_fu_1362_p2                  |    xor   |      0|   0|    2|           1|           2|
    |sel_tmp67_fu_1374_p2                  |    xor   |      0|   0|    2|           1|           2|
    |sel_tmp7_fu_2797_p2                   |    xor   |      0|   0|    2|           1|           2|
    |sel_tmp80_fu_1398_p2                  |    xor   |      0|   0|    2|           1|           2|
    |sel_tmp9_fu_2809_p2                   |    xor   |      0|   0|    2|           1|           2|
    |tmp_1688_i_i_fu_3084_p2               |    xor   |      0|   0|   23|          23|           2|
    +--------------------------------------+----------+-------+----+-----+------------+------------+
    |Total                                 |          |     22| 306| 6657|        3285|        4200|
    +--------------------------------------+----------+-------+----+-----+------------+------------+

    * Multiplexer: 
    +-----------------------------+-----+-----------+-----+-----------+
    |             Name            | LUT | Input Size| Bits| Total Bits|
    +-----------------------------+-----+-----------+-----+-----------+
    |ap_NS_fsm                    |  129|         28|    1|         28|
    |ap_enable_reg_pp0_iter1      |    9|          2|    1|          2|
    |ap_enable_reg_pp0_iter31     |    9|          2|    1|          2|
    |ap_enable_reg_pp1_iter1      |   15|          3|    1|          3|
    |ap_phi_mux_i2_phi_fu_796_p4  |    9|          2|    6|         12|
    |ap_phi_mux_j6_phi_fu_774_p4  |    9|          2|   32|         64|
    |grp_fu_815_p0                |   15|          3|   32|         96|
    |grp_fu_815_p1                |   15|          3|   32|         96|
    |grp_fu_822_p0                |   21|          4|   32|        128|
    |grp_fu_822_p1                |   21|          4|   32|        128|
    |grp_fu_829_p0                |   21|          4|   32|        128|
    |grp_fu_832_p0                |   15|          3|   32|         96|
    |grp_fu_835_p0                |   15|          3|   32|         96|
    |i1_reg_761                   |    9|          2|   32|         64|
    |i2_reg_792                   |    9|          2|    6|         12|
    |i_reg_750                    |    9|          2|    6|         12|
    |img_0_val_V_address0         |   15|          3|   16|         48|
    |img_0_val_V_address1         |   15|          3|   16|         48|
    |img_1_val_V_address0         |   15|          3|   16|         48|
    |img_1_val_V_address1         |   15|          3|   16|         48|
    |img_2_val_V_address0         |   15|          3|   16|         48|
    |img_2_val_V_address1         |   15|          3|   16|         48|
    |img_3_val_V_address0         |   15|          3|   16|         48|
    |img_3_val_V_address1         |   15|          3|   16|         48|
    |img_4_val_V_address0         |   15|          3|   16|         48|
    |img_4_val_V_address1         |   15|          3|   16|         48|
    |img_5_val_V_address0         |   15|          3|   16|         48|
    |img_5_val_V_address1         |   15|          3|   16|         48|
    |j6_reg_771                   |    9|          2|   32|         64|
    |omax_V_write_assign_reg_780  |    9|          2|   32|         64|
    |reg_848                      |    9|          2|   32|         64|
    |reg_854                      |    9|          2|   32|         64|
    |temphist_V_address0          |   44|          9|    6|         54|
    |temphist_V_address1          |   44|          9|    6|         54|
    |temphist_V_d0                |   21|          4|   32|        128|
    +-----------------------------+-----+-----------+-----+-----------+
    |Total                        |  655|        135|  674|       2035|
    +-----------------------------+-----+-----------+-----+-----------+

    * Register: 
    +----------------------------------------------+----+----+-----+-----------+
    |                     Name                     | FF | LUT| Bits| Const Bits|
    +----------------------------------------------+----+----+-----+-----------+
    |OP2_V_reg_3657                                |  64|   0|   64|          0|
    |W_V_reg_4018                                  |  32|   0|   32|          0|
    |agg_result_V_i_reg_4013                       |  24|   0|   24|          0|
    |ap_CS_fsm                                     |  27|   0|   27|          0|
    |ap_enable_reg_pp0_iter0                       |   1|   0|    1|          0|
    |ap_enable_reg_pp0_iter1                       |   1|   0|    1|          0|
    |ap_enable_reg_pp0_iter10                      |   1|   0|    1|          0|
    |ap_enable_reg_pp0_iter11                      |   1|   0|    1|          0|
    |ap_enable_reg_pp0_iter12                      |   1|   0|    1|          0|
    |ap_enable_reg_pp0_iter13                      |   1|   0|    1|          0|
    |ap_enable_reg_pp0_iter14                      |   1|   0|    1|          0|
    |ap_enable_reg_pp0_iter15                      |   1|   0|    1|          0|
    |ap_enable_reg_pp0_iter16                      |   1|   0|    1|          0|
    |ap_enable_reg_pp0_iter17                      |   1|   0|    1|          0|
    |ap_enable_reg_pp0_iter18                      |   1|   0|    1|          0|
    |ap_enable_reg_pp0_iter19                      |   1|   0|    1|          0|
    |ap_enable_reg_pp0_iter2                       |   1|   0|    1|          0|
    |ap_enable_reg_pp0_iter20                      |   1|   0|    1|          0|
    |ap_enable_reg_pp0_iter21                      |   1|   0|    1|          0|
    |ap_enable_reg_pp0_iter22                      |   1|   0|    1|          0|
    |ap_enable_reg_pp0_iter23                      |   1|   0|    1|          0|
    |ap_enable_reg_pp0_iter24                      |   1|   0|    1|          0|
    |ap_enable_reg_pp0_iter25                      |   1|   0|    1|          0|
    |ap_enable_reg_pp0_iter26                      |   1|   0|    1|          0|
    |ap_enable_reg_pp0_iter27                      |   1|   0|    1|          0|
    |ap_enable_reg_pp0_iter28                      |   1|   0|    1|          0|
    |ap_enable_reg_pp0_iter29                      |   1|   0|    1|          0|
    |ap_enable_reg_pp0_iter3                       |   1|   0|    1|          0|
    |ap_enable_reg_pp0_iter30                      |   1|   0|    1|          0|
    |ap_enable_reg_pp0_iter31                      |   1|   0|    1|          0|
    |ap_enable_reg_pp0_iter4                       |   1|   0|    1|          0|
    |ap_enable_reg_pp0_iter5                       |   1|   0|    1|          0|
    |ap_enable_reg_pp0_iter6                       |   1|   0|    1|          0|
    |ap_enable_reg_pp0_iter7                       |   1|   0|    1|          0|
    |ap_enable_reg_pp0_iter8                       |   1|   0|    1|          0|
    |ap_enable_reg_pp0_iter9                       |   1|   0|    1|          0|
    |ap_enable_reg_pp1_iter0                       |   1|   0|    1|          0|
    |ap_enable_reg_pp1_iter1                       |   1|   0|    1|          0|
    |exitcond_reg_4181                             |   1|   0|    1|          0|
    |exp_tmp_V_5_reg_4044                          |  11|   0|   11|          0|
    |exp_tmp_V_6_reg_3997                          |  11|   0|   11|          0|
    |exp_tmp_V_reg_3580                            |  11|   0|   11|          0|
    |expf_scale_V_reg_3628                         |  32|   0|   32|          0|
    |grp_atan2_cordic_float_s_fu_804_ap_start_reg  |   1|   0|    1|          0|
    |i1_reg_761                                    |  32|   0|   32|          0|
    |i2_reg_792                                    |   6|   0|    6|          0|
    |i_13_reg_4205                                 |   6|   0|    6|          0|
    |i_15_reg_3641                                 |  32|   0|   32|          0|
    |i_op_assign_reg_3783                          |  32|   0|   32|          0|
    |i_reg_750                                     |   6|   0|    6|          0|
    |is_neg_10_reg_4076                            |   1|   0|    1|          0|
    |is_neg_10_reg_4076_pp0_iter24_reg             |   1|   0|    1|          0|
    |is_neg_7_reg_3905                             |   1|   0|    1|          0|
    |is_neg_7_reg_3905_pp0_iter2_reg               |   1|   0|    1|          0|
    |is_neg_8_reg_3865                             |   1|   0|    1|          0|
    |is_neg_8_reg_3865_pp0_iter1_reg               |   1|   0|    1|          0|
    |is_neg_9_reg_3882                             |   1|   0|    1|          0|
    |is_neg_9_reg_3882_pp0_iter1_reg               |   1|   0|    1|          0|
    |is_neg_reg_3527                               |   1|   0|    1|          0|
    |isneg_5_reg_4038                              |   1|   0|    1|          0|
    |isneg_6_reg_3991                              |   1|   0|    1|          0|
    |isneg_reg_3574                                |   1|   0|    1|          0|
    |j6_reg_771                                    |  32|   0|   32|          0|
    |j_6_reg_3788                                  |  32|   0|   32|          0|
    |msb_idx_reg_3539                              |  32|   0|   32|          0|
    |omax_V_write_assign_reg_780                   |  32|   0|   32|          0|
    |or_cond4_reg_3713                             |   1|   0|    1|          0|
    |p_03_i8_reg_3569                              |  32|   0|   32|          0|
    |p_03_i_reg_4111                               |  32|   0|   32|          0|
    |p_Result_199_reg_4101                         |  32|   0|   32|          0|
    |p_Result_202_reg_4149                         |   1|   0|    1|          0|
    |p_Result_44_reg_3564                          |   8|   0|    8|          0|
    |p_Result_48_reg_3971                          |   8|   0|    8|          0|
    |p_Result_51_reg_3951                          |   8|   0|    8|          0|
    |p_Result_55_reg_3961                          |   8|   0|    8|          0|
    |p_Result_59_reg_4096                          |   8|   0|    8|          0|
    |p_Val2_101_reg_3888                           |  32|   0|   32|          0|
    |p_Val2_113_reg_3793                           |  32|   0|   32|          0|
    |p_Val2_125_reg_4154                           |  32|   0|   32|          0|
    |p_Val2_158_reg_3533                           |  63|   0|   64|          1|
    |p_Val2_187_reg_4060                           |  32|   0|   32|          0|
    |p_Val2_s_215_reg_4023                         |  48|   0|   48|          0|
    |r_V_10_reg_4200                               |  33|   0|   33|          0|
    |r_V_11_reg_4220                               |  33|   0|   33|          0|
    |reg_843                                       |  32|   0|   32|          0|
    |reg_848                                       |  32|   0|   32|          0|
    |reg_854                                       |  32|   0|   32|          0|
    |t_V_29_reg_4122                               |  32|   0|   32|          0|
    |temphist_V_addr_14_reg_4160                   |   6|   0|    6|          0|
    |this_assign_reg_3931                          |  32|   0|   32|          0|
    |tmp32_V_50_reg_3554                           |  32|   0|   32|          0|
    |tmp32_V_54_reg_3936                           |  32|   0|   32|          0|
    |tmp32_V_58_reg_3911                           |  32|   0|   32|          0|
    |tmp32_V_64_reg_3926                           |  32|   0|   32|          0|
    |tmp32_V_68_reg_4081                           |  32|   0|   32|          0|
    |tmp32_V_71_reg_3559                           |  32|   0|   32|          0|
    |tmp32_V_72_reg_3966                           |  32|   0|   32|          0|
    |tmp32_V_73_reg_3946                           |  32|   0|   32|          0|
    |tmp32_V_74_reg_3956                           |  32|   0|   32|          0|
    |tmp32_V_75_reg_4091                           |  32|   0|   32|          0|
    |tmp_1239_reg_3544                             |  31|   0|   31|          0|
    |tmp_1240_reg_3549                             |   1|   0|    1|          0|
    |tmp_1256_reg_3585                             |  52|   0|   52|          0|
    |tmp_1260_reg_3662                             |   3|   0|    3|          0|
    |tmp_1270_reg_3777                             |  18|   0|   18|          0|
    |tmp_1272_reg_3941                             |   8|   0|    8|          0|
    |tmp_1272_reg_3941_pp0_iter2_reg               |   8|   0|    8|          0|
    |tmp_1274_reg_3916                             |   8|   0|    8|          0|
    |tmp_1274_reg_3916_pp0_iter2_reg               |   8|   0|    8|          0|
    |tmp_1277_reg_4049                             |  52|   0|   52|          0|
    |tmp_1281_reg_4066                             |   1|   0|    1|          0|
    |tmp_1283_reg_3871                             |  63|   0|   63|          0|
    |tmp_1286_reg_3921                             |   8|   0|    8|          0|
    |tmp_1286_reg_3921_pp0_iter2_reg               |   8|   0|    8|          0|
    |tmp_1296_reg_4002                             |  52|   0|   52|          0|
    |tmp_1301_reg_4086                             |   8|   0|    8|          0|
    |tmp_1301_reg_4086_pp0_iter24_reg              |   8|   0|    8|          0|
    |tmp_1685_i_i_reg_4134                         |   1|   0|    1|          0|
    |tmp_264_cast_reg_3678                         |  10|   0|   18|          8|
    |tmp_266_cast_reg_3684                         |  10|   0|   18|          8|
    |tmp_268_cast_reg_3689                         |  10|   0|   18|          8|
    |tmp_498_reg_3590                              |   1|   0|    1|          0|
    |tmp_507_reg_3647                              |  32|   0|   32|          0|
    |tmp_508_reg_3652                              |  32|   0|   32|          0|
    |tmp_513_reg_3694                              |  32|   0|   32|          0|
    |tmp_516_reg_4185                              |   6|   0|   64|         58|
    |tmp_529_reg_3709                              |   1|   0|    1|          0|
    |tmp_533_reg_3900                              |   1|   0|    1|          0|
    |tmp_533_reg_3900_pp0_iter2_reg                |   1|   0|    1|          0|
    |tmp_539_reg_3860                              |   1|   0|    1|          0|
    |tmp_539_reg_3860_pp0_iter1_reg                |   1|   0|    1|          0|
    |tmp_545_reg_4033                              |  32|   0|   32|          0|
    |tmp_548_reg_4054                              |   1|   0|    1|          0|
    |tmp_558_reg_3877                              |   1|   0|    1|          0|
    |tmp_558_reg_3877_pp0_iter1_reg                |   1|   0|    1|          0|
    |tmp_567_reg_4007                              |   1|   0|    1|          0|
    |tmp_576_reg_4071                              |   1|   0|    1|          0|
    |tmp_710_cast_reg_3895                         |  48|   0|   48|          0|
    |tmp_i_i9_reg_4128                             |   1|   0|    1|          0|
    |tmp_reg_3516                                  |  63|   0|   64|          1|
    |tmp_s_reg_3522                                |   1|   0|    1|          0|
    |v_assign_6_reg_3986                           |  32|   0|   32|          0|
    |x_assign_70_reg_4116                          |  32|   0|   32|          0|
    |x_assign_reg_3976                             |  32|   0|   32|          0|
    |x_assign_s_reg_3981                           |  32|   0|   32|          0|
    |or_cond4_reg_3713                             |  64|  32|    1|          0|
    |p_Val2_s_215_reg_4023                         |   5|   2|   48|          0|
    |tmp_576_reg_4071                              |  64|  32|    1|          0|
    +----------------------------------------------+----+----+-----+-----------+
    |Total                                         |2318|  66| 2319|         84|
    +----------------------------------------------+----+----+-----+-----------+



================================================================
== Interface
================================================================
* Summary: 
+----------------------+-----+-----+------------+---------------------+--------------+
|       RTL Ports      | Dir | Bits|  Protocol  |    Source Object    |    C Type    |
+----------------------+-----+-----+------------+---------------------+--------------+
|ap_clk                |  in |    1| ap_ctrl_hs | calcOrientationHist | return value |
|ap_rst                |  in |    1| ap_ctrl_hs | calcOrientationHist | return value |
|ap_start              |  in |    1| ap_ctrl_hs | calcOrientationHist | return value |
|ap_done               | out |    1| ap_ctrl_hs | calcOrientationHist | return value |
|ap_idle               | out |    1| ap_ctrl_hs | calcOrientationHist | return value |
|ap_ready              | out |    1| ap_ctrl_hs | calcOrientationHist | return value |
|ap_return             | out |   32| ap_ctrl_hs | calcOrientationHist | return value |
|img_0_val_V_address0  | out |   16|  ap_memory |     img_0_val_V     |     array    |
|img_0_val_V_ce0       | out |    1|  ap_memory |     img_0_val_V     |     array    |
|img_0_val_V_q0        |  in |   32|  ap_memory |     img_0_val_V     |     array    |
|img_0_val_V_address1  | out |   16|  ap_memory |     img_0_val_V     |     array    |
|img_0_val_V_ce1       | out |    1|  ap_memory |     img_0_val_V     |     array    |
|img_0_val_V_q1        |  in |   32|  ap_memory |     img_0_val_V     |     array    |
|img_1_val_V_address0  | out |   16|  ap_memory |     img_1_val_V     |     array    |
|img_1_val_V_ce0       | out |    1|  ap_memory |     img_1_val_V     |     array    |
|img_1_val_V_q0        |  in |   26|  ap_memory |     img_1_val_V     |     array    |
|img_1_val_V_address1  | out |   16|  ap_memory |     img_1_val_V     |     array    |
|img_1_val_V_ce1       | out |    1|  ap_memory |     img_1_val_V     |     array    |
|img_1_val_V_q1        |  in |   26|  ap_memory |     img_1_val_V     |     array    |
|img_2_val_V_address0  | out |   16|  ap_memory |     img_2_val_V     |     array    |
|img_2_val_V_ce0       | out |    1|  ap_memory |     img_2_val_V     |     array    |
|img_2_val_V_q0        |  in |   26|  ap_memory |     img_2_val_V     |     array    |
|img_2_val_V_address1  | out |   16|  ap_memory |     img_2_val_V     |     array    |
|img_2_val_V_ce1       | out |    1|  ap_memory |     img_2_val_V     |     array    |
|img_2_val_V_q1        |  in |   26|  ap_memory |     img_2_val_V     |     array    |
|img_3_val_V_address0  | out |   16|  ap_memory |     img_3_val_V     |     array    |
|img_3_val_V_ce0       | out |    1|  ap_memory |     img_3_val_V     |     array    |
|img_3_val_V_q0        |  in |   26|  ap_memory |     img_3_val_V     |     array    |
|img_3_val_V_address1  | out |   16|  ap_memory |     img_3_val_V     |     array    |
|img_3_val_V_ce1       | out |    1|  ap_memory |     img_3_val_V     |     array    |
|img_3_val_V_q1        |  in |   26|  ap_memory |     img_3_val_V     |     array    |
|img_4_val_V_address0  | out |   16|  ap_memory |     img_4_val_V     |     array    |
|img_4_val_V_ce0       | out |    1|  ap_memory |     img_4_val_V     |     array    |
|img_4_val_V_q0        |  in |   26|  ap_memory |     img_4_val_V     |     array    |
|img_4_val_V_address1  | out |   16|  ap_memory |     img_4_val_V     |     array    |
|img_4_val_V_ce1       | out |    1|  ap_memory |     img_4_val_V     |     array    |
|img_4_val_V_q1        |  in |   26|  ap_memory |     img_4_val_V     |     array    |
|img_5_val_V_address0  | out |   16|  ap_memory |     img_5_val_V     |     array    |
|img_5_val_V_ce0       | out |    1|  ap_memory |     img_5_val_V     |     array    |
|img_5_val_V_q0        |  in |   26|  ap_memory |     img_5_val_V     |     array    |
|img_5_val_V_address1  | out |   16|  ap_memory |     img_5_val_V     |     array    |
|img_5_val_V_ce1       | out |    1|  ap_memory |     img_5_val_V     |     array    |
|img_5_val_V_q1        |  in |   26|  ap_memory |     img_5_val_V     |     array    |
|img_val_V_offset      |  in |   32|   ap_none  |   img_val_V_offset  |    scalar    |
|img_rows_read         |  in |   32|   ap_none  |    img_rows_read    |    scalar    |
|img_cols_read         |  in |   32|   ap_none  |    img_cols_read    |    scalar    |
|r0                    |  in |   32|   ap_none  |          r0         |    scalar    |
|c0                    |  in |   32|   ap_none  |          c0         |    scalar    |
|radius                |  in |   32|   ap_none  |        radius       |    scalar    |
|sigma_V               |  in |   32|   ap_none  |       sigma_V       |    scalar    |
|hist_V_address0       | out |    6|  ap_memory |        hist_V       |     array    |
|hist_V_ce0            | out |    1|  ap_memory |        hist_V       |     array    |
|hist_V_we0            | out |    1|  ap_memory |        hist_V       |     array    |
|hist_V_d0             | out |   32|  ap_memory |        hist_V       |     array    |
+----------------------+-----+-----+------------+---------------------+--------------+

