

================================================================
== Vivado HLS Report for 'detect'
================================================================
* Date:           Wed Dec  5 18:35:13 2018

* Version:        2018.2 (Build 2258646 on Thu Jun 14 20:25:20 MDT 2018)
* Project:        SIFT
* Solution:       solution1
* Product family: virtex7
* Target device:  xc7vx690tffg1761-3


================================================================
== Performance Estimates
================================================================
+ Timing (ns): 
    * Summary: 
    +--------+-------+----------+------------+
    |  Clock | Target| Estimated| Uncertainty|
    +--------+-------+----------+------------+
    |ap_clk  |  10.00|     9.017|        1.25|
    +--------+-------+----------+------------+

+ Latency (clock cycles): 
    * Summary: 
    +-----+-----+-----+-----+---------+
    |  Latency  |  Interval | Pipeline|
    | min | max | min | max |   Type  |
    +-----+-----+-----+-----+---------+
    |    ?|    ?|    ?|    ?|   none  |
    +-----+-----+-----+-----+---------+

    + Detail: 
        * Instance: 
        +---------------------------------+----------------------+-----+--------+-----+--------+----------+
        |                                 |                      |    Latency   |   Interval   | Pipeline |
        |             Instance            |        Module        | min |   max  | min |   max  |   Type   |
        +---------------------------------+----------------------+-----+--------+-----+--------+----------+
        |grp_buildGaussianPyramid_fu_719  |buildGaussianPyramid  |  165|  666753|  165|  666753|   none   |
        |grp_GaussianBlur15_fu_772        |GaussianBlur15        |  935|   75185|  935|   75185|   none   |
        |grp_findScaleSpaceExtrem_fu_781  |findScaleSpaceExtrem  |    ?|       ?|    ?|       ?|   none   |
        |grp_calcSIFTDescriptor12_fu_852  |calcSIFTDescriptor12  |    ?|       ?|    ?|       ?|   none   |
        |grp_pow_generic_float_s_fu_887   |pow_generic_float_s   |   11|      11|    1|       1| function |
        |grp_Resize_fu_908                |Resize                |    7|   66311|    7|   66311|   none   |
        |grp_buildDoGPyramid_fu_922       |buildDoGPyramid       |   16|  331536|   16|  331536|   none   |
        +---------------------------------+----------------------+-----+--------+-----+--------+----------+

        * Loop: 
        +-------------+-----+-----+----------+-----------+-----------+-------+----------+
        |             |  Latency  | Iteration|  Initiation Interval  |  Trip |          |
        |  Loop Name  | min | max |  Latency |  achieved |   target  | Count | Pipelined|
        +-------------+-----+-----+----------+-----------+-----------+-------+----------+
        |- Loop 1     |    5|    5|         1|          -|          -|      6|    no    |
        |- Loop 2     |    4|    4|         1|          -|          -|      5|    no    |
        |- Loop 3     |    ?|    ?|         ?|          -|          -| 0 ~ 4 |    no    |
        | + Loop 3.1  |    ?|    ?|         ?|          -|          -|      ?|    no    |
        +-------------+-----+-----+----------+-----------+-----------+-------+----------+



================================================================
== Utilization Estimates
================================================================
* Summary: 
+-----------------+---------+-------+--------+--------+
|       Name      | BRAM_18K| DSP48E|   FF   |   LUT  |
+-----------------+---------+-------+--------+--------+
|DSP              |        -|      -|       -|       -|
|Expression       |        -|      -|       0|    1754|
|FIFO             |        -|      -|       -|       -|
|Instance         |       69|   2303|  200057|  409084|
|Memory           |     1416|      -|      47|      24|
|Multiplexer      |        -|      -|       -|    1751|
|Register         |        -|      -|    3833|       -|
+-----------------+---------+-------+--------+--------+
|Total            |     1485|   2303|  203937|  412613|
+-----------------+---------+-------+--------+--------+
|Available        |     2940|   3600|  866400|  433200|
+-----------------+---------+-------+--------+--------+
|Utilization (%)  |       50|     63|      23|      95|
+-----------------+---------+-------+--------+--------+

+ Detail: 
    * Instance: 
    +---------------------------------+--------------------------+---------+-------+--------+--------+
    |             Instance            |          Module          | BRAM_18K| DSP48E|   FF   |   LUT  |
    +---------------------------------+--------------------------+---------+-------+--------+--------+
    |grp_GaussianBlur15_fu_772        |GaussianBlur15            |       14|    957|   43952|  111111|
    |grp_Resize_fu_908                |Resize                    |        0|      6|    1097|    2630|
    |SIFT2_Core_fadd_3fYi_U1038       |SIFT2_Core_fadd_3fYi      |        0|      2|     227|     218|
    |SIFT2_Core_fdiv_3g8j_U1039       |SIFT2_Core_fdiv_3g8j      |        0|      0|     311|     791|
    |SIFT2_Core_fdiv_3g8j_U1040       |SIFT2_Core_fdiv_3g8j      |        0|      0|     311|     791|
    |SIFT2_Core_flog_3bEo_U1043       |SIFT2_Core_flog_3bEo      |        0|     13|     367|     572|
    |SIFT2_Core_mux_63VhK_x_x_U1066   |SIFT2_Core_mux_63VhK_x_x  |        0|      0|       0|      33|
    |SIFT2_Core_mux_63VhK_x_x_U1067   |SIFT2_Core_mux_63VhK_x_x  |        0|      0|       0|      33|
    |SIFT2_Core_mux_83Yie_U1044       |SIFT2_Core_mux_83Yie      |        0|      0|       0|      33|
    |SIFT2_Core_mux_83Yie_U1045       |SIFT2_Core_mux_83Yie      |        0|      0|       0|      33|
    |SIFT2_Core_mux_83Yie_U1046       |SIFT2_Core_mux_83Yie      |        0|      0|       0|      33|
    |SIFT2_Core_mux_83Yie_U1047       |SIFT2_Core_mux_83Yie      |        0|      0|       0|      33|
    |SIFT2_Core_mux_83Yie_U1048       |SIFT2_Core_mux_83Yie      |        0|      0|       0|      33|
    |SIFT2_Core_mux_83Yie_U1049       |SIFT2_Core_mux_83Yie      |        0|      0|       0|      33|
    |SIFT2_Core_mux_83Yie_U1050       |SIFT2_Core_mux_83Yie      |        0|      0|       0|      33|
    |SIFT2_Core_mux_83Yie_U1051       |SIFT2_Core_mux_83Yie      |        0|      0|       0|      33|
    |SIFT2_Core_mux_83Yie_U1052       |SIFT2_Core_mux_83Yie      |        0|      0|       0|      33|
    |SIFT2_Core_mux_83Yie_U1053       |SIFT2_Core_mux_83Yie      |        0|      0|       0|      33|
    |SIFT2_Core_mux_83Yie_U1054       |SIFT2_Core_mux_83Yie      |        0|      0|       0|      33|
    |SIFT2_Core_mux_83Yie_U1055       |SIFT2_Core_mux_83Yie      |        0|      0|       0|      33|
    |SIFT2_Core_mux_83Yie_U1056       |SIFT2_Core_mux_83Yie      |        0|      0|       0|      33|
    |SIFT2_Core_mux_83Yie_U1057       |SIFT2_Core_mux_83Yie      |        0|      0|       0|      33|
    |SIFT2_Core_mux_83Yie_U1058       |SIFT2_Core_mux_83Yie      |        0|      0|       0|      33|
    |SIFT2_Core_mux_83Yie_U1059       |SIFT2_Core_mux_83Yie      |        0|      0|       0|      33|
    |SIFT2_Core_mux_83Yie_U1060       |SIFT2_Core_mux_83Yie      |        0|      0|       0|      33|
    |SIFT2_Core_mux_83Yie_U1061       |SIFT2_Core_mux_83Yie      |        0|      0|       0|      33|
    |SIFT2_Core_mux_83Yie_U1062       |SIFT2_Core_mux_83Yie      |        0|      0|       0|      33|
    |SIFT2_Core_mux_83Yie_U1063       |SIFT2_Core_mux_83Yie      |        0|      0|       0|      33|
    |SIFT2_Core_mux_83Yie_U1064       |SIFT2_Core_mux_83Yie      |        0|      0|       0|      33|
    |SIFT2_Core_mux_83Yie_U1065       |SIFT2_Core_mux_83Yie      |        0|      0|       0|      33|
    |SIFT2_Core_sitofpbDo_U1042       |SIFT2_Core_sitofpbDo      |        0|      0|     128|     337|
    |SIFT2_Core_sitofpeOg_U1041       |SIFT2_Core_sitofpeOg      |        0|      0|     128|     337|
    |grp_buildDoGPyramid_fu_922       |buildDoGPyramid           |        0|      0|     861|    1579|
    |grp_buildGaussianPyramid_fu_719  |buildGaussianPyramid      |       23|   1005|  106210|  165170|
    |grp_calcSIFTDescriptor12_fu_852  |calcSIFTDescriptor12      |        8|    137|   16324|   48333|
    |grp_findScaleSpaceExtrem_fu_781  |findScaleSpaceExtrem      |       15|    147|   28183|   72380|
    |grp_pow_generic_float_s_fu_887   |pow_generic_float_s       |        9|     36|    1958|    4043|
    +---------------------------------+--------------------------+---------+-------+--------+--------+
    |Total                            |                          |       69|   2303|  200057|  409084|
    +---------------------------------+--------------------------+---------+-------+--------+--------+

    * DSP48: 
    N/A

    * Memory: 
    +----------------------+----------------------+---------+----+----+-------+-----+------+-------------+
    |        Memory        |        Module        | BRAM_18K| FF | LUT| Words | Bits| Banks| W*Bits*Banks|
    +----------------------+----------------------+---------+----+----+-------+-----+------+-------------+
    |mask_table1688_U      |calcOrientationHi6jw  |        0|  23|  12|     32|   23|     1|          736|
    |one_half_table2684_U  |calcOrientationHi7jG  |        0|  24|  12|     32|   24|     1|          768|
    |base_val_V_U          |detect_base_val_V     |      128|   0|   0|  65536|   32|     1|      2097152|
    |gauss_pyr_0_val_V_U   |detect_gauss_pyr_bsm  |      128|   0|   0|  65536|   32|     1|      2097152|
    |dog_pyr_0_val_V_U     |detect_gauss_pyr_bsm  |      128|   0|   0|  65536|   32|     1|      2097152|
    |dog_pyr_1_val_V_U     |detect_gauss_pyr_bsm  |      128|   0|   0|  65536|   32|     1|      2097152|
    |dog_pyr_2_val_V_U     |detect_gauss_pyr_bsm  |      128|   0|   0|  65536|   32|     1|      2097152|
    |dog_pyr_3_val_V_U     |detect_gauss_pyr_bsm  |      128|   0|   0|  65536|   32|     1|      2097152|
    |dog_pyr_4_val_V_U     |detect_gauss_pyr_bsm  |      128|   0|   0|  65536|   32|     1|      2097152|
    |gauss_pyr_1_val_V_U   |detect_gauss_pyr_btn  |      104|   0|   0|  65536|   26|     1|      1703936|
    |gauss_pyr_2_val_V_U   |detect_gauss_pyr_btn  |      104|   0|   0|  65536|   26|     1|      1703936|
    |gauss_pyr_3_val_V_U   |detect_gauss_pyr_btn  |      104|   0|   0|  65536|   26|     1|      1703936|
    |gauss_pyr_4_val_V_U   |detect_gauss_pyr_btn  |      104|   0|   0|  65536|   26|     1|      1703936|
    |gauss_pyr_5_val_V_U   |detect_gauss_pyr_bxn  |      104|   0|   0|  65536|   26|     1|      1703936|
    +----------------------+----------------------+---------+----+----+-------+-----+------+-------------+
    |Total                 |                      |     1416|  47|  24| 786496|  401|    14|     23201248|
    +----------------------+----------------------+---------+----+----+-------+-----+------+-------------+

    * FIFO: 
    N/A

    * Expression: 
    +------------------------------+----------+-------+---+-----+------------+------------+
    |         Variable Name        | Operation| DSP48E| FF| LUT | Bitwidth P0| Bitwidth P1|
    +------------------------------+----------+-------+---+-----+------------+------------+
    |i_fu_2444_p2                  |     +    |      0|  0|   39|           1|          32|
    |o_1_fu_1978_p2                |     +    |      0|  0|   38|          31|           1|
    |p_Val2_101_fu_1758_p2         |     +    |      0|  0|   39|          32|          32|
    |sh_assign_6_fu_2201_p2        |     +    |      0|  0|   16|           8|           9|
    |sh_assign_8_fu_2344_p2        |     +    |      0|  0|   16|           8|           9|
    |sh_assign_fu_1869_p2          |     +    |      0|  0|   16|           8|           9|
    |tmp_344_fu_1405_p2            |     +    |      0|  0|   12|           3|           1|
    |tmp_s_fu_1039_p2              |     +    |      0|  0|   12|           3|           1|
    |p_Val2_i_i_i1_i_fu_2430_p2    |     -    |      0|  0|   39|           1|          32|
    |p_Val2_i_i_i_fu_1955_p2       |     -    |      0|  0|   39|           1|          32|
    |p_Val2_i_i_i_i_fu_2287_p2     |     -    |      0|  0|   39|           1|          32|
    |tmp_1702_i_i_i1_i_fu_2358_p2  |     -    |      0|  0|   15|           7|           8|
    |tmp_1702_i_i_i_fu_1883_p2     |     -    |      0|  0|   15|           7|           8|
    |tmp_1702_i_i_i_i_fu_2215_p2   |     -    |      0|  0|   15|           7|           8|
    |sel_tmp2_fu_1813_p2           |    and   |      0|  0|    2|           1|           1|
    |xs_sig_V_fu_1773_p2           |    and   |      0|  0|   23|          23|          23|
    |tmp_1685_i_i_fu_1717_p2       |   icmp   |      0|  0|   11|           8|           8|
    |tmp_342_fu_1309_p2            |   icmp   |      0|  0|    9|           3|           3|
    |tmp_345_fu_1631_p2            |   icmp   |      0|  0|    9|           3|           4|
    |tmp_347_fu_1973_p2            |   icmp   |      0|  0|   18|          32|          32|
    |tmp_348_fu_1984_p2            |   icmp   |      0|  0|   18|          31|           1|
    |tmp_i1_fu_2106_p2             |   icmp   |      0|  0|   18|          32|          32|
    |tmp_i_fu_1687_p2              |   icmp   |      0|  0|   18|          32|          32|
    |tmp_i_i1_fu_1711_p2           |   icmp   |      0|  0|   11|           8|           7|
    |tmp_1704_i_i_i1_i_fu_2388_p2  |   lshr   |      0|  0|   66|          25|          25|
    |tmp_1704_i_i_i_fu_1913_p2     |   lshr   |      0|  0|   66|          25|          25|
    |tmp_1704_i_i_i_i_fu_2245_p2   |   lshr   |      0|  0|   66|          25|          25|
    |p_01_i_i_fu_1818_p3           |  select  |      0|  0|   32|           1|          32|
    |p_Val2_105_fu_1947_p3         |  select  |      0|  0|   32|           1|          32|
    |p_Val2_110_fu_2279_p3         |  select  |      0|  0|   32|           1|          32|
    |p_Val2_114_fu_2422_p3         |  select  |      0|  0|   32|           1|          32|
    |p_Val2_117_fu_1961_p3         |  select  |      0|  0|   32|           1|          32|
    |p_Val2_118_fu_2293_p3         |  select  |      0|  0|   32|           1|          32|
    |p_Val2_119_fu_2436_p3         |  select  |      0|  0|   32|           1|          32|
    |sel_tmp_v_fu_1797_p3          |  select  |      0|  0|   32|           1|          32|
    |sh_assign_5_fu_1893_p3        |  select  |      0|  0|    9|           1|           9|
    |sh_assign_7_fu_2225_p3        |  select  |      0|  0|    9|           1|           9|
    |sh_assign_9_fu_2368_p3        |  select  |      0|  0|    9|           1|           9|
    |tmp_i_201_fu_1691_p3          |  select  |      0|  0|   32|           1|          32|
    |tmp_1705_i_i_i1_i_fu_2394_p2  |    shl   |      0|  0|  243|          79|          79|
    |tmp_1705_i_i_i_fu_1919_p2     |    shl   |      0|  0|  243|          79|          79|
    |tmp_1705_i_i_i_i_fu_2251_p2   |    shl   |      0|  0|  243|          79|          79|
    |sel_tmp1_fu_1808_p2           |    xor   |      0|  0|    2|           1|           2|
    |tmp_1688_i_i_fu_1767_p2       |    xor   |      0|  0|   23|          23|           2|
    +------------------------------+----------+-------+---+-----+------------+------------+
    |Total                         |          |      0|  0| 1754|         639|         988|
    +------------------------------+----------+-------+---+-----+------------+------------+

    * Multiplexer: 
    +--------------------------------+-----+-----------+-----+-----------+
    |              Name              | LUT | Input Size| Bits| Total Bits|
    +--------------------------------+-----+-----------+-----+-----------+
    |ap_NS_fsm                       |  257|         60|    1|         60|
    |ap_return_0                     |    9|          2|   32|         64|
    |ap_return_1                     |    9|          2|   32|         64|
    |base_cols_1_reg_688             |    9|          2|   32|         64|
    |base_rows_1_reg_698             |    9|          2|   32|         64|
    |base_val_V_address0             |   21|          4|   16|         64|
    |base_val_V_ce0                  |   21|          4|    1|          4|
    |base_val_V_d0                   |   15|          3|   32|         96|
    |base_val_V_we0                  |   15|          3|    1|          3|
    |dog_pyr_0_val_V_address0        |   15|          3|   16|         48|
    |dog_pyr_0_val_V_ce0             |   15|          3|    1|          3|
    |dog_pyr_0_val_V_ce1             |    9|          2|    1|          2|
    |dog_pyr_0_val_V_we0             |    9|          2|    1|          2|
    |dog_pyr_1_val_V_address0        |   15|          3|   16|         48|
    |dog_pyr_1_val_V_ce0             |   15|          3|    1|          3|
    |dog_pyr_1_val_V_ce1             |    9|          2|    1|          2|
    |dog_pyr_1_val_V_we0             |    9|          2|    1|          2|
    |dog_pyr_2_val_V_address0        |   15|          3|   16|         48|
    |dog_pyr_2_val_V_ce0             |   15|          3|    1|          3|
    |dog_pyr_2_val_V_ce1             |    9|          2|    1|          2|
    |dog_pyr_2_val_V_we0             |    9|          2|    1|          2|
    |dog_pyr_3_val_V_address0        |   15|          3|   16|         48|
    |dog_pyr_3_val_V_ce0             |   15|          3|    1|          3|
    |dog_pyr_3_val_V_ce1             |    9|          2|    1|          2|
    |dog_pyr_3_val_V_we0             |    9|          2|    1|          2|
    |dog_pyr_4_val_V_address0        |   15|          3|   16|         48|
    |dog_pyr_4_val_V_ce0             |   15|          3|    1|          3|
    |dog_pyr_4_val_V_ce1             |    9|          2|    1|          2|
    |dog_pyr_4_val_V_we0             |    9|          2|    1|          2|
    |dog_pyr_cols_0_2_reg_604        |    9|          2|   32|         64|
    |dog_pyr_cols_1_2_reg_594        |    9|          2|   32|         64|
    |dog_pyr_cols_2_2_reg_584        |    9|          2|   32|         64|
    |dog_pyr_cols_3_2_reg_574        |    9|          2|   32|         64|
    |dog_pyr_cols_4_2_reg_564        |    9|          2|   32|         64|
    |dog_pyr_rows_0_2_reg_654        |    9|          2|   32|         64|
    |dog_pyr_rows_1_2_reg_644        |    9|          2|   32|         64|
    |dog_pyr_rows_2_2_reg_634        |    9|          2|   32|         64|
    |dog_pyr_rows_3_2_reg_624        |    9|          2|   32|         64|
    |dog_pyr_rows_4_2_reg_614        |    9|          2|   32|         64|
    |gauss_pyr_0_cols_2_reg_494      |    9|          2|   32|         64|
    |gauss_pyr_0_rows_2_reg_554      |    9|          2|   32|         64|
    |gauss_pyr_0_val_V_address0      |   27|          5|   16|         80|
    |gauss_pyr_0_val_V_address1      |   15|          3|   16|         48|
    |gauss_pyr_0_val_V_ce0           |   27|          5|    1|          5|
    |gauss_pyr_0_val_V_ce1           |   15|          3|    1|          3|
    |gauss_pyr_0_val_V_we0           |    9|          2|    1|          2|
    |gauss_pyr_1_cols_2_reg_484      |    9|          2|   32|         64|
    |gauss_pyr_1_rows_2_reg_544      |    9|          2|   32|         64|
    |gauss_pyr_1_val_V_address0      |   27|          5|   16|         80|
    |gauss_pyr_1_val_V_address1      |   21|          4|   16|         64|
    |gauss_pyr_1_val_V_ce0           |   27|          5|    1|          5|
    |gauss_pyr_1_val_V_ce1           |   21|          4|    1|          4|
    |gauss_pyr_1_val_V_we1           |    9|          2|    1|          2|
    |gauss_pyr_2_cols_2_reg_474      |    9|          2|   32|         64|
    |gauss_pyr_2_rows_2_reg_534      |    9|          2|   32|         64|
    |gauss_pyr_2_val_V_address0      |   27|          5|   16|         80|
    |gauss_pyr_2_val_V_address1      |   21|          4|   16|         64|
    |gauss_pyr_2_val_V_ce0           |   27|          5|    1|          5|
    |gauss_pyr_2_val_V_ce1           |   21|          4|    1|          4|
    |gauss_pyr_2_val_V_we1           |    9|          2|    1|          2|
    |gauss_pyr_3_cols_2_reg_464      |    9|          2|   32|         64|
    |gauss_pyr_3_rows_2_reg_524      |    9|          2|   32|         64|
    |gauss_pyr_3_val_V_address0      |   33|          6|   16|         96|
    |gauss_pyr_3_val_V_address1      |   21|          4|   16|         64|
    |gauss_pyr_3_val_V_ce0           |   33|          6|    1|          6|
    |gauss_pyr_3_val_V_ce1           |   21|          4|    1|          4|
    |gauss_pyr_3_val_V_we1           |    9|          2|    1|          2|
    |gauss_pyr_4_cols_2_reg_454      |    9|          2|   32|         64|
    |gauss_pyr_4_rows_2_reg_514      |    9|          2|   32|         64|
    |gauss_pyr_4_val_V_address0      |   27|          5|   16|         80|
    |gauss_pyr_4_val_V_address1      |   21|          4|   16|         64|
    |gauss_pyr_4_val_V_ce0           |   27|          5|    1|          5|
    |gauss_pyr_4_val_V_ce1           |   21|          4|    1|          4|
    |gauss_pyr_4_val_V_we1           |    9|          2|    1|          2|
    |gauss_pyr_5_cols_2_reg_444      |    9|          2|   32|         64|
    |gauss_pyr_5_rows_2_reg_504      |    9|          2|   32|         64|
    |gauss_pyr_5_val_V_address0      |   27|          5|   16|         80|
    |gauss_pyr_5_val_V_address1      |   15|          3|   16|         48|
    |gauss_pyr_5_val_V_ce0           |   27|          5|    1|          5|
    |gauss_pyr_5_val_V_ce1           |   15|          3|    1|          3|
    |gauss_pyr_5_val_V_we0           |    9|          2|    1|          2|
    |grp_fu_972_p0                   |   15|          3|   32|         96|
    |grp_fu_972_p1                   |   15|          3|   32|         96|
    |grp_fu_981_p0                   |   21|          4|   32|        128|
    |i_i_reg_708                     |    9|          2|   32|         64|
    |idx0_reg_664                    |    9|          2|   32|         64|
    |keypoints_val_angle_V_address0  |   15|          3|    9|         27|
    |keypoints_val_angle_V_ce0       |   15|          3|    1|          3|
    |keypoints_val_angle_V_we0       |    9|          2|    1|          2|
    |keypoints_val_layer_address0    |   15|          3|    9|         27|
    |keypoints_val_layer_ce0         |   15|          3|    1|          3|
    |keypoints_val_layer_we0         |    9|          2|    1|          2|
    |keypoints_val_octave_address0   |   15|          3|    9|         27|
    |keypoints_val_octave_ce0        |   15|          3|    1|          3|
    |keypoints_val_octave_we0        |    9|          2|    1|          2|
    |keypoints_val_pt_x_address0     |   15|          3|    9|         27|
    |keypoints_val_pt_x_ce0          |   15|          3|    1|          3|
    |keypoints_val_pt_x_we0          |    9|          2|    1|          2|
    |keypoints_val_pt_y_address0     |   15|          3|    9|         27|
    |keypoints_val_pt_y_ce0          |   15|          3|    1|          3|
    |keypoints_val_pt_y_we0          |    9|          2|    1|          2|
    |keypoints_val_sigma_V_address0  |   15|          3|    9|         27|
    |keypoints_val_sigma_V_ce0       |   15|          3|    1|          3|
    |keypoints_val_sigma_V_we0       |    9|          2|    1|          2|
    |o_reg_676                       |    9|          2|   31|         62|
    |tmp_343_reg_433                 |    9|          2|    3|          6|
    |tmp_reg_422                     |    9|          2|    3|          6|
    +--------------------------------+-----+-----------+-----+-----------+
    |Total                           | 1751|        362| 1451|       3793|
    +--------------------------------+-----+-----------+-----+-----------+

    * Register: 
    +----------------------------------------------+----+----+-----+-----------+
    |                     Name                     | FF | LUT| Bits| Const Bits|
    +----------------------------------------------+----+----+-----+-----------+
    |angle_V_reg_3074                              |  32|   0|   32|          0|
    |ap_CS_fsm                                     |  59|   0|   59|          0|
    |ap_return_0_preg                              |  32|   0|   32|          0|
    |ap_return_1_preg                              |  32|   0|   32|          0|
    |base_cols_1_reg_688                           |  32|   0|   32|          0|
    |base_rows_1_reg_698                           |  32|   0|   32|          0|
    |dog_pyr_0_cols_reg_2930                       |  32|   0|   32|          0|
    |dog_pyr_0_rows_reg_2904                       |  32|   0|   32|          0|
    |dog_pyr_1_cols_reg_2936                       |  32|   0|   32|          0|
    |dog_pyr_1_rows_reg_2910                       |  32|   0|   32|          0|
    |dog_pyr_2_cols_reg_2941                       |  32|   0|   32|          0|
    |dog_pyr_2_rows_reg_2915                       |  32|   0|   32|          0|
    |dog_pyr_3_cols_reg_2946                       |  32|   0|   32|          0|
    |dog_pyr_3_rows_reg_2920                       |  32|   0|   32|          0|
    |dog_pyr_4_cols_reg_2951                       |  32|   0|   32|          0|
    |dog_pyr_4_rows_reg_2925                       |  32|   0|   32|          0|
    |dog_pyr_cols_0_1_reg_2694                     |  32|   0|   32|          0|
    |dog_pyr_cols_0_2_reg_604                      |  32|   0|   32|          0|
    |dog_pyr_cols_1_1_reg_2699                     |  32|   0|   32|          0|
    |dog_pyr_cols_1_2_reg_594                      |  32|   0|   32|          0|
    |dog_pyr_cols_1_fu_290                         |  32|   0|   32|          0|
    |dog_pyr_cols_2_1_reg_2704                     |  32|   0|   32|          0|
    |dog_pyr_cols_2_2_reg_584                      |  32|   0|   32|          0|
    |dog_pyr_cols_2_fu_294                         |  32|   0|   32|          0|
    |dog_pyr_cols_3_1_reg_2709                     |  32|   0|   32|          0|
    |dog_pyr_cols_3_2_reg_574                      |  32|   0|   32|          0|
    |dog_pyr_cols_3_fu_298                         |  32|   0|   32|          0|
    |dog_pyr_cols_4_1_reg_2714                     |  32|   0|   32|          0|
    |dog_pyr_cols_4_2_reg_564                      |  32|   0|   32|          0|
    |dog_pyr_cols_4_fu_302                         |  32|   0|   32|          0|
    |dog_pyr_cols_fu_286                           |  32|   0|   32|          0|
    |dog_pyr_rows_0_1_reg_2669                     |  32|   0|   32|          0|
    |dog_pyr_rows_0_2_reg_654                      |  32|   0|   32|          0|
    |dog_pyr_rows_1_1_reg_2674                     |  32|   0|   32|          0|
    |dog_pyr_rows_1_2_reg_644                      |  32|   0|   32|          0|
    |dog_pyr_rows_1_fu_270                         |  32|   0|   32|          0|
    |dog_pyr_rows_2_1_reg_2679                     |  32|   0|   32|          0|
    |dog_pyr_rows_2_2_reg_634                      |  32|   0|   32|          0|
    |dog_pyr_rows_2_fu_274                         |  32|   0|   32|          0|
    |dog_pyr_rows_3_1_reg_2684                     |  32|   0|   32|          0|
    |dog_pyr_rows_3_2_reg_624                      |  32|   0|   32|          0|
    |dog_pyr_rows_3_fu_278                         |  32|   0|   32|          0|
    |dog_pyr_rows_4_1_reg_2689                     |  32|   0|   32|          0|
    |dog_pyr_rows_4_2_reg_614                      |  32|   0|   32|          0|
    |dog_pyr_rows_4_fu_282                         |  32|   0|   32|          0|
    |dog_pyr_rows_fu_266                           |  32|   0|   32|          0|
    |gauss_pyr_0_cols_1_reg_2897                   |  32|   0|   32|          0|
    |gauss_pyr_0_cols_2_reg_494                    |  32|   0|   32|          0|
    |gauss_pyr_0_cols_fu_194                       |  32|   0|   32|          0|
    |gauss_pyr_0_cols_s_reg_2571                   |  32|   0|   32|          0|
    |gauss_pyr_0_rows_1_reg_2890                   |  32|   0|   32|          0|
    |gauss_pyr_0_rows_2_reg_554                    |  32|   0|   32|          0|
    |gauss_pyr_0_rows_fu_170                       |  32|   0|   32|          0|
    |gauss_pyr_0_rows_s_reg_2541                   |  32|   0|   32|          0|
    |gauss_pyr_1_cols_1_reg_2842                   |  32|   0|   32|          0|
    |gauss_pyr_1_cols_2_reg_484                    |  32|   0|   32|          0|
    |gauss_pyr_1_cols_fu_198                       |  32|   0|   32|          0|
    |gauss_pyr_1_cols_s_reg_2576                   |  32|   0|   32|          0|
    |gauss_pyr_1_rows_1_reg_2882                   |  32|   0|   32|          0|
    |gauss_pyr_1_rows_2_reg_544                    |  32|   0|   32|          0|
    |gauss_pyr_1_rows_fu_174                       |  32|   0|   32|          0|
    |gauss_pyr_1_rows_s_reg_2546                   |  32|   0|   32|          0|
    |gauss_pyr_2_cols_1_reg_2834                   |  32|   0|   32|          0|
    |gauss_pyr_2_cols_2_reg_474                    |  32|   0|   32|          0|
    |gauss_pyr_2_cols_fu_202                       |  32|   0|   32|          0|
    |gauss_pyr_2_cols_s_reg_2581                   |  32|   0|   32|          0|
    |gauss_pyr_2_rows_1_reg_2874                   |  32|   0|   32|          0|
    |gauss_pyr_2_rows_2_reg_534                    |  32|   0|   32|          0|
    |gauss_pyr_2_rows_fu_178                       |  32|   0|   32|          0|
    |gauss_pyr_2_rows_s_reg_2551                   |  32|   0|   32|          0|
    |gauss_pyr_3_cols_1_reg_2826                   |  32|   0|   32|          0|
    |gauss_pyr_3_cols_2_reg_464                    |  32|   0|   32|          0|
    |gauss_pyr_3_cols_fu_206                       |  32|   0|   32|          0|
    |gauss_pyr_3_cols_s_reg_2586                   |  32|   0|   32|          0|
    |gauss_pyr_3_rows_1_reg_2866                   |  32|   0|   32|          0|
    |gauss_pyr_3_rows_2_reg_524                    |  32|   0|   32|          0|
    |gauss_pyr_3_rows_fu_182                       |  32|   0|   32|          0|
    |gauss_pyr_3_rows_s_reg_2556                   |  32|   0|   32|          0|
    |gauss_pyr_4_cols_1_reg_2818                   |  32|   0|   32|          0|
    |gauss_pyr_4_cols_2_reg_454                    |  32|   0|   32|          0|
    |gauss_pyr_4_cols_fu_210                       |  32|   0|   32|          0|
    |gauss_pyr_4_cols_s_reg_2591                   |  32|   0|   32|          0|
    |gauss_pyr_4_rows_1_reg_2858                   |  32|   0|   32|          0|
    |gauss_pyr_4_rows_2_reg_514                    |  32|   0|   32|          0|
    |gauss_pyr_4_rows_fu_186                       |  32|   0|   32|          0|
    |gauss_pyr_4_rows_s_reg_2561                   |  32|   0|   32|          0|
    |gauss_pyr_5_cols_1_reg_2810                   |  32|   0|   32|          0|
    |gauss_pyr_5_cols_2_reg_444                    |  32|   0|   32|          0|
    |gauss_pyr_5_cols_fu_214                       |  32|   0|   32|          0|
    |gauss_pyr_5_cols_s_reg_2596                   |  32|   0|   32|          0|
    |gauss_pyr_5_rows_1_reg_2850                   |  32|   0|   32|          0|
    |gauss_pyr_5_rows_2_reg_504                    |  32|   0|   32|          0|
    |gauss_pyr_5_rows_fu_190                       |  32|   0|   32|          0|
    |gauss_pyr_5_rows_s_reg_2566                   |  32|   0|   32|          0|
    |grp_GaussianBlur15_fu_772_ap_start_reg        |   1|   0|    1|          0|
    |grp_Resize_fu_908_ap_start_reg                |   1|   0|    1|          0|
    |grp_buildDoGPyramid_fu_922_ap_start_reg       |   1|   0|    1|          0|
    |grp_buildGaussianPyramid_fu_719_ap_start_reg  |   1|   0|    1|          0|
    |grp_calcSIFTDescriptor12_fu_852_ap_start_reg  |   1|   0|    1|          0|
    |grp_findScaleSpaceExtrem_fu_781_ap_start_reg  |   1|   0|    1|          0|
    |grp_pow_generic_float_s_fu_887_ap_start_reg   |   1|   0|    1|          0|
    |i_i_reg_708                                   |  32|   0|   32|          0|
    |i_reg_3084                                    |  32|   0|   32|          0|
    |idx0_reg_664                                  |  32|   0|   32|          0|
    |idx1_reg_2956                                 |  32|   0|   32|          0|
    |keypoints_val_layer_1_reg_2988                |   8|   0|    8|          0|
    |keypoints_val_octave_3_reg_2983               |   8|   0|    8|          0|
    |keypoints_val_pt_x_l_reg_3018                 |  16|   0|   16|          0|
    |keypoints_val_pt_y_l_reg_3023                 |  16|   0|   16|          0|
    |o_1_reg_2782                                  |  31|   0|   31|          0|
    |o_reg_676                                     |  31|   0|   31|          0|
    |p_01_i_i_reg_2764                             |  32|   0|   32|          0|
    |p_Val2_117_reg_2774                           |  32|   0|   32|          0|
    |p_Val2_118_reg_3064                           |  32|   0|   32|          0|
    |p_Val2_119_reg_3069                           |  32|   0|   32|          0|
    |reg_993                                       |  32|   0|   32|          0|
    |reg_999                                       |  32|   0|   32|          0|
    |scale_reg_3038                                |  32|   0|   32|          0|
    |sigma_V_reg_3079                              |  32|   0|   32|          0|
    |t_V_15_reg_2737                               |  32|   0|   32|          0|
    |tmp_1685_i_i_reg_2749                         |   1|   0|    1|          0|
    |tmp_343_reg_433                               |   3|   0|    3|          0|
    |tmp_350_reg_2993                              |  32|   0|   32|          0|
    |tmp_351_reg_2998                              |  32|   0|   32|          0|
    |tmp_748_i_reg_2965                            |  64|   0|   64|          0|
    |tmp_752_i_reg_3044                            |  32|   0|   32|          0|
    |tmp_i_i1_reg_2743                             |   1|   0|    1|          0|
    |tmp_i_i_reg_2732                              |  32|   0|   32|          0|
    |tmp_i_reg_2722                                |   1|   0|    1|          0|
    |tmp_reg_422                                   |   3|   0|    3|          0|
    |x_assign_63_reg_2769                          |  32|   0|   32|          0|
    |x_assign_65_reg_3049                          |  32|   0|   32|          0|
    +----------------------------------------------+----+----+-----+-----------+
    |Total                                         |3833|   0| 3833|          0|
    +----------------------------------------------+----+----+-----+-----------+



================================================================
== Interface
================================================================
* Summary: 
+--------------------------------+-----+-----+------------+-----------------------+--------------+
|            RTL Ports           | Dir | Bits|  Protocol  |     Source Object     |    C Type    |
+--------------------------------+-----+-----+------------+-----------------------+--------------+
|ap_clk                          |  in |    1| ap_ctrl_hs |         detect        | return value |
|ap_rst                          |  in |    1| ap_ctrl_hs |         detect        | return value |
|ap_start                        |  in |    1| ap_ctrl_hs |         detect        | return value |
|ap_done                         | out |    1| ap_ctrl_hs |         detect        | return value |
|ap_idle                         | out |    1| ap_ctrl_hs |         detect        | return value |
|ap_ready                        | out |    1| ap_ctrl_hs |         detect        | return value |
|ap_return_0                     | out |   32| ap_ctrl_hs |         detect        | return value |
|ap_return_1                     | out |   32| ap_ctrl_hs |         detect        | return value |
|src_val_address0                | out |   16|  ap_memory |        src_val        |     array    |
|src_val_ce0                     | out |    1|  ap_memory |        src_val        |     array    |
|src_val_q0                      |  in |    8|  ap_memory |        src_val        |     array    |
|src_rows_read                   |  in |   32|   ap_none  |     src_rows_read     |    scalar    |
|src_cols_read                   |  in |   32|   ap_none  |     src_cols_read     |    scalar    |
|keypoints_val_pt_x_address0     | out |    9|  ap_memory |   keypoints_val_pt_x  |     array    |
|keypoints_val_pt_x_ce0          | out |    1|  ap_memory |   keypoints_val_pt_x  |     array    |
|keypoints_val_pt_x_we0          | out |    1|  ap_memory |   keypoints_val_pt_x  |     array    |
|keypoints_val_pt_x_d0           | out |   16|  ap_memory |   keypoints_val_pt_x  |     array    |
|keypoints_val_pt_x_q0           |  in |   16|  ap_memory |   keypoints_val_pt_x  |     array    |
|keypoints_val_pt_y_address0     | out |    9|  ap_memory |   keypoints_val_pt_y  |     array    |
|keypoints_val_pt_y_ce0          | out |    1|  ap_memory |   keypoints_val_pt_y  |     array    |
|keypoints_val_pt_y_we0          | out |    1|  ap_memory |   keypoints_val_pt_y  |     array    |
|keypoints_val_pt_y_d0           | out |   16|  ap_memory |   keypoints_val_pt_y  |     array    |
|keypoints_val_pt_y_q0           |  in |   16|  ap_memory |   keypoints_val_pt_y  |     array    |
|keypoints_val_angle_V_address0  | out |    9|  ap_memory | keypoints_val_angle_V |     array    |
|keypoints_val_angle_V_ce0       | out |    1|  ap_memory | keypoints_val_angle_V |     array    |
|keypoints_val_angle_V_we0       | out |    1|  ap_memory | keypoints_val_angle_V |     array    |
|keypoints_val_angle_V_d0        | out |   32|  ap_memory | keypoints_val_angle_V |     array    |
|keypoints_val_angle_V_q0        |  in |   32|  ap_memory | keypoints_val_angle_V |     array    |
|keypoints_val_sigma_V_address0  | out |    9|  ap_memory | keypoints_val_sigma_V |     array    |
|keypoints_val_sigma_V_ce0       | out |    1|  ap_memory | keypoints_val_sigma_V |     array    |
|keypoints_val_sigma_V_we0       | out |    1|  ap_memory | keypoints_val_sigma_V |     array    |
|keypoints_val_sigma_V_d0        | out |   32|  ap_memory | keypoints_val_sigma_V |     array    |
|keypoints_val_sigma_V_q0        |  in |   32|  ap_memory | keypoints_val_sigma_V |     array    |
|keypoints_val_octave_address0   | out |    9|  ap_memory |  keypoints_val_octave |     array    |
|keypoints_val_octave_ce0        | out |    1|  ap_memory |  keypoints_val_octave |     array    |
|keypoints_val_octave_we0        | out |    1|  ap_memory |  keypoints_val_octave |     array    |
|keypoints_val_octave_d0         | out |    8|  ap_memory |  keypoints_val_octave |     array    |
|keypoints_val_octave_q0         |  in |    8|  ap_memory |  keypoints_val_octave |     array    |
|keypoints_val_layer_address0    | out |    9|  ap_memory |  keypoints_val_layer  |     array    |
|keypoints_val_layer_ce0         | out |    1|  ap_memory |  keypoints_val_layer  |     array    |
|keypoints_val_layer_we0         | out |    1|  ap_memory |  keypoints_val_layer  |     array    |
|keypoints_val_layer_d0          | out |    8|  ap_memory |  keypoints_val_layer  |     array    |
|keypoints_val_layer_q0          |  in |    8|  ap_memory |  keypoints_val_layer  |     array    |
|descriptors_val_val_address0    | out |   16|  ap_memory |  descriptors_val_val  |     array    |
|descriptors_val_val_ce0         | out |    1|  ap_memory |  descriptors_val_val  |     array    |
|descriptors_val_val_we0         | out |    1|  ap_memory |  descriptors_val_val  |     array    |
|descriptors_val_val_d0          | out |    8|  ap_memory |  descriptors_val_val  |     array    |
+--------------------------------+-----+-----+------------+-----------------------+--------------+

