

================================================================
== Vivado HLS Report for 'Filter2D16'
================================================================
* Date:           Wed Dec  5 18:33:17 2018

* Version:        2018.2 (Build 2258646 on Thu Jun 14 20:25:20 MDT 2018)
* Project:        SIFT
* Solution:       solution1
* Product family: virtex7
* Target device:  xc7vx690tffg1761-3


================================================================
== Performance Estimates
================================================================
+ Timing (ns): 
    * Summary: 
    +--------+-------+----------+------------+
    |  Clock | Target| Estimated| Uncertainty|
    +--------+-------+----------+------------+
    |ap_clk  |  10.00|     8.709|        1.25|
    +--------+-------+----------+------------+

+ Latency (clock cycles): 
    * Summary: 
    +-----+-------+-----+-------+---------+
    |   Latency   |   Interval  | Pipeline|
    | min |  max  | min |  max  |   Type  |
    +-----+-------+-----+-------+---------+
    |    1|  74251|    1|  74251|   none  |
    +-----+-------+-----+-------+---------+

    + Detail: 
        * Instance: 
        N/A

        * Loop: 
        +-------------+-----+-------+----------+-----------+-----------+---------+----------+
        |             |   Latency   | Iteration|  Initiation Interval  |   Trip  |          |
        |  Loop Name  | min |  max  |  Latency |  achieved |   target  |  Count  | Pipelined|
        +-------------+-----+-------+----------+-----------+-----------+---------+----------+
        |- Loop 1     |    0|  74250|  4 ~ 275 |          -|          -| 0 ~ 270 |    no    |
        | + Loop 1.1  |    1|    272|         4|          1|          1| 0 ~ 270 |    yes   |
        +-------------+-----+-------+----------+-----------+-----------+---------+----------+



================================================================
== Utilization Estimates
================================================================
* Summary: 
+-----------------+---------+-------+--------+--------+
|       Name      | BRAM_18K| DSP48E|   FF   |   LUT  |
+-----------------+---------+-------+--------+--------+
|DSP              |        -|      -|       -|       -|
|Expression       |        -|    675|       0|    8692|
|FIFO             |        -|      -|       -|       -|
|Instance         |        -|      -|       -|       -|
|Memory           |       14|      -|       0|       0|
|Multiplexer      |        -|      -|       -|      63|
|Register         |        0|      -|    5689|      64|
+-----------------+---------+-------+--------+--------+
|Total            |       14|    675|    5689|    8819|
+-----------------+---------+-------+--------+--------+
|Available        |     2940|   3600|  866400|  433200|
+-----------------+---------+-------+--------+--------+
|Utilization (%)  |    ~0   |     18|   ~0   |       2|
+-----------------+---------+-------+--------+--------+

+ Detail: 
    * Instance: 
    N/A

    * DSP48: 
    N/A

    * Memory: 
    +---------------------+----------------------+---------+---+----+------+-----+------+-------------+
    |        Memory       |        Module        | BRAM_18K| FF| LUT| Words| Bits| Banks| W*Bits*Banks|
    +---------------------+----------------------+---------+---+----+------+-----+------+-------------+
    |LineBuffer_val_1_U   |Filter2D16_LineBukbM  |        1|  0|   0|   270|    8|     1|         2160|
    |LineBuffer_val_2_U   |Filter2D16_LineBukbM  |        1|  0|   0|   270|    8|     1|         2160|
    |LineBuffer_val_3_U   |Filter2D16_LineBukbM  |        1|  0|   0|   270|    8|     1|         2160|
    |LineBuffer_val_4_U   |Filter2D16_LineBukbM  |        1|  0|   0|   270|    8|     1|         2160|
    |LineBuffer_val_5_U   |Filter2D16_LineBukbM  |        1|  0|   0|   270|    8|     1|         2160|
    |LineBuffer_val_6_U   |Filter2D16_LineBukbM  |        1|  0|   0|   270|    8|     1|         2160|
    |LineBuffer_val_7_U   |Filter2D16_LineBukbM  |        1|  0|   0|   270|    8|     1|         2160|
    |LineBuffer_val_8_U   |Filter2D16_LineBukbM  |        1|  0|   0|   270|    8|     1|         2160|
    |LineBuffer_val_9_U   |Filter2D16_LineBukbM  |        1|  0|   0|   270|    8|     1|         2160|
    |LineBuffer_val_10_U  |Filter2D16_LineBukbM  |        1|  0|   0|   270|    8|     1|         2160|
    |LineBuffer_val_11_U  |Filter2D16_LineBukbM  |        1|  0|   0|   270|    8|     1|         2160|
    |LineBuffer_val_12_U  |Filter2D16_LineBukbM  |        1|  0|   0|   270|    8|     1|         2160|
    |LineBuffer_val_13_U  |Filter2D16_LineBukbM  |        1|  0|   0|   270|    8|     1|         2160|
    |LineBuffer_val_14_U  |Filter2D16_LineBukbM  |        1|  0|   0|   270|    8|     1|         2160|
    +---------------------+----------------------+---------+---+----+------+-----+------+-------------+
    |Total                |                      |       14|  0|   0|  3780|  112|    14|        30240|
    +---------------------+----------------------+---------+---+----+------+-----+------+-------------+

    * FIFO: 
    N/A

    * Expression: 
    +-----------------------------+----------+-------+---+----+------------+------------+
    |        Variable Name        | Operation| DSP48E| FF| LUT| Bitwidth P0| Bitwidth P1|
    +-----------------------------+----------+-------+---+----+------------+------------+
    |p_Val2_655_0_10_fu_4027_p2   |     *    |      3|  0|  21|          32|           8|
    |p_Val2_655_0_11_fu_4036_p2   |     *    |      3|  0|  21|          32|           8|
    |p_Val2_655_0_12_fu_4045_p2   |     *    |      3|  0|  21|          32|           8|
    |p_Val2_655_0_13_fu_4054_p2   |     *    |      3|  0|  21|          32|           8|
    |p_Val2_655_0_1_fu_3937_p2    |     *    |      3|  0|  21|          32|           8|
    |p_Val2_655_0_2_fu_3946_p2    |     *    |      3|  0|  21|          32|           8|
    |p_Val2_655_0_3_fu_3955_p2    |     *    |      3|  0|  21|          32|           8|
    |p_Val2_655_0_4_fu_3964_p2    |     *    |      3|  0|  21|          32|           8|
    |p_Val2_655_0_5_fu_3973_p2    |     *    |      3|  0|  21|          32|           8|
    |p_Val2_655_0_6_fu_3982_p2    |     *    |      3|  0|  21|          32|           8|
    |p_Val2_655_0_7_fu_3991_p2    |     *    |      3|  0|  21|          32|           8|
    |p_Val2_655_0_8_fu_4000_p2    |     *    |      3|  0|  21|          32|           8|
    |p_Val2_655_0_9_fu_4009_p2    |     *    |      3|  0|  21|          32|           8|
    |p_Val2_655_0_s_fu_4018_p2    |     *    |      3|  0|  21|          32|           8|
    |p_Val2_655_10_10_fu_5377_p2  |     *    |      3|  0|  21|          32|           8|
    |p_Val2_655_10_11_fu_5386_p2  |     *    |      3|  0|  21|          32|           8|
    |p_Val2_655_10_12_fu_5395_p2  |     *    |      3|  0|  21|          32|           8|
    |p_Val2_655_10_13_fu_5404_p2  |     *    |      3|  0|  21|          32|           8|
    |p_Val2_655_10_1_fu_5287_p2   |     *    |      3|  0|  21|          32|           8|
    |p_Val2_655_10_2_fu_5296_p2   |     *    |      3|  0|  21|          32|           8|
    |p_Val2_655_10_3_fu_5305_p2   |     *    |      3|  0|  21|          32|           8|
    |p_Val2_655_10_4_fu_5314_p2   |     *    |      3|  0|  21|          32|           8|
    |p_Val2_655_10_5_fu_5323_p2   |     *    |      3|  0|  21|          32|           8|
    |p_Val2_655_10_6_fu_5332_p2   |     *    |      3|  0|  21|          32|           8|
    |p_Val2_655_10_7_fu_5341_p2   |     *    |      3|  0|  21|          32|           8|
    |p_Val2_655_10_8_fu_5350_p2   |     *    |      3|  0|  21|          32|           8|
    |p_Val2_655_10_9_fu_5359_p2   |     *    |      3|  0|  21|          32|           8|
    |p_Val2_655_10_fu_5413_p2     |     *    |      3|  0|  21|          32|           8|
    |p_Val2_655_10_s_fu_5368_p2   |     *    |      3|  0|  21|          32|           8|
    |p_Val2_655_11_10_fu_5512_p2  |     *    |      3|  0|  21|          32|           8|
    |p_Val2_655_11_11_fu_5521_p2  |     *    |      3|  0|  21|          32|           8|
    |p_Val2_655_11_12_fu_5530_p2  |     *    |      3|  0|  21|          32|           8|
    |p_Val2_655_11_13_fu_5539_p2  |     *    |      3|  0|  21|          32|           8|
    |p_Val2_655_11_1_fu_5422_p2   |     *    |      3|  0|  21|          32|           8|
    |p_Val2_655_11_2_fu_5431_p2   |     *    |      3|  0|  21|          32|           8|
    |p_Val2_655_11_3_fu_5440_p2   |     *    |      3|  0|  21|          32|           8|
    |p_Val2_655_11_4_fu_5449_p2   |     *    |      3|  0|  21|          32|           8|
    |p_Val2_655_11_5_fu_5458_p2   |     *    |      3|  0|  21|          32|           8|
    |p_Val2_655_11_6_fu_5467_p2   |     *    |      3|  0|  21|          32|           8|
    |p_Val2_655_11_7_fu_5476_p2   |     *    |      3|  0|  21|          32|           8|
    |p_Val2_655_11_8_fu_5485_p2   |     *    |      3|  0|  21|          32|           8|
    |p_Val2_655_11_9_fu_5494_p2   |     *    |      3|  0|  21|          32|           8|
    |p_Val2_655_11_fu_5548_p2     |     *    |      3|  0|  21|          32|           8|
    |p_Val2_655_11_s_fu_5503_p2   |     *    |      3|  0|  21|          32|           8|
    |p_Val2_655_12_10_fu_5647_p2  |     *    |      3|  0|  21|          32|           8|
    |p_Val2_655_12_11_fu_5656_p2  |     *    |      3|  0|  21|          32|           8|
    |p_Val2_655_12_12_fu_5665_p2  |     *    |      3|  0|  21|          32|           8|
    |p_Val2_655_12_13_fu_5674_p2  |     *    |      3|  0|  21|          32|           8|
    |p_Val2_655_12_1_fu_5557_p2   |     *    |      3|  0|  21|          32|           8|
    |p_Val2_655_12_2_fu_5566_p2   |     *    |      3|  0|  21|          32|           8|
    |p_Val2_655_12_3_fu_5575_p2   |     *    |      3|  0|  21|          32|           8|
    |p_Val2_655_12_4_fu_5584_p2   |     *    |      3|  0|  21|          32|           8|
    |p_Val2_655_12_5_fu_5593_p2   |     *    |      3|  0|  21|          32|           8|
    |p_Val2_655_12_6_fu_5602_p2   |     *    |      3|  0|  21|          32|           8|
    |p_Val2_655_12_7_fu_5611_p2   |     *    |      3|  0|  21|          32|           8|
    |p_Val2_655_12_8_fu_5620_p2   |     *    |      3|  0|  21|          32|           8|
    |p_Val2_655_12_9_fu_5629_p2   |     *    |      3|  0|  21|          32|           8|
    |p_Val2_655_12_fu_5683_p2     |     *    |      3|  0|  21|          32|           8|
    |p_Val2_655_12_s_fu_5638_p2   |     *    |      3|  0|  21|          32|           8|
    |p_Val2_655_13_10_fu_5782_p2  |     *    |      3|  0|  21|          32|           8|
    |p_Val2_655_13_11_fu_5791_p2  |     *    |      3|  0|  21|          32|           8|
    |p_Val2_655_13_12_fu_5800_p2  |     *    |      3|  0|  21|          32|           8|
    |p_Val2_655_13_13_fu_5809_p2  |     *    |      3|  0|  21|          32|           8|
    |p_Val2_655_13_1_fu_5692_p2   |     *    |      3|  0|  21|          32|           8|
    |p_Val2_655_13_2_fu_5701_p2   |     *    |      3|  0|  21|          32|           8|
    |p_Val2_655_13_3_fu_5710_p2   |     *    |      3|  0|  21|          32|           8|
    |p_Val2_655_13_4_fu_5719_p2   |     *    |      3|  0|  21|          32|           8|
    |p_Val2_655_13_5_fu_5728_p2   |     *    |      3|  0|  21|          32|           8|
    |p_Val2_655_13_6_fu_5737_p2   |     *    |      3|  0|  21|          32|           8|
    |p_Val2_655_13_7_fu_5746_p2   |     *    |      3|  0|  21|          32|           8|
    |p_Val2_655_13_8_fu_5755_p2   |     *    |      3|  0|  21|          32|           8|
    |p_Val2_655_13_9_fu_5764_p2   |     *    |      3|  0|  21|          32|           8|
    |p_Val2_655_13_fu_5818_p2     |     *    |      3|  0|  21|          32|           8|
    |p_Val2_655_13_s_fu_5773_p2   |     *    |      3|  0|  21|          32|           8|
    |p_Val2_655_14_10_fu_5917_p2  |     *    |      3|  0|  21|          32|           8|
    |p_Val2_655_14_11_fu_5926_p2  |     *    |      3|  0|  21|          32|           8|
    |p_Val2_655_14_12_fu_5935_p2  |     *    |      3|  0|  21|          32|           8|
    |p_Val2_655_14_13_fu_5944_p2  |     *    |      3|  0|  21|          32|           8|
    |p_Val2_655_14_1_fu_5827_p2   |     *    |      3|  0|  21|          32|           8|
    |p_Val2_655_14_2_fu_5836_p2   |     *    |      3|  0|  21|          32|           8|
    |p_Val2_655_14_3_fu_5845_p2   |     *    |      3|  0|  21|          32|           8|
    |p_Val2_655_14_4_fu_5854_p2   |     *    |      3|  0|  21|          32|           8|
    |p_Val2_655_14_5_fu_5863_p2   |     *    |      3|  0|  21|          32|           8|
    |p_Val2_655_14_6_fu_5872_p2   |     *    |      3|  0|  21|          32|           8|
    |p_Val2_655_14_7_fu_5881_p2   |     *    |      3|  0|  21|          32|           8|
    |p_Val2_655_14_8_fu_5890_p2   |     *    |      3|  0|  21|          32|           8|
    |p_Val2_655_14_9_fu_5899_p2   |     *    |      3|  0|  21|          32|           8|
    |p_Val2_655_14_s_fu_5908_p2   |     *    |      3|  0|  21|          32|           8|
    |p_Val2_655_1_10_fu_4162_p2   |     *    |      3|  0|  21|          32|           8|
    |p_Val2_655_1_11_fu_4171_p2   |     *    |      3|  0|  21|          32|           8|
    |p_Val2_655_1_12_fu_4180_p2   |     *    |      3|  0|  21|          32|           8|
    |p_Val2_655_1_13_fu_4189_p2   |     *    |      3|  0|  21|          32|           8|
    |p_Val2_655_1_1_fu_4072_p2    |     *    |      3|  0|  21|          32|           8|
    |p_Val2_655_1_2_fu_4081_p2    |     *    |      3|  0|  21|          32|           8|
    |p_Val2_655_1_3_fu_4090_p2    |     *    |      3|  0|  21|          32|           8|
    |p_Val2_655_1_4_fu_4099_p2    |     *    |      3|  0|  21|          32|           8|
    |p_Val2_655_1_5_fu_4108_p2    |     *    |      3|  0|  21|          32|           8|
    |p_Val2_655_1_6_fu_4117_p2    |     *    |      3|  0|  21|          32|           8|
    |p_Val2_655_1_7_fu_4126_p2    |     *    |      3|  0|  21|          32|           8|
    |p_Val2_655_1_8_fu_4135_p2    |     *    |      3|  0|  21|          32|           8|
    |p_Val2_655_1_9_fu_4144_p2    |     *    |      3|  0|  21|          32|           8|
    |p_Val2_655_1_fu_4063_p2      |     *    |      3|  0|  21|          32|           8|
    |p_Val2_655_1_s_fu_4153_p2    |     *    |      3|  0|  21|          32|           8|
    |p_Val2_655_2_10_fu_4297_p2   |     *    |      3|  0|  21|          32|           8|
    |p_Val2_655_2_11_fu_4306_p2   |     *    |      3|  0|  21|          32|           8|
    |p_Val2_655_2_12_fu_4315_p2   |     *    |      3|  0|  21|          32|           8|
    |p_Val2_655_2_13_fu_4324_p2   |     *    |      3|  0|  21|          32|           8|
    |p_Val2_655_2_1_fu_4207_p2    |     *    |      3|  0|  21|          32|           8|
    |p_Val2_655_2_2_fu_4216_p2    |     *    |      3|  0|  21|          32|           8|
    |p_Val2_655_2_3_fu_4225_p2    |     *    |      3|  0|  21|          32|           8|
    |p_Val2_655_2_4_fu_4234_p2    |     *    |      3|  0|  21|          32|           8|
    |p_Val2_655_2_5_fu_4243_p2    |     *    |      3|  0|  21|          32|           8|
    |p_Val2_655_2_6_fu_4252_p2    |     *    |      3|  0|  21|          32|           8|
    |p_Val2_655_2_7_fu_4261_p2    |     *    |      3|  0|  21|          32|           8|
    |p_Val2_655_2_8_fu_4270_p2    |     *    |      3|  0|  21|          32|           8|
    |p_Val2_655_2_9_fu_4279_p2    |     *    |      3|  0|  21|          32|           8|
    |p_Val2_655_2_fu_4198_p2      |     *    |      3|  0|  21|          32|           8|
    |p_Val2_655_2_s_fu_4288_p2    |     *    |      3|  0|  21|          32|           8|
    |p_Val2_655_3_10_fu_4432_p2   |     *    |      3|  0|  21|          32|           8|
    |p_Val2_655_3_11_fu_4441_p2   |     *    |      3|  0|  21|          32|           8|
    |p_Val2_655_3_12_fu_4450_p2   |     *    |      3|  0|  21|          32|           8|
    |p_Val2_655_3_13_fu_4459_p2   |     *    |      3|  0|  21|          32|           8|
    |p_Val2_655_3_1_fu_4342_p2    |     *    |      3|  0|  21|          32|           8|
    |p_Val2_655_3_2_fu_4351_p2    |     *    |      3|  0|  21|          32|           8|
    |p_Val2_655_3_3_fu_4360_p2    |     *    |      3|  0|  21|          32|           8|
    |p_Val2_655_3_4_fu_4369_p2    |     *    |      3|  0|  21|          32|           8|
    |p_Val2_655_3_5_fu_4378_p2    |     *    |      3|  0|  21|          32|           8|
    |p_Val2_655_3_6_fu_4387_p2    |     *    |      3|  0|  21|          32|           8|
    |p_Val2_655_3_7_fu_4396_p2    |     *    |      3|  0|  21|          32|           8|
    |p_Val2_655_3_8_fu_4405_p2    |     *    |      3|  0|  21|          32|           8|
    |p_Val2_655_3_9_fu_4414_p2    |     *    |      3|  0|  21|          32|           8|
    |p_Val2_655_3_fu_4333_p2      |     *    |      3|  0|  21|          32|           8|
    |p_Val2_655_3_s_fu_4423_p2    |     *    |      3|  0|  21|          32|           8|
    |p_Val2_655_4_10_fu_4567_p2   |     *    |      3|  0|  21|          32|           8|
    |p_Val2_655_4_11_fu_4576_p2   |     *    |      3|  0|  21|          32|           8|
    |p_Val2_655_4_12_fu_4585_p2   |     *    |      3|  0|  21|          32|           8|
    |p_Val2_655_4_13_fu_4594_p2   |     *    |      3|  0|  21|          32|           8|
    |p_Val2_655_4_1_fu_4477_p2    |     *    |      3|  0|  21|          32|           8|
    |p_Val2_655_4_2_fu_4486_p2    |     *    |      3|  0|  21|          32|           8|
    |p_Val2_655_4_3_fu_4495_p2    |     *    |      3|  0|  21|          32|           8|
    |p_Val2_655_4_4_fu_4504_p2    |     *    |      3|  0|  21|          32|           8|
    |p_Val2_655_4_5_fu_4513_p2    |     *    |      3|  0|  21|          32|           8|
    |p_Val2_655_4_6_fu_4522_p2    |     *    |      3|  0|  21|          32|           8|
    |p_Val2_655_4_7_fu_4531_p2    |     *    |      3|  0|  21|          32|           8|
    |p_Val2_655_4_8_fu_4540_p2    |     *    |      3|  0|  21|          32|           8|
    |p_Val2_655_4_9_fu_4549_p2    |     *    |      3|  0|  21|          32|           8|
    |p_Val2_655_4_fu_4468_p2      |     *    |      3|  0|  21|          32|           8|
    |p_Val2_655_4_s_fu_4558_p2    |     *    |      3|  0|  21|          32|           8|
    |p_Val2_655_5_10_fu_4702_p2   |     *    |      3|  0|  21|          32|           8|
    |p_Val2_655_5_11_fu_4711_p2   |     *    |      3|  0|  21|          32|           8|
    |p_Val2_655_5_12_fu_4720_p2   |     *    |      3|  0|  21|          32|           8|
    |p_Val2_655_5_13_fu_4729_p2   |     *    |      3|  0|  21|          32|           8|
    |p_Val2_655_5_1_fu_4612_p2    |     *    |      3|  0|  21|          32|           8|
    |p_Val2_655_5_2_fu_4621_p2    |     *    |      3|  0|  21|          32|           8|
    |p_Val2_655_5_3_fu_4630_p2    |     *    |      3|  0|  21|          32|           8|
    |p_Val2_655_5_4_fu_4639_p2    |     *    |      3|  0|  21|          32|           8|
    |p_Val2_655_5_5_fu_4648_p2    |     *    |      3|  0|  21|          32|           8|
    |p_Val2_655_5_6_fu_4657_p2    |     *    |      3|  0|  21|          32|           8|
    |p_Val2_655_5_7_fu_4666_p2    |     *    |      3|  0|  21|          32|           8|
    |p_Val2_655_5_8_fu_4675_p2    |     *    |      3|  0|  21|          32|           8|
    |p_Val2_655_5_9_fu_4684_p2    |     *    |      3|  0|  21|          32|           8|
    |p_Val2_655_5_fu_4603_p2      |     *    |      3|  0|  21|          32|           8|
    |p_Val2_655_5_s_fu_4693_p2    |     *    |      3|  0|  21|          32|           8|
    |p_Val2_655_6_10_fu_4837_p2   |     *    |      3|  0|  21|          32|           8|
    |p_Val2_655_6_11_fu_4846_p2   |     *    |      3|  0|  21|          32|           8|
    |p_Val2_655_6_12_fu_4855_p2   |     *    |      3|  0|  21|          32|           8|
    |p_Val2_655_6_13_fu_4864_p2   |     *    |      3|  0|  21|          32|           8|
    |p_Val2_655_6_1_fu_4747_p2    |     *    |      3|  0|  21|          32|           8|
    |p_Val2_655_6_2_fu_4756_p2    |     *    |      3|  0|  21|          32|           8|
    |p_Val2_655_6_3_fu_4765_p2    |     *    |      3|  0|  21|          32|           8|
    |p_Val2_655_6_4_fu_4774_p2    |     *    |      3|  0|  21|          32|           8|
    |p_Val2_655_6_5_fu_4783_p2    |     *    |      3|  0|  21|          32|           8|
    |p_Val2_655_6_6_fu_4792_p2    |     *    |      3|  0|  21|          32|           8|
    |p_Val2_655_6_7_fu_4801_p2    |     *    |      3|  0|  21|          32|           8|
    |p_Val2_655_6_8_fu_4810_p2    |     *    |      3|  0|  21|          32|           8|
    |p_Val2_655_6_9_fu_4819_p2    |     *    |      3|  0|  21|          32|           8|
    |p_Val2_655_6_fu_4738_p2      |     *    |      3|  0|  21|          32|           8|
    |p_Val2_655_6_s_fu_4828_p2    |     *    |      3|  0|  21|          32|           8|
    |p_Val2_655_7_10_fu_4972_p2   |     *    |      3|  0|  21|          32|           8|
    |p_Val2_655_7_11_fu_4981_p2   |     *    |      3|  0|  21|          32|           8|
    |p_Val2_655_7_12_fu_4990_p2   |     *    |      3|  0|  21|          32|           8|
    |p_Val2_655_7_13_fu_4999_p2   |     *    |      3|  0|  21|          32|           8|
    |p_Val2_655_7_1_fu_4882_p2    |     *    |      3|  0|  21|          32|           8|
    |p_Val2_655_7_2_fu_4891_p2    |     *    |      3|  0|  21|          32|           8|
    |p_Val2_655_7_3_fu_4900_p2    |     *    |      3|  0|  21|          32|           8|
    |p_Val2_655_7_4_fu_4909_p2    |     *    |      3|  0|  21|          32|           8|
    |p_Val2_655_7_5_fu_4918_p2    |     *    |      3|  0|  21|          32|           8|
    |p_Val2_655_7_6_fu_4927_p2    |     *    |      3|  0|  21|          32|           8|
    |p_Val2_655_7_7_fu_4936_p2    |     *    |      3|  0|  21|          32|           8|
    |p_Val2_655_7_8_fu_4945_p2    |     *    |      3|  0|  21|          32|           8|
    |p_Val2_655_7_9_fu_4954_p2    |     *    |      3|  0|  21|          32|           8|
    |p_Val2_655_7_fu_4873_p2      |     *    |      3|  0|  21|          32|           8|
    |p_Val2_655_7_s_fu_4963_p2    |     *    |      3|  0|  21|          32|           8|
    |p_Val2_655_8_10_fu_5107_p2   |     *    |      3|  0|  21|          32|           8|
    |p_Val2_655_8_11_fu_5116_p2   |     *    |      3|  0|  21|          32|           8|
    |p_Val2_655_8_12_fu_5125_p2   |     *    |      3|  0|  21|          32|           8|
    |p_Val2_655_8_13_fu_5134_p2   |     *    |      3|  0|  21|          32|           8|
    |p_Val2_655_8_1_fu_5017_p2    |     *    |      3|  0|  21|          32|           8|
    |p_Val2_655_8_2_fu_5026_p2    |     *    |      3|  0|  21|          32|           8|
    |p_Val2_655_8_3_fu_5035_p2    |     *    |      3|  0|  21|          32|           8|
    |p_Val2_655_8_4_fu_5044_p2    |     *    |      3|  0|  21|          32|           8|
    |p_Val2_655_8_5_fu_5053_p2    |     *    |      3|  0|  21|          32|           8|
    |p_Val2_655_8_6_fu_5062_p2    |     *    |      3|  0|  21|          32|           8|
    |p_Val2_655_8_7_fu_5071_p2    |     *    |      3|  0|  21|          32|           8|
    |p_Val2_655_8_8_fu_5080_p2    |     *    |      3|  0|  21|          32|           8|
    |p_Val2_655_8_9_fu_5089_p2    |     *    |      3|  0|  21|          32|           8|
    |p_Val2_655_8_fu_5008_p2      |     *    |      3|  0|  21|          32|           8|
    |p_Val2_655_8_s_fu_5098_p2    |     *    |      3|  0|  21|          32|           8|
    |p_Val2_655_9_10_fu_5242_p2   |     *    |      3|  0|  21|          32|           8|
    |p_Val2_655_9_11_fu_5251_p2   |     *    |      3|  0|  21|          32|           8|
    |p_Val2_655_9_12_fu_5260_p2   |     *    |      3|  0|  21|          32|           8|
    |p_Val2_655_9_13_fu_5269_p2   |     *    |      3|  0|  21|          32|           8|
    |p_Val2_655_9_1_fu_5152_p2    |     *    |      3|  0|  21|          32|           8|
    |p_Val2_655_9_2_fu_5161_p2    |     *    |      3|  0|  21|          32|           8|
    |p_Val2_655_9_3_fu_5170_p2    |     *    |      3|  0|  21|          32|           8|
    |p_Val2_655_9_4_fu_5179_p2    |     *    |      3|  0|  21|          32|           8|
    |p_Val2_655_9_5_fu_5188_p2    |     *    |      3|  0|  21|          32|           8|
    |p_Val2_655_9_6_fu_5197_p2    |     *    |      3|  0|  21|          32|           8|
    |p_Val2_655_9_7_fu_5206_p2    |     *    |      3|  0|  21|          32|           8|
    |p_Val2_655_9_8_fu_5215_p2    |     *    |      3|  0|  21|          32|           8|
    |p_Val2_655_9_9_fu_5224_p2    |     *    |      3|  0|  21|          32|           8|
    |p_Val2_655_9_fu_5143_p2      |     *    |      3|  0|  21|          32|           8|
    |p_Val2_655_9_s_fu_5233_p2    |     *    |      3|  0|  21|          32|           8|
    |p_Val2_655_s_fu_5278_p2      |     *    |      3|  0|  21|          32|           8|
    |p_Val2_s_fu_3928_p2          |     *    |      3|  0|  21|          32|           8|
    |LineBuffer_cols_fu_3064_p2   |     +    |      0|  0|  39|           4|          32|
    |c_fu_3214_p2                 |     +    |      0|  0|  39|           4|          32|
    |i_22_fu_3093_p2              |     +    |      0|  0|  38|          31|           1|
    |j_8_fu_3190_p2               |     +    |      0|  0|  39|          32|           1|
    |p_Val2_656_14_s_fu_8230_p2   |     +    |      0|  0|   8|          32|          32|
    |r_fu_3099_p2                 |     +    |      0|  0|  39|           4|          32|
    |tmp100_fu_7923_p2            |     +    |      0|  0|   8|          32|          32|
    |tmp101_fu_6285_p2            |     +    |      0|  0|   8|          32|          32|
    |tmp102_fu_6279_p2            |     +    |      0|  0|   8|          32|          32|
    |tmp103_fu_7919_p2            |     +    |      0|  0|   8|          32|          32|
    |tmp104_fu_6291_p2            |     +    |      0|  0|  39|          32|          32|
    |tmp105_fu_6297_p2            |     +    |      0|  0|  39|          32|          32|
    |tmp106_fu_7932_p2            |     +    |      0|  0|   8|          32|          32|
    |tmp107_fu_6309_p2            |     +    |      0|  0|   8|          32|          32|
    |tmp108_fu_6303_p2            |     +    |      0|  0|   8|          32|          32|
    |tmp109_fu_7928_p2            |     +    |      0|  0|   8|          32|          32|
    |tmp10_fu_5967_p2             |     +    |      0|  0|  39|          32|          32|
    |tmp110_fu_6315_p2            |     +    |      0|  0|  39|          32|          32|
    |tmp111_fu_6321_p2            |     +    |      0|  0|  39|          32|          32|
    |tmp112_fu_8226_p2            |     +    |      0|  0|   8|          32|          32|
    |tmp113_fu_8082_p2            |     +    |      0|  0|   8|          32|          32|
    |tmp114_fu_8012_p2            |     +    |      0|  0|   8|          32|          32|
    |tmp115_fu_7972_p2            |     +    |      0|  0|   8|          32|          32|
    |tmp116_fu_7953_p2            |     +    |      0|  0|   8|          32|          32|
    |tmp117_fu_6333_p2            |     +    |      0|  0|   8|          32|          32|
    |tmp118_fu_6327_p2            |     +    |      0|  0|   8|          32|          32|
    |tmp119_fu_7949_p2            |     +    |      0|  0|   8|          32|          32|
    |tmp11_fu_7731_p2             |     +    |      0|  0|   8|          32|          32|
    |tmp120_fu_6339_p2            |     +    |      0|  0|  39|          32|          32|
    |tmp121_fu_6345_p2            |     +    |      0|  0|  39|          32|          32|
    |tmp122_fu_7967_p2            |     +    |      0|  0|   8|          32|          32|
    |tmp123_fu_7962_p2            |     +    |      0|  0|   8|          32|          32|
    |tmp124_fu_7958_p2            |     +    |      0|  0|   8|          32|          32|
    |tmp125_fu_6363_p2            |     +    |      0|  0|   8|          32|          32|
    |tmp126_fu_6351_p2            |     +    |      0|  0|  39|          32|          32|
    |tmp127_fu_6357_p2            |     +    |      0|  0|   8|          32|          32|
    |tmp128_fu_8006_p2            |     +    |      0|  0|   8|          32|          32|
    |tmp129_fu_7982_p2            |     +    |      0|  0|   8|          32|          32|
    |tmp12_fu_5979_p2             |     +    |      0|  0|   8|          32|          32|
    |tmp130_fu_6375_p2            |     +    |      0|  0|   8|          32|          32|
    |tmp131_fu_6369_p2            |     +    |      0|  0|   8|          32|          32|
    |tmp132_fu_7978_p2            |     +    |      0|  0|   8|          32|          32|
    |tmp133_fu_6381_p2            |     +    |      0|  0|  39|          32|          32|
    |tmp134_fu_6387_p2            |     +    |      0|  0|  39|          32|          32|
    |tmp135_fu_8000_p2            |     +    |      0|  0|   8|          32|          32|
    |tmp136_fu_7991_p2            |     +    |      0|  0|   8|          32|          32|
    |tmp137_fu_7987_p2            |     +    |      0|  0|   8|          32|          32|
    |tmp138_fu_7996_p2            |     +    |      0|  0|   8|          32|          32|
    |tmp139_fu_6393_p2            |     +    |      0|  0|  39|          32|          32|
    |tmp13_fu_5973_p2             |     +    |      0|  0|   8|          32|          32|
    |tmp140_fu_6399_p2            |     +    |      0|  0|  39|          32|          32|
    |tmp141_fu_8076_p2            |     +    |      0|  0|   8|          32|          32|
    |tmp142_fu_8041_p2            |     +    |      0|  0|   8|          32|          32|
    |tmp143_fu_8022_p2            |     +    |      0|  0|   8|          32|          32|
    |tmp144_fu_6411_p2            |     +    |      0|  0|   8|          32|          32|
    |tmp145_fu_6405_p2            |     +    |      0|  0|   8|          32|          32|
    |tmp146_fu_8018_p2            |     +    |      0|  0|   8|          32|          32|
    |tmp147_fu_6417_p2            |     +    |      0|  0|  39|          32|          32|
    |tmp148_fu_6423_p2            |     +    |      0|  0|  39|          32|          32|
    |tmp149_fu_8036_p2            |     +    |      0|  0|   8|          32|          32|
    |tmp14_fu_5997_p2             |     +    |      0|  0|   8|          32|          32|
    |tmp150_fu_8031_p2            |     +    |      0|  0|   8|          32|          32|
    |tmp151_fu_8027_p2            |     +    |      0|  0|   8|          32|          32|
    |tmp152_fu_6441_p2            |     +    |      0|  0|   8|          32|          32|
    |tmp153_fu_6429_p2            |     +    |      0|  0|  39|          32|          32|
    |tmp154_fu_6435_p2            |     +    |      0|  0|   8|          32|          32|
    |tmp155_fu_8070_p2            |     +    |      0|  0|   8|          32|          32|
    |tmp156_fu_8051_p2            |     +    |      0|  0|   8|          32|          32|
    |tmp157_fu_6453_p2            |     +    |      0|  0|   8|          32|          32|
    |tmp158_fu_6447_p2            |     +    |      0|  0|   8|          32|          32|
    |tmp159_fu_8047_p2            |     +    |      0|  0|   8|          32|          32|
    |tmp15_fu_5985_p2             |     +    |      0|  0|  39|          32|          32|
    |tmp160_fu_6459_p2            |     +    |      0|  0|  39|          32|          32|
    |tmp161_fu_6465_p2            |     +    |      0|  0|  39|          32|          32|
    |tmp162_fu_8065_p2            |     +    |      0|  0|   8|          32|          32|
    |tmp163_fu_6477_p2            |     +    |      0|  0|   8|          32|          32|
    |tmp164_fu_6471_p2            |     +    |      0|  0|   8|          32|          32|
    |tmp165_fu_8060_p2            |     +    |      0|  0|   8|          32|          32|
    |tmp166_fu_6483_p2            |     +    |      0|  0|  39|          32|          32|
    |tmp167_fu_8056_p2            |     +    |      0|  0|   8|          32|          32|
    |tmp168_fu_8211_p2            |     +    |      0|  0|   8|          32|          32|
    |tmp169_fu_8141_p2            |     +    |      0|  0|   8|          32|          32|
    |tmp16_fu_5991_p2             |     +    |      0|  0|   8|          32|          32|
    |tmp170_fu_8111_p2            |     +    |      0|  0|   8|          32|          32|
    |tmp171_fu_8092_p2            |     +    |      0|  0|   8|          32|          32|
    |tmp172_fu_6495_p2            |     +    |      0|  0|   8|          32|          32|
    |tmp173_fu_6489_p2            |     +    |      0|  0|   8|          32|          32|
    |tmp174_fu_8088_p2            |     +    |      0|  0|   8|          32|          32|
    |tmp175_fu_6501_p2            |     +    |      0|  0|  39|          32|          32|
    |tmp176_fu_6507_p2            |     +    |      0|  0|  39|          32|          32|
    |tmp177_fu_8106_p2            |     +    |      0|  0|   8|          32|          32|
    |tmp178_fu_6519_p2            |     +    |      0|  0|   8|          32|          32|
    |tmp179_fu_6513_p2            |     +    |      0|  0|   8|          32|          32|
    |tmp17_fu_7769_p2             |     +    |      0|  0|   8|          32|          32|
    |tmp180_fu_8101_p2            |     +    |      0|  0|   8|          32|          32|
    |tmp181_fu_6525_p2            |     +    |      0|  0|  39|          32|          32|
    |tmp182_fu_8097_p2            |     +    |      0|  0|   8|          32|          32|
    |tmp183_fu_8135_p2            |     +    |      0|  0|   8|          32|          32|
    |tmp184_fu_8121_p2            |     +    |      0|  0|   8|          32|          32|
    |tmp185_fu_6537_p2            |     +    |      0|  0|   8|          32|          32|
    |tmp186_fu_6531_p2            |     +    |      0|  0|   8|          32|          32|
    |tmp187_fu_8117_p2            |     +    |      0|  0|   8|          32|          32|
    |tmp188_fu_6543_p2            |     +    |      0|  0|  39|          32|          32|
    |tmp189_fu_6549_p2            |     +    |      0|  0|  39|          32|          32|
    |tmp18_fu_7754_p2             |     +    |      0|  0|   8|          32|          32|
    |tmp190_fu_8130_p2            |     +    |      0|  0|   8|          32|          32|
    |tmp191_fu_6561_p2            |     +    |      0|  0|   8|          32|          32|
    |tmp192_fu_6555_p2            |     +    |      0|  0|   8|          32|          32|
    |tmp193_fu_8126_p2            |     +    |      0|  0|   8|          32|          32|
    |tmp194_fu_6567_p2            |     +    |      0|  0|  39|          32|          32|
    |tmp195_fu_6573_p2            |     +    |      0|  0|  39|          32|          32|
    |tmp196_fu_8205_p2            |     +    |      0|  0|   8|          32|          32|
    |tmp197_fu_8170_p2            |     +    |      0|  0|   8|          32|          32|
    |tmp198_fu_8151_p2            |     +    |      0|  0|   8|          32|          32|
    |tmp199_fu_6585_p2            |     +    |      0|  0|   8|          32|          32|
    |tmp19_fu_7745_p2             |     +    |      0|  0|   8|          32|          32|
    |tmp1_fu_8221_p2              |     +    |      0|  0|   8|          32|          32|
    |tmp200_fu_6579_p2            |     +    |      0|  0|   8|          32|          32|
    |tmp201_fu_8147_p2            |     +    |      0|  0|   8|          32|          32|
    |tmp202_fu_6591_p2            |     +    |      0|  0|  39|          32|          32|
    |tmp203_fu_6597_p2            |     +    |      0|  0|  39|          32|          32|
    |tmp204_fu_8165_p2            |     +    |      0|  0|   8|          32|          32|
    |tmp205_fu_6609_p2            |     +    |      0|  0|   8|          32|          32|
    |tmp206_fu_6603_p2            |     +    |      0|  0|   8|          32|          32|
    |tmp207_fu_8160_p2            |     +    |      0|  0|   8|          32|          32|
    |tmp208_fu_6615_p2            |     +    |      0|  0|  39|          32|          32|
    |tmp209_fu_8156_p2            |     +    |      0|  0|   8|          32|          32|
    |tmp20_fu_7741_p2             |     +    |      0|  0|   8|          32|          32|
    |tmp210_fu_8199_p2            |     +    |      0|  0|   8|          32|          32|
    |tmp211_fu_8180_p2            |     +    |      0|  0|   8|          32|          32|
    |tmp212_fu_6627_p2            |     +    |      0|  0|   8|          32|          32|
    |tmp213_fu_6621_p2            |     +    |      0|  0|   8|          32|          32|
    |tmp214_fu_8176_p2            |     +    |      0|  0|   8|          32|          32|
    |tmp215_fu_6633_p2            |     +    |      0|  0|  39|          32|          32|
    |tmp216_fu_6639_p2            |     +    |      0|  0|  39|          32|          32|
    |tmp217_fu_8194_p2            |     +    |      0|  0|   8|          32|          32|
    |tmp218_fu_6657_p2            |     +    |      0|  0|   8|          32|          32|
    |tmp219_fu_6645_p2            |     +    |      0|  0|  39|          32|          32|
    |tmp21_fu_7750_p2             |     +    |      0|  0|   8|          32|          32|
    |tmp220_fu_6651_p2            |     +    |      0|  0|   8|          32|          32|
    |tmp221_fu_8189_p2            |     +    |      0|  0|   8|          32|          32|
    |tmp222_fu_6663_p2            |     +    |      0|  0|  39|          32|          32|
    |tmp223_fu_8185_p2            |     +    |      0|  0|   8|          32|          32|
    |tmp22_fu_6003_p2             |     +    |      0|  0|  39|          32|          32|
    |tmp23_fu_6009_p2             |     +    |      0|  0|  39|          32|          32|
    |tmp24_fu_7764_p2             |     +    |      0|  0|   8|          32|          32|
    |tmp25_fu_6021_p2             |     +    |      0|  0|   8|          32|          32|
    |tmp26_fu_6015_p2             |     +    |      0|  0|   8|          32|          32|
    |tmp27_fu_7760_p2             |     +    |      0|  0|   8|          32|          32|
    |tmp28_fu_6027_p2             |     +    |      0|  0|  39|          32|          32|
    |tmp29_fu_6033_p2             |     +    |      0|  0|  39|          32|          32|
    |tmp2_fu_7845_p2              |     +    |      0|  0|   8|          32|          32|
    |tmp30_fu_7839_p2             |     +    |      0|  0|   8|          32|          32|
    |tmp31_fu_7804_p2             |     +    |      0|  0|   8|          32|          32|
    |tmp32_fu_7794_p2             |     +    |      0|  0|   8|          32|          32|
    |tmp33_fu_7785_p2             |     +    |      0|  0|   8|          32|          32|
    |tmp34_fu_7781_p2             |     +    |      0|  0|   8|          32|          32|
    |tmp35_fu_7790_p2             |     +    |      0|  0|   8|          32|          32|
    |tmp36_fu_6039_p2             |     +    |      0|  0|  39|          32|          32|
    |tmp37_fu_6045_p2             |     +    |      0|  0|  39|          32|          32|
    |tmp38_fu_7800_p2             |     +    |      0|  0|   8|          32|          32|
    |tmp39_fu_6057_p2             |     +    |      0|  0|   8|          32|          32|
    |tmp3_fu_7775_p2              |     +    |      0|  0|   8|          32|          32|
    |tmp40_fu_6051_p2             |     +    |      0|  0|   8|          32|          32|
    |tmp41_fu_6075_p2             |     +    |      0|  0|   8|          32|          32|
    |tmp42_fu_6063_p2             |     +    |      0|  0|  39|          32|          32|
    |tmp43_fu_6069_p2             |     +    |      0|  0|   8|          32|          32|
    |tmp44_fu_7833_p2             |     +    |      0|  0|   8|          32|          32|
    |tmp45_fu_7823_p2             |     +    |      0|  0|   8|          32|          32|
    |tmp46_fu_7814_p2             |     +    |      0|  0|   8|          32|          32|
    |tmp47_fu_7810_p2             |     +    |      0|  0|   8|          32|          32|
    |tmp48_fu_7819_p2             |     +    |      0|  0|   8|          32|          32|
    |tmp49_fu_6081_p2             |     +    |      0|  0|  39|          32|          32|
    |tmp4_fu_7735_p2              |     +    |      0|  0|   8|          32|          32|
    |tmp50_fu_6087_p2             |     +    |      0|  0|  39|          32|          32|
    |tmp51_fu_7829_p2             |     +    |      0|  0|   8|          32|          32|
    |tmp52_fu_6099_p2             |     +    |      0|  0|   8|          32|          32|
    |tmp53_fu_6093_p2             |     +    |      0|  0|   8|          32|          32|
    |tmp54_fu_6117_p2             |     +    |      0|  0|   8|          32|          32|
    |tmp55_fu_6105_p2             |     +    |      0|  0|  39|          32|          32|
    |tmp56_fu_6111_p2             |     +    |      0|  0|   8|          32|          32|
    |tmp57_fu_8217_p2             |     +    |      0|  0|   8|          32|          32|
    |tmp58_fu_7894_p2             |     +    |      0|  0|   8|          32|          32|
    |tmp59_fu_7864_p2             |     +    |      0|  0|   8|          32|          32|
    |tmp5_fu_7726_p2              |     +    |      0|  0|   8|          32|          32|
    |tmp60_fu_7855_p2             |     +    |      0|  0|   8|          32|          32|
    |tmp61_fu_6129_p2             |     +    |      0|  0|   8|          32|          32|
    |tmp62_fu_6123_p2             |     +    |      0|  0|   8|          32|          32|
    |tmp63_fu_7851_p2             |     +    |      0|  0|   8|          32|          32|
    |tmp64_fu_6135_p2             |     +    |      0|  0|  39|          32|          32|
    |tmp65_fu_6141_p2             |     +    |      0|  0|  39|          32|          32|
    |tmp66_fu_7860_p2             |     +    |      0|  0|   8|          32|          32|
    |tmp67_fu_6153_p2             |     +    |      0|  0|   8|          32|          32|
    |tmp68_fu_6147_p2             |     +    |      0|  0|   8|          32|          32|
    |tmp69_fu_6171_p2             |     +    |      0|  0|   8|          32|          32|
    |tmp6_fu_5955_p2              |     +    |      0|  0|   8|          32|          32|
    |tmp70_fu_6159_p2             |     +    |      0|  0|  39|          32|          32|
    |tmp71_fu_6165_p2             |     +    |      0|  0|   8|          32|          32|
    |tmp72_fu_7888_p2             |     +    |      0|  0|   8|          32|          32|
    |tmp73_fu_7874_p2             |     +    |      0|  0|   8|          32|          32|
    |tmp74_fu_6183_p2             |     +    |      0|  0|   8|          32|          32|
    |tmp75_fu_6177_p2             |     +    |      0|  0|   8|          32|          32|
    |tmp76_fu_7870_p2             |     +    |      0|  0|   8|          32|          32|
    |tmp77_fu_6189_p2             |     +    |      0|  0|  39|          32|          32|
    |tmp78_fu_6195_p2             |     +    |      0|  0|  39|          32|          32|
    |tmp79_fu_7883_p2             |     +    |      0|  0|   8|          32|          32|
    |tmp7_fu_5949_p2              |     +    |      0|  0|   8|          32|          32|
    |tmp80_fu_6207_p2             |     +    |      0|  0|   8|          32|          32|
    |tmp81_fu_6201_p2             |     +    |      0|  0|   8|          32|          32|
    |tmp82_fu_7879_p2             |     +    |      0|  0|   8|          32|          32|
    |tmp83_fu_6213_p2             |     +    |      0|  0|  39|          32|          32|
    |tmp84_fu_6219_p2             |     +    |      0|  0|  39|          32|          32|
    |tmp85_fu_7943_p2             |     +    |      0|  0|   8|          32|          32|
    |tmp86_fu_7913_p2             |     +    |      0|  0|   8|          32|          32|
    |tmp87_fu_7904_p2             |     +    |      0|  0|   8|          32|          32|
    |tmp88_fu_6231_p2             |     +    |      0|  0|   8|          32|          32|
    |tmp89_fu_6225_p2             |     +    |      0|  0|   8|          32|          32|
    |tmp8_fu_7722_p2              |     +    |      0|  0|   8|          32|          32|
    |tmp90_fu_7900_p2             |     +    |      0|  0|   8|          32|          32|
    |tmp91_fu_6237_p2             |     +    |      0|  0|  39|          32|          32|
    |tmp92_fu_6243_p2             |     +    |      0|  0|  39|          32|          32|
    |tmp93_fu_7909_p2             |     +    |      0|  0|   8|          32|          32|
    |tmp94_fu_6255_p2             |     +    |      0|  0|   8|          32|          32|
    |tmp95_fu_6249_p2             |     +    |      0|  0|   8|          32|          32|
    |tmp96_fu_6273_p2             |     +    |      0|  0|   8|          32|          32|
    |tmp97_fu_6261_p2             |     +    |      0|  0|  39|          32|          32|
    |tmp98_fu_6267_p2             |     +    |      0|  0|   8|          32|          32|
    |tmp99_fu_7937_p2             |     +    |      0|  0|   8|          32|          32|
    |tmp9_fu_5961_p2              |     +    |      0|  0|  39|          32|          32|
    |tmp_1693_fu_3123_p2          |     +    |      0|  0|  17|           5|          10|
    |tmp_1695_fu_3146_p2          |     +    |      0|  0|  17|           2|          10|
    |tmp_1700_fu_3237_p2          |     +    |      0|  0|  25|           2|          18|
    |tmp_1704_fu_3283_p2          |     +    |      0|  0|   8|           5|          18|
    |tmp_397_fu_3258_p2           |     +    |      0|  0|  25|          18|          18|
    |tmp_398_fu_3289_p2           |     +    |      0|  0|   8|          18|          18|
    |tmp_s_fu_3070_p2             |     +    |      0|  0|  39|           4|          32|
    |or_cond_fu_3274_p2           |    and   |      0|  0|   2|           1|           1|
    |exitcond3_fu_3185_p2         |   icmp   |      0|  0|  18|          32|          32|
    |tmp_822_fu_3088_p2           |   icmp   |      0|  0|  18|          32|          32|
    |tmp_823_fu_3113_p2           |   icmp   |      0|  0|  18|          31|           4|
    |tmp_824_fu_3137_p2           |   icmp   |      0|  0|  18|          32|          32|
    |tmp_826_fu_3228_p2           |   icmp   |      0|  0|  18|          32|          32|
    |tmp_827_fu_3268_p2           |   icmp   |      0|  0|  18|          32|           4|
    |tmp_1696_fu_3151_p3          |  select  |      0|  0|  10|           1|          10|
    |tmp_1697_fu_3159_p3          |  select  |      0|  0|  10|           1|           1|
    |tmp_1701_fu_3242_p3          |  select  |      0|  0|  18|           1|          18|
    |tmp_1702_fu_3250_p3          |  select  |      0|  0|  18|           1|           1|
    |ap_enable_pp0                |    xor   |      0|  0|   2|           1|           2|
    +-----------------------------+----------+-------+---+----+------------+------------+
    |Total                        |          |    675|  0|8692|       14694|        9359|
    +-----------------------------+----------+-------+---+----+------------+------------+

    * Multiplexer: 
    +-------------------------+----+-----------+-----+-----------+
    |           Name          | LUT| Input Size| Bits| Total Bits|
    +-------------------------+----+-----------+-----+-----------+
    |ap_NS_fsm                |  27|          5|    1|          5|
    |ap_enable_reg_pp0_iter2  |   9|          2|    1|          2|
    |ap_enable_reg_pp0_iter3  |   9|          2|    1|          2|
    |i_reg_3042               |   9|          2|   31|         62|
    |j_reg_3053               |   9|          2|   32|         64|
    +-------------------------+----+-----------+-----+-----------+
    |Total                    |  63|         13|   66|        135|
    +-------------------------+----+-----------+-----+-----------+

    * Register: 
    +-------------------------------+----+----+-----+-----------+
    |              Name             | FF | LUT| Bits| Const Bits|
    +-------------------------------+----+----+-----+-----------+
    |BlockBuffer_val_0_1_1_fu_524   |   8|   0|    8|          0|
    |BlockBuffer_val_0_1_2_fu_560   |   8|   0|    8|          0|
    |BlockBuffer_val_0_1_3_fu_564   |   8|   0|    8|          0|
    |BlockBuffer_val_0_1_4_fu_568   |   8|   0|    8|          0|
    |BlockBuffer_val_0_1_5_fu_572   |   8|   0|    8|          0|
    |BlockBuffer_val_0_1_fu_520     |   8|   0|    8|          0|
    |BlockBuffer_val_0_2_fu_528     |   8|   0|    8|          0|
    |BlockBuffer_val_0_3_fu_532     |   8|   0|    8|          0|
    |BlockBuffer_val_0_4_fu_536     |   8|   0|    8|          0|
    |BlockBuffer_val_0_5_fu_540     |   8|   0|    8|          0|
    |BlockBuffer_val_0_6_fu_544     |   8|   0|    8|          0|
    |BlockBuffer_val_0_7_fu_548     |   8|   0|    8|          0|
    |BlockBuffer_val_0_8_fu_552     |   8|   0|    8|          0|
    |BlockBuffer_val_0_9_fu_556     |   8|   0|    8|          0|
    |BlockBuffer_val_10_10_fu_1120  |   8|   0|    8|          0|
    |BlockBuffer_val_10_11_fu_1124  |   8|   0|    8|          0|
    |BlockBuffer_val_10_12_fu_1128  |   8|   0|    8|          0|
    |BlockBuffer_val_10_13_fu_1132  |   8|   0|    8|          0|
    |BlockBuffer_val_10_1_fu_1084   |   8|   0|    8|          0|
    |BlockBuffer_val_10_2_fu_1088   |   8|   0|    8|          0|
    |BlockBuffer_val_10_3_fu_1092   |   8|   0|    8|          0|
    |BlockBuffer_val_10_4_fu_1096   |   8|   0|    8|          0|
    |BlockBuffer_val_10_5_fu_1100   |   8|   0|    8|          0|
    |BlockBuffer_val_10_6_fu_1104   |   8|   0|    8|          0|
    |BlockBuffer_val_10_7_fu_1108   |   8|   0|    8|          0|
    |BlockBuffer_val_10_8_fu_1112   |   8|   0|    8|          0|
    |BlockBuffer_val_10_9_fu_1116   |   8|   0|    8|          0|
    |BlockBuffer_val_10_s_fu_1080   |   8|   0|    8|          0|
    |BlockBuffer_val_11_10_fu_1176  |   8|   0|    8|          0|
    |BlockBuffer_val_11_11_fu_1180  |   8|   0|    8|          0|
    |BlockBuffer_val_11_12_fu_1184  |   8|   0|    8|          0|
    |BlockBuffer_val_11_13_fu_1188  |   8|   0|    8|          0|
    |BlockBuffer_val_11_1_fu_1140   |   8|   0|    8|          0|
    |BlockBuffer_val_11_2_fu_1144   |   8|   0|    8|          0|
    |BlockBuffer_val_11_3_fu_1148   |   8|   0|    8|          0|
    |BlockBuffer_val_11_4_fu_1152   |   8|   0|    8|          0|
    |BlockBuffer_val_11_5_fu_1156   |   8|   0|    8|          0|
    |BlockBuffer_val_11_6_fu_1160   |   8|   0|    8|          0|
    |BlockBuffer_val_11_7_fu_1164   |   8|   0|    8|          0|
    |BlockBuffer_val_11_8_fu_1168   |   8|   0|    8|          0|
    |BlockBuffer_val_11_9_fu_1172   |   8|   0|    8|          0|
    |BlockBuffer_val_11_s_fu_1136   |   8|   0|    8|          0|
    |BlockBuffer_val_12_10_fu_1232  |   8|   0|    8|          0|
    |BlockBuffer_val_12_11_fu_1236  |   8|   0|    8|          0|
    |BlockBuffer_val_12_12_fu_1240  |   8|   0|    8|          0|
    |BlockBuffer_val_12_13_fu_1244  |   8|   0|    8|          0|
    |BlockBuffer_val_12_1_fu_1196   |   8|   0|    8|          0|
    |BlockBuffer_val_12_2_fu_1200   |   8|   0|    8|          0|
    |BlockBuffer_val_12_3_fu_1204   |   8|   0|    8|          0|
    |BlockBuffer_val_12_4_fu_1208   |   8|   0|    8|          0|
    |BlockBuffer_val_12_5_fu_1212   |   8|   0|    8|          0|
    |BlockBuffer_val_12_6_fu_1216   |   8|   0|    8|          0|
    |BlockBuffer_val_12_7_fu_1220   |   8|   0|    8|          0|
    |BlockBuffer_val_12_8_fu_1224   |   8|   0|    8|          0|
    |BlockBuffer_val_12_9_fu_1228   |   8|   0|    8|          0|
    |BlockBuffer_val_12_s_fu_1192   |   8|   0|    8|          0|
    |BlockBuffer_val_13_10_fu_1288  |   8|   0|    8|          0|
    |BlockBuffer_val_13_11_fu_1292  |   8|   0|    8|          0|
    |BlockBuffer_val_13_12_fu_1296  |   8|   0|    8|          0|
    |BlockBuffer_val_13_13_fu_1300  |   8|   0|    8|          0|
    |BlockBuffer_val_13_1_fu_1252   |   8|   0|    8|          0|
    |BlockBuffer_val_13_2_fu_1256   |   8|   0|    8|          0|
    |BlockBuffer_val_13_3_fu_1260   |   8|   0|    8|          0|
    |BlockBuffer_val_13_4_fu_1264   |   8|   0|    8|          0|
    |BlockBuffer_val_13_5_fu_1268   |   8|   0|    8|          0|
    |BlockBuffer_val_13_6_fu_1272   |   8|   0|    8|          0|
    |BlockBuffer_val_13_7_fu_1276   |   8|   0|    8|          0|
    |BlockBuffer_val_13_8_fu_1280   |   8|   0|    8|          0|
    |BlockBuffer_val_13_9_fu_1284   |   8|   0|    8|          0|
    |BlockBuffer_val_13_s_fu_1248   |   8|   0|    8|          0|
    |BlockBuffer_val_14_10_fu_1344  |   8|   0|    8|          0|
    |BlockBuffer_val_14_11_fu_1348  |   8|   0|    8|          0|
    |BlockBuffer_val_14_12_fu_1352  |   8|   0|    8|          0|
    |BlockBuffer_val_14_13_fu_1356  |   8|   0|    8|          0|
    |BlockBuffer_val_14_1_fu_1308   |   8|   0|    8|          0|
    |BlockBuffer_val_14_2_fu_1312   |   8|   0|    8|          0|
    |BlockBuffer_val_14_3_fu_1316   |   8|   0|    8|          0|
    |BlockBuffer_val_14_4_fu_1320   |   8|   0|    8|          0|
    |BlockBuffer_val_14_5_fu_1324   |   8|   0|    8|          0|
    |BlockBuffer_val_14_6_fu_1328   |   8|   0|    8|          0|
    |BlockBuffer_val_14_7_fu_1332   |   8|   0|    8|          0|
    |BlockBuffer_val_14_8_fu_1336   |   8|   0|    8|          0|
    |BlockBuffer_val_14_9_fu_1340   |   8|   0|    8|          0|
    |BlockBuffer_val_14_s_fu_1304   |   8|   0|    8|          0|
    |BlockBuffer_val_1_1_1_fu_580   |   8|   0|    8|          0|
    |BlockBuffer_val_1_1_2_fu_616   |   8|   0|    8|          0|
    |BlockBuffer_val_1_1_3_fu_620   |   8|   0|    8|          0|
    |BlockBuffer_val_1_1_4_fu_624   |   8|   0|    8|          0|
    |BlockBuffer_val_1_1_5_fu_628   |   8|   0|    8|          0|
    |BlockBuffer_val_1_1_fu_576     |   8|   0|    8|          0|
    |BlockBuffer_val_1_2_fu_584     |   8|   0|    8|          0|
    |BlockBuffer_val_1_3_fu_588     |   8|   0|    8|          0|
    |BlockBuffer_val_1_4_fu_592     |   8|   0|    8|          0|
    |BlockBuffer_val_1_5_fu_596     |   8|   0|    8|          0|
    |BlockBuffer_val_1_6_fu_600     |   8|   0|    8|          0|
    |BlockBuffer_val_1_7_fu_604     |   8|   0|    8|          0|
    |BlockBuffer_val_1_8_fu_608     |   8|   0|    8|          0|
    |BlockBuffer_val_1_9_fu_612     |   8|   0|    8|          0|
    |BlockBuffer_val_2_1_1_fu_636   |   8|   0|    8|          0|
    |BlockBuffer_val_2_1_2_fu_672   |   8|   0|    8|          0|
    |BlockBuffer_val_2_1_3_fu_676   |   8|   0|    8|          0|
    |BlockBuffer_val_2_1_4_fu_680   |   8|   0|    8|          0|
    |BlockBuffer_val_2_1_5_fu_684   |   8|   0|    8|          0|
    |BlockBuffer_val_2_1_fu_632     |   8|   0|    8|          0|
    |BlockBuffer_val_2_2_fu_640     |   8|   0|    8|          0|
    |BlockBuffer_val_2_3_fu_644     |   8|   0|    8|          0|
    |BlockBuffer_val_2_4_fu_648     |   8|   0|    8|          0|
    |BlockBuffer_val_2_5_fu_652     |   8|   0|    8|          0|
    |BlockBuffer_val_2_6_fu_656     |   8|   0|    8|          0|
    |BlockBuffer_val_2_7_fu_660     |   8|   0|    8|          0|
    |BlockBuffer_val_2_8_fu_664     |   8|   0|    8|          0|
    |BlockBuffer_val_2_9_fu_668     |   8|   0|    8|          0|
    |BlockBuffer_val_3_1_1_fu_692   |   8|   0|    8|          0|
    |BlockBuffer_val_3_1_2_fu_728   |   8|   0|    8|          0|
    |BlockBuffer_val_3_1_3_fu_732   |   8|   0|    8|          0|
    |BlockBuffer_val_3_1_4_fu_736   |   8|   0|    8|          0|
    |BlockBuffer_val_3_1_5_fu_740   |   8|   0|    8|          0|
    |BlockBuffer_val_3_1_fu_688     |   8|   0|    8|          0|
    |BlockBuffer_val_3_2_fu_696     |   8|   0|    8|          0|
    |BlockBuffer_val_3_3_fu_700     |   8|   0|    8|          0|
    |BlockBuffer_val_3_4_fu_704     |   8|   0|    8|          0|
    |BlockBuffer_val_3_5_fu_708     |   8|   0|    8|          0|
    |BlockBuffer_val_3_6_fu_712     |   8|   0|    8|          0|
    |BlockBuffer_val_3_7_fu_716     |   8|   0|    8|          0|
    |BlockBuffer_val_3_8_fu_720     |   8|   0|    8|          0|
    |BlockBuffer_val_3_9_fu_724     |   8|   0|    8|          0|
    |BlockBuffer_val_4_1_1_fu_748   |   8|   0|    8|          0|
    |BlockBuffer_val_4_1_2_fu_784   |   8|   0|    8|          0|
    |BlockBuffer_val_4_1_3_fu_788   |   8|   0|    8|          0|
    |BlockBuffer_val_4_1_4_fu_792   |   8|   0|    8|          0|
    |BlockBuffer_val_4_1_5_fu_796   |   8|   0|    8|          0|
    |BlockBuffer_val_4_1_fu_744     |   8|   0|    8|          0|
    |BlockBuffer_val_4_2_fu_752     |   8|   0|    8|          0|
    |BlockBuffer_val_4_3_fu_756     |   8|   0|    8|          0|
    |BlockBuffer_val_4_4_fu_760     |   8|   0|    8|          0|
    |BlockBuffer_val_4_5_fu_764     |   8|   0|    8|          0|
    |BlockBuffer_val_4_6_fu_768     |   8|   0|    8|          0|
    |BlockBuffer_val_4_7_fu_772     |   8|   0|    8|          0|
    |BlockBuffer_val_4_8_fu_776     |   8|   0|    8|          0|
    |BlockBuffer_val_4_9_fu_780     |   8|   0|    8|          0|
    |BlockBuffer_val_5_1_1_fu_804   |   8|   0|    8|          0|
    |BlockBuffer_val_5_1_2_fu_840   |   8|   0|    8|          0|
    |BlockBuffer_val_5_1_3_fu_844   |   8|   0|    8|          0|
    |BlockBuffer_val_5_1_4_fu_848   |   8|   0|    8|          0|
    |BlockBuffer_val_5_1_5_fu_852   |   8|   0|    8|          0|
    |BlockBuffer_val_5_1_fu_800     |   8|   0|    8|          0|
    |BlockBuffer_val_5_2_fu_808     |   8|   0|    8|          0|
    |BlockBuffer_val_5_3_fu_812     |   8|   0|    8|          0|
    |BlockBuffer_val_5_4_fu_816     |   8|   0|    8|          0|
    |BlockBuffer_val_5_5_fu_820     |   8|   0|    8|          0|
    |BlockBuffer_val_5_6_fu_824     |   8|   0|    8|          0|
    |BlockBuffer_val_5_7_fu_828     |   8|   0|    8|          0|
    |BlockBuffer_val_5_8_fu_832     |   8|   0|    8|          0|
    |BlockBuffer_val_5_9_fu_836     |   8|   0|    8|          0|
    |BlockBuffer_val_6_1_1_fu_860   |   8|   0|    8|          0|
    |BlockBuffer_val_6_1_2_fu_896   |   8|   0|    8|          0|
    |BlockBuffer_val_6_1_3_fu_900   |   8|   0|    8|          0|
    |BlockBuffer_val_6_1_4_fu_904   |   8|   0|    8|          0|
    |BlockBuffer_val_6_1_5_fu_908   |   8|   0|    8|          0|
    |BlockBuffer_val_6_1_fu_856     |   8|   0|    8|          0|
    |BlockBuffer_val_6_2_fu_864     |   8|   0|    8|          0|
    |BlockBuffer_val_6_3_fu_868     |   8|   0|    8|          0|
    |BlockBuffer_val_6_4_fu_872     |   8|   0|    8|          0|
    |BlockBuffer_val_6_5_fu_876     |   8|   0|    8|          0|
    |BlockBuffer_val_6_6_fu_880     |   8|   0|    8|          0|
    |BlockBuffer_val_6_7_fu_884     |   8|   0|    8|          0|
    |BlockBuffer_val_6_8_fu_888     |   8|   0|    8|          0|
    |BlockBuffer_val_6_9_fu_892     |   8|   0|    8|          0|
    |BlockBuffer_val_7_1_1_fu_916   |   8|   0|    8|          0|
    |BlockBuffer_val_7_1_2_fu_952   |   8|   0|    8|          0|
    |BlockBuffer_val_7_1_3_fu_956   |   8|   0|    8|          0|
    |BlockBuffer_val_7_1_4_fu_960   |   8|   0|    8|          0|
    |BlockBuffer_val_7_1_5_fu_964   |   8|   0|    8|          0|
    |BlockBuffer_val_7_1_fu_912     |   8|   0|    8|          0|
    |BlockBuffer_val_7_2_fu_920     |   8|   0|    8|          0|
    |BlockBuffer_val_7_3_fu_924     |   8|   0|    8|          0|
    |BlockBuffer_val_7_4_fu_928     |   8|   0|    8|          0|
    |BlockBuffer_val_7_5_fu_932     |   8|   0|    8|          0|
    |BlockBuffer_val_7_6_fu_936     |   8|   0|    8|          0|
    |BlockBuffer_val_7_7_fu_940     |   8|   0|    8|          0|
    |BlockBuffer_val_7_8_fu_944     |   8|   0|    8|          0|
    |BlockBuffer_val_7_9_fu_948     |   8|   0|    8|          0|
    |BlockBuffer_val_8_1_1_fu_972   |   8|   0|    8|          0|
    |BlockBuffer_val_8_1_2_fu_1008  |   8|   0|    8|          0|
    |BlockBuffer_val_8_1_3_fu_1012  |   8|   0|    8|          0|
    |BlockBuffer_val_8_1_4_fu_1016  |   8|   0|    8|          0|
    |BlockBuffer_val_8_1_5_fu_1020  |   8|   0|    8|          0|
    |BlockBuffer_val_8_1_fu_968     |   8|   0|    8|          0|
    |BlockBuffer_val_8_2_fu_976     |   8|   0|    8|          0|
    |BlockBuffer_val_8_3_fu_980     |   8|   0|    8|          0|
    |BlockBuffer_val_8_4_fu_984     |   8|   0|    8|          0|
    |BlockBuffer_val_8_5_fu_988     |   8|   0|    8|          0|
    |BlockBuffer_val_8_6_fu_992     |   8|   0|    8|          0|
    |BlockBuffer_val_8_7_fu_996     |   8|   0|    8|          0|
    |BlockBuffer_val_8_8_fu_1000    |   8|   0|    8|          0|
    |BlockBuffer_val_8_9_fu_1004    |   8|   0|    8|          0|
    |BlockBuffer_val_9_1_1_fu_1028  |   8|   0|    8|          0|
    |BlockBuffer_val_9_1_2_fu_1064  |   8|   0|    8|          0|
    |BlockBuffer_val_9_1_3_fu_1068  |   8|   0|    8|          0|
    |BlockBuffer_val_9_1_4_fu_1072  |   8|   0|    8|          0|
    |BlockBuffer_val_9_1_5_fu_1076  |   8|   0|    8|          0|
    |BlockBuffer_val_9_1_fu_1024    |   8|   0|    8|          0|
    |BlockBuffer_val_9_2_fu_1032    |   8|   0|    8|          0|
    |BlockBuffer_val_9_3_fu_1036    |   8|   0|    8|          0|
    |BlockBuffer_val_9_4_fu_1040    |   8|   0|    8|          0|
    |BlockBuffer_val_9_5_fu_1044    |   8|   0|    8|          0|
    |BlockBuffer_val_9_6_fu_1048    |   8|   0|    8|          0|
    |BlockBuffer_val_9_7_fu_1052    |   8|   0|    8|          0|
    |BlockBuffer_val_9_8_fu_1056    |   8|   0|    8|          0|
    |BlockBuffer_val_9_9_fu_1060    |   8|   0|    8|          0|
    |LineBuffer_cols_reg_10653      |  32|   0|   32|          0|
    |LineBuffer_val_10_a_reg_10760  |   9|   0|    9|          0|
    |LineBuffer_val_11_a_reg_10766  |   9|   0|    9|          0|
    |LineBuffer_val_12_a_reg_10772  |   9|   0|    9|          0|
    |LineBuffer_val_13_a_reg_10778  |   9|   0|    9|          0|
    |LineBuffer_val_14_a_reg_10784  |   9|   0|    9|          0|
    |LineBuffer_val_1_ad_reg_10706  |   9|   0|    9|          0|
    |LineBuffer_val_2_ad_reg_10712  |   9|   0|    9|          0|
    |LineBuffer_val_3_ad_reg_10718  |   9|   0|    9|          0|
    |LineBuffer_val_4_ad_reg_10724  |   9|   0|    9|          0|
    |LineBuffer_val_5_ad_reg_10730  |   9|   0|    9|          0|
    |LineBuffer_val_6_ad_reg_10736  |   9|   0|    9|          0|
    |LineBuffer_val_7_ad_reg_10742  |   9|   0|    9|          0|
    |LineBuffer_val_8_ad_reg_10748  |   9|   0|    9|          0|
    |LineBuffer_val_9_ad_reg_10754  |   9|   0|    9|          0|
    |ap_CS_fsm                      |   4|   0|    4|          0|
    |ap_enable_reg_pp0_iter0        |   1|   0|    1|          0|
    |ap_enable_reg_pp0_iter1        |   1|   0|    1|          0|
    |ap_enable_reg_pp0_iter2        |   1|   0|    1|          0|
    |ap_enable_reg_pp0_iter3        |   1|   0|    1|          0|
    |exitcond3_reg_10697            |   1|   0|    1|          0|
    |i_22_reg_10677                 |  31|   0|   31|          0|
    |i_reg_3042                     |  31|   0|   31|          0|
    |j_reg_3053                     |  32|   0|   32|          0|
    |or_cond_reg_10795              |   1|   0|    1|          0|
    |p_Val2_655_0_13_reg_10804      |  32|   0|   32|          0|
    |p_Val2_655_11_1_reg_10894      |  32|   0|   32|          0|
    |p_Val2_655_11_2_reg_10899      |  32|   0|   32|          0|
    |p_Val2_655_11_reg_10904        |  32|   0|   32|          0|
    |p_Val2_655_12_1_reg_10909      |  32|   0|   32|          0|
    |p_Val2_655_13_12_reg_10914     |  32|   0|   32|          0|
    |p_Val2_655_13_13_reg_10919     |  32|   0|   32|          0|
    |p_Val2_655_14_12_reg_10924     |  32|   0|   32|          0|
    |p_Val2_655_14_13_reg_10929     |  32|   0|   32|          0|
    |p_Val2_655_1_12_reg_10819      |  32|   0|   32|          0|
    |p_Val2_655_1_13_reg_10824      |  32|   0|   32|          0|
    |p_Val2_655_1_1_reg_10814       |  32|   0|   32|          0|
    |p_Val2_655_1_reg_10809         |  32|   0|   32|          0|
    |p_Val2_655_2_11_reg_10834      |  32|   0|   32|          0|
    |p_Val2_655_2_12_reg_10839      |  32|   0|   32|          0|
    |p_Val2_655_2_13_reg_10844      |  32|   0|   32|          0|
    |p_Val2_655_2_reg_10829         |  32|   0|   32|          0|
    |p_Val2_655_7_13_reg_10849      |  32|   0|   32|          0|
    |p_Val2_655_8_12_reg_10864      |  32|   0|   32|          0|
    |p_Val2_655_8_13_reg_10869      |  32|   0|   32|          0|
    |p_Val2_655_8_1_reg_10859       |  32|   0|   32|          0|
    |p_Val2_655_8_reg_10854         |  32|   0|   32|          0|
    |p_Val2_655_9_11_reg_10879      |  32|   0|   32|          0|
    |p_Val2_655_9_12_reg_10884      |  32|   0|   32|          0|
    |p_Val2_655_9_13_reg_10889      |  32|   0|   32|          0|
    |p_Val2_655_9_reg_10874         |  32|   0|   32|          0|
    |tmp101_reg_11104               |  32|   0|   32|          0|
    |tmp104_reg_11109               |  32|   0|   32|          0|
    |tmp105_reg_11114               |  32|   0|   32|          0|
    |tmp107_reg_11119               |  32|   0|   32|          0|
    |tmp10_reg_10944                |  32|   0|   32|          0|
    |tmp110_reg_11124               |  32|   0|   32|          0|
    |tmp111_reg_11129               |  32|   0|   32|          0|
    |tmp113_reg_11344               |  32|   0|   32|          0|
    |tmp117_reg_11134               |  32|   0|   32|          0|
    |tmp120_reg_11139               |  32|   0|   32|          0|
    |tmp121_reg_11144               |  32|   0|   32|          0|
    |tmp125_reg_11149               |  32|   0|   32|          0|
    |tmp12_reg_10949                |  32|   0|   32|          0|
    |tmp130_reg_11154               |  32|   0|   32|          0|
    |tmp133_reg_11159               |  32|   0|   32|          0|
    |tmp134_reg_11164               |  32|   0|   32|          0|
    |tmp139_reg_11169               |  32|   0|   32|          0|
    |tmp140_reg_11174               |  32|   0|   32|          0|
    |tmp144_reg_11179               |  32|   0|   32|          0|
    |tmp147_reg_11184               |  32|   0|   32|          0|
    |tmp148_reg_11189               |  32|   0|   32|          0|
    |tmp14_reg_10954                |  32|   0|   32|          0|
    |tmp152_reg_11194               |  32|   0|   32|          0|
    |tmp157_reg_11199               |  32|   0|   32|          0|
    |tmp160_reg_11204               |  32|   0|   32|          0|
    |tmp161_reg_11209               |  32|   0|   32|          0|
    |tmp163_reg_11214               |  32|   0|   32|          0|
    |tmp166_reg_11219               |  32|   0|   32|          0|
    |tmp168_reg_11349               |  32|   0|   32|          0|
    |tmp172_reg_11224               |  32|   0|   32|          0|
    |tmp175_reg_11229               |  32|   0|   32|          0|
    |tmp176_reg_11234               |  32|   0|   32|          0|
    |tmp178_reg_11239               |  32|   0|   32|          0|
    |tmp181_reg_11244               |  32|   0|   32|          0|
    |tmp185_reg_11249               |  32|   0|   32|          0|
    |tmp188_reg_11254               |  32|   0|   32|          0|
    |tmp189_reg_11259               |  32|   0|   32|          0|
    |tmp191_reg_11264               |  32|   0|   32|          0|
    |tmp194_reg_11269               |  32|   0|   32|          0|
    |tmp195_reg_11274               |  32|   0|   32|          0|
    |tmp199_reg_11279               |  32|   0|   32|          0|
    |tmp202_reg_11284               |  32|   0|   32|          0|
    |tmp203_reg_11289               |  32|   0|   32|          0|
    |tmp205_reg_11294               |  32|   0|   32|          0|
    |tmp208_reg_11299               |  32|   0|   32|          0|
    |tmp212_reg_11304               |  32|   0|   32|          0|
    |tmp215_reg_11309               |  32|   0|   32|          0|
    |tmp216_reg_11314               |  32|   0|   32|          0|
    |tmp218_reg_11319               |  32|   0|   32|          0|
    |tmp222_reg_11324               |  32|   0|   32|          0|
    |tmp22_reg_10959                |  32|   0|   32|          0|
    |tmp23_reg_10964                |  32|   0|   32|          0|
    |tmp25_reg_10969                |  32|   0|   32|          0|
    |tmp28_reg_10974                |  32|   0|   32|          0|
    |tmp29_reg_10979                |  32|   0|   32|          0|
    |tmp2_reg_11329                 |  32|   0|   32|          0|
    |tmp36_reg_10984                |  32|   0|   32|          0|
    |tmp37_reg_10989                |  32|   0|   32|          0|
    |tmp39_reg_10994                |  32|   0|   32|          0|
    |tmp41_reg_10999                |  32|   0|   32|          0|
    |tmp49_reg_11004                |  32|   0|   32|          0|
    |tmp50_reg_11009                |  32|   0|   32|          0|
    |tmp52_reg_11014                |  32|   0|   32|          0|
    |tmp54_reg_11019                |  32|   0|   32|          0|
    |tmp58_reg_11334                |  32|   0|   32|          0|
    |tmp61_reg_11024                |  32|   0|   32|          0|
    |tmp64_reg_11029                |  32|   0|   32|          0|
    |tmp65_reg_11034                |  32|   0|   32|          0|
    |tmp67_reg_11039                |  32|   0|   32|          0|
    |tmp69_reg_11044                |  32|   0|   32|          0|
    |tmp6_reg_10934                 |  32|   0|   32|          0|
    |tmp74_reg_11049                |  32|   0|   32|          0|
    |tmp77_reg_11054                |  32|   0|   32|          0|
    |tmp78_reg_11059                |  32|   0|   32|          0|
    |tmp80_reg_11064                |  32|   0|   32|          0|
    |tmp83_reg_11069                |  32|   0|   32|          0|
    |tmp84_reg_11074                |  32|   0|   32|          0|
    |tmp85_reg_11339                |  32|   0|   32|          0|
    |tmp88_reg_11079                |  32|   0|   32|          0|
    |tmp91_reg_11084                |  32|   0|   32|          0|
    |tmp92_reg_11089                |  32|   0|   32|          0|
    |tmp94_reg_11094                |  32|   0|   32|          0|
    |tmp96_reg_11099                |  32|   0|   32|          0|
    |tmp9_reg_10939                 |  32|   0|   32|          0|
    |tmp_1689_reg_10663             |  18|   0|   18|          0|
    |tmp_1690_reg_10668             |  10|   0|   10|          0|
    |tmp_392_cast_reg_10687         |  10|   0|   18|          8|
    |tmp_396_cast_reg_10692         |  10|   0|   18|          8|
    |tmp_398_reg_10799              |  18|   0|   18|          0|
    |tmp_823_reg_10682              |   1|   0|    1|          0|
    |tmp_s_reg_10658                |  32|   0|   32|          0|
    |or_cond_reg_10795              |  64|  32|    1|          0|
    |tmp_398_reg_10799              |  64|  32|   18|          0|
    +-------------------------------+----+----+-----+-----------+
    |Total                          |5689|  64| 5596|         16|
    +-------------------------------+----+----+-----+-----------+



================================================================
== Interface
================================================================
* Summary: 
+-------------------------+-----+-----+------------+-------------------------+--------------+
|        RTL Ports        | Dir | Bits|  Protocol  |      Source Object      |    C Type    |
+-------------------------+-----+-----+------------+-------------------------+--------------+
|ap_clk                   |  in |    1| ap_ctrl_hs |        Filter2D16       | return value |
|ap_rst                   |  in |    1| ap_ctrl_hs |        Filter2D16       | return value |
|ap_start                 |  in |    1| ap_ctrl_hs |        Filter2D16       | return value |
|ap_done                  | out |    1| ap_ctrl_hs |        Filter2D16       | return value |
|ap_idle                  | out |    1| ap_ctrl_hs |        Filter2D16       | return value |
|ap_ready                 | out |    1| ap_ctrl_hs |        Filter2D16       | return value |
|ap_return_0              | out |   32| ap_ctrl_hs |        Filter2D16       | return value |
|ap_return_1              | out |   32| ap_ctrl_hs |        Filter2D16       | return value |
|src_val_address0         | out |   16|  ap_memory |         src_val         |     array    |
|src_val_ce0              | out |    1|  ap_memory |         src_val         |     array    |
|src_val_q0               |  in |    8|  ap_memory |         src_val         |     array    |
|src_rows_read            |  in |   32|   ap_none  |      src_rows_read      |    scalar    |
|src_cols_read            |  in |   32|   ap_none  |      src_cols_read      |    scalar    |
|kernel_val_0_V_0_read    |  in |   32|   ap_none  |  kernel_val_0_V_0_read  |    scalar    |
|kernel_val_0_V_1_read    |  in |   32|   ap_none  |  kernel_val_0_V_1_read  |    scalar    |
|kernel_val_0_V_2_read    |  in |   32|   ap_none  |  kernel_val_0_V_2_read  |    scalar    |
|kernel_val_0_V_3_read    |  in |   32|   ap_none  |  kernel_val_0_V_3_read  |    scalar    |
|kernel_val_0_V_4_read    |  in |   32|   ap_none  |  kernel_val_0_V_4_read  |    scalar    |
|kernel_val_0_V_5_read    |  in |   32|   ap_none  |  kernel_val_0_V_5_read  |    scalar    |
|kernel_val_0_V_6_read    |  in |   32|   ap_none  |  kernel_val_0_V_6_read  |    scalar    |
|kernel_val_0_V_7_read    |  in |   32|   ap_none  |  kernel_val_0_V_7_read  |    scalar    |
|kernel_val_0_V_8_read    |  in |   32|   ap_none  |  kernel_val_0_V_8_read  |    scalar    |
|kernel_val_0_V_9_read    |  in |   32|   ap_none  |  kernel_val_0_V_9_read  |    scalar    |
|kernel_val_0_V_10_read   |  in |   32|   ap_none  |  kernel_val_0_V_10_read |    scalar    |
|kernel_val_0_V_11_read   |  in |   32|   ap_none  |  kernel_val_0_V_11_read |    scalar    |
|kernel_val_0_V_12_read   |  in |   32|   ap_none  |  kernel_val_0_V_12_read |    scalar    |
|kernel_val_0_V_13_read   |  in |   32|   ap_none  |  kernel_val_0_V_13_read |    scalar    |
|kernel_val_0_V_14_read   |  in |   32|   ap_none  |  kernel_val_0_V_14_read |    scalar    |
|kernel_val_1_V_0_read    |  in |   32|   ap_none  |  kernel_val_1_V_0_read  |    scalar    |
|kernel_val_1_V_1_read    |  in |   32|   ap_none  |  kernel_val_1_V_1_read  |    scalar    |
|kernel_val_1_V_2_read    |  in |   32|   ap_none  |  kernel_val_1_V_2_read  |    scalar    |
|kernel_val_1_V_3_read    |  in |   32|   ap_none  |  kernel_val_1_V_3_read  |    scalar    |
|kernel_val_1_V_4_read    |  in |   32|   ap_none  |  kernel_val_1_V_4_read  |    scalar    |
|kernel_val_1_V_5_read    |  in |   32|   ap_none  |  kernel_val_1_V_5_read  |    scalar    |
|kernel_val_1_V_6_read    |  in |   32|   ap_none  |  kernel_val_1_V_6_read  |    scalar    |
|kernel_val_1_V_7_read    |  in |   32|   ap_none  |  kernel_val_1_V_7_read  |    scalar    |
|kernel_val_1_V_8_read    |  in |   32|   ap_none  |  kernel_val_1_V_8_read  |    scalar    |
|kernel_val_1_V_9_read    |  in |   32|   ap_none  |  kernel_val_1_V_9_read  |    scalar    |
|kernel_val_1_V_10_read   |  in |   32|   ap_none  |  kernel_val_1_V_10_read |    scalar    |
|kernel_val_1_V_11_read   |  in |   32|   ap_none  |  kernel_val_1_V_11_read |    scalar    |
|kernel_val_1_V_12_read   |  in |   32|   ap_none  |  kernel_val_1_V_12_read |    scalar    |
|kernel_val_1_V_13_read   |  in |   32|   ap_none  |  kernel_val_1_V_13_read |    scalar    |
|kernel_val_1_V_14_read   |  in |   32|   ap_none  |  kernel_val_1_V_14_read |    scalar    |
|kernel_val_2_V_0_read    |  in |   32|   ap_none  |  kernel_val_2_V_0_read  |    scalar    |
|kernel_val_2_V_1_read    |  in |   32|   ap_none  |  kernel_val_2_V_1_read  |    scalar    |
|kernel_val_2_V_2_read    |  in |   32|   ap_none  |  kernel_val_2_V_2_read  |    scalar    |
|kernel_val_2_V_3_read    |  in |   32|   ap_none  |  kernel_val_2_V_3_read  |    scalar    |
|kernel_val_2_V_4_read    |  in |   32|   ap_none  |  kernel_val_2_V_4_read  |    scalar    |
|kernel_val_2_V_5_read    |  in |   32|   ap_none  |  kernel_val_2_V_5_read  |    scalar    |
|kernel_val_2_V_6_read    |  in |   32|   ap_none  |  kernel_val_2_V_6_read  |    scalar    |
|kernel_val_2_V_7_read    |  in |   32|   ap_none  |  kernel_val_2_V_7_read  |    scalar    |
|kernel_val_2_V_8_read    |  in |   32|   ap_none  |  kernel_val_2_V_8_read  |    scalar    |
|kernel_val_2_V_9_read    |  in |   32|   ap_none  |  kernel_val_2_V_9_read  |    scalar    |
|kernel_val_2_V_10_read   |  in |   32|   ap_none  |  kernel_val_2_V_10_read |    scalar    |
|kernel_val_2_V_11_read   |  in |   32|   ap_none  |  kernel_val_2_V_11_read |    scalar    |
|kernel_val_2_V_12_read   |  in |   32|   ap_none  |  kernel_val_2_V_12_read |    scalar    |
|kernel_val_2_V_13_read   |  in |   32|   ap_none  |  kernel_val_2_V_13_read |    scalar    |
|kernel_val_2_V_14_read   |  in |   32|   ap_none  |  kernel_val_2_V_14_read |    scalar    |
|kernel_val_3_V_0_read    |  in |   32|   ap_none  |  kernel_val_3_V_0_read  |    scalar    |
|kernel_val_3_V_1_read    |  in |   32|   ap_none  |  kernel_val_3_V_1_read  |    scalar    |
|kernel_val_3_V_2_read    |  in |   32|   ap_none  |  kernel_val_3_V_2_read  |    scalar    |
|kernel_val_3_V_3_read    |  in |   32|   ap_none  |  kernel_val_3_V_3_read  |    scalar    |
|kernel_val_3_V_4_read    |  in |   32|   ap_none  |  kernel_val_3_V_4_read  |    scalar    |
|kernel_val_3_V_5_read    |  in |   32|   ap_none  |  kernel_val_3_V_5_read  |    scalar    |
|kernel_val_3_V_6_read    |  in |   32|   ap_none  |  kernel_val_3_V_6_read  |    scalar    |
|kernel_val_3_V_7_read    |  in |   32|   ap_none  |  kernel_val_3_V_7_read  |    scalar    |
|kernel_val_3_V_8_read    |  in |   32|   ap_none  |  kernel_val_3_V_8_read  |    scalar    |
|kernel_val_3_V_9_read    |  in |   32|   ap_none  |  kernel_val_3_V_9_read  |    scalar    |
|kernel_val_3_V_10_read   |  in |   32|   ap_none  |  kernel_val_3_V_10_read |    scalar    |
|kernel_val_3_V_11_read   |  in |   32|   ap_none  |  kernel_val_3_V_11_read |    scalar    |
|kernel_val_3_V_12_read   |  in |   32|   ap_none  |  kernel_val_3_V_12_read |    scalar    |
|kernel_val_3_V_13_read   |  in |   32|   ap_none  |  kernel_val_3_V_13_read |    scalar    |
|kernel_val_3_V_14_read   |  in |   32|   ap_none  |  kernel_val_3_V_14_read |    scalar    |
|kernel_val_4_V_0_read    |  in |   32|   ap_none  |  kernel_val_4_V_0_read  |    scalar    |
|kernel_val_4_V_1_read    |  in |   32|   ap_none  |  kernel_val_4_V_1_read  |    scalar    |
|kernel_val_4_V_2_read    |  in |   32|   ap_none  |  kernel_val_4_V_2_read  |    scalar    |
|kernel_val_4_V_3_read    |  in |   32|   ap_none  |  kernel_val_4_V_3_read  |    scalar    |
|kernel_val_4_V_4_read    |  in |   32|   ap_none  |  kernel_val_4_V_4_read  |    scalar    |
|kernel_val_4_V_5_read    |  in |   32|   ap_none  |  kernel_val_4_V_5_read  |    scalar    |
|kernel_val_4_V_6_read    |  in |   32|   ap_none  |  kernel_val_4_V_6_read  |    scalar    |
|kernel_val_4_V_7_read    |  in |   32|   ap_none  |  kernel_val_4_V_7_read  |    scalar    |
|kernel_val_4_V_8_read    |  in |   32|   ap_none  |  kernel_val_4_V_8_read  |    scalar    |
|kernel_val_4_V_9_read    |  in |   32|   ap_none  |  kernel_val_4_V_9_read  |    scalar    |
|kernel_val_4_V_10_read   |  in |   32|   ap_none  |  kernel_val_4_V_10_read |    scalar    |
|kernel_val_4_V_11_read   |  in |   32|   ap_none  |  kernel_val_4_V_11_read |    scalar    |
|kernel_val_4_V_12_read   |  in |   32|   ap_none  |  kernel_val_4_V_12_read |    scalar    |
|kernel_val_4_V_13_read   |  in |   32|   ap_none  |  kernel_val_4_V_13_read |    scalar    |
|kernel_val_4_V_14_read   |  in |   32|   ap_none  |  kernel_val_4_V_14_read |    scalar    |
|kernel_val_5_V_0_read    |  in |   32|   ap_none  |  kernel_val_5_V_0_read  |    scalar    |
|kernel_val_5_V_1_read    |  in |   32|   ap_none  |  kernel_val_5_V_1_read  |    scalar    |
|kernel_val_5_V_2_read    |  in |   32|   ap_none  |  kernel_val_5_V_2_read  |    scalar    |
|kernel_val_5_V_3_read    |  in |   32|   ap_none  |  kernel_val_5_V_3_read  |    scalar    |
|kernel_val_5_V_4_read    |  in |   32|   ap_none  |  kernel_val_5_V_4_read  |    scalar    |
|kernel_val_5_V_5_read    |  in |   32|   ap_none  |  kernel_val_5_V_5_read  |    scalar    |
|kernel_val_5_V_6_read    |  in |   32|   ap_none  |  kernel_val_5_V_6_read  |    scalar    |
|kernel_val_5_V_7_read    |  in |   32|   ap_none  |  kernel_val_5_V_7_read  |    scalar    |
|kernel_val_5_V_8_read    |  in |   32|   ap_none  |  kernel_val_5_V_8_read  |    scalar    |
|kernel_val_5_V_9_read    |  in |   32|   ap_none  |  kernel_val_5_V_9_read  |    scalar    |
|kernel_val_5_V_10_read   |  in |   32|   ap_none  |  kernel_val_5_V_10_read |    scalar    |
|kernel_val_5_V_11_read   |  in |   32|   ap_none  |  kernel_val_5_V_11_read |    scalar    |
|kernel_val_5_V_12_read   |  in |   32|   ap_none  |  kernel_val_5_V_12_read |    scalar    |
|kernel_val_5_V_13_read   |  in |   32|   ap_none  |  kernel_val_5_V_13_read |    scalar    |
|kernel_val_5_V_14_read   |  in |   32|   ap_none  |  kernel_val_5_V_14_read |    scalar    |
|kernel_val_6_V_0_read    |  in |   32|   ap_none  |  kernel_val_6_V_0_read  |    scalar    |
|kernel_val_6_V_1_read    |  in |   32|   ap_none  |  kernel_val_6_V_1_read  |    scalar    |
|kernel_val_6_V_2_read    |  in |   32|   ap_none  |  kernel_val_6_V_2_read  |    scalar    |
|kernel_val_6_V_3_read    |  in |   32|   ap_none  |  kernel_val_6_V_3_read  |    scalar    |
|kernel_val_6_V_4_read    |  in |   32|   ap_none  |  kernel_val_6_V_4_read  |    scalar    |
|kernel_val_6_V_5_read    |  in |   32|   ap_none  |  kernel_val_6_V_5_read  |    scalar    |
|kernel_val_6_V_6_read    |  in |   32|   ap_none  |  kernel_val_6_V_6_read  |    scalar    |
|kernel_val_6_V_7_read    |  in |   32|   ap_none  |  kernel_val_6_V_7_read  |    scalar    |
|kernel_val_6_V_8_read    |  in |   32|   ap_none  |  kernel_val_6_V_8_read  |    scalar    |
|kernel_val_6_V_9_read    |  in |   32|   ap_none  |  kernel_val_6_V_9_read  |    scalar    |
|kernel_val_6_V_10_read   |  in |   32|   ap_none  |  kernel_val_6_V_10_read |    scalar    |
|kernel_val_6_V_11_read   |  in |   32|   ap_none  |  kernel_val_6_V_11_read |    scalar    |
|kernel_val_6_V_12_read   |  in |   32|   ap_none  |  kernel_val_6_V_12_read |    scalar    |
|kernel_val_6_V_13_read   |  in |   32|   ap_none  |  kernel_val_6_V_13_read |    scalar    |
|kernel_val_6_V_14_read   |  in |   32|   ap_none  |  kernel_val_6_V_14_read |    scalar    |
|kernel_val_7_V_0_read    |  in |   32|   ap_none  |  kernel_val_7_V_0_read  |    scalar    |
|kernel_val_7_V_1_read    |  in |   32|   ap_none  |  kernel_val_7_V_1_read  |    scalar    |
|kernel_val_7_V_2_read    |  in |   32|   ap_none  |  kernel_val_7_V_2_read  |    scalar    |
|kernel_val_7_V_3_read    |  in |   32|   ap_none  |  kernel_val_7_V_3_read  |    scalar    |
|kernel_val_7_V_4_read    |  in |   32|   ap_none  |  kernel_val_7_V_4_read  |    scalar    |
|kernel_val_7_V_5_read    |  in |   32|   ap_none  |  kernel_val_7_V_5_read  |    scalar    |
|kernel_val_7_V_6_read    |  in |   32|   ap_none  |  kernel_val_7_V_6_read  |    scalar    |
|kernel_val_7_V_7_read    |  in |   32|   ap_none  |  kernel_val_7_V_7_read  |    scalar    |
|kernel_val_7_V_8_read    |  in |   32|   ap_none  |  kernel_val_7_V_8_read  |    scalar    |
|kernel_val_7_V_9_read    |  in |   32|   ap_none  |  kernel_val_7_V_9_read  |    scalar    |
|kernel_val_7_V_10_read   |  in |   32|   ap_none  |  kernel_val_7_V_10_read |    scalar    |
|kernel_val_7_V_11_read   |  in |   32|   ap_none  |  kernel_val_7_V_11_read |    scalar    |
|kernel_val_7_V_12_read   |  in |   32|   ap_none  |  kernel_val_7_V_12_read |    scalar    |
|kernel_val_7_V_13_read   |  in |   32|   ap_none  |  kernel_val_7_V_13_read |    scalar    |
|kernel_val_7_V_14_read   |  in |   32|   ap_none  |  kernel_val_7_V_14_read |    scalar    |
|kernel_val_8_V_0_read    |  in |   32|   ap_none  |  kernel_val_8_V_0_read  |    scalar    |
|kernel_val_8_V_1_read    |  in |   32|   ap_none  |  kernel_val_8_V_1_read  |    scalar    |
|kernel_val_8_V_2_read    |  in |   32|   ap_none  |  kernel_val_8_V_2_read  |    scalar    |
|kernel_val_8_V_3_read    |  in |   32|   ap_none  |  kernel_val_8_V_3_read  |    scalar    |
|kernel_val_8_V_4_read    |  in |   32|   ap_none  |  kernel_val_8_V_4_read  |    scalar    |
|kernel_val_8_V_5_read    |  in |   32|   ap_none  |  kernel_val_8_V_5_read  |    scalar    |
|kernel_val_8_V_6_read    |  in |   32|   ap_none  |  kernel_val_8_V_6_read  |    scalar    |
|kernel_val_8_V_7_read    |  in |   32|   ap_none  |  kernel_val_8_V_7_read  |    scalar    |
|kernel_val_8_V_8_read    |  in |   32|   ap_none  |  kernel_val_8_V_8_read  |    scalar    |
|kernel_val_8_V_9_read    |  in |   32|   ap_none  |  kernel_val_8_V_9_read  |    scalar    |
|kernel_val_8_V_10_read   |  in |   32|   ap_none  |  kernel_val_8_V_10_read |    scalar    |
|kernel_val_8_V_11_read   |  in |   32|   ap_none  |  kernel_val_8_V_11_read |    scalar    |
|kernel_val_8_V_12_read   |  in |   32|   ap_none  |  kernel_val_8_V_12_read |    scalar    |
|kernel_val_8_V_13_read   |  in |   32|   ap_none  |  kernel_val_8_V_13_read |    scalar    |
|kernel_val_8_V_14_read   |  in |   32|   ap_none  |  kernel_val_8_V_14_read |    scalar    |
|kernel_val_9_V_0_read    |  in |   32|   ap_none  |  kernel_val_9_V_0_read  |    scalar    |
|kernel_val_9_V_1_read    |  in |   32|   ap_none  |  kernel_val_9_V_1_read  |    scalar    |
|kernel_val_9_V_2_read    |  in |   32|   ap_none  |  kernel_val_9_V_2_read  |    scalar    |
|kernel_val_9_V_3_read    |  in |   32|   ap_none  |  kernel_val_9_V_3_read  |    scalar    |
|kernel_val_9_V_4_read    |  in |   32|   ap_none  |  kernel_val_9_V_4_read  |    scalar    |
|kernel_val_9_V_5_read    |  in |   32|   ap_none  |  kernel_val_9_V_5_read  |    scalar    |
|kernel_val_9_V_6_read    |  in |   32|   ap_none  |  kernel_val_9_V_6_read  |    scalar    |
|kernel_val_9_V_7_read    |  in |   32|   ap_none  |  kernel_val_9_V_7_read  |    scalar    |
|kernel_val_9_V_8_read    |  in |   32|   ap_none  |  kernel_val_9_V_8_read  |    scalar    |
|kernel_val_9_V_9_read    |  in |   32|   ap_none  |  kernel_val_9_V_9_read  |    scalar    |
|kernel_val_9_V_10_read   |  in |   32|   ap_none  |  kernel_val_9_V_10_read |    scalar    |
|kernel_val_9_V_11_read   |  in |   32|   ap_none  |  kernel_val_9_V_11_read |    scalar    |
|kernel_val_9_V_12_read   |  in |   32|   ap_none  |  kernel_val_9_V_12_read |    scalar    |
|kernel_val_9_V_13_read   |  in |   32|   ap_none  |  kernel_val_9_V_13_read |    scalar    |
|kernel_val_9_V_14_read   |  in |   32|   ap_none  |  kernel_val_9_V_14_read |    scalar    |
|kernel_val_10_V_0_read   |  in |   32|   ap_none  |  kernel_val_10_V_0_read |    scalar    |
|kernel_val_10_V_1_read   |  in |   32|   ap_none  |  kernel_val_10_V_1_read |    scalar    |
|kernel_val_10_V_2_read   |  in |   32|   ap_none  |  kernel_val_10_V_2_read |    scalar    |
|kernel_val_10_V_3_read   |  in |   32|   ap_none  |  kernel_val_10_V_3_read |    scalar    |
|kernel_val_10_V_4_read   |  in |   32|   ap_none  |  kernel_val_10_V_4_read |    scalar    |
|kernel_val_10_V_5_read   |  in |   32|   ap_none  |  kernel_val_10_V_5_read |    scalar    |
|kernel_val_10_V_6_read   |  in |   32|   ap_none  |  kernel_val_10_V_6_read |    scalar    |
|kernel_val_10_V_7_read   |  in |   32|   ap_none  |  kernel_val_10_V_7_read |    scalar    |
|kernel_val_10_V_8_read   |  in |   32|   ap_none  |  kernel_val_10_V_8_read |    scalar    |
|kernel_val_10_V_9_read   |  in |   32|   ap_none  |  kernel_val_10_V_9_read |    scalar    |
|kernel_val_10_V_10_read  |  in |   32|   ap_none  | kernel_val_10_V_10_read |    scalar    |
|kernel_val_10_V_11_read  |  in |   32|   ap_none  | kernel_val_10_V_11_read |    scalar    |
|kernel_val_10_V_12_read  |  in |   32|   ap_none  | kernel_val_10_V_12_read |    scalar    |
|kernel_val_10_V_13_read  |  in |   32|   ap_none  | kernel_val_10_V_13_read |    scalar    |
|kernel_val_10_V_14_read  |  in |   32|   ap_none  | kernel_val_10_V_14_read |    scalar    |
|kernel_val_11_V_0_read   |  in |   32|   ap_none  |  kernel_val_11_V_0_read |    scalar    |
|kernel_val_11_V_1_read   |  in |   32|   ap_none  |  kernel_val_11_V_1_read |    scalar    |
|kernel_val_11_V_2_read   |  in |   32|   ap_none  |  kernel_val_11_V_2_read |    scalar    |
|kernel_val_11_V_3_read   |  in |   32|   ap_none  |  kernel_val_11_V_3_read |    scalar    |
|kernel_val_11_V_4_read   |  in |   32|   ap_none  |  kernel_val_11_V_4_read |    scalar    |
|kernel_val_11_V_5_read   |  in |   32|   ap_none  |  kernel_val_11_V_5_read |    scalar    |
|kernel_val_11_V_6_read   |  in |   32|   ap_none  |  kernel_val_11_V_6_read |    scalar    |
|kernel_val_11_V_7_read   |  in |   32|   ap_none  |  kernel_val_11_V_7_read |    scalar    |
|kernel_val_11_V_8_read   |  in |   32|   ap_none  |  kernel_val_11_V_8_read |    scalar    |
|kernel_val_11_V_9_read   |  in |   32|   ap_none  |  kernel_val_11_V_9_read |    scalar    |
|kernel_val_11_V_10_read  |  in |   32|   ap_none  | kernel_val_11_V_10_read |    scalar    |
|kernel_val_11_V_11_read  |  in |   32|   ap_none  | kernel_val_11_V_11_read |    scalar    |
|kernel_val_11_V_12_read  |  in |   32|   ap_none  | kernel_val_11_V_12_read |    scalar    |
|kernel_val_11_V_13_read  |  in |   32|   ap_none  | kernel_val_11_V_13_read |    scalar    |
|kernel_val_11_V_14_read  |  in |   32|   ap_none  | kernel_val_11_V_14_read |    scalar    |
|kernel_val_12_V_0_read   |  in |   32|   ap_none  |  kernel_val_12_V_0_read |    scalar    |
|kernel_val_12_V_1_read   |  in |   32|   ap_none  |  kernel_val_12_V_1_read |    scalar    |
|kernel_val_12_V_2_read   |  in |   32|   ap_none  |  kernel_val_12_V_2_read |    scalar    |
|kernel_val_12_V_3_read   |  in |   32|   ap_none  |  kernel_val_12_V_3_read |    scalar    |
|kernel_val_12_V_4_read   |  in |   32|   ap_none  |  kernel_val_12_V_4_read |    scalar    |
|kernel_val_12_V_5_read   |  in |   32|   ap_none  |  kernel_val_12_V_5_read |    scalar    |
|kernel_val_12_V_6_read   |  in |   32|   ap_none  |  kernel_val_12_V_6_read |    scalar    |
|kernel_val_12_V_7_read   |  in |   32|   ap_none  |  kernel_val_12_V_7_read |    scalar    |
|kernel_val_12_V_8_read   |  in |   32|   ap_none  |  kernel_val_12_V_8_read |    scalar    |
|kernel_val_12_V_9_read   |  in |   32|   ap_none  |  kernel_val_12_V_9_read |    scalar    |
|kernel_val_12_V_10_read  |  in |   32|   ap_none  | kernel_val_12_V_10_read |    scalar    |
|kernel_val_12_V_11_read  |  in |   32|   ap_none  | kernel_val_12_V_11_read |    scalar    |
|kernel_val_12_V_12_read  |  in |   32|   ap_none  | kernel_val_12_V_12_read |    scalar    |
|kernel_val_12_V_13_read  |  in |   32|   ap_none  | kernel_val_12_V_13_read |    scalar    |
|kernel_val_12_V_14_read  |  in |   32|   ap_none  | kernel_val_12_V_14_read |    scalar    |
|kernel_val_13_V_0_read   |  in |   32|   ap_none  |  kernel_val_13_V_0_read |    scalar    |
|kernel_val_13_V_1_read   |  in |   32|   ap_none  |  kernel_val_13_V_1_read |    scalar    |
|kernel_val_13_V_2_read   |  in |   32|   ap_none  |  kernel_val_13_V_2_read |    scalar    |
|kernel_val_13_V_3_read   |  in |   32|   ap_none  |  kernel_val_13_V_3_read |    scalar    |
|kernel_val_13_V_4_read   |  in |   32|   ap_none  |  kernel_val_13_V_4_read |    scalar    |
|kernel_val_13_V_5_read   |  in |   32|   ap_none  |  kernel_val_13_V_5_read |    scalar    |
|kernel_val_13_V_6_read   |  in |   32|   ap_none  |  kernel_val_13_V_6_read |    scalar    |
|kernel_val_13_V_7_read   |  in |   32|   ap_none  |  kernel_val_13_V_7_read |    scalar    |
|kernel_val_13_V_8_read   |  in |   32|   ap_none  |  kernel_val_13_V_8_read |    scalar    |
|kernel_val_13_V_9_read   |  in |   32|   ap_none  |  kernel_val_13_V_9_read |    scalar    |
|kernel_val_13_V_10_read  |  in |   32|   ap_none  | kernel_val_13_V_10_read |    scalar    |
|kernel_val_13_V_11_read  |  in |   32|   ap_none  | kernel_val_13_V_11_read |    scalar    |
|kernel_val_13_V_12_read  |  in |   32|   ap_none  | kernel_val_13_V_12_read |    scalar    |
|kernel_val_13_V_13_read  |  in |   32|   ap_none  | kernel_val_13_V_13_read |    scalar    |
|kernel_val_13_V_14_read  |  in |   32|   ap_none  | kernel_val_13_V_14_read |    scalar    |
|kernel_val_14_V_0_read   |  in |   32|   ap_none  |  kernel_val_14_V_0_read |    scalar    |
|kernel_val_14_V_1_read   |  in |   32|   ap_none  |  kernel_val_14_V_1_read |    scalar    |
|kernel_val_14_V_2_read   |  in |   32|   ap_none  |  kernel_val_14_V_2_read |    scalar    |
|kernel_val_14_V_3_read   |  in |   32|   ap_none  |  kernel_val_14_V_3_read |    scalar    |
|kernel_val_14_V_4_read   |  in |   32|   ap_none  |  kernel_val_14_V_4_read |    scalar    |
|kernel_val_14_V_5_read   |  in |   32|   ap_none  |  kernel_val_14_V_5_read |    scalar    |
|kernel_val_14_V_6_read   |  in |   32|   ap_none  |  kernel_val_14_V_6_read |    scalar    |
|kernel_val_14_V_7_read   |  in |   32|   ap_none  |  kernel_val_14_V_7_read |    scalar    |
|kernel_val_14_V_8_read   |  in |   32|   ap_none  |  kernel_val_14_V_8_read |    scalar    |
|kernel_val_14_V_9_read   |  in |   32|   ap_none  |  kernel_val_14_V_9_read |    scalar    |
|kernel_val_14_V_10_read  |  in |   32|   ap_none  | kernel_val_14_V_10_read |    scalar    |
|kernel_val_14_V_11_read  |  in |   32|   ap_none  | kernel_val_14_V_11_read |    scalar    |
|kernel_val_14_V_12_read  |  in |   32|   ap_none  | kernel_val_14_V_12_read |    scalar    |
|kernel_val_14_V_13_read  |  in |   32|   ap_none  | kernel_val_14_V_13_read |    scalar    |
|kernel_val_14_V_14_read  |  in |   32|   ap_none  | kernel_val_14_V_14_read |    scalar    |
|dst_val_V_address0       | out |   16|  ap_memory |        dst_val_V        |     array    |
|dst_val_V_ce0            | out |    1|  ap_memory |        dst_val_V        |     array    |
|dst_val_V_we0            | out |    1|  ap_memory |        dst_val_V        |     array    |
|dst_val_V_d0             | out |   32|  ap_memory |        dst_val_V        |     array    |
+-------------------------+-----+-----+------------+-------------------------+--------------+

