

================================================================
== Vivado HLS Report for 'pow_generic_float_s'
================================================================
* Date:           Wed Dec  5 18:33:30 2018

* Version:        2018.2 (Build 2258646 on Thu Jun 14 20:25:20 MDT 2018)
* Project:        SIFT
* Solution:       solution1
* Product family: virtex7
* Target device:  xc7vx690tffg1761-3


================================================================
== Performance Estimates
================================================================
+ Timing (ns): 
    * Summary: 
    +--------+-------+----------+------------+
    |  Clock | Target| Estimated| Uncertainty|
    +--------+-------+----------+------------+
    |ap_clk  |  10.00|     8.494|        1.25|
    +--------+-------+----------+------------+

+ Latency (clock cycles): 
    * Summary: 
    +-----+-----+-----+-----+----------+
    |  Latency  |  Interval | Pipeline |
    | min | max | min | max |   Type   |
    +-----+-----+-----+-----+----------+
    |   11|   11|    1|    1| function |
    +-----+-----+-----+-----+----------+

    + Detail: 
        * Instance: 
        N/A

        * Loop: 
        N/A



================================================================
== Utilization Estimates
================================================================
* Summary: 
+-----------------+---------+-------+--------+--------+
|       Name      | BRAM_18K| DSP48E|   FF   |   LUT  |
+-----------------+---------+-------+--------+--------+
|DSP              |        -|      2|       -|       -|
|Expression       |        -|     34|       0|    3475|
|FIFO             |        -|      -|       -|       -|
|Instance         |        -|      -|       -|       -|
|Memory           |        7|      -|      66|      23|
|Multiplexer      |        -|      -|       -|       -|
|Register         |        2|      -|    1892|     545|
+-----------------+---------+-------+--------+--------+
|Total            |        9|     36|    1958|    4043|
+-----------------+---------+-------+--------+--------+
|Available        |     2940|   3600|  866400|  433200|
+-----------------+---------+-------+--------+--------+
|Utilization (%)  |    ~0   |      1|   ~0   |   ~0   |
+-----------------+---------+-------+--------+--------+

+ Detail: 
    * Instance: 
    N/A

    * DSP48: 
    +---------------------------+----------------------+--------------+
    |          Instance         |        Module        |  Expression  |
    +---------------------------+----------------------+--------------+
    |SIFT2_Core_mac_muFfa_U455  |SIFT2_Core_mac_muFfa  | i0 + i1 * i2 |
    |SIFT2_Core_mul_muGfk_U456  |SIFT2_Core_mul_muGfk  |    i0 * i1   |
    +---------------------------+----------------------+--------------+

    * Memory: 
    +-------------------------+----------------------+---------+----+----+------+-----+------+-------------+
    |          Memory         |        Module        | BRAM_18K| FF | LUT| Words| Bits| Banks| W*Bits*Banks|
    +-------------------------+----------------------+---------+----+----+------+-----+------+-------------+
    |pow_reduce_anonymo_9_U   |pow_generic_floatAem  |        0|  52|  13|    16|   52|     1|          832|
    |pow_reduce_anonymo_10_U  |pow_generic_floatBew  |        2|   0|   0|    64|   49|     1|         3136|
    |pow_reduce_anonymo_8_U   |pow_generic_floatCeG  |        2|   0|   0|    64|   44|     1|         2816|
    |pow_reduce_anonymo_11_U  |pow_generic_floatDeQ  |        1|   0|   0|   512|   27|     1|        13824|
    |pow_reduce_anonymo_U     |pow_generic_floatEe0  |        0|   8|   4|    32|    8|     1|          256|
    |pow_reduce_anonymo_7_U   |pow_generic_floatyd2  |        0|   6|   6|    64|    6|     1|          384|
    |pow_reduce_anonymo_6_U   |pow_generic_floatzec  |        2|   0|   0|    64|   56|     1|         3584|
    +-------------------------+----------------------+---------+----+----+------+-----+------+-------------+
    |Total                    |                      |        7|  66|  23|   816|  242|     7|        24832|
    +-------------------------+----------------------+---------+----+----+------+-----+------+-------------+

    * FIFO: 
    N/A

    * Expression: 
    +-------------------------------+----------+-------+---+-----+------------+------------+
    |         Variable Name         | Operation| DSP48E| FF| LUT | Bitwidth P0| Bitwidth P1|
    +-------------------------------+----------+-------+---+-----+------------+------------+
    |p_Val2_10_fu_1488_p2           |     *    |      6|  0|   23|          25|          43|
    |p_Val2_15_fu_1698_p2           |     *    |      4|  0|   25|          36|          10|
    |p_Val2_26_fu_580_p2            |     *    |      4|  0|   28|           4|          39|
    |p_Val2_2_fu_484_p2             |     *    |      1|  0|   47|           6|          25|
    |p_Val2_31_fu_663_p2            |     *    |      6|  0|   29|           6|          41|
    |p_Val2_36_fu_817_p2            |     *    |      6|  0|   20|           6|          44|
    |p_Val2_3_fu_872_p2             |     *    |      6|  0|   20|          44|           9|
    |r_V_fu_918_p2                  |     *    |      1|  0|   33|          23|          23|
    |b_exp_1_fu_762_p2              |     +    |      0|  0|   16|           8|           9|
    |b_exp_fu_724_p2                |     +    |      0|  0|   16|           8|           9|
    |log_sum_V_1_fu_905_p2          |     +    |      0|  0|    8|          56|          56|
    |m_exp_fu_1016_p2               |     +    |      0|  0|   16|           8|           9|
    |out_exp_V_fu_1970_p2           |     +    |      0|  0|   15|           7|           8|
    |p_Val2_18_fu_1826_p2           |     +    |      0|  0|   35|           3|          28|
    |p_Val2_20_cast2_fu_1879_p2     |     +    |      0|  0|   50|          43|          43|
    |p_Val2_20_cast_fu_1885_p2      |     +    |      0|  0|   51|          44|          44|
    |p_Val2_20_fu_1873_p2           |     +    |      0|  0|   52|          45|          45|
    |p_Val2_21_fu_560_p2            |     +    |      0|  0|   52|          45|          45|
    |p_Val2_22_fu_981_p2            |     +    |      0|  0|   73|          66|          66|
    |p_Val2_23_fu_1442_p2           |     +    |      0|  0|   74|          67|          67|
    |p_Val2_30_fu_651_p2            |     +    |      0|  0|   57|          50|          50|
    |p_Val2_35_fu_805_p2            |     +    |      0|  0|   70|          63|          63|
    |p_Val2_39_fu_1768_p2           |     +    |      0|  0|   26|          19|          19|
    |r_exp_V_fu_1899_p2             |     +    |      0|  0|   17|           2|          10|
    |ret_V_5_fu_1673_p2             |     +    |      0|  0|   17|           1|          10|
    |tmp57_fu_890_p2                |     +    |      0|  0|    8|          56|          56|
    |tmp58_fu_895_p2                |     +    |      0|  0|   57|          50|          50|
    |tmp_131_fu_1113_p2             |     +    |      0|  0|   15|           1|           5|
    |bvh_d_index_fu_1270_p2         |     -    |      0|  0|   16|           8|           9|
    |p_Val2_17_fu_1721_p2           |     -    |      0|  0|   44|          37|          37|
    |p_Val2_27_fu_593_p2            |     -    |      0|  0|   53|          46|          46|
    |p_Val2_32_fu_685_p2            |     -    |      0|  0|   58|          51|          51|
    |p_Val2_37_fu_839_p2            |     -    |      0|  0|   71|          64|          64|
    |p_Val2_8_fu_949_p2             |     -    |      0|  0|   71|          64|          64|
    |p_Val2_s_195_fu_1466_p2        |     -    |      0|  0|   32|           1|          25|
    |sh_assign_3_fu_1502_p2         |     -    |      0|  0|   15|           7|           8|
    |ap_block_pp0_stage0_11001      |    and   |      0|  0|    2|           1|           1|
    |p_Result_74_fu_1129_p2         |    and   |      0|  0|   23|          23|          23|
    |r_sign_fu_1318_p2              |    and   |      0|  0|    2|           1|           1|
    |sel_tmp20_fu_2009_p2           |    and   |      0|  0|    2|           1|           1|
    |sel_tmp21_fu_2014_p2           |    and   |      0|  0|    2|           1|           1|
    |sel_tmp26_fu_2032_p2           |    and   |      0|  0|    2|           1|           1|
    |sel_tmp28_fu_2043_p2           |    and   |      0|  0|    2|           1|           1|
    |sel_tmp34_fu_2057_p2           |    and   |      0|  0|    2|           1|           1|
    |sel_tmp36_fu_2067_p2           |    and   |      0|  0|    2|           1|           1|
    |sel_tmp43_fu_2081_p2           |    and   |      0|  0|    2|           1|           1|
    |sel_tmp46_fu_2091_p2           |    and   |      0|  0|    2|           1|           1|
    |sel_tmp48_fu_2101_p2           |    and   |      0|  0|    2|           1|           1|
    |sel_tmp50_fu_2119_p2           |    and   |      0|  0|    2|           1|           1|
    |sel_tmp63_fu_2138_p2           |    and   |      0|  0|    2|           1|           1|
    |sel_tmp6_fu_1306_p2            |    and   |      0|  0|    2|           1|           1|
    |sel_tmp71_fu_2158_p2           |    and   |      0|  0|    2|           1|           1|
    |sel_tmp74_fu_2186_p2           |    and   |      0|  0|    2|           1|           1|
    |tmp38_fu_1179_p2               |    and   |      0|  0|    2|           1|           1|
    |tmp40_fu_1191_p2               |    and   |      0|  0|    2|           1|           1|
    |tmp42_fu_1294_p2               |    and   |      0|  0|    2|           1|           1|
    |tmp43_fu_1300_p2               |    and   |      0|  0|    2|           1|           1|
    |tmp94_fu_2113_p2               |    and   |      0|  0|    2|           1|           1|
    |tmp95_fu_2133_p2               |    and   |      0|  0|    2|           1|           1|
    |tmp96_fu_2180_p2               |    and   |      0|  0|    2|           1|           1|
    |tmp_1691_i1_fu_1078_p2         |    and   |      0|  0|    2|           1|           1|
    |tmp_1691_i_fu_1072_p2          |    and   |      0|  0|    2|           1|           1|
    |tmp_1692_i1_fu_1082_p2         |    and   |      0|  0|    2|           1|           1|
    |tmp_1692_i_fu_1060_p2          |    and   |      0|  0|    2|           1|           1|
    |tmp_37_fu_1155_p2              |    and   |      0|  0|    2|           1|           1|
    |tmp_48_fu_1197_p2              |    and   |      0|  0|    2|           1|           1|
    |tmp_58_fu_1324_p2              |    and   |      0|  0|    2|           1|           1|
    |tmp_61_fu_1330_p2              |    and   |      0|  0|    2|           1|           1|
    |tmp_63_fu_1335_p2              |    and   |      0|  0|    2|           1|           1|
    |tmp_64_fu_1340_p2              |    and   |      0|  0|    2|           1|           1|
    |tmp_67_fu_1378_p2              |    and   |      0|  0|    2|           1|           1|
    |tmp_68_fu_1383_p2              |    and   |      0|  0|    2|           1|           1|
    |tmp_69_fu_1389_p2              |    and   |      0|  0|    2|           1|           1|
    |tmp_70_fu_1394_p2              |    and   |      0|  0|    2|           1|           1|
    |x_is_1_fu_1028_p2              |    and   |      0|  0|    2|           1|           1|
    |x_is_n1_fu_1043_p2             |    and   |      0|  0|    2|           1|           1|
    |x_is_p1_fu_1037_p2             |    and   |      0|  0|    2|           1|           1|
    |y_is_ninf_fu_1241_p2           |    and   |      0|  0|    2|           1|           1|
    |y_is_pinf_fu_1235_p2           |    and   |      0|  0|    2|           1|           1|
    |p_Val2_25_fu_1584_p2           |   ashr   |      0|  0|  195|          67|          67|
    |tmp_87_fu_1529_p2              |   ashr   |      0|  0|  195|          67|          67|
    |tmp_92_fu_1560_p2              |   ashr   |      0|  0|  191|          66|          66|
    |icmp_fu_1921_p2                |   icmp   |      0|  0|    9|           3|           1|
    |phitmp_fu_1135_p2              |   icmp   |      0|  0|   18|          23|           1|
    |tmp_115_fu_1629_p2             |   icmp   |      0|  0|   50|          67|          67|
    |tmp_116_fu_1932_p2             |   icmp   |      0|  0|   13|          10|           8|
    |tmp_27_fu_443_p2               |   icmp   |      0|  0|   18|          23|           1|
    |tmp_31_fu_741_p2               |   icmp   |      0|  0|   11|           8|           1|
    |tmp_39_fu_1185_p2              |   icmp   |      0|  0|   13|           9|           5|
    |tmp_50_fu_1223_p2              |   icmp   |      0|  0|   18|          32|           1|
    |tmp_52_fu_1252_p2              |   icmp   |      0|  0|   13|           9|           1|
    |tmp_54_fu_1258_p2              |   icmp   |      0|  0|   13|           9|           1|
    |tmp_55_fu_1264_p2              |   icmp   |      0|  0|   13|           9|           5|
    |tmp_66_fu_1372_p2              |   icmp   |      0|  0|   18|          32|           1|
    |tmp_73_fu_1426_p2              |   icmp   |      0|  0|   18|          32|           1|
    |tmp_98_fu_1667_p2              |   icmp   |      0|  0|   13|          15|           1|
    |tmp_fu_1022_p2                 |   icmp   |      0|  0|   11|           8|           1|
    |tmp_i1_194_fu_736_p2           |   icmp   |      0|  0|   11|           8|           2|
    |tmp_i1_fu_1066_p2              |   icmp   |      0|  0|   18|          23|           1|
    |tmp_i2_fu_448_p2               |   icmp   |      0|  0|   18|          23|           1|
    |tmp_i_193_fu_1054_p2           |   icmp   |      0|  0|   18|          23|           1|
    |tmp_i_fu_1048_p2               |   icmp   |      0|  0|   11|           8|           2|
    |tmp_s_fu_730_p2                |   icmp   |      0|  0|   13|           9|           1|
    |tmp_133_fu_1123_p2             |   lshr   |      0|  0|   62|           2|          23|
    |ap_block_pp0_stage0_subdone    |    or    |      0|  0|    2|           1|           1|
    |or_cond1_fu_1927_p2            |    or    |      0|  0|    2|           1|           1|
    |sel_tmp17_demorgan_fu_1992_p2  |    or    |      0|  0|    2|           1|           1|
    |sel_tmp49_fu_2107_p2           |    or    |      0|  0|    2|           1|           1|
    |sel_tmp73_fu_2174_p2           |    or    |      0|  0|    2|           1|           1|
    |sel_tmp76_demorgan_fu_2163_p2  |    or    |      0|  0|    2|           1|           1|
    |tmp35_fu_1086_p2               |    or    |      0|  0|    2|           1|           1|
    |tmp36_fu_1149_p2               |    or    |      0|  0|    2|           1|           1|
    |tmp37_fu_1161_p2               |    or    |      0|  0|    2|           1|           1|
    |tmp41_fu_1203_p2               |    or    |      0|  0|    2|           1|           1|
    |tmp47_fu_1346_p2               |    or    |      0|  0|    2|           1|           1|
    |tmp48_fu_1352_p2               |    or    |      0|  0|    2|           1|           1|
    |tmp54_fu_1400_p2               |    or    |      0|  0|    2|           1|           1|
    |tmp55_fu_1406_p2               |    or    |      0|  0|    2|           1|           1|
    |tmp_38_fu_1167_p2              |    or    |      0|  0|    2|           1|           1|
    |tmp_53_fu_1358_p2              |    or    |      0|  0|    2|           1|           1|
    |tmp_62_fu_1209_p2              |    or    |      0|  0|    2|           1|           1|
    |tmp_71_fu_1412_p2              |    or    |      0|  0|    2|           1|           1|
    |x_is_neg_demorgan_fu_1092_p2   |    or    |      0|  0|    2|           1|           1|
    |y_is_odd_1_fu_1312_p2          |    or    |      0|  0|    2|           1|           1|
    |b_exp_2_fu_768_p3              |  select  |      0|  0|    9|           1|           9|
    |loc_V_7_fu_1958_p3             |  select  |      0|  0|   23|           1|          23|
    |m_fix_back_V_fu_1566_p3        |  select  |      0|  0|   66|           1|          66|
    |p_1_in_fu_2192_p3              |  select  |      0|  0|   32|           1|          32|
    |p_Val2_11_fu_1539_p3           |  select  |      0|  0|   67|           1|          67|
    |p_Val2_24_fu_1472_p3           |  select  |      0|  0|   25|           1|          25|
    |p_Val2_39_in_in_fu_1589_p3     |  select  |      0|  0|   67|           1|          67|
    |p_Val2_7_fu_536_p3             |  select  |      0|  0|   44|           1|          44|
    |p_s_fu_1679_p3                 |  select  |      0|  0|   10|           1|          10|
    |r_exp_V_2_fu_1904_p3           |  select  |      0|  0|   10|           1|          10|
    |r_exp_V_3_fu_1687_p3           |  select  |      0|  0|   10|           1|          10|
    |sel_tmp14_fu_1985_p3           |  select  |      0|  0|   32|           1|          30|
    |sel_tmp18_fu_1996_p3           |  select  |      0|  0|   32|           1|          32|
    |sel_tmp22_fu_2019_p3           |  select  |      0|  0|   32|           1|          32|
    |sel_tmp29_fu_2049_p3           |  select  |      0|  0|   32|           1|          32|
    |sel_tmp37_fu_2073_p3           |  select  |      0|  0|   32|           1|          32|
    |sel_tmp51_fu_2125_p3           |  select  |      0|  0|   32|           1|          32|
    |sel_tmp64_fu_2144_p3           |  select  |      0|  0|   32|           1|          32|
    |sh_assign_2_fu_1515_p3         |  select  |      0|  0|    9|           1|           9|
    |tmp_75_fu_473_p3               |  select  |      0|  0|   25|           1|          25|
    |tmp_88_fu_1534_p2              |    shl   |      0|  0|  195|          67|          67|
    |tmp_91_fu_1554_p2              |    shl   |      0|  0|  191|          66|          66|
    |ap_enable_pp0                  |    xor   |      0|  0|    2|           1|           2|
    |not_Result_i1_fu_1229_p2       |    xor   |      0|  0|    2|           1|           2|
    |not_Result_i_fu_1032_p2        |    xor   |      0|  0|    2|           1|           2|
    |rev_fu_1247_p2                 |    xor   |      0|  0|    2|           1|           2|
    |sel_tmp19_fu_2004_p2           |    xor   |      0|  0|    2|           1|           2|
    |sel_tmp25_fu_2027_p2           |    xor   |      0|  0|    2|           1|           2|
    |sel_tmp27_fu_2038_p2           |    xor   |      0|  0|    2|           1|           2|
    |sel_tmp35_fu_2062_p2           |    xor   |      0|  0|    2|           1|           2|
    |sel_tmp44_fu_2086_p2           |    xor   |      0|  0|    2|           1|           2|
    |sel_tmp47_fu_2096_p2           |    xor   |      0|  0|    2|           1|           2|
    |sel_tmp4_fu_1288_p2            |    xor   |      0|  0|    2|           1|           2|
    |sel_tmp72_fu_2168_p2           |    xor   |      0|  0|    2|           1|           2|
    |sel_tmp_fu_2152_p2             |    xor   |      0|  0|    2|           1|           2|
    |tmp_44_fu_1173_p2              |    xor   |      0|  0|    2|           1|           2|
    |x_is_neg_fu_1097_p2            |    xor   |      0|  0|    2|           1|           2|
    +-------------------------------+----------+-------+---+-----+------------+------------+
    |Total                          |          |     34|  0| 3475|        1908|        2424|
    +-------------------------------+----------+-------+---+-----+------------+------------+

    * Multiplexer: 
    N/A

    * Register: 
    +-----------------------------------+----+----+-----+-----------+
    |                Name               | FF | LUT| Bits| Const Bits|
    +-----------------------------------+----+----+-----+-----------+
    |ap_CS_fsm                          |   1|   0|    1|          0|
    |ap_enable_reg_pp0_iter1            |   1|   0|    1|          0|
    |ap_enable_reg_pp0_iter10           |   1|   0|    1|          0|
    |ap_enable_reg_pp0_iter11           |   1|   0|    1|          0|
    |ap_enable_reg_pp0_iter2            |   1|   0|    1|          0|
    |ap_enable_reg_pp0_iter3            |   1|   0|    1|          0|
    |ap_enable_reg_pp0_iter4            |   1|   0|    1|          0|
    |ap_enable_reg_pp0_iter5            |   1|   0|    1|          0|
    |ap_enable_reg_pp0_iter6            |   1|   0|    1|          0|
    |ap_enable_reg_pp0_iter7            |   1|   0|    1|          0|
    |ap_enable_reg_pp0_iter8            |   1|   0|    1|          0|
    |ap_enable_reg_pp0_iter9            |   1|   0|    1|          0|
    |b_exp_2_reg_2358                   |   9|   0|    9|          0|
    |exp_read_reg_2221                  |  32|   0|   32|          0|
    |isNeg_reg_2415                     |   1|   0|    1|          0|
    |loc_V_4_reg_2239                   |  23|   0|   23|          0|
    |loc_V_5_reg_2398                   |   8|   0|    8|          0|
    |loc_V_reg_2232                     |   8|   0|    8|          0|
    |log_sum_V_reg_2274                 |  56|   0|   56|          0|
    |m_exp_reg_2403                     |   9|   0|    9|          0|
    |p_Result_s_reg_2226                |   1|   0|    1|          0|
    |p_Val2_10_reg_2463                 |  67|   0|   67|          0|
    |p_Val2_12_reg_2477                 |  36|   0|   36|          0|
    |p_Val2_12_reg_2477_pp0_iter8_reg   |  36|   0|   36|          0|
    |p_Val2_13_reg_2482                 |  13|   0|   13|          0|
    |p_Val2_19_reg_2524                 |  36|   0|   36|          0|
    |p_Val2_21_reg_2290                 |  32|   0|   45|         13|
    |p_Val2_22_reg_2393                 |  66|   0|   66|          0|
    |p_Val2_2_reg_2279                  |  25|   0|   25|          0|
    |p_Val2_56_reg_2295                 |  31|   0|   41|         10|
    |p_Val2_58_reg_2312                 |  40|   0|   44|          4|
    |p_Val2_63_reg_2504                 |  18|   0|   18|          0|
    |p_Val2_65_reg_2519                 |  27|   0|   27|          0|
    |p_Val2_72_reg_2301                 |   6|   0|    6|          0|
    |p_Val2_72_reg_2301_pp0_iter3_reg   |   6|   0|    6|          0|
    |p_Val2_73_reg_2318                 |   6|   0|    6|          0|
    |p_Val2_s_reg_2284                  |   4|   0|    4|          0|
    |r_exp_V_3_reg_2497                 |  10|   0|   10|          0|
    |r_sign_reg_2443                    |   1|   0|    1|          0|
    |ssdm_int_V_write_ass_3_reg_2383    |  23|   0|   23|          0|
    |tmp_112_reg_2307                   |  25|   0|   35|         10|
    |tmp_113_reg_2324                   |  34|   0|   38|          4|
    |tmp_114_reg_2378                   |  39|   0|   39|          0|
    |tmp_115_reg_2492                   |   1|   0|    1|          0|
    |tmp_136_reg_2347                   |   1|   0|    1|          0|
    |tmp_136_reg_2347_pp0_iter5_reg     |   1|   0|    1|          0|
    |tmp_138_reg_2352                   |   1|   0|    1|          0|
    |tmp_138_reg_2352_pp0_iter5_reg     |   1|   0|    1|          0|
    |tmp_139_reg_2247                   |   1|   0|    1|          0|
    |tmp_144_reg_2487                   |   1|   0|    1|          0|
    |tmp_152_reg_2471                   |   1|   0|    1|          0|
    |tmp_27_reg_2263                    |   1|   0|    1|          0|
    |tmp_31_reg_2340                    |   1|   0|    1|          0|
    |tmp_31_reg_2340_pp0_iter5_reg      |   1|   0|    1|          0|
    |tmp_38_reg_2422                    |   1|   0|    1|          0|
    |tmp_50_reg_2429                    |   1|   0|    1|          0|
    |tmp_54_reg_2435                    |   1|   0|    1|          0|
    |tmp_60_reg_2388                    |  40|   0|   40|          0|
    |tmp_66_reg_2451                    |   1|   0|    1|          0|
    |tmp_73_reg_2457                    |   1|   0|    1|          0|
    |tmp_i1_194_reg_2334                |   1|   0|    1|          0|
    |tmp_i1_194_reg_2334_pp0_iter5_reg  |   1|   0|    1|          0|
    |tmp_i2_reg_2269                    |   1|   0|    1|          0|
    |tmp_s_reg_2329                     |   1|   0|    1|          0|
    |tmp_s_reg_2329_pp0_iter5_reg       |   1|   0|    1|          0|
    |x_is_n1_reg_2409                   |   1|   0|    1|          0|
    |exp_read_reg_2221                  |  64|  32|   32|          0|
    |loc_V_reg_2232                     |  64|  32|    8|          0|
    |log_sum_V_reg_2274                 |   2|   1|   56|          0|
    |p_Result_s_reg_2226                |  64|  32|    1|          0|
    |p_Val2_s_reg_2284                  |  64|  32|    4|          0|
    |r_exp_V_3_reg_2497                 |  64|  32|   10|          0|
    |r_sign_reg_2443                    |  64|  32|    1|          0|
    |tmp_115_reg_2492                   |  64|  32|    1|          0|
    |tmp_139_reg_2247                   |  64|  32|    1|          0|
    |tmp_152_reg_2471                   |  64|  32|    1|          0|
    |tmp_27_reg_2263                    |  64|  32|    1|          0|
    |tmp_38_reg_2422                    |  64|  32|    1|          0|
    |tmp_50_reg_2429                    |  64|  32|    1|          0|
    |tmp_54_reg_2435                    |  64|  32|    1|          0|
    |tmp_66_reg_2451                    |  64|  32|    1|          0|
    |tmp_73_reg_2457                    |  64|  32|    1|          0|
    |tmp_i2_reg_2269                    |  64|  32|    1|          0|
    |x_is_n1_reg_2409                   |  64|  32|    1|          0|
    +-----------------------------------+----+----+-----+-----------+
    |Total                              |1892| 545|  966|         41|
    +-----------------------------------+----+----+-----+-----------+



================================================================
== Interface
================================================================
* Summary: 
+-----------+-----+-----+------------+--------------------+--------------+
| RTL Ports | Dir | Bits|  Protocol  |    Source Object   |    C Type    |
+-----------+-----+-----+------------+--------------------+--------------+
|ap_clk     |  in |    1| ap_ctrl_hs | pow_generic<float> | return value |
|ap_rst     |  in |    1| ap_ctrl_hs | pow_generic<float> | return value |
|ap_start   |  in |    1| ap_ctrl_hs | pow_generic<float> | return value |
|ap_done    | out |    1| ap_ctrl_hs | pow_generic<float> | return value |
|ap_idle    | out |    1| ap_ctrl_hs | pow_generic<float> | return value |
|ap_ready   | out |    1| ap_ctrl_hs | pow_generic<float> | return value |
|ap_ce      |  in |    1| ap_ctrl_hs | pow_generic<float> | return value |
|ap_return  | out |   32| ap_ctrl_hs | pow_generic<float> | return value |
|base_r     |  in |   32|   ap_none  |       base_r       |    scalar    |
|exp        |  in |   32|   ap_none  |         exp        |    scalar    |
+-----------+-----+-----+------------+--------------------+--------------+

