

================================================================
== Vivado HLS Report for 'Result2Array2D_511_1'
================================================================
* Date:           Wed Dec  5 18:35:48 2018

* Version:        2018.2 (Build 2258646 on Thu Jun 14 20:25:20 MDT 2018)
* Project:        SIFT
* Solution:       solution1
* Product family: virtex7
* Target device:  xc7vx690tffg1761-3


================================================================
== Performance Estimates
================================================================
+ Timing (ns): 
    * Summary: 
    +--------+-------+----------+------------+
    |  Clock | Target| Estimated| Uncertainty|
    +--------+-------+----------+------------+
    |ap_clk  |  10.00|     4.537|        1.25|
    +--------+-------+----------+------------+

+ Latency (clock cycles): 
    * Summary: 
    +------+------+------+------+---------+
    |   Latency   |   Interval  | Pipeline|
    |  min |  max |  min |  max |   Type  |
    +------+------+------+------+---------+
    |  2097|  2097|  2097|  2097|   none  |
    +------+------+------+------+---------+

    + Detail: 
        * Instance: 
        N/A

        * Loop: 
        +-------------+------+------+----------+-----------+-----------+------+----------+
        |             |   Latency   | Iteration|  Initiation Interval  | Trip |          |
        |  Loop Name  |  min |  max |  Latency |  achieved |   target  | Count| Pipelined|
        +-------------+------+------+----------+-----------+-----------+------+----------+
        |- Loop 1     |  2096|  2096|       131|          -|          -|    16|    no    |
        | + Loop 1.1  |   128|   128|         2|          1|          1|   128|    yes   |
        +-------------+------+------+----------+-----------+-----------+------+----------+



================================================================
== Utilization Estimates
================================================================
* Summary: 
+-----------------+---------+-------+--------+--------+
|       Name      | BRAM_18K| DSP48E|   FF   |   LUT  |
+-----------------+---------+-------+--------+--------+
|DSP              |        -|      -|       -|       -|
|Expression       |        -|      -|       0|     306|
|FIFO             |        -|      -|       -|       -|
|Instance         |        -|      -|       -|       -|
|Memory           |        -|      -|       -|       -|
|Multiplexer      |        -|      -|       -|     195|
|Register         |        -|      -|     151|       -|
+-----------------+---------+-------+--------+--------+
|Total            |        0|      0|     151|     501|
+-----------------+---------+-------+--------+--------+
|Available        |     2940|   3600|  866400|  433200|
+-----------------+---------+-------+--------+--------+
|Utilization (%)  |        0|      0|   ~0   |   ~0   |
+-----------------+---------+-------+--------+--------+

+ Detail: 
    * Instance: 
    N/A

    * DSP48: 
    N/A

    * Memory: 
    N/A

    * FIFO: 
    N/A

    * Expression: 
    +-------------------------+----------+-------+---+----+------------+------------+
    |      Variable Name      | Operation| DSP48E| FF| LUT| Bitwidth P0| Bitwidth P1|
    +-------------------------+----------+-------+---+----+------------+------------+
    |i_fu_254_p2              |     +    |      0|  0|  15|           5|           1|
    |idx_fu_307_p2            |     +    |      0|  0|  18|          11|          11|
    |j_fu_294_p2              |     +    |      0|  0|  15|           8|           1|
    |tmp_1018_i_fu_328_p2     |     +    |      0|  0|  18|          11|           4|
    |tmp_340_fu_433_p2        |     +    |      0|  0|  20|          13|          13|
    |tmp_341_fu_536_p2        |     +    |      0|  0|  20|          13|          13|
    |tmp_342_fu_419_p2        |     +    |      0|  0|  20|          13|          13|
    |tmp_343_fu_517_p2        |     +    |      0|  0|  20|          13|          13|
    |tmp_344_fu_394_p2        |     +    |      0|  0|  20|          13|          13|
    |tmp_345_fu_369_p2        |     +    |      0|  0|  20|          13|          13|
    |tmp_346_fu_484_p2        |     +    |      0|  0|  20|          13|          13|
    |tmp_347_fu_465_p2        |     +    |      0|  0|  20|          13|          13|
    |ap_condition_263         |    and   |      0|  0|   2|           1|           1|
    |ap_condition_492         |    and   |      0|  0|   2|           1|           1|
    |ap_condition_495         |    and   |      0|  0|   2|           1|           1|
    |ap_condition_501         |    and   |      0|  0|   2|           1|           1|
    |ap_condition_503         |    and   |      0|  0|   2|           1|           1|
    |ap_condition_506         |    and   |      0|  0|   2|           1|           1|
    |exitcond4_i_fu_248_p2    |   icmp   |      0|  0|  11|           5|           6|
    |exitcond_i_fu_288_p2     |   icmp   |      0|  0|  13|           8|           9|
    |grp_fu_226_p2            |   icmp   |      0|  0|   8|           2|           1|
    |grp_fu_231_p2            |   icmp   |      0|  0|   8|           2|           1|
    |grp_fu_236_p2            |   icmp   |      0|  0|   9|           2|           3|
    |icmp_fu_322_p2           |   icmp   |      0|  0|  13|           9|           1|
    |ap_block_state1          |    or    |      0|  0|   2|           1|           1|
    |ap_enable_pp0            |    xor   |      0|  0|   2|           1|           2|
    |ap_enable_reg_pp0_iter1  |    xor   |      0|  0|   2|           2|           1|
    +-------------------------+----------+-------+---+----+------------+------------+
    |Total                    |          |      0|  0| 306|         177|         152|
    +-------------------------+----------+-------+---+----+------------+------------+

    * Multiplexer: 
    +------------------------------+----+-----------+-----+-----------+
    |             Name             | LUT| Input Size| Bits| Total Bits|
    +------------------------------+----+-----------+-----+-----------+
    |ap_NS_fsm                     |  27|          5|    1|          5|
    |ap_done                       |   9|          2|    1|          2|
    |ap_enable_reg_pp0_iter1       |  15|          3|    1|          3|
    |ap_phi_mux_j_i_phi_fu_218_p4  |   9|          2|    8|         16|
    |dst_val_address0              |  27|          5|   11|         55|
    |dst_val_address1              |  27|          5|   11|         55|
    |dst_val_d0                    |  27|          5|    8|         40|
    |dst_val_d1                    |  27|          5|    8|         40|
    |i_i_reg_203                   |   9|          2|    5|         10|
    |j_i_reg_214                   |   9|          2|    8|         16|
    |keypoints_length_blk_n        |   9|          2|    1|          2|
    +------------------------------+----+-----------+-----+-----------+
    |Total                         | 195|         38|   63|        244|
    +------------------------------+----+-----------+-----+-----------+

    * Register: 
    +-------------------------+----+----+-----+-----------+
    |           Name          | FF | LUT| Bits| Const Bits|
    +-------------------------+----+----+-----+-----------+
    |ap_CS_fsm                |   4|   0|    4|          0|
    |ap_done_reg              |   1|   0|    1|          0|
    |ap_enable_reg_pp0_iter0  |   1|   0|    1|          0|
    |ap_enable_reg_pp0_iter1  |   1|   0|    1|          0|
    |exitcond_i_reg_605       |   1|   0|    1|          0|
    |i_i_reg_203              |   5|   0|    5|          0|
    |i_reg_583                |   5|   0|    5|          0|
    |icmp_reg_614             |   1|   0|    1|          0|
    |j_i_reg_214              |   8|   0|    8|          0|
    |j_reg_609                |   8|   0|    8|          0|
    |length_1_fu_94           |  32|   0|   32|          0|
    |length_reg_569           |  32|   0|   32|          0|
    |tmp_1019_i_reg_618       |   1|   0|    1|          0|
    |tmp_1026_i_reg_622       |   1|   0|    1|          0|
    |tmp_1034_i_reg_626       |   1|   0|    1|          0|
    |tmp_339_cast_reg_593     |   5|   0|   13|          8|
    |tmp_i_reg_588            |   4|   0|   11|          7|
    |tmp_reg_574              |   8|   0|    8|          0|
    |x_1_fu_90                |  16|   0|   16|          0|
    |y_1_fu_86                |  16|   0|   16|          0|
    +-------------------------+----+----+-----+-----------+
    |Total                    | 151|   0|  166|         15|
    +-------------------------+----+----+-----+-----------+



================================================================
== Interface
================================================================
* Summary: 
+-----------------------------+-----+-----+------------+-----------------------+--------------+
|          RTL Ports          | Dir | Bits|  Protocol  |     Source Object     |    C Type    |
+-----------------------------+-----+-----+------------+-----------------------+--------------+
|ap_clk                       |  in |    1| ap_ctrl_hs | Result2Array2D<511>.1 | return value |
|ap_rst                       |  in |    1| ap_ctrl_hs | Result2Array2D<511>.1 | return value |
|ap_start                     |  in |    1| ap_ctrl_hs | Result2Array2D<511>.1 | return value |
|ap_done                      | out |    1| ap_ctrl_hs | Result2Array2D<511>.1 | return value |
|ap_continue                  |  in |    1| ap_ctrl_hs | Result2Array2D<511>.1 | return value |
|ap_idle                      | out |    1| ap_ctrl_hs | Result2Array2D<511>.1 | return value |
|ap_ready                     | out |    1| ap_ctrl_hs | Result2Array2D<511>.1 | return value |
|keypoints_val_pt_x_address0  | out |    9|  ap_memory |   keypoints_val_pt_x  |     array    |
|keypoints_val_pt_x_ce0       | out |    1|  ap_memory |   keypoints_val_pt_x  |     array    |
|keypoints_val_pt_x_q0        |  in |   16|  ap_memory |   keypoints_val_pt_x  |     array    |
|keypoints_val_pt_y_address0  | out |    9|  ap_memory |   keypoints_val_pt_y  |     array    |
|keypoints_val_pt_y_ce0       | out |    1|  ap_memory |   keypoints_val_pt_y  |     array    |
|keypoints_val_pt_y_q0        |  in |   16|  ap_memory |   keypoints_val_pt_y  |     array    |
|keypoints_length_dout        |  in |   32|   ap_fifo  |    keypoints_length   |    pointer   |
|keypoints_length_empty_n     |  in |    1|   ap_fifo  |    keypoints_length   |    pointer   |
|keypoints_length_read        | out |    1|   ap_fifo  |    keypoints_length   |    pointer   |
|dst_val_address0             | out |   11|  ap_memory |        dst_val        |     array    |
|dst_val_ce0                  | out |    1|  ap_memory |        dst_val        |     array    |
|dst_val_we0                  | out |    1|  ap_memory |        dst_val        |     array    |
|dst_val_d0                   | out |    8|  ap_memory |        dst_val        |     array    |
|dst_val_address1             | out |   11|  ap_memory |        dst_val        |     array    |
|dst_val_ce1                  | out |    1|  ap_memory |        dst_val        |     array    |
|dst_val_we1                  | out |    1|  ap_memory |        dst_val        |     array    |
|dst_val_d1                   | out |    8|  ap_memory |        dst_val        |     array    |
+-----------------------------+-----+-----+------------+-----------------------+--------------+

