

================================================================
== Vivado HLS Report for 'SIFT2_Core'
================================================================
* Date:           Wed Dec  5 18:36:07 2018

* Version:        2018.2 (Build 2258646 on Thu Jun 14 20:25:20 MDT 2018)
* Project:        SIFT
* Solution:       solution1
* Product family: virtex7
* Target device:  xc7vx690tffg1761-3


================================================================
== Performance Estimates
================================================================
+ Timing (ns): 
    * Summary: 
    +--------+-------+----------+------------+
    |  Clock | Target| Estimated| Uncertainty|
    +--------+-------+----------+------------+
    |ap_clk  |  10.00|     9.017|        1.25|
    +--------+-------+----------+------------+

+ Latency (clock cycles): 
    * Summary: 
    +-----+-----+-----+-----+----------+
    |  Latency  |  Interval | Pipeline |
    | min | max | min | max |   Type   |
    +-----+-----+-----+-----+----------+
    |    ?|    ?|    ?|    ?| dataflow |
    +-----+-----+-----+-----+----------+

    + Detail: 
        * Instance: 
        +-------------------------+----------------------+------+-------+------+-------+---------+
        |                         |                      |    Latency   |   Interval   | Pipeline|
        |         Instance        |        Module        |  min |  max  |  min |  max  |   Type  |
        +-------------------------+----------------------+------+-------+------+-------+---------+
        |compute_U0               |compute               |     ?|      ?|     ?|      ?|   none  |
        |Result2Array2D_511_U0    |Result2Array2D_511_s  |  4193|   4193|  4193|   4193|   none  |
        |Result2Array2D_511_1_U0  |Result2Array2D_511_1  |  2097|   2097|  2097|   2097|   none  |
        |Mat2AXIvideo_U0          |Mat2AXIvideo          |     1|   4225|     1|   4225|   none  |
        |Mat2AXIvideo_1_U0        |Mat2AXIvideo_1        |     1|   2113|     1|   2113|   none  |
        |AXIvideo2Mat616_U0       |AXIvideo2Mat616       |     3|  67331|     3|  67331|   none  |
        |AXIvideo2Mat_U0          |AXIvideo2Mat          |     3|  67331|     3|  67331|   none  |
        |Mat2Array2D617_U0        |Mat2Array2D617        |     1|  66305|     1|  66305|   none  |
        |Mat2Array2D_U0           |Mat2Array2D           |     1|  66305|     1|  66305|   none  |
        |Array2D2Mat_U0           |Array2D2Mat           |  4193|   4193|  4193|   4193|   none  |
        |Array2D2Mat_1_U0         |Array2D2Mat_1         |  2097|   2097|  2097|   2097|   none  |
        |Block_Mat_exit412_pr_U0  |Block_Mat_exit412_pr  |     0|      0|     0|      0|   none  |
        +-------------------------+----------------------+------+-------+------+-------+---------+

        * Loop: 
        N/A



================================================================
== Utilization Estimates
================================================================
* Summary: 
+-----------------+---------+-------+--------+--------+
|       Name      | BRAM_18K| DSP48E|   FF   |   LUT  |
+-----------------+---------+-------+--------+--------+
|DSP              |        -|      -|       -|       -|
|Expression       |        -|      -|       0|      80|
|FIFO             |        0|      -|     135|     911|
|Instance         |     1485|   2311|  207343|  419972|
|Memory           |      145|      -|       0|       0|
|Multiplexer      |        -|      -|       -|     108|
|Register         |        -|      -|      15|       -|
+-----------------+---------+-------+--------+--------+
|Total            |     1630|   2311|  207493|  421071|
+-----------------+---------+-------+--------+--------+
|Available        |     2940|   3600|  866400|  433200|
+-----------------+---------+-------+--------+--------+
|Utilization (%)  |       55|     64|      23|      97|
+-----------------+---------+-------+--------+--------+

+ Detail: 
    * Instance: 
    +-----------------------------+---------------------------+---------+-------+--------+--------+
    |           Instance          |           Module          | BRAM_18K| DSP48E|   FF   |   LUT  |
    +-----------------------------+---------------------------+---------+-------+--------+--------+
    |AXIvideo2Mat_U0              |AXIvideo2Mat               |        0|      0|     249|     529|
    |AXIvideo2Mat616_U0           |AXIvideo2Mat616            |        0|      0|     249|     529|
    |Array2D2Mat_U0               |Array2D2Mat                |        0|      0|      35|     190|
    |Array2D2Mat_1_U0             |Array2D2Mat_1              |        0|      0|      32|     189|
    |Block_Mat_exit412_pr_U0      |Block_Mat_exit412_pr       |        0|      0|       2|     101|
    |Mat2AXIvideo_U0              |Mat2AXIvideo               |        0|      0|     249|     469|
    |Mat2AXIvideo_1_U0            |Mat2AXIvideo_1             |        0|      0|     249|     469|
    |Mat2Array2D_U0               |Mat2Array2D                |        0|      0|     193|     243|
    |Mat2Array2D617_U0            |Mat2Array2D617             |        0|      0|     193|     261|
    |Result2Array2D_511_1_U0      |Result2Array2D_511_1       |        0|      0|     151|     501|
    |Result2Array2D_511_U0        |Result2Array2D_511_s       |        0|      0|     233|     808|
    |SIFT2_Core_AXILiteS_s_axi_U  |SIFT2_Core_AXILiteS_s_axi  |        0|      0|     226|     360|
    |compute_U0                   |compute                    |     1485|   2311|  205282|  415323|
    +-----------------------------+---------------------------+---------+-------+--------+--------+
    |Total                        |                           |     1485|   2311|  207343|  419972|
    +-----------------------------+---------------------------+---------+-------+--------+--------+

    * DSP48: 
    N/A

    * Memory: 
    +------------------------+----------------------+---------+---+----+-------+-----+------+-------------+
    |         Memory         |        Module        | BRAM_18K| FF| LUT| Words | Bits| Banks| W*Bits*Banks|
    +------------------------+----------------------+---------+---+----+-------+-----+------+-------------+
    |descriptors0_val_val_U  |SIFT2_Core_describSr  |       32|  0|   0|  65408|    8|     1|       523264|
    |descriptors1_val_val_U  |SIFT2_Core_describSr  |       32|  0|   0|  65408|    8|     1|       523264|
    |dst0_val_U              |SIFT2_Core_dst0_val   |        2|  0|   0|   4096|    8|     2|        65536|
    |dst1_val_U              |SIFT2_Core_dst1_val   |        1|  0|   0|   2048|    8|     2|        32768|
    |keypoints0_val_pt_x_U   |SIFT2_Core_keypoibGp  |        1|  0|   0|    511|   16|     2|        16352|
    |keypoints0_val_pt_y_U   |SIFT2_Core_keypoibGp  |        1|  0|   0|    511|   16|     2|        16352|
    |keypoints1_val_pt_x_U   |SIFT2_Core_keypoibGp  |        1|  0|   0|    511|   16|     2|        16352|
    |keypoints1_val_pt_y_U   |SIFT2_Core_keypoibGp  |        1|  0|   0|    511|   16|     2|        16352|
    |matches_val_idx0_U      |SIFT2_Core_keypoibGp  |        1|  0|   0|    511|   16|     2|        16352|
    |matches_val_idx1_U      |SIFT2_Core_keypoibGp  |        1|  0|   0|    511|   16|     2|        16352|
    |keypoints0_val_angle_U  |SIFT2_Core_keypoibIp  |        1|  0|   0|    511|   32|     1|        16352|
    |keypoints0_val_sigma_U  |SIFT2_Core_keypoibIp  |        1|  0|   0|    511|   32|     1|        16352|
    |keypoints1_val_angle_U  |SIFT2_Core_keypoibIp  |        1|  0|   0|    511|   32|     1|        16352|
    |keypoints1_val_sigma_U  |SIFT2_Core_keypoibIp  |        1|  0|   0|    511|   32|     1|        16352|
    |keypoints0_val_octav_U  |SIFT2_Core_keypoibKp  |        1|  0|   0|    511|    8|     1|         4088|
    |keypoints0_val_layer_U  |SIFT2_Core_keypoibKp  |        1|  0|   0|    511|    8|     1|         4088|
    |keypoints1_val_octav_U  |SIFT2_Core_keypoibKp  |        1|  0|   0|    511|    8|     1|         4088|
    |keypoints1_val_layer_U  |SIFT2_Core_keypoibKp  |        1|  0|   0|    511|    8|     1|         4088|
    |src0_val_U              |SIFT2_Core_src0_val   |       32|  0|   0|  65536|    8|     2|      1048576|
    |src1_val_U              |SIFT2_Core_src0_val   |       32|  0|   0|  65536|    8|     2|      1048576|
    +------------------------+----------------------+---------+---+----+-------+-----+------+-------------+
    |Total                   |                      |      145|  0|   0| 275186|  304|    30|      3421856|
    +------------------------+----------------------+---------+---+----+-------+-----+------+-------------+

    * FIFO: 
    +-------------------------+---------+---+----+------+-----+---------+
    |           Name          | BRAM_18K| FF| LUT| Depth| Bits| Size:D*B|
    +-------------------------+---------+---+----+------+-----+---------+
    |descriptors0_length_s_U  |        0|  5|  16|     4|    1|        4|
    |descriptors1_length_s_U  |        0|  5|  16|     4|    1|        4|
    |keypoints0_length_c_U    |        0|  5|  44|     2|   32|       64|
    |keypoints1_length_c_U    |        0|  5|  44|     2|   32|       64|
    |matches_length_c40_U     |        0|  5|  44|     2|   32|       64|
    |matches_length_c_U       |        0|  5|  16|     4|    1|        4|
    |p_dst0_cols_V_c_U        |        0|  5|  21|     2|    9|       18|
    |p_dst0_data_stream_0_U   |        0|  5|  20|     2|    8|       16|
    |p_dst0_rows_V_c_U        |        0|  5|  19|     2|    7|       14|
    |p_dst1_cols_V_c_U        |        0|  5|  21|     2|    9|       18|
    |p_dst1_data_stream_0_U   |        0|  5|  20|     2|    8|       16|
    |p_dst1_rows_V_c_U        |        0|  5|  18|     2|    6|       12|
    |p_src0_cols_V_c37_U      |        0|  5|  44|     2|   32|       64|
    |p_src0_cols_V_c_U        |        0|  5|  44|     2|   32|       64|
    |p_src0_data_stream_0_U   |        0|  5|  20|     2|    8|       16|
    |p_src0_rows_V_c36_U      |        0|  5|  44|     2|   32|       64|
    |p_src0_rows_V_c_U        |        0|  5|  44|     2|   32|       64|
    |p_src1_cols_V_c39_U      |        0|  5|  44|     2|   32|       64|
    |p_src1_cols_V_c_U        |        0|  5|  44|     2|   32|       64|
    |p_src1_data_stream_0_U   |        0|  5|  20|     2|    8|       16|
    |p_src1_rows_V_c38_U      |        0|  5|  44|     2|   32|       64|
    |p_src1_rows_V_c_U        |        0|  5|  44|     2|   32|       64|
    |src0_cols_c_U            |        0|  5|  44|     2|   32|       64|
    |src0_rows_c_U            |        0|  5|  44|     2|   32|       64|
    |src1_cols_c_U            |        0|  5|  44|     4|   32|      128|
    |src1_rows_c_U            |        0|  5|  44|     4|   32|      128|
    |thresh_c_U               |        0|  5|  44|     4|   32|      128|
    +-------------------------+---------+---+----+------+-----+---------+
    |Total                    |        0|135| 911|    66|  578|     1354|
    +-------------------------+---------+---+----+------+-----+---------+

    * Expression: 
    +-------------------------------------------+----------+-------+---+----+------------+------------+
    |               Variable Name               | Operation| DSP48E| FF| LUT| Bitwidth P0| Bitwidth P1|
    +-------------------------------------------+----------+-------+---+----+------------+------------+
    |AXIvideo2Mat616_U0_ap_ready_count          |     +    |      0|  0|  10|           2|           1|
    |AXIvideo2Mat_U0_ap_ready_count             |     +    |      0|  0|  10|           2|           1|
    |Block_Mat_exit412_pr_U0_ap_ready_count     |     +    |      0|  0|  10|           2|           1|
    |AXIvideo2Mat616_U0_ap_start                |    and   |      0|  0|   2|           1|           1|
    |AXIvideo2Mat_U0_ap_start                   |    and   |      0|  0|   2|           1|           1|
    |Block_Mat_exit412_pr_U0_ap_start           |    and   |      0|  0|   2|           1|           1|
    |Result2Array2D_511_1_U0_ap_start           |    and   |      0|  0|   2|           1|           1|
    |Result2Array2D_511_U0_ap_start             |    and   |      0|  0|   2|           1|           1|
    |ap_channel_done_keypoints0_val_pt_x        |    and   |      0|  0|   2|           1|           1|
    |ap_channel_done_keypoints0_val_pt_y        |    and   |      0|  0|   2|           1|           1|
    |ap_channel_done_keypoints1_val_pt_x        |    and   |      0|  0|   2|           1|           1|
    |ap_channel_done_keypoints1_val_pt_y        |    and   |      0|  0|   2|           1|           1|
    |ap_channel_done_matches_val_idx0           |    and   |      0|  0|   2|           1|           1|
    |ap_channel_done_matches_val_idx1           |    and   |      0|  0|   2|           1|           1|
    |ap_idle                                    |    and   |      0|  0|   2|           1|           1|
    |ap_sync_done                               |    and   |      0|  0|   2|           1|           1|
    |ap_sync_ready                              |    and   |      0|  0|   2|           1|           1|
    |compute_U0_ap_continue                     |    and   |      0|  0|   2|           1|           1|
    |compute_U0_ap_start                        |    and   |      0|  0|   2|           1|           1|
    |ap_sync_AXIvideo2Mat616_U0_ap_ready        |    or    |      0|  0|   2|           1|           1|
    |ap_sync_AXIvideo2Mat_U0_ap_ready           |    or    |      0|  0|   2|           1|           1|
    |ap_sync_Block_Mat_exit412_pr_U0_ap_ready   |    or    |      0|  0|   2|           1|           1|
    |ap_sync_channel_write_keypoints0_val_pt_x  |    or    |      0|  0|   2|           1|           1|
    |ap_sync_channel_write_keypoints0_val_pt_y  |    or    |      0|  0|   2|           1|           1|
    |ap_sync_channel_write_keypoints1_val_pt_x  |    or    |      0|  0|   2|           1|           1|
    |ap_sync_channel_write_keypoints1_val_pt_y  |    or    |      0|  0|   2|           1|           1|
    |ap_sync_channel_write_matches_val_idx0     |    or    |      0|  0|   2|           1|           1|
    |ap_sync_channel_write_matches_val_idx1     |    or    |      0|  0|   2|           1|           1|
    +-------------------------------------------+----------+-------+---+----+------------+------------+
    |Total                                      |          |      0|  0|  80|          31|          28|
    +-------------------------------------------+----------+-------+---+----+------------+------------+

    * Multiplexer: 
    +-----------------------------------------------+----+-----------+-----+-----------+
    |                      Name                     | LUT| Input Size| Bits| Total Bits|
    +-----------------------------------------------+----+-----------+-----+-----------+
    |AXIvideo2Mat616_U0_ap_ready_count              |   9|          2|    2|          4|
    |AXIvideo2Mat_U0_ap_ready_count                 |   9|          2|    2|          4|
    |Block_Mat_exit412_pr_U0_ap_ready_count         |   9|          2|    2|          4|
    |ap_sync_reg_AXIvideo2Mat616_U0_ap_ready        |   9|          2|    1|          2|
    |ap_sync_reg_AXIvideo2Mat_U0_ap_ready           |   9|          2|    1|          2|
    |ap_sync_reg_Block_Mat_exit412_pr_U0_ap_ready   |   9|          2|    1|          2|
    |ap_sync_reg_channel_write_keypoints0_val_pt_x  |   9|          2|    1|          2|
    |ap_sync_reg_channel_write_keypoints0_val_pt_y  |   9|          2|    1|          2|
    |ap_sync_reg_channel_write_keypoints1_val_pt_x  |   9|          2|    1|          2|
    |ap_sync_reg_channel_write_keypoints1_val_pt_y  |   9|          2|    1|          2|
    |ap_sync_reg_channel_write_matches_val_idx0     |   9|          2|    1|          2|
    |ap_sync_reg_channel_write_matches_val_idx1     |   9|          2|    1|          2|
    +-----------------------------------------------+----+-----------+-----+-----------+
    |Total                                          | 108|         24|   15|         30|
    +-----------------------------------------------+----+-----------+-----+-----------+

    * Register: 
    +-----------------------------------------------+---+----+-----+-----------+
    |                      Name                     | FF| LUT| Bits| Const Bits|
    +-----------------------------------------------+---+----+-----+-----------+
    |AXIvideo2Mat616_U0_ap_ready_count              |  2|   0|    2|          0|
    |AXIvideo2Mat_U0_ap_ready_count                 |  2|   0|    2|          0|
    |Block_Mat_exit412_pr_U0_ap_ready_count         |  2|   0|    2|          0|
    |ap_sync_reg_AXIvideo2Mat616_U0_ap_ready        |  1|   0|    1|          0|
    |ap_sync_reg_AXIvideo2Mat_U0_ap_ready           |  1|   0|    1|          0|
    |ap_sync_reg_Block_Mat_exit412_pr_U0_ap_ready   |  1|   0|    1|          0|
    |ap_sync_reg_channel_write_keypoints0_val_pt_x  |  1|   0|    1|          0|
    |ap_sync_reg_channel_write_keypoints0_val_pt_y  |  1|   0|    1|          0|
    |ap_sync_reg_channel_write_keypoints1_val_pt_x  |  1|   0|    1|          0|
    |ap_sync_reg_channel_write_keypoints1_val_pt_y  |  1|   0|    1|          0|
    |ap_sync_reg_channel_write_matches_val_idx0     |  1|   0|    1|          0|
    |ap_sync_reg_channel_write_matches_val_idx1     |  1|   0|    1|          0|
    +-----------------------------------------------+---+----+-----+-----------+
    |Total                                          | 15|   0|   15|          0|
    +-----------------------------------------------+---+----+-----+-----------+



================================================================
== Interface
================================================================
* Summary: 
+------------------------+-----+-----+------------+--------------------+--------------+
|        RTL Ports       | Dir | Bits|  Protocol  |    Source Object   |    C Type    |
+------------------------+-----+-----+------------+--------------------+--------------+
|s_axi_AXILiteS_AWVALID  |  in |    1|    s_axi   |      AXILiteS      |    scalar    |
|s_axi_AXILiteS_AWREADY  | out |    1|    s_axi   |      AXILiteS      |    scalar    |
|s_axi_AXILiteS_AWADDR   |  in |    6|    s_axi   |      AXILiteS      |    scalar    |
|s_axi_AXILiteS_WVALID   |  in |    1|    s_axi   |      AXILiteS      |    scalar    |
|s_axi_AXILiteS_WREADY   | out |    1|    s_axi   |      AXILiteS      |    scalar    |
|s_axi_AXILiteS_WDATA    |  in |   32|    s_axi   |      AXILiteS      |    scalar    |
|s_axi_AXILiteS_WSTRB    |  in |    4|    s_axi   |      AXILiteS      |    scalar    |
|s_axi_AXILiteS_ARVALID  |  in |    1|    s_axi   |      AXILiteS      |    scalar    |
|s_axi_AXILiteS_ARREADY  | out |    1|    s_axi   |      AXILiteS      |    scalar    |
|s_axi_AXILiteS_ARADDR   |  in |    6|    s_axi   |      AXILiteS      |    scalar    |
|s_axi_AXILiteS_RVALID   | out |    1|    s_axi   |      AXILiteS      |    scalar    |
|s_axi_AXILiteS_RREADY   |  in |    1|    s_axi   |      AXILiteS      |    scalar    |
|s_axi_AXILiteS_RDATA    | out |   32|    s_axi   |      AXILiteS      |    scalar    |
|s_axi_AXILiteS_RRESP    | out |    2|    s_axi   |      AXILiteS      |    scalar    |
|s_axi_AXILiteS_BVALID   | out |    1|    s_axi   |      AXILiteS      |    scalar    |
|s_axi_AXILiteS_BREADY   |  in |    1|    s_axi   |      AXILiteS      |    scalar    |
|s_axi_AXILiteS_BRESP    | out |    2|    s_axi   |      AXILiteS      |    scalar    |
|ap_clk                  |  in |    1| ap_ctrl_hs |     SIFT2_Core     | return value |
|ap_rst_n                |  in |    1| ap_ctrl_hs |     SIFT2_Core     | return value |
|interrupt               | out |    1| ap_ctrl_hs |     SIFT2_Core     | return value |
|src0_axis_TDATA         |  in |    8|    axis    | src0_axis_V_data_V |    pointer   |
|src0_axis_TKEEP         |  in |    1|    axis    | src0_axis_V_keep_V |    pointer   |
|src0_axis_TSTRB         |  in |    1|    axis    | src0_axis_V_strb_V |    pointer   |
|src0_axis_TUSER         |  in |    1|    axis    | src0_axis_V_user_V |    pointer   |
|src0_axis_TLAST         |  in |    1|    axis    | src0_axis_V_last_V |    pointer   |
|src0_axis_TID           |  in |    1|    axis    |  src0_axis_V_id_V  |    pointer   |
|src0_axis_TDEST         |  in |    1|    axis    | src0_axis_V_dest_V |    pointer   |
|src0_axis_TVALID        |  in |    1|    axis    | src0_axis_V_dest_V |    pointer   |
|src0_axis_TREADY        | out |    1|    axis    | src0_axis_V_dest_V |    pointer   |
|src1_axis_TDATA         |  in |    8|    axis    | src1_axis_V_data_V |    pointer   |
|src1_axis_TKEEP         |  in |    1|    axis    | src1_axis_V_keep_V |    pointer   |
|src1_axis_TSTRB         |  in |    1|    axis    | src1_axis_V_strb_V |    pointer   |
|src1_axis_TUSER         |  in |    1|    axis    | src1_axis_V_user_V |    pointer   |
|src1_axis_TLAST         |  in |    1|    axis    | src1_axis_V_last_V |    pointer   |
|src1_axis_TID           |  in |    1|    axis    |  src1_axis_V_id_V  |    pointer   |
|src1_axis_TDEST         |  in |    1|    axis    | src1_axis_V_dest_V |    pointer   |
|src1_axis_TVALID        |  in |    1|    axis    | src1_axis_V_dest_V |    pointer   |
|src1_axis_TREADY        | out |    1|    axis    | src1_axis_V_dest_V |    pointer   |
|dst0_axis_TDATA         | out |    8|    axis    | dst0_axis_V_data_V |    pointer   |
|dst0_axis_TKEEP         | out |    1|    axis    | dst0_axis_V_keep_V |    pointer   |
|dst0_axis_TSTRB         | out |    1|    axis    | dst0_axis_V_strb_V |    pointer   |
|dst0_axis_TUSER         | out |    1|    axis    | dst0_axis_V_user_V |    pointer   |
|dst0_axis_TLAST         | out |    1|    axis    | dst0_axis_V_last_V |    pointer   |
|dst0_axis_TID           | out |    1|    axis    |  dst0_axis_V_id_V  |    pointer   |
|dst0_axis_TDEST         | out |    1|    axis    | dst0_axis_V_dest_V |    pointer   |
|dst0_axis_TVALID        | out |    1|    axis    | dst0_axis_V_dest_V |    pointer   |
|dst0_axis_TREADY        |  in |    1|    axis    | dst0_axis_V_dest_V |    pointer   |
|dst1_axis_TDATA         | out |    8|    axis    | dst1_axis_V_data_V |    pointer   |
|dst1_axis_TKEEP         | out |    1|    axis    | dst1_axis_V_keep_V |    pointer   |
|dst1_axis_TSTRB         | out |    1|    axis    | dst1_axis_V_strb_V |    pointer   |
|dst1_axis_TUSER         | out |    1|    axis    | dst1_axis_V_user_V |    pointer   |
|dst1_axis_TLAST         | out |    1|    axis    | dst1_axis_V_last_V |    pointer   |
|dst1_axis_TID           | out |    1|    axis    |  dst1_axis_V_id_V  |    pointer   |
|dst1_axis_TDEST         | out |    1|    axis    | dst1_axis_V_dest_V |    pointer   |
|dst1_axis_TVALID        | out |    1|    axis    | dst1_axis_V_dest_V |    pointer   |
|dst1_axis_TREADY        |  in |    1|    axis    | dst1_axis_V_dest_V |    pointer   |
+------------------------+-----+-----+------------+--------------------+--------------+

