

================================================================
== Vivado HLS Report for 'Conv9'
================================================================
* Date:           Tue Dec  4 09:54:52 2018

* Version:        2018.2 (Build 2258646 on Thu Jun 14 20:25:20 MDT 2018)
* Project:        CNN
* Solution:       solution1
* Product family: virtex7
* Target device:  xc7vx690tffg1761-3


================================================================
== Performance Estimates
================================================================
+ Timing (ns): 
    * Summary: 
    +--------+-------+----------+------------+
    |  Clock | Target| Estimated| Uncertainty|
    +--------+-------+----------+------------+
    |ap_clk  |  10.00|     8.057|        1.25|
    +--------+-------+----------+------------+

+ Latency (clock cycles): 
    * Summary: 
    +-----+-----+-----+-----+---------+
    |  Latency  |  Interval | Pipeline|
    | min | max | min | max |   Type  |
    +-----+-----+-----+-----+---------+
    |  649|  649|  649|  649|   none  |
    +-----+-----+-----+-----+---------+

    + Detail: 
        * Instance: 
        N/A

        * Loop: 
        +-------------+-----+-----+----------+-----------+-----------+------+----------+
        |             |  Latency  | Iteration|  Initiation Interval  | Trip |          |
        |  Loop Name  | min | max |  Latency |  achieved |   target  | Count| Pipelined|
        +-------------+-----+-----+----------+-----------+-----------+------+----------+
        |- Loop 1     |  648|  648|        27|          -|          -|    24|    no    |
        | + Loop 1.1  |   24|   24|         2|          1|          1|    24|    yes   |
        +-------------+-----+-----+----------+-----------+-----------+------+----------+



================================================================
== Utilization Estimates
================================================================
* Summary: 
+-----------------+---------+-------+--------+--------+
|       Name      | BRAM_18K| DSP48E|   FF   |   LUT  |
+-----------------+---------+-------+--------+--------+
|DSP              |        -|      1|       -|       -|
|Expression       |        -|      -|       0|     350|
|FIFO             |        -|      -|       -|       -|
|Instance         |        -|      -|       -|       -|
|Memory           |        0|      -|      64|      12|
|Multiplexer      |        -|      -|       -|      60|
|Register         |        -|      -|     126|       -|
+-----------------+---------+-------+--------+--------+
|Total            |        0|      1|     190|     422|
+-----------------+---------+-------+--------+--------+
|Available        |     2940|   3600|  866400|  433200|
+-----------------+---------+-------+--------+--------+
|Utilization (%)  |        0|   ~0  |   ~0   |   ~0   |
+-----------------+---------+-------+--------+--------+

+ Detail: 
    * Instance: 
    N/A

    * DSP48: 
    +---------------------------+----------------------+----------------+
    |          Instance         |        Module        |   Expression   |
    +---------------------------+----------------------+----------------+
    |CNN_Core_am_addmuxdS_U102  |CNN_Core_am_addmuxdS  | i0 * (i1 + i2) |
    +---------------------------+----------------------+----------------+

    * Memory: 
    +----------------------+----------------------+---------+----+----+------+-----+------+-------------+
    |        Memory        |        Module        | BRAM_18K| FF | LUT| Words| Bits| Banks| W*Bits*Banks|
    +----------------------+----------------------+---------+----+----+------+-----+------+-------------+
    |LineBuffer_val_1_V_U  |Conv9_LineBuffer_wdI  |        0|  64|  12|    24|   32|     1|          768|
    +----------------------+----------------------+---------+----+----+------+-----+------+-------------+
    |Total                 |                      |        0|  64|  12|    24|   32|     1|          768|
    +----------------------+----------------------+---------+----+----+------+-----+------+-------------+

    * FIFO: 
    N/A

    * Expression: 
    +-------------------------+----------+-------+---+----+------------+------------+
    |      Variable Name      | Operation| DSP48E| FF| LUT| Bitwidth P0| Bitwidth P1|
    +-------------------------+----------+-------+---+----+------------+------------+
    |i_12_fu_207_p2           |     +    |      0|  0|  15|           5|           1|
    |j_10_fu_260_p2           |     +    |      0|  0|  15|           5|           1|
    |p_Val2_76_0_1_fu_342_p2  |     +    |      0|  0|  54|          47|          47|
    |p_Val2_76_1_1_fu_418_p2  |     +    |      0|  0|  55|          48|          48|
    |p_Val2_76_1_fu_382_p2    |     +    |      0|  0|  55|          48|          48|
    |tmp_140_fu_296_p2        |     +    |      0|  0|  15|           5|           2|
    |tmp_153_fu_217_p2        |     +    |      0|  0|  17|          10|          10|
    |tmp_156_fu_275_p2        |     +    |      0|  0|  20|          13|          13|
    |tmp_160_fu_438_p2        |     +    |      0|  0|  18|          11|          11|
    |tmp_152_fu_187_p2        |     -    |      0|  0|  16|           9|           9|
    |tmp_154_fu_242_p2        |     -    |      0|  0|  20|          13|          13|
    |or_cond_fu_291_p2        |    and   |      0|  0|   2|           1|           1|
    |exitcond2_fu_254_p2      |   icmp   |      0|  0|  11|           5|           5|
    |exitcond_fu_201_p2       |   icmp   |      0|  0|  11|           5|           5|
    |tmp_139_fu_285_p2        |   icmp   |      0|  0|  11|           5|           1|
    |tmp_s_fu_248_p2          |   icmp   |      0|  0|  11|           5|           1|
    |ap_enable_pp0            |    xor   |      0|  0|   2|           1|           2|
    |ap_enable_reg_pp0_iter1  |    xor   |      0|  0|   2|           2|           1|
    +-------------------------+----------+-------+---+----+------------+------------+
    |Total                    |          |      0|  0| 350|         238|         219|
    +-------------------------+----------+-------+---+----+------------+------------+

    * Multiplexer: 
    +-------------------------+----+-----------+-----+-----------+
    |           Name          | LUT| Input Size| Bits| Total Bits|
    +-------------------------+----+-----------+-----+-----------+
    |ap_NS_fsm                |  27|          5|    1|          5|
    |ap_enable_reg_pp0_iter1  |  15|          3|    1|          3|
    |i_reg_141                |   9|          2|    5|         10|
    |j_reg_152                |   9|          2|    5|         10|
    +-------------------------+----+-----------+-----+-----------+
    |Total                    |  60|         12|   12|         28|
    +-------------------------+----+-----------+-----+-----------+

    * Register: 
    +------------------------------+----+----+-----+-----------+
    |             Name             | FF | LUT| Bits| Const Bits|
    +------------------------------+----+----+-----+-----------+
    |BlockBuffer_val_0_V_fu_80     |  32|   0|   32|          0|
    |BlockBuffer_val_1_V_fu_84     |  32|   0|   32|          0|
    |LineBuffer_val_1_V_s_reg_521  |   5|   0|    5|          0|
    |ap_CS_fsm                     |   4|   0|    4|          0|
    |ap_enable_reg_pp0_iter0       |   1|   0|    1|          0|
    |ap_enable_reg_pp0_iter1       |   1|   0|    1|          0|
    |exitcond2_reg_507             |   1|   0|    1|          0|
    |i_12_reg_487                  |   5|   0|    5|          0|
    |i_reg_141                     |   5|   0|    5|          0|
    |j_reg_152                     |   5|   0|    5|          0|
    |or_cond_reg_527               |   1|   0|    1|          0|
    |tmp_140_reg_531               |   5|   0|    5|          0|
    |tmp_154_reg_492               |  10|   0|   13|          3|
    |tmp_155_reg_502               |  11|   0|   11|          0|
    |tmp_164_cast_reg_478          |   7|   0|   10|          3|
    |tmp_s_reg_497                 |   1|   0|    1|          0|
    +------------------------------+----+----+-----+-----------+
    |Total                         | 126|   0|  132|          6|
    +------------------------------+----+----+-----+-----------+



================================================================
== Interface
================================================================
* Summary: 
+--------------------+-----+-----+------------+------------------+--------------+
|      RTL Ports     | Dir | Bits|  Protocol  |   Source Object  |    C Type    |
+--------------------+-----+-----+------------+------------------+--------------+
|ap_clk              |  in |    1| ap_ctrl_hs |       Conv9      | return value |
|ap_rst              |  in |    1| ap_ctrl_hs |       Conv9      | return value |
|ap_start            |  in |    1| ap_ctrl_hs |       Conv9      | return value |
|ap_done             | out |    1| ap_ctrl_hs |       Conv9      | return value |
|ap_idle             | out |    1| ap_ctrl_hs |       Conv9      | return value |
|ap_ready            | out |    1| ap_ctrl_hs |       Conv9      | return value |
|src_val_V_address0  | out |   12|  ap_memory |     src_val_V    |     array    |
|src_val_V_ce0       | out |    1|  ap_memory |     src_val_V    |     array    |
|src_val_V_q0        |  in |   32|  ap_memory |     src_val_V    |     array    |
|src_val_V_offset    |  in |    3|   ap_none  | src_val_V_offset |    scalar    |
|dst_val_V_address0  | out |   10|  ap_memory |     dst_val_V    |     array    |
|dst_val_V_ce0       | out |    1|  ap_memory |     dst_val_V    |     array    |
|dst_val_V_we0       | out |    1|  ap_memory |     dst_val_V    |     array    |
|dst_val_V_d0        | out |   32|  ap_memory |     dst_val_V    |     array    |
+--------------------+-----+-----+------------+------------------+--------------+

