

================================================================
== Vivado HLS Report for 'HoughLines_Core'
================================================================
* Date:           Tue Sep 25 14:17:55 2018

* Version:        2018.2 (Build 2258646 on Thu Jun 14 20:25:20 MDT 2018)
* Project:        Hough
* Solution:       solution1
* Product family: virtex7
* Target device:  xc7vx690tffg1761-3


================================================================
== Performance Estimates
================================================================
+ Timing (ns): 
    * Summary: 
    +--------+-------+----------+------------+
    |  Clock | Target| Estimated| Uncertainty|
    +--------+-------+----------+------------+
    |ap_clk  |  10.00|     8.680|        1.25|
    +--------+-------+----------+------------+

+ Latency (clock cycles): 
    * Summary: 
    +-----+-----+-----+-----+----------+
    |  Latency  |  Interval | Pipeline |
    | min | max | min | max |   Type   |
    +-----+-----+-----+-----+----------+
    |    ?|    ?|    ?|    ?| dataflow |
    +-----+-----+-----+-----+----------+

    + Detail: 
        * Instance: 
        +-----------------------------------------+----------------------+-----+-------+-----+-------+---------+
        |                                         |                      |   Latency   |   Interval  | Pipeline|
        |                 Instance                |        Module        | min |  max  | min |  max  |   Type  |
        +-----------------------------------------+----------------------+-----+-------+-----+-------+---------+
        |grp_HoughLinesStandard_fu_210            |HoughLinesStandard    |    ?|      ?|    ?|      ?|   none  |
        |grp_Mat2Array2D_fu_231                   |Mat2Array2D           |    1|  77521|    1|  77521|   none  |
        |grp_AXIvideo2Mat_fu_239                  |AXIvideo2Mat          |    3|  78483|    3|  78483|   none  |
        |grp_Mat2AXIvideo_fu_262                  |Mat2AXIvideo          |    1|    105|    1|    105|   none  |
        |grp_Array2Mat_fu_284                     |Array2Mat             |    1|    104|    1|    104|   none  |
        |StgValue_32_Block_Mat_exit6_proc_fu_295  |Block_Mat_exit6_proc  |    0|      0|    0|      0|   none  |
        +-----------------------------------------+----------------------+-----+-------+-----+-------+---------+

        * Loop: 
        N/A

============================================================
+ Verbose Summary: Synthesis Manager
============================================================
InlineROM: 1
ExposeGlobal: 0
============================================================
+ Verbose Summary: CDFG Model
============================================================
IsTopModel: 1
ResetActiveHigh: 1
IsCombinational: 2
IsDatapathOnly: 0
HasWiredReturn: 1
HasMFsm: 0
HasVarLatency: 1
IsPipeline: 0
IsRtlPipelined: 0
IsInstanceOverlapped: 0
IsDontTouch: 0
HasImplIP: 0
IsGatedGlobalClock: 0


============================================================
+ Verbose Summary: Schedule
============================================================
* Number of FSM states : 12
* Pipeline : 0
* Dataflow Pipeline: 1
  DF-Pipeline-0: Size = 12, States = { 1 2 3 4 5 6 7 8 9 10 11 12 }

* FSM state transitions: 
1 --> 
	2  / true
2 --> 
	3  / true
3 --> 
	4  / true
4 --> 
	5  / true
5 --> 
	6  / true
6 --> 
	7  / true
7 --> 
	8  / true
8 --> 
	9  / true
9 --> 
	10  / true
10 --> 
	11  / true
11 --> 
	12  / true
12 --> 

* FSM state operations: 

State 1 <SV = 0> <Delay = 3.26>
ST_1 : Operation 13 [1/1] (1.00ns)   --->   "%thresh_read = call i32 @_ssdm_op_Read.s_axilite.i32(i32 %thresh)"   --->   Operation 13 'read' 'thresh_read' <Predicate = true> <Delay = 1.00> <Core = "s_axilite">   --->   Core 10 's_axilite' <Latency = 0> <II = 1> <Delay = 1.00> <Adapter> <Opcode : 'read' 'write'>
ST_1 : Operation 14 [1/1] (1.00ns)   --->   "%cols_read = call i32 @_ssdm_op_Read.s_axilite.i32(i32 %cols)"   --->   Operation 14 'read' 'cols_read' <Predicate = true> <Delay = 1.00> <Core = "s_axilite">   --->   Core 10 's_axilite' <Latency = 0> <II = 1> <Delay = 1.00> <Adapter> <Opcode : 'read' 'write'>
ST_1 : Operation 15 [1/1] (1.00ns)   --->   "%rows_read = call i32 @_ssdm_op_Read.s_axilite.i32(i32 %rows)"   --->   Operation 15 'read' 'rows_read' <Predicate = true> <Delay = 1.00> <Core = "s_axilite">   --->   Core 10 's_axilite' <Latency = 0> <II = 1> <Delay = 1.00> <Adapter> <Opcode : 'read' 'write'>
ST_1 : Operation 16 [1/1] (0.00ns)   --->   "%dst_cols_V_c21 = alloca i8, align 1"   --->   Operation 16 'alloca' 'dst_cols_V_c21' <Predicate = true> <Delay = 0.00> <Core = "FIFO">   --->   Core 32 'FIFO' <Latency = 0> <II = 1> <Delay = 2.26> <Storage> <Opcode : 'read' 'write' 'nbread' 'nbwrite'> <Ports = 0> <Width = 8> <Depth = 2> <FIFO>
ST_1 : Operation 17 [1/1] (0.00ns)   --->   "%dst_rows_V_c20 = alloca i1, align 1"   --->   Operation 17 'alloca' 'dst_rows_V_c20' <Predicate = true> <Delay = 0.00> <Core = "FIFO">   --->   Core 32 'FIFO' <Latency = 0> <II = 1> <Delay = 2.26> <Storage> <Opcode : 'read' 'write' 'nbread' 'nbwrite'> <Ports = 0> <Width = 8> <Depth = 2> <FIFO>
ST_1 : Operation 18 [1/1] (0.00ns)   --->   "%src_cols_V_c19 = alloca i32, align 4"   --->   Operation 18 'alloca' 'src_cols_V_c19' <Predicate = true> <Delay = 0.00> <Core = "FIFO">   --->   Core 32 'FIFO' <Latency = 0> <II = 1> <Delay = 2.26> <Storage> <Opcode : 'read' 'write' 'nbread' 'nbwrite'> <Ports = 0> <Width = 8> <Depth = 2> <FIFO>
ST_1 : Operation 19 [1/1] (0.00ns)   --->   "%src_rows_V_c18 = alloca i32, align 4"   --->   Operation 19 'alloca' 'src_rows_V_c18' <Predicate = true> <Delay = 0.00> <Core = "FIFO">   --->   Core 32 'FIFO' <Latency = 0> <II = 1> <Delay = 2.26> <Storage> <Opcode : 'read' 'write' 'nbread' 'nbwrite'> <Ports = 0> <Width = 8> <Depth = 2> <FIFO>
ST_1 : Operation 20 [1/1] (0.00ns)   --->   "%thresh_c = alloca i32, align 4"   --->   Operation 20 'alloca' 'thresh_c' <Predicate = true> <Delay = 0.00> <Core = "FIFO">   --->   Core 32 'FIFO' <Latency = 0> <II = 1> <Delay = 2.26> <Storage> <Opcode : 'read' 'write' 'nbread' 'nbwrite'> <Ports = 0> <Width = 8> <Depth = 2> <FIFO>
ST_1 : Operation 21 [1/1] (0.00ns)   --->   "%dst_cols_V_c = alloca i8, align 1"   --->   Operation 21 'alloca' 'dst_cols_V_c' <Predicate = true> <Delay = 0.00> <Core = "FIFO">   --->   Core 32 'FIFO' <Latency = 0> <II = 1> <Delay = 2.26> <Storage> <Opcode : 'read' 'write' 'nbread' 'nbwrite'> <Ports = 0> <Width = 8> <Depth = 2> <FIFO>
ST_1 : Operation 22 [1/1] (0.00ns)   --->   "%dst_rows_V_c = alloca i1, align 1"   --->   Operation 22 'alloca' 'dst_rows_V_c' <Predicate = true> <Delay = 0.00> <Core = "FIFO">   --->   Core 32 'FIFO' <Latency = 0> <II = 1> <Delay = 2.26> <Storage> <Opcode : 'read' 'write' 'nbread' 'nbwrite'> <Ports = 0> <Width = 8> <Depth = 2> <FIFO>
ST_1 : Operation 23 [1/1] (0.00ns)   --->   "%edge_cols_c = alloca i32, align 4"   --->   Operation 23 'alloca' 'edge_cols_c' <Predicate = true> <Delay = 0.00> <Core = "FIFO">   --->   Core 32 'FIFO' <Latency = 0> <II = 1> <Delay = 2.26> <Storage> <Opcode : 'read' 'write' 'nbread' 'nbwrite'> <Ports = 0> <Width = 8> <Depth = 2> <FIFO>
ST_1 : Operation 24 [1/1] (0.00ns)   --->   "%edge_rows_c = alloca i32, align 4"   --->   Operation 24 'alloca' 'edge_rows_c' <Predicate = true> <Delay = 0.00> <Core = "FIFO">   --->   Core 32 'FIFO' <Latency = 0> <II = 1> <Delay = 2.26> <Storage> <Opcode : 'read' 'write' 'nbread' 'nbwrite'> <Ports = 0> <Width = 8> <Depth = 2> <FIFO>
ST_1 : Operation 25 [1/1] (0.00ns)   --->   "%src_cols_V_c = alloca i32, align 4"   --->   Operation 25 'alloca' 'src_cols_V_c' <Predicate = true> <Delay = 0.00> <Core = "FIFO">   --->   Core 32 'FIFO' <Latency = 0> <II = 1> <Delay = 2.26> <Storage> <Opcode : 'read' 'write' 'nbread' 'nbwrite'> <Ports = 0> <Width = 8> <Depth = 2> <FIFO>
ST_1 : Operation 26 [1/1] (0.00ns)   --->   "%src_rows_V_c = alloca i32, align 4"   --->   Operation 26 'alloca' 'src_rows_V_c' <Predicate = true> <Delay = 0.00> <Core = "FIFO">   --->   Core 32 'FIFO' <Latency = 0> <II = 1> <Delay = 2.26> <Storage> <Opcode : 'read' 'write' 'nbread' 'nbwrite'> <Ports = 0> <Width = 8> <Depth = 2> <FIFO>
ST_1 : Operation 27 [1/1] (0.00ns)   --->   "%src_data_stream_0_V = alloca i8, align 1" [image_core.cpp:20]   --->   Operation 27 'alloca' 'src_data_stream_0_V' <Predicate = true> <Delay = 0.00> <Core = "FIFO">   --->   Core 32 'FIFO' <Latency = 0> <II = 1> <Delay = 2.26> <Storage> <Opcode : 'read' 'write' 'nbread' 'nbwrite'> <Ports = 0> <Width = 8> <Depth = 2> <FIFO>
ST_1 : Operation 28 [1/1] (1.99ns)   --->   "%edge_val = alloca [76800 x i8], align 1" [image_core.cpp:21]   --->   Operation 28 'alloca' 'edge_val' <Predicate = true> <Delay = 1.99>
ST_1 : Operation 29 [1/1] (1.99ns)   --->   "%lines = alloca [100 x i32], align 16" [image_core.cpp:22]   --->   Operation 29 'alloca' 'lines' <Predicate = true> <Delay = 1.99>
ST_1 : Operation 30 [1/1] (0.00ns)   --->   "%dst_data_stream_0_V = alloca i16, align 2" [image_core.cpp:23]   --->   Operation 30 'alloca' 'dst_data_stream_0_V' <Predicate = true> <Delay = 0.00> <Core = "FIFO">   --->   Core 32 'FIFO' <Latency = 0> <II = 1> <Delay = 2.26> <Storage> <Opcode : 'read' 'write' 'nbread' 'nbwrite'> <Ports = 0> <Width = 8> <Depth = 2> <FIFO>
ST_1 : Operation 31 [1/1] (0.00ns)   --->   "%dst_data_stream_1_V = alloca i16, align 2" [image_core.cpp:23]   --->   Operation 31 'alloca' 'dst_data_stream_1_V' <Predicate = true> <Delay = 0.00> <Core = "FIFO">   --->   Core 32 'FIFO' <Latency = 0> <II = 1> <Delay = 2.26> <Storage> <Opcode : 'read' 'write' 'nbread' 'nbwrite'> <Ports = 0> <Width = 8> <Depth = 2> <FIFO>
ST_1 : Operation 32 [1/1] (2.26ns)   --->   "call fastcc void @Block_Mat.exit6_proc(i32 %rows_read, i32 %cols_read, i32 %thresh_read, i32* %src_rows_V_c, i32* %src_cols_V_c, i32* %edge_rows_c, i32* %edge_cols_c, i1* %dst_rows_V_c, i8* %dst_cols_V_c, i32* %thresh_c)"   --->   Operation 32 'call' <Predicate = true> <Delay = 2.26> <CoreType = "Generic">   --->   Core 0 '' <Latency = 0> <II = 1> <Delay = 1.00> <Generic> <Opcode : >

State 2 <SV = 1> <Delay = 0.00>
ST_2 : Operation 33 [2/2] (0.00ns)   --->   "call fastcc void @AXIvideo2Mat(i8* %src_axis_V_data_V, i1* %src_axis_V_keep_V, i1* %src_axis_V_strb_V, i1* %src_axis_V_user_V, i1* %src_axis_V_last_V, i1* %src_axis_V_id_V, i1* %src_axis_V_dest_V, i32* nocapture %src_rows_V_c, i32* nocapture %src_cols_V_c, i8* %src_data_stream_0_V, i32* %src_rows_V_c18, i32* %src_cols_V_c19)" [image_core.cpp:25]   --->   Operation 33 'call' <Predicate = true> <Delay = 0.00> <CoreType = "Generic">   --->   Core 0 '' <Latency = 0> <II = 1> <Delay = 1.00> <Generic> <Opcode : >

State 3 <SV = 2> <Delay = 0.00>
ST_3 : Operation 34 [1/2] (0.00ns)   --->   "call fastcc void @AXIvideo2Mat(i8* %src_axis_V_data_V, i1* %src_axis_V_keep_V, i1* %src_axis_V_strb_V, i1* %src_axis_V_user_V, i1* %src_axis_V_last_V, i1* %src_axis_V_id_V, i1* %src_axis_V_dest_V, i32* nocapture %src_rows_V_c, i32* nocapture %src_cols_V_c, i8* %src_data_stream_0_V, i32* %src_rows_V_c18, i32* %src_cols_V_c19)" [image_core.cpp:25]   --->   Operation 34 'call' <Predicate = true> <Delay = 0.00> <CoreType = "Generic">   --->   Core 0 '' <Latency = 0> <II = 1> <Delay = 1.00> <Generic> <Opcode : >

State 4 <SV = 3> <Delay = 0.00>
ST_4 : Operation 35 [2/2] (0.00ns)   --->   "call fastcc void @Mat2Array2D(i32* %src_rows_V_c18, i32* %src_cols_V_c19, i8* %src_data_stream_0_V, [76800 x i8]* %edge_val)" [image_core.cpp:26]   --->   Operation 35 'call' <Predicate = true> <Delay = 0.00> <CoreType = "Generic">   --->   Core 0 '' <Latency = 0> <II = 1> <Delay = 1.00> <Generic> <Opcode : >

State 5 <SV = 4> <Delay = 0.00>
ST_5 : Operation 36 [1/2] (0.00ns)   --->   "call fastcc void @Mat2Array2D(i32* %src_rows_V_c18, i32* %src_cols_V_c19, i8* %src_data_stream_0_V, [76800 x i8]* %edge_val)" [image_core.cpp:26]   --->   Operation 36 'call' <Predicate = true> <Delay = 0.00> <CoreType = "Generic">   --->   Core 0 '' <Latency = 0> <II = 1> <Delay = 1.00> <Generic> <Opcode : >

State 6 <SV = 5> <Delay = 0.00>
ST_6 : Operation 37 [2/2] (0.00ns)   --->   "call fastcc void @HoughLinesStandard([76800 x i8]* %edge_val, i32* %edge_rows_c, i32* %edge_cols_c, i32* %thresh_c, [100 x i32]* %lines)" [image_core.cpp:27]   --->   Operation 37 'call' <Predicate = true> <Delay = 0.00> <CoreType = "Generic">   --->   Core 0 '' <Latency = 0> <II = 1> <Delay = 1.00> <Generic> <Opcode : >

State 7 <SV = 6> <Delay = 0.00>
ST_7 : Operation 38 [1/2] (0.00ns)   --->   "call fastcc void @HoughLinesStandard([76800 x i8]* %edge_val, i32* %edge_rows_c, i32* %edge_cols_c, i32* %thresh_c, [100 x i32]* %lines)" [image_core.cpp:27]   --->   Operation 38 'call' <Predicate = true> <Delay = 0.00> <CoreType = "Generic">   --->   Core 0 '' <Latency = 0> <II = 1> <Delay = 1.00> <Generic> <Opcode : >

State 8 <SV = 7> <Delay = 0.00>
ST_8 : Operation 39 [2/2] (0.00ns)   --->   "call fastcc void @Array2Mat([100 x i32]* nocapture %lines, i1* nocapture %dst_rows_V_c, i8* nocapture %dst_cols_V_c, i16* %dst_data_stream_0_V, i16* %dst_data_stream_1_V, i1* %dst_rows_V_c20, i8* %dst_cols_V_c21)" [image_core.cpp:28]   --->   Operation 39 'call' <Predicate = true> <Delay = 0.00> <CoreType = "Generic">   --->   Core 0 '' <Latency = 0> <II = 1> <Delay = 1.00> <Generic> <Opcode : >

State 9 <SV = 8> <Delay = 0.00>
ST_9 : Operation 40 [1/2] (0.00ns)   --->   "call fastcc void @Array2Mat([100 x i32]* nocapture %lines, i1* nocapture %dst_rows_V_c, i8* nocapture %dst_cols_V_c, i16* %dst_data_stream_0_V, i16* %dst_data_stream_1_V, i1* %dst_rows_V_c20, i8* %dst_cols_V_c21)" [image_core.cpp:28]   --->   Operation 40 'call' <Predicate = true> <Delay = 0.00> <CoreType = "Generic">   --->   Core 0 '' <Latency = 0> <II = 1> <Delay = 1.00> <Generic> <Opcode : >

State 10 <SV = 9> <Delay = 0.00>
ST_10 : Operation 41 [2/2] (0.00ns)   --->   "call fastcc void @Mat2AXIvideo(i1* nocapture %dst_rows_V_c20, i8* nocapture %dst_cols_V_c21, i16* %dst_data_stream_0_V, i16* %dst_data_stream_1_V, i32* %dst_axis_V_data_V, i4* %dst_axis_V_keep_V, i4* %dst_axis_V_strb_V, i1* %dst_axis_V_user_V, i1* %dst_axis_V_last_V, i1* %dst_axis_V_id_V, i1* %dst_axis_V_dest_V)" [image_core.cpp:29]   --->   Operation 41 'call' <Predicate = true> <Delay = 0.00> <CoreType = "Generic">   --->   Core 0 '' <Latency = 0> <II = 1> <Delay = 1.00> <Generic> <Opcode : >

State 11 <SV = 10> <Delay = 0.00>
ST_11 : Operation 42 [1/2] (0.00ns)   --->   "call fastcc void @Mat2AXIvideo(i1* nocapture %dst_rows_V_c20, i8* nocapture %dst_cols_V_c21, i16* %dst_data_stream_0_V, i16* %dst_data_stream_1_V, i32* %dst_axis_V_data_V, i4* %dst_axis_V_keep_V, i4* %dst_axis_V_strb_V, i1* %dst_axis_V_user_V, i1* %dst_axis_V_last_V, i1* %dst_axis_V_id_V, i1* %dst_axis_V_dest_V)" [image_core.cpp:29]   --->   Operation 42 'call' <Predicate = true> <Delay = 0.00> <CoreType = "Generic">   --->   Core 0 '' <Latency = 0> <II = 1> <Delay = 1.00> <Generic> <Opcode : >

State 12 <SV = 11> <Delay = 0.00>
ST_12 : Operation 43 [1/1] (0.00ns)   --->   "call void (...)* @_ssdm_op_SpecDataflowPipeline(i32 -1, [1 x i8]* @p_str) nounwind" [image_core.cpp:11]   --->   Operation 43 'specdataflowpipeline' <Predicate = true> <Delay = 0.00>
ST_12 : Operation 44 [1/1] (0.00ns)   --->   "call void (...)* @_ssdm_op_SpecBitsMap(i8* %src_axis_V_data_V), !map !224"   --->   Operation 44 'specbitsmap' <Predicate = true> <Delay = 0.00>
ST_12 : Operation 45 [1/1] (0.00ns)   --->   "call void (...)* @_ssdm_op_SpecBitsMap(i1* %src_axis_V_keep_V), !map !230"   --->   Operation 45 'specbitsmap' <Predicate = true> <Delay = 0.00>
ST_12 : Operation 46 [1/1] (0.00ns)   --->   "call void (...)* @_ssdm_op_SpecBitsMap(i1* %src_axis_V_strb_V), !map !234"   --->   Operation 46 'specbitsmap' <Predicate = true> <Delay = 0.00>
ST_12 : Operation 47 [1/1] (0.00ns)   --->   "call void (...)* @_ssdm_op_SpecBitsMap(i1* %src_axis_V_user_V), !map !238"   --->   Operation 47 'specbitsmap' <Predicate = true> <Delay = 0.00>
ST_12 : Operation 48 [1/1] (0.00ns)   --->   "call void (...)* @_ssdm_op_SpecBitsMap(i1* %src_axis_V_last_V), !map !242"   --->   Operation 48 'specbitsmap' <Predicate = true> <Delay = 0.00>
ST_12 : Operation 49 [1/1] (0.00ns)   --->   "call void (...)* @_ssdm_op_SpecBitsMap(i1* %src_axis_V_id_V), !map !246"   --->   Operation 49 'specbitsmap' <Predicate = true> <Delay = 0.00>
ST_12 : Operation 50 [1/1] (0.00ns)   --->   "call void (...)* @_ssdm_op_SpecBitsMap(i1* %src_axis_V_dest_V), !map !250"   --->   Operation 50 'specbitsmap' <Predicate = true> <Delay = 0.00>
ST_12 : Operation 51 [1/1] (0.00ns)   --->   "call void (...)* @_ssdm_op_SpecBitsMap(i32* %dst_axis_V_data_V), !map !254"   --->   Operation 51 'specbitsmap' <Predicate = true> <Delay = 0.00>
ST_12 : Operation 52 [1/1] (0.00ns)   --->   "call void (...)* @_ssdm_op_SpecBitsMap(i4* %dst_axis_V_keep_V), !map !258"   --->   Operation 52 'specbitsmap' <Predicate = true> <Delay = 0.00>
ST_12 : Operation 53 [1/1] (0.00ns)   --->   "call void (...)* @_ssdm_op_SpecBitsMap(i4* %dst_axis_V_strb_V), !map !262"   --->   Operation 53 'specbitsmap' <Predicate = true> <Delay = 0.00>
ST_12 : Operation 54 [1/1] (0.00ns)   --->   "call void (...)* @_ssdm_op_SpecBitsMap(i1* %dst_axis_V_user_V), !map !266"   --->   Operation 54 'specbitsmap' <Predicate = true> <Delay = 0.00>
ST_12 : Operation 55 [1/1] (0.00ns)   --->   "call void (...)* @_ssdm_op_SpecBitsMap(i1* %dst_axis_V_last_V), !map !270"   --->   Operation 55 'specbitsmap' <Predicate = true> <Delay = 0.00>
ST_12 : Operation 56 [1/1] (0.00ns)   --->   "call void (...)* @_ssdm_op_SpecBitsMap(i1* %dst_axis_V_id_V), !map !274"   --->   Operation 56 'specbitsmap' <Predicate = true> <Delay = 0.00>
ST_12 : Operation 57 [1/1] (0.00ns)   --->   "call void (...)* @_ssdm_op_SpecBitsMap(i1* %dst_axis_V_dest_V), !map !278"   --->   Operation 57 'specbitsmap' <Predicate = true> <Delay = 0.00>
ST_12 : Operation 58 [1/1] (0.00ns)   --->   "call void (...)* @_ssdm_op_SpecBitsMap(i32 %rows), !map !282"   --->   Operation 58 'specbitsmap' <Predicate = true> <Delay = 0.00>
ST_12 : Operation 59 [1/1] (0.00ns)   --->   "call void (...)* @_ssdm_op_SpecBitsMap(i32 %cols), !map !288"   --->   Operation 59 'specbitsmap' <Predicate = true> <Delay = 0.00>
ST_12 : Operation 60 [1/1] (0.00ns)   --->   "call void (...)* @_ssdm_op_SpecBitsMap(i32 %thresh), !map !292"   --->   Operation 60 'specbitsmap' <Predicate = true> <Delay = 0.00>
ST_12 : Operation 61 [1/1] (0.00ns)   --->   "call void (...)* @_ssdm_op_SpecTopModule([16 x i8]* @HoughLines_Core_str) nounwind"   --->   Operation 61 'spectopmodule' <Predicate = true> <Delay = 0.00>
ST_12 : Operation 62 [1/1] (0.00ns)   --->   "%empty = call i32 (...)* @_ssdm_op_SpecChannel([21 x i8]* @src_OC_data_stream_L, i32 1, [1 x i8]* @p_str, [1 x i8]* @p_str, i32 2, i32 2, i8* %src_data_stream_0_V, i8* %src_data_stream_0_V)"   --->   Operation 62 'specchannel' 'empty' <Predicate = true> <Delay = 0.00>
ST_12 : Operation 63 [1/1] (0.00ns)   --->   "call void (...)* @_ssdm_op_SpecInterface(i8* %src_data_stream_0_V, [8 x i8]* @ap_fifo_str, i32 0, i32 0, [1 x i8]* @p_str, i32 0, i32 0, [1 x i8]* @p_str, [1 x i8]* @p_str, [1 x i8]* @p_str, i32 2, i32 2, i32 16, i32 16, [1 x i8]* @p_str, [1 x i8]* @p_str)"   --->   Operation 63 'specinterface' <Predicate = true> <Delay = 0.00>
ST_12 : Operation 64 [1/1] (0.00ns)   --->   "%empty_160 = call i32 (...)* @_ssdm_op_SpecChannel([21 x i8]* @dst_OC_data_stream_L_1, i32 1, [1 x i8]* @p_str, [1 x i8]* @p_str, i32 2, i32 2, i16* %dst_data_stream_0_V, i16* %dst_data_stream_0_V)"   --->   Operation 64 'specchannel' 'empty_160' <Predicate = true> <Delay = 0.00>
ST_12 : Operation 65 [1/1] (0.00ns)   --->   "call void (...)* @_ssdm_op_SpecInterface(i16* %dst_data_stream_0_V, [8 x i8]* @ap_fifo_str, i32 0, i32 0, [1 x i8]* @p_str, i32 0, i32 0, [1 x i8]* @p_str, [1 x i8]* @p_str, [1 x i8]* @p_str, i32 2, i32 2, i32 16, i32 16, [1 x i8]* @p_str, [1 x i8]* @p_str)"   --->   Operation 65 'specinterface' <Predicate = true> <Delay = 0.00>
ST_12 : Operation 66 [1/1] (0.00ns)   --->   "%empty_161 = call i32 (...)* @_ssdm_op_SpecChannel([21 x i8]* @dst_OC_data_stream_L, i32 1, [1 x i8]* @p_str, [1 x i8]* @p_str, i32 2, i32 2, i16* %dst_data_stream_1_V, i16* %dst_data_stream_1_V)"   --->   Operation 66 'specchannel' 'empty_161' <Predicate = true> <Delay = 0.00>
ST_12 : Operation 67 [1/1] (0.00ns)   --->   "call void (...)* @_ssdm_op_SpecInterface(i16* %dst_data_stream_1_V, [8 x i8]* @ap_fifo_str, i32 0, i32 0, [1 x i8]* @p_str, i32 0, i32 0, [1 x i8]* @p_str, [1 x i8]* @p_str, [1 x i8]* @p_str, i32 2, i32 2, i32 16, i32 16, [1 x i8]* @p_str, [1 x i8]* @p_str)"   --->   Operation 67 'specinterface' <Predicate = true> <Delay = 0.00>
ST_12 : Operation 68 [1/1] (0.00ns)   --->   "call void (...)* @_ssdm_op_SpecInterface(i8* %src_axis_V_data_V, i1* %src_axis_V_keep_V, i1* %src_axis_V_strb_V, i1* %src_axis_V_user_V, i1* %src_axis_V_last_V, i1* %src_axis_V_id_V, i1* %src_axis_V_dest_V, [5 x i8]* @p_str2, i32 1, i32 1, [5 x i8]* @p_str3, i32 0, i32 0, [1 x i8]* @p_str, [1 x i8]* @p_str, [1 x i8]* @p_str, i32 0, i32 0, i32 0, i32 0, [1 x i8]* @p_str, [1 x i8]* @p_str) nounwind" [image_core.cpp:13]   --->   Operation 68 'specinterface' <Predicate = true> <Delay = 0.00>
ST_12 : Operation 69 [1/1] (0.00ns)   --->   "call void (...)* @_ssdm_op_SpecInterface(i32* %dst_axis_V_data_V, i4* %dst_axis_V_keep_V, i4* %dst_axis_V_strb_V, i1* %dst_axis_V_user_V, i1* %dst_axis_V_last_V, i1* %dst_axis_V_id_V, i1* %dst_axis_V_dest_V, [5 x i8]* @p_str2, i32 1, i32 1, [5 x i8]* @p_str3, i32 0, i32 0, [1 x i8]* @p_str, [1 x i8]* @p_str, [1 x i8]* @p_str, i32 0, i32 0, i32 0, i32 0, [1 x i8]* @p_str, [1 x i8]* @p_str) nounwind" [image_core.cpp:14]   --->   Operation 69 'specinterface' <Predicate = true> <Delay = 0.00>
ST_12 : Operation 70 [1/1] (0.00ns)   --->   "call void (...)* @_ssdm_op_SpecInterface(i32 %rows, [10 x i8]* @p_str4, i32 0, i32 0, [1 x i8]* @p_str, i32 0, i32 0, [5 x i8]* @p_str5, [1 x i8]* @p_str, [1 x i8]* @p_str, i32 0, i32 0, i32 0, i32 0, [1 x i8]* @p_str, [1 x i8]* @p_str) nounwind" [image_core.cpp:15]   --->   Operation 70 'specinterface' <Predicate = true> <Delay = 0.00>
ST_12 : Operation 71 [1/1] (0.00ns)   --->   "call void (...)* @_ssdm_op_SpecInterface(i32 %cols, [10 x i8]* @p_str4, i32 0, i32 0, [1 x i8]* @p_str, i32 0, i32 0, [5 x i8]* @p_str5, [1 x i8]* @p_str, [1 x i8]* @p_str, i32 0, i32 0, i32 0, i32 0, [1 x i8]* @p_str, [1 x i8]* @p_str) nounwind" [image_core.cpp:16]   --->   Operation 71 'specinterface' <Predicate = true> <Delay = 0.00>
ST_12 : Operation 72 [1/1] (0.00ns)   --->   "call void (...)* @_ssdm_op_SpecInterface(i32 %thresh, [10 x i8]* @p_str4, i32 0, i32 0, [1 x i8]* @p_str, i32 0, i32 0, [5 x i8]* @p_str5, [1 x i8]* @p_str, [1 x i8]* @p_str, i32 0, i32 0, i32 0, i32 0, [1 x i8]* @p_str, [1 x i8]* @p_str) nounwind" [image_core.cpp:17]   --->   Operation 72 'specinterface' <Predicate = true> <Delay = 0.00>
ST_12 : Operation 73 [1/1] (0.00ns)   --->   "call void (...)* @_ssdm_op_SpecInterface(i32 0, [10 x i8]* @p_str4, i32 0, i32 0, [1 x i8]* @p_str, i32 0, i32 0, [5 x i8]* @p_str5, [1 x i8]* @p_str, [1 x i8]* @p_str, i32 0, i32 0, i32 0, i32 0, [1 x i8]* @p_str, [1 x i8]* @p_str) nounwind" [image_core.cpp:18]   --->   Operation 73 'specinterface' <Predicate = true> <Delay = 0.00>
ST_12 : Operation 74 [1/1] (0.00ns)   --->   "%empty_162 = call i32 (...)* @_ssdm_op_SpecChannel([13 x i8]* @src_OC_rows_OC_V_c_s, i32 1, [1 x i8]* @p_str, [1 x i8]* @p_str, i32 2, i32 0, i32* %src_rows_V_c, i32* %src_rows_V_c)"   --->   Operation 74 'specchannel' 'empty_162' <Predicate = true> <Delay = 0.00>
ST_12 : Operation 75 [1/1] (0.00ns)   --->   "call void (...)* @_ssdm_op_SpecInterface(i32* %src_rows_V_c, [8 x i8]* @ap_fifo_str, i32 0, i32 0, [1 x i8]* @p_str, i32 0, i32 0, [1 x i8]* @p_str, [1 x i8]* @p_str, [1 x i8]* @p_str, i32 2, i32 2, i32 16, i32 16, [1 x i8]* @p_str, [1 x i8]* @p_str)"   --->   Operation 75 'specinterface' <Predicate = true> <Delay = 0.00>
ST_12 : Operation 76 [1/1] (0.00ns)   --->   "%empty_163 = call i32 (...)* @_ssdm_op_SpecChannel([13 x i8]* @src_OC_cols_OC_V_c_s, i32 1, [1 x i8]* @p_str, [1 x i8]* @p_str, i32 2, i32 0, i32* %src_cols_V_c, i32* %src_cols_V_c)"   --->   Operation 76 'specchannel' 'empty_163' <Predicate = true> <Delay = 0.00>
ST_12 : Operation 77 [1/1] (0.00ns)   --->   "call void (...)* @_ssdm_op_SpecInterface(i32* %src_cols_V_c, [8 x i8]* @ap_fifo_str, i32 0, i32 0, [1 x i8]* @p_str, i32 0, i32 0, [1 x i8]* @p_str, [1 x i8]* @p_str, [1 x i8]* @p_str, i32 2, i32 2, i32 16, i32 16, [1 x i8]* @p_str, [1 x i8]* @p_str)"   --->   Operation 77 'specinterface' <Predicate = true> <Delay = 0.00>
ST_12 : Operation 78 [1/1] (0.00ns)   --->   "%empty_164 = call i32 (...)* @_ssdm_op_SpecChannel([12 x i8]* @edge_OC_rows_c_str, i32 1, [1 x i8]* @p_str, [1 x i8]* @p_str, i32 4, i32 0, i32* %edge_rows_c, i32* %edge_rows_c)"   --->   Operation 78 'specchannel' 'empty_164' <Predicate = true> <Delay = 0.00>
ST_12 : Operation 79 [1/1] (0.00ns)   --->   "call void (...)* @_ssdm_op_SpecInterface(i32* %edge_rows_c, [8 x i8]* @ap_fifo_str, i32 0, i32 0, [1 x i8]* @p_str, i32 0, i32 0, [1 x i8]* @p_str, [1 x i8]* @p_str, [1 x i8]* @p_str, i32 2, i32 2, i32 16, i32 16, [1 x i8]* @p_str, [1 x i8]* @p_str)"   --->   Operation 79 'specinterface' <Predicate = true> <Delay = 0.00>
ST_12 : Operation 80 [1/1] (0.00ns)   --->   "%empty_165 = call i32 (...)* @_ssdm_op_SpecChannel([12 x i8]* @edge_OC_cols_c_str, i32 1, [1 x i8]* @p_str, [1 x i8]* @p_str, i32 4, i32 0, i32* %edge_cols_c, i32* %edge_cols_c)"   --->   Operation 80 'specchannel' 'empty_165' <Predicate = true> <Delay = 0.00>
ST_12 : Operation 81 [1/1] (0.00ns)   --->   "call void (...)* @_ssdm_op_SpecInterface(i32* %edge_cols_c, [8 x i8]* @ap_fifo_str, i32 0, i32 0, [1 x i8]* @p_str, i32 0, i32 0, [1 x i8]* @p_str, [1 x i8]* @p_str, [1 x i8]* @p_str, i32 2, i32 2, i32 16, i32 16, [1 x i8]* @p_str, [1 x i8]* @p_str)"   --->   Operation 81 'specinterface' <Predicate = true> <Delay = 0.00>
ST_12 : Operation 82 [1/1] (0.00ns)   --->   "%empty_166 = call i32 (...)* @_ssdm_op_SpecChannel([13 x i8]* @dst_OC_rows_OC_V_c_s, i32 1, [1 x i8]* @p_str, [1 x i8]* @p_str, i32 5, i32 0, i1* %dst_rows_V_c, i1* %dst_rows_V_c)"   --->   Operation 82 'specchannel' 'empty_166' <Predicate = true> <Delay = 0.00>
ST_12 : Operation 83 [1/1] (0.00ns)   --->   "call void (...)* @_ssdm_op_SpecInterface(i1* %dst_rows_V_c, [8 x i8]* @ap_fifo_str, i32 0, i32 0, [1 x i8]* @p_str, i32 0, i32 0, [1 x i8]* @p_str, [1 x i8]* @p_str, [1 x i8]* @p_str, i32 2, i32 2, i32 16, i32 16, [1 x i8]* @p_str, [1 x i8]* @p_str)"   --->   Operation 83 'specinterface' <Predicate = true> <Delay = 0.00>
ST_12 : Operation 84 [1/1] (0.00ns)   --->   "%empty_167 = call i32 (...)* @_ssdm_op_SpecChannel([13 x i8]* @dst_OC_cols_OC_V_c_s, i32 1, [1 x i8]* @p_str, [1 x i8]* @p_str, i32 5, i32 0, i8* %dst_cols_V_c, i8* %dst_cols_V_c)"   --->   Operation 84 'specchannel' 'empty_167' <Predicate = true> <Delay = 0.00>
ST_12 : Operation 85 [1/1] (0.00ns)   --->   "call void (...)* @_ssdm_op_SpecInterface(i8* %dst_cols_V_c, [8 x i8]* @ap_fifo_str, i32 0, i32 0, [1 x i8]* @p_str, i32 0, i32 0, [1 x i8]* @p_str, [1 x i8]* @p_str, [1 x i8]* @p_str, i32 2, i32 2, i32 16, i32 16, [1 x i8]* @p_str, [1 x i8]* @p_str)"   --->   Operation 85 'specinterface' <Predicate = true> <Delay = 0.00>
ST_12 : Operation 86 [1/1] (0.00ns)   --->   "%empty_168 = call i32 (...)* @_ssdm_op_SpecChannel([9 x i8]* @thresh_c_str, i32 1, [1 x i8]* @p_str, [1 x i8]* @p_str, i32 4, i32 0, i32* %thresh_c, i32* %thresh_c)"   --->   Operation 86 'specchannel' 'empty_168' <Predicate = true> <Delay = 0.00>
ST_12 : Operation 87 [1/1] (0.00ns)   --->   "call void (...)* @_ssdm_op_SpecInterface(i32* %thresh_c, [8 x i8]* @ap_fifo_str, i32 0, i32 0, [1 x i8]* @p_str, i32 0, i32 0, [1 x i8]* @p_str, [1 x i8]* @p_str, [1 x i8]* @p_str, i32 2, i32 2, i32 16, i32 16, [1 x i8]* @p_str, [1 x i8]* @p_str)"   --->   Operation 87 'specinterface' <Predicate = true> <Delay = 0.00>
ST_12 : Operation 88 [1/1] (0.00ns)   --->   "%empty_169 = call i32 (...)* @_ssdm_op_SpecChannel([15 x i8]* @src_OC_rows_OC_V_c18, i32 1, [1 x i8]* @p_str, [1 x i8]* @p_str, i32 2, i32 0, i32* %src_rows_V_c18, i32* %src_rows_V_c18)"   --->   Operation 88 'specchannel' 'empty_169' <Predicate = true> <Delay = 0.00>
ST_12 : Operation 89 [1/1] (0.00ns)   --->   "call void (...)* @_ssdm_op_SpecInterface(i32* %src_rows_V_c18, [8 x i8]* @ap_fifo_str, i32 0, i32 0, [1 x i8]* @p_str, i32 0, i32 0, [1 x i8]* @p_str, [1 x i8]* @p_str, [1 x i8]* @p_str, i32 2, i32 2, i32 16, i32 16, [1 x i8]* @p_str, [1 x i8]* @p_str)"   --->   Operation 89 'specinterface' <Predicate = true> <Delay = 0.00>
ST_12 : Operation 90 [1/1] (0.00ns)   --->   "%empty_170 = call i32 (...)* @_ssdm_op_SpecChannel([15 x i8]* @src_OC_cols_OC_V_c19, i32 1, [1 x i8]* @p_str, [1 x i8]* @p_str, i32 2, i32 0, i32* %src_cols_V_c19, i32* %src_cols_V_c19)"   --->   Operation 90 'specchannel' 'empty_170' <Predicate = true> <Delay = 0.00>
ST_12 : Operation 91 [1/1] (0.00ns)   --->   "call void (...)* @_ssdm_op_SpecInterface(i32* %src_cols_V_c19, [8 x i8]* @ap_fifo_str, i32 0, i32 0, [1 x i8]* @p_str, i32 0, i32 0, [1 x i8]* @p_str, [1 x i8]* @p_str, [1 x i8]* @p_str, i32 2, i32 2, i32 16, i32 16, [1 x i8]* @p_str, [1 x i8]* @p_str)"   --->   Operation 91 'specinterface' <Predicate = true> <Delay = 0.00>
ST_12 : Operation 92 [1/1] (0.00ns)   --->   "%empty_171 = call i32 (...)* @_ssdm_op_SpecChannel([15 x i8]* @dst_OC_rows_OC_V_c20, i32 1, [1 x i8]* @p_str, [1 x i8]* @p_str, i32 2, i32 0, i1* %dst_rows_V_c20, i1* %dst_rows_V_c20)"   --->   Operation 92 'specchannel' 'empty_171' <Predicate = true> <Delay = 0.00>
ST_12 : Operation 93 [1/1] (0.00ns)   --->   "call void (...)* @_ssdm_op_SpecInterface(i1* %dst_rows_V_c20, [8 x i8]* @ap_fifo_str, i32 0, i32 0, [1 x i8]* @p_str, i32 0, i32 0, [1 x i8]* @p_str, [1 x i8]* @p_str, [1 x i8]* @p_str, i32 2, i32 2, i32 16, i32 16, [1 x i8]* @p_str, [1 x i8]* @p_str)"   --->   Operation 93 'specinterface' <Predicate = true> <Delay = 0.00>
ST_12 : Operation 94 [1/1] (0.00ns)   --->   "%empty_172 = call i32 (...)* @_ssdm_op_SpecChannel([15 x i8]* @dst_OC_cols_OC_V_c21, i32 1, [1 x i8]* @p_str, [1 x i8]* @p_str, i32 2, i32 0, i8* %dst_cols_V_c21, i8* %dst_cols_V_c21)"   --->   Operation 94 'specchannel' 'empty_172' <Predicate = true> <Delay = 0.00>
ST_12 : Operation 95 [1/1] (0.00ns)   --->   "call void (...)* @_ssdm_op_SpecInterface(i8* %dst_cols_V_c21, [8 x i8]* @ap_fifo_str, i32 0, i32 0, [1 x i8]* @p_str, i32 0, i32 0, [1 x i8]* @p_str, [1 x i8]* @p_str, [1 x i8]* @p_str, i32 2, i32 2, i32 16, i32 16, [1 x i8]* @p_str, [1 x i8]* @p_str)"   --->   Operation 95 'specinterface' <Predicate = true> <Delay = 0.00>
ST_12 : Operation 96 [1/1] (0.00ns)   --->   "ret void" [image_core.cpp:30]   --->   Operation 96 'ret' <Predicate = true> <Delay = 0.00>


============================================================
+ Verbose Summary: Binding
============================================================
STG Binding: 
---------------- STG Properties BEGIN ----------------
- Is combinational: 0
- Is one-state seq: 0
- Is datapath-only: 0
- Is pipelined: 0
- Is top level: 1
Port [ Return ] is wired: 1; IO mode=ap_ctrl_hs:ce=0
Port [ src_axis_V_data_V]:  wired=1; compound=1; hidden=0; nouse=0; global=0; static=0; extern=0; dir=0; type=0; pingpong=0; private_global=0; IO mode=axis:ce=0
Port [ src_axis_V_keep_V]:  wired=1; compound=1; hidden=0; nouse=0; global=0; static=0; extern=0; dir=0; type=0; pingpong=0; private_global=0; IO mode=axis:ce=0
Port [ src_axis_V_strb_V]:  wired=1; compound=1; hidden=0; nouse=0; global=0; static=0; extern=0; dir=0; type=0; pingpong=0; private_global=0; IO mode=axis:ce=0
Port [ src_axis_V_user_V]:  wired=1; compound=1; hidden=0; nouse=0; global=0; static=0; extern=0; dir=0; type=0; pingpong=0; private_global=0; IO mode=axis:ce=0
Port [ src_axis_V_last_V]:  wired=1; compound=1; hidden=0; nouse=0; global=0; static=0; extern=0; dir=0; type=0; pingpong=0; private_global=0; IO mode=axis:ce=0
Port [ src_axis_V_id_V]:  wired=1; compound=1; hidden=0; nouse=0; global=0; static=0; extern=0; dir=0; type=0; pingpong=0; private_global=0; IO mode=axis:ce=0
Port [ src_axis_V_dest_V]:  wired=1; compound=1; hidden=0; nouse=0; global=0; static=0; extern=0; dir=0; type=0; pingpong=0; private_global=0; IO mode=axis:ce=0
Port [ dst_axis_V_data_V]:  wired=1; compound=1; hidden=0; nouse=0; global=0; static=0; extern=0; dir=1; type=0; pingpong=0; private_global=0; IO mode=axis:ce=0
Port [ dst_axis_V_keep_V]:  wired=1; compound=1; hidden=0; nouse=0; global=0; static=0; extern=0; dir=1; type=0; pingpong=0; private_global=0; IO mode=axis:ce=0
Port [ dst_axis_V_strb_V]:  wired=1; compound=1; hidden=0; nouse=0; global=0; static=0; extern=0; dir=1; type=0; pingpong=0; private_global=0; IO mode=axis:ce=0
Port [ dst_axis_V_user_V]:  wired=1; compound=1; hidden=0; nouse=0; global=0; static=0; extern=0; dir=1; type=0; pingpong=0; private_global=0; IO mode=axis:ce=0
Port [ dst_axis_V_last_V]:  wired=1; compound=1; hidden=0; nouse=0; global=0; static=0; extern=0; dir=1; type=0; pingpong=0; private_global=0; IO mode=axis:ce=0
Port [ dst_axis_V_id_V]:  wired=1; compound=1; hidden=0; nouse=0; global=0; static=0; extern=0; dir=1; type=0; pingpong=0; private_global=0; IO mode=axis:ce=0
Port [ dst_axis_V_dest_V]:  wired=1; compound=1; hidden=0; nouse=0; global=0; static=0; extern=0; dir=1; type=0; pingpong=0; private_global=0; IO mode=axis:ce=0
Port [ rows]:  wired=1; compound=0; hidden=0; nouse=0; global=0; static=0; extern=0; dir=0; type=0; pingpong=0; private_global=0; IO mode=ap_none:ce=0
Port [ cols]:  wired=1; compound=0; hidden=0; nouse=0; global=0; static=0; extern=0; dir=0; type=0; pingpong=0; private_global=0; IO mode=ap_none:ce=0
Port [ thresh]:  wired=1; compound=0; hidden=0; nouse=0; global=0; static=0; extern=0; dir=0; type=0; pingpong=0; private_global=0; IO mode=ap_none:ce=0
Port [ ref_4oPi_table_100_V]:  wired=0; compound=1; hidden=1; nouse=1; global=1; static=1; extern=0; dir=0; type=1; pingpong=0; private_global=0; linkage=7; visibility=0; MemPort=[1]; IO mode=ap_memory:ce=0
Port [ second_order_float_2]:  wired=0; compound=1; hidden=1; nouse=1; global=1; static=1; extern=0; dir=0; type=1; pingpong=0; private_global=0; linkage=7; visibility=0; MemPort=[1]; IO mode=ap_memory:ce=0
Port [ second_order_float_3]:  wired=0; compound=1; hidden=1; nouse=1; global=1; static=1; extern=0; dir=0; type=1; pingpong=0; private_global=0; linkage=7; visibility=0; MemPort=[1]; IO mode=ap_memory:ce=0
Port [ second_order_float_s]:  wired=0; compound=1; hidden=1; nouse=1; global=1; static=1; extern=0; dir=0; type=1; pingpong=0; private_global=0; linkage=7; visibility=0; MemPort=[1]; IO mode=ap_memory:ce=0
Port [ mask_table1]:  wired=0; compound=1; hidden=1; nouse=1; global=1; static=1; extern=0; dir=0; type=1; pingpong=0; private_global=0; linkage=7; visibility=0; MemPort=[1]; IO mode=ap_memory:ce=0
Port [ one_half_table2]:  wired=0; compound=1; hidden=1; nouse=1; global=1; static=1; extern=0; dir=0; type=1; pingpong=0; private_global=0; linkage=7; visibility=0; MemPort=[1]; IO mode=ap_memory:ce=0
---------------- STG Properties END ------------------

---------------- Datapath Model BEGIN ----------------

<LifeTime>
<method=bitvector/>
thresh_read         (read                ) [ 0000000000000]
cols_read           (read                ) [ 0000000000000]
rows_read           (read                ) [ 0000000000000]
dst_cols_V_c21      (alloca              ) [ 0011111111111]
dst_rows_V_c20      (alloca              ) [ 0011111111111]
src_cols_V_c19      (alloca              ) [ 0011111111111]
src_rows_V_c18      (alloca              ) [ 0011111111111]
thresh_c            (alloca              ) [ 0111111111111]
dst_cols_V_c        (alloca              ) [ 0111111111111]
dst_rows_V_c        (alloca              ) [ 0111111111111]
edge_cols_c         (alloca              ) [ 0111111111111]
edge_rows_c         (alloca              ) [ 0111111111111]
src_cols_V_c        (alloca              ) [ 0111111111111]
src_rows_V_c        (alloca              ) [ 0111111111111]
src_data_stream_0_V (alloca              ) [ 0011111111111]
edge_val            (alloca              ) [ 0011111100000]
lines               (alloca              ) [ 0011111111000]
dst_data_stream_0_V (alloca              ) [ 0011111111111]
dst_data_stream_1_V (alloca              ) [ 0011111111111]
StgValue_32         (call                ) [ 0000000000000]
StgValue_34         (call                ) [ 0000000000000]
StgValue_36         (call                ) [ 0000000000000]
StgValue_38         (call                ) [ 0000000000000]
StgValue_40         (call                ) [ 0000000000000]
StgValue_42         (call                ) [ 0000000000000]
StgValue_43         (specdataflowpipeline) [ 0000000000000]
StgValue_44         (specbitsmap         ) [ 0000000000000]
StgValue_45         (specbitsmap         ) [ 0000000000000]
StgValue_46         (specbitsmap         ) [ 0000000000000]
StgValue_47         (specbitsmap         ) [ 0000000000000]
StgValue_48         (specbitsmap         ) [ 0000000000000]
StgValue_49         (specbitsmap         ) [ 0000000000000]
StgValue_50         (specbitsmap         ) [ 0000000000000]
StgValue_51         (specbitsmap         ) [ 0000000000000]
StgValue_52         (specbitsmap         ) [ 0000000000000]
StgValue_53         (specbitsmap         ) [ 0000000000000]
StgValue_54         (specbitsmap         ) [ 0000000000000]
StgValue_55         (specbitsmap         ) [ 0000000000000]
StgValue_56         (specbitsmap         ) [ 0000000000000]
StgValue_57         (specbitsmap         ) [ 0000000000000]
StgValue_58         (specbitsmap         ) [ 0000000000000]
StgValue_59         (specbitsmap         ) [ 0000000000000]
StgValue_60         (specbitsmap         ) [ 0000000000000]
StgValue_61         (spectopmodule       ) [ 0000000000000]
empty               (specchannel         ) [ 0000000000000]
StgValue_63         (specinterface       ) [ 0000000000000]
empty_160           (specchannel         ) [ 0000000000000]
StgValue_65         (specinterface       ) [ 0000000000000]
empty_161           (specchannel         ) [ 0000000000000]
StgValue_67         (specinterface       ) [ 0000000000000]
StgValue_68         (specinterface       ) [ 0000000000000]
StgValue_69         (specinterface       ) [ 0000000000000]
StgValue_70         (specinterface       ) [ 0000000000000]
StgValue_71         (specinterface       ) [ 0000000000000]
StgValue_72         (specinterface       ) [ 0000000000000]
StgValue_73         (specinterface       ) [ 0000000000000]
empty_162           (specchannel         ) [ 0000000000000]
StgValue_75         (specinterface       ) [ 0000000000000]
empty_163           (specchannel         ) [ 0000000000000]
StgValue_77         (specinterface       ) [ 0000000000000]
empty_164           (specchannel         ) [ 0000000000000]
StgValue_79         (specinterface       ) [ 0000000000000]
empty_165           (specchannel         ) [ 0000000000000]
StgValue_81         (specinterface       ) [ 0000000000000]
empty_166           (specchannel         ) [ 0000000000000]
StgValue_83         (specinterface       ) [ 0000000000000]
empty_167           (specchannel         ) [ 0000000000000]
StgValue_85         (specinterface       ) [ 0000000000000]
empty_168           (specchannel         ) [ 0000000000000]
StgValue_87         (specinterface       ) [ 0000000000000]
empty_169           (specchannel         ) [ 0000000000000]
StgValue_89         (specinterface       ) [ 0000000000000]
empty_170           (specchannel         ) [ 0000000000000]
StgValue_91         (specinterface       ) [ 0000000000000]
empty_171           (specchannel         ) [ 0000000000000]
StgValue_93         (specinterface       ) [ 0000000000000]
empty_172           (specchannel         ) [ 0000000000000]
StgValue_95         (specinterface       ) [ 0000000000000]
StgValue_96         (ret                 ) [ 0000000000000]
</LifeTime>

<model>

<comp_list>
<comp id="0" class="1000" name="src_axis_V_data_V">
<pin_list>
<pin id="1" dir="1" index="0" bw="1" slack="0"/>
</pin_list>
<bind>
<StgValue><ssdm name="src_axis_V_data_V"/></StgValue>
</bind>
</comp>

<comp id="2" class="1000" name="src_axis_V_keep_V">
<pin_list>
<pin id="3" dir="1" index="0" bw="1" slack="0"/>
</pin_list>
<bind>
<StgValue><ssdm name="src_axis_V_keep_V"/></StgValue>
</bind>
</comp>

<comp id="4" class="1000" name="src_axis_V_strb_V">
<pin_list>
<pin id="5" dir="1" index="0" bw="1" slack="0"/>
</pin_list>
<bind>
<StgValue><ssdm name="src_axis_V_strb_V"/></StgValue>
</bind>
</comp>

<comp id="6" class="1000" name="src_axis_V_user_V">
<pin_list>
<pin id="7" dir="1" index="0" bw="1" slack="0"/>
</pin_list>
<bind>
<StgValue><ssdm name="src_axis_V_user_V"/></StgValue>
</bind>
</comp>

<comp id="8" class="1000" name="src_axis_V_last_V">
<pin_list>
<pin id="9" dir="1" index="0" bw="1" slack="0"/>
</pin_list>
<bind>
<StgValue><ssdm name="src_axis_V_last_V"/></StgValue>
</bind>
</comp>

<comp id="10" class="1000" name="src_axis_V_id_V">
<pin_list>
<pin id="11" dir="1" index="0" bw="1" slack="0"/>
</pin_list>
<bind>
<StgValue><ssdm name="src_axis_V_id_V"/></StgValue>
</bind>
</comp>

<comp id="12" class="1000" name="src_axis_V_dest_V">
<pin_list>
<pin id="13" dir="1" index="0" bw="1" slack="0"/>
</pin_list>
<bind>
<StgValue><ssdm name="src_axis_V_dest_V"/></StgValue>
</bind>
</comp>

<comp id="14" class="1000" name="dst_axis_V_data_V">
<pin_list>
<pin id="15" dir="1" index="0" bw="1" slack="0"/>
</pin_list>
<bind>
<StgValue><ssdm name="dst_axis_V_data_V"/></StgValue>
</bind>
</comp>

<comp id="16" class="1000" name="dst_axis_V_keep_V">
<pin_list>
<pin id="17" dir="1" index="0" bw="1" slack="0"/>
</pin_list>
<bind>
<StgValue><ssdm name="dst_axis_V_keep_V"/></StgValue>
</bind>
</comp>

<comp id="18" class="1000" name="dst_axis_V_strb_V">
<pin_list>
<pin id="19" dir="1" index="0" bw="1" slack="0"/>
</pin_list>
<bind>
<StgValue><ssdm name="dst_axis_V_strb_V"/></StgValue>
</bind>
</comp>

<comp id="20" class="1000" name="dst_axis_V_user_V">
<pin_list>
<pin id="21" dir="1" index="0" bw="1" slack="0"/>
</pin_list>
<bind>
<StgValue><ssdm name="dst_axis_V_user_V"/></StgValue>
</bind>
</comp>

<comp id="22" class="1000" name="dst_axis_V_last_V">
<pin_list>
<pin id="23" dir="1" index="0" bw="1" slack="0"/>
</pin_list>
<bind>
<StgValue><ssdm name="dst_axis_V_last_V"/></StgValue>
</bind>
</comp>

<comp id="24" class="1000" name="dst_axis_V_id_V">
<pin_list>
<pin id="25" dir="1" index="0" bw="1" slack="0"/>
</pin_list>
<bind>
<StgValue><ssdm name="dst_axis_V_id_V"/></StgValue>
</bind>
</comp>

<comp id="26" class="1000" name="dst_axis_V_dest_V">
<pin_list>
<pin id="27" dir="1" index="0" bw="1" slack="0"/>
</pin_list>
<bind>
<StgValue><ssdm name="dst_axis_V_dest_V"/></StgValue>
</bind>
</comp>

<comp id="28" class="1000" name="rows">
<pin_list>
<pin id="29" dir="1" index="0" bw="1" slack="0"/>
</pin_list>
<bind>
<StgValue><ssdm name="rows"/></StgValue>
</bind>
</comp>

<comp id="30" class="1000" name="cols">
<pin_list>
<pin id="31" dir="1" index="0" bw="1" slack="0"/>
</pin_list>
<bind>
<StgValue><ssdm name="cols"/></StgValue>
</bind>
</comp>

<comp id="32" class="1000" name="thresh">
<pin_list>
<pin id="33" dir="1" index="0" bw="1" slack="0"/>
</pin_list>
<bind>
<StgValue><ssdm name="thresh"/></StgValue>
</bind>
</comp>

<comp id="34" class="1000" name="ref_4oPi_table_100_V">
<pin_list>
<pin id="35" dir="1" index="0" bw="1" slack="0"/>
</pin_list>
<bind>
<StgValue><ssdm name="ref_4oPi_table_100_V"/><MemPortTyVec>1 </MemPortTyVec>
</StgValue>
</bind>
</comp>

<comp id="36" class="1000" name="second_order_float_2">
<pin_list>
<pin id="37" dir="1" index="0" bw="1" slack="0"/>
</pin_list>
<bind>
<StgValue><ssdm name="second_order_float_2"/><MemPortTyVec>1 </MemPortTyVec>
</StgValue>
</bind>
</comp>

<comp id="38" class="1000" name="second_order_float_3">
<pin_list>
<pin id="39" dir="1" index="0" bw="1" slack="0"/>
</pin_list>
<bind>
<StgValue><ssdm name="second_order_float_3"/><MemPortTyVec>1 </MemPortTyVec>
</StgValue>
</bind>
</comp>

<comp id="40" class="1000" name="second_order_float_s">
<pin_list>
<pin id="41" dir="1" index="0" bw="1" slack="0"/>
</pin_list>
<bind>
<StgValue><ssdm name="second_order_float_s"/><MemPortTyVec>1 </MemPortTyVec>
</StgValue>
</bind>
</comp>

<comp id="42" class="1000" name="mask_table1">
<pin_list>
<pin id="43" dir="1" index="0" bw="1" slack="0"/>
</pin_list>
<bind>
<StgValue><ssdm name="mask_table1"/><MemPortTyVec>1 </MemPortTyVec>
</StgValue>
</bind>
</comp>

<comp id="44" class="1000" name="one_half_table2">
<pin_list>
<pin id="45" dir="1" index="0" bw="1" slack="0"/>
</pin_list>
<bind>
<StgValue><ssdm name="one_half_table2"/><MemPortTyVec>1 </MemPortTyVec>
</StgValue>
</bind>
</comp>

<comp id="46" class="1001" name="const_46">
<pin_list>
<pin id="47" dir="1" index="0" bw="1" slack="0"/>
</pin_list>
<bind>
<StgValue><ssdm name="_ssdm_op_Read.s_axilite.i32"/></StgValue>
</bind>
</comp>

<comp id="48" class="1001" name="const_48">
<pin_list>
<pin id="49" dir="1" index="0" bw="1" slack="0"/>
</pin_list>
<bind>
<StgValue><ssdm name=""/></StgValue>
</bind>
</comp>

<comp id="50" class="1001" name="const_50">
<pin_list>
<pin id="51" dir="1" index="0" bw="1" slack="0"/>
</pin_list>
<bind>
<StgValue><ssdm name="Block_Mat.exit6_proc"/></StgValue>
</bind>
</comp>

<comp id="52" class="1001" name="const_52">
<pin_list>
<pin id="53" dir="1" index="0" bw="1" slack="0"/>
</pin_list>
<bind>
<StgValue><ssdm name="AXIvideo2Mat"/></StgValue>
</bind>
</comp>

<comp id="54" class="1001" name="const_54">
<pin_list>
<pin id="55" dir="1" index="0" bw="1" slack="0"/>
</pin_list>
<bind>
<StgValue><ssdm name="Mat2Array2D"/></StgValue>
</bind>
</comp>

<comp id="56" class="1001" name="const_56">
<pin_list>
<pin id="57" dir="1" index="0" bw="1" slack="0"/>
</pin_list>
<bind>
<StgValue><ssdm name="HoughLinesStandard"/></StgValue>
</bind>
</comp>

<comp id="58" class="1001" name="const_58">
<pin_list>
<pin id="59" dir="1" index="0" bw="1" slack="0"/>
</pin_list>
<bind>
<StgValue><ssdm name="Array2Mat"/></StgValue>
</bind>
</comp>

<comp id="60" class="1001" name="const_60">
<pin_list>
<pin id="61" dir="1" index="0" bw="1" slack="0"/>
</pin_list>
<bind>
<StgValue><ssdm name="Mat2AXIvideo"/></StgValue>
</bind>
</comp>

<comp id="62" class="1001" name="const_62">
<pin_list>
<pin id="63" dir="1" index="0" bw="1" slack="2147483647"/>
</pin_list>
<bind>
<StgValue><ssdm name="_ssdm_op_SpecDataflowPipeline"/></StgValue>
</bind>
</comp>

<comp id="64" class="1001" name="const_64">
<pin_list>
<pin id="65" dir="1" index="0" bw="1" slack="2147483647"/>
</pin_list>
<bind>
<StgValue><ssdm name=""/></StgValue>
</bind>
</comp>

<comp id="66" class="1001" name="const_66">
<pin_list>
<pin id="67" dir="1" index="0" bw="1" slack="2147483647"/>
</pin_list>
<bind>
<StgValue><ssdm name="p_str"/></StgValue>
</bind>
</comp>

<comp id="68" class="1001" name="const_68">
<pin_list>
<pin id="69" dir="1" index="0" bw="1" slack="2147483647"/>
</pin_list>
<bind>
<StgValue><ssdm name="_ssdm_op_SpecBitsMap"/></StgValue>
</bind>
</comp>

<comp id="70" class="1001" name="const_70">
<pin_list>
<pin id="71" dir="1" index="0" bw="1" slack="2147483647"/>
</pin_list>
<bind>
<StgValue><ssdm name="_ssdm_op_SpecTopModule"/></StgValue>
</bind>
</comp>

<comp id="72" class="1001" name="const_72">
<pin_list>
<pin id="73" dir="1" index="0" bw="1" slack="2147483647"/>
</pin_list>
<bind>
<StgValue><ssdm name="HoughLines_Core_str"/></StgValue>
</bind>
</comp>

<comp id="74" class="1001" name="const_74">
<pin_list>
<pin id="75" dir="1" index="0" bw="1" slack="2147483647"/>
</pin_list>
<bind>
<StgValue><ssdm name="_ssdm_op_SpecChannel"/></StgValue>
</bind>
</comp>

<comp id="76" class="1001" name="const_76">
<pin_list>
<pin id="77" dir="1" index="0" bw="1" slack="2147483647"/>
</pin_list>
<bind>
<StgValue><ssdm name="src_OC_data_stream_L"/></StgValue>
</bind>
</comp>

<comp id="78" class="1001" name="const_78">
<pin_list>
<pin id="79" dir="1" index="0" bw="1" slack="2147483647"/>
</pin_list>
<bind>
<StgValue><ssdm name=""/></StgValue>
</bind>
</comp>

<comp id="80" class="1001" name="const_80">
<pin_list>
<pin id="81" dir="1" index="0" bw="1" slack="2147483647"/>
</pin_list>
<bind>
<StgValue><ssdm name=""/></StgValue>
</bind>
</comp>

<comp id="82" class="1001" name="const_82">
<pin_list>
<pin id="83" dir="1" index="0" bw="1" slack="2147483647"/>
</pin_list>
<bind>
<StgValue><ssdm name="_ssdm_op_SpecInterface"/></StgValue>
</bind>
</comp>

<comp id="84" class="1001" name="const_84">
<pin_list>
<pin id="85" dir="1" index="0" bw="1" slack="2147483647"/>
</pin_list>
<bind>
<StgValue><ssdm name="ap_fifo_str"/></StgValue>
</bind>
</comp>

<comp id="86" class="1001" name="const_86">
<pin_list>
<pin id="87" dir="1" index="0" bw="1" slack="2147483647"/>
</pin_list>
<bind>
<StgValue><ssdm name=""/></StgValue>
</bind>
</comp>

<comp id="88" class="1001" name="const_88">
<pin_list>
<pin id="89" dir="1" index="0" bw="1" slack="2147483647"/>
</pin_list>
<bind>
<StgValue><ssdm name=""/></StgValue>
</bind>
</comp>

<comp id="90" class="1001" name="const_90">
<pin_list>
<pin id="91" dir="1" index="0" bw="1" slack="2147483647"/>
</pin_list>
<bind>
<StgValue><ssdm name="dst_OC_data_stream_L_1"/></StgValue>
</bind>
</comp>

<comp id="92" class="1001" name="const_92">
<pin_list>
<pin id="93" dir="1" index="0" bw="1" slack="2147483647"/>
</pin_list>
<bind>
<StgValue><ssdm name="dst_OC_data_stream_L"/></StgValue>
</bind>
</comp>

<comp id="94" class="1001" name="const_94">
<pin_list>
<pin id="95" dir="1" index="0" bw="1" slack="2147483647"/>
</pin_list>
<bind>
<StgValue><ssdm name="p_str2"/></StgValue>
</bind>
</comp>

<comp id="96" class="1001" name="const_96">
<pin_list>
<pin id="97" dir="1" index="0" bw="1" slack="2147483647"/>
</pin_list>
<bind>
<StgValue><ssdm name="p_str3"/></StgValue>
</bind>
</comp>

<comp id="98" class="1001" name="const_98">
<pin_list>
<pin id="99" dir="1" index="0" bw="1" slack="2147483647"/>
</pin_list>
<bind>
<StgValue><ssdm name="p_str4"/></StgValue>
</bind>
</comp>

<comp id="100" class="1001" name="const_100">
<pin_list>
<pin id="101" dir="1" index="0" bw="1" slack="2147483647"/>
</pin_list>
<bind>
<StgValue><ssdm name="p_str5"/></StgValue>
</bind>
</comp>

<comp id="102" class="1001" name="const_102">
<pin_list>
<pin id="103" dir="1" index="0" bw="1" slack="2147483647"/>
</pin_list>
<bind>
<StgValue><ssdm name="src_OC_rows_OC_V_c_s"/></StgValue>
</bind>
</comp>

<comp id="104" class="1001" name="const_104">
<pin_list>
<pin id="105" dir="1" index="0" bw="1" slack="2147483647"/>
</pin_list>
<bind>
<StgValue><ssdm name="src_OC_cols_OC_V_c_s"/></StgValue>
</bind>
</comp>

<comp id="106" class="1001" name="const_106">
<pin_list>
<pin id="107" dir="1" index="0" bw="1" slack="2147483647"/>
</pin_list>
<bind>
<StgValue><ssdm name="edge_OC_rows_c_str"/></StgValue>
</bind>
</comp>

<comp id="108" class="1001" name="const_108">
<pin_list>
<pin id="109" dir="1" index="0" bw="1" slack="2147483647"/>
</pin_list>
<bind>
<StgValue><ssdm name=""/></StgValue>
</bind>
</comp>

<comp id="110" class="1001" name="const_110">
<pin_list>
<pin id="111" dir="1" index="0" bw="1" slack="2147483647"/>
</pin_list>
<bind>
<StgValue><ssdm name="edge_OC_cols_c_str"/></StgValue>
</bind>
</comp>

<comp id="112" class="1001" name="const_112">
<pin_list>
<pin id="113" dir="1" index="0" bw="1" slack="2147483647"/>
</pin_list>
<bind>
<StgValue><ssdm name="dst_OC_rows_OC_V_c_s"/></StgValue>
</bind>
</comp>

<comp id="114" class="1001" name="const_114">
<pin_list>
<pin id="115" dir="1" index="0" bw="1" slack="2147483647"/>
</pin_list>
<bind>
<StgValue><ssdm name=""/></StgValue>
</bind>
</comp>

<comp id="116" class="1001" name="const_116">
<pin_list>
<pin id="117" dir="1" index="0" bw="1" slack="2147483647"/>
</pin_list>
<bind>
<StgValue><ssdm name="dst_OC_cols_OC_V_c_s"/></StgValue>
</bind>
</comp>

<comp id="118" class="1001" name="const_118">
<pin_list>
<pin id="119" dir="1" index="0" bw="1" slack="2147483647"/>
</pin_list>
<bind>
<StgValue><ssdm name="thresh_c_str"/></StgValue>
</bind>
</comp>

<comp id="120" class="1001" name="const_120">
<pin_list>
<pin id="121" dir="1" index="0" bw="1" slack="2147483647"/>
</pin_list>
<bind>
<StgValue><ssdm name="src_OC_rows_OC_V_c18"/></StgValue>
</bind>
</comp>

<comp id="122" class="1001" name="const_122">
<pin_list>
<pin id="123" dir="1" index="0" bw="1" slack="2147483647"/>
</pin_list>
<bind>
<StgValue><ssdm name="src_OC_cols_OC_V_c19"/></StgValue>
</bind>
</comp>

<comp id="124" class="1001" name="const_124">
<pin_list>
<pin id="125" dir="1" index="0" bw="1" slack="2147483647"/>
</pin_list>
<bind>
<StgValue><ssdm name="dst_OC_rows_OC_V_c20"/></StgValue>
</bind>
</comp>

<comp id="126" class="1001" name="const_126">
<pin_list>
<pin id="127" dir="1" index="0" bw="1" slack="2147483647"/>
</pin_list>
<bind>
<StgValue><ssdm name="dst_OC_cols_OC_V_c21"/></StgValue>
</bind>
</comp>

<comp id="128" class="1004" name="dst_cols_V_c21_fu_128">
<pin_list>
<pin id="129" dir="0" index="0" bw="1" slack="0"/>
<pin id="130" dir="1" index="1" bw="8" slack="7"/>
</pin_list>
<bind>
<opcode="alloca(26) " fcode="alloca"/>
<opset="dst_cols_V_c21/1 "/>
</bind>
</comp>

<comp id="132" class="1004" name="dst_rows_V_c20_fu_132">
<pin_list>
<pin id="133" dir="0" index="0" bw="1" slack="0"/>
<pin id="134" dir="1" index="1" bw="1" slack="7"/>
</pin_list>
<bind>
<opcode="alloca(26) " fcode="alloca"/>
<opset="dst_rows_V_c20/1 "/>
</bind>
</comp>

<comp id="136" class="1004" name="src_cols_V_c19_fu_136">
<pin_list>
<pin id="137" dir="0" index="0" bw="1" slack="0"/>
<pin id="138" dir="1" index="1" bw="32" slack="1"/>
</pin_list>
<bind>
<opcode="alloca(26) " fcode="alloca"/>
<opset="src_cols_V_c19/1 "/>
</bind>
</comp>

<comp id="140" class="1004" name="src_rows_V_c18_fu_140">
<pin_list>
<pin id="141" dir="0" index="0" bw="1" slack="0"/>
<pin id="142" dir="1" index="1" bw="32" slack="1"/>
</pin_list>
<bind>
<opcode="alloca(26) " fcode="alloca"/>
<opset="src_rows_V_c18/1 "/>
</bind>
</comp>

<comp id="144" class="1004" name="thresh_c_fu_144">
<pin_list>
<pin id="145" dir="0" index="0" bw="1" slack="0"/>
<pin id="146" dir="1" index="1" bw="32" slack="0"/>
</pin_list>
<bind>
<opcode="alloca(26) " fcode="alloca"/>
<opset="thresh_c/1 "/>
</bind>
</comp>

<comp id="148" class="1004" name="dst_cols_V_c_fu_148">
<pin_list>
<pin id="149" dir="0" index="0" bw="1" slack="0"/>
<pin id="150" dir="1" index="1" bw="8" slack="0"/>
</pin_list>
<bind>
<opcode="alloca(26) " fcode="alloca"/>
<opset="dst_cols_V_c/1 "/>
</bind>
</comp>

<comp id="152" class="1004" name="dst_rows_V_c_fu_152">
<pin_list>
<pin id="153" dir="0" index="0" bw="1" slack="0"/>
<pin id="154" dir="1" index="1" bw="1" slack="0"/>
</pin_list>
<bind>
<opcode="alloca(26) " fcode="alloca"/>
<opset="dst_rows_V_c/1 "/>
</bind>
</comp>

<comp id="156" class="1004" name="edge_cols_c_fu_156">
<pin_list>
<pin id="157" dir="0" index="0" bw="1" slack="0"/>
<pin id="158" dir="1" index="1" bw="32" slack="0"/>
</pin_list>
<bind>
<opcode="alloca(26) " fcode="alloca"/>
<opset="edge_cols_c/1 "/>
</bind>
</comp>

<comp id="160" class="1004" name="edge_rows_c_fu_160">
<pin_list>
<pin id="161" dir="0" index="0" bw="1" slack="0"/>
<pin id="162" dir="1" index="1" bw="32" slack="0"/>
</pin_list>
<bind>
<opcode="alloca(26) " fcode="alloca"/>
<opset="edge_rows_c/1 "/>
</bind>
</comp>

<comp id="164" class="1004" name="src_cols_V_c_fu_164">
<pin_list>
<pin id="165" dir="0" index="0" bw="1" slack="0"/>
<pin id="166" dir="1" index="1" bw="32" slack="0"/>
</pin_list>
<bind>
<opcode="alloca(26) " fcode="alloca"/>
<opset="src_cols_V_c/1 "/>
</bind>
</comp>

<comp id="168" class="1004" name="src_rows_V_c_fu_168">
<pin_list>
<pin id="169" dir="0" index="0" bw="1" slack="0"/>
<pin id="170" dir="1" index="1" bw="32" slack="0"/>
</pin_list>
<bind>
<opcode="alloca(26) " fcode="alloca"/>
<opset="src_rows_V_c/1 "/>
</bind>
</comp>

<comp id="172" class="1004" name="src_data_stream_0_V_fu_172">
<pin_list>
<pin id="173" dir="0" index="0" bw="1" slack="0"/>
<pin id="174" dir="1" index="1" bw="8" slack="1"/>
</pin_list>
<bind>
<opcode="alloca(26) " fcode="alloca"/>
<opset="src_data_stream_0_V/1 "/>
</bind>
</comp>

<comp id="176" class="1004" name="edge_val_alloca_fu_176">
<pin_list>
<pin id="177" dir="0" index="0" bw="1" slack="0"/>
<pin id="178" dir="1" index="1" bw="8" slack="2147483647"/>
</pin_list>
<bind>
<opcode="alloca(26) " fcode="alloca"/>
<opset="edge_val/1 "/>
</bind>
</comp>

<comp id="180" class="1004" name="lines_alloca_fu_180">
<pin_list>
<pin id="181" dir="0" index="0" bw="1" slack="0"/>
<pin id="182" dir="1" index="1" bw="32" slack="2147483647"/>
</pin_list>
<bind>
<opcode="alloca(26) " fcode="alloca"/>
<opset="lines/1 "/>
</bind>
</comp>

<comp id="184" class="1004" name="dst_data_stream_0_V_fu_184">
<pin_list>
<pin id="185" dir="0" index="0" bw="1" slack="0"/>
<pin id="186" dir="1" index="1" bw="16" slack="7"/>
</pin_list>
<bind>
<opcode="alloca(26) " fcode="alloca"/>
<opset="dst_data_stream_0_V/1 "/>
</bind>
</comp>

<comp id="188" class="1004" name="dst_data_stream_1_V_fu_188">
<pin_list>
<pin id="189" dir="0" index="0" bw="1" slack="0"/>
<pin id="190" dir="1" index="1" bw="16" slack="7"/>
</pin_list>
<bind>
<opcode="alloca(26) " fcode="alloca"/>
<opset="dst_data_stream_1_V/1 "/>
</bind>
</comp>

<comp id="192" class="1004" name="thresh_read_read_fu_192">
<pin_list>
<pin id="193" dir="0" index="0" bw="32" slack="0"/>
<pin id="194" dir="0" index="1" bw="32" slack="0"/>
<pin id="195" dir="1" index="2" bw="32" slack="0"/>
</pin_list>
<bind>
<opcode="read(1150) " fcode="read"/>
<opset="thresh_read/1 "/>
</bind>
</comp>

<comp id="198" class="1004" name="cols_read_read_fu_198">
<pin_list>
<pin id="199" dir="0" index="0" bw="32" slack="0"/>
<pin id="200" dir="0" index="1" bw="32" slack="0"/>
<pin id="201" dir="1" index="2" bw="32" slack="0"/>
</pin_list>
<bind>
<opcode="read(1150) " fcode="read"/>
<opset="cols_read/1 "/>
</bind>
</comp>

<comp id="204" class="1004" name="rows_read_read_fu_204">
<pin_list>
<pin id="205" dir="0" index="0" bw="32" slack="0"/>
<pin id="206" dir="0" index="1" bw="32" slack="0"/>
<pin id="207" dir="1" index="2" bw="32" slack="0"/>
</pin_list>
<bind>
<opcode="read(1150) " fcode="read"/>
<opset="rows_read/1 "/>
</bind>
</comp>

<comp id="210" class="1004" name="grp_HoughLinesStandard_fu_210">
<pin_list>
<pin id="211" dir="0" index="0" bw="0" slack="0"/>
<pin id="212" dir="0" index="1" bw="8" slack="2147483647"/>
<pin id="213" dir="0" index="2" bw="32" slack="5"/>
<pin id="214" dir="0" index="3" bw="32" slack="5"/>
<pin id="215" dir="0" index="4" bw="32" slack="5"/>
<pin id="216" dir="0" index="5" bw="32" slack="2147483647"/>
<pin id="217" dir="0" index="6" bw="100" slack="0"/>
<pin id="218" dir="0" index="7" bw="30" slack="0"/>
<pin id="219" dir="0" index="8" bw="23" slack="0"/>
<pin id="220" dir="0" index="9" bw="15" slack="0"/>
<pin id="221" dir="0" index="10" bw="23" slack="0"/>
<pin id="222" dir="0" index="11" bw="24" slack="0"/>
<pin id="223" dir="1" index="12" bw="0" slack="2147483647"/>
</pin_list>
<bind>
<opcode="call(48) " fcode="call"/>
<opset="StgValue_37/6 "/>
</bind>
</comp>

<comp id="231" class="1004" name="grp_Mat2Array2D_fu_231">
<pin_list>
<pin id="232" dir="0" index="0" bw="0" slack="0"/>
<pin id="233" dir="0" index="1" bw="32" slack="3"/>
<pin id="234" dir="0" index="2" bw="32" slack="3"/>
<pin id="235" dir="0" index="3" bw="8" slack="3"/>
<pin id="236" dir="0" index="4" bw="8" slack="2147483647"/>
<pin id="237" dir="1" index="5" bw="0" slack="2147483647"/>
</pin_list>
<bind>
<opcode="call(48) " fcode="call"/>
<opset="StgValue_35/4 "/>
</bind>
</comp>

<comp id="239" class="1004" name="grp_AXIvideo2Mat_fu_239">
<pin_list>
<pin id="240" dir="0" index="0" bw="0" slack="0"/>
<pin id="241" dir="0" index="1" bw="8" slack="0"/>
<pin id="242" dir="0" index="2" bw="1" slack="0"/>
<pin id="243" dir="0" index="3" bw="1" slack="0"/>
<pin id="244" dir="0" index="4" bw="1" slack="0"/>
<pin id="245" dir="0" index="5" bw="1" slack="0"/>
<pin id="246" dir="0" index="6" bw="1" slack="0"/>
<pin id="247" dir="0" index="7" bw="1" slack="0"/>
<pin id="248" dir="0" index="8" bw="32" slack="1"/>
<pin id="249" dir="0" index="9" bw="32" slack="1"/>
<pin id="250" dir="0" index="10" bw="8" slack="1"/>
<pin id="251" dir="0" index="11" bw="32" slack="1"/>
<pin id="252" dir="0" index="12" bw="32" slack="1"/>
<pin id="253" dir="1" index="13" bw="0" slack="2147483647"/>
</pin_list>
<bind>
<opcode="call(48) " fcode="call"/>
<opset="StgValue_33/2 "/>
</bind>
</comp>

<comp id="262" class="1004" name="grp_Mat2AXIvideo_fu_262">
<pin_list>
<pin id="263" dir="0" index="0" bw="0" slack="0"/>
<pin id="264" dir="0" index="1" bw="1" slack="9"/>
<pin id="265" dir="0" index="2" bw="8" slack="9"/>
<pin id="266" dir="0" index="3" bw="16" slack="9"/>
<pin id="267" dir="0" index="4" bw="16" slack="9"/>
<pin id="268" dir="0" index="5" bw="32" slack="0"/>
<pin id="269" dir="0" index="6" bw="4" slack="0"/>
<pin id="270" dir="0" index="7" bw="4" slack="0"/>
<pin id="271" dir="0" index="8" bw="1" slack="0"/>
<pin id="272" dir="0" index="9" bw="1" slack="0"/>
<pin id="273" dir="0" index="10" bw="1" slack="0"/>
<pin id="274" dir="0" index="11" bw="1" slack="0"/>
<pin id="275" dir="1" index="12" bw="0" slack="2147483647"/>
</pin_list>
<bind>
<opcode="call(48) " fcode="call"/>
<opset="StgValue_41/10 "/>
</bind>
</comp>

<comp id="284" class="1004" name="grp_Array2Mat_fu_284">
<pin_list>
<pin id="285" dir="0" index="0" bw="0" slack="0"/>
<pin id="286" dir="0" index="1" bw="32" slack="2147483647"/>
<pin id="287" dir="0" index="2" bw="1" slack="7"/>
<pin id="288" dir="0" index="3" bw="8" slack="7"/>
<pin id="289" dir="0" index="4" bw="16" slack="7"/>
<pin id="290" dir="0" index="5" bw="16" slack="7"/>
<pin id="291" dir="0" index="6" bw="1" slack="7"/>
<pin id="292" dir="0" index="7" bw="8" slack="7"/>
<pin id="293" dir="1" index="8" bw="0" slack="2147483647"/>
</pin_list>
<bind>
<opcode="call(48) " fcode="call"/>
<opset="StgValue_39/8 "/>
</bind>
</comp>

<comp id="295" class="1004" name="StgValue_32_Block_Mat_exit6_proc_fu_295">
<pin_list>
<pin id="296" dir="0" index="0" bw="0" slack="0"/>
<pin id="297" dir="0" index="1" bw="32" slack="0"/>
<pin id="298" dir="0" index="2" bw="32" slack="0"/>
<pin id="299" dir="0" index="3" bw="32" slack="0"/>
<pin id="300" dir="0" index="4" bw="32" slack="0"/>
<pin id="301" dir="0" index="5" bw="32" slack="0"/>
<pin id="302" dir="0" index="6" bw="32" slack="0"/>
<pin id="303" dir="0" index="7" bw="32" slack="0"/>
<pin id="304" dir="0" index="8" bw="1" slack="0"/>
<pin id="305" dir="0" index="9" bw="8" slack="0"/>
<pin id="306" dir="0" index="10" bw="32" slack="0"/>
<pin id="307" dir="1" index="11" bw="0" slack="2147483647"/>
</pin_list>
<bind>
<opcode="call(48) " fcode="call"/>
<opset="StgValue_32/1 "/>
</bind>
</comp>

<comp id="312" class="1005" name="dst_cols_V_c21_reg_312">
<pin_list>
<pin id="313" dir="0" index="0" bw="8" slack="7"/>
<pin id="314" dir="1" index="1" bw="8" slack="7"/>
</pin_list>
<bind>
<opset="dst_cols_V_c21 "/>
</bind>
</comp>

<comp id="318" class="1005" name="dst_rows_V_c20_reg_318">
<pin_list>
<pin id="319" dir="0" index="0" bw="1" slack="7"/>
<pin id="320" dir="1" index="1" bw="1" slack="7"/>
</pin_list>
<bind>
<opset="dst_rows_V_c20 "/>
</bind>
</comp>

<comp id="324" class="1005" name="src_cols_V_c19_reg_324">
<pin_list>
<pin id="325" dir="0" index="0" bw="32" slack="1"/>
<pin id="326" dir="1" index="1" bw="32" slack="1"/>
</pin_list>
<bind>
<opset="src_cols_V_c19 "/>
</bind>
</comp>

<comp id="330" class="1005" name="src_rows_V_c18_reg_330">
<pin_list>
<pin id="331" dir="0" index="0" bw="32" slack="1"/>
<pin id="332" dir="1" index="1" bw="32" slack="1"/>
</pin_list>
<bind>
<opset="src_rows_V_c18 "/>
</bind>
</comp>

<comp id="336" class="1005" name="thresh_c_reg_336">
<pin_list>
<pin id="337" dir="0" index="0" bw="32" slack="0"/>
<pin id="338" dir="1" index="1" bw="32" slack="0"/>
</pin_list>
<bind>
<opset="thresh_c "/>
</bind>
</comp>

<comp id="342" class="1005" name="dst_cols_V_c_reg_342">
<pin_list>
<pin id="343" dir="0" index="0" bw="8" slack="0"/>
<pin id="344" dir="1" index="1" bw="8" slack="0"/>
</pin_list>
<bind>
<opset="dst_cols_V_c "/>
</bind>
</comp>

<comp id="348" class="1005" name="dst_rows_V_c_reg_348">
<pin_list>
<pin id="349" dir="0" index="0" bw="1" slack="0"/>
<pin id="350" dir="1" index="1" bw="1" slack="0"/>
</pin_list>
<bind>
<opset="dst_rows_V_c "/>
</bind>
</comp>

<comp id="354" class="1005" name="edge_cols_c_reg_354">
<pin_list>
<pin id="355" dir="0" index="0" bw="32" slack="0"/>
<pin id="356" dir="1" index="1" bw="32" slack="0"/>
</pin_list>
<bind>
<opset="edge_cols_c "/>
</bind>
</comp>

<comp id="360" class="1005" name="edge_rows_c_reg_360">
<pin_list>
<pin id="361" dir="0" index="0" bw="32" slack="0"/>
<pin id="362" dir="1" index="1" bw="32" slack="0"/>
</pin_list>
<bind>
<opset="edge_rows_c "/>
</bind>
</comp>

<comp id="366" class="1005" name="src_cols_V_c_reg_366">
<pin_list>
<pin id="367" dir="0" index="0" bw="32" slack="0"/>
<pin id="368" dir="1" index="1" bw="32" slack="0"/>
</pin_list>
<bind>
<opset="src_cols_V_c "/>
</bind>
</comp>

<comp id="372" class="1005" name="src_rows_V_c_reg_372">
<pin_list>
<pin id="373" dir="0" index="0" bw="32" slack="0"/>
<pin id="374" dir="1" index="1" bw="32" slack="0"/>
</pin_list>
<bind>
<opset="src_rows_V_c "/>
</bind>
</comp>

<comp id="378" class="1005" name="src_data_stream_0_V_reg_378">
<pin_list>
<pin id="379" dir="0" index="0" bw="8" slack="1"/>
<pin id="380" dir="1" index="1" bw="8" slack="1"/>
</pin_list>
<bind>
<opset="src_data_stream_0_V "/>
</bind>
</comp>

<comp id="384" class="1005" name="dst_data_stream_0_V_reg_384">
<pin_list>
<pin id="385" dir="0" index="0" bw="16" slack="7"/>
<pin id="386" dir="1" index="1" bw="16" slack="7"/>
</pin_list>
<bind>
<opset="dst_data_stream_0_V "/>
</bind>
</comp>

<comp id="390" class="1005" name="dst_data_stream_1_V_reg_390">
<pin_list>
<pin id="391" dir="0" index="0" bw="16" slack="7"/>
<pin id="392" dir="1" index="1" bw="16" slack="7"/>
</pin_list>
<bind>
<opset="dst_data_stream_1_V "/>
</bind>
</comp>

</comp_list>

<net_list>
<net id="131"><net_src comp="48" pin="0"/><net_sink comp="128" pin=0"/></net>

<net id="135"><net_src comp="48" pin="0"/><net_sink comp="132" pin=0"/></net>

<net id="139"><net_src comp="48" pin="0"/><net_sink comp="136" pin=0"/></net>

<net id="143"><net_src comp="48" pin="0"/><net_sink comp="140" pin=0"/></net>

<net id="147"><net_src comp="48" pin="0"/><net_sink comp="144" pin=0"/></net>

<net id="151"><net_src comp="48" pin="0"/><net_sink comp="148" pin=0"/></net>

<net id="155"><net_src comp="48" pin="0"/><net_sink comp="152" pin=0"/></net>

<net id="159"><net_src comp="48" pin="0"/><net_sink comp="156" pin=0"/></net>

<net id="163"><net_src comp="48" pin="0"/><net_sink comp="160" pin=0"/></net>

<net id="167"><net_src comp="48" pin="0"/><net_sink comp="164" pin=0"/></net>

<net id="171"><net_src comp="48" pin="0"/><net_sink comp="168" pin=0"/></net>

<net id="175"><net_src comp="48" pin="0"/><net_sink comp="172" pin=0"/></net>

<net id="179"><net_src comp="48" pin="0"/><net_sink comp="176" pin=0"/></net>

<net id="183"><net_src comp="48" pin="0"/><net_sink comp="180" pin=0"/></net>

<net id="187"><net_src comp="48" pin="0"/><net_sink comp="184" pin=0"/></net>

<net id="191"><net_src comp="48" pin="0"/><net_sink comp="188" pin=0"/></net>

<net id="196"><net_src comp="46" pin="0"/><net_sink comp="192" pin=0"/></net>

<net id="197"><net_src comp="32" pin="0"/><net_sink comp="192" pin=1"/></net>

<net id="202"><net_src comp="46" pin="0"/><net_sink comp="198" pin=0"/></net>

<net id="203"><net_src comp="30" pin="0"/><net_sink comp="198" pin=1"/></net>

<net id="208"><net_src comp="46" pin="0"/><net_sink comp="204" pin=0"/></net>

<net id="209"><net_src comp="28" pin="0"/><net_sink comp="204" pin=1"/></net>

<net id="224"><net_src comp="56" pin="0"/><net_sink comp="210" pin=0"/></net>

<net id="225"><net_src comp="34" pin="0"/><net_sink comp="210" pin=6"/></net>

<net id="226"><net_src comp="36" pin="0"/><net_sink comp="210" pin=7"/></net>

<net id="227"><net_src comp="38" pin="0"/><net_sink comp="210" pin=8"/></net>

<net id="228"><net_src comp="40" pin="0"/><net_sink comp="210" pin=9"/></net>

<net id="229"><net_src comp="42" pin="0"/><net_sink comp="210" pin=10"/></net>

<net id="230"><net_src comp="44" pin="0"/><net_sink comp="210" pin=11"/></net>

<net id="238"><net_src comp="54" pin="0"/><net_sink comp="231" pin=0"/></net>

<net id="254"><net_src comp="52" pin="0"/><net_sink comp="239" pin=0"/></net>

<net id="255"><net_src comp="0" pin="0"/><net_sink comp="239" pin=1"/></net>

<net id="256"><net_src comp="2" pin="0"/><net_sink comp="239" pin=2"/></net>

<net id="257"><net_src comp="4" pin="0"/><net_sink comp="239" pin=3"/></net>

<net id="258"><net_src comp="6" pin="0"/><net_sink comp="239" pin=4"/></net>

<net id="259"><net_src comp="8" pin="0"/><net_sink comp="239" pin=5"/></net>

<net id="260"><net_src comp="10" pin="0"/><net_sink comp="239" pin=6"/></net>

<net id="261"><net_src comp="12" pin="0"/><net_sink comp="239" pin=7"/></net>

<net id="276"><net_src comp="60" pin="0"/><net_sink comp="262" pin=0"/></net>

<net id="277"><net_src comp="14" pin="0"/><net_sink comp="262" pin=5"/></net>

<net id="278"><net_src comp="16" pin="0"/><net_sink comp="262" pin=6"/></net>

<net id="279"><net_src comp="18" pin="0"/><net_sink comp="262" pin=7"/></net>

<net id="280"><net_src comp="20" pin="0"/><net_sink comp="262" pin=8"/></net>

<net id="281"><net_src comp="22" pin="0"/><net_sink comp="262" pin=9"/></net>

<net id="282"><net_src comp="24" pin="0"/><net_sink comp="262" pin=10"/></net>

<net id="283"><net_src comp="26" pin="0"/><net_sink comp="262" pin=11"/></net>

<net id="294"><net_src comp="58" pin="0"/><net_sink comp="284" pin=0"/></net>

<net id="308"><net_src comp="50" pin="0"/><net_sink comp="295" pin=0"/></net>

<net id="309"><net_src comp="204" pin="2"/><net_sink comp="295" pin=1"/></net>

<net id="310"><net_src comp="198" pin="2"/><net_sink comp="295" pin=2"/></net>

<net id="311"><net_src comp="192" pin="2"/><net_sink comp="295" pin=3"/></net>

<net id="315"><net_src comp="128" pin="1"/><net_sink comp="312" pin=0"/></net>

<net id="316"><net_src comp="312" pin="1"/><net_sink comp="284" pin=7"/></net>

<net id="317"><net_src comp="312" pin="1"/><net_sink comp="262" pin=2"/></net>

<net id="321"><net_src comp="132" pin="1"/><net_sink comp="318" pin=0"/></net>

<net id="322"><net_src comp="318" pin="1"/><net_sink comp="284" pin=6"/></net>

<net id="323"><net_src comp="318" pin="1"/><net_sink comp="262" pin=1"/></net>

<net id="327"><net_src comp="136" pin="1"/><net_sink comp="324" pin=0"/></net>

<net id="328"><net_src comp="324" pin="1"/><net_sink comp="239" pin=12"/></net>

<net id="329"><net_src comp="324" pin="1"/><net_sink comp="231" pin=2"/></net>

<net id="333"><net_src comp="140" pin="1"/><net_sink comp="330" pin=0"/></net>

<net id="334"><net_src comp="330" pin="1"/><net_sink comp="239" pin=11"/></net>

<net id="335"><net_src comp="330" pin="1"/><net_sink comp="231" pin=1"/></net>

<net id="339"><net_src comp="144" pin="1"/><net_sink comp="336" pin=0"/></net>

<net id="340"><net_src comp="336" pin="1"/><net_sink comp="295" pin=10"/></net>

<net id="341"><net_src comp="336" pin="1"/><net_sink comp="210" pin=4"/></net>

<net id="345"><net_src comp="148" pin="1"/><net_sink comp="342" pin=0"/></net>

<net id="346"><net_src comp="342" pin="1"/><net_sink comp="295" pin=9"/></net>

<net id="347"><net_src comp="342" pin="1"/><net_sink comp="284" pin=3"/></net>

<net id="351"><net_src comp="152" pin="1"/><net_sink comp="348" pin=0"/></net>

<net id="352"><net_src comp="348" pin="1"/><net_sink comp="295" pin=8"/></net>

<net id="353"><net_src comp="348" pin="1"/><net_sink comp="284" pin=2"/></net>

<net id="357"><net_src comp="156" pin="1"/><net_sink comp="354" pin=0"/></net>

<net id="358"><net_src comp="354" pin="1"/><net_sink comp="295" pin=7"/></net>

<net id="359"><net_src comp="354" pin="1"/><net_sink comp="210" pin=3"/></net>

<net id="363"><net_src comp="160" pin="1"/><net_sink comp="360" pin=0"/></net>

<net id="364"><net_src comp="360" pin="1"/><net_sink comp="295" pin=6"/></net>

<net id="365"><net_src comp="360" pin="1"/><net_sink comp="210" pin=2"/></net>

<net id="369"><net_src comp="164" pin="1"/><net_sink comp="366" pin=0"/></net>

<net id="370"><net_src comp="366" pin="1"/><net_sink comp="295" pin=5"/></net>

<net id="371"><net_src comp="366" pin="1"/><net_sink comp="239" pin=9"/></net>

<net id="375"><net_src comp="168" pin="1"/><net_sink comp="372" pin=0"/></net>

<net id="376"><net_src comp="372" pin="1"/><net_sink comp="295" pin=4"/></net>

<net id="377"><net_src comp="372" pin="1"/><net_sink comp="239" pin=8"/></net>

<net id="381"><net_src comp="172" pin="1"/><net_sink comp="378" pin=0"/></net>

<net id="382"><net_src comp="378" pin="1"/><net_sink comp="239" pin=10"/></net>

<net id="383"><net_src comp="378" pin="1"/><net_sink comp="231" pin=3"/></net>

<net id="387"><net_src comp="184" pin="1"/><net_sink comp="384" pin=0"/></net>

<net id="388"><net_src comp="384" pin="1"/><net_sink comp="284" pin=4"/></net>

<net id="389"><net_src comp="384" pin="1"/><net_sink comp="262" pin=3"/></net>

<net id="393"><net_src comp="188" pin="1"/><net_sink comp="390" pin=0"/></net>

<net id="394"><net_src comp="390" pin="1"/><net_sink comp="284" pin=5"/></net>

<net id="395"><net_src comp="390" pin="1"/><net_sink comp="262" pin=4"/></net>

</net_list>

</model> 
---------------- Datapath Model END ------------------

* FSMD analyzer results:
  - Output states:
	Port: dst_axis_V_data_V | {10 11 }
	Port: dst_axis_V_keep_V | {10 11 }
	Port: dst_axis_V_strb_V | {10 11 }
	Port: dst_axis_V_user_V | {10 11 }
	Port: dst_axis_V_last_V | {10 11 }
	Port: dst_axis_V_id_V | {10 11 }
	Port: dst_axis_V_dest_V | {10 11 }
 - Input state : 
	Port: HoughLines_Core : src_axis_V_data_V | {2 3 }
	Port: HoughLines_Core : src_axis_V_keep_V | {2 3 }
	Port: HoughLines_Core : src_axis_V_strb_V | {2 3 }
	Port: HoughLines_Core : src_axis_V_user_V | {2 3 }
	Port: HoughLines_Core : src_axis_V_last_V | {2 3 }
	Port: HoughLines_Core : src_axis_V_id_V | {2 3 }
	Port: HoughLines_Core : src_axis_V_dest_V | {2 3 }
	Port: HoughLines_Core : rows | {1 }
	Port: HoughLines_Core : cols | {1 }
	Port: HoughLines_Core : thresh | {1 }
	Port: HoughLines_Core : ref_4oPi_table_100_V | {6 7 }
	Port: HoughLines_Core : second_order_float_2 | {6 7 }
	Port: HoughLines_Core : second_order_float_3 | {6 7 }
	Port: HoughLines_Core : second_order_float_s | {6 7 }
	Port: HoughLines_Core : mask_table1 | {6 7 }
	Port: HoughLines_Core : one_half_table2 | {6 7 }
  - Chain level:
	State 1
		StgValue_32 : 1
	State 2
	State 3
	State 4
	State 5
	State 6
	State 7
	State 8
	State 9
	State 10
	State 11
	State 12


============================================================
+ Verbose Summary: Datapath Resource usage 
============================================================

* Functional unit list:
|----------|-----------------------------------------|---------|---------|---------|---------|---------|
| Operation|             Functional Unit             |   BRAM  |  DSP48E |  Delay  |    FF   |   LUT   |
|----------|-----------------------------------------|---------|---------|---------|---------|---------|
|          |      grp_HoughLinesStandard_fu_210      |   1026  |    56   | 28.9377 |   4343  |   9859  |
|          |          grp_Mat2Array2D_fu_231         |    0    |    0    |    0    |   226   |   162   |
|   call   |         grp_AXIvideo2Mat_fu_239         |    0    |    0    |  0.978  |   252   |   125   |
|          |         grp_Mat2AXIvideo_fu_262         |    0    |    0    |  2.934  |   169   |   148   |
|          |           grp_Array2Mat_fu_284          |    0    |    0    |  1.956  |   116   |   102   |
|          | StgValue_32_Block_Mat_exit6_proc_fu_295 |    0    |    0    |    0    |    0    |    0    |
|----------|-----------------------------------------|---------|---------|---------|---------|---------|
|          |         thresh_read_read_fu_192         |    0    |    0    |    0    |    0    |    0    |
|   read   |          cols_read_read_fu_198          |    0    |    0    |    0    |    0    |    0    |
|          |          rows_read_read_fu_204          |    0    |    0    |    0    |    0    |    0    |
|----------|-----------------------------------------|---------|---------|---------|---------|---------|
|   Total  |                                         |   1026  |    56   | 34.8057 |   5106  |  10396  |
|----------|-----------------------------------------|---------|---------|---------|---------|---------|

Memories:
+--------------------+--------+--------+--------+
|                    |  BRAM  |   FF   |   LUT  |
+--------------------+--------+--------+--------+
|      edge_val      |   64   |    0   |    0   |
|        lines       |    2   |    0   |    0   |
|     mask_table1    |    0   |   23   |   12   |
|   one_half_table2  |    0   |   24   |   12   |
|ref_4oPi_table_100_V|    -   |   100  |   21   |
|second_order_float_2|    -   |   30   |   120  |
|second_order_float_3|    -   |   23   |   92   |
|second_order_float_s|    -   |   15   |   60   |
+--------------------+--------+--------+--------+
|        Total       |   66   |   215  |   317  |
+--------------------+--------+--------+--------+

* Register list:
+---------------------------+--------+
|                           |   FF   |
+---------------------------+--------+
|   dst_cols_V_c21_reg_312  |    8   |
|    dst_cols_V_c_reg_342   |    8   |
|dst_data_stream_0_V_reg_384|   16   |
|dst_data_stream_1_V_reg_390|   16   |
|   dst_rows_V_c20_reg_318  |    1   |
|    dst_rows_V_c_reg_348   |    1   |
|    edge_cols_c_reg_354    |   32   |
|    edge_rows_c_reg_360    |   32   |
|   src_cols_V_c19_reg_324  |   32   |
|    src_cols_V_c_reg_366   |   32   |
|src_data_stream_0_V_reg_378|    8   |
|   src_rows_V_c18_reg_330  |   32   |
|    src_rows_V_c_reg_372   |   32   |
|      thresh_c_reg_336     |   32   |
+---------------------------+--------+
|           Total           |   282  |
+---------------------------+--------+

* Multiplexer (MUX) list: 
|--------|------|------|------|--------|
|  Comp  |  Pin | Size |  BW  | S x BW |
|--------|------|------|------|--------|
|  Total |      |      |      |    0   |
|--------|------|------|------|--------|



* Summary:
+-----------+--------+--------+--------+--------+--------+
|           |  BRAM  | DSP48E |  Delay |   FF   |   LUT  |
+-----------+--------+--------+--------+--------+--------+
|  Function |  1026  |   56   |   34   |  5106  |  10396 |
|   Memory  |   66   |    -   |    -   |   215  |   317  |
|Multiplexer|    -   |    -   |    -   |    -   |    -   |
|  Register |    -   |    -   |    -   |   282  |    -   |
+-----------+--------+--------+--------+--------+--------+
|   Total   |  1092  |   56   |   34   |  5603  |  10713 |
+-----------+--------+--------+--------+--------+--------+
