

================================================================
== Vivado HLS Report for 'HoughCircles_Core'
================================================================
* Date:           Tue Dec  4 09:50:18 2018

* Version:        2018.2 (Build 2258646 on Thu Jun 14 20:25:20 MDT 2018)
* Project:        Hough
* Solution:       solution1
* Product family: virtex7
* Target device:  xc7vx690tffg1761-3


================================================================
== Performance Estimates
================================================================
+ Timing (ns): 
    * Summary: 
    +--------+-------+----------+------------+
    |  Clock | Target| Estimated| Uncertainty|
    +--------+-------+----------+------------+
    |ap_clk  |  20.00|    16.193|        2.50|
    +--------+-------+----------+------------+

+ Latency (clock cycles): 
    * Summary: 
    +-----+-----+-----+-----+----------+
    |  Latency  |  Interval | Pipeline |
    | min | max | min | max |   Type   |
    +-----+-----+-----+-----+----------+
    |    ?|    ?|    ?|    ?| dataflow |
    +-----+-----+-----+-----+----------+

    + Detail: 
        * Instance: 
        N/A

        * Loop: 
        N/A

============================================================
+ Verbose Summary: Synthesis Manager
============================================================
InlineROM: 1
ExposeGlobal: 0
============================================================
+ Verbose Summary: CDFG Model
============================================================
IsTopModel: 1
ResetActiveHigh: 1
IsCombinational: 2
IsDatapathOnly: 0
HasWiredReturn: 1
HasMFsm: 0
HasVarLatency: 1
IsPipeline: 0
IsRtlPipelined: 0
IsInstanceOverlapped: 0
IsDontTouch: 0
HasImplIP: 0
IsGatedGlobalClock: 0


============================================================
+ Verbose Summary: Schedule
============================================================
* Number of FSM states : 14
* Pipeline : 0
* Dataflow Pipeline: 1
  DF-Pipeline-0: Size = 14, States = { 1 2 3 4 5 6 7 8 9 10 11 12 13 14 }

* FSM state transitions: 
1 --> 
	2  / true
2 --> 
	3  / true
3 --> 
	4  / true
4 --> 
	5  / true
5 --> 
	6  / true
6 --> 
	7  / true
7 --> 
	8  / true
8 --> 
	9  / true
9 --> 
	10  / true
10 --> 
	11  / true
11 --> 
	12  / true
12 --> 
	13  / true
13 --> 
	14  / true
14 --> 

* FSM state operations: 

State 1 <SV = 0> <Delay = 3.26>
ST_1 : Operation 15 [1/1] (1.00ns)   --->   "%max_radius_read = call i32 @_ssdm_op_Read.s_axilite.i32(i32 %max_radius)"   --->   Operation 15 'read' 'max_radius_read' <Predicate = true> <Delay = 1.00> <Core = "s_axilite">   --->   Core 10 's_axilite' <Latency = 0> <II = 1> <Delay = 1.00> <Adapter> <Opcode : 'read' 'write'>
ST_1 : Operation 16 [1/1] (1.00ns)   --->   "%min_radius_read = call i32 @_ssdm_op_Read.s_axilite.i32(i32 %min_radius)"   --->   Operation 16 'read' 'min_radius_read' <Predicate = true> <Delay = 1.00> <Core = "s_axilite">   --->   Core 10 's_axilite' <Latency = 0> <II = 1> <Delay = 1.00> <Adapter> <Opcode : 'read' 'write'>
ST_1 : Operation 17 [1/1] (1.00ns)   --->   "%min_dist_read = call i32 @_ssdm_op_Read.s_axilite.i32(i32 %min_dist)"   --->   Operation 17 'read' 'min_dist_read' <Predicate = true> <Delay = 1.00> <Core = "s_axilite">   --->   Core 10 's_axilite' <Latency = 0> <II = 1> <Delay = 1.00> <Adapter> <Opcode : 'read' 'write'>
ST_1 : Operation 18 [1/1] (1.00ns)   --->   "%acc_thresh_read = call i32 @_ssdm_op_Read.s_axilite.i32(i32 %acc_thresh)"   --->   Operation 18 'read' 'acc_thresh_read' <Predicate = true> <Delay = 1.00> <Core = "s_axilite">   --->   Core 10 's_axilite' <Latency = 0> <II = 1> <Delay = 1.00> <Adapter> <Opcode : 'read' 'write'>
ST_1 : Operation 19 [1/1] (1.00ns)   --->   "%gray_thresh_read = call i32 @_ssdm_op_Read.s_axilite.i32(i32 %gray_thresh)"   --->   Operation 19 'read' 'gray_thresh_read' <Predicate = true> <Delay = 1.00> <Core = "s_axilite">   --->   Core 10 's_axilite' <Latency = 0> <II = 1> <Delay = 1.00> <Adapter> <Opcode : 'read' 'write'>
ST_1 : Operation 20 [1/1] (1.00ns)   --->   "%cols_read = call i32 @_ssdm_op_Read.s_axilite.i32(i32 %cols)"   --->   Operation 20 'read' 'cols_read' <Predicate = true> <Delay = 1.00> <Core = "s_axilite">   --->   Core 10 's_axilite' <Latency = 0> <II = 1> <Delay = 1.00> <Adapter> <Opcode : 'read' 'write'>
ST_1 : Operation 21 [1/1] (1.00ns)   --->   "%rows_read = call i32 @_ssdm_op_Read.s_axilite.i32(i32 %rows)"   --->   Operation 21 'read' 'rows_read' <Predicate = true> <Delay = 1.00> <Core = "s_axilite">   --->   Core 10 's_axilite' <Latency = 0> <II = 1> <Delay = 1.00> <Adapter> <Opcode : 'read' 'write'>
ST_1 : Operation 22 [1/1] (0.00ns)   --->   "%dst_cols_V_c = alloca i8, align 1"   --->   Operation 22 'alloca' 'dst_cols_V_c' <Predicate = true> <Delay = 0.00> <Core = "FIFO">   --->   Core 32 'FIFO' <Latency = 0> <II = 1> <Delay = 2.26> <Storage> <Opcode : 'read' 'write' 'nbread' 'nbwrite'> <Ports = 0> <Width = 8> <Depth = 2> <FIFO>
ST_1 : Operation 23 [1/1] (0.00ns)   --->   "%dst_rows_V_c = alloca i3, align 1"   --->   Operation 23 'alloca' 'dst_rows_V_c' <Predicate = true> <Delay = 0.00> <Core = "FIFO">   --->   Core 32 'FIFO' <Latency = 0> <II = 1> <Delay = 2.26> <Storage> <Opcode : 'read' 'write' 'nbread' 'nbwrite'> <Ports = 0> <Width = 8> <Depth = 2> <FIFO>
ST_1 : Operation 24 [1/1] (0.00ns)   --->   "%circles_cols_c35 = alloca i8, align 1"   --->   Operation 24 'alloca' 'circles_cols_c35' <Predicate = true> <Delay = 0.00> <Core = "FIFO">   --->   Core 32 'FIFO' <Latency = 0> <II = 1> <Delay = 2.26> <Storage> <Opcode : 'read' 'write' 'nbread' 'nbwrite'> <Ports = 0> <Width = 8> <Depth = 2> <FIFO>
ST_1 : Operation 25 [1/1] (0.00ns)   --->   "%circles_rows_c34 = alloca i3, align 1"   --->   Operation 25 'alloca' 'circles_rows_c34' <Predicate = true> <Delay = 0.00> <Core = "FIFO">   --->   Core 32 'FIFO' <Latency = 0> <II = 1> <Delay = 2.26> <Storage> <Opcode : 'read' 'write' 'nbread' 'nbwrite'> <Ports = 0> <Width = 8> <Depth = 2> <FIFO>
ST_1 : Operation 26 [1/1] (0.00ns)   --->   "%p_edge_cols_c = alloca i32, align 4"   --->   Operation 26 'alloca' 'p_edge_cols_c' <Predicate = true> <Delay = 0.00> <Core = "FIFO">   --->   Core 32 'FIFO' <Latency = 0> <II = 1> <Delay = 2.26> <Storage> <Opcode : 'read' 'write' 'nbread' 'nbwrite'> <Ports = 0> <Width = 8> <Depth = 2> <FIFO>
ST_1 : Operation 27 [1/1] (0.00ns)   --->   "%p_edge_rows_c = alloca i32, align 4"   --->   Operation 27 'alloca' 'p_edge_rows_c' <Predicate = true> <Delay = 0.00> <Core = "FIFO">   --->   Core 32 'FIFO' <Latency = 0> <II = 1> <Delay = 2.26> <Storage> <Opcode : 'read' 'write' 'nbread' 'nbwrite'> <Ports = 0> <Width = 8> <Depth = 2> <FIFO>
ST_1 : Operation 28 [1/1] (0.00ns)   --->   "%src_cols_V_c33 = alloca i32, align 4"   --->   Operation 28 'alloca' 'src_cols_V_c33' <Predicate = true> <Delay = 0.00> <Core = "FIFO">   --->   Core 32 'FIFO' <Latency = 0> <II = 1> <Delay = 2.26> <Storage> <Opcode : 'read' 'write' 'nbread' 'nbwrite'> <Ports = 0> <Width = 8> <Depth = 2> <FIFO>
ST_1 : Operation 29 [1/1] (0.00ns)   --->   "%src_rows_V_c32 = alloca i32, align 4"   --->   Operation 29 'alloca' 'src_rows_V_c32' <Predicate = true> <Delay = 0.00> <Core = "FIFO">   --->   Core 32 'FIFO' <Latency = 0> <II = 1> <Delay = 2.26> <Storage> <Opcode : 'read' 'write' 'nbread' 'nbwrite'> <Ports = 0> <Width = 8> <Depth = 2> <FIFO>
ST_1 : Operation 30 [1/1] (0.00ns)   --->   "%max_radius_c = alloca i32, align 4"   --->   Operation 30 'alloca' 'max_radius_c' <Predicate = true> <Delay = 0.00> <Core = "FIFO">   --->   Core 32 'FIFO' <Latency = 0> <II = 1> <Delay = 2.26> <Storage> <Opcode : 'read' 'write' 'nbread' 'nbwrite'> <Ports = 0> <Width = 8> <Depth = 2> <FIFO>
ST_1 : Operation 31 [1/1] (0.00ns)   --->   "%min_radius_c = alloca i32, align 4"   --->   Operation 31 'alloca' 'min_radius_c' <Predicate = true> <Delay = 0.00> <Core = "FIFO">   --->   Core 32 'FIFO' <Latency = 0> <II = 1> <Delay = 2.26> <Storage> <Opcode : 'read' 'write' 'nbread' 'nbwrite'> <Ports = 0> <Width = 8> <Depth = 2> <FIFO>
ST_1 : Operation 32 [1/1] (0.00ns)   --->   "%min_dist_c = alloca i32, align 4"   --->   Operation 32 'alloca' 'min_dist_c' <Predicate = true> <Delay = 0.00> <Core = "FIFO">   --->   Core 32 'FIFO' <Latency = 0> <II = 1> <Delay = 2.26> <Storage> <Opcode : 'read' 'write' 'nbread' 'nbwrite'> <Ports = 0> <Width = 8> <Depth = 2> <FIFO>
ST_1 : Operation 33 [1/1] (0.00ns)   --->   "%acc_thresh_c = alloca i32, align 4"   --->   Operation 33 'alloca' 'acc_thresh_c' <Predicate = true> <Delay = 0.00> <Core = "FIFO">   --->   Core 32 'FIFO' <Latency = 0> <II = 1> <Delay = 2.26> <Storage> <Opcode : 'read' 'write' 'nbread' 'nbwrite'> <Ports = 0> <Width = 8> <Depth = 2> <FIFO>
ST_1 : Operation 34 [1/1] (0.00ns)   --->   "%gray_thresh_c = alloca i32, align 4"   --->   Operation 34 'alloca' 'gray_thresh_c' <Predicate = true> <Delay = 0.00> <Core = "FIFO">   --->   Core 32 'FIFO' <Latency = 0> <II = 1> <Delay = 2.26> <Storage> <Opcode : 'read' 'write' 'nbread' 'nbwrite'> <Ports = 0> <Width = 8> <Depth = 2> <FIFO>
ST_1 : Operation 35 [1/1] (0.00ns)   --->   "%circles_cols_c = alloca i8, align 1"   --->   Operation 35 'alloca' 'circles_cols_c' <Predicate = true> <Delay = 0.00> <Core = "FIFO">   --->   Core 32 'FIFO' <Latency = 0> <II = 1> <Delay = 2.26> <Storage> <Opcode : 'read' 'write' 'nbread' 'nbwrite'> <Ports = 0> <Width = 8> <Depth = 2> <FIFO>
ST_1 : Operation 36 [1/1] (0.00ns)   --->   "%circles_rows_c = alloca i3, align 1"   --->   Operation 36 'alloca' 'circles_rows_c' <Predicate = true> <Delay = 0.00> <Core = "FIFO">   --->   Core 32 'FIFO' <Latency = 0> <II = 1> <Delay = 2.26> <Storage> <Opcode : 'read' 'write' 'nbread' 'nbwrite'> <Ports = 0> <Width = 8> <Depth = 2> <FIFO>
ST_1 : Operation 37 [1/1] (0.00ns)   --->   "%dy_cols_V_c = alloca i32, align 4"   --->   Operation 37 'alloca' 'dy_cols_V_c' <Predicate = true> <Delay = 0.00> <Core = "FIFO">   --->   Core 32 'FIFO' <Latency = 0> <II = 1> <Delay = 2.26> <Storage> <Opcode : 'read' 'write' 'nbread' 'nbwrite'> <Ports = 0> <Width = 8> <Depth = 2> <FIFO>
ST_1 : Operation 38 [1/1] (0.00ns)   --->   "%dy_rows_V_c = alloca i32, align 4"   --->   Operation 38 'alloca' 'dy_rows_V_c' <Predicate = true> <Delay = 0.00> <Core = "FIFO">   --->   Core 32 'FIFO' <Latency = 0> <II = 1> <Delay = 2.26> <Storage> <Opcode : 'read' 'write' 'nbread' 'nbwrite'> <Ports = 0> <Width = 8> <Depth = 2> <FIFO>
ST_1 : Operation 39 [1/1] (0.00ns)   --->   "%dx_cols_V_c = alloca i32, align 4"   --->   Operation 39 'alloca' 'dx_cols_V_c' <Predicate = true> <Delay = 0.00> <Core = "FIFO">   --->   Core 32 'FIFO' <Latency = 0> <II = 1> <Delay = 2.26> <Storage> <Opcode : 'read' 'write' 'nbread' 'nbwrite'> <Ports = 0> <Width = 8> <Depth = 2> <FIFO>
ST_1 : Operation 40 [1/1] (0.00ns)   --->   "%dx_rows_V_c = alloca i32, align 4"   --->   Operation 40 'alloca' 'dx_rows_V_c' <Predicate = true> <Delay = 0.00> <Core = "FIFO">   --->   Core 32 'FIFO' <Latency = 0> <II = 1> <Delay = 2.26> <Storage> <Opcode : 'read' 'write' 'nbread' 'nbwrite'> <Ports = 0> <Width = 8> <Depth = 2> <FIFO>
ST_1 : Operation 41 [1/1] (0.00ns)   --->   "%edge_cols_V_c = alloca i32, align 4"   --->   Operation 41 'alloca' 'edge_cols_V_c' <Predicate = true> <Delay = 0.00> <Core = "FIFO">   --->   Core 32 'FIFO' <Latency = 0> <II = 1> <Delay = 2.26> <Storage> <Opcode : 'read' 'write' 'nbread' 'nbwrite'> <Ports = 0> <Width = 8> <Depth = 2> <FIFO>
ST_1 : Operation 42 [1/1] (0.00ns)   --->   "%edge_rows_V_c = alloca i32, align 4"   --->   Operation 42 'alloca' 'edge_rows_V_c' <Predicate = true> <Delay = 0.00> <Core = "FIFO">   --->   Core 32 'FIFO' <Latency = 0> <II = 1> <Delay = 2.26> <Storage> <Opcode : 'read' 'write' 'nbread' 'nbwrite'> <Ports = 0> <Width = 8> <Depth = 2> <FIFO>
ST_1 : Operation 43 [1/1] (0.00ns)   --->   "%src_cols_V_c = alloca i32, align 4"   --->   Operation 43 'alloca' 'src_cols_V_c' <Predicate = true> <Delay = 0.00> <Core = "FIFO">   --->   Core 32 'FIFO' <Latency = 0> <II = 1> <Delay = 2.26> <Storage> <Opcode : 'read' 'write' 'nbread' 'nbwrite'> <Ports = 0> <Width = 8> <Depth = 2> <FIFO>
ST_1 : Operation 44 [1/1] (0.00ns)   --->   "%src_rows_V_c = alloca i32, align 4"   --->   Operation 44 'alloca' 'src_rows_V_c' <Predicate = true> <Delay = 0.00> <Core = "FIFO">   --->   Core 32 'FIFO' <Latency = 0> <II = 1> <Delay = 2.26> <Storage> <Opcode : 'read' 'write' 'nbread' 'nbwrite'> <Ports = 0> <Width = 8> <Depth = 2> <FIFO>
ST_1 : Operation 45 [1/1] (0.00ns)   --->   "%src_data_stream_0_V = alloca i8, align 1" [image_core.cpp:28]   --->   Operation 45 'alloca' 'src_data_stream_0_V' <Predicate = true> <Delay = 0.00> <Core = "FIFO">   --->   Core 32 'FIFO' <Latency = 0> <II = 1> <Delay = 2.26> <Storage> <Opcode : 'read' 'write' 'nbread' 'nbwrite'> <Ports = 0> <Width = 8> <Depth = 2> <FIFO>
ST_1 : Operation 46 [1/1] (0.00ns)   --->   "%edge_data_stream_0_s = alloca i8, align 1" [image_core.cpp:29]   --->   Operation 46 'alloca' 'edge_data_stream_0_s' <Predicate = true> <Delay = 0.00> <Core = "FIFO">   --->   Core 32 'FIFO' <Latency = 0> <II = 1> <Delay = 2.26> <Storage> <Opcode : 'read' 'write' 'nbread' 'nbwrite'> <Ports = 0> <Width = 8> <Depth = 2> <FIFO>
ST_1 : Operation 47 [1/1] (0.00ns)   --->   "%dx_data_stream_0_V = alloca i16, align 2" [image_core.cpp:30]   --->   Operation 47 'alloca' 'dx_data_stream_0_V' <Predicate = true> <Delay = 0.00> <Core = "FIFO">   --->   Core 32 'FIFO' <Latency = 0> <II = 1> <Delay = 2.26> <Storage> <Opcode : 'read' 'write' 'nbread' 'nbwrite'> <Ports = 0> <Width = 8> <Depth = 2> <FIFO>
ST_1 : Operation 48 [1/1] (0.00ns)   --->   "%dy_data_stream_0_V = alloca i16, align 2" [image_core.cpp:31]   --->   Operation 48 'alloca' 'dy_data_stream_0_V' <Predicate = true> <Delay = 0.00> <Core = "FIFO">   --->   Core 32 'FIFO' <Latency = 0> <II = 1> <Delay = 2.26> <Storage> <Opcode : 'read' 'write' 'nbread' 'nbwrite'> <Ports = 0> <Width = 8> <Depth = 2> <FIFO>
ST_1 : Operation 49 [1/1] (0.00ns)   --->   "%p_dx_val = alloca [76800 x i16], align 2" [image_core.cpp:33]   --->   Operation 49 'alloca' 'p_dx_val' <Predicate = true> <Delay = 0.00>
ST_1 : Operation 50 [1/1] (0.00ns)   --->   "%p_dy_val = alloca [76800 x i16], align 2" [image_core.cpp:34]   --->   Operation 50 'alloca' 'p_dy_val' <Predicate = true> <Delay = 0.00>
ST_1 : Operation 51 [1/1] (0.00ns)   --->   "%p_edge_val = alloca [76800 x i8], align 1" [image_core.cpp:35]   --->   Operation 51 'alloca' 'p_edge_val' <Predicate = true> <Delay = 0.00>
ST_1 : Operation 52 [1/1] (0.00ns)   --->   "%circles_val = alloca [300 x i16], align 2" [image_core.cpp:36]   --->   Operation 52 'alloca' 'circles_val' <Predicate = true> <Delay = 0.00>
ST_1 : Operation 53 [1/1] (0.00ns)   --->   "%dst_data_stream_0_V = alloca i16, align 2" [image_core.cpp:37]   --->   Operation 53 'alloca' 'dst_data_stream_0_V' <Predicate = true> <Delay = 0.00> <Core = "FIFO">   --->   Core 32 'FIFO' <Latency = 0> <II = 1> <Delay = 2.26> <Storage> <Opcode : 'read' 'write' 'nbread' 'nbwrite'> <Ports = 0> <Width = 8> <Depth = 2> <FIFO>
ST_1 : Operation 54 [1/1] (2.26ns)   --->   "call fastcc void @Block_Mat.exit414_pr(i32 %rows_read, i32 %cols_read, i32 %gray_thresh_read, i32 %acc_thresh_read, i32 %min_dist_read, i32 %min_radius_read, i32 %max_radius_read, i32* %src_rows_V_c, i32* %src_cols_V_c, i32* %edge_rows_V_c, i32* %edge_cols_V_c, i32* %dx_rows_V_c, i32* %dx_cols_V_c, i32* %dy_rows_V_c, i32* %dy_cols_V_c, i3* %circles_rows_c, i8* %circles_cols_c, i32* %gray_thresh_c, i32* %acc_thresh_c, i32* %min_dist_c, i32* %min_radius_c, i32* %max_radius_c)"   --->   Operation 54 'call' <Predicate = true> <Delay = 2.26> <CoreType = "Generic">   --->   Core 0 '' <Latency = 0> <II = 1> <Delay = 1.00> <Generic> <Opcode : >

State 2 <SV = 1> <Delay = 0.00>
ST_2 : Operation 55 [2/2] (0.00ns)   --->   "call fastcc void @AXIvideo2Mat(i8* %src_axis_V_data_V, i1* %src_axis_V_keep_V, i1* %src_axis_V_strb_V, i1* %src_axis_V_user_V, i1* %src_axis_V_last_V, i1* %src_axis_V_id_V, i1* %src_axis_V_dest_V, i32* nocapture %src_rows_V_c, i32* nocapture %src_cols_V_c, i8* %src_data_stream_0_V, i32* %src_rows_V_c32, i32* %src_cols_V_c33)" [image_core.cpp:39]   --->   Operation 55 'call' <Predicate = true> <Delay = 0.00> <CoreType = "Generic">   --->   Core 0 '' <Latency = 0> <II = 1> <Delay = 1.00> <Generic> <Opcode : >

State 3 <SV = 2> <Delay = 0.00>
ST_3 : Operation 56 [1/2] (0.00ns)   --->   "call fastcc void @AXIvideo2Mat(i8* %src_axis_V_data_V, i1* %src_axis_V_keep_V, i1* %src_axis_V_strb_V, i1* %src_axis_V_user_V, i1* %src_axis_V_last_V, i1* %src_axis_V_id_V, i1* %src_axis_V_dest_V, i32* nocapture %src_rows_V_c, i32* nocapture %src_cols_V_c, i8* %src_data_stream_0_V, i32* %src_rows_V_c32, i32* %src_cols_V_c33)" [image_core.cpp:39]   --->   Operation 56 'call' <Predicate = true> <Delay = 0.00> <CoreType = "Generic">   --->   Core 0 '' <Latency = 0> <II = 1> <Delay = 1.00> <Generic> <Opcode : >

State 4 <SV = 3> <Delay = 0.00>
ST_4 : Operation 57 [2/2] (0.00ns)   --->   "call fastcc void @Edge(i32* nocapture %src_rows_V_c32, i32* nocapture %src_cols_V_c33, i8* %src_data_stream_0_V, i8* %edge_data_stream_0_s, i16* %dx_data_stream_0_V, i16* %dy_data_stream_0_V, i32* nocapture %gray_thresh_c)" [image_core.cpp:40]   --->   Operation 57 'call' <Predicate = true> <Delay = 0.00> <CoreType = "Generic">   --->   Core 0 '' <Latency = 0> <II = 1> <Delay = 1.00> <Generic> <Opcode : >

State 5 <SV = 4> <Delay = 0.00>
ST_5 : Operation 58 [1/2] (0.00ns)   --->   "call fastcc void @Edge(i32* nocapture %src_rows_V_c32, i32* nocapture %src_cols_V_c33, i8* %src_data_stream_0_V, i8* %edge_data_stream_0_s, i16* %dx_data_stream_0_V, i16* %dy_data_stream_0_V, i32* nocapture %gray_thresh_c)" [image_core.cpp:40]   --->   Operation 58 'call' <Predicate = true> <Delay = 0.00> <CoreType = "Generic">   --->   Core 0 '' <Latency = 0> <II = 1> <Delay = 1.00> <Generic> <Opcode : >

State 6 <SV = 5> <Delay = 0.00>
ST_6 : Operation 59 [2/2] (0.00ns)   --->   "call fastcc void @Mat2Array2D.1(i32* %edge_rows_V_c, i32* %edge_cols_V_c, i8* %edge_data_stream_0_s, [76800 x i8]* %p_edge_val, i32* %p_edge_rows_c, i32* %p_edge_cols_c)" [image_core.cpp:41]   --->   Operation 59 'call' <Predicate = true> <Delay = 0.00> <CoreType = "Generic">   --->   Core 0 '' <Latency = 0> <II = 1> <Delay = 1.00> <Generic> <Opcode : >
ST_6 : Operation 60 [2/2] (0.00ns)   --->   "call fastcc void @Mat2Array2D166(i32* %dx_rows_V_c, i32* %dx_cols_V_c, i16* %dx_data_stream_0_V, [76800 x i16]* %p_dx_val)" [image_core.cpp:42]   --->   Operation 60 'call' <Predicate = true> <Delay = 0.00> <CoreType = "Generic">   --->   Core 0 '' <Latency = 0> <II = 1> <Delay = 1.00> <Generic> <Opcode : >
ST_6 : Operation 61 [2/2] (0.00ns)   --->   "call fastcc void @Mat2Array2D(i32* %dy_rows_V_c, i32* %dy_cols_V_c, i16* %dy_data_stream_0_V, [76800 x i16]* %p_dy_val)" [image_core.cpp:43]   --->   Operation 61 'call' <Predicate = true> <Delay = 0.00> <CoreType = "Generic">   --->   Core 0 '' <Latency = 0> <II = 1> <Delay = 1.00> <Generic> <Opcode : >

State 7 <SV = 6> <Delay = 0.00>
ST_7 : Operation 62 [1/2] (0.00ns)   --->   "call fastcc void @Mat2Array2D.1(i32* %edge_rows_V_c, i32* %edge_cols_V_c, i8* %edge_data_stream_0_s, [76800 x i8]* %p_edge_val, i32* %p_edge_rows_c, i32* %p_edge_cols_c)" [image_core.cpp:41]   --->   Operation 62 'call' <Predicate = true> <Delay = 0.00> <CoreType = "Generic">   --->   Core 0 '' <Latency = 0> <II = 1> <Delay = 1.00> <Generic> <Opcode : >
ST_7 : Operation 63 [1/2] (0.00ns)   --->   "call fastcc void @Mat2Array2D166(i32* %dx_rows_V_c, i32* %dx_cols_V_c, i16* %dx_data_stream_0_V, [76800 x i16]* %p_dx_val)" [image_core.cpp:42]   --->   Operation 63 'call' <Predicate = true> <Delay = 0.00> <CoreType = "Generic">   --->   Core 0 '' <Latency = 0> <II = 1> <Delay = 1.00> <Generic> <Opcode : >
ST_7 : Operation 64 [1/2] (0.00ns)   --->   "call fastcc void @Mat2Array2D(i32* %dy_rows_V_c, i32* %dy_cols_V_c, i16* %dy_data_stream_0_V, [76800 x i16]* %p_dy_val)" [image_core.cpp:43]   --->   Operation 64 'call' <Predicate = true> <Delay = 0.00> <CoreType = "Generic">   --->   Core 0 '' <Latency = 0> <II = 1> <Delay = 1.00> <Generic> <Opcode : >

State 8 <SV = 7> <Delay = 0.00>
ST_8 : Operation 65 [2/2] (0.00ns)   --->   "call fastcc void @HoughCircles([76800 x i8]* %p_edge_val, i32* %p_edge_rows_c, i32* %p_edge_cols_c, [76800 x i16]* %p_dx_val, [76800 x i16]* %p_dy_val, [300 x i16]* %circles_val, i3* %circles_rows_c, i8* %circles_cols_c, i32* %acc_thresh_c, i32* %min_dist_c, i32* %min_radius_c, i32* %max_radius_c, i3* %circles_rows_c34, i8* %circles_cols_c35)" [image_core.cpp:45]   --->   Operation 65 'call' <Predicate = true> <Delay = 0.00> <CoreType = "Generic">   --->   Core 0 '' <Latency = 0> <II = 1> <Delay = 1.00> <Generic> <Opcode : >

State 9 <SV = 8> <Delay = 0.00>
ST_9 : Operation 66 [1/2] (0.00ns)   --->   "call fastcc void @HoughCircles([76800 x i8]* %p_edge_val, i32* %p_edge_rows_c, i32* %p_edge_cols_c, [76800 x i16]* %p_dx_val, [76800 x i16]* %p_dy_val, [300 x i16]* %circles_val, i3* %circles_rows_c, i8* %circles_cols_c, i32* %acc_thresh_c, i32* %min_dist_c, i32* %min_radius_c, i32* %max_radius_c, i3* %circles_rows_c34, i8* %circles_cols_c35)" [image_core.cpp:45]   --->   Operation 66 'call' <Predicate = true> <Delay = 0.00> <CoreType = "Generic">   --->   Core 0 '' <Latency = 0> <II = 1> <Delay = 1.00> <Generic> <Opcode : >

State 10 <SV = 9> <Delay = 0.00>
ST_10 : Operation 67 [2/2] (0.00ns)   --->   "call fastcc void @Array2D2Mat([300 x i16]* %circles_val, i3* %circles_rows_c34, i8* %circles_cols_c35, i16* %dst_data_stream_0_V, i3* %dst_rows_V_c, i8* %dst_cols_V_c)" [image_core.cpp:47]   --->   Operation 67 'call' <Predicate = true> <Delay = 0.00> <CoreType = "Generic">   --->   Core 0 '' <Latency = 0> <II = 1> <Delay = 1.00> <Generic> <Opcode : >

State 11 <SV = 10> <Delay = 0.00>
ST_11 : Operation 68 [1/2] (0.00ns)   --->   "call fastcc void @Array2D2Mat([300 x i16]* %circles_val, i3* %circles_rows_c34, i8* %circles_cols_c35, i16* %dst_data_stream_0_V, i3* %dst_rows_V_c, i8* %dst_cols_V_c)" [image_core.cpp:47]   --->   Operation 68 'call' <Predicate = true> <Delay = 0.00> <CoreType = "Generic">   --->   Core 0 '' <Latency = 0> <II = 1> <Delay = 1.00> <Generic> <Opcode : >

State 12 <SV = 11> <Delay = 0.00>
ST_12 : Operation 69 [2/2] (0.00ns)   --->   "call fastcc void @Mat2AXIvideo(i3* nocapture %dst_rows_V_c, i8* nocapture %dst_cols_V_c, i16* %dst_data_stream_0_V, i16* %dst_axis_V_data_V, i2* %dst_axis_V_keep_V, i2* %dst_axis_V_strb_V, i1* %dst_axis_V_user_V, i1* %dst_axis_V_last_V, i1* %dst_axis_V_id_V, i1* %dst_axis_V_dest_V)" [image_core.cpp:48]   --->   Operation 69 'call' <Predicate = true> <Delay = 0.00> <CoreType = "Generic">   --->   Core 0 '' <Latency = 0> <II = 1> <Delay = 1.00> <Generic> <Opcode : >

State 13 <SV = 12> <Delay = 0.00>
ST_13 : Operation 70 [1/2] (0.00ns)   --->   "call fastcc void @Mat2AXIvideo(i3* nocapture %dst_rows_V_c, i8* nocapture %dst_cols_V_c, i16* %dst_data_stream_0_V, i16* %dst_axis_V_data_V, i2* %dst_axis_V_keep_V, i2* %dst_axis_V_strb_V, i1* %dst_axis_V_user_V, i1* %dst_axis_V_last_V, i1* %dst_axis_V_id_V, i1* %dst_axis_V_dest_V)" [image_core.cpp:48]   --->   Operation 70 'call' <Predicate = true> <Delay = 0.00> <CoreType = "Generic">   --->   Core 0 '' <Latency = 0> <II = 1> <Delay = 1.00> <Generic> <Opcode : >

State 14 <SV = 13> <Delay = 0.00>
ST_14 : Operation 71 [1/1] (0.00ns)   --->   "call void (...)* @_ssdm_op_SpecDataflowPipeline(i32 -1, [1 x i8]* @p_str) nounwind" [image_core.cpp:15]   --->   Operation 71 'specdataflowpipeline' <Predicate = true> <Delay = 0.00>
ST_14 : Operation 72 [1/1] (0.00ns)   --->   "call void (...)* @_ssdm_op_SpecBitsMap(i8* %src_axis_V_data_V), !map !296"   --->   Operation 72 'specbitsmap' <Predicate = true> <Delay = 0.00>
ST_14 : Operation 73 [1/1] (0.00ns)   --->   "call void (...)* @_ssdm_op_SpecBitsMap(i1* %src_axis_V_keep_V), !map !300"   --->   Operation 73 'specbitsmap' <Predicate = true> <Delay = 0.00>
ST_14 : Operation 74 [1/1] (0.00ns)   --->   "call void (...)* @_ssdm_op_SpecBitsMap(i1* %src_axis_V_strb_V), !map !304"   --->   Operation 74 'specbitsmap' <Predicate = true> <Delay = 0.00>
ST_14 : Operation 75 [1/1] (0.00ns)   --->   "call void (...)* @_ssdm_op_SpecBitsMap(i1* %src_axis_V_user_V), !map !308"   --->   Operation 75 'specbitsmap' <Predicate = true> <Delay = 0.00>
ST_14 : Operation 76 [1/1] (0.00ns)   --->   "call void (...)* @_ssdm_op_SpecBitsMap(i1* %src_axis_V_last_V), !map !312"   --->   Operation 76 'specbitsmap' <Predicate = true> <Delay = 0.00>
ST_14 : Operation 77 [1/1] (0.00ns)   --->   "call void (...)* @_ssdm_op_SpecBitsMap(i1* %src_axis_V_id_V), !map !316"   --->   Operation 77 'specbitsmap' <Predicate = true> <Delay = 0.00>
ST_14 : Operation 78 [1/1] (0.00ns)   --->   "call void (...)* @_ssdm_op_SpecBitsMap(i1* %src_axis_V_dest_V), !map !320"   --->   Operation 78 'specbitsmap' <Predicate = true> <Delay = 0.00>
ST_14 : Operation 79 [1/1] (0.00ns)   --->   "call void (...)* @_ssdm_op_SpecBitsMap(i16* %dst_axis_V_data_V), !map !324"   --->   Operation 79 'specbitsmap' <Predicate = true> <Delay = 0.00>
ST_14 : Operation 80 [1/1] (0.00ns)   --->   "call void (...)* @_ssdm_op_SpecBitsMap(i2* %dst_axis_V_keep_V), !map !328"   --->   Operation 80 'specbitsmap' <Predicate = true> <Delay = 0.00>
ST_14 : Operation 81 [1/1] (0.00ns)   --->   "call void (...)* @_ssdm_op_SpecBitsMap(i2* %dst_axis_V_strb_V), !map !332"   --->   Operation 81 'specbitsmap' <Predicate = true> <Delay = 0.00>
ST_14 : Operation 82 [1/1] (0.00ns)   --->   "call void (...)* @_ssdm_op_SpecBitsMap(i1* %dst_axis_V_user_V), !map !336"   --->   Operation 82 'specbitsmap' <Predicate = true> <Delay = 0.00>
ST_14 : Operation 83 [1/1] (0.00ns)   --->   "call void (...)* @_ssdm_op_SpecBitsMap(i1* %dst_axis_V_last_V), !map !340"   --->   Operation 83 'specbitsmap' <Predicate = true> <Delay = 0.00>
ST_14 : Operation 84 [1/1] (0.00ns)   --->   "call void (...)* @_ssdm_op_SpecBitsMap(i1* %dst_axis_V_id_V), !map !344"   --->   Operation 84 'specbitsmap' <Predicate = true> <Delay = 0.00>
ST_14 : Operation 85 [1/1] (0.00ns)   --->   "call void (...)* @_ssdm_op_SpecBitsMap(i1* %dst_axis_V_dest_V), !map !348"   --->   Operation 85 'specbitsmap' <Predicate = true> <Delay = 0.00>
ST_14 : Operation 86 [1/1] (0.00ns)   --->   "call void (...)* @_ssdm_op_SpecBitsMap(i32 %rows), !map !352"   --->   Operation 86 'specbitsmap' <Predicate = true> <Delay = 0.00>
ST_14 : Operation 87 [1/1] (0.00ns)   --->   "call void (...)* @_ssdm_op_SpecBitsMap(i32 %cols), !map !358"   --->   Operation 87 'specbitsmap' <Predicate = true> <Delay = 0.00>
ST_14 : Operation 88 [1/1] (0.00ns)   --->   "call void (...)* @_ssdm_op_SpecBitsMap(i32 %gray_thresh), !map !362"   --->   Operation 88 'specbitsmap' <Predicate = true> <Delay = 0.00>
ST_14 : Operation 89 [1/1] (0.00ns)   --->   "call void (...)* @_ssdm_op_SpecBitsMap(i32 %acc_thresh), !map !366"   --->   Operation 89 'specbitsmap' <Predicate = true> <Delay = 0.00>
ST_14 : Operation 90 [1/1] (0.00ns)   --->   "call void (...)* @_ssdm_op_SpecBitsMap(i32 %min_dist), !map !370"   --->   Operation 90 'specbitsmap' <Predicate = true> <Delay = 0.00>
ST_14 : Operation 91 [1/1] (0.00ns)   --->   "call void (...)* @_ssdm_op_SpecBitsMap(i32 %min_radius), !map !374"   --->   Operation 91 'specbitsmap' <Predicate = true> <Delay = 0.00>
ST_14 : Operation 92 [1/1] (0.00ns)   --->   "call void (...)* @_ssdm_op_SpecBitsMap(i32 %max_radius), !map !378"   --->   Operation 92 'specbitsmap' <Predicate = true> <Delay = 0.00>
ST_14 : Operation 93 [1/1] (0.00ns)   --->   "call void (...)* @_ssdm_op_SpecTopModule([18 x i8]* @HoughCircles_Core_st) nounwind"   --->   Operation 93 'spectopmodule' <Predicate = true> <Delay = 0.00>
ST_14 : Operation 94 [1/1] (0.00ns)   --->   "%empty = call i32 (...)* @_ssdm_op_SpecChannel([21 x i8]* @src_OC_data_stream_L, i32 1, [1 x i8]* @p_str, [1 x i8]* @p_str, i32 2, i32 2, i8* %src_data_stream_0_V, i8* %src_data_stream_0_V)"   --->   Operation 94 'specchannel' 'empty' <Predicate = true> <Delay = 0.00>
ST_14 : Operation 95 [1/1] (0.00ns)   --->   "call void (...)* @_ssdm_op_SpecInterface(i8* %src_data_stream_0_V, [8 x i8]* @ap_fifo_str, i32 0, i32 0, [1 x i8]* @p_str, i32 0, i32 0, [1 x i8]* @p_str, [1 x i8]* @p_str, [1 x i8]* @p_str, i32 2, i32 2, i32 16, i32 16, [1 x i8]* @p_str, [1 x i8]* @p_str)"   --->   Operation 95 'specinterface' <Predicate = true> <Delay = 0.00>
ST_14 : Operation 96 [1/1] (0.00ns)   --->   "%empty_212 = call i32 (...)* @_ssdm_op_SpecChannel([22 x i8]* @edge_OC_data_stream_s, i32 1, [1 x i8]* @p_str, [1 x i8]* @p_str, i32 2, i32 2, i8* %edge_data_stream_0_s, i8* %edge_data_stream_0_s)"   --->   Operation 96 'specchannel' 'empty_212' <Predicate = true> <Delay = 0.00>
ST_14 : Operation 97 [1/1] (0.00ns)   --->   "call void (...)* @_ssdm_op_SpecInterface(i8* %edge_data_stream_0_s, [8 x i8]* @ap_fifo_str, i32 0, i32 0, [1 x i8]* @p_str, i32 0, i32 0, [1 x i8]* @p_str, [1 x i8]* @p_str, [1 x i8]* @p_str, i32 2, i32 2, i32 16, i32 16, [1 x i8]* @p_str, [1 x i8]* @p_str)"   --->   Operation 97 'specinterface' <Predicate = true> <Delay = 0.00>
ST_14 : Operation 98 [1/1] (0.00ns)   --->   "%empty_213 = call i32 (...)* @_ssdm_op_SpecChannel([20 x i8]* @dx_OC_data_stream_LF, i32 1, [1 x i8]* @p_str, [1 x i8]* @p_str, i32 2, i32 2, i16* %dx_data_stream_0_V, i16* %dx_data_stream_0_V)"   --->   Operation 98 'specchannel' 'empty_213' <Predicate = true> <Delay = 0.00>
ST_14 : Operation 99 [1/1] (0.00ns)   --->   "call void (...)* @_ssdm_op_SpecInterface(i16* %dx_data_stream_0_V, [8 x i8]* @ap_fifo_str, i32 0, i32 0, [1 x i8]* @p_str, i32 0, i32 0, [1 x i8]* @p_str, [1 x i8]* @p_str, [1 x i8]* @p_str, i32 2, i32 2, i32 16, i32 16, [1 x i8]* @p_str, [1 x i8]* @p_str)"   --->   Operation 99 'specinterface' <Predicate = true> <Delay = 0.00>
ST_14 : Operation 100 [1/1] (0.00ns)   --->   "%empty_214 = call i32 (...)* @_ssdm_op_SpecChannel([20 x i8]* @dy_OC_data_stream_LF, i32 1, [1 x i8]* @p_str, [1 x i8]* @p_str, i32 2, i32 2, i16* %dy_data_stream_0_V, i16* %dy_data_stream_0_V)"   --->   Operation 100 'specchannel' 'empty_214' <Predicate = true> <Delay = 0.00>
ST_14 : Operation 101 [1/1] (0.00ns)   --->   "call void (...)* @_ssdm_op_SpecInterface(i16* %dy_data_stream_0_V, [8 x i8]* @ap_fifo_str, i32 0, i32 0, [1 x i8]* @p_str, i32 0, i32 0, [1 x i8]* @p_str, [1 x i8]* @p_str, [1 x i8]* @p_str, i32 2, i32 2, i32 16, i32 16, [1 x i8]* @p_str, [1 x i8]* @p_str)"   --->   Operation 101 'specinterface' <Predicate = true> <Delay = 0.00>
ST_14 : Operation 102 [1/1] (0.00ns)   --->   "%empty_215 = call i32 (...)* @_ssdm_op_SpecChannel([21 x i8]* @dst_OC_data_stream_L, i32 1, [1 x i8]* @p_str, [1 x i8]* @p_str, i32 2, i32 2, i16* %dst_data_stream_0_V, i16* %dst_data_stream_0_V)"   --->   Operation 102 'specchannel' 'empty_215' <Predicate = true> <Delay = 0.00>
ST_14 : Operation 103 [1/1] (0.00ns)   --->   "call void (...)* @_ssdm_op_SpecInterface(i16* %dst_data_stream_0_V, [8 x i8]* @ap_fifo_str, i32 0, i32 0, [1 x i8]* @p_str, i32 0, i32 0, [1 x i8]* @p_str, [1 x i8]* @p_str, [1 x i8]* @p_str, i32 2, i32 2, i32 16, i32 16, [1 x i8]* @p_str, [1 x i8]* @p_str)"   --->   Operation 103 'specinterface' <Predicate = true> <Delay = 0.00>
ST_14 : Operation 104 [1/1] (0.00ns)   --->   "call void (...)* @_ssdm_op_SpecInterface(i8* %src_axis_V_data_V, i1* %src_axis_V_keep_V, i1* %src_axis_V_strb_V, i1* %src_axis_V_user_V, i1* %src_axis_V_last_V, i1* %src_axis_V_id_V, i1* %src_axis_V_dest_V, [5 x i8]* @p_str2, i32 1, i32 1, [5 x i8]* @p_str3, i32 0, i32 0, [1 x i8]* @p_str, [1 x i8]* @p_str, [1 x i8]* @p_str, i32 0, i32 0, i32 0, i32 0, [1 x i8]* @p_str, [1 x i8]* @p_str) nounwind" [image_core.cpp:17]   --->   Operation 104 'specinterface' <Predicate = true> <Delay = 0.00>
ST_14 : Operation 105 [1/1] (0.00ns)   --->   "call void (...)* @_ssdm_op_SpecInterface(i16* %dst_axis_V_data_V, i2* %dst_axis_V_keep_V, i2* %dst_axis_V_strb_V, i1* %dst_axis_V_user_V, i1* %dst_axis_V_last_V, i1* %dst_axis_V_id_V, i1* %dst_axis_V_dest_V, [5 x i8]* @p_str2, i32 1, i32 1, [5 x i8]* @p_str3, i32 0, i32 0, [1 x i8]* @p_str, [1 x i8]* @p_str, [1 x i8]* @p_str, i32 0, i32 0, i32 0, i32 0, [1 x i8]* @p_str, [1 x i8]* @p_str) nounwind" [image_core.cpp:18]   --->   Operation 105 'specinterface' <Predicate = true> <Delay = 0.00>
ST_14 : Operation 106 [1/1] (0.00ns)   --->   "call void (...)* @_ssdm_op_SpecInterface(i32 %rows, [10 x i8]* @p_str4, i32 0, i32 0, [1 x i8]* @p_str, i32 0, i32 0, [5 x i8]* @p_str5, [1 x i8]* @p_str, [1 x i8]* @p_str, i32 0, i32 0, i32 0, i32 0, [1 x i8]* @p_str, [1 x i8]* @p_str) nounwind" [image_core.cpp:19]   --->   Operation 106 'specinterface' <Predicate = true> <Delay = 0.00>
ST_14 : Operation 107 [1/1] (0.00ns)   --->   "call void (...)* @_ssdm_op_SpecInterface(i32 %cols, [10 x i8]* @p_str4, i32 0, i32 0, [1 x i8]* @p_str, i32 0, i32 0, [5 x i8]* @p_str5, [1 x i8]* @p_str, [1 x i8]* @p_str, i32 0, i32 0, i32 0, i32 0, [1 x i8]* @p_str, [1 x i8]* @p_str) nounwind" [image_core.cpp:20]   --->   Operation 107 'specinterface' <Predicate = true> <Delay = 0.00>
ST_14 : Operation 108 [1/1] (0.00ns)   --->   "call void (...)* @_ssdm_op_SpecInterface(i32 %gray_thresh, [10 x i8]* @p_str4, i32 0, i32 0, [1 x i8]* @p_str, i32 0, i32 0, [5 x i8]* @p_str5, [1 x i8]* @p_str, [1 x i8]* @p_str, i32 0, i32 0, i32 0, i32 0, [1 x i8]* @p_str, [1 x i8]* @p_str) nounwind" [image_core.cpp:21]   --->   Operation 108 'specinterface' <Predicate = true> <Delay = 0.00>
ST_14 : Operation 109 [1/1] (0.00ns)   --->   "call void (...)* @_ssdm_op_SpecInterface(i32 %acc_thresh, [10 x i8]* @p_str4, i32 0, i32 0, [1 x i8]* @p_str, i32 0, i32 0, [5 x i8]* @p_str5, [1 x i8]* @p_str, [1 x i8]* @p_str, i32 0, i32 0, i32 0, i32 0, [1 x i8]* @p_str, [1 x i8]* @p_str) nounwind" [image_core.cpp:22]   --->   Operation 109 'specinterface' <Predicate = true> <Delay = 0.00>
ST_14 : Operation 110 [1/1] (0.00ns)   --->   "call void (...)* @_ssdm_op_SpecInterface(i32 %min_dist, [10 x i8]* @p_str4, i32 0, i32 0, [1 x i8]* @p_str, i32 0, i32 0, [5 x i8]* @p_str5, [1 x i8]* @p_str, [1 x i8]* @p_str, i32 0, i32 0, i32 0, i32 0, [1 x i8]* @p_str, [1 x i8]* @p_str) nounwind" [image_core.cpp:23]   --->   Operation 110 'specinterface' <Predicate = true> <Delay = 0.00>
ST_14 : Operation 111 [1/1] (0.00ns)   --->   "call void (...)* @_ssdm_op_SpecInterface(i32 %min_radius, [10 x i8]* @p_str4, i32 0, i32 0, [1 x i8]* @p_str, i32 0, i32 0, [5 x i8]* @p_str5, [1 x i8]* @p_str, [1 x i8]* @p_str, i32 0, i32 0, i32 0, i32 0, [1 x i8]* @p_str, [1 x i8]* @p_str) nounwind" [image_core.cpp:24]   --->   Operation 111 'specinterface' <Predicate = true> <Delay = 0.00>
ST_14 : Operation 112 [1/1] (0.00ns)   --->   "call void (...)* @_ssdm_op_SpecInterface(i32 %max_radius, [10 x i8]* @p_str4, i32 0, i32 0, [1 x i8]* @p_str, i32 0, i32 0, [5 x i8]* @p_str5, [1 x i8]* @p_str, [1 x i8]* @p_str, i32 0, i32 0, i32 0, i32 0, [1 x i8]* @p_str, [1 x i8]* @p_str) nounwind" [image_core.cpp:25]   --->   Operation 112 'specinterface' <Predicate = true> <Delay = 0.00>
ST_14 : Operation 113 [1/1] (0.00ns)   --->   "call void (...)* @_ssdm_op_SpecInterface(i32 0, [10 x i8]* @p_str4, i32 0, i32 0, [1 x i8]* @p_str, i32 0, i32 0, [5 x i8]* @p_str5, [1 x i8]* @p_str, [1 x i8]* @p_str, i32 0, i32 0, i32 0, i32 0, [1 x i8]* @p_str, [1 x i8]* @p_str) nounwind" [image_core.cpp:26]   --->   Operation 113 'specinterface' <Predicate = true> <Delay = 0.00>
ST_14 : Operation 114 [1/1] (0.00ns)   --->   "%empty_216 = call i32 (...)* @_ssdm_op_SpecChannel([13 x i8]* @src_OC_rows_OC_V_c_s, i32 1, [1 x i8]* @p_str, [1 x i8]* @p_str, i32 2, i32 0, i32* %src_rows_V_c, i32* %src_rows_V_c)"   --->   Operation 114 'specchannel' 'empty_216' <Predicate = true> <Delay = 0.00>
ST_14 : Operation 115 [1/1] (0.00ns)   --->   "call void (...)* @_ssdm_op_SpecInterface(i32* %src_rows_V_c, [8 x i8]* @ap_fifo_str, i32 0, i32 0, [1 x i8]* @p_str, i32 0, i32 0, [1 x i8]* @p_str, [1 x i8]* @p_str, [1 x i8]* @p_str, i32 2, i32 2, i32 16, i32 16, [1 x i8]* @p_str, [1 x i8]* @p_str)"   --->   Operation 115 'specinterface' <Predicate = true> <Delay = 0.00>
ST_14 : Operation 116 [1/1] (0.00ns)   --->   "%empty_217 = call i32 (...)* @_ssdm_op_SpecChannel([13 x i8]* @src_OC_cols_OC_V_c_s, i32 1, [1 x i8]* @p_str, [1 x i8]* @p_str, i32 2, i32 0, i32* %src_cols_V_c, i32* %src_cols_V_c)"   --->   Operation 116 'specchannel' 'empty_217' <Predicate = true> <Delay = 0.00>
ST_14 : Operation 117 [1/1] (0.00ns)   --->   "call void (...)* @_ssdm_op_SpecInterface(i32* %src_cols_V_c, [8 x i8]* @ap_fifo_str, i32 0, i32 0, [1 x i8]* @p_str, i32 0, i32 0, [1 x i8]* @p_str, [1 x i8]* @p_str, [1 x i8]* @p_str, i32 2, i32 2, i32 16, i32 16, [1 x i8]* @p_str, [1 x i8]* @p_str)"   --->   Operation 117 'specinterface' <Predicate = true> <Delay = 0.00>
ST_14 : Operation 118 [1/1] (0.00ns)   --->   "%empty_218 = call i32 (...)* @_ssdm_op_SpecChannel([14 x i8]* @edge_OC_rows_OC_V_c_s, i32 1, [1 x i8]* @p_str, [1 x i8]* @p_str, i32 4, i32 0, i32* %edge_rows_V_c, i32* %edge_rows_V_c)"   --->   Operation 118 'specchannel' 'empty_218' <Predicate = true> <Delay = 0.00>
ST_14 : Operation 119 [1/1] (0.00ns)   --->   "call void (...)* @_ssdm_op_SpecInterface(i32* %edge_rows_V_c, [8 x i8]* @ap_fifo_str, i32 0, i32 0, [1 x i8]* @p_str, i32 0, i32 0, [1 x i8]* @p_str, [1 x i8]* @p_str, [1 x i8]* @p_str, i32 2, i32 2, i32 16, i32 16, [1 x i8]* @p_str, [1 x i8]* @p_str)"   --->   Operation 119 'specinterface' <Predicate = true> <Delay = 0.00>
ST_14 : Operation 120 [1/1] (0.00ns)   --->   "%empty_219 = call i32 (...)* @_ssdm_op_SpecChannel([14 x i8]* @edge_OC_cols_OC_V_c_s, i32 1, [1 x i8]* @p_str, [1 x i8]* @p_str, i32 4, i32 0, i32* %edge_cols_V_c, i32* %edge_cols_V_c)"   --->   Operation 120 'specchannel' 'empty_219' <Predicate = true> <Delay = 0.00>
ST_14 : Operation 121 [1/1] (0.00ns)   --->   "call void (...)* @_ssdm_op_SpecInterface(i32* %edge_cols_V_c, [8 x i8]* @ap_fifo_str, i32 0, i32 0, [1 x i8]* @p_str, i32 0, i32 0, [1 x i8]* @p_str, [1 x i8]* @p_str, [1 x i8]* @p_str, i32 2, i32 2, i32 16, i32 16, [1 x i8]* @p_str, [1 x i8]* @p_str)"   --->   Operation 121 'specinterface' <Predicate = true> <Delay = 0.00>
ST_14 : Operation 122 [1/1] (0.00ns)   --->   "%empty_220 = call i32 (...)* @_ssdm_op_SpecChannel([12 x i8]* @dx_OC_rows_OC_V_c_st, i32 1, [1 x i8]* @p_str, [1 x i8]* @p_str, i32 4, i32 0, i32* %dx_rows_V_c, i32* %dx_rows_V_c)"   --->   Operation 122 'specchannel' 'empty_220' <Predicate = true> <Delay = 0.00>
ST_14 : Operation 123 [1/1] (0.00ns)   --->   "call void (...)* @_ssdm_op_SpecInterface(i32* %dx_rows_V_c, [8 x i8]* @ap_fifo_str, i32 0, i32 0, [1 x i8]* @p_str, i32 0, i32 0, [1 x i8]* @p_str, [1 x i8]* @p_str, [1 x i8]* @p_str, i32 2, i32 2, i32 16, i32 16, [1 x i8]* @p_str, [1 x i8]* @p_str)"   --->   Operation 123 'specinterface' <Predicate = true> <Delay = 0.00>
ST_14 : Operation 124 [1/1] (0.00ns)   --->   "%empty_221 = call i32 (...)* @_ssdm_op_SpecChannel([12 x i8]* @dx_OC_cols_OC_V_c_st, i32 1, [1 x i8]* @p_str, [1 x i8]* @p_str, i32 4, i32 0, i32* %dx_cols_V_c, i32* %dx_cols_V_c)"   --->   Operation 124 'specchannel' 'empty_221' <Predicate = true> <Delay = 0.00>
ST_14 : Operation 125 [1/1] (0.00ns)   --->   "call void (...)* @_ssdm_op_SpecInterface(i32* %dx_cols_V_c, [8 x i8]* @ap_fifo_str, i32 0, i32 0, [1 x i8]* @p_str, i32 0, i32 0, [1 x i8]* @p_str, [1 x i8]* @p_str, [1 x i8]* @p_str, i32 2, i32 2, i32 16, i32 16, [1 x i8]* @p_str, [1 x i8]* @p_str)"   --->   Operation 125 'specinterface' <Predicate = true> <Delay = 0.00>
ST_14 : Operation 126 [1/1] (0.00ns)   --->   "%empty_222 = call i32 (...)* @_ssdm_op_SpecChannel([12 x i8]* @dy_OC_rows_OC_V_c_st, i32 1, [1 x i8]* @p_str, [1 x i8]* @p_str, i32 4, i32 0, i32* %dy_rows_V_c, i32* %dy_rows_V_c)"   --->   Operation 126 'specchannel' 'empty_222' <Predicate = true> <Delay = 0.00>
ST_14 : Operation 127 [1/1] (0.00ns)   --->   "call void (...)* @_ssdm_op_SpecInterface(i32* %dy_rows_V_c, [8 x i8]* @ap_fifo_str, i32 0, i32 0, [1 x i8]* @p_str, i32 0, i32 0, [1 x i8]* @p_str, [1 x i8]* @p_str, [1 x i8]* @p_str, i32 2, i32 2, i32 16, i32 16, [1 x i8]* @p_str, [1 x i8]* @p_str)"   --->   Operation 127 'specinterface' <Predicate = true> <Delay = 0.00>
ST_14 : Operation 128 [1/1] (0.00ns)   --->   "%empty_223 = call i32 (...)* @_ssdm_op_SpecChannel([12 x i8]* @dy_OC_cols_OC_V_c_st, i32 1, [1 x i8]* @p_str, [1 x i8]* @p_str, i32 4, i32 0, i32* %dy_cols_V_c, i32* %dy_cols_V_c)"   --->   Operation 128 'specchannel' 'empty_223' <Predicate = true> <Delay = 0.00>
ST_14 : Operation 129 [1/1] (0.00ns)   --->   "call void (...)* @_ssdm_op_SpecInterface(i32* %dy_cols_V_c, [8 x i8]* @ap_fifo_str, i32 0, i32 0, [1 x i8]* @p_str, i32 0, i32 0, [1 x i8]* @p_str, [1 x i8]* @p_str, [1 x i8]* @p_str, i32 2, i32 2, i32 16, i32 16, [1 x i8]* @p_str, [1 x i8]* @p_str)"   --->   Operation 129 'specinterface' <Predicate = true> <Delay = 0.00>
ST_14 : Operation 130 [1/1] (0.00ns)   --->   "%empty_224 = call i32 (...)* @_ssdm_op_SpecChannel([15 x i8]* @circles_OC_rows_c_st, i32 1, [1 x i8]* @p_str, [1 x i8]* @p_str, i32 5, i32 0, i3* %circles_rows_c, i3* %circles_rows_c)"   --->   Operation 130 'specchannel' 'empty_224' <Predicate = true> <Delay = 0.00>
ST_14 : Operation 131 [1/1] (0.00ns)   --->   "call void (...)* @_ssdm_op_SpecInterface(i3* %circles_rows_c, [8 x i8]* @ap_fifo_str, i32 0, i32 0, [1 x i8]* @p_str, i32 0, i32 0, [1 x i8]* @p_str, [1 x i8]* @p_str, [1 x i8]* @p_str, i32 2, i32 2, i32 16, i32 16, [1 x i8]* @p_str, [1 x i8]* @p_str)"   --->   Operation 131 'specinterface' <Predicate = true> <Delay = 0.00>
ST_14 : Operation 132 [1/1] (0.00ns)   --->   "%empty_225 = call i32 (...)* @_ssdm_op_SpecChannel([15 x i8]* @circles_OC_cols_c_st, i32 1, [1 x i8]* @p_str, [1 x i8]* @p_str, i32 5, i32 0, i8* %circles_cols_c, i8* %circles_cols_c)"   --->   Operation 132 'specchannel' 'empty_225' <Predicate = true> <Delay = 0.00>
ST_14 : Operation 133 [1/1] (0.00ns)   --->   "call void (...)* @_ssdm_op_SpecInterface(i8* %circles_cols_c, [8 x i8]* @ap_fifo_str, i32 0, i32 0, [1 x i8]* @p_str, i32 0, i32 0, [1 x i8]* @p_str, [1 x i8]* @p_str, [1 x i8]* @p_str, i32 2, i32 2, i32 16, i32 16, [1 x i8]* @p_str, [1 x i8]* @p_str)"   --->   Operation 133 'specinterface' <Predicate = true> <Delay = 0.00>
ST_14 : Operation 134 [1/1] (0.00ns)   --->   "%empty_226 = call i32 (...)* @_ssdm_op_SpecChannel([14 x i8]* @gray_thresh_c_str, i32 1, [1 x i8]* @p_str, [1 x i8]* @p_str, i32 3, i32 0, i32* %gray_thresh_c, i32* %gray_thresh_c)"   --->   Operation 134 'specchannel' 'empty_226' <Predicate = true> <Delay = 0.00>
ST_14 : Operation 135 [1/1] (0.00ns)   --->   "call void (...)* @_ssdm_op_SpecInterface(i32* %gray_thresh_c, [8 x i8]* @ap_fifo_str, i32 0, i32 0, [1 x i8]* @p_str, i32 0, i32 0, [1 x i8]* @p_str, [1 x i8]* @p_str, [1 x i8]* @p_str, i32 2, i32 2, i32 16, i32 16, [1 x i8]* @p_str, [1 x i8]* @p_str)"   --->   Operation 135 'specinterface' <Predicate = true> <Delay = 0.00>
ST_14 : Operation 136 [1/1] (0.00ns)   --->   "%empty_227 = call i32 (...)* @_ssdm_op_SpecChannel([13 x i8]* @acc_thresh_c_str, i32 1, [1 x i8]* @p_str, [1 x i8]* @p_str, i32 5, i32 0, i32* %acc_thresh_c, i32* %acc_thresh_c)"   --->   Operation 136 'specchannel' 'empty_227' <Predicate = true> <Delay = 0.00>
ST_14 : Operation 137 [1/1] (0.00ns)   --->   "call void (...)* @_ssdm_op_SpecInterface(i32* %acc_thresh_c, [8 x i8]* @ap_fifo_str, i32 0, i32 0, [1 x i8]* @p_str, i32 0, i32 0, [1 x i8]* @p_str, [1 x i8]* @p_str, [1 x i8]* @p_str, i32 2, i32 2, i32 16, i32 16, [1 x i8]* @p_str, [1 x i8]* @p_str)"   --->   Operation 137 'specinterface' <Predicate = true> <Delay = 0.00>
ST_14 : Operation 138 [1/1] (0.00ns)   --->   "%empty_228 = call i32 (...)* @_ssdm_op_SpecChannel([11 x i8]* @min_dist_c_str, i32 1, [1 x i8]* @p_str, [1 x i8]* @p_str, i32 5, i32 0, i32* %min_dist_c, i32* %min_dist_c)"   --->   Operation 138 'specchannel' 'empty_228' <Predicate = true> <Delay = 0.00>
ST_14 : Operation 139 [1/1] (0.00ns)   --->   "call void (...)* @_ssdm_op_SpecInterface(i32* %min_dist_c, [8 x i8]* @ap_fifo_str, i32 0, i32 0, [1 x i8]* @p_str, i32 0, i32 0, [1 x i8]* @p_str, [1 x i8]* @p_str, [1 x i8]* @p_str, i32 2, i32 2, i32 16, i32 16, [1 x i8]* @p_str, [1 x i8]* @p_str)"   --->   Operation 139 'specinterface' <Predicate = true> <Delay = 0.00>
ST_14 : Operation 140 [1/1] (0.00ns)   --->   "%empty_229 = call i32 (...)* @_ssdm_op_SpecChannel([13 x i8]* @min_radius_c_str, i32 1, [1 x i8]* @p_str, [1 x i8]* @p_str, i32 5, i32 0, i32* %min_radius_c, i32* %min_radius_c)"   --->   Operation 140 'specchannel' 'empty_229' <Predicate = true> <Delay = 0.00>
ST_14 : Operation 141 [1/1] (0.00ns)   --->   "call void (...)* @_ssdm_op_SpecInterface(i32* %min_radius_c, [8 x i8]* @ap_fifo_str, i32 0, i32 0, [1 x i8]* @p_str, i32 0, i32 0, [1 x i8]* @p_str, [1 x i8]* @p_str, [1 x i8]* @p_str, i32 2, i32 2, i32 16, i32 16, [1 x i8]* @p_str, [1 x i8]* @p_str)"   --->   Operation 141 'specinterface' <Predicate = true> <Delay = 0.00>
ST_14 : Operation 142 [1/1] (0.00ns)   --->   "%empty_230 = call i32 (...)* @_ssdm_op_SpecChannel([13 x i8]* @max_radius_c_str, i32 1, [1 x i8]* @p_str, [1 x i8]* @p_str, i32 5, i32 0, i32* %max_radius_c, i32* %max_radius_c)"   --->   Operation 142 'specchannel' 'empty_230' <Predicate = true> <Delay = 0.00>
ST_14 : Operation 143 [1/1] (0.00ns)   --->   "call void (...)* @_ssdm_op_SpecInterface(i32* %max_radius_c, [8 x i8]* @ap_fifo_str, i32 0, i32 0, [1 x i8]* @p_str, i32 0, i32 0, [1 x i8]* @p_str, [1 x i8]* @p_str, [1 x i8]* @p_str, i32 2, i32 2, i32 16, i32 16, [1 x i8]* @p_str, [1 x i8]* @p_str)"   --->   Operation 143 'specinterface' <Predicate = true> <Delay = 0.00>
ST_14 : Operation 144 [1/1] (0.00ns)   --->   "%empty_231 = call i32 (...)* @_ssdm_op_SpecChannel([15 x i8]* @src_OC_rows_OC_V_c32, i32 1, [1 x i8]* @p_str, [1 x i8]* @p_str, i32 2, i32 0, i32* %src_rows_V_c32, i32* %src_rows_V_c32)"   --->   Operation 144 'specchannel' 'empty_231' <Predicate = true> <Delay = 0.00>
ST_14 : Operation 145 [1/1] (0.00ns)   --->   "call void (...)* @_ssdm_op_SpecInterface(i32* %src_rows_V_c32, [8 x i8]* @ap_fifo_str, i32 0, i32 0, [1 x i8]* @p_str, i32 0, i32 0, [1 x i8]* @p_str, [1 x i8]* @p_str, [1 x i8]* @p_str, i32 2, i32 2, i32 16, i32 16, [1 x i8]* @p_str, [1 x i8]* @p_str)"   --->   Operation 145 'specinterface' <Predicate = true> <Delay = 0.00>
ST_14 : Operation 146 [1/1] (0.00ns)   --->   "%empty_232 = call i32 (...)* @_ssdm_op_SpecChannel([15 x i8]* @src_OC_cols_OC_V_c33, i32 1, [1 x i8]* @p_str, [1 x i8]* @p_str, i32 2, i32 0, i32* %src_cols_V_c33, i32* %src_cols_V_c33)"   --->   Operation 146 'specchannel' 'empty_232' <Predicate = true> <Delay = 0.00>
ST_14 : Operation 147 [1/1] (0.00ns)   --->   "call void (...)* @_ssdm_op_SpecInterface(i32* %src_cols_V_c33, [8 x i8]* @ap_fifo_str, i32 0, i32 0, [1 x i8]* @p_str, i32 0, i32 0, [1 x i8]* @p_str, [1 x i8]* @p_str, [1 x i8]* @p_str, i32 2, i32 2, i32 16, i32 16, [1 x i8]* @p_str, [1 x i8]* @p_str)"   --->   Operation 147 'specinterface' <Predicate = true> <Delay = 0.00>
ST_14 : Operation 148 [1/1] (0.00ns)   --->   "%empty_233 = call i32 (...)* @_ssdm_op_SpecChannel([13 x i8]* @p_edge_OC_rows_c_str, i32 1, [1 x i8]* @p_str, [1 x i8]* @p_str, i32 2, i32 0, i32* %p_edge_rows_c, i32* %p_edge_rows_c)"   --->   Operation 148 'specchannel' 'empty_233' <Predicate = true> <Delay = 0.00>
ST_14 : Operation 149 [1/1] (0.00ns)   --->   "call void (...)* @_ssdm_op_SpecInterface(i32* %p_edge_rows_c, [8 x i8]* @ap_fifo_str, i32 0, i32 0, [1 x i8]* @p_str, i32 0, i32 0, [1 x i8]* @p_str, [1 x i8]* @p_str, [1 x i8]* @p_str, i32 2, i32 2, i32 16, i32 16, [1 x i8]* @p_str, [1 x i8]* @p_str)"   --->   Operation 149 'specinterface' <Predicate = true> <Delay = 0.00>
ST_14 : Operation 150 [1/1] (0.00ns)   --->   "%empty_234 = call i32 (...)* @_ssdm_op_SpecChannel([13 x i8]* @p_edge_OC_cols_c_str, i32 1, [1 x i8]* @p_str, [1 x i8]* @p_str, i32 2, i32 0, i32* %p_edge_cols_c, i32* %p_edge_cols_c)"   --->   Operation 150 'specchannel' 'empty_234' <Predicate = true> <Delay = 0.00>
ST_14 : Operation 151 [1/1] (0.00ns)   --->   "call void (...)* @_ssdm_op_SpecInterface(i32* %p_edge_cols_c, [8 x i8]* @ap_fifo_str, i32 0, i32 0, [1 x i8]* @p_str, i32 0, i32 0, [1 x i8]* @p_str, [1 x i8]* @p_str, [1 x i8]* @p_str, i32 2, i32 2, i32 16, i32 16, [1 x i8]* @p_str, [1 x i8]* @p_str)"   --->   Operation 151 'specinterface' <Predicate = true> <Delay = 0.00>
ST_14 : Operation 152 [1/1] (0.00ns)   --->   "%empty_235 = call i32 (...)* @_ssdm_op_SpecChannel([17 x i8]* @circles_OC_rows_c34_s, i32 1, [1 x i8]* @p_str, [1 x i8]* @p_str, i32 2, i32 0, i3* %circles_rows_c34, i3* %circles_rows_c34)"   --->   Operation 152 'specchannel' 'empty_235' <Predicate = true> <Delay = 0.00>
ST_14 : Operation 153 [1/1] (0.00ns)   --->   "call void (...)* @_ssdm_op_SpecInterface(i3* %circles_rows_c34, [8 x i8]* @ap_fifo_str, i32 0, i32 0, [1 x i8]* @p_str, i32 0, i32 0, [1 x i8]* @p_str, [1 x i8]* @p_str, [1 x i8]* @p_str, i32 2, i32 2, i32 16, i32 16, [1 x i8]* @p_str, [1 x i8]* @p_str)"   --->   Operation 153 'specinterface' <Predicate = true> <Delay = 0.00>
ST_14 : Operation 154 [1/1] (0.00ns)   --->   "%empty_236 = call i32 (...)* @_ssdm_op_SpecChannel([17 x i8]* @circles_OC_cols_c35_s, i32 1, [1 x i8]* @p_str, [1 x i8]* @p_str, i32 2, i32 0, i8* %circles_cols_c35, i8* %circles_cols_c35)"   --->   Operation 154 'specchannel' 'empty_236' <Predicate = true> <Delay = 0.00>
ST_14 : Operation 155 [1/1] (0.00ns)   --->   "call void (...)* @_ssdm_op_SpecInterface(i8* %circles_cols_c35, [8 x i8]* @ap_fifo_str, i32 0, i32 0, [1 x i8]* @p_str, i32 0, i32 0, [1 x i8]* @p_str, [1 x i8]* @p_str, [1 x i8]* @p_str, i32 2, i32 2, i32 16, i32 16, [1 x i8]* @p_str, [1 x i8]* @p_str)"   --->   Operation 155 'specinterface' <Predicate = true> <Delay = 0.00>
ST_14 : Operation 156 [1/1] (0.00ns)   --->   "%empty_237 = call i32 (...)* @_ssdm_op_SpecChannel([13 x i8]* @dst_OC_rows_OC_V_c_s, i32 1, [1 x i8]* @p_str, [1 x i8]* @p_str, i32 2, i32 0, i3* %dst_rows_V_c, i3* %dst_rows_V_c)"   --->   Operation 156 'specchannel' 'empty_237' <Predicate = true> <Delay = 0.00>
ST_14 : Operation 157 [1/1] (0.00ns)   --->   "call void (...)* @_ssdm_op_SpecInterface(i3* %dst_rows_V_c, [8 x i8]* @ap_fifo_str, i32 0, i32 0, [1 x i8]* @p_str, i32 0, i32 0, [1 x i8]* @p_str, [1 x i8]* @p_str, [1 x i8]* @p_str, i32 2, i32 2, i32 16, i32 16, [1 x i8]* @p_str, [1 x i8]* @p_str)"   --->   Operation 157 'specinterface' <Predicate = true> <Delay = 0.00>
ST_14 : Operation 158 [1/1] (0.00ns)   --->   "%empty_238 = call i32 (...)* @_ssdm_op_SpecChannel([13 x i8]* @dst_OC_cols_OC_V_c_s, i32 1, [1 x i8]* @p_str, [1 x i8]* @p_str, i32 2, i32 0, i8* %dst_cols_V_c, i8* %dst_cols_V_c)"   --->   Operation 158 'specchannel' 'empty_238' <Predicate = true> <Delay = 0.00>
ST_14 : Operation 159 [1/1] (0.00ns)   --->   "call void (...)* @_ssdm_op_SpecInterface(i8* %dst_cols_V_c, [8 x i8]* @ap_fifo_str, i32 0, i32 0, [1 x i8]* @p_str, i32 0, i32 0, [1 x i8]* @p_str, [1 x i8]* @p_str, [1 x i8]* @p_str, i32 2, i32 2, i32 16, i32 16, [1 x i8]* @p_str, [1 x i8]* @p_str)"   --->   Operation 159 'specinterface' <Predicate = true> <Delay = 0.00>
ST_14 : Operation 160 [1/1] (0.00ns)   --->   "ret void" [image_core.cpp:49]   --->   Operation 160 'ret' <Predicate = true> <Delay = 0.00>


============================================================
+ Verbose Summary: Timing violations
============================================================
Target clock period: 20ns, clock uncertainty: 2.5ns.

 <State 1>: 3.26ns
The critical path consists of the following:
	s_axi read on port 'max_radius' [24]  (1 ns)
	'call' operation to 'Block_Mat.exit414_pr' [136]  (2.26 ns)

 <State 2>: 0ns
The critical path consists of the following:

 <State 3>: 0ns
The critical path consists of the following:

 <State 4>: 0ns
The critical path consists of the following:

 <State 5>: 0ns
The critical path consists of the following:

 <State 6>: 0ns
The critical path consists of the following:

 <State 7>: 0ns
The critical path consists of the following:

 <State 8>: 0ns
The critical path consists of the following:

 <State 9>: 0ns
The critical path consists of the following:

 <State 10>: 0ns
The critical path consists of the following:

 <State 11>: 0ns
The critical path consists of the following:

 <State 12>: 0ns
The critical path consists of the following:

 <State 13>: 0ns
The critical path consists of the following:

 <State 14>: 0ns
The critical path consists of the following:


============================================================
+ Verbose Summary: Binding
============================================================
N/A
* FSMD analyzer results:
  - Output states:
 - Input state : 
  - Chain level:
	State 1
	State 2
	State 3
	State 4
	State 5
	State 6
	State 7
	State 8
	State 9
	State 10
	State 11
	State 12
	State 13
	State 14


============================================================
+ Verbose Summary: Datapath Resource usage 
============================================================
N/A
