

================================================================
== Vivado HLS Report for 'Sobel'
================================================================
* Date:           Tue Dec  4 09:50:09 2018

* Version:        2018.2 (Build 2258646 on Thu Jun 14 20:25:20 MDT 2018)
* Project:        Hough
* Solution:       solution1
* Product family: virtex7
* Target device:  xc7vx690tffg1761-3


================================================================
== Performance Estimates
================================================================
+ Timing (ns): 
    * Summary: 
    +--------+-------+----------+------------+
    |  Clock | Target| Estimated| Uncertainty|
    +--------+-------+----------+------------+
    |ap_clk  |  20.00|    16.193|        2.50|
    +--------+-------+----------+------------+

+ Latency (clock cycles): 
    * Summary: 
    +-----+-------+-----+-------+---------+
    |   Latency   |   Interval  | Pipeline|
    | min |  max  | min |  max  |   Type  |
    +-----+-------+-----+-------+---------+
    |  128|  79220|  128|  79220|   none  |
    +-----+-------+-----+-------+---------+

    + Detail: 
        * Instance: 
        N/A

        * Loop: 
        N/A

============================================================
+ Verbose Summary: Synthesis Manager
============================================================
InlineROM: 1
ExposeGlobal: 0
============================================================
+ Verbose Summary: CDFG Model
============================================================
IsTopModel: 0
ResetActiveHigh: 1
IsCombinational: 2
IsDatapathOnly: 0
HasWiredReturn: 1
HasMFsm: 0
HasVarLatency: 1
IsPipeline: 0
IsRtlPipelined: 0
IsInstanceOverlapped: 0
IsDontTouch: 0
HasImplIP: 0
IsGatedGlobalClock: 0


============================================================
+ Verbose Summary: Schedule
============================================================
* Number of FSM states : 2
* Pipeline : 0
* Dataflow Pipeline: 0

* FSM state transitions: 
1 --> 
	2  / true
2 --> 

* FSM state operations: 

State 1 <SV = 0> <Delay = 3.83>
ST_1 : Operation 3 [1/1] (2.26ns)   --->   "%p_src_rows_V_read = call i32 @_ssdm_op_Read.ap_fifo.i32P(i32* %p_src_rows_V)" [E:/Xilinx/Vivado/2018.2/common/technology/autopilot/hls/hls_video_imgproc.h:2599]   --->   Operation 3 'read' 'p_src_rows_V_read' <Predicate = true> <Delay = 2.26> <Core = "FIFO">   --->   Core 32 'FIFO' <Latency = 0> <II = 1> <Delay = 2.26> <Storage> <Opcode : 'read' 'write' 'nbread' 'nbwrite'> <Ports = 0> <Width = 32> <Depth = 2> <FIFO>
ST_1 : Operation 4 [1/1] (2.26ns)   --->   "%p_src_cols_V_read = call i32 @_ssdm_op_Read.ap_fifo.i32P(i32* %p_src_cols_V)" [E:/Xilinx/Vivado/2018.2/common/technology/autopilot/hls/hls_video_imgproc.h:2599]   --->   Operation 4 'read' 'p_src_cols_V_read' <Predicate = true> <Delay = 2.26> <Core = "FIFO">   --->   Core 32 'FIFO' <Latency = 0> <II = 1> <Delay = 2.26> <Storage> <Opcode : 'read' 'write' 'nbread' 'nbwrite'> <Ports = 0> <Width = 32> <Depth = 2> <FIFO>
ST_1 : Operation 5 [2/2] (1.57ns)   --->   "call fastcc void @Filter2D(i32 %p_src_rows_V_read, i32 %p_src_cols_V_read, i8* %p_src_data_stream_V, i16* %p_dst_data_stream_V, i2 0, i2 1, i3 -2, i4 2, i2 -1, i3 0)" [E:/Xilinx/Vivado/2018.2/common/technology/autopilot/hls/hls_video_imgproc.h:2591->E:/Xilinx/Vivado/2018.2/common/technology/autopilot/hls/hls_video_imgproc.h:2599]   --->   Operation 5 'call' <Predicate = true> <Delay = 1.57> <CoreType = "Generic">   --->   Core 0 '' <Latency = 0> <II = 1> <Delay = 1.00> <Generic> <Opcode : >

State 2 <SV = 1> <Delay = 0.00>
ST_2 : Operation 6 [1/1] (0.00ns)   --->   "call void (...)* @_ssdm_op_SpecInterface(i16* %p_dst_data_stream_V, [8 x i8]* @ap_fifo_str, i32 0, i32 0, [1 x i8]* @p_str, i32 0, i32 0, [1 x i8]* @p_str, [1 x i8]* @p_str, [1 x i8]* @p_str, i32 2, i32 2, i32 16, i32 16, [1 x i8]* @p_str, [1 x i8]* @p_str)"   --->   Operation 6 'specinterface' <Predicate = true> <Delay = 0.00>
ST_2 : Operation 7 [1/1] (0.00ns)   --->   "call void (...)* @_ssdm_op_SpecInterface(i8* %p_src_data_stream_V, [8 x i8]* @ap_fifo_str, i32 0, i32 0, [1 x i8]* @p_str, i32 0, i32 0, [1 x i8]* @p_str, [1 x i8]* @p_str, [1 x i8]* @p_str, i32 2, i32 2, i32 16, i32 16, [1 x i8]* @p_str, [1 x i8]* @p_str)"   --->   Operation 7 'specinterface' <Predicate = true> <Delay = 0.00>
ST_2 : Operation 8 [1/1] (0.00ns)   --->   "call void (...)* @_ssdm_op_SpecInterface(i32* %p_src_rows_V, [8 x i8]* @ap_fifo_str, i32 0, i32 0, [1 x i8]* @p_str, i32 0, i32 0, [1 x i8]* @p_str, [1 x i8]* @p_str, [1 x i8]* @p_str, i32 2, i32 2, i32 16, i32 16, [1 x i8]* @p_str, [1 x i8]* @p_str)"   --->   Operation 8 'specinterface' <Predicate = true> <Delay = 0.00>
ST_2 : Operation 9 [1/1] (0.00ns)   --->   "call void (...)* @_ssdm_op_SpecInterface(i32* %p_src_cols_V, [8 x i8]* @ap_fifo_str, i32 0, i32 0, [1 x i8]* @p_str, i32 0, i32 0, [1 x i8]* @p_str, [1 x i8]* @p_str, [1 x i8]* @p_str, i32 2, i32 2, i32 16, i32 16, [1 x i8]* @p_str, [1 x i8]* @p_str)"   --->   Operation 9 'specinterface' <Predicate = true> <Delay = 0.00>
ST_2 : Operation 10 [1/2] (0.00ns)   --->   "call fastcc void @Filter2D(i32 %p_src_rows_V_read, i32 %p_src_cols_V_read, i8* %p_src_data_stream_V, i16* %p_dst_data_stream_V, i2 0, i2 1, i3 -2, i4 2, i2 -1, i3 0)" [E:/Xilinx/Vivado/2018.2/common/technology/autopilot/hls/hls_video_imgproc.h:2591->E:/Xilinx/Vivado/2018.2/common/technology/autopilot/hls/hls_video_imgproc.h:2599]   --->   Operation 10 'call' <Predicate = true> <Delay = 0.00> <CoreType = "Generic">   --->   Core 0 '' <Latency = 0> <II = 1> <Delay = 1.00> <Generic> <Opcode : >
ST_2 : Operation 11 [1/1] (0.00ns)   --->   "ret void"   --->   Operation 11 'ret' <Predicate = true> <Delay = 0.00>


============================================================
+ Verbose Summary: Timing violations
============================================================
Target clock period: 20ns, clock uncertainty: 2.5ns.

 <State 1>: 3.84ns
The critical path consists of the following:
	fifo read on port 'p_src_rows_V' (E:/Xilinx/Vivado/2018.2/common/technology/autopilot/hls/hls_video_imgproc.h:2599) [9]  (2.26 ns)
	'call' operation (E:/Xilinx/Vivado/2018.2/common/technology/autopilot/hls/hls_video_imgproc.h:2591->E:/Xilinx/Vivado/2018.2/common/technology/autopilot/hls/hls_video_imgproc.h:2599) to 'Filter2D' [11]  (1.58 ns)

 <State 2>: 0ns
The critical path consists of the following:


============================================================
+ Verbose Summary: Binding
============================================================
N/A
* FSMD analyzer results:
  - Output states:
 - Input state : 
  - Chain level:
	State 1
	State 2


============================================================
+ Verbose Summary: Datapath Resource usage 
============================================================
N/A
