

================================================================
== Vivado HLS Report for 'PaintMask'
================================================================
* Date:           Tue Dec  4 10:48:18 2018

* Version:        2018.2 (Build 2258646 on Thu Jun 14 20:25:20 MDT 2018)
* Project:        FAST
* Solution:       solution1
* Product family: virtex7
* Target device:  xc7vx690tffg1761-3


================================================================
== Performance Estimates
================================================================
+ Timing (ns): 
    * Summary: 
    +--------+-------+----------+------------+
    |  Clock | Target| Estimated| Uncertainty|
    +--------+-------+----------+------------+
    |ap_clk  |  20.00|     5.862|        2.50|
    +--------+-------+----------+------------+

+ Latency (clock cycles): 
    * Summary: 
    +-----+-----+-----+-----+---------+
    |  Latency  |  Interval | Pipeline|
    | min | max | min | max |   Type  |
    +-----+-----+-----+-----+---------+
    |    ?|    ?|    ?|    ?|   none  |
    +-----+-----+-----+-----+---------+

    + Detail: 
        * Instance: 
        N/A

        * Loop: 
        +---------------+-----+-----+----------+-----------+-----------+------+----------+
        |               |  Latency  | Iteration|  Initiation Interval  | Trip |          |
        |   Loop Name   | min | max |  Latency |  achieved |   target  | Count| Pipelined|
        +---------------+-----+-----+----------+-----------+-----------+------+----------+
        |- loop_height  |    ?|    ?|         ?|          -|          -|     ?|    no    |
        | + loop_width  |    ?|    ?|         2|          1|          1|     ?|    yes   |
        +---------------+-----+-----+----------+-----------+-----------+------+----------+



================================================================
== Utilization Estimates
================================================================
* Summary: 
+-----------------+---------+-------+--------+--------+
|       Name      | BRAM_18K| DSP48E|   FF   |   LUT  |
+-----------------+---------+-------+--------+--------+
|DSP              |        -|      -|       -|       -|
|Expression       |        -|      -|       0|     159|
|FIFO             |        -|      -|       -|       -|
|Instance         |        -|      -|       -|       -|
|Memory           |        -|      -|       -|       -|
|Multiplexer      |        -|      -|       -|     150|
|Register         |        -|      -|     168|       -|
+-----------------+---------+-------+--------+--------+
|Total            |        0|      0|     168|     309|
+-----------------+---------+-------+--------+--------+
|Available        |     2940|   3600|  866400|  433200|
+-----------------+---------+-------+--------+--------+
|Utilization (%)  |        0|      0|   ~0   |   ~0   |
+-----------------+---------+-------+--------+--------+

+ Detail: 
    * Instance: 
    N/A

    * DSP48: 
    N/A

    * Memory: 
    N/A

    * FIFO: 
    N/A

    * Expression: 
    +----------------------------------+----------+-------+---+----+------------+------------+
    |           Variable Name          | Operation| DSP48E| FF| LUT| Bitwidth P0| Bitwidth P1|
    +----------------------------------+----------+-------+---+----+------------+------------+
    |i_V_fu_146_p2                     |     +    |      0|  0|  39|          32|           1|
    |j_V_fu_157_p2                     |     +    |      0|  0|  39|          32|           1|
    |ap_block_pp0_stage0_01001         |    and   |      0|  0|   2|           1|           1|
    |exitcond1_i_fu_141_p2             |   icmp   |      0|  0|  18|          32|          32|
    |exitcond_i_fu_152_p2              |   icmp   |      0|  0|  18|          32|          32|
    |tmp_9_i_fu_163_p2                 |   icmp   |      0|  0|  11|           8|           1|
    |ap_block_state1                   |    or    |      0|  0|   2|           1|           1|
    |ap_block_state4_pp0_stage0_iter1  |    or    |      0|  0|   2|           1|           1|
    |p_dst_data_stream_0_V_din         |  select  |      0|  0|   8|           1|           8|
    |p_dst_data_stream_1_V_din         |  select  |      0|  0|   8|           1|           8|
    |p_dst_data_stream_2_V_din         |  select  |      0|  0|   8|           1|           8|
    |ap_enable_pp0                     |    xor   |      0|  0|   2|           1|           2|
    |ap_enable_reg_pp0_iter1           |    xor   |      0|  0|   2|           2|           1|
    +----------------------------------+----------+-------+---+----+------------+------------+
    |Total                             |          |      0|  0| 159|         145|          97|
    +----------------------------------+----------+-------+---+----+------------+------------+

    * Multiplexer: 
    +-----------------------------+----+-----------+-----+-----------+
    |             Name            | LUT| Input Size| Bits| Total Bits|
    +-----------------------------+----+-----------+-----+-----------+
    |ap_NS_fsm                    |  27|          5|    1|          5|
    |ap_done                      |   9|          2|    1|          2|
    |ap_enable_reg_pp0_iter1      |  15|          3|    1|          3|
    |p_dst_data_stream_0_V_blk_n  |   9|          2|    1|          2|
    |p_dst_data_stream_1_V_blk_n  |   9|          2|    1|          2|
    |p_dst_data_stream_2_V_blk_n  |   9|          2|    1|          2|
    |p_mask_data_stream_V_blk_n   |   9|          2|    1|          2|
    |p_src_cols_V_blk_n           |   9|          2|    1|          2|
    |p_src_data_stream_0_V_blk_n  |   9|          2|    1|          2|
    |p_src_data_stream_1_V_blk_n  |   9|          2|    1|          2|
    |p_src_data_stream_2_V_blk_n  |   9|          2|    1|          2|
    |p_src_rows_V_blk_n           |   9|          2|    1|          2|
    |t_V_1_reg_130                |   9|          2|   32|         64|
    |t_V_reg_119                  |   9|          2|   32|         64|
    +-----------------------------+----+-----------+-----+-----------+
    |Total                        | 150|         32|   76|        156|
    +-----------------------------+----+-----------+-----+-----------+

    * Register: 
    +-------------------------+----+----+-----+-----------+
    |           Name          | FF | LUT| Bits| Const Bits|
    +-------------------------+----+----+-----+-----------+
    |ap_CS_fsm                |   4|   0|    4|          0|
    |ap_done_reg              |   1|   0|    1|          0|
    |ap_enable_reg_pp0_iter0  |   1|   0|    1|          0|
    |ap_enable_reg_pp0_iter1  |   1|   0|    1|          0|
    |cols_reg_201             |  32|   0|   32|          0|
    |exitcond_i_reg_215       |   1|   0|    1|          0|
    |i_V_reg_210              |  32|   0|   32|          0|
    |rows_reg_196             |  32|   0|   32|          0|
    |t_V_1_reg_130            |  32|   0|   32|          0|
    |t_V_reg_119              |  32|   0|   32|          0|
    +-------------------------+----+----+-----+-----------+
    |Total                    | 168|   0|  168|          0|
    +-------------------------+----+----+-----+-----------+



================================================================
== Interface
================================================================
* Summary: 
+-------------------------------+-----+-----+------------+-----------------------+--------------+
|           RTL Ports           | Dir | Bits|  Protocol  |     Source Object     |    C Type    |
+-------------------------------+-----+-----+------------+-----------------------+--------------+
|ap_clk                         |  in |    1| ap_ctrl_hs |       PaintMask       | return value |
|ap_rst                         |  in |    1| ap_ctrl_hs |       PaintMask       | return value |
|ap_start                       |  in |    1| ap_ctrl_hs |       PaintMask       | return value |
|ap_done                        | out |    1| ap_ctrl_hs |       PaintMask       | return value |
|ap_continue                    |  in |    1| ap_ctrl_hs |       PaintMask       | return value |
|ap_idle                        | out |    1| ap_ctrl_hs |       PaintMask       | return value |
|ap_ready                       | out |    1| ap_ctrl_hs |       PaintMask       | return value |
|p_src_rows_V_dout              |  in |   32|   ap_fifo  |      p_src_rows_V     |    pointer   |
|p_src_rows_V_empty_n           |  in |    1|   ap_fifo  |      p_src_rows_V     |    pointer   |
|p_src_rows_V_read              | out |    1|   ap_fifo  |      p_src_rows_V     |    pointer   |
|p_src_cols_V_dout              |  in |   32|   ap_fifo  |      p_src_cols_V     |    pointer   |
|p_src_cols_V_empty_n           |  in |    1|   ap_fifo  |      p_src_cols_V     |    pointer   |
|p_src_cols_V_read              | out |    1|   ap_fifo  |      p_src_cols_V     |    pointer   |
|p_src_data_stream_0_V_dout     |  in |    8|   ap_fifo  | p_src_data_stream_0_V |    pointer   |
|p_src_data_stream_0_V_empty_n  |  in |    1|   ap_fifo  | p_src_data_stream_0_V |    pointer   |
|p_src_data_stream_0_V_read     | out |    1|   ap_fifo  | p_src_data_stream_0_V |    pointer   |
|p_src_data_stream_1_V_dout     |  in |    8|   ap_fifo  | p_src_data_stream_1_V |    pointer   |
|p_src_data_stream_1_V_empty_n  |  in |    1|   ap_fifo  | p_src_data_stream_1_V |    pointer   |
|p_src_data_stream_1_V_read     | out |    1|   ap_fifo  | p_src_data_stream_1_V |    pointer   |
|p_src_data_stream_2_V_dout     |  in |    8|   ap_fifo  | p_src_data_stream_2_V |    pointer   |
|p_src_data_stream_2_V_empty_n  |  in |    1|   ap_fifo  | p_src_data_stream_2_V |    pointer   |
|p_src_data_stream_2_V_read     | out |    1|   ap_fifo  | p_src_data_stream_2_V |    pointer   |
|p_mask_data_stream_V_dout      |  in |    8|   ap_fifo  |  p_mask_data_stream_V |    pointer   |
|p_mask_data_stream_V_empty_n   |  in |    1|   ap_fifo  |  p_mask_data_stream_V |    pointer   |
|p_mask_data_stream_V_read      | out |    1|   ap_fifo  |  p_mask_data_stream_V |    pointer   |
|p_dst_data_stream_0_V_din      | out |    8|   ap_fifo  | p_dst_data_stream_0_V |    pointer   |
|p_dst_data_stream_0_V_full_n   |  in |    1|   ap_fifo  | p_dst_data_stream_0_V |    pointer   |
|p_dst_data_stream_0_V_write    | out |    1|   ap_fifo  | p_dst_data_stream_0_V |    pointer   |
|p_dst_data_stream_1_V_din      | out |    8|   ap_fifo  | p_dst_data_stream_1_V |    pointer   |
|p_dst_data_stream_1_V_full_n   |  in |    1|   ap_fifo  | p_dst_data_stream_1_V |    pointer   |
|p_dst_data_stream_1_V_write    | out |    1|   ap_fifo  | p_dst_data_stream_1_V |    pointer   |
|p_dst_data_stream_2_V_din      | out |    8|   ap_fifo  | p_dst_data_stream_2_V |    pointer   |
|p_dst_data_stream_2_V_full_n   |  in |    1|   ap_fifo  | p_dst_data_stream_2_V |    pointer   |
|p_dst_data_stream_2_V_write    | out |    1|   ap_fifo  | p_dst_data_stream_2_V |    pointer   |
+-------------------------------+-----+-----+------------+-----------------------+--------------+

============================================================
+ Verbose Summary: Synthesis Manager
============================================================
InlineROM: 1
ExposeGlobal: 0
============================================================
+ Verbose Summary: CDFG Model
============================================================
IsTopModel: 0
ResetActiveHigh: 1
IsCombinational: 2
IsDatapathOnly: 0
HasWiredReturn: 1
HasMFsm: 0
HasVarLatency: 1
IsPipeline: 0
IsRtlPipelined: 0
IsInstanceOverlapped: 0
IsDontTouch: 0
HasImplIP: 0
IsGatedGlobalClock: 0

+ Individual pipeline summary: 
  * Pipeline-0: initiation interval (II) = 1, depth = 2


============================================================
+ Verbose Summary: Schedule
============================================================
* Number of FSM states : 5
* Pipeline : 1
  Pipeline-0 : II = 1, D = 2, States = { 3 4 }
* Dataflow Pipeline: 0

* FSM state transitions: 
1 --> 
	2  / true
2 --> 
	3  / (!exitcond1_i)
3 --> 
	5  / (exitcond_i)
	4  / (!exitcond_i)
4 --> 
	3  / true
5 --> 
	2  / true

* FSM state operations: 

State 1 <SV = 0> <Delay = 2.26>
ST_1 : Operation 6 [1/1] (0.00ns)   --->   "call void (...)* @_ssdm_op_SpecInterface(i8* %p_mask_data_stream_V, [8 x i8]* @ap_fifo_str, i32 0, i32 0, [1 x i8]* @p_str, i32 0, i32 0, [1 x i8]* @p_str, [1 x i8]* @p_str, [1 x i8]* @p_str, i32 2, i32 2, i32 16, i32 16, [1 x i8]* @p_str, [1 x i8]* @p_str)"   --->   Operation 6 'specinterface' <Predicate = true> <Delay = 0.00>
ST_1 : Operation 7 [1/1] (0.00ns)   --->   "call void (...)* @_ssdm_op_SpecInterface(i8* %p_src_data_stream_2_V, [8 x i8]* @ap_fifo_str, i32 0, i32 0, [1 x i8]* @p_str, i32 0, i32 0, [1 x i8]* @p_str, [1 x i8]* @p_str, [1 x i8]* @p_str, i32 2, i32 2, i32 16, i32 16, [1 x i8]* @p_str, [1 x i8]* @p_str)"   --->   Operation 7 'specinterface' <Predicate = true> <Delay = 0.00>
ST_1 : Operation 8 [1/1] (0.00ns)   --->   "call void (...)* @_ssdm_op_SpecInterface(i8* %p_src_data_stream_1_V, [8 x i8]* @ap_fifo_str, i32 0, i32 0, [1 x i8]* @p_str, i32 0, i32 0, [1 x i8]* @p_str, [1 x i8]* @p_str, [1 x i8]* @p_str, i32 2, i32 2, i32 16, i32 16, [1 x i8]* @p_str, [1 x i8]* @p_str)"   --->   Operation 8 'specinterface' <Predicate = true> <Delay = 0.00>
ST_1 : Operation 9 [1/1] (0.00ns)   --->   "call void (...)* @_ssdm_op_SpecInterface(i8* %p_src_data_stream_0_V, [8 x i8]* @ap_fifo_str, i32 0, i32 0, [1 x i8]* @p_str, i32 0, i32 0, [1 x i8]* @p_str, [1 x i8]* @p_str, [1 x i8]* @p_str, i32 2, i32 2, i32 16, i32 16, [1 x i8]* @p_str, [1 x i8]* @p_str)"   --->   Operation 9 'specinterface' <Predicate = true> <Delay = 0.00>
ST_1 : Operation 10 [1/1] (0.00ns)   --->   "call void (...)* @_ssdm_op_SpecInterface(i8* %p_dst_data_stream_2_V, [8 x i8]* @ap_fifo_str, i32 0, i32 0, [1 x i8]* @p_str, i32 0, i32 0, [1 x i8]* @p_str, [1 x i8]* @p_str, [1 x i8]* @p_str, i32 2, i32 2, i32 16, i32 16, [1 x i8]* @p_str, [1 x i8]* @p_str)"   --->   Operation 10 'specinterface' <Predicate = true> <Delay = 0.00>
ST_1 : Operation 11 [1/1] (0.00ns)   --->   "call void (...)* @_ssdm_op_SpecInterface(i8* %p_dst_data_stream_1_V, [8 x i8]* @ap_fifo_str, i32 0, i32 0, [1 x i8]* @p_str, i32 0, i32 0, [1 x i8]* @p_str, [1 x i8]* @p_str, [1 x i8]* @p_str, i32 2, i32 2, i32 16, i32 16, [1 x i8]* @p_str, [1 x i8]* @p_str)"   --->   Operation 11 'specinterface' <Predicate = true> <Delay = 0.00>
ST_1 : Operation 12 [1/1] (0.00ns)   --->   "call void (...)* @_ssdm_op_SpecInterface(i8* %p_dst_data_stream_0_V, [8 x i8]* @ap_fifo_str, i32 0, i32 0, [1 x i8]* @p_str, i32 0, i32 0, [1 x i8]* @p_str, [1 x i8]* @p_str, [1 x i8]* @p_str, i32 2, i32 2, i32 16, i32 16, [1 x i8]* @p_str, [1 x i8]* @p_str)"   --->   Operation 12 'specinterface' <Predicate = true> <Delay = 0.00>
ST_1 : Operation 13 [1/1] (0.00ns)   --->   "call void (...)* @_ssdm_op_SpecInterface(i32* %p_src_rows_V, [8 x i8]* @ap_fifo_str, i32 0, i32 0, [1 x i8]* @p_str, i32 0, i32 0, [1 x i8]* @p_str, [1 x i8]* @p_str, [1 x i8]* @p_str, i32 2, i32 2, i32 16, i32 16, [1 x i8]* @p_str, [1 x i8]* @p_str)"   --->   Operation 13 'specinterface' <Predicate = true> <Delay = 0.00>
ST_1 : Operation 14 [1/1] (0.00ns)   --->   "call void (...)* @_ssdm_op_SpecInterface(i32* %p_src_cols_V, [8 x i8]* @ap_fifo_str, i32 0, i32 0, [1 x i8]* @p_str, i32 0, i32 0, [1 x i8]* @p_str, [1 x i8]* @p_str, [1 x i8]* @p_str, i32 2, i32 2, i32 16, i32 16, [1 x i8]* @p_str, [1 x i8]* @p_str)"   --->   Operation 14 'specinterface' <Predicate = true> <Delay = 0.00>
ST_1 : Operation 15 [1/1] (2.26ns)   --->   "%rows = call i32 @_ssdm_op_Read.ap_fifo.i32P(i32* %p_src_rows_V)" [E:/Xilinx/Vivado/2018.2/common/technology/autopilot/hls/hls_video_fast.h:457]   --->   Operation 15 'read' 'rows' <Predicate = true> <Delay = 2.26> <Core = "FIFO_SRL">   --->   Core 36 'FIFO_SRL' <Latency = 0> <II = 1> <Delay = 2.26> <Storage> <Opcode : 'read' 'write' 'nbread' 'nbwrite'> <Ports = 0> <Width = 32> <Depth = 0> <FIFO>
ST_1 : Operation 16 [1/1] (2.26ns)   --->   "%cols = call i32 @_ssdm_op_Read.ap_fifo.i32P(i32* %p_src_cols_V)" [E:/Xilinx/Vivado/2018.2/common/technology/autopilot/hls/hls_video_fast.h:459]   --->   Operation 16 'read' 'cols' <Predicate = true> <Delay = 2.26> <Core = "FIFO_SRL">   --->   Core 36 'FIFO_SRL' <Latency = 0> <II = 1> <Delay = 2.26> <Storage> <Opcode : 'read' 'write' 'nbread' 'nbwrite'> <Ports = 0> <Width = 32> <Depth = 0> <FIFO>
ST_1 : Operation 17 [1/1] (0.97ns)   --->   "br label %0" [E:/Xilinx/Vivado/2018.2/common/technology/autopilot/hls/hls_video_fast.h:468]   --->   Operation 17 'br' <Predicate = true> <Delay = 0.97>

State 2 <SV = 1> <Delay = 1.77>
ST_2 : Operation 18 [1/1] (0.00ns)   --->   "%t_V = phi i32 [ 0, %entry ], [ %i_V, %3 ]"   --->   Operation 18 'phi' 't_V' <Predicate = true> <Delay = 0.00>
ST_2 : Operation 19 [1/1] (1.31ns)   --->   "%exitcond1_i = icmp eq i32 %t_V, %rows" [E:/Xilinx/Vivado/2018.2/common/technology/autopilot/hls/hls_video_fast.h:468]   --->   Operation 19 'icmp' 'exitcond1_i' <Predicate = true> <Delay = 1.31> <Core = "Cmp">   --->   Core 25 'Cmp' <Latency = 0> <II = 1> <Delay = 0.98> <FuncUnit> <Opcode : 'icmp'> <InPorts = 2> <OutPorts = 1>
ST_2 : Operation 20 [1/1] (1.57ns)   --->   "%i_V = add i32 %t_V, 1" [E:/Xilinx/Vivado/2018.2/common/technology/autopilot/hls/hls_video_fast.h:468]   --->   Operation 20 'add' 'i_V' <Predicate = true> <Delay = 1.57> <Core = "AddSub">   --->   Core 14 'AddSub' <Latency = 0> <II = 1> <Delay = 1.57> <FuncUnit> <Opcode : 'add' 'sub'> <InPorts = 2> <OutPorts = 1>
ST_2 : Operation 21 [1/1] (0.00ns)   --->   "br i1 %exitcond1_i, label %.exit, label %1" [E:/Xilinx/Vivado/2018.2/common/technology/autopilot/hls/hls_video_fast.h:468]   --->   Operation 21 'br' <Predicate = true> <Delay = 0.00>
ST_2 : Operation 22 [1/1] (0.00ns)   --->   "call void (...)* @_ssdm_op_SpecLoopName([12 x i8]* @p_str10) nounwind" [E:/Xilinx/Vivado/2018.2/common/technology/autopilot/hls/hls_video_fast.h:468]   --->   Operation 22 'specloopname' <Predicate = (!exitcond1_i)> <Delay = 0.00>
ST_2 : Operation 23 [1/1] (0.00ns)   --->   "%tmp_i = call i32 (...)* @_ssdm_op_SpecRegionBegin([12 x i8]* @p_str10)" [E:/Xilinx/Vivado/2018.2/common/technology/autopilot/hls/hls_video_fast.h:468]   --->   Operation 23 'specregionbegin' 'tmp_i' <Predicate = (!exitcond1_i)> <Delay = 0.00>
ST_2 : Operation 24 [1/1] (0.97ns)   --->   "br label %2" [E:/Xilinx/Vivado/2018.2/common/technology/autopilot/hls/hls_video_fast.h:469]   --->   Operation 24 'br' <Predicate = (!exitcond1_i)> <Delay = 0.97>
ST_2 : Operation 25 [1/1] (0.00ns)   --->   "ret void"   --->   Operation 25 'ret' <Predicate = (exitcond1_i)> <Delay = 0.00>

State 3 <SV = 2> <Delay = 1.57>
ST_3 : Operation 26 [1/1] (0.00ns)   --->   "%t_V_1 = phi i32 [ 0, %1 ], [ %j_V, %"operator>>.exit.i" ]"   --->   Operation 26 'phi' 't_V_1' <Predicate = true> <Delay = 0.00>
ST_3 : Operation 27 [1/1] (1.31ns)   --->   "%exitcond_i = icmp eq i32 %t_V_1, %cols" [E:/Xilinx/Vivado/2018.2/common/technology/autopilot/hls/hls_video_fast.h:469]   --->   Operation 27 'icmp' 'exitcond_i' <Predicate = true> <Delay = 1.31> <Core = "Cmp">   --->   Core 25 'Cmp' <Latency = 0> <II = 1> <Delay = 0.98> <FuncUnit> <Opcode : 'icmp'> <InPorts = 2> <OutPorts = 1>
ST_3 : Operation 28 [1/1] (1.57ns)   --->   "%j_V = add i32 %t_V_1, 1" [E:/Xilinx/Vivado/2018.2/common/technology/autopilot/hls/hls_video_fast.h:469]   --->   Operation 28 'add' 'j_V' <Predicate = true> <Delay = 1.57> <Core = "AddSub">   --->   Core 14 'AddSub' <Latency = 0> <II = 1> <Delay = 1.57> <FuncUnit> <Opcode : 'add' 'sub'> <InPorts = 2> <OutPorts = 1>
ST_3 : Operation 29 [1/1] (0.00ns)   --->   "br i1 %exitcond_i, label %3, label %"operator>>.exit.i"" [E:/Xilinx/Vivado/2018.2/common/technology/autopilot/hls/hls_video_fast.h:469]   --->   Operation 29 'br' <Predicate = true> <Delay = 0.00>

State 4 <SV = 3> <Delay = 5.86>
ST_4 : Operation 30 [1/1] (0.00ns)   --->   "call void (...)* @_ssdm_op_SpecLoopName([11 x i8]* @p_str11) nounwind" [E:/Xilinx/Vivado/2018.2/common/technology/autopilot/hls/hls_video_fast.h:469]   --->   Operation 30 'specloopname' <Predicate = (!exitcond_i)> <Delay = 0.00>
ST_4 : Operation 31 [1/1] (0.00ns)   --->   "%tmp_4_i = call i32 (...)* @_ssdm_op_SpecRegionBegin([11 x i8]* @p_str11)" [E:/Xilinx/Vivado/2018.2/common/technology/autopilot/hls/hls_video_fast.h:469]   --->   Operation 31 'specregionbegin' 'tmp_4_i' <Predicate = (!exitcond_i)> <Delay = 0.00>
ST_4 : Operation 32 [1/1] (0.00ns)   --->   "call void (...)* @_ssdm_op_SpecPipeline(i32 1, i32 1, i32 1, i32 0, [1 x i8]* @p_str) nounwind" [E:/Xilinx/Vivado/2018.2/common/technology/autopilot/hls/hls_video_fast.h:471]   --->   Operation 32 'specpipeline' <Predicate = (!exitcond_i)> <Delay = 0.00>
ST_4 : Operation 33 [1/1] (0.00ns)   --->   "%tmp_5_i = call i32 (...)* @_ssdm_op_SpecRegionBegin([12 x i8]* @p_str15)" [E:/Xilinx/Vivado/2018.2/common/technology/autopilot/hls/hls_video_core.h:617->E:/Xilinx/Vivado/2018.2/common/technology/autopilot/hls/hls_video_core.h:656->E:/Xilinx/Vivado/2018.2/common/technology/autopilot/hls/hls_video_fast.h:472]   --->   Operation 33 'specregionbegin' 'tmp_5_i' <Predicate = (!exitcond_i)> <Delay = 0.00>
ST_4 : Operation 34 [1/1] (0.00ns)   --->   "call void (...)* @_ssdm_op_SpecProtocol(i32 0, [1 x i8]* @p_str) nounwind" [E:/Xilinx/Vivado/2018.2/common/technology/autopilot/hls/hls_video_core.h:621->E:/Xilinx/Vivado/2018.2/common/technology/autopilot/hls/hls_video_core.h:656->E:/Xilinx/Vivado/2018.2/common/technology/autopilot/hls/hls_video_fast.h:472]   --->   Operation 34 'specprotocol' <Predicate = (!exitcond_i)> <Delay = 0.00>
ST_4 : Operation 35 [1/1] (2.26ns)   --->   "%tmp_5 = call i8 @_ssdm_op_Read.ap_fifo.volatile.i8P(i8* %p_src_data_stream_0_V)" [E:/Xilinx/Vivado/2018.2/common/technology/autopilot/hls/hls_video_core.h:624->E:/Xilinx/Vivado/2018.2/common/technology/autopilot/hls/hls_video_core.h:656->E:/Xilinx/Vivado/2018.2/common/technology/autopilot/hls/hls_video_fast.h:472]   --->   Operation 35 'read' 'tmp_5' <Predicate = (!exitcond_i)> <Delay = 2.26> <Core = "FIFO_SRL">   --->   Core 36 'FIFO_SRL' <Latency = 0> <II = 1> <Delay = 2.26> <Storage> <Opcode : 'read' 'write' 'nbread' 'nbwrite'> <Ports = 0> <Width = 32> <Depth = 0> <FIFO>
ST_4 : Operation 36 [1/1] (2.26ns)   --->   "%tmp_6 = call i8 @_ssdm_op_Read.ap_fifo.volatile.i8P(i8* %p_src_data_stream_1_V)" [E:/Xilinx/Vivado/2018.2/common/technology/autopilot/hls/hls_video_core.h:624->E:/Xilinx/Vivado/2018.2/common/technology/autopilot/hls/hls_video_core.h:656->E:/Xilinx/Vivado/2018.2/common/technology/autopilot/hls/hls_video_fast.h:472]   --->   Operation 36 'read' 'tmp_6' <Predicate = (!exitcond_i)> <Delay = 2.26> <Core = "FIFO_SRL">   --->   Core 36 'FIFO_SRL' <Latency = 0> <II = 1> <Delay = 2.26> <Storage> <Opcode : 'read' 'write' 'nbread' 'nbwrite'> <Ports = 0> <Width = 32> <Depth = 0> <FIFO>
ST_4 : Operation 37 [1/1] (2.26ns)   --->   "%tmp = call i8 @_ssdm_op_Read.ap_fifo.volatile.i8P(i8* %p_src_data_stream_2_V)" [E:/Xilinx/Vivado/2018.2/common/technology/autopilot/hls/hls_video_core.h:624->E:/Xilinx/Vivado/2018.2/common/technology/autopilot/hls/hls_video_core.h:656->E:/Xilinx/Vivado/2018.2/common/technology/autopilot/hls/hls_video_fast.h:472]   --->   Operation 37 'read' 'tmp' <Predicate = (!exitcond_i)> <Delay = 2.26> <Core = "FIFO_SRL">   --->   Core 36 'FIFO_SRL' <Latency = 0> <II = 1> <Delay = 2.26> <Storage> <Opcode : 'read' 'write' 'nbread' 'nbwrite'> <Ports = 0> <Width = 32> <Depth = 0> <FIFO>
ST_4 : Operation 38 [1/1] (0.00ns)   --->   "%empty = call i32 (...)* @_ssdm_op_SpecRegionEnd([12 x i8]* @p_str15, i32 %tmp_5_i)" [E:/Xilinx/Vivado/2018.2/common/technology/autopilot/hls/hls_video_core.h:626->E:/Xilinx/Vivado/2018.2/common/technology/autopilot/hls/hls_video_core.h:656->E:/Xilinx/Vivado/2018.2/common/technology/autopilot/hls/hls_video_fast.h:472]   --->   Operation 38 'specregionend' 'empty' <Predicate = (!exitcond_i)> <Delay = 0.00>
ST_4 : Operation 39 [1/1] (0.00ns)   --->   "%tmp_6_i = call i32 (...)* @_ssdm_op_SpecRegionBegin([12 x i8]* @p_str25)" [E:/Xilinx/Vivado/2018.2/common/technology/autopilot/hls/hls_video_core.h:617->E:/Xilinx/Vivado/2018.2/common/technology/autopilot/hls/hls_video_core.h:656->E:/Xilinx/Vivado/2018.2/common/technology/autopilot/hls/hls_video_fast.h:473]   --->   Operation 39 'specregionbegin' 'tmp_6_i' <Predicate = (!exitcond_i)> <Delay = 0.00>
ST_4 : Operation 40 [1/1] (0.00ns)   --->   "call void (...)* @_ssdm_op_SpecProtocol(i32 0, [1 x i8]* @p_str) nounwind" [E:/Xilinx/Vivado/2018.2/common/technology/autopilot/hls/hls_video_core.h:621->E:/Xilinx/Vivado/2018.2/common/technology/autopilot/hls/hls_video_core.h:656->E:/Xilinx/Vivado/2018.2/common/technology/autopilot/hls/hls_video_fast.h:473]   --->   Operation 40 'specprotocol' <Predicate = (!exitcond_i)> <Delay = 0.00>
ST_4 : Operation 41 [1/1] (2.26ns)   --->   "%tmp_1 = call i8 @_ssdm_op_Read.ap_fifo.volatile.i8P(i8* %p_mask_data_stream_V)" [E:/Xilinx/Vivado/2018.2/common/technology/autopilot/hls/hls_video_core.h:624->E:/Xilinx/Vivado/2018.2/common/technology/autopilot/hls/hls_video_core.h:656->E:/Xilinx/Vivado/2018.2/common/technology/autopilot/hls/hls_video_fast.h:473]   --->   Operation 41 'read' 'tmp_1' <Predicate = (!exitcond_i)> <Delay = 2.26> <Core = "FIFO_SRL">   --->   Core 36 'FIFO_SRL' <Latency = 0> <II = 1> <Delay = 2.26> <Storage> <Opcode : 'read' 'write' 'nbread' 'nbwrite'> <Ports = 0> <Width = 32> <Depth = 0> <FIFO>
ST_4 : Operation 42 [1/1] (0.00ns)   --->   "%empty_38 = call i32 (...)* @_ssdm_op_SpecRegionEnd([12 x i8]* @p_str25, i32 %tmp_6_i)" [E:/Xilinx/Vivado/2018.2/common/technology/autopilot/hls/hls_video_core.h:626->E:/Xilinx/Vivado/2018.2/common/technology/autopilot/hls/hls_video_core.h:656->E:/Xilinx/Vivado/2018.2/common/technology/autopilot/hls/hls_video_fast.h:473]   --->   Operation 42 'specregionend' 'empty_38' <Predicate = (!exitcond_i)> <Delay = 0.00>
ST_4 : Operation 43 [1/1] (0.98ns)   --->   "%tmp_9_i = icmp eq i8 %tmp_1, 0" [E:/Xilinx/Vivado/2018.2/common/technology/autopilot/hls/hls_video_fast.h:474]   --->   Operation 43 'icmp' 'tmp_9_i' <Predicate = (!exitcond_i)> <Delay = 0.98> <Core = "Cmp">   --->   Core 25 'Cmp' <Latency = 0> <II = 1> <Delay = 0.98> <FuncUnit> <Opcode : 'icmp'> <InPorts = 2> <OutPorts = 1>
ST_4 : Operation 44 [1/1] (0.35ns)   --->   "%tmp_2 = select i1 %tmp_9_i, i8 %tmp_5, i8 0" [E:/Xilinx/Vivado/2018.2/common/technology/autopilot/hls/hls_video_fast.h:474]   --->   Operation 44 'select' 'tmp_2' <Predicate = (!exitcond_i)> <Delay = 0.35> <Core = "Sel">   --->   Core 26 'Sel' <Latency = 0> <II = 1> <Delay = 0.35> <FuncUnit> <Opcode : 'select'> <InPorts = 3> <OutPorts = 1>
ST_4 : Operation 45 [1/1] (0.35ns)   --->   "%tmp_3 = select i1 %tmp_9_i, i8 %tmp_6, i8 0" [E:/Xilinx/Vivado/2018.2/common/technology/autopilot/hls/hls_video_fast.h:474]   --->   Operation 45 'select' 'tmp_3' <Predicate = (!exitcond_i)> <Delay = 0.35> <Core = "Sel">   --->   Core 26 'Sel' <Latency = 0> <II = 1> <Delay = 0.35> <FuncUnit> <Opcode : 'select'> <InPorts = 3> <OutPorts = 1>
ST_4 : Operation 46 [1/1] (0.35ns)   --->   "%tmp_4 = select i1 %tmp_9_i, i8 %tmp, i8 -1" [E:/Xilinx/Vivado/2018.2/common/technology/autopilot/hls/hls_video_fast.h:474]   --->   Operation 46 'select' 'tmp_4' <Predicate = (!exitcond_i)> <Delay = 0.35> <Core = "Sel">   --->   Core 26 'Sel' <Latency = 0> <II = 1> <Delay = 0.35> <FuncUnit> <Opcode : 'select'> <InPorts = 3> <OutPorts = 1>
ST_4 : Operation 47 [1/1] (0.00ns)   --->   "%tmp_7_i = call i32 (...)* @_ssdm_op_SpecRegionBegin([12 x i8]* @p_str23)" [E:/Xilinx/Vivado/2018.2/common/technology/autopilot/hls/hls_video_core.h:641->E:/Xilinx/Vivado/2018.2/common/technology/autopilot/hls/hls_video_core.h:662->E:/Xilinx/Vivado/2018.2/common/technology/autopilot/hls/hls_video_fast.h:482]   --->   Operation 47 'specregionbegin' 'tmp_7_i' <Predicate = (!exitcond_i)> <Delay = 0.00>
ST_4 : Operation 48 [1/1] (0.00ns)   --->   "call void (...)* @_ssdm_op_SpecProtocol(i32 0, [1 x i8]* @p_str) nounwind" [E:/Xilinx/Vivado/2018.2/common/technology/autopilot/hls/hls_video_core.h:645->E:/Xilinx/Vivado/2018.2/common/technology/autopilot/hls/hls_video_core.h:662->E:/Xilinx/Vivado/2018.2/common/technology/autopilot/hls/hls_video_fast.h:482]   --->   Operation 48 'specprotocol' <Predicate = (!exitcond_i)> <Delay = 0.00>
ST_4 : Operation 49 [1/1] (2.26ns)   --->   "call void @_ssdm_op_Write.ap_fifo.volatile.i8P(i8* %p_dst_data_stream_0_V, i8 %tmp_2)" [E:/Xilinx/Vivado/2018.2/common/technology/autopilot/hls/hls_video_core.h:648->E:/Xilinx/Vivado/2018.2/common/technology/autopilot/hls/hls_video_core.h:662->E:/Xilinx/Vivado/2018.2/common/technology/autopilot/hls/hls_video_fast.h:482]   --->   Operation 49 'write' <Predicate = (!exitcond_i)> <Delay = 2.26> <Core = "FIFO_SRL">   --->   Core 36 'FIFO_SRL' <Latency = 0> <II = 1> <Delay = 2.26> <Storage> <Opcode : 'read' 'write' 'nbread' 'nbwrite'> <Ports = 0> <Width = 32> <Depth = 0> <FIFO>
ST_4 : Operation 50 [1/1] (2.26ns)   --->   "call void @_ssdm_op_Write.ap_fifo.volatile.i8P(i8* %p_dst_data_stream_1_V, i8 %tmp_3)" [E:/Xilinx/Vivado/2018.2/common/technology/autopilot/hls/hls_video_core.h:648->E:/Xilinx/Vivado/2018.2/common/technology/autopilot/hls/hls_video_core.h:662->E:/Xilinx/Vivado/2018.2/common/technology/autopilot/hls/hls_video_fast.h:482]   --->   Operation 50 'write' <Predicate = (!exitcond_i)> <Delay = 2.26> <Core = "FIFO_SRL">   --->   Core 36 'FIFO_SRL' <Latency = 0> <II = 1> <Delay = 2.26> <Storage> <Opcode : 'read' 'write' 'nbread' 'nbwrite'> <Ports = 0> <Width = 32> <Depth = 0> <FIFO>
ST_4 : Operation 51 [1/1] (2.26ns)   --->   "call void @_ssdm_op_Write.ap_fifo.volatile.i8P(i8* %p_dst_data_stream_2_V, i8 %tmp_4)" [E:/Xilinx/Vivado/2018.2/common/technology/autopilot/hls/hls_video_core.h:648->E:/Xilinx/Vivado/2018.2/common/technology/autopilot/hls/hls_video_core.h:662->E:/Xilinx/Vivado/2018.2/common/technology/autopilot/hls/hls_video_fast.h:482]   --->   Operation 51 'write' <Predicate = (!exitcond_i)> <Delay = 2.26> <Core = "FIFO_SRL">   --->   Core 36 'FIFO_SRL' <Latency = 0> <II = 1> <Delay = 2.26> <Storage> <Opcode : 'read' 'write' 'nbread' 'nbwrite'> <Ports = 0> <Width = 32> <Depth = 0> <FIFO>
ST_4 : Operation 52 [1/1] (0.00ns)   --->   "%empty_39 = call i32 (...)* @_ssdm_op_SpecRegionEnd([12 x i8]* @p_str23, i32 %tmp_7_i)" [E:/Xilinx/Vivado/2018.2/common/technology/autopilot/hls/hls_video_core.h:650->E:/Xilinx/Vivado/2018.2/common/technology/autopilot/hls/hls_video_core.h:662->E:/Xilinx/Vivado/2018.2/common/technology/autopilot/hls/hls_video_fast.h:482]   --->   Operation 52 'specregionend' 'empty_39' <Predicate = (!exitcond_i)> <Delay = 0.00>
ST_4 : Operation 53 [1/1] (0.00ns)   --->   "%empty_40 = call i32 (...)* @_ssdm_op_SpecRegionEnd([11 x i8]* @p_str11, i32 %tmp_4_i)" [E:/Xilinx/Vivado/2018.2/common/technology/autopilot/hls/hls_video_fast.h:483]   --->   Operation 53 'specregionend' 'empty_40' <Predicate = (!exitcond_i)> <Delay = 0.00>
ST_4 : Operation 54 [1/1] (0.00ns)   --->   "br label %2" [E:/Xilinx/Vivado/2018.2/common/technology/autopilot/hls/hls_video_fast.h:469]   --->   Operation 54 'br' <Predicate = (!exitcond_i)> <Delay = 0.00>

State 5 <SV = 3> <Delay = 0.00>
ST_5 : Operation 55 [1/1] (0.00ns)   --->   "%empty_41 = call i32 (...)* @_ssdm_op_SpecRegionEnd([12 x i8]* @p_str10, i32 %tmp_i)" [E:/Xilinx/Vivado/2018.2/common/technology/autopilot/hls/hls_video_fast.h:484]   --->   Operation 55 'specregionend' 'empty_41' <Predicate = true> <Delay = 0.00>
ST_5 : Operation 56 [1/1] (0.00ns)   --->   "br label %0" [E:/Xilinx/Vivado/2018.2/common/technology/autopilot/hls/hls_video_fast.h:468]   --->   Operation 56 'br' <Predicate = true> <Delay = 0.00>


============================================================
+ Verbose Summary: Binding
============================================================
STG Binding: 
---------------- STG Properties BEGIN ----------------
- Is combinational: 0
- Is one-state seq: 0
- Is datapath-only: 0
- Is pipelined: 0
- Is top level: 0
Port [ Return ] is wired: 1; IO mode=ap_ctrl_hs:ce=0
Port [ p_src_rows_V]:  wired=1; compound=1; hidden=0; nouse=0; global=0; static=0; extern=0; dir=0; type=3; pingpong=0; private_global=0; IO mode=ap_fifo:ce=0
Port [ p_src_cols_V]:  wired=1; compound=1; hidden=0; nouse=0; global=0; static=0; extern=0; dir=0; type=3; pingpong=0; private_global=0; IO mode=ap_fifo:ce=0
Port [ p_src_data_stream_0_V]:  wired=1; compound=1; hidden=0; nouse=0; global=0; static=0; extern=0; dir=0; type=3; pingpong=0; private_global=0; IO mode=ap_fifo:ce=0
Port [ p_src_data_stream_1_V]:  wired=1; compound=1; hidden=0; nouse=0; global=0; static=0; extern=0; dir=0; type=3; pingpong=0; private_global=0; IO mode=ap_fifo:ce=0
Port [ p_src_data_stream_2_V]:  wired=1; compound=1; hidden=0; nouse=0; global=0; static=0; extern=0; dir=0; type=3; pingpong=0; private_global=0; IO mode=ap_fifo:ce=0
Port [ p_mask_data_stream_V]:  wired=1; compound=1; hidden=0; nouse=0; global=0; static=0; extern=0; dir=0; type=3; pingpong=0; private_global=0; IO mode=ap_fifo:ce=0
Port [ p_dst_data_stream_0_V]:  wired=1; compound=1; hidden=0; nouse=0; global=0; static=0; extern=0; dir=1; type=3; pingpong=0; private_global=0; IO mode=ap_fifo:ce=0
Port [ p_dst_data_stream_1_V]:  wired=1; compound=1; hidden=0; nouse=0; global=0; static=0; extern=0; dir=1; type=3; pingpong=0; private_global=0; IO mode=ap_fifo:ce=0
Port [ p_dst_data_stream_2_V]:  wired=1; compound=1; hidden=0; nouse=0; global=0; static=0; extern=0; dir=1; type=3; pingpong=0; private_global=0; IO mode=ap_fifo:ce=0
---------------- STG Properties END ------------------

---------------- Datapath Model BEGIN ----------------

<LifeTime>
<method=bitvector/>
StgValue_6  (specinterface  ) [ 000000]
StgValue_7  (specinterface  ) [ 000000]
StgValue_8  (specinterface  ) [ 000000]
StgValue_9  (specinterface  ) [ 000000]
StgValue_10 (specinterface  ) [ 000000]
StgValue_11 (specinterface  ) [ 000000]
StgValue_12 (specinterface  ) [ 000000]
StgValue_13 (specinterface  ) [ 000000]
StgValue_14 (specinterface  ) [ 000000]
rows        (read           ) [ 001111]
cols        (read           ) [ 001111]
StgValue_17 (br             ) [ 011111]
t_V         (phi            ) [ 001000]
exitcond1_i (icmp           ) [ 001111]
i_V         (add            ) [ 011111]
StgValue_21 (br             ) [ 000000]
StgValue_22 (specloopname   ) [ 000000]
tmp_i       (specregionbegin) [ 000111]
StgValue_24 (br             ) [ 001111]
StgValue_25 (ret            ) [ 000000]
t_V_1       (phi            ) [ 000100]
exitcond_i  (icmp           ) [ 001111]
j_V         (add            ) [ 001111]
StgValue_29 (br             ) [ 000000]
StgValue_30 (specloopname   ) [ 000000]
tmp_4_i     (specregionbegin) [ 000000]
StgValue_32 (specpipeline   ) [ 000000]
tmp_5_i     (specregionbegin) [ 000000]
StgValue_34 (specprotocol   ) [ 000000]
tmp_5       (read           ) [ 000000]
tmp_6       (read           ) [ 000000]
tmp         (read           ) [ 000000]
empty       (specregionend  ) [ 000000]
tmp_6_i     (specregionbegin) [ 000000]
StgValue_40 (specprotocol   ) [ 000000]
tmp_1       (read           ) [ 000000]
empty_38    (specregionend  ) [ 000000]
tmp_9_i     (icmp           ) [ 000000]
tmp_2       (select         ) [ 000000]
tmp_3       (select         ) [ 000000]
tmp_4       (select         ) [ 000000]
tmp_7_i     (specregionbegin) [ 000000]
StgValue_48 (specprotocol   ) [ 000000]
StgValue_49 (write          ) [ 000000]
StgValue_50 (write          ) [ 000000]
StgValue_51 (write          ) [ 000000]
empty_39    (specregionend  ) [ 000000]
empty_40    (specregionend  ) [ 000000]
StgValue_54 (br             ) [ 001111]
empty_41    (specregionend  ) [ 000000]
StgValue_56 (br             ) [ 011111]
</LifeTime>

<model>

<comp_list>
<comp id="0" class="1000" name="p_src_rows_V">
<pin_list>
<pin id="1" dir="1" index="0" bw="1" slack="0"/>
</pin_list>
<bind>
<StgValue><ssdm name="p_src_rows_V"/></StgValue>
</bind>
</comp>

<comp id="2" class="1000" name="p_src_cols_V">
<pin_list>
<pin id="3" dir="1" index="0" bw="1" slack="0"/>
</pin_list>
<bind>
<StgValue><ssdm name="p_src_cols_V"/></StgValue>
</bind>
</comp>

<comp id="4" class="1000" name="p_src_data_stream_0_V">
<pin_list>
<pin id="5" dir="1" index="0" bw="1" slack="0"/>
</pin_list>
<bind>
<StgValue><ssdm name="p_src_data_stream_0_V"/></StgValue>
</bind>
</comp>

<comp id="6" class="1000" name="p_src_data_stream_1_V">
<pin_list>
<pin id="7" dir="1" index="0" bw="1" slack="0"/>
</pin_list>
<bind>
<StgValue><ssdm name="p_src_data_stream_1_V"/></StgValue>
</bind>
</comp>

<comp id="8" class="1000" name="p_src_data_stream_2_V">
<pin_list>
<pin id="9" dir="1" index="0" bw="1" slack="0"/>
</pin_list>
<bind>
<StgValue><ssdm name="p_src_data_stream_2_V"/></StgValue>
</bind>
</comp>

<comp id="10" class="1000" name="p_mask_data_stream_V">
<pin_list>
<pin id="11" dir="1" index="0" bw="1" slack="0"/>
</pin_list>
<bind>
<StgValue><ssdm name="p_mask_data_stream_V"/></StgValue>
</bind>
</comp>

<comp id="12" class="1000" name="p_dst_data_stream_0_V">
<pin_list>
<pin id="13" dir="1" index="0" bw="1" slack="0"/>
</pin_list>
<bind>
<StgValue><ssdm name="p_dst_data_stream_0_V"/></StgValue>
</bind>
</comp>

<comp id="14" class="1000" name="p_dst_data_stream_1_V">
<pin_list>
<pin id="15" dir="1" index="0" bw="1" slack="0"/>
</pin_list>
<bind>
<StgValue><ssdm name="p_dst_data_stream_1_V"/></StgValue>
</bind>
</comp>

<comp id="16" class="1000" name="p_dst_data_stream_2_V">
<pin_list>
<pin id="17" dir="1" index="0" bw="1" slack="0"/>
</pin_list>
<bind>
<StgValue><ssdm name="p_dst_data_stream_2_V"/></StgValue>
</bind>
</comp>

<comp id="18" class="1001" name="const_18">
<pin_list>
<pin id="19" dir="1" index="0" bw="1" slack="2147483647"/>
</pin_list>
<bind>
<StgValue><ssdm name="_ssdm_op_SpecInterface"/></StgValue>
</bind>
</comp>

<comp id="20" class="1001" name="const_20">
<pin_list>
<pin id="21" dir="1" index="0" bw="1" slack="2147483647"/>
</pin_list>
<bind>
<StgValue><ssdm name="ap_fifo_str"/></StgValue>
</bind>
</comp>

<comp id="22" class="1001" name="const_22">
<pin_list>
<pin id="23" dir="1" index="0" bw="1" slack="1"/>
</pin_list>
<bind>
<StgValue><ssdm name=""/></StgValue>
</bind>
</comp>

<comp id="24" class="1001" name="const_24">
<pin_list>
<pin id="25" dir="1" index="0" bw="1" slack="2147483647"/>
</pin_list>
<bind>
<StgValue><ssdm name="p_str"/></StgValue>
</bind>
</comp>

<comp id="26" class="1001" name="const_26">
<pin_list>
<pin id="27" dir="1" index="0" bw="1" slack="2147483647"/>
</pin_list>
<bind>
<StgValue><ssdm name=""/></StgValue>
</bind>
</comp>

<comp id="28" class="1001" name="const_28">
<pin_list>
<pin id="29" dir="1" index="0" bw="1" slack="2147483647"/>
</pin_list>
<bind>
<StgValue><ssdm name=""/></StgValue>
</bind>
</comp>

<comp id="30" class="1001" name="const_30">
<pin_list>
<pin id="31" dir="1" index="0" bw="1" slack="0"/>
</pin_list>
<bind>
<StgValue><ssdm name="_ssdm_op_Read.ap_fifo.i32P"/></StgValue>
</bind>
</comp>

<comp id="32" class="1001" name="const_32">
<pin_list>
<pin id="33" dir="1" index="0" bw="1" slack="0"/>
</pin_list>
<bind>
<StgValue><ssdm name=""/></StgValue>
</bind>
</comp>

<comp id="34" class="1001" name="const_34">
<pin_list>
<pin id="35" dir="1" index="0" bw="1" slack="2147483647"/>
</pin_list>
<bind>
<StgValue><ssdm name="_ssdm_op_SpecLoopName"/></StgValue>
</bind>
</comp>

<comp id="36" class="1001" name="const_36">
<pin_list>
<pin id="37" dir="1" index="0" bw="1" slack="2147483647"/>
</pin_list>
<bind>
<StgValue><ssdm name="p_str10"/></StgValue>
</bind>
</comp>

<comp id="38" class="1001" name="const_38">
<pin_list>
<pin id="39" dir="1" index="0" bw="1" slack="2147483647"/>
</pin_list>
<bind>
<StgValue><ssdm name="_ssdm_op_SpecRegionBegin"/></StgValue>
</bind>
</comp>

<comp id="40" class="1001" name="const_40">
<pin_list>
<pin id="41" dir="1" index="0" bw="1" slack="2147483647"/>
</pin_list>
<bind>
<StgValue><ssdm name="p_str11"/></StgValue>
</bind>
</comp>

<comp id="42" class="1001" name="const_42">
<pin_list>
<pin id="43" dir="1" index="0" bw="1" slack="2147483647"/>
</pin_list>
<bind>
<StgValue><ssdm name="_ssdm_op_SpecPipeline"/></StgValue>
</bind>
</comp>

<comp id="44" class="1001" name="const_44">
<pin_list>
<pin id="45" dir="1" index="0" bw="1" slack="2147483647"/>
</pin_list>
<bind>
<StgValue><ssdm name="p_str15"/></StgValue>
</bind>
</comp>

<comp id="46" class="1001" name="const_46">
<pin_list>
<pin id="47" dir="1" index="0" bw="1" slack="2147483647"/>
</pin_list>
<bind>
<StgValue><ssdm name="_ssdm_op_SpecProtocol"/></StgValue>
</bind>
</comp>

<comp id="48" class="1001" name="const_48">
<pin_list>
<pin id="49" dir="1" index="0" bw="1" slack="0"/>
</pin_list>
<bind>
<StgValue><ssdm name="_ssdm_op_Read.ap_fifo.volatile.i8P"/></StgValue>
</bind>
</comp>

<comp id="50" class="1001" name="const_50">
<pin_list>
<pin id="51" dir="1" index="0" bw="1" slack="2147483647"/>
</pin_list>
<bind>
<StgValue><ssdm name="_ssdm_op_SpecRegionEnd"/></StgValue>
</bind>
</comp>

<comp id="52" class="1001" name="const_52">
<pin_list>
<pin id="53" dir="1" index="0" bw="1" slack="2147483647"/>
</pin_list>
<bind>
<StgValue><ssdm name="p_str25"/></StgValue>
</bind>
</comp>

<comp id="54" class="1001" name="const_54">
<pin_list>
<pin id="55" dir="1" index="0" bw="1" slack="0"/>
</pin_list>
<bind>
<StgValue><ssdm name=""/></StgValue>
</bind>
</comp>

<comp id="56" class="1001" name="const_56">
<pin_list>
<pin id="57" dir="1" index="0" bw="1" slack="0"/>
</pin_list>
<bind>
<StgValue><ssdm name=""/></StgValue>
</bind>
</comp>

<comp id="58" class="1001" name="const_58">
<pin_list>
<pin id="59" dir="1" index="0" bw="1" slack="2147483647"/>
</pin_list>
<bind>
<StgValue><ssdm name="p_str23"/></StgValue>
</bind>
</comp>

<comp id="60" class="1001" name="const_60">
<pin_list>
<pin id="61" dir="1" index="0" bw="1" slack="0"/>
</pin_list>
<bind>
<StgValue><ssdm name="_ssdm_op_Write.ap_fifo.volatile.i8P"/></StgValue>
</bind>
</comp>

<comp id="62" class="1004" name="rows_read_fu_62">
<pin_list>
<pin id="63" dir="0" index="0" bw="32" slack="0"/>
<pin id="64" dir="0" index="1" bw="32" slack="0"/>
<pin id="65" dir="1" index="2" bw="32" slack="1"/>
</pin_list>
<bind>
<opcode="read(1150) " fcode="read"/>
<opset="rows/1 "/>
</bind>
</comp>

<comp id="68" class="1004" name="cols_read_fu_68">
<pin_list>
<pin id="69" dir="0" index="0" bw="32" slack="0"/>
<pin id="70" dir="0" index="1" bw="32" slack="0"/>
<pin id="71" dir="1" index="2" bw="32" slack="2"/>
</pin_list>
<bind>
<opcode="read(1150) " fcode="read"/>
<opset="cols/1 "/>
</bind>
</comp>

<comp id="74" class="1004" name="tmp_5_read_fu_74">
<pin_list>
<pin id="75" dir="0" index="0" bw="8" slack="0"/>
<pin id="76" dir="0" index="1" bw="8" slack="0"/>
<pin id="77" dir="1" index="2" bw="8" slack="0"/>
</pin_list>
<bind>
<opcode="read(1150) " fcode="read"/>
<opset="tmp_5/4 "/>
</bind>
</comp>

<comp id="80" class="1004" name="tmp_6_read_fu_80">
<pin_list>
<pin id="81" dir="0" index="0" bw="8" slack="0"/>
<pin id="82" dir="0" index="1" bw="8" slack="0"/>
<pin id="83" dir="1" index="2" bw="8" slack="0"/>
</pin_list>
<bind>
<opcode="read(1150) " fcode="read"/>
<opset="tmp_6/4 "/>
</bind>
</comp>

<comp id="86" class="1004" name="tmp_read_fu_86">
<pin_list>
<pin id="87" dir="0" index="0" bw="8" slack="0"/>
<pin id="88" dir="0" index="1" bw="8" slack="0"/>
<pin id="89" dir="1" index="2" bw="8" slack="0"/>
</pin_list>
<bind>
<opcode="read(1150) " fcode="read"/>
<opset="tmp/4 "/>
</bind>
</comp>

<comp id="92" class="1004" name="tmp_1_read_fu_92">
<pin_list>
<pin id="93" dir="0" index="0" bw="8" slack="0"/>
<pin id="94" dir="0" index="1" bw="8" slack="0"/>
<pin id="95" dir="1" index="2" bw="8" slack="0"/>
</pin_list>
<bind>
<opcode="read(1150) " fcode="read"/>
<opset="tmp_1/4 "/>
</bind>
</comp>

<comp id="98" class="1004" name="StgValue_49_write_fu_98">
<pin_list>
<pin id="99" dir="0" index="0" bw="0" slack="0"/>
<pin id="100" dir="0" index="1" bw="8" slack="0"/>
<pin id="101" dir="0" index="2" bw="8" slack="0"/>
<pin id="102" dir="1" index="3" bw="0" slack="2147483647"/>
</pin_list>
<bind>
<opcode="write(1151) " fcode="write"/>
<opset="StgValue_49/4 "/>
</bind>
</comp>

<comp id="105" class="1004" name="StgValue_50_write_fu_105">
<pin_list>
<pin id="106" dir="0" index="0" bw="0" slack="0"/>
<pin id="107" dir="0" index="1" bw="8" slack="0"/>
<pin id="108" dir="0" index="2" bw="8" slack="0"/>
<pin id="109" dir="1" index="3" bw="0" slack="2147483647"/>
</pin_list>
<bind>
<opcode="write(1151) " fcode="write"/>
<opset="StgValue_50/4 "/>
</bind>
</comp>

<comp id="112" class="1004" name="StgValue_51_write_fu_112">
<pin_list>
<pin id="113" dir="0" index="0" bw="0" slack="0"/>
<pin id="114" dir="0" index="1" bw="8" slack="0"/>
<pin id="115" dir="0" index="2" bw="8" slack="0"/>
<pin id="116" dir="1" index="3" bw="0" slack="2147483647"/>
</pin_list>
<bind>
<opcode="write(1151) " fcode="write"/>
<opset="StgValue_51/4 "/>
</bind>
</comp>

<comp id="119" class="1005" name="t_V_reg_119">
<pin_list>
<pin id="120" dir="0" index="0" bw="32" slack="1"/>
<pin id="121" dir="1" index="1" bw="32" slack="1"/>
</pin_list>
<bind>
<opset="t_V (phireg) "/>
</bind>
</comp>

<comp id="123" class="1004" name="t_V_phi_fu_123">
<pin_list>
<pin id="124" dir="0" index="0" bw="1" slack="1"/>
<pin id="125" dir="0" index="1" bw="0" slack="2147483647"/>
<pin id="126" dir="0" index="2" bw="32" slack="0"/>
<pin id="127" dir="0" index="3" bw="0" slack="2147483647"/>
<pin id="128" dir="1" index="4" bw="32" slack="0"/>
</pin_list>
<bind>
<opcode="phi(47) " fcode="phi"/>
<opset="t_V/2 "/>
</bind>
</comp>

<comp id="130" class="1005" name="t_V_1_reg_130">
<pin_list>
<pin id="131" dir="0" index="0" bw="32" slack="1"/>
<pin id="132" dir="1" index="1" bw="32" slack="1"/>
</pin_list>
<bind>
<opset="t_V_1 (phireg) "/>
</bind>
</comp>

<comp id="134" class="1004" name="t_V_1_phi_fu_134">
<pin_list>
<pin id="135" dir="0" index="0" bw="1" slack="1"/>
<pin id="136" dir="0" index="1" bw="0" slack="2147483647"/>
<pin id="137" dir="0" index="2" bw="32" slack="0"/>
<pin id="138" dir="0" index="3" bw="0" slack="2147483647"/>
<pin id="139" dir="1" index="4" bw="32" slack="0"/>
</pin_list>
<bind>
<opcode="phi(47) " fcode="phi"/>
<opset="t_V_1/3 "/>
</bind>
</comp>

<comp id="141" class="1004" name="exitcond1_i_fu_141">
<pin_list>
<pin id="142" dir="0" index="0" bw="32" slack="0"/>
<pin id="143" dir="0" index="1" bw="32" slack="1"/>
<pin id="144" dir="1" index="2" bw="1" slack="1"/>
</pin_list>
<bind>
<opcode="icmp(45) " fcode="icmp"/>
<opset="exitcond1_i/2 "/>
</bind>
</comp>

<comp id="146" class="1004" name="i_V_fu_146">
<pin_list>
<pin id="147" dir="0" index="0" bw="32" slack="0"/>
<pin id="148" dir="0" index="1" bw="1" slack="0"/>
<pin id="149" dir="1" index="2" bw="32" slack="0"/>
</pin_list>
<bind>
<opcode="add(8) " fcode="add"/>
<opset="i_V/2 "/>
</bind>
</comp>

<comp id="152" class="1004" name="exitcond_i_fu_152">
<pin_list>
<pin id="153" dir="0" index="0" bw="32" slack="0"/>
<pin id="154" dir="0" index="1" bw="32" slack="2"/>
<pin id="155" dir="1" index="2" bw="1" slack="1"/>
</pin_list>
<bind>
<opcode="icmp(45) " fcode="icmp"/>
<opset="exitcond_i/3 "/>
</bind>
</comp>

<comp id="157" class="1004" name="j_V_fu_157">
<pin_list>
<pin id="158" dir="0" index="0" bw="32" slack="0"/>
<pin id="159" dir="0" index="1" bw="1" slack="0"/>
<pin id="160" dir="1" index="2" bw="32" slack="0"/>
</pin_list>
<bind>
<opcode="add(8) " fcode="add"/>
<opset="j_V/3 "/>
</bind>
</comp>

<comp id="163" class="1004" name="tmp_9_i_fu_163">
<pin_list>
<pin id="164" dir="0" index="0" bw="8" slack="0"/>
<pin id="165" dir="0" index="1" bw="8" slack="0"/>
<pin id="166" dir="1" index="2" bw="1" slack="0"/>
</pin_list>
<bind>
<opcode="icmp(45) " fcode="icmp"/>
<opset="tmp_9_i/4 "/>
</bind>
</comp>

<comp id="169" class="1004" name="tmp_2_fu_169">
<pin_list>
<pin id="170" dir="0" index="0" bw="1" slack="0"/>
<pin id="171" dir="0" index="1" bw="8" slack="0"/>
<pin id="172" dir="0" index="2" bw="8" slack="0"/>
<pin id="173" dir="1" index="3" bw="8" slack="0"/>
</pin_list>
<bind>
<opcode="select(49) " fcode="select"/>
<opset="tmp_2/4 "/>
</bind>
</comp>

<comp id="178" class="1004" name="tmp_3_fu_178">
<pin_list>
<pin id="179" dir="0" index="0" bw="1" slack="0"/>
<pin id="180" dir="0" index="1" bw="8" slack="0"/>
<pin id="181" dir="0" index="2" bw="8" slack="0"/>
<pin id="182" dir="1" index="3" bw="8" slack="0"/>
</pin_list>
<bind>
<opcode="select(49) " fcode="select"/>
<opset="tmp_3/4 "/>
</bind>
</comp>

<comp id="187" class="1004" name="tmp_4_fu_187">
<pin_list>
<pin id="188" dir="0" index="0" bw="1" slack="0"/>
<pin id="189" dir="0" index="1" bw="8" slack="0"/>
<pin id="190" dir="0" index="2" bw="8" slack="0"/>
<pin id="191" dir="1" index="3" bw="8" slack="0"/>
</pin_list>
<bind>
<opcode="select(49) " fcode="select"/>
<opset="tmp_4/4 "/>
</bind>
</comp>

<comp id="196" class="1005" name="rows_reg_196">
<pin_list>
<pin id="197" dir="0" index="0" bw="32" slack="1"/>
<pin id="198" dir="1" index="1" bw="32" slack="1"/>
</pin_list>
<bind>
<opset="rows "/>
</bind>
</comp>

<comp id="201" class="1005" name="cols_reg_201">
<pin_list>
<pin id="202" dir="0" index="0" bw="32" slack="2"/>
<pin id="203" dir="1" index="1" bw="32" slack="2"/>
</pin_list>
<bind>
<opset="cols "/>
</bind>
</comp>

<comp id="206" class="1005" name="exitcond1_i_reg_206">
<pin_list>
<pin id="207" dir="0" index="0" bw="1" slack="1"/>
<pin id="208" dir="1" index="1" bw="1" slack="2147483647"/>
</pin_list>
<bind>
<opset="exitcond1_i "/>
</bind>
</comp>

<comp id="210" class="1005" name="i_V_reg_210">
<pin_list>
<pin id="211" dir="0" index="0" bw="32" slack="0"/>
<pin id="212" dir="1" index="1" bw="32" slack="0"/>
</pin_list>
<bind>
<opset="i_V "/>
</bind>
</comp>

<comp id="215" class="1005" name="exitcond_i_reg_215">
<pin_list>
<pin id="216" dir="0" index="0" bw="1" slack="1"/>
<pin id="217" dir="1" index="1" bw="1" slack="2147483647"/>
</pin_list>
<bind>
<opset="exitcond_i "/>
</bind>
</comp>

<comp id="219" class="1005" name="j_V_reg_219">
<pin_list>
<pin id="220" dir="0" index="0" bw="32" slack="0"/>
<pin id="221" dir="1" index="1" bw="32" slack="0"/>
</pin_list>
<bind>
<opset="j_V "/>
</bind>
</comp>

</comp_list>

<net_list>
<net id="66"><net_src comp="30" pin="0"/><net_sink comp="62" pin=0"/></net>

<net id="67"><net_src comp="0" pin="0"/><net_sink comp="62" pin=1"/></net>

<net id="72"><net_src comp="30" pin="0"/><net_sink comp="68" pin=0"/></net>

<net id="73"><net_src comp="2" pin="0"/><net_sink comp="68" pin=1"/></net>

<net id="78"><net_src comp="48" pin="0"/><net_sink comp="74" pin=0"/></net>

<net id="79"><net_src comp="4" pin="0"/><net_sink comp="74" pin=1"/></net>

<net id="84"><net_src comp="48" pin="0"/><net_sink comp="80" pin=0"/></net>

<net id="85"><net_src comp="6" pin="0"/><net_sink comp="80" pin=1"/></net>

<net id="90"><net_src comp="48" pin="0"/><net_sink comp="86" pin=0"/></net>

<net id="91"><net_src comp="8" pin="0"/><net_sink comp="86" pin=1"/></net>

<net id="96"><net_src comp="48" pin="0"/><net_sink comp="92" pin=0"/></net>

<net id="97"><net_src comp="10" pin="0"/><net_sink comp="92" pin=1"/></net>

<net id="103"><net_src comp="60" pin="0"/><net_sink comp="98" pin=0"/></net>

<net id="104"><net_src comp="12" pin="0"/><net_sink comp="98" pin=1"/></net>

<net id="110"><net_src comp="60" pin="0"/><net_sink comp="105" pin=0"/></net>

<net id="111"><net_src comp="14" pin="0"/><net_sink comp="105" pin=1"/></net>

<net id="117"><net_src comp="60" pin="0"/><net_sink comp="112" pin=0"/></net>

<net id="118"><net_src comp="16" pin="0"/><net_sink comp="112" pin=1"/></net>

<net id="122"><net_src comp="22" pin="0"/><net_sink comp="119" pin=0"/></net>

<net id="129"><net_src comp="119" pin="1"/><net_sink comp="123" pin=0"/></net>

<net id="133"><net_src comp="22" pin="0"/><net_sink comp="130" pin=0"/></net>

<net id="140"><net_src comp="130" pin="1"/><net_sink comp="134" pin=0"/></net>

<net id="145"><net_src comp="123" pin="4"/><net_sink comp="141" pin=0"/></net>

<net id="150"><net_src comp="123" pin="4"/><net_sink comp="146" pin=0"/></net>

<net id="151"><net_src comp="32" pin="0"/><net_sink comp="146" pin=1"/></net>

<net id="156"><net_src comp="134" pin="4"/><net_sink comp="152" pin=0"/></net>

<net id="161"><net_src comp="134" pin="4"/><net_sink comp="157" pin=0"/></net>

<net id="162"><net_src comp="32" pin="0"/><net_sink comp="157" pin=1"/></net>

<net id="167"><net_src comp="92" pin="2"/><net_sink comp="163" pin=0"/></net>

<net id="168"><net_src comp="54" pin="0"/><net_sink comp="163" pin=1"/></net>

<net id="174"><net_src comp="163" pin="2"/><net_sink comp="169" pin=0"/></net>

<net id="175"><net_src comp="74" pin="2"/><net_sink comp="169" pin=1"/></net>

<net id="176"><net_src comp="54" pin="0"/><net_sink comp="169" pin=2"/></net>

<net id="177"><net_src comp="169" pin="3"/><net_sink comp="98" pin=2"/></net>

<net id="183"><net_src comp="163" pin="2"/><net_sink comp="178" pin=0"/></net>

<net id="184"><net_src comp="80" pin="2"/><net_sink comp="178" pin=1"/></net>

<net id="185"><net_src comp="54" pin="0"/><net_sink comp="178" pin=2"/></net>

<net id="186"><net_src comp="178" pin="3"/><net_sink comp="105" pin=2"/></net>

<net id="192"><net_src comp="163" pin="2"/><net_sink comp="187" pin=0"/></net>

<net id="193"><net_src comp="86" pin="2"/><net_sink comp="187" pin=1"/></net>

<net id="194"><net_src comp="56" pin="0"/><net_sink comp="187" pin=2"/></net>

<net id="195"><net_src comp="187" pin="3"/><net_sink comp="112" pin=2"/></net>

<net id="199"><net_src comp="62" pin="2"/><net_sink comp="196" pin=0"/></net>

<net id="200"><net_src comp="196" pin="1"/><net_sink comp="141" pin=1"/></net>

<net id="204"><net_src comp="68" pin="2"/><net_sink comp="201" pin=0"/></net>

<net id="205"><net_src comp="201" pin="1"/><net_sink comp="152" pin=1"/></net>

<net id="209"><net_src comp="141" pin="2"/><net_sink comp="206" pin=0"/></net>

<net id="213"><net_src comp="146" pin="2"/><net_sink comp="210" pin=0"/></net>

<net id="214"><net_src comp="210" pin="1"/><net_sink comp="123" pin=2"/></net>

<net id="218"><net_src comp="152" pin="2"/><net_sink comp="215" pin=0"/></net>

<net id="222"><net_src comp="157" pin="2"/><net_sink comp="219" pin=0"/></net>

<net id="223"><net_src comp="219" pin="1"/><net_sink comp="134" pin=2"/></net>

</net_list>

</model> 
---------------- Datapath Model END ------------------

* FSMD analyzer results:
  - Output states:
	Port: p_dst_data_stream_0_V | {4 }
	Port: p_dst_data_stream_1_V | {4 }
	Port: p_dst_data_stream_2_V | {4 }
 - Input state : 
	Port: PaintMask : p_src_rows_V | {1 }
	Port: PaintMask : p_src_cols_V | {1 }
	Port: PaintMask : p_src_data_stream_0_V | {4 }
	Port: PaintMask : p_src_data_stream_1_V | {4 }
	Port: PaintMask : p_src_data_stream_2_V | {4 }
	Port: PaintMask : p_mask_data_stream_V | {4 }
  - Chain level:
	State 1
	State 2
		exitcond1_i : 1
		i_V : 1
		StgValue_21 : 2
	State 3
		exitcond_i : 1
		j_V : 1
		StgValue_29 : 2
	State 4
		empty : 1
		empty_38 : 1
		tmp_2 : 1
		tmp_3 : 1
		tmp_4 : 1
		StgValue_49 : 2
		StgValue_50 : 2
		StgValue_51 : 2
		empty_39 : 1
		empty_40 : 1
	State 5


============================================================
+ Verbose Summary: Datapath Resource usage 
============================================================

* Functional unit list:
|----------|--------------------------|---------|---------|
| Operation|      Functional Unit     |    FF   |   LUT   |
|----------|--------------------------|---------|---------|
|    add   |        i_V_fu_146        |    0    |    39   |
|          |        j_V_fu_157        |    0    |    39   |
|----------|--------------------------|---------|---------|
|          |    exitcond1_i_fu_141    |    0    |    18   |
|   icmp   |     exitcond_i_fu_152    |    0    |    18   |
|          |      tmp_9_i_fu_163      |    0    |    11   |
|----------|--------------------------|---------|---------|
|          |       tmp_2_fu_169       |    0    |    8    |
|  select  |       tmp_3_fu_178       |    0    |    8    |
|          |       tmp_4_fu_187       |    0    |    8    |
|----------|--------------------------|---------|---------|
|          |      rows_read_fu_62     |    0    |    0    |
|          |      cols_read_fu_68     |    0    |    0    |
|   read   |     tmp_5_read_fu_74     |    0    |    0    |
|          |     tmp_6_read_fu_80     |    0    |    0    |
|          |      tmp_read_fu_86      |    0    |    0    |
|          |     tmp_1_read_fu_92     |    0    |    0    |
|----------|--------------------------|---------|---------|
|          |  StgValue_49_write_fu_98 |    0    |    0    |
|   write  | StgValue_50_write_fu_105 |    0    |    0    |
|          | StgValue_51_write_fu_112 |    0    |    0    |
|----------|--------------------------|---------|---------|
|   Total  |                          |    0    |   149   |
|----------|--------------------------|---------|---------|

Memories:
N/A

* Register list:
+-------------------+--------+
|                   |   FF   |
+-------------------+--------+
|    cols_reg_201   |   32   |
|exitcond1_i_reg_206|    1   |
| exitcond_i_reg_215|    1   |
|    i_V_reg_210    |   32   |
|    j_V_reg_219    |   32   |
|    rows_reg_196   |   32   |
|   t_V_1_reg_130   |   32   |
|    t_V_reg_119    |   32   |
+-------------------+--------+
|       Total       |   194  |
+-------------------+--------+

* Multiplexer (MUX) list: 
|--------|------|------|------|--------|
|  Comp  |  Pin | Size |  BW  | S x BW |
|--------|------|------|------|--------|
|  Total |      |      |      |    0   |
|--------|------|------|------|--------|



* Summary:
+-----------+--------+--------+
|           |   FF   |   LUT  |
+-----------+--------+--------+
|  Function |    0   |   149  |
|   Memory  |    -   |    -   |
|Multiplexer|    -   |    -   |
|  Register |   194  |    -   |
+-----------+--------+--------+
|   Total   |   194  |   149  |
+-----------+--------+--------+
