

================================================================
== Vivado HLS Report for 'Block_Mat_exit40881_s'
================================================================
* Date:           Tue Dec  4 20:20:19 2018

* Version:        2018.2 (Build 2258646 on Thu Jun 14 20:25:20 MDT 2018)
* Project:        Haar
* Solution:       solution1
* Product family: virtex7
* Target device:  xc7vx690tffg1761-3


================================================================
== Performance Estimates
================================================================
+ Timing (ns): 
    * Summary: 
    +--------+-------+----------+------------+
    |  Clock | Target| Estimated| Uncertainty|
    +--------+-------+----------+------------+
    |ap_clk  |  10.00|     2.260|        1.25|
    +--------+-------+----------+------------+

+ Latency (clock cycles): 
    * Summary: 
    +-----+-----+-----+-----+---------+
    |  Latency  |  Interval | Pipeline|
    | min | max | min | max |   Type  |
    +-----+-----+-----+-----+---------+
    |    0|    0|    0|    0|   none  |
    +-----+-----+-----+-----+---------+

    + Detail: 
        * Instance: 
        N/A

        * Loop: 
        N/A



================================================================
== Utilization Estimates
================================================================
* Summary: 
+-----------------+---------+-------+--------+--------+
|       Name      | BRAM_18K| DSP48E|   FF   |   LUT  |
+-----------------+---------+-------+--------+--------+
|DSP              |        -|      -|       -|       -|
|Expression       |        -|      -|       0|       2|
|FIFO             |        -|      -|       -|       -|
|Instance         |        -|      -|       -|       -|
|Memory           |        -|      -|       -|       -|
|Multiplexer      |        -|      -|       -|      63|
|Register         |        -|      -|       2|       -|
+-----------------+---------+-------+--------+--------+
|Total            |        0|      0|       2|      65|
+-----------------+---------+-------+--------+--------+
|Available        |     2940|   3600|  866400|  433200|
+-----------------+---------+-------+--------+--------+
|Utilization (%)  |        0|      0|   ~0   |   ~0   |
+-----------------+---------+-------+--------+--------+

+ Detail: 
    * Instance: 
    N/A

    * DSP48: 
    N/A

    * Memory: 
    N/A

    * FIFO: 
    N/A

    * Expression: 
    +-----------------+----------+-------+---+----+------------+------------+
    |  Variable Name  | Operation| DSP48E| FF| LUT| Bitwidth P0| Bitwidth P1|
    +-----------------+----------+-------+---+----+------------+------------+
    |ap_block_state1  |    or    |      0|  0|   2|           1|           1|
    +-----------------+----------+-------+---+----+------------+------------+
    |Total            |          |      0|  0|   2|           1|           1|
    +-----------------+----------+-------+---+----+------------+------------+

    * Multiplexer: 
    +--------------------------+----+-----------+-----+-----------+
    |           Name           | LUT| Input Size| Bits| Total Bits|
    +--------------------------+----+-----------+-----+-----------+
    |ap_done                   |   9|          2|    1|          2|
    |locations_cols_out_blk_n  |   9|          2|    1|          2|
    |locations_rows_out_blk_n  |   9|          2|    1|          2|
    |neighbors_out_blk_n       |   9|          2|    1|          2|
    |p_src_cols_V_out_blk_n    |   9|          2|    1|          2|
    |p_src_rows_V_out_blk_n    |   9|          2|    1|          2|
    |scale_out_blk_n           |   9|          2|    1|          2|
    +--------------------------+----+-----------+-----+-----------+
    |Total                     |  63|         14|    7|         14|
    +--------------------------+----+-----------+-----+-----------+

    * Register: 
    +-------------+---+----+-----+-----------+
    |     Name    | FF| LUT| Bits| Const Bits|
    +-------------+---+----+-----+-----------+
    |ap_CS_fsm    |  1|   0|    1|          0|
    |ap_done_reg  |  1|   0|    1|          0|
    +-------------+---+----+-----+-----------+
    |Total        |  2|   0|    2|          0|
    +-------------+---+----+-----+-----------+



================================================================
== Interface
================================================================
* Summary: 
+---------------------------+-----+-----+------------+----------------------+--------------+
|         RTL Ports         | Dir | Bits|  Protocol  |     Source Object    |    C Type    |
+---------------------------+-----+-----+------------+----------------------+--------------+
|ap_clk                     |  in |    1| ap_ctrl_hs | Block_Mat.exit40881_ | return value |
|ap_rst                     |  in |    1| ap_ctrl_hs | Block_Mat.exit40881_ | return value |
|ap_start                   |  in |    1| ap_ctrl_hs | Block_Mat.exit40881_ | return value |
|ap_done                    | out |    1| ap_ctrl_hs | Block_Mat.exit40881_ | return value |
|ap_continue                |  in |    1| ap_ctrl_hs | Block_Mat.exit40881_ | return value |
|ap_idle                    | out |    1| ap_ctrl_hs | Block_Mat.exit40881_ | return value |
|ap_ready                   | out |    1| ap_ctrl_hs | Block_Mat.exit40881_ | return value |
|rows                       |  in |   32|   ap_none  |         rows         |    scalar    |
|cols                       |  in |   32|   ap_none  |         cols         |    scalar    |
|scale                      |  in |   32|   ap_none  |         scale        |    scalar    |
|neighbors                  |  in |   32|   ap_none  |       neighbors      |    scalar    |
|p_src_rows_V_out_din       | out |   32|   ap_fifo  |   p_src_rows_V_out   |    pointer   |
|p_src_rows_V_out_full_n    |  in |    1|   ap_fifo  |   p_src_rows_V_out   |    pointer   |
|p_src_rows_V_out_write     | out |    1|   ap_fifo  |   p_src_rows_V_out   |    pointer   |
|p_src_cols_V_out_din       | out |   32|   ap_fifo  |   p_src_cols_V_out   |    pointer   |
|p_src_cols_V_out_full_n    |  in |    1|   ap_fifo  |   p_src_cols_V_out   |    pointer   |
|p_src_cols_V_out_write     | out |    1|   ap_fifo  |   p_src_cols_V_out   |    pointer   |
|locations_rows_out_din     | out |    4|   ap_fifo  |  locations_rows_out  |    pointer   |
|locations_rows_out_full_n  |  in |    1|   ap_fifo  |  locations_rows_out  |    pointer   |
|locations_rows_out_write   | out |    1|   ap_fifo  |  locations_rows_out  |    pointer   |
|locations_cols_out_din     | out |    8|   ap_fifo  |  locations_cols_out  |    pointer   |
|locations_cols_out_full_n  |  in |    1|   ap_fifo  |  locations_cols_out  |    pointer   |
|locations_cols_out_write   | out |    1|   ap_fifo  |  locations_cols_out  |    pointer   |
|scale_out_din              | out |   32|   ap_fifo  |       scale_out      |    pointer   |
|scale_out_full_n           |  in |    1|   ap_fifo  |       scale_out      |    pointer   |
|scale_out_write            | out |    1|   ap_fifo  |       scale_out      |    pointer   |
|neighbors_out_din          | out |   32|   ap_fifo  |     neighbors_out    |    pointer   |
|neighbors_out_full_n       |  in |    1|   ap_fifo  |     neighbors_out    |    pointer   |
|neighbors_out_write        | out |    1|   ap_fifo  |     neighbors_out    |    pointer   |
+---------------------------+-----+-----+------------+----------------------+--------------+

