

================================================================
== Vivado HLS Report for 'detectMultiScale'
================================================================
* Date:           Tue Dec  4 20:20:36 2018

* Version:        2018.2 (Build 2258646 on Thu Jun 14 20:25:20 MDT 2018)
* Project:        Haar
* Solution:       solution1
* Product family: virtex7
* Target device:  xc7vx690tffg1761-3


================================================================
== Performance Estimates
================================================================
+ Timing (ns): 
    * Summary: 
    +--------+-------+----------+------------+
    |  Clock | Target| Estimated| Uncertainty|
    +--------+-------+----------+------------+
    |ap_clk  |  10.00|     8.741|        1.25|
    +--------+-------+----------+------------+

+ Latency (clock cycles): 
    * Summary: 
    +-----+-----+-----+-----+---------+
    |  Latency  |  Interval | Pipeline|
    | min | max | min | max |   Type  |
    +-----+-----+-----+-----+---------+
    |    ?|    ?|    ?|    ?|   none  |
    +-----+-----+-----+-----+---------+

    + Detail: 
        * Instance: 
        +----------------------------+-----------------+-----+-----------+-----+-----------+---------+
        |                            |                 |     Latency     |     Interval    | Pipeline|
        |          Instance          |      Module     | min |    max    | min |    max    |   Type  |
        +----------------------------+-----------------+-----+-----------+-----+-----------+---------+
        |grp_detect_fu_384           |detect           |    3|  313255761|    3|  313255761|   none  |
        |grp_groupRectangles_fu_421  |groupRectangles  |    ?|          ?|    ?|          ?|   none  |
        |grp_Resize5_fu_434          |Resize5          |   39|     131879|   39|     131879|   none  |
        +----------------------------+-----------------+-----+-----------+-----+-----------+---------+

        * Loop: 
        +-------------+-----+------------+----------------+-----------+-----------+---------+----------+
        |             |      Latency     |    Iteration   |  Initiation Interval  |   Trip  |          |
        |  Loop Name  | min |     max    |     Latency    |  achieved |   target  |  Count  | Pipelined|
        +-------------+-----+------------+----------------+-----------+-----------+---------+----------+
        |- Loop 1     |    1|          16|               1|          -|          -|  1 ~ 16 |    no    |
        |- Loop 2     |   57|  5014202480| 57 ~ 313387655 |          -|          -|  1 ~ 16 |    no    |
        |- Loop 3     |    0|         412|     3 ~ 103    |          -|          -|  0 ~ 4  |    no    |
        | + Loop 3.1  |    0|         100|               1|          1|          1| 0 ~ 100 |    yes   |
        +-------------+-----+------------+----------------+-----------+-----------+---------+----------+



================================================================
== Utilization Estimates
================================================================
* Summary: 
+-----------------+---------+-------+--------+--------+
|       Name      | BRAM_18K| DSP48E|   FF   |   LUT  |
+-----------------+---------+-------+--------+--------+
|DSP              |        -|      -|       -|       -|
|Expression       |        -|      6|      40|    1213|
|FIFO             |        -|      -|       -|       -|
|Instance         |     1169|     61|   35403|   71496|
|Memory           |       68|      -|       0|       0|
|Multiplexer      |        -|      -|       -|     544|
|Register         |        -|      -|     704|       -|
+-----------------+---------+-------+--------+--------+
|Total            |     1237|     67|   36147|   73253|
+-----------------+---------+-------+--------+--------+
|Available        |     2940|   3600|  866400|  433200|
+-----------------+---------+-------+--------+--------+
|Utilization (%)  |       42|      1|       4|      16|
+-----------------+---------+-------+--------+--------+

+ Detail: 
    * Instance: 
    +----------------------------+----------------------+---------+-------+-------+-------+
    |          Instance          |        Module        | BRAM_18K| DSP48E|   FF  |  LUT  |
    +----------------------------+----------------------+---------+-------+-------+-------+
    |Haar_Core_fdiv_32bnm_U568   |Haar_Core_fdiv_32bnm  |        0|      0|    311|    791|
    |Haar_Core_fpext_3eOg_U570   |Haar_Core_fpext_3eOg  |        0|      0|    100|    134|
    |Haar_Core_uitofp_bom_U569   |Haar_Core_uitofp_bom  |        0|      0|    128|    337|
    |grp_Resize5_fu_434          |Resize5               |        0|     13|   2089|   4118|
    |grp_detect_fu_384           |detect                |     1158|     33|  30493|  62022|
    |grp_groupRectangles_fu_421  |groupRectangles       |       11|     15|   2282|   4094|
    +----------------------------+----------------------+---------+-------+-------+-------+
    |Total                       |                      |     1169|     61|  35403|  71496|
    +----------------------------+----------------------+---------+-------+-------+-------+

    * DSP48: 
    N/A

    * Memory: 
    +--------------------+----------------------+---------+---+----+--------+-----+------+-------------+
    |       Memory       |        Module        | BRAM_18K| FF| LUT|  Words | Bits| Banks| W*Bits*Banks|
    +--------------------+----------------------+---------+---+----+--------+-----+------+-------------+
    |dst_val_U           |detectMultiScale_bil  |       64|  0|   0|  131072|    8|     1|      1048576|
    |rects_val_x_U       |detectMultiScale_bjl  |        1|  0|   0|    1000|   16|     1|        16000|
    |rects_val_y_U       |detectMultiScale_bjl  |        1|  0|   0|    1000|   16|     1|        16000|
    |rects_val_width_U   |detectMultiScale_bjl  |        1|  0|   0|    1000|   16|     1|        16000|
    |rects_val_height_U  |detectMultiScale_bjl  |        1|  0|   0|    1000|   16|     1|        16000|
    +--------------------+----------------------+---------+---+----+--------+-----+------+-------------+
    |Total               |                      |       68|  0|   0|  135072|   72|     5|      1112576|
    +--------------------+----------------------+---------+---+----+--------+-----+------+-------------+

    * FIFO: 
    N/A

    * Expression: 
    +------------------------------+----------+-------+----+-----+------------+------------+
    |         Variable Name        | Operation| DSP48E| FF | LUT | Bitwidth P0| Bitwidth P1|
    +------------------------------+----------+-------+----+-----+------------+------------+
    |p_Val2_13_fu_805_p2           |     *    |      3|   0|   21|          32|          32|
    |p_Val2_15_fu_892_p2           |     *    |      3|   0|   21|          32|          32|
    |i_7_fu_993_p2                 |     +    |      0|   0|   12|           3|           1|
    |i_fu_826_p2                   |     +    |      0|   0|   15|           5|           1|
    |j_fu_1008_p2                  |     +    |      0|   0|   15|           7|           1|
    |levels_fu_739_p2              |     +    |      0|   0|   15|           5|           1|
    |next_mul_fu_978_p2            |     +    |      0|   0|   17|          10|           7|
    |p_Repl2_12_trunc_i_fu_935_p2  |     +    |      0|   0|    8|           8|           8|
    |r_V_fu_774_p2                 |     +    |      0|   0|   44|          37|          37|
    |tmp_22_fu_1018_p2             |     +    |      0|   0|   17|          10|          10|
    |tmp_88_i_fu_531_p2            |     +    |      0|   0|   19|           6|          12|
    |F2_fu_496_p2                  |     -    |      0|   0|   19|          11|          12|
    |man_V_1_fu_513_p2             |     -    |      0|   0|   61|           1|          54|
    |tmp_52_i_i_fu_926_p2          |     -    |      0|   0|    8|           8|           8|
    |tmp_89_i_fu_536_p2            |     -    |      0|   0|   19|           5|          12|
    |tmp_i_i_83_fu_846_p2          |     -    |      0|   0|   39|           1|          32|
    |or_cond_i_fu_800_p2           |    and   |      0|   0|    2|           1|           1|
    |sel_tmp11_fu_693_p2           |    and   |      0|   0|    2|           1|           1|
    |sel_tmp2_fu_616_p2            |    and   |      0|   0|    2|           1|           1|
    |sel_tmp4_fu_667_p2            |    and   |      0|   0|    2|           1|           1|
    |sel_tmp7_fu_641_p2            |    and   |      0|   0|    2|           1|           1|
    |sel_tmp9_fu_653_p2            |    and   |      0|   0|    2|           1|           1|
    |tmp_96_i_fu_588_p2            |   ashr   |      0|   0|  162|          54|          54|
    |num_zeros_fu_870_p3           |   cttz   |      0|  40|   36|          32|           0|
    |exitcond_fu_820_p2            |   icmp   |      0|   0|   11|           5|           5|
    |icmp_fu_578_p2                |   icmp   |      0|   0|   11|           7|           1|
    |slt_fu_789_p2                 |   icmp   |      0|   0|   24|          48|          48|
    |tmp_103_i_fu_784_p2           |   icmp   |      0|   0|   24|          48|          48|
    |tmp_108_i_fu_725_p2           |   icmp   |      0|   0|   18|          32|          17|
    |tmp_112_i_fu_988_p2           |   icmp   |      0|   0|    9|           4|           4|
    |tmp_114_i_fu_1003_p2          |   icmp   |      0|   0|   11|           8|           8|
    |tmp_83_i_i_fu_921_p2          |   icmp   |      0|   0|   11|           8|           8|
    |tmp_85_i_fu_490_p2            |   icmp   |      0|   0|   29|          63|           1|
    |tmp_87_i_fu_526_p2            |   icmp   |      0|   0|   13|          12|           5|
    |tmp_90_i_fu_553_p2            |   icmp   |      0|   0|   13|          12|           5|
    |tmp_92_i_fu_562_p2            |   icmp   |      0|   0|   13|          12|           6|
    |tmp_i_i_fu_832_p2             |   icmp   |      0|   0|   18|          32|           1|
    |ap_block_state1               |    or    |      0|   0|    2|           1|           1|
    |ap_condition_394              |    or    |      0|   0|    2|           1|           1|
    |sel_tmp21_demorgan_fu_681_p2  |    or    |      0|   0|    2|           1|           1|
    |sel_tmp6_demorgan_fu_630_p2   |    or    |      0|   0|    2|           1|           1|
    |man_V_2_fu_519_p3             |  select  |      0|   0|   54|           1|          54|
    |p_023_i_fu_598_p3             |  select  |      0|   0|    2|           1|           2|
    |p_03_i_i_i_fu_963_p3          |  select  |      0|   0|   32|           1|           1|
    |p_Val2_16_fu_852_p3           |  select  |      0|   0|   32|           1|          32|
    |scale0_V_fu_699_p3            |  select  |      0|   0|   32|           1|          32|
    |sel_tmp3_fu_622_p3            |  select  |      0|   0|   32|           1|          32|
    |sel_tmp5_fu_673_p3            |  select  |      0|   0|   32|           1|          32|
    |sel_tmp_fu_659_p3             |  select  |      0|   0|   32|           1|          32|
    |sh_amt_fu_541_p3              |  select  |      0|   0|   12|           1|          12|
    |tmp32_V_1_fu_878_p2           |    shl   |      0|   0|   85|          32|          32|
    |tmp_98_i_fu_605_p2            |    shl   |      0|   0|   85|          32|          32|
    |rev_fu_794_p2                 |    xor   |      0|   0|    2|           1|           2|
    |sel_tmp10_fu_687_p2           |    xor   |      0|   0|    2|           1|           2|
    |sel_tmp1_fu_611_p2            |    xor   |      0|   0|    2|           1|           2|
    |sel_tmp6_fu_635_p2            |    xor   |      0|   0|    2|           1|           2|
    |sel_tmp8_fu_647_p2            |    xor   |      0|   0|    2|           1|           2|
    +------------------------------+----------+-------+----+-----+------------+------------+
    |Total                         |          |      6|  40| 1213|         646|         784|
    +------------------------------+----------+-------+----+-----+------------+------------+

    * Multiplexer: 
    +------------------------------+-----+-----------+-----+-----------+
    |             Name             | LUT | Input Size| Bits| Total Bits|
    +------------------------------+-----+-----------+-----+-----------+
    |ap_NS_fsm                     |  109|         23|    1|         23|
    |ap_done                       |    9|          2|    1|          2|
    |dst_val_address0              |   15|          3|   17|         51|
    |dst_val_ce0                   |   15|          3|    1|          3|
    |dst_val_we0                   |    9|          2|    1|          2|
    |i_0_i_i_reg_350               |    9|          2|    3|          6|
    |i_i_reg_339                   |    9|          2|    5|         10|
    |j_0_i_i_reg_373               |    9|          2|    7|         14|
    |levels_1_i_reg_304            |    9|          2|    5|         10|
    |levels_i_reg_293              |    9|          2|    5|         10|
    |locations_cols_blk_n          |    9|          2|    1|          2|
    |locations_cols_out_blk_n      |    9|          2|    1|          2|
    |locations_rows_blk_n          |    9|          2|    1|          2|
    |locations_rows_out_blk_n      |    9|          2|    1|          2|
    |locations_val_address0        |   15|          3|    9|         27|
    |locations_val_ce0             |   15|          3|    1|          3|
    |locations_val_ce1             |    9|          2|    1|          2|
    |locations_val_d0              |   15|          3|   16|         48|
    |locations_val_we0             |   15|          3|    1|          3|
    |locations_val_we1             |    9|          2|    1|          2|
    |neighbors_blk_n               |    9|          2|    1|          2|
    |p_Val2_14_reg_327             |    9|          2|   32|         64|
    |p_i_reg_282                   |    9|          2|   32|         64|
    |p_scale0_blk_n                |    9|          2|    1|          2|
    |phi_mul_reg_361               |    9|          2|   10|         20|
    |rects_length_read_as_reg_315  |    9|          2|   32|         64|
    |rects_val_height_address0     |   15|          3|   10|         30|
    |rects_val_height_ce0          |   15|          3|    1|          3|
    |rects_val_height_we0          |    9|          2|    1|          2|
    |rects_val_width_address0      |   15|          3|   10|         30|
    |rects_val_width_ce0           |   15|          3|    1|          3|
    |rects_val_width_we0           |    9|          2|    1|          2|
    |rects_val_x_address0          |   15|          3|   10|         30|
    |rects_val_x_ce0               |   15|          3|    1|          3|
    |rects_val_x_we0               |    9|          2|    1|          2|
    |rects_val_y_address0          |   15|          3|   10|         30|
    |rects_val_y_ce0               |   15|          3|    1|          3|
    |rects_val_y_we0               |    9|          2|    1|          2|
    |src_cols_blk_n                |    9|          2|    1|          2|
    |src_rows_blk_n                |    9|          2|    1|          2|
    +------------------------------+-----+-----------+-----+-----------+
    |Total                         |  544|        115|  237|        584|
    +------------------------------+-----+-----------+-----+-----------+

    * Register: 
    +-----------------------------------------+----+----+-----+-----------+
    |                   Name                  | FF | LUT| Bits| Const Bits|
    +-----------------------------------------+----+----+-----+-----------+
    |F2_reg_1073                              |  12|   0|   12|          0|
    |OP2_V_cast8_i_reg_1081                   |  48|   0|   48|          0|
    |ap_CS_fsm                                |  22|   0|   22|          0|
    |ap_done_reg                              |   1|   0|    1|          0|
    |cols_reg_1050                            |  32|   0|   32|          0|
    |dst_cols_reg_1179                        |  32|   0|   32|          0|
    |dst_rows_reg_1174                        |  32|   0|   32|          0|
    |grp_Resize5_fu_434_ap_start_reg          |   1|   0|    1|          0|
    |grp_detect_fu_384_ap_start_reg           |   1|   0|    1|          0|
    |grp_groupRectangles_fu_421_ap_start_reg  |   1|   0|    1|          0|
    |i_0_i_i_reg_350                          |   3|   0|    3|          0|
    |i_7_reg_1198                             |   3|   0|    3|          0|
    |i_i_reg_339                              |   5|   0|    5|          0|
    |i_reg_1124                               |   5|   0|    5|          0|
    |is_neg_reg_1134                          |   1|   0|    1|          0|
    |iscale_reg_1169                          |  32|   0|   32|          0|
    |isneg_reg_1056                           |   1|   0|    1|          0|
    |j_0_i_i_reg_373                          |   7|   0|    7|          0|
    |levels_1_i_reg_304                       |   5|   0|    5|          0|
    |levels_i_reg_293                         |   5|   0|    5|          0|
    |locations_cols_read_reg_1034             |   8|   0|    8|          0|
    |locations_rows_read_reg_1029             |   4|   0|    4|          0|
    |neighbors_read_reg_1039                  |  32|   0|   32|          0|
    |next_mul_reg_1189                        |  10|   0|   10|          0|
    |p_03_i_i_i_reg_1164                      |  32|   0|   32|          0|
    |p_Result_i_i_reg_1159                    |   8|   0|    8|          0|
    |p_Val2_14_reg_327                        |  32|   0|   32|          0|
    |p_i_reg_282                              |  32|   0|   32|          0|
    |p_scale_V_reg_1149                       |  32|   0|   32|          0|
    |phi_mul_reg_361                          |  10|   0|   10|          0|
    |rects_length_read_as_reg_315             |  32|   0|   32|          0|
    |rows_reg_1044                            |  32|   0|   32|          0|
    |tmp32_V_1_reg_1139                       |  32|   0|   32|          0|
    |tmp32_V_reg_1154                         |  32|   0|   32|          0|
    |tmp_101_i_reg_1087                       |  32|   0|   48|         16|
    |tmp_105_i_reg_1092                       |  32|   0|   48|         16|
    |tmp_108_i_reg_1097                       |   1|   0|    1|          0|
    |tmp_74_reg_1062                          |  52|   0|   52|          0|
    |tmp_80_reg_1144                          |   8|   0|    8|          0|
    |tmp_85_i_reg_1067                        |   1|   0|    1|          0|
    |tmp_i_i_reg_1129                         |   1|   0|    1|          0|
    +-----------------------------------------+----+----+-----+-----------+
    |Total                                    | 704|   0|  736|         32|
    +-----------------------------------------+----+----+-----+-----------+



================================================================
== Interface
================================================================
* Summary: 
+---------------------------+-----+-----+------------+--------------------+--------------+
|         RTL Ports         | Dir | Bits|  Protocol  |    Source Object   |    C Type    |
+---------------------------+-----+-----+------------+--------------------+--------------+
|ap_clk                     |  in |    1| ap_ctrl_hs |  detectMultiScale  | return value |
|ap_rst                     |  in |    1| ap_ctrl_hs |  detectMultiScale  | return value |
|ap_start                   |  in |    1| ap_ctrl_hs |  detectMultiScale  | return value |
|ap_done                    | out |    1| ap_ctrl_hs |  detectMultiScale  | return value |
|ap_continue                |  in |    1| ap_ctrl_hs |  detectMultiScale  | return value |
|ap_idle                    | out |    1| ap_ctrl_hs |  detectMultiScale  | return value |
|ap_ready                   | out |    1| ap_ctrl_hs |  detectMultiScale  | return value |
|src_val_address0           | out |   17|  ap_memory |       src_val      |     array    |
|src_val_ce0                | out |    1|  ap_memory |       src_val      |     array    |
|src_val_q0                 |  in |    8|  ap_memory |       src_val      |     array    |
|src_rows_dout              |  in |   32|   ap_fifo  |      src_rows      |    pointer   |
|src_rows_empty_n           |  in |    1|   ap_fifo  |      src_rows      |    pointer   |
|src_rows_read              | out |    1|   ap_fifo  |      src_rows      |    pointer   |
|src_cols_dout              |  in |   32|   ap_fifo  |      src_cols      |    pointer   |
|src_cols_empty_n           |  in |    1|   ap_fifo  |      src_cols      |    pointer   |
|src_cols_read              | out |    1|   ap_fifo  |      src_cols      |    pointer   |
|locations_val_address0     | out |    9|  ap_memory |    locations_val   |     array    |
|locations_val_ce0          | out |    1|  ap_memory |    locations_val   |     array    |
|locations_val_we0          | out |    1|  ap_memory |    locations_val   |     array    |
|locations_val_d0           | out |   16|  ap_memory |    locations_val   |     array    |
|locations_val_address1     | out |    9|  ap_memory |    locations_val   |     array    |
|locations_val_ce1          | out |    1|  ap_memory |    locations_val   |     array    |
|locations_val_we1          | out |    1|  ap_memory |    locations_val   |     array    |
|locations_val_d1           | out |   16|  ap_memory |    locations_val   |     array    |
|locations_rows_dout        |  in |    4|   ap_fifo  |   locations_rows   |    pointer   |
|locations_rows_empty_n     |  in |    1|   ap_fifo  |   locations_rows   |    pointer   |
|locations_rows_read        | out |    1|   ap_fifo  |   locations_rows   |    pointer   |
|locations_cols_dout        |  in |    8|   ap_fifo  |   locations_cols   |    pointer   |
|locations_cols_empty_n     |  in |    1|   ap_fifo  |   locations_cols   |    pointer   |
|locations_cols_read        | out |    1|   ap_fifo  |   locations_cols   |    pointer   |
|p_scale0_dout              |  in |   32|   ap_fifo  |      p_scale0      |    pointer   |
|p_scale0_empty_n           |  in |    1|   ap_fifo  |      p_scale0      |    pointer   |
|p_scale0_read              | out |    1|   ap_fifo  |      p_scale0      |    pointer   |
|neighbors_dout             |  in |   32|   ap_fifo  |      neighbors     |    pointer   |
|neighbors_empty_n          |  in |    1|   ap_fifo  |      neighbors     |    pointer   |
|neighbors_read             | out |    1|   ap_fifo  |      neighbors     |    pointer   |
|locations_rows_out_din     | out |    4|   ap_fifo  | locations_rows_out |    pointer   |
|locations_rows_out_full_n  |  in |    1|   ap_fifo  | locations_rows_out |    pointer   |
|locations_rows_out_write   | out |    1|   ap_fifo  | locations_rows_out |    pointer   |
|locations_cols_out_din     | out |    8|   ap_fifo  | locations_cols_out |    pointer   |
|locations_cols_out_full_n  |  in |    1|   ap_fifo  | locations_cols_out |    pointer   |
|locations_cols_out_write   | out |    1|   ap_fifo  | locations_cols_out |    pointer   |
+---------------------------+-----+-----+------------+--------------------+--------------+

