

================================================================
== Vivado HLS Report for 'partition_1000_s'
================================================================
* Date:           Tue Dec  4 20:20:33 2018

* Version:        2018.2 (Build 2258646 on Thu Jun 14 20:25:20 MDT 2018)
* Project:        Haar
* Solution:       solution1
* Product family: virtex7
* Target device:  xc7vx690tffg1761-3


================================================================
== Performance Estimates
================================================================
+ Timing (ns): 
    * Summary: 
    +--------+-------+----------+------------+
    |  Clock | Target| Estimated| Uncertainty|
    +--------+-------+----------+------------+
    |ap_clk  |  10.00|     8.287|        1.25|
    +--------+-------+----------+------------+

+ Latency (clock cycles): 
    * Summary: 
    +-----+-----+-----+-----+---------+
    |  Latency  |  Interval | Pipeline|
    | min | max | min | max |   Type  |
    +-----+-----+-----+-----+---------+
    |    ?|    ?|    ?|    ?|   none  |
    +-----+-----+-----+-----+---------+

    + Detail: 
        * Instance: 
        N/A

        * Loop: 
        +-----------------+-----+------+----------+-----------+-----------+----------+----------+
        |                 |   Latency  | Iteration|  Initiation Interval  |   Trip   |          |
        |    Loop Name    | min |  max |  Latency |  achieved |   target  |   Count  | Pipelined|
        +-----------------+-----+------+----------+-----------+-----------+----------+----------+
        |- Loop 1         |    0|  1000|         1|          1|          1| 0 ~ 1000 |    yes   |
        |- Loop 2         |    ?|     ?|         ?|          -|          -| 0 ~ 1000 |    no    |
        | + Loop 2.1      |    ?|     ?|         2|          -|          -|         ?|    no    |
        | + Loop 2.2      |    ?|     ?|         ?|          -|          -|         ?|    no    |
        |  ++ Loop 2.2.1  |    ?|     ?|         2|          -|          -|         ?|    no    |
        |  ++ Loop 2.2.2  |    ?|     ?|         2|          -|          -|         ?|    no    |
        |  ++ Loop 2.2.3  |    ?|     ?|         2|          -|          -|         ?|    no    |
        |- Loop 3         |    ?|     ?|         ?|          -|          -| 0 ~ 1000 |    no    |
        | + Loop 3.1      |    ?|     ?|         2|          -|          -|         ?|    no    |
        +-----------------+-----+------+----------+-----------+-----------+----------+----------+



================================================================
== Utilization Estimates
================================================================
* Summary: 
+-----------------+---------+-------+--------+--------+
|       Name      | BRAM_18K| DSP48E|   FF   |   LUT  |
+-----------------+---------+-------+--------+--------+
|DSP              |        -|      -|       -|       -|
|Expression       |        -|      -|       0|    1355|
|FIFO             |        -|      -|       -|       -|
|Instance         |        -|      3|     256|     474|
|Memory           |        4|      -|       0|       0|
|Multiplexer      |        -|      -|       -|     494|
|Register         |        -|      -|    1094|       -|
+-----------------+---------+-------+--------+--------+
|Total            |        4|      3|    1350|    2323|
+-----------------+---------+-------+--------+--------+
|Available        |     2940|   3600|  866400|  433200|
+-----------------+---------+-------+--------+--------+
|Utilization (%)  |    ~0   |   ~0  |   ~0   |   ~0   |
+-----------------+---------+-------+--------+--------+

+ Detail: 
    * Instance: 
    +---------------------------+----------------------+---------+-------+-----+-----+
    |          Instance         |        Module        | BRAM_18K| DSP48E|  FF | LUT |
    +---------------------------+----------------------+---------+-------+-----+-----+
    |Haar_Core_fmul_32cud_U548  |Haar_Core_fmul_32cud  |        0|      3|  128|  137|
    |Haar_Core_sitofp_bbk_U549  |Haar_Core_sitofp_bbk  |        0|      0|  128|  337|
    +---------------------------+----------------------+---------+-------+-----+-----+
    |Total                      |                      |        0|      3|  256|  474|
    +---------------------------+----------------------+---------+-------+-----+-----+

    * DSP48: 
    N/A

    * Memory: 
    +-----------+----------------------+---------+---+----+------+-----+------+-------------+
    |   Memory  |        Module        | BRAM_18K| FF| LUT| Words| Bits| Banks| W*Bits*Banks|
    +-----------+----------------------+---------+---+----+------+-----+------+-------------+
    |nodes_0_U  |partition_1000_s_9j0  |        2|  0|   0|  1000|   32|     1|        32000|
    |nodes_1_U  |partition_1000_s_bak  |        2|  0|   0|  1000|   32|     1|        32000|
    +-----------+----------------------+---------+---+----+------+-----+------+-------------+
    |Total      |                      |        4|  0|   0|  2000|   64|     2|        64000|
    +-----------+----------------------+---------+---+----+------+-----+------+-------------+

    * FIFO: 
    N/A

    * Expression: 
    +---------------------------+----------+-------+---+-----+------------+------------+
    |       Variable Name       | Operation| DSP48E| FF| LUT | Bitwidth P0| Bitwidth P1|
    +---------------------------+----------+-------+---+-----+------------+------------+
    |i_1_fu_487_p2              |     +    |      0|  0|   38|          31|           1|
    |i_2_fu_513_p2              |     +    |      0|  0|   38|          31|           1|
    |i_3_fu_1006_p2             |     +    |      0|  0|   38|          31|           1|
    |k_7_fu_573_p2              |     +    |      0|  0|   39|          32|           1|
    |nclasses_1_fu_1025_p2      |     +    |      0|  0|   39|          32|           1|
    |sh_assign_fu_686_p2        |     +    |      0|  0|   16|           8|           9|
    |tmp_138_i_fu_632_p2        |     +    |      0|  0|   24|          17|          17|
    |tmp_155_i_fu_549_p2        |     +    |      0|  0|   24|          17|          17|
    |tmp_162_i_fu_563_p2        |     +    |      0|  0|   24|          17|          17|
    |tmp_20_fu_499_p2           |     +    |      0|  0|   39|          32|           2|
    |tmp_36_fu_980_p2           |     +    |      0|  0|   39|          32|          32|
    |neg_i3_i_fu_842_p2         |     -    |      0|  0|   24|           1|          17|
    |neg_i6_i_fu_882_p2         |     -    |      0|  0|   25|           1|          18|
    |neg_i9_i_fu_922_p2         |     -    |      0|  0|   25|           1|          18|
    |neg_i_i_fu_797_p2          |     -    |      0|  0|   24|           1|          17|
    |p_Val2_i_i_i_i_fu_772_p2   |     -    |      0|  0|   23|           1|          16|
    |tmp_156_i_fu_871_p2        |     -    |      0|  0|    8|          18|          18|
    |tmp_163_i_fu_911_p2        |     -    |      0|  0|    8|          18|          18|
    |tmp_231_i_i_i_i_fu_700_p2  |     -    |      0|  0|   15|           7|           8|
    |x_assign_3_fu_792_p2       |     -    |      0|  0|   24|          17|          17|
    |x_assign_4_fu_837_p2       |     -    |      0|  0|   24|          17|          17|
    |x_assign_5_fu_876_p2       |     -    |      0|  0|    8|          18|          18|
    |x_assign_6_fu_916_p2       |     -    |      0|  0|    8|          18|          18|
    |abscond_i10_i_fu_928_p2    |   icmp   |      0|  0|   18|          18|           1|
    |abscond_i4_i_fu_848_p2     |   icmp   |      0|  0|   18|          17|           1|
    |abscond_i7_i_fu_888_p2     |   icmp   |      0|  0|   18|          18|           1|
    |abscond_i_i_fu_803_p2      |   icmp   |      0|  0|   18|          17|           1|
    |exitcond_fu_579_p2         |   icmp   |      0|  0|   18|          32|          32|
    |tmp_147_i_fu_825_p2        |   icmp   |      0|  0|   18|          17|          17|
    |tmp_152_i_fu_862_p2        |   icmp   |      0|  0|   18|          17|          17|
    |tmp_159_i_fu_902_p2        |   icmp   |      0|  0|   18|          18|          18|
    |tmp_166_i_fu_942_p2        |   icmp   |      0|  0|   18|          18|          18|
    |tmp_21_fu_508_p2           |   icmp   |      0|  0|   18|          32|          32|
    |tmp_23_fu_1001_p2          |   icmp   |      0|  0|   18|          32|          32|
    |tmp_31_fu_953_p2           |   icmp   |      0|  0|   18|          32|          32|
    |tmp_33_fu_964_p2           |   icmp   |      0|  0|   18|          32|          32|
    |tmp_34_fu_970_p2           |   icmp   |      0|  0|   18|          32|          32|
    |tmp_i1_i_fu_608_p2         |   icmp   |      0|  0|   13|          16|          16|
    |tmp_i_i_fu_592_p2          |   icmp   |      0|  0|   13|          16|          16|
    |tmp_s_fu_482_p2            |   icmp   |      0|  0|   18|          32|          32|
    |tmp_233_i_i_i_i_fu_730_p2  |   lshr   |      0|  0|   66|          25|          25|
    |abs_i11_i_fu_934_p3        |  select  |      0|  0|   18|           1|          18|
    |abs_i5_i_fu_854_p3         |  select  |      0|  0|   17|           1|          17|
    |abs_i8_i_fu_894_p3         |  select  |      0|  0|   18|           1|          18|
    |abs_i_i_fu_809_p3          |  select  |      0|  0|   17|           1|          17|
    |p_Val2_3_fu_764_p3         |  select  |      0|  0|   16|           1|          16|
    |p_Val2_s_fu_778_p3         |  select  |      0|  0|   16|           1|          16|
    |sh_assign_1_fu_710_p3      |  select  |      0|  0|    9|           1|           9|
    |tmp_i2_i_fu_613_p3         |  select  |      0|  0|   32|           1|          32|
    |tmp_i_i_81_fu_597_p3       |  select  |      0|  0|   32|           1|          32|
    |tmp_234_i_i_i_i_fu_736_p2  |    shl   |      0|  0|  180|          63|          63|
    |labels_d0                  |    xor   |      0|  0|   32|          32|           2|
    |tmp_27_fu_1031_p2          |    xor   |      0|  0|   32|          32|           2|
    +---------------------------+----------+-------+---+-----+------------+------------+
    |Total                      |          |      0|  0| 1355|         955|         896|
    +---------------------------+----------+-------+---+-----+------------+------------+

    * Multiplexer: 
    +-------------------------------------+-----+-----------+-----+-----------+
    |                 Name                | LUT | Input Size| Bits| Total Bits|
    +-------------------------------------+-----+-----------+-----+-----------+
    |ap_NS_fsm                            |  141|         31|    1|         31|
    |ap_phi_mux_root_1_be_phi_fu_406_p12  |    9|          2|   32|         64|
    |grp_fu_448_p0                        |   15|          3|   32|         96|
    |i_reg_306                            |    9|          2|   31|         62|
    |j_0_in_reg_339                       |    9|          2|   32|         64|
    |k_1_reg_393                          |    9|          2|   32|         64|
    |k_6_reg_317                          |    9|          2|   31|         62|
    |k_reg_384                            |    9|          2|   32|         64|
    |nclasses_fu_90                       |    9|          2|   32|         64|
    |nodes_0_address0                     |   50|         11|   10|        110|
    |nodes_0_d0                           |   27|          5|   32|        160|
    |nodes_1_address0                     |   27|          5|   10|         50|
    |nodes_1_address1                     |   21|          4|   10|         40|
    |nodes_1_d1                           |   15|          3|   32|         96|
    |rects_val_height_address0            |   21|          4|   10|         40|
    |rects_val_width_address0             |   21|          4|   10|         40|
    |rects_val_x_address0                 |   15|          3|   10|         30|
    |rects_val_y_address0                 |   15|          3|   10|         30|
    |root1_reg_329                        |    9|          2|   32|         64|
    |root3_reg_439                        |    9|          2|   32|         64|
    |root_1_be_reg_402                    |    9|          2|   32|         64|
    |root_1_reg_348                       |    9|          2|   32|         64|
    |root_2_reg_371                       |    9|          2|   32|         64|
    |root_3_reg_427                       |    9|          2|   31|         62|
    |root_6_reg_360                       |    9|          2|   32|         64|
    +-------------------------------------+-----+-----------+-----+-----------+
    |Total                                |  494|        104|  612|       1613|
    +-------------------------------------+-----+-----------+-----+-----------+

    * Register: 
    +---------------------------------+----+----+-----+-----------+
    |               Name              | FF | LUT| Bits| Const Bits|
    +---------------------------------+----+----+-----+-----------+
    |ap_CS_fsm                        |  30|   0|   30|          0|
    |i_2_reg_1088                     |  31|   0|   31|          0|
    |i_3_reg_1327                     |  31|   0|   31|          0|
    |i_reg_306                        |  31|   0|   31|          0|
    |j_0_in_reg_339                   |  32|   0|   32|          0|
    |k_1_reg_393                      |  32|   0|   32|          0|
    |k_6_cast_reg_1076                |  31|   0|   32|          1|
    |k_6_reg_317                      |  31|   0|   31|          0|
    |k_7_reg_1158                     |  32|   0|   32|          0|
    |k_reg_384                        |  32|   0|   32|          0|
    |nclasses_fu_90                   |  32|   0|   32|          0|
    |nodes_0_addr_3_reg_1258          |  10|   0|   10|          0|
    |nodes_0_addr_5_reg_1293          |  10|   0|   10|          0|
    |nodes_0_addr_6_reg_1306          |  10|   0|   10|          0|
    |nodes_1_addr_1_reg_1345          |  10|   0|   10|          0|
    |nodes_1_addr_3_reg_1285          |  10|   0|   10|          0|
    |rects_val_height_loa_1_reg_1207  |  16|   0|   16|          0|
    |rects_val_height_loa_reg_1133    |  16|   0|   16|          0|
    |rects_val_width_load_1_reg_1128  |  16|   0|   16|          0|
    |rects_val_width_load_2_reg_1202  |  16|   0|   16|          0|
    |rects_val_x_load_1_reg_1190      |  16|   0|   16|          0|
    |rects_val_y_load_1_reg_1196      |  16|   0|   16|          0|
    |reg_473                          |  32|   0|   32|          0|
    |root1_reg_329                    |  32|   0|   32|          0|
    |root3_reg_439                    |  32|   0|   32|          0|
    |root_1_be_reg_402                |  32|   0|   32|          0|
    |root_1_reg_348                   |  32|   0|   32|          0|
    |root_2_reg_371                   |  32|   0|   32|          0|
    |root_3_reg_427                   |  31|   0|   31|          0|
    |root_6_reg_360                   |  32|   0|   32|          0|
    |tmp_138_i_reg_1222               |  17|   0|   17|          0|
    |tmp_139_i_reg_1232               |  32|   0|   32|          0|
    |tmp_142_i_cast_reg_1138          |  17|   0|   17|          0|
    |tmp_147_i_reg_1237               |   1|   0|    1|          0|
    |tmp_148_i_cast_reg_1143          |  17|   0|   17|          0|
    |tmp_152_i_reg_1241               |   1|   0|    1|          0|
    |tmp_155_i_cast_reg_1148          |  18|   0|   18|          0|
    |tmp_159_i_reg_1245               |   1|   0|    1|          0|
    |tmp_162_i_cast_reg_1153          |  18|   0|   18|          0|
    |tmp_166_i_reg_1249               |   1|   0|    1|          0|
    |tmp_20_reg_1071                  |  32|   0|   32|          0|
    |tmp_25_reg_1332                  |  64|   0|   64|          0|
    |tmp_30_reg_1253                  |  64|   0|   64|          0|
    |tmp_31_reg_1271                  |   1|   0|    1|          0|
    |tmp_32_reg_1275                  |  64|   0|   64|          0|
    +---------------------------------+----+----+-----+-----------+
    |Total                            |1094|   0| 1095|          1|
    +---------------------------------+----+----+-----+-----------+



================================================================
== Interface
================================================================
* Summary: 
+---------------------------+-----+-----+------------+-------------------+--------------+
|         RTL Ports         | Dir | Bits|  Protocol  |   Source Object   |    C Type    |
+---------------------------+-----+-----+------------+-------------------+--------------+
|ap_clk                     |  in |    1| ap_ctrl_hs |  partition<1000>  | return value |
|ap_rst                     |  in |    1| ap_ctrl_hs |  partition<1000>  | return value |
|ap_start                   |  in |    1| ap_ctrl_hs |  partition<1000>  | return value |
|ap_done                    | out |    1| ap_ctrl_hs |  partition<1000>  | return value |
|ap_idle                    | out |    1| ap_ctrl_hs |  partition<1000>  | return value |
|ap_ready                   | out |    1| ap_ctrl_hs |  partition<1000>  | return value |
|ap_return                  | out |   32| ap_ctrl_hs |  partition<1000>  | return value |
|rects_val_x_address0       | out |   10|  ap_memory |    rects_val_x    |     array    |
|rects_val_x_ce0            | out |    1|  ap_memory |    rects_val_x    |     array    |
|rects_val_x_q0             |  in |   16|  ap_memory |    rects_val_x    |     array    |
|rects_val_y_address0       | out |   10|  ap_memory |    rects_val_y    |     array    |
|rects_val_y_ce0            | out |    1|  ap_memory |    rects_val_y    |     array    |
|rects_val_y_q0             |  in |   16|  ap_memory |    rects_val_y    |     array    |
|rects_val_width_address0   | out |   10|  ap_memory |  rects_val_width  |     array    |
|rects_val_width_ce0        | out |    1|  ap_memory |  rects_val_width  |     array    |
|rects_val_width_q0         |  in |   16|  ap_memory |  rects_val_width  |     array    |
|rects_val_height_address0  | out |   10|  ap_memory |  rects_val_height |     array    |
|rects_val_height_ce0       | out |    1|  ap_memory |  rects_val_height |     array    |
|rects_val_height_q0        |  in |   16|  ap_memory |  rects_val_height |     array    |
|rects_length_read          |  in |   32|   ap_none  | rects_length_read |    scalar    |
|labels_address0            | out |   10|  ap_memory |       labels      |     array    |
|labels_ce0                 | out |    1|  ap_memory |       labels      |     array    |
|labels_we0                 | out |    1|  ap_memory |       labels      |     array    |
|labels_d0                  | out |   32|  ap_memory |       labels      |     array    |
+---------------------------+-----+-----+------------+-------------------+--------------+

