

================================================================
== Vivado HLS Report for 'Rotate_Core'
================================================================
* Date:           Wed Dec  5 15:35:19 2018

* Version:        2018.2 (Build 2258646 on Thu Jun 14 20:25:20 MDT 2018)
* Project:        Rotate
* Solution:       solution1
* Product family: virtex7
* Target device:  xc7vx690tffg1761-3


================================================================
== Performance Estimates
================================================================
+ Timing (ns): 
    * Summary: 
    +--------+-------+----------+------------+
    |  Clock | Target| Estimated| Uncertainty|
    +--------+-------+----------+------------+
    |ap_clk  |  10.00|     8.641|        1.25|
    +--------+-------+----------+------------+

+ Latency (clock cycles): 
    * Summary: 
    +-----+--------+-----+------------+----------+
    |    Latency   |     Interval     | Pipeline |
    | min |   max  | min |     max    |   Type   |
    +-----+--------+-----+------------+----------+
    |   48|  460589|   40|  8590262309| dataflow |
    +-----+--------+-----+------------+----------+

    + Detail: 
        * Instance: 
        N/A

        * Loop: 
        N/A

============================================================
+ Verbose Summary: Synthesis Manager
============================================================
InlineROM: 1
ExposeGlobal: 0
============================================================
+ Verbose Summary: CDFG Model
============================================================
IsTopModel: 1
ResetActiveHigh: 1
IsCombinational: 2
IsDatapathOnly: 0
HasWiredReturn: 1
HasMFsm: 0
HasVarLatency: 1
IsPipeline: 0
IsRtlPipelined: 0
IsInstanceOverlapped: 0
IsDontTouch: 0
HasImplIP: 0
IsGatedGlobalClock: 0


============================================================
+ Verbose Summary: Schedule
============================================================
* Number of FSM states : 12
* Pipeline : 0
* Dataflow Pipeline: 1
  DF-Pipeline-0: Size = 12, States = { 1 2 3 4 5 6 7 8 9 10 11 12 }

* FSM state transitions: 
1 --> 
	2  / true
2 --> 
	3  / true
3 --> 
	4  / true
4 --> 
	5  / true
5 --> 
	6  / true
6 --> 
	7  / true
7 --> 
	8  / true
8 --> 
	9  / true
9 --> 
	10  / true
10 --> 
	11  / true
11 --> 
	12  / true
12 --> 

* FSM state operations: 

State 1 <SV = 0> <Delay = 3.26>
ST_1 : Operation 13 [1/1] (1.00ns)   --->   "%param_read = call float @_ssdm_op_Read.s_axilite.float(float %param)"   --->   Operation 13 'read' 'param_read' <Predicate = true> <Delay = 1.00> <Core = "s_axilite">   --->   Core 10 's_axilite' <Latency = 0> <II = 1> <Delay = 1.00> <Adapter> <Opcode : 'read' 'write'>
ST_1 : Operation 14 [1/1] (1.00ns)   --->   "%cols0_read = call i32 @_ssdm_op_Read.s_axilite.i32(i32 %cols0)"   --->   Operation 14 'read' 'cols0_read' <Predicate = true> <Delay = 1.00> <Core = "s_axilite">   --->   Core 10 's_axilite' <Latency = 0> <II = 1> <Delay = 1.00> <Adapter> <Opcode : 'read' 'write'>
ST_1 : Operation 15 [1/1] (1.00ns)   --->   "%rows0_read = call i32 @_ssdm_op_Read.s_axilite.i32(i32 %rows0)"   --->   Operation 15 'read' 'rows0_read' <Predicate = true> <Delay = 1.00> <Core = "s_axilite">   --->   Core 10 's_axilite' <Latency = 0> <II = 1> <Delay = 1.00> <Adapter> <Opcode : 'read' 'write'>
ST_1 : Operation 16 [1/1] (0.00ns)   --->   "%p_dst_cols_V_c = alloca i17, align 4"   --->   Operation 16 'alloca' 'p_dst_cols_V_c' <Predicate = true> <Delay = 0.00> <Core = "FIFO">   --->   Core 32 'FIFO' <Latency = 0> <II = 1> <Delay = 2.26> <Storage> <Opcode : 'read' 'write' 'nbread' 'nbwrite'> <Ports = 0> <Width = 17> <Depth = 2> <FIFO>
ST_1 : Operation 17 [1/1] (0.00ns)   --->   "%p_dst_rows_V_c = alloca i17, align 4"   --->   Operation 17 'alloca' 'p_dst_rows_V_c' <Predicate = true> <Delay = 0.00> <Core = "FIFO">   --->   Core 32 'FIFO' <Latency = 0> <II = 1> <Delay = 2.26> <Storage> <Opcode : 'read' 'write' 'nbread' 'nbwrite'> <Ports = 0> <Width = 17> <Depth = 2> <FIFO>
ST_1 : Operation 18 [1/1] (0.00ns)   --->   "%dst_cols_c34 = alloca i17, align 4"   --->   Operation 18 'alloca' 'dst_cols_c34' <Predicate = true> <Delay = 0.00> <Core = "FIFO">   --->   Core 32 'FIFO' <Latency = 0> <II = 1> <Delay = 2.26> <Storage> <Opcode : 'read' 'write' 'nbread' 'nbwrite'> <Ports = 0> <Width = 17> <Depth = 2> <FIFO>
ST_1 : Operation 19 [1/1] (0.00ns)   --->   "%dst_cols_c = alloca i17, align 4"   --->   Operation 19 'alloca' 'dst_cols_c' <Predicate = true> <Delay = 0.00> <Core = "FIFO">   --->   Core 32 'FIFO' <Latency = 0> <II = 1> <Delay = 2.26> <Storage> <Opcode : 'read' 'write' 'nbread' 'nbwrite'> <Ports = 0> <Width = 17> <Depth = 2> <FIFO>
ST_1 : Operation 20 [1/1] (0.00ns)   --->   "%dst_rows_c33 = alloca i17, align 4"   --->   Operation 20 'alloca' 'dst_rows_c33' <Predicate = true> <Delay = 0.00> <Core = "FIFO">   --->   Core 32 'FIFO' <Latency = 0> <II = 1> <Delay = 2.26> <Storage> <Opcode : 'read' 'write' 'nbread' 'nbwrite'> <Ports = 0> <Width = 17> <Depth = 2> <FIFO>
ST_1 : Operation 21 [1/1] (0.00ns)   --->   "%dst_rows_c = alloca i17, align 4"   --->   Operation 21 'alloca' 'dst_rows_c' <Predicate = true> <Delay = 0.00> <Core = "FIFO">   --->   Core 32 'FIFO' <Latency = 0> <II = 1> <Delay = 2.26> <Storage> <Opcode : 'read' 'write' 'nbread' 'nbwrite'> <Ports = 0> <Width = 17> <Depth = 2> <FIFO>
ST_1 : Operation 22 [1/1] (0.00ns)   --->   "%src_cols_c = alloca i32, align 4"   --->   Operation 22 'alloca' 'src_cols_c' <Predicate = true> <Delay = 0.00> <Core = "FIFO">   --->   Core 32 'FIFO' <Latency = 0> <II = 1> <Delay = 2.26> <Storage> <Opcode : 'read' 'write' 'nbread' 'nbwrite'> <Ports = 0> <Width = 17> <Depth = 2> <FIFO>
ST_1 : Operation 23 [1/1] (0.00ns)   --->   "%src_rows_c = alloca i32, align 4"   --->   Operation 23 'alloca' 'src_rows_c' <Predicate = true> <Delay = 0.00> <Core = "FIFO">   --->   Core 32 'FIFO' <Latency = 0> <II = 1> <Delay = 2.26> <Storage> <Opcode : 'read' 'write' 'nbread' 'nbwrite'> <Ports = 0> <Width = 17> <Depth = 2> <FIFO>
ST_1 : Operation 24 [1/1] (0.00ns)   --->   "%p_src_cols_V_c32 = alloca i32, align 4"   --->   Operation 24 'alloca' 'p_src_cols_V_c32' <Predicate = true> <Delay = 0.00> <Core = "FIFO">   --->   Core 32 'FIFO' <Latency = 0> <II = 1> <Delay = 2.26> <Storage> <Opcode : 'read' 'write' 'nbread' 'nbwrite'> <Ports = 0> <Width = 17> <Depth = 2> <FIFO>
ST_1 : Operation 25 [1/1] (0.00ns)   --->   "%p_src_rows_V_c31 = alloca i32, align 4"   --->   Operation 25 'alloca' 'p_src_rows_V_c31' <Predicate = true> <Delay = 0.00> <Core = "FIFO">   --->   Core 32 'FIFO' <Latency = 0> <II = 1> <Delay = 2.26> <Storage> <Opcode : 'read' 'write' 'nbread' 'nbwrite'> <Ports = 0> <Width = 17> <Depth = 2> <FIFO>
ST_1 : Operation 26 [1/1] (0.00ns)   --->   "%param_c = alloca float, align 4"   --->   Operation 26 'alloca' 'param_c' <Predicate = true> <Delay = 0.00> <Core = "FIFO">   --->   Core 32 'FIFO' <Latency = 0> <II = 1> <Delay = 2.26> <Storage> <Opcode : 'read' 'write' 'nbread' 'nbwrite'> <Ports = 0> <Width = 17> <Depth = 2> <FIFO>
ST_1 : Operation 27 [1/1] (0.00ns)   --->   "%p_src_cols_V_c = alloca i32, align 4"   --->   Operation 27 'alloca' 'p_src_cols_V_c' <Predicate = true> <Delay = 0.00> <Core = "FIFO">   --->   Core 32 'FIFO' <Latency = 0> <II = 1> <Delay = 2.26> <Storage> <Opcode : 'read' 'write' 'nbread' 'nbwrite'> <Ports = 0> <Width = 17> <Depth = 2> <FIFO>
ST_1 : Operation 28 [1/1] (0.00ns)   --->   "%p_src_rows_V_c = alloca i32, align 4"   --->   Operation 28 'alloca' 'p_src_rows_V_c' <Predicate = true> <Delay = 0.00> <Core = "FIFO">   --->   Core 32 'FIFO' <Latency = 0> <II = 1> <Delay = 2.26> <Storage> <Opcode : 'read' 'write' 'nbread' 'nbwrite'> <Ports = 0> <Width = 17> <Depth = 2> <FIFO>
ST_1 : Operation 29 [1/1] (0.00ns)   --->   "%p_src_data_stream_0_s = alloca i8, align 1" [image_core.cpp:23]   --->   Operation 29 'alloca' 'p_src_data_stream_0_s' <Predicate = true> <Delay = 0.00> <Core = "FIFO">   --->   Core 32 'FIFO' <Latency = 0> <II = 1> <Delay = 2.26> <Storage> <Opcode : 'read' 'write' 'nbread' 'nbwrite'> <Ports = 0> <Width = 17> <Depth = 2> <FIFO>
ST_1 : Operation 30 [1/1] (0.00ns)   --->   "%p_dst_data_stream_0_s = alloca i8, align 1" [image_core.cpp:24]   --->   Operation 30 'alloca' 'p_dst_data_stream_0_s' <Predicate = true> <Delay = 0.00> <Core = "FIFO">   --->   Core 32 'FIFO' <Latency = 0> <II = 1> <Delay = 2.26> <Storage> <Opcode : 'read' 'write' 'nbread' 'nbwrite'> <Ports = 0> <Width = 17> <Depth = 2> <FIFO>
ST_1 : Operation 31 [1/1] (0.00ns)   --->   "%src_val = alloca [65536 x i8], align 1" [image_core.cpp:25]   --->   Operation 31 'alloca' 'src_val' <Predicate = true> <Delay = 0.00>
ST_1 : Operation 32 [1/1] (0.00ns)   --->   "%dst_val = alloca [65536 x i8], align 1" [image_core.cpp:26]   --->   Operation 32 'alloca' 'dst_val' <Predicate = true> <Delay = 0.00>
ST_1 : Operation 33 [1/1] (2.26ns)   --->   "call fastcc void @Block_Mat.exit11_pro(i32 %rows0_read, i32 %cols0_read, float %param_read, i32* %p_src_rows_V_c, i32* %p_src_cols_V_c, float* %param_c)"   --->   Operation 33 'call' <Predicate = true> <Delay = 2.26> <CoreType = "Generic">   --->   Core 0 '' <Latency = 0> <II = 1> <Delay = 1.00> <Generic> <Opcode : >

State 2 <SV = 1> <Delay = 0.00>
ST_2 : Operation 34 [2/2] (0.00ns)   --->   "call fastcc void @AXIvideo2Mat(i8* %src_axis_V_data_V, i1* %src_axis_V_keep_V, i1* %src_axis_V_strb_V, i1* %src_axis_V_user_V, i1* %src_axis_V_last_V, i1* %src_axis_V_id_V, i1* %src_axis_V_dest_V, i32* nocapture %p_src_rows_V_c, i32* nocapture %p_src_cols_V_c, i8* %p_src_data_stream_0_s, i32* %p_src_rows_V_c31, i32* %p_src_cols_V_c32)" [image_core.cpp:28]   --->   Operation 34 'call' <Predicate = true> <Delay = 0.00> <CoreType = "Generic">   --->   Core 0 '' <Latency = 0> <II = 1> <Delay = 1.00> <Generic> <Opcode : >

State 3 <SV = 2> <Delay = 0.00>
ST_3 : Operation 35 [1/2] (0.00ns)   --->   "call fastcc void @AXIvideo2Mat(i8* %src_axis_V_data_V, i1* %src_axis_V_keep_V, i1* %src_axis_V_strb_V, i1* %src_axis_V_user_V, i1* %src_axis_V_last_V, i1* %src_axis_V_id_V, i1* %src_axis_V_dest_V, i32* nocapture %p_src_rows_V_c, i32* nocapture %p_src_cols_V_c, i8* %p_src_data_stream_0_s, i32* %p_src_rows_V_c31, i32* %p_src_cols_V_c32)" [image_core.cpp:28]   --->   Operation 35 'call' <Predicate = true> <Delay = 0.00> <CoreType = "Generic">   --->   Core 0 '' <Latency = 0> <II = 1> <Delay = 1.00> <Generic> <Opcode : >

State 4 <SV = 3> <Delay = 0.00>
ST_4 : Operation 36 [2/2] (0.00ns)   --->   "call fastcc void @Mat2Array2D(i32* %p_src_rows_V_c31, i32* %p_src_cols_V_c32, i8* %p_src_data_stream_0_s, [65536 x i8]* %src_val, i32* %src_rows_c, i32* %src_cols_c)" [image_core.cpp:29]   --->   Operation 36 'call' <Predicate = true> <Delay = 0.00> <CoreType = "Generic">   --->   Core 0 '' <Latency = 0> <II = 1> <Delay = 1.00> <Generic> <Opcode : >

State 5 <SV = 4> <Delay = 0.00>
ST_5 : Operation 37 [1/2] (0.00ns)   --->   "call fastcc void @Mat2Array2D(i32* %p_src_rows_V_c31, i32* %p_src_cols_V_c32, i8* %p_src_data_stream_0_s, [65536 x i8]* %src_val, i32* %src_rows_c, i32* %src_cols_c)" [image_core.cpp:29]   --->   Operation 37 'call' <Predicate = true> <Delay = 0.00> <CoreType = "Generic">   --->   Core 0 '' <Latency = 0> <II = 1> <Delay = 1.00> <Generic> <Opcode : >

State 6 <SV = 5> <Delay = 0.00>
ST_6 : Operation 38 [2/2] (0.00ns)   --->   "call fastcc void @Rotate([65536 x i8]* %src_val, i32* %src_rows_c, i32* %src_cols_c, [65536 x i8]* %dst_val, float* %param_c, i17* %dst_rows_c, i17* %dst_rows_c33, i17* %dst_cols_c, i17* %dst_cols_c34)" [image_core.cpp:30]   --->   Operation 38 'call' <Predicate = true> <Delay = 0.00> <CoreType = "Generic">   --->   Core 0 '' <Latency = 0> <II = 1> <Delay = 1.00> <Generic> <Opcode : >

State 7 <SV = 6> <Delay = 0.00>
ST_7 : Operation 39 [1/2] (0.00ns)   --->   "call fastcc void @Rotate([65536 x i8]* %src_val, i32* %src_rows_c, i32* %src_cols_c, [65536 x i8]* %dst_val, float* %param_c, i17* %dst_rows_c, i17* %dst_rows_c33, i17* %dst_cols_c, i17* %dst_cols_c34)" [image_core.cpp:30]   --->   Operation 39 'call' <Predicate = true> <Delay = 0.00> <CoreType = "Generic">   --->   Core 0 '' <Latency = 0> <II = 1> <Delay = 1.00> <Generic> <Opcode : >

State 8 <SV = 7> <Delay = 0.00>
ST_8 : Operation 40 [2/2] (0.00ns)   --->   "call fastcc void @Array2D2Mat([65536 x i8]* %dst_val, i17* %dst_rows_c33, i17* %dst_cols_c34, i8* %p_dst_data_stream_0_s, i17* %p_dst_rows_V_c, i17* %p_dst_cols_V_c)" [image_core.cpp:33]   --->   Operation 40 'call' <Predicate = true> <Delay = 0.00> <CoreType = "Generic">   --->   Core 0 '' <Latency = 0> <II = 1> <Delay = 1.00> <Generic> <Opcode : >

State 9 <SV = 8> <Delay = 0.00>
ST_9 : Operation 41 [1/2] (0.00ns)   --->   "call fastcc void @Array2D2Mat([65536 x i8]* %dst_val, i17* %dst_rows_c33, i17* %dst_cols_c34, i8* %p_dst_data_stream_0_s, i17* %p_dst_rows_V_c, i17* %p_dst_cols_V_c)" [image_core.cpp:33]   --->   Operation 41 'call' <Predicate = true> <Delay = 0.00> <CoreType = "Generic">   --->   Core 0 '' <Latency = 0> <II = 1> <Delay = 1.00> <Generic> <Opcode : >

State 10 <SV = 9> <Delay = 0.00>
ST_10 : Operation 42 [2/2] (0.00ns)   --->   "call fastcc void @Mat2AXIvideo(i17* nocapture %p_dst_rows_V_c, i17* nocapture %p_dst_cols_V_c, i8* %p_dst_data_stream_0_s, i8* %dst_axis_V_data_V, i1* %dst_axis_V_keep_V, i1* %dst_axis_V_strb_V, i1* %dst_axis_V_user_V, i1* %dst_axis_V_last_V, i1* %dst_axis_V_id_V, i1* %dst_axis_V_dest_V)" [image_core.cpp:34]   --->   Operation 42 'call' <Predicate = true> <Delay = 0.00> <CoreType = "Generic">   --->   Core 0 '' <Latency = 0> <II = 1> <Delay = 1.00> <Generic> <Opcode : >

State 11 <SV = 10> <Delay = 0.00>
ST_11 : Operation 43 [1/2] (0.00ns)   --->   "call fastcc void @Mat2AXIvideo(i17* nocapture %p_dst_rows_V_c, i17* nocapture %p_dst_cols_V_c, i8* %p_dst_data_stream_0_s, i8* %dst_axis_V_data_V, i1* %dst_axis_V_keep_V, i1* %dst_axis_V_strb_V, i1* %dst_axis_V_user_V, i1* %dst_axis_V_last_V, i1* %dst_axis_V_id_V, i1* %dst_axis_V_dest_V)" [image_core.cpp:34]   --->   Operation 43 'call' <Predicate = true> <Delay = 0.00> <CoreType = "Generic">   --->   Core 0 '' <Latency = 0> <II = 1> <Delay = 1.00> <Generic> <Opcode : >

State 12 <SV = 11> <Delay = 0.00>
ST_12 : Operation 44 [1/1] (0.00ns)   --->   "call void (...)* @_ssdm_op_SpecDataflowPipeline(i32 -1, [1 x i8]* @p_str) nounwind" [image_core.cpp:13]   --->   Operation 44 'specdataflowpipeline' <Predicate = true> <Delay = 0.00>
ST_12 : Operation 45 [1/1] (0.00ns)   --->   "call void (...)* @_ssdm_op_SpecBitsMap(i8* %src_axis_V_data_V), !map !215"   --->   Operation 45 'specbitsmap' <Predicate = true> <Delay = 0.00>
ST_12 : Operation 46 [1/1] (0.00ns)   --->   "call void (...)* @_ssdm_op_SpecBitsMap(i1* %src_axis_V_keep_V), !map !221"   --->   Operation 46 'specbitsmap' <Predicate = true> <Delay = 0.00>
ST_12 : Operation 47 [1/1] (0.00ns)   --->   "call void (...)* @_ssdm_op_SpecBitsMap(i1* %src_axis_V_strb_V), !map !225"   --->   Operation 47 'specbitsmap' <Predicate = true> <Delay = 0.00>
ST_12 : Operation 48 [1/1] (0.00ns)   --->   "call void (...)* @_ssdm_op_SpecBitsMap(i1* %src_axis_V_user_V), !map !229"   --->   Operation 48 'specbitsmap' <Predicate = true> <Delay = 0.00>
ST_12 : Operation 49 [1/1] (0.00ns)   --->   "call void (...)* @_ssdm_op_SpecBitsMap(i1* %src_axis_V_last_V), !map !233"   --->   Operation 49 'specbitsmap' <Predicate = true> <Delay = 0.00>
ST_12 : Operation 50 [1/1] (0.00ns)   --->   "call void (...)* @_ssdm_op_SpecBitsMap(i1* %src_axis_V_id_V), !map !237"   --->   Operation 50 'specbitsmap' <Predicate = true> <Delay = 0.00>
ST_12 : Operation 51 [1/1] (0.00ns)   --->   "call void (...)* @_ssdm_op_SpecBitsMap(i1* %src_axis_V_dest_V), !map !241"   --->   Operation 51 'specbitsmap' <Predicate = true> <Delay = 0.00>
ST_12 : Operation 52 [1/1] (0.00ns)   --->   "call void (...)* @_ssdm_op_SpecBitsMap(i8* %dst_axis_V_data_V), !map !245"   --->   Operation 52 'specbitsmap' <Predicate = true> <Delay = 0.00>
ST_12 : Operation 53 [1/1] (0.00ns)   --->   "call void (...)* @_ssdm_op_SpecBitsMap(i1* %dst_axis_V_keep_V), !map !249"   --->   Operation 53 'specbitsmap' <Predicate = true> <Delay = 0.00>
ST_12 : Operation 54 [1/1] (0.00ns)   --->   "call void (...)* @_ssdm_op_SpecBitsMap(i1* %dst_axis_V_strb_V), !map !253"   --->   Operation 54 'specbitsmap' <Predicate = true> <Delay = 0.00>
ST_12 : Operation 55 [1/1] (0.00ns)   --->   "call void (...)* @_ssdm_op_SpecBitsMap(i1* %dst_axis_V_user_V), !map !257"   --->   Operation 55 'specbitsmap' <Predicate = true> <Delay = 0.00>
ST_12 : Operation 56 [1/1] (0.00ns)   --->   "call void (...)* @_ssdm_op_SpecBitsMap(i1* %dst_axis_V_last_V), !map !261"   --->   Operation 56 'specbitsmap' <Predicate = true> <Delay = 0.00>
ST_12 : Operation 57 [1/1] (0.00ns)   --->   "call void (...)* @_ssdm_op_SpecBitsMap(i1* %dst_axis_V_id_V), !map !265"   --->   Operation 57 'specbitsmap' <Predicate = true> <Delay = 0.00>
ST_12 : Operation 58 [1/1] (0.00ns)   --->   "call void (...)* @_ssdm_op_SpecBitsMap(i1* %dst_axis_V_dest_V), !map !269"   --->   Operation 58 'specbitsmap' <Predicate = true> <Delay = 0.00>
ST_12 : Operation 59 [1/1] (0.00ns)   --->   "call void (...)* @_ssdm_op_SpecBitsMap(i32 %rows0), !map !273"   --->   Operation 59 'specbitsmap' <Predicate = true> <Delay = 0.00>
ST_12 : Operation 60 [1/1] (0.00ns)   --->   "call void (...)* @_ssdm_op_SpecBitsMap(i32 %cols0), !map !279"   --->   Operation 60 'specbitsmap' <Predicate = true> <Delay = 0.00>
ST_12 : Operation 61 [1/1] (0.00ns)   --->   "call void (...)* @_ssdm_op_SpecBitsMap(float %param), !map !283"   --->   Operation 61 'specbitsmap' <Predicate = true> <Delay = 0.00>
ST_12 : Operation 62 [1/1] (0.00ns)   --->   "call void (...)* @_ssdm_op_SpecBitsMap(i32* %rows1), !map !287"   --->   Operation 62 'specbitsmap' <Predicate = true> <Delay = 0.00>
ST_12 : Operation 63 [1/1] (0.00ns)   --->   "call void (...)* @_ssdm_op_SpecBitsMap(i32* %cols1), !map !291"   --->   Operation 63 'specbitsmap' <Predicate = true> <Delay = 0.00>
ST_12 : Operation 64 [1/1] (0.00ns)   --->   "call void (...)* @_ssdm_op_SpecTopModule([12 x i8]* @Rotate_Core_str) nounwind"   --->   Operation 64 'spectopmodule' <Predicate = true> <Delay = 0.00>
ST_12 : Operation 65 [1/1] (0.00ns)   --->   "%empty = call i32 (...)* @_ssdm_op_SpecChannel([22 x i8]* @p_src_OC_data_stream_s, i32 1, [1 x i8]* @p_str, [1 x i8]* @p_str, i32 2, i32 2, i8* %p_src_data_stream_0_s, i8* %p_src_data_stream_0_s)"   --->   Operation 65 'specchannel' 'empty' <Predicate = true> <Delay = 0.00>
ST_12 : Operation 66 [1/1] (0.00ns)   --->   "call void (...)* @_ssdm_op_SpecInterface(i8* %p_src_data_stream_0_s, [8 x i8]* @ap_fifo_str, i32 0, i32 0, [1 x i8]* @p_str, i32 0, i32 0, [1 x i8]* @p_str, [1 x i8]* @p_str, [1 x i8]* @p_str, i32 2, i32 2, i32 16, i32 16, [1 x i8]* @p_str, [1 x i8]* @p_str)"   --->   Operation 66 'specinterface' <Predicate = true> <Delay = 0.00>
ST_12 : Operation 67 [1/1] (0.00ns)   --->   "%empty_123 = call i32 (...)* @_ssdm_op_SpecChannel([22 x i8]* @p_dst_OC_data_stream_s, i32 1, [1 x i8]* @p_str, [1 x i8]* @p_str, i32 2, i32 2, i8* %p_dst_data_stream_0_s, i8* %p_dst_data_stream_0_s)"   --->   Operation 67 'specchannel' 'empty_123' <Predicate = true> <Delay = 0.00>
ST_12 : Operation 68 [1/1] (0.00ns)   --->   "call void (...)* @_ssdm_op_SpecInterface(i8* %p_dst_data_stream_0_s, [8 x i8]* @ap_fifo_str, i32 0, i32 0, [1 x i8]* @p_str, i32 0, i32 0, [1 x i8]* @p_str, [1 x i8]* @p_str, [1 x i8]* @p_str, i32 2, i32 2, i32 16, i32 16, [1 x i8]* @p_str, [1 x i8]* @p_str)"   --->   Operation 68 'specinterface' <Predicate = true> <Delay = 0.00>
ST_12 : Operation 69 [1/1] (0.00ns)   --->   "call void (...)* @_ssdm_op_SpecInterface(i8* %src_axis_V_data_V, i1* %src_axis_V_keep_V, i1* %src_axis_V_strb_V, i1* %src_axis_V_user_V, i1* %src_axis_V_last_V, i1* %src_axis_V_id_V, i1* %src_axis_V_dest_V, [5 x i8]* @p_str2, i32 1, i32 1, [5 x i8]* @p_str3, i32 0, i32 0, [1 x i8]* @p_str, [1 x i8]* @p_str, [1 x i8]* @p_str, i32 0, i32 0, i32 0, i32 0, [1 x i8]* @p_str, [1 x i8]* @p_str) nounwind" [image_core.cpp:14]   --->   Operation 69 'specinterface' <Predicate = true> <Delay = 0.00>
ST_12 : Operation 70 [1/1] (0.00ns)   --->   "call void (...)* @_ssdm_op_SpecInterface(i8* %dst_axis_V_data_V, i1* %dst_axis_V_keep_V, i1* %dst_axis_V_strb_V, i1* %dst_axis_V_user_V, i1* %dst_axis_V_last_V, i1* %dst_axis_V_id_V, i1* %dst_axis_V_dest_V, [5 x i8]* @p_str2, i32 1, i32 1, [5 x i8]* @p_str3, i32 0, i32 0, [1 x i8]* @p_str, [1 x i8]* @p_str, [1 x i8]* @p_str, i32 0, i32 0, i32 0, i32 0, [1 x i8]* @p_str, [1 x i8]* @p_str) nounwind" [image_core.cpp:15]   --->   Operation 70 'specinterface' <Predicate = true> <Delay = 0.00>
ST_12 : Operation 71 [1/1] (0.00ns)   --->   "call void (...)* @_ssdm_op_SpecInterface(i32 %rows0, [10 x i8]* @p_str4, i32 0, i32 0, [1 x i8]* @p_str, i32 0, i32 0, [5 x i8]* @p_str5, [1 x i8]* @p_str, [1 x i8]* @p_str, i32 0, i32 0, i32 0, i32 0, [1 x i8]* @p_str, [1 x i8]* @p_str) nounwind" [image_core.cpp:16]   --->   Operation 71 'specinterface' <Predicate = true> <Delay = 0.00>
ST_12 : Operation 72 [1/1] (0.00ns)   --->   "call void (...)* @_ssdm_op_SpecInterface(i32 %cols0, [10 x i8]* @p_str4, i32 0, i32 0, [1 x i8]* @p_str, i32 0, i32 0, [5 x i8]* @p_str5, [1 x i8]* @p_str, [1 x i8]* @p_str, i32 0, i32 0, i32 0, i32 0, [1 x i8]* @p_str, [1 x i8]* @p_str) nounwind" [image_core.cpp:17]   --->   Operation 72 'specinterface' <Predicate = true> <Delay = 0.00>
ST_12 : Operation 73 [1/1] (0.00ns)   --->   "call void (...)* @_ssdm_op_SpecInterface(float %param, [10 x i8]* @p_str4, i32 0, i32 0, [1 x i8]* @p_str, i32 0, i32 0, [5 x i8]* @p_str5, [1 x i8]* @p_str, [1 x i8]* @p_str, i32 0, i32 0, i32 0, i32 0, [1 x i8]* @p_str, [1 x i8]* @p_str) nounwind" [image_core.cpp:18]   --->   Operation 73 'specinterface' <Predicate = true> <Delay = 0.00>
ST_12 : Operation 74 [1/1] (0.00ns)   --->   "call void (...)* @_ssdm_op_SpecInterface(i32* %rows1, [10 x i8]* @p_str4, i32 0, i32 0, [1 x i8]* @p_str, i32 0, i32 0, [5 x i8]* @p_str5, [1 x i8]* @p_str, [1 x i8]* @p_str, i32 0, i32 0, i32 0, i32 0, [1 x i8]* @p_str, [1 x i8]* @p_str) nounwind" [image_core.cpp:19]   --->   Operation 74 'specinterface' <Predicate = true> <Delay = 0.00>
ST_12 : Operation 75 [1/1] (0.00ns)   --->   "call void (...)* @_ssdm_op_SpecInterface(i32* %cols1, [10 x i8]* @p_str4, i32 0, i32 0, [1 x i8]* @p_str, i32 0, i32 0, [5 x i8]* @p_str5, [1 x i8]* @p_str, [1 x i8]* @p_str, i32 0, i32 0, i32 0, i32 0, [1 x i8]* @p_str, [1 x i8]* @p_str) nounwind" [image_core.cpp:20]   --->   Operation 75 'specinterface' <Predicate = true> <Delay = 0.00>
ST_12 : Operation 76 [1/1] (0.00ns)   --->   "call void (...)* @_ssdm_op_SpecInterface(i32 0, [10 x i8]* @p_str4, i32 0, i32 0, [1 x i8]* @p_str, i32 0, i32 0, [5 x i8]* @p_str5, [1 x i8]* @p_str, [1 x i8]* @p_str, i32 0, i32 0, i32 0, i32 0, [1 x i8]* @p_str, [1 x i8]* @p_str) nounwind" [image_core.cpp:21]   --->   Operation 76 'specinterface' <Predicate = true> <Delay = 0.00>
ST_12 : Operation 77 [1/1] (0.00ns)   --->   "%empty_124 = call i32 (...)* @_ssdm_op_SpecChannel([14 x i8]* @p_src_OC_rows_OC_V_c_s, i32 1, [1 x i8]* @p_str, [1 x i8]* @p_str, i32 2, i32 0, i32* %p_src_rows_V_c, i32* %p_src_rows_V_c)"   --->   Operation 77 'specchannel' 'empty_124' <Predicate = true> <Delay = 0.00>
ST_12 : Operation 78 [1/1] (0.00ns)   --->   "call void (...)* @_ssdm_op_SpecInterface(i32* %p_src_rows_V_c, [8 x i8]* @ap_fifo_str, i32 0, i32 0, [1 x i8]* @p_str, i32 0, i32 0, [1 x i8]* @p_str, [1 x i8]* @p_str, [1 x i8]* @p_str, i32 2, i32 2, i32 16, i32 16, [1 x i8]* @p_str, [1 x i8]* @p_str)"   --->   Operation 78 'specinterface' <Predicate = true> <Delay = 0.00>
ST_12 : Operation 79 [1/1] (0.00ns)   --->   "%empty_125 = call i32 (...)* @_ssdm_op_SpecChannel([14 x i8]* @p_src_OC_cols_OC_V_c_s, i32 1, [1 x i8]* @p_str, [1 x i8]* @p_str, i32 2, i32 0, i32* %p_src_cols_V_c, i32* %p_src_cols_V_c)"   --->   Operation 79 'specchannel' 'empty_125' <Predicate = true> <Delay = 0.00>
ST_12 : Operation 80 [1/1] (0.00ns)   --->   "call void (...)* @_ssdm_op_SpecInterface(i32* %p_src_cols_V_c, [8 x i8]* @ap_fifo_str, i32 0, i32 0, [1 x i8]* @p_str, i32 0, i32 0, [1 x i8]* @p_str, [1 x i8]* @p_str, [1 x i8]* @p_str, i32 2, i32 2, i32 16, i32 16, [1 x i8]* @p_str, [1 x i8]* @p_str)"   --->   Operation 80 'specinterface' <Predicate = true> <Delay = 0.00>
ST_12 : Operation 81 [1/1] (0.00ns)   --->   "%empty_126 = call i32 (...)* @_ssdm_op_SpecChannel([8 x i8]* @param_c_str, i32 1, [1 x i8]* @p_str, [1 x i8]* @p_str, i32 4, i32 0, float* %param_c, float* %param_c)"   --->   Operation 81 'specchannel' 'empty_126' <Predicate = true> <Delay = 0.00>
ST_12 : Operation 82 [1/1] (0.00ns)   --->   "call void (...)* @_ssdm_op_SpecInterface(float* %param_c, [8 x i8]* @ap_fifo_str, i32 0, i32 0, [1 x i8]* @p_str, i32 0, i32 0, [1 x i8]* @p_str, [1 x i8]* @p_str, [1 x i8]* @p_str, i32 2, i32 2, i32 16, i32 16, [1 x i8]* @p_str, [1 x i8]* @p_str)"   --->   Operation 82 'specinterface' <Predicate = true> <Delay = 0.00>
ST_12 : Operation 83 [1/1] (0.00ns)   --->   "%empty_127 = call i32 (...)* @_ssdm_op_SpecChannel([16 x i8]* @p_src_OC_rows_OC_V_c3, i32 1, [1 x i8]* @p_str, [1 x i8]* @p_str, i32 2, i32 0, i32* %p_src_rows_V_c31, i32* %p_src_rows_V_c31)"   --->   Operation 83 'specchannel' 'empty_127' <Predicate = true> <Delay = 0.00>
ST_12 : Operation 84 [1/1] (0.00ns)   --->   "call void (...)* @_ssdm_op_SpecInterface(i32* %p_src_rows_V_c31, [8 x i8]* @ap_fifo_str, i32 0, i32 0, [1 x i8]* @p_str, i32 0, i32 0, [1 x i8]* @p_str, [1 x i8]* @p_str, [1 x i8]* @p_str, i32 2, i32 2, i32 16, i32 16, [1 x i8]* @p_str, [1 x i8]* @p_str)"   --->   Operation 84 'specinterface' <Predicate = true> <Delay = 0.00>
ST_12 : Operation 85 [1/1] (0.00ns)   --->   "%empty_128 = call i32 (...)* @_ssdm_op_SpecChannel([16 x i8]* @p_src_OC_cols_OC_V_c3, i32 1, [1 x i8]* @p_str, [1 x i8]* @p_str, i32 2, i32 0, i32* %p_src_cols_V_c32, i32* %p_src_cols_V_c32)"   --->   Operation 85 'specchannel' 'empty_128' <Predicate = true> <Delay = 0.00>
ST_12 : Operation 86 [1/1] (0.00ns)   --->   "call void (...)* @_ssdm_op_SpecInterface(i32* %p_src_cols_V_c32, [8 x i8]* @ap_fifo_str, i32 0, i32 0, [1 x i8]* @p_str, i32 0, i32 0, [1 x i8]* @p_str, [1 x i8]* @p_str, [1 x i8]* @p_str, i32 2, i32 2, i32 16, i32 16, [1 x i8]* @p_str, [1 x i8]* @p_str)"   --->   Operation 86 'specinterface' <Predicate = true> <Delay = 0.00>
ST_12 : Operation 87 [1/1] (0.00ns)   --->   "%empty_129 = call i32 (...)* @_ssdm_op_SpecChannel([11 x i8]* @src_OC_rows_c_str, i32 1, [1 x i8]* @p_str, [1 x i8]* @p_str, i32 2, i32 0, i32* %src_rows_c, i32* %src_rows_c)"   --->   Operation 87 'specchannel' 'empty_129' <Predicate = true> <Delay = 0.00>
ST_12 : Operation 88 [1/1] (0.00ns)   --->   "call void (...)* @_ssdm_op_SpecInterface(i32* %src_rows_c, [8 x i8]* @ap_fifo_str, i32 0, i32 0, [1 x i8]* @p_str, i32 0, i32 0, [1 x i8]* @p_str, [1 x i8]* @p_str, [1 x i8]* @p_str, i32 2, i32 2, i32 16, i32 16, [1 x i8]* @p_str, [1 x i8]* @p_str)"   --->   Operation 88 'specinterface' <Predicate = true> <Delay = 0.00>
ST_12 : Operation 89 [1/1] (0.00ns)   --->   "%empty_130 = call i32 (...)* @_ssdm_op_SpecChannel([11 x i8]* @src_OC_cols_c_str, i32 1, [1 x i8]* @p_str, [1 x i8]* @p_str, i32 2, i32 0, i32* %src_cols_c, i32* %src_cols_c)"   --->   Operation 89 'specchannel' 'empty_130' <Predicate = true> <Delay = 0.00>
ST_12 : Operation 90 [1/1] (0.00ns)   --->   "call void (...)* @_ssdm_op_SpecInterface(i32* %src_cols_c, [8 x i8]* @ap_fifo_str, i32 0, i32 0, [1 x i8]* @p_str, i32 0, i32 0, [1 x i8]* @p_str, [1 x i8]* @p_str, [1 x i8]* @p_str, i32 2, i32 2, i32 16, i32 16, [1 x i8]* @p_str, [1 x i8]* @p_str)"   --->   Operation 90 'specinterface' <Predicate = true> <Delay = 0.00>
ST_12 : Operation 91 [1/1] (0.00ns)   --->   "%empty_131 = call i32 (...)* @_ssdm_op_SpecChannel([11 x i8]* @dst_OC_rows_c_str, i32 1, [1 x i8]* @p_str, [1 x i8]* @p_str, i32 2, i32 0, i17* %dst_rows_c, i17* %dst_rows_c)"   --->   Operation 91 'specchannel' 'empty_131' <Predicate = true> <Delay = 0.00>
ST_12 : Operation 92 [1/1] (0.00ns)   --->   "call void (...)* @_ssdm_op_SpecInterface(i17* %dst_rows_c, [8 x i8]* @ap_fifo_str, i32 0, i32 0, [1 x i8]* @p_str, i32 0, i32 0, [1 x i8]* @p_str, [1 x i8]* @p_str, [1 x i8]* @p_str, i32 2, i32 2, i32 16, i32 16, [1 x i8]* @p_str, [1 x i8]* @p_str)"   --->   Operation 92 'specinterface' <Predicate = true> <Delay = 0.00>
ST_12 : Operation 93 [1/1] (0.00ns)   --->   "%empty_132 = call i32 (...)* @_ssdm_op_SpecChannel([13 x i8]* @dst_OC_rows_c33_str, i32 1, [1 x i8]* @p_str, [1 x i8]* @p_str, i32 2, i32 0, i17* %dst_rows_c33, i17* %dst_rows_c33)"   --->   Operation 93 'specchannel' 'empty_132' <Predicate = true> <Delay = 0.00>
ST_12 : Operation 94 [1/1] (0.00ns)   --->   "call void (...)* @_ssdm_op_SpecInterface(i17* %dst_rows_c33, [8 x i8]* @ap_fifo_str, i32 0, i32 0, [1 x i8]* @p_str, i32 0, i32 0, [1 x i8]* @p_str, [1 x i8]* @p_str, [1 x i8]* @p_str, i32 2, i32 2, i32 16, i32 16, [1 x i8]* @p_str, [1 x i8]* @p_str)"   --->   Operation 94 'specinterface' <Predicate = true> <Delay = 0.00>
ST_12 : Operation 95 [1/1] (0.00ns)   --->   "%empty_133 = call i32 (...)* @_ssdm_op_SpecChannel([11 x i8]* @dst_OC_cols_c_str, i32 1, [1 x i8]* @p_str, [1 x i8]* @p_str, i32 2, i32 0, i17* %dst_cols_c, i17* %dst_cols_c)"   --->   Operation 95 'specchannel' 'empty_133' <Predicate = true> <Delay = 0.00>
ST_12 : Operation 96 [1/1] (0.00ns)   --->   "call void (...)* @_ssdm_op_SpecInterface(i17* %dst_cols_c, [8 x i8]* @ap_fifo_str, i32 0, i32 0, [1 x i8]* @p_str, i32 0, i32 0, [1 x i8]* @p_str, [1 x i8]* @p_str, [1 x i8]* @p_str, i32 2, i32 2, i32 16, i32 16, [1 x i8]* @p_str, [1 x i8]* @p_str)"   --->   Operation 96 'specinterface' <Predicate = true> <Delay = 0.00>
ST_12 : Operation 97 [1/1] (0.00ns)   --->   "%empty_134 = call i32 (...)* @_ssdm_op_SpecChannel([13 x i8]* @dst_OC_cols_c34_str, i32 1, [1 x i8]* @p_str, [1 x i8]* @p_str, i32 2, i32 0, i17* %dst_cols_c34, i17* %dst_cols_c34)"   --->   Operation 97 'specchannel' 'empty_134' <Predicate = true> <Delay = 0.00>
ST_12 : Operation 98 [1/1] (0.00ns)   --->   "call void (...)* @_ssdm_op_SpecInterface(i17* %dst_cols_c34, [8 x i8]* @ap_fifo_str, i32 0, i32 0, [1 x i8]* @p_str, i32 0, i32 0, [1 x i8]* @p_str, [1 x i8]* @p_str, [1 x i8]* @p_str, i32 2, i32 2, i32 16, i32 16, [1 x i8]* @p_str, [1 x i8]* @p_str)"   --->   Operation 98 'specinterface' <Predicate = true> <Delay = 0.00>
ST_12 : Operation 99 [1/1] (0.00ns)   --->   "call fastcc void @Block_Mat.exit1117_p(i17* nocapture %dst_rows_c, i32* %rows1)"   --->   Operation 99 'call' <Predicate = true> <Delay = 0.00> <CoreType = "Generic">   --->   Core 0 '' <Latency = 0> <II = 1> <Delay = 1.00> <Generic> <Opcode : >
ST_12 : Operation 100 [1/1] (0.00ns)   --->   "call fastcc void @Block_Mat.exit1120_p(i17* nocapture %dst_cols_c, i32* %cols1)"   --->   Operation 100 'call' <Predicate = true> <Delay = 0.00> <CoreType = "Generic">   --->   Core 0 '' <Latency = 0> <II = 1> <Delay = 1.00> <Generic> <Opcode : >
ST_12 : Operation 101 [1/1] (0.00ns)   --->   "%empty_135 = call i32 (...)* @_ssdm_op_SpecChannel([14 x i8]* @p_dst_OC_rows_OC_V_c_s, i32 1, [1 x i8]* @p_str, [1 x i8]* @p_str, i32 2, i32 0, i17* %p_dst_rows_V_c, i17* %p_dst_rows_V_c)"   --->   Operation 101 'specchannel' 'empty_135' <Predicate = true> <Delay = 0.00>
ST_12 : Operation 102 [1/1] (0.00ns)   --->   "call void (...)* @_ssdm_op_SpecInterface(i17* %p_dst_rows_V_c, [8 x i8]* @ap_fifo_str, i32 0, i32 0, [1 x i8]* @p_str, i32 0, i32 0, [1 x i8]* @p_str, [1 x i8]* @p_str, [1 x i8]* @p_str, i32 2, i32 2, i32 16, i32 16, [1 x i8]* @p_str, [1 x i8]* @p_str)"   --->   Operation 102 'specinterface' <Predicate = true> <Delay = 0.00>
ST_12 : Operation 103 [1/1] (0.00ns)   --->   "%empty_136 = call i32 (...)* @_ssdm_op_SpecChannel([14 x i8]* @p_dst_OC_cols_OC_V_c_s, i32 1, [1 x i8]* @p_str, [1 x i8]* @p_str, i32 2, i32 0, i17* %p_dst_cols_V_c, i17* %p_dst_cols_V_c)"   --->   Operation 103 'specchannel' 'empty_136' <Predicate = true> <Delay = 0.00>
ST_12 : Operation 104 [1/1] (0.00ns)   --->   "call void (...)* @_ssdm_op_SpecInterface(i17* %p_dst_cols_V_c, [8 x i8]* @ap_fifo_str, i32 0, i32 0, [1 x i8]* @p_str, i32 0, i32 0, [1 x i8]* @p_str, [1 x i8]* @p_str, [1 x i8]* @p_str, i32 2, i32 2, i32 16, i32 16, [1 x i8]* @p_str, [1 x i8]* @p_str)"   --->   Operation 104 'specinterface' <Predicate = true> <Delay = 0.00>
ST_12 : Operation 105 [1/1] (0.00ns)   --->   "ret void" [image_core.cpp:35]   --->   Operation 105 'ret' <Predicate = true> <Delay = 0.00>


============================================================
+ Verbose Summary: Timing violations
============================================================
Target clock period: 10ns, clock uncertainty: 1.25ns.

 <State 1>: 3.26ns
The critical path consists of the following:
	s_axi read on port 'param' [24]  (1 ns)
	'call' operation to 'Block_Mat.exit11_pro' [83]  (2.26 ns)

 <State 2>: 0ns
The critical path consists of the following:

 <State 3>: 0ns
The critical path consists of the following:

 <State 4>: 0ns
The critical path consists of the following:

 <State 5>: 0ns
The critical path consists of the following:

 <State 6>: 0ns
The critical path consists of the following:

 <State 7>: 0ns
The critical path consists of the following:

 <State 8>: 0ns
The critical path consists of the following:

 <State 9>: 0ns
The critical path consists of the following:

 <State 10>: 0ns
The critical path consists of the following:

 <State 11>: 0ns
The critical path consists of the following:

 <State 12>: 0ns
The critical path consists of the following:


============================================================
+ Verbose Summary: Binding
============================================================
N/A
* FSMD analyzer results:
  - Output states:
 - Input state : 
  - Chain level:
	State 1
	State 2
	State 3
	State 4
	State 5
	State 6
	State 7
	State 8
	State 9
	State 10
	State 11
	State 12


============================================================
+ Verbose Summary: Datapath Resource usage 
============================================================
N/A
