

================================================================
== Vivado HLS Report for 'sin_or_cos_float_s'
================================================================
* Date:           Wed Dec  5 15:35:17 2018

* Version:        2018.2 (Build 2258646 on Thu Jun 14 20:25:20 MDT 2018)
* Project:        Rotate
* Solution:       solution1
* Product family: virtex7
* Target device:  xc7vx690tffg1761-3


================================================================
== Performance Estimates
================================================================
+ Timing (ns): 
    * Summary: 
    +--------+-------+----------+------------+
    |  Clock | Target| Estimated| Uncertainty|
    +--------+-------+----------+------------+
    |ap_clk  |  10.00|     8.394|        1.25|
    +--------+-------+----------+------------+

+ Latency (clock cycles): 
    * Summary: 
    +-----+-----+-----+-----+---------+
    |  Latency  |  Interval | Pipeline|
    | min | max | min | max |   Type  |
    +-----+-----+-----+-----+---------+
    |   16|   20|   16|   20|   none  |
    +-----+-----+-----+-----+---------+

    + Detail: 
        * Instance: 
        N/A

        * Loop: 
        N/A

============================================================
+ Verbose Summary: Synthesis Manager
============================================================
InlineROM: 1
ExposeGlobal: 0
============================================================
+ Verbose Summary: CDFG Model
============================================================
IsTopModel: 0
ResetActiveHigh: 1
IsCombinational: 0
IsDatapathOnly: 0
HasWiredReturn: 1
HasMFsm: 0
HasVarLatency: 1
IsPipeline: 0
IsRtlPipelined: 0
IsInstanceOverlapped: 0
IsDontTouch: 0
HasImplIP: 0
IsGatedGlobalClock: 0


============================================================
+ Verbose Summary: Schedule
============================================================
* Number of FSM states : 9
* Pipeline : 0
* Dataflow Pipeline: 0

* FSM state transitions: 
1 --> 
	2  / true
2 --> 
	3  / true
3 --> 
	4  / true
4 --> 
	5  / true
5 --> 
	6  / true
6 --> 
	7  / true
7 --> 
	8  / true
8 --> 
	9  / true
9 --> 

* FSM state operations: 

State 1 <SV = 0> <Delay = 3.63>
ST_1 : Operation 10 [1/1] (0.00ns)   --->   "%t_in_read = call float @_ssdm_op_Read.ap_auto.float(float %t_in) nounwind"   --->   Operation 10 'read' 't_in_read' <Predicate = true> <Delay = 0.00>
ST_1 : Operation 11 [1/1] (0.00ns)   --->   "%p_Val2_s = bitcast float %t_in_read to i32" [r:/builds/2018.2/continuous/2018_06_14_2258646/src/products/hls/src/technology/autopilot/header_files\utils/x_hls_utils.h:273->r:/builds/2018.2/continuous/2018_06_14_2258646/src/products/hls/src/technology/autopilot/header_files\utils/x_hls_utils.h:282->r:/builds/2018.2/continuous/2018_06_14_2258646/src/products/hls/hls_lib/hlsmath/include/FloatingPoint\hls_hotbm.h:249]   --->   Operation 11 'bitcast' 'p_Val2_s' <Predicate = true> <Delay = 0.00>
ST_1 : Operation 12 [1/1] (0.00ns)   --->   "%p_Result_19 = call i1 @_ssdm_op_BitSelect.i1.i32.i32(i32 %p_Val2_s, i32 31)" [r:/builds/2018.2/continuous/2018_06_14_2258646/src/products/hls/src/technology/autopilot/header_files\utils/x_hls_utils.h:279->r:/builds/2018.2/continuous/2018_06_14_2258646/src/products/hls/src/technology/autopilot/header_files\utils/x_hls_utils.h:282->r:/builds/2018.2/continuous/2018_06_14_2258646/src/products/hls/hls_lib/hlsmath/include/FloatingPoint\hls_hotbm.h:249]   --->   Operation 12 'bitselect' 'p_Result_19' <Predicate = true> <Delay = 0.00>
ST_1 : Operation 13 [1/1] (0.00ns)   --->   "%loc_V = call i8 @_ssdm_op_PartSelect.i8.i32.i32.i32(i32 %p_Val2_s, i32 23, i32 30)" [r:/builds/2018.2/continuous/2018_06_14_2258646/src/products/hls/src/technology/autopilot/header_files\utils/x_hls_utils.h:280->r:/builds/2018.2/continuous/2018_06_14_2258646/src/products/hls/src/technology/autopilot/header_files\utils/x_hls_utils.h:282->r:/builds/2018.2/continuous/2018_06_14_2258646/src/products/hls/hls_lib/hlsmath/include/FloatingPoint\hls_hotbm.h:249]   --->   Operation 13 'partselect' 'loc_V' <Predicate = true> <Delay = 0.00>
ST_1 : Operation 14 [1/1] (0.00ns)   --->   "%loc_V_1 = trunc i32 %p_Val2_s to i23" [r:/builds/2018.2/continuous/2018_06_14_2258646/src/products/hls/src/technology/autopilot/header_files\utils/x_hls_utils.h:281->r:/builds/2018.2/continuous/2018_06_14_2258646/src/products/hls/src/technology/autopilot/header_files\utils/x_hls_utils.h:282->r:/builds/2018.2/continuous/2018_06_14_2258646/src/products/hls/hls_lib/hlsmath/include/FloatingPoint\hls_hotbm.h:249]   --->   Operation 14 'trunc' 'loc_V_1' <Predicate = true> <Delay = 0.00>
ST_1 : Operation 15 [1/1] (0.98ns)   --->   "%closepath = icmp ult i8 %loc_V, 126" [r:/builds/2018.2/continuous/2018_06_14_2258646/src/products/hls/hls_lib/hlsmath/include/FloatingPoint/hls_range_redux.h:476->r:/builds/2018.2/continuous/2018_06_14_2258646/src/products/hls/hls_lib/hlsmath/include/FloatingPoint\hls_hotbm.h:265]   --->   Operation 15 'icmp' 'closepath' <Predicate = true> <Delay = 0.98> <Core = "Cmp">   --->   Core 25 'Cmp' <Latency = 0> <II = 1> <Delay = 0.98> <FuncUnit> <Opcode : 'icmp'> <InPorts = 2> <OutPorts = 1>
ST_1 : Operation 16 [1/1] (1.28ns)   --->   "%expv_op = add i8 -62, %loc_V" [r:/builds/2018.2/continuous/2018_06_14_2258646/src/products/hls/hls_lib/hlsmath/include/FloatingPoint/hls_range_redux.h:401->r:/builds/2018.2/continuous/2018_06_14_2258646/src/products/hls/hls_lib/hlsmath/include/FloatingPoint/hls_range_redux.h:492->r:/builds/2018.2/continuous/2018_06_14_2258646/src/products/hls/hls_lib/hlsmath/include/FloatingPoint\hls_hotbm.h:265]   --->   Operation 16 'add' 'expv_op' <Predicate = true> <Delay = 1.28> <Core = "AddSub">   --->   Core 14 'AddSub' <Latency = 0> <II = 1> <Delay = 1.28> <FuncUnit> <Opcode : 'add' 'sub'> <InPorts = 2> <OutPorts = 1>
ST_1 : Operation 17 [1/1] (0.35ns)   --->   "%addr_V = select i1 %closepath, i8 63, i8 %expv_op" [r:/builds/2018.2/continuous/2018_06_14_2258646/src/products/hls/hls_lib/hlsmath/include/FloatingPoint/hls_range_redux.h:401->r:/builds/2018.2/continuous/2018_06_14_2258646/src/products/hls/hls_lib/hlsmath/include/FloatingPoint/hls_range_redux.h:492->r:/builds/2018.2/continuous/2018_06_14_2258646/src/products/hls/hls_lib/hlsmath/include/FloatingPoint\hls_hotbm.h:265]   --->   Operation 17 'select' 'addr_V' <Predicate = true> <Delay = 0.35> <Core = "Sel">   --->   Core 26 'Sel' <Latency = 0> <II = 1> <Delay = 0.45> <FuncUnit> <Opcode : 'select'> <InPorts = 3> <OutPorts = 1>
ST_1 : Operation 18 [1/1] (0.00ns)   --->   "%tmp_1 = call i4 @_ssdm_op_PartSelect.i4.i8.i32.i32(i8 %addr_V, i32 4, i32 7)" [r:/builds/2018.2/continuous/2018_06_14_2258646/src/products/hls/hls_lib/hlsmath/include/FloatingPoint/hls_range_redux.h:403->r:/builds/2018.2/continuous/2018_06_14_2258646/src/products/hls/hls_lib/hlsmath/include/FloatingPoint/hls_range_redux.h:492->r:/builds/2018.2/continuous/2018_06_14_2258646/src/products/hls/hls_lib/hlsmath/include/FloatingPoint\hls_hotbm.h:265]   --->   Operation 18 'partselect' 'tmp_1' <Predicate = true> <Delay = 0.00>
ST_1 : Operation 19 [1/1] (0.00ns)   --->   "%tmp_5_i_i = zext i4 %tmp_1 to i64" [r:/builds/2018.2/continuous/2018_06_14_2258646/src/products/hls/hls_lib/hlsmath/include/FloatingPoint/hls_range_redux.h:403->r:/builds/2018.2/continuous/2018_06_14_2258646/src/products/hls/hls_lib/hlsmath/include/FloatingPoint/hls_range_redux.h:492->r:/builds/2018.2/continuous/2018_06_14_2258646/src/products/hls/hls_lib/hlsmath/include/FloatingPoint\hls_hotbm.h:265]   --->   Operation 19 'zext' 'tmp_5_i_i' <Predicate = true> <Delay = 0.00>
ST_1 : Operation 20 [1/1] (0.00ns)   --->   "%ref_4oPi_table_100_V_1 = getelementptr [13 x i100]* @ref_4oPi_table_100_V, i64 0, i64 %tmp_5_i_i" [r:/builds/2018.2/continuous/2018_06_14_2258646/src/products/hls/hls_lib/hlsmath/include/FloatingPoint/hls_range_redux.h:403->r:/builds/2018.2/continuous/2018_06_14_2258646/src/products/hls/hls_lib/hlsmath/include/FloatingPoint/hls_range_redux.h:492->r:/builds/2018.2/continuous/2018_06_14_2258646/src/products/hls/hls_lib/hlsmath/include/FloatingPoint\hls_hotbm.h:265]   --->   Operation 20 'getelementptr' 'ref_4oPi_table_100_V_1' <Predicate = true> <Delay = 0.00>
ST_1 : Operation 21 [2/2] (1.99ns)   --->   "%table_100_V = load i100* %ref_4oPi_table_100_V_1, align 16" [r:/builds/2018.2/continuous/2018_06_14_2258646/src/products/hls/hls_lib/hlsmath/include/FloatingPoint/hls_range_redux.h:403->r:/builds/2018.2/continuous/2018_06_14_2258646/src/products/hls/hls_lib/hlsmath/include/FloatingPoint/hls_range_redux.h:492->r:/builds/2018.2/continuous/2018_06_14_2258646/src/products/hls/hls_lib/hlsmath/include/FloatingPoint\hls_hotbm.h:265]   --->   Operation 21 'load' 'table_100_V' <Predicate = true> <Delay = 1.99> <Core = "ROM_1P_LUTRAM">   --->   Core 56 'ROM_1P_LUTRAM' <Latency = 1> <II = 1> <Delay = 1.99> <Storage> <Opcode : 'load'> <Ports = 1> <Width = 15> <Depth = 256> <ROM>
ST_1 : Operation 22 [1/1] (0.00ns)   --->   "%tmp_13 = trunc i8 %addr_V to i4" [r:/builds/2018.2/continuous/2018_06_14_2258646/src/products/hls/hls_lib/hlsmath/include/FloatingPoint/hls_range_redux.h:404->r:/builds/2018.2/continuous/2018_06_14_2258646/src/products/hls/hls_lib/hlsmath/include/FloatingPoint/hls_range_redux.h:492->r:/builds/2018.2/continuous/2018_06_14_2258646/src/products/hls/hls_lib/hlsmath/include/FloatingPoint\hls_hotbm.h:265]   --->   Operation 22 'trunc' 'tmp_13' <Predicate = true> <Delay = 0.00>

State 2 <SV = 1> <Delay = 4.22>
ST_2 : Operation 23 [1/2] (1.99ns)   --->   "%table_100_V = load i100* %ref_4oPi_table_100_V_1, align 16" [r:/builds/2018.2/continuous/2018_06_14_2258646/src/products/hls/hls_lib/hlsmath/include/FloatingPoint/hls_range_redux.h:403->r:/builds/2018.2/continuous/2018_06_14_2258646/src/products/hls/hls_lib/hlsmath/include/FloatingPoint/hls_range_redux.h:492->r:/builds/2018.2/continuous/2018_06_14_2258646/src/products/hls/hls_lib/hlsmath/include/FloatingPoint\hls_hotbm.h:265]   --->   Operation 23 'load' 'table_100_V' <Predicate = true> <Delay = 1.99> <Core = "ROM_1P_LUTRAM">   --->   Core 56 'ROM_1P_LUTRAM' <Latency = 1> <II = 1> <Delay = 1.99> <Storage> <Opcode : 'load'> <Ports = 1> <Width = 15> <Depth = 256> <ROM>
ST_2 : Operation 24 [1/1] (0.00ns)   --->   "%tmp_7_i_i = zext i4 %tmp_13 to i100" [r:/builds/2018.2/continuous/2018_06_14_2258646/src/products/hls/hls_lib/hlsmath/include/FloatingPoint/hls_range_redux.h:404->r:/builds/2018.2/continuous/2018_06_14_2258646/src/products/hls/hls_lib/hlsmath/include/FloatingPoint/hls_range_redux.h:492->r:/builds/2018.2/continuous/2018_06_14_2258646/src/products/hls/hls_lib/hlsmath/include/FloatingPoint\hls_hotbm.h:265]   --->   Operation 24 'zext' 'tmp_7_i_i' <Predicate = true> <Delay = 0.00>
ST_2 : Operation 25 [1/1] (2.22ns)   --->   "%r_V_4 = shl i100 %table_100_V, %tmp_7_i_i" [r:/builds/2018.2/continuous/2018_06_14_2258646/src/products/hls/hls_lib/hlsmath/include/FloatingPoint/hls_range_redux.h:404->r:/builds/2018.2/continuous/2018_06_14_2258646/src/products/hls/hls_lib/hlsmath/include/FloatingPoint/hls_range_redux.h:492->r:/builds/2018.2/continuous/2018_06_14_2258646/src/products/hls/hls_lib/hlsmath/include/FloatingPoint\hls_hotbm.h:265]   --->   Operation 25 'shl' 'r_V_4' <Predicate = true> <Delay = 2.22> <Core = "Shift">   --->   Core 28 'Shift' <Latency = 0> <II = 1> <Delay = 1.77> <FuncUnit> <Opcode : 'shl' 'lshr' 'ashr'> <InPorts = 2> <OutPorts = 1>
ST_2 : Operation 26 [1/1] (0.00ns)   --->   "%Med_V = call i80 @_ssdm_op_PartSelect.i80.i100.i32.i32(i100 %r_V_4, i32 20, i32 99) nounwind" [r:/builds/2018.2/continuous/2018_06_14_2258646/src/products/hls/hls_lib/hlsmath/include/FloatingPoint/hls_range_redux.h:404->r:/builds/2018.2/continuous/2018_06_14_2258646/src/products/hls/hls_lib/hlsmath/include/FloatingPoint/hls_range_redux.h:492->r:/builds/2018.2/continuous/2018_06_14_2258646/src/products/hls/hls_lib/hlsmath/include/FloatingPoint\hls_hotbm.h:265]   --->   Operation 26 'partselect' 'Med_V' <Predicate = true> <Delay = 0.00>

State 3 <SV = 2> <Delay = 8.37>
ST_3 : Operation 27 [1/1] (0.00ns)   --->   "%p_Result_20 = call i24 @_ssdm_op_BitConcatenate.i24.i1.i23(i1 true, i23 %loc_V_1) nounwind" [r:/builds/2018.2/continuous/2018_06_14_2258646/src/products/hls/hls_lib/hlsmath/include/FloatingPoint/hls_range_redux.h:491->r:/builds/2018.2/continuous/2018_06_14_2258646/src/products/hls/hls_lib/hlsmath/include/FloatingPoint\hls_hotbm.h:265]   --->   Operation 27 'bitconcatenate' 'p_Result_20' <Predicate = true> <Delay = 0.00>
ST_3 : Operation 28 [1/1] (0.00ns)   --->   "%lhs_V = zext i80 %Med_V to i104" [r:/builds/2018.2/continuous/2018_06_14_2258646/src/products/hls/hls_lib/hlsmath/include/FloatingPoint/hls_range_redux.h:493->r:/builds/2018.2/continuous/2018_06_14_2258646/src/products/hls/hls_lib/hlsmath/include/FloatingPoint\hls_hotbm.h:265]   --->   Operation 28 'zext' 'lhs_V' <Predicate = true> <Delay = 0.00>
ST_3 : Operation 29 [1/1] (0.00ns)   --->   "%rhs_V_1 = zext i24 %p_Result_20 to i104" [r:/builds/2018.2/continuous/2018_06_14_2258646/src/products/hls/hls_lib/hlsmath/include/FloatingPoint/hls_range_redux.h:493->r:/builds/2018.2/continuous/2018_06_14_2258646/src/products/hls/hls_lib/hlsmath/include/FloatingPoint\hls_hotbm.h:265]   --->   Operation 29 'zext' 'rhs_V_1' <Predicate = true> <Delay = 0.00>
ST_3 : Operation 30 [1/1] (8.37ns)   --->   "%r_V_5 = mul i104 %lhs_V, %rhs_V_1" [r:/builds/2018.2/continuous/2018_06_14_2258646/src/products/hls/hls_lib/hlsmath/include/FloatingPoint/hls_range_redux.h:493->r:/builds/2018.2/continuous/2018_06_14_2258646/src/products/hls/hls_lib/hlsmath/include/FloatingPoint\hls_hotbm.h:265]   --->   Operation 30 'mul' 'r_V_5' <Predicate = true> <Delay = 8.37> <Core = "Mul">   --->   Core 16 'Mul' <Latency = 0> <II = 1> <Delay = 4.68> <FuncUnit> <Opcode : 'mul'> <InPorts = 2> <OutPorts = 1>
ST_3 : Operation 31 [1/1] (0.00ns)   --->   "%p_Val2_7 = call i58 @_ssdm_op_PartSelect.i58.i104.i32.i32(i104 %r_V_5, i32 19, i32 76)" [r:/builds/2018.2/continuous/2018_06_14_2258646/src/products/hls/hls_lib/hlsmath/include/FloatingPoint/hls_range_redux.h:508->r:/builds/2018.2/continuous/2018_06_14_2258646/src/products/hls/hls_lib/hlsmath/include/FloatingPoint\hls_hotbm.h:265]   --->   Operation 31 'partselect' 'p_Val2_7' <Predicate = true> <Delay = 0.00>
ST_3 : Operation 32 [1/1] (0.00ns)   --->   "%tmp_14_i = call i3 @_ssdm_op_PartSelect.i3.i104.i32.i32(i104 %r_V_5, i32 77, i32 79) nounwind" [r:/builds/2018.2/continuous/2018_06_14_2258646/src/products/hls/hls_lib/hlsmath/include/FloatingPoint/hls_range_redux.h:512->r:/builds/2018.2/continuous/2018_06_14_2258646/src/products/hls/hls_lib/hlsmath/include/FloatingPoint\hls_hotbm.h:265]   --->   Operation 32 'partselect' 'tmp_14_i' <Predicate = (!closepath)> <Delay = 0.00>
ST_3 : Operation 33 [1/1] (1.27ns)   --->   "%tmp_7 = icmp eq i23 %loc_V_1, 0" [r:/builds/2018.2/continuous/2018_06_14_2258646/src/products/hls/hls_lib/hlsmath/include/FloatingPoint\hls_hotbm.h:297]   --->   Operation 33 'icmp' 'tmp_7' <Predicate = true> <Delay = 1.27> <Core = "Cmp">   --->   Core 25 'Cmp' <Latency = 0> <II = 1> <Delay = 0.98> <FuncUnit> <Opcode : 'icmp'> <InPorts = 2> <OutPorts = 1>

State 4 <SV = 3> <Delay = 6.04>
ST_4 : Operation 34 [1/1] (1.28ns)   --->   "%p_i = add i8 -125, %loc_V" [r:/builds/2018.2/continuous/2018_06_14_2258646/src/products/hls/hls_lib/hlsmath/include/FloatingPoint/hls_range_redux.h:479->r:/builds/2018.2/continuous/2018_06_14_2258646/src/products/hls/hls_lib/hlsmath/include/FloatingPoint\hls_hotbm.h:265]   --->   Operation 34 'add' 'p_i' <Predicate = (closepath)> <Delay = 1.28> <Core = "AddSub">   --->   Core 14 'AddSub' <Latency = 0> <II = 1> <Delay = 1.28> <FuncUnit> <Opcode : 'add' 'sub'> <InPorts = 2> <OutPorts = 1>
ST_4 : Operation 35 [1/1] (0.00ns) (grouped into LUT with out node Ex_V)   --->   "%storemerge_i = select i1 %closepath, i8 %p_i, i8 0" [r:/builds/2018.2/continuous/2018_06_14_2258646/src/products/hls/hls_lib/hlsmath/include/FloatingPoint/hls_range_redux.h:476->r:/builds/2018.2/continuous/2018_06_14_2258646/src/products/hls/hls_lib/hlsmath/include/FloatingPoint\hls_hotbm.h:265]   --->   Operation 35 'select' 'storemerge_i' <Predicate = true> <Delay = 0.00> <Core = "Sel">   --->   Core 26 'Sel' <Latency = 0> <II = 1> <Delay = 0.45> <FuncUnit> <Opcode : 'select'> <InPorts = 3> <OutPorts = 1>
ST_4 : Operation 36 [1/1] (0.48ns)   --->   "%p_Val2_21 = select i1 %closepath, i3 0, i3 %tmp_14_i" [r:/builds/2018.2/continuous/2018_06_14_2258646/src/products/hls/hls_lib/hlsmath/src/common/hls_hotbm_float.cpp:8->r:/builds/2018.2/continuous/2018_06_14_2258646/src/products/hls/hls_lib/hlsmath/include/FloatingPoint\hls_hotbm.h:276]   --->   Operation 36 'select' 'p_Val2_21' <Predicate = true> <Delay = 0.48> <Core = "Sel">   --->   Core 26 'Sel' <Latency = 0> <II = 1> <Delay = 0.45> <FuncUnit> <Opcode : 'select'> <InPorts = 3> <OutPorts = 1>
ST_4 : Operation 37 [1/1] (0.00ns)   --->   "%tmp_14 = trunc i3 %p_Val2_21 to i1" [r:/builds/2018.2/continuous/2018_06_14_2258646/src/products/hls/hls_lib/hlsmath/include/FloatingPoint/hls_range_redux.h:516->r:/builds/2018.2/continuous/2018_06_14_2258646/src/products/hls/hls_lib/hlsmath/include/FloatingPoint\hls_hotbm.h:265]   --->   Operation 37 'trunc' 'tmp_14' <Predicate = true> <Delay = 0.00>
ST_4 : Operation 38 [1/1] (1.69ns)   --->   "%p_Val2_i = sub i58 0, %p_Val2_7" [r:/builds/2018.2/continuous/2018_06_14_2258646/src/products/hls/hls_lib/hlsmath/include/FloatingPoint/hls_range_redux.h:517->r:/builds/2018.2/continuous/2018_06_14_2258646/src/products/hls/hls_lib/hlsmath/include/FloatingPoint\hls_hotbm.h:265]   --->   Operation 38 'sub' 'p_Val2_i' <Predicate = true> <Delay = 1.69> <Core = "AddSub">   --->   Core 14 'AddSub' <Latency = 0> <II = 1> <Delay = 1.28> <FuncUnit> <Opcode : 'add' 'sub'> <InPorts = 2> <OutPorts = 1>
ST_4 : Operation 39 [1/1] (0.53ns)   --->   "%p_Val2_9 = select i1 %tmp_14, i58 %p_Val2_i, i58 %p_Val2_7" [r:/builds/2018.2/continuous/2018_06_14_2258646/src/products/hls/hls_lib/hlsmath/include/FloatingPoint/hls_range_redux.h:516->r:/builds/2018.2/continuous/2018_06_14_2258646/src/products/hls/hls_lib/hlsmath/include/FloatingPoint\hls_hotbm.h:265]   --->   Operation 39 'select' 'p_Val2_9' <Predicate = true> <Delay = 0.53> <Core = "Sel">   --->   Core 26 'Sel' <Latency = 0> <II = 1> <Delay = 0.45> <FuncUnit> <Opcode : 'select'> <InPorts = 3> <OutPorts = 1>
ST_4 : Operation 40 [1/1] (0.00ns)   --->   "%p_Result_i2_i = call i29 @_ssdm_op_PartSelect.i29.i58.i32.i32(i58 %p_Val2_9, i32 29, i32 57) nounwind" [r:/builds/2018.2/continuous/2018_06_14_2258646/src/products/hls/hls_lib/hlsmath/include/FloatingPoint/hls_normalize.h:100->r:/builds/2018.2/continuous/2018_06_14_2258646/src/products/hls/hls_lib/hlsmath/include/FloatingPoint/hls_range_redux.h:520->r:/builds/2018.2/continuous/2018_06_14_2258646/src/products/hls/hls_lib/hlsmath/include/FloatingPoint\hls_hotbm.h:265]   --->   Operation 40 'partselect' 'p_Result_i2_i' <Predicate = true> <Delay = 0.00>
ST_4 : Operation 41 [1/1] (0.00ns)   --->   "%p_Result_21 = call i30 @_ssdm_op_BitConcatenate.i30.i29.i1(i29 %p_Result_i2_i, i1 true) nounwind" [r:/builds/2018.2/continuous/2018_06_14_2258646/src/products/hls/hls_lib/hlsmath/include/FloatingPoint/hls_normalize.h:101->r:/builds/2018.2/continuous/2018_06_14_2258646/src/products/hls/hls_lib/hlsmath/include/FloatingPoint/hls_range_redux.h:520->r:/builds/2018.2/continuous/2018_06_14_2258646/src/products/hls/hls_lib/hlsmath/include/FloatingPoint\hls_hotbm.h:265]   --->   Operation 41 'bitconcatenate' 'p_Result_21' <Predicate = true> <Delay = 0.00>
ST_4 : Operation 42 [1/1] (0.00ns)   --->   "%p_Result_22 = call i30 @llvm.part.select.i30(i30 %p_Result_21, i32 29, i32 0) nounwind" [r:/builds/2018.2/continuous/2018_06_14_2258646/src/products/hls/hls_lib/hlsmath/include/FloatingPoint/hls_normalize.h:103->r:/builds/2018.2/continuous/2018_06_14_2258646/src/products/hls/hls_lib/hlsmath/include/FloatingPoint/hls_range_redux.h:520->r:/builds/2018.2/continuous/2018_06_14_2258646/src/products/hls/hls_lib/hlsmath/include/FloatingPoint\hls_hotbm.h:265]   --->   Operation 42 'partselect' 'p_Result_22' <Predicate = true> <Delay = 0.00>
ST_4 : Operation 43 [1/1] (0.00ns)   --->   "%p_Result_23 = call i32 @_ssdm_op_BitConcatenate.i32.i2.i30(i2 -1, i30 %p_Result_22) nounwind" [r:/builds/2018.2/continuous/2018_06_14_2258646/src/products/hls/hls_lib/hlsmath/include/FloatingPoint/hls_normalize.h:103->r:/builds/2018.2/continuous/2018_06_14_2258646/src/products/hls/hls_lib/hlsmath/include/FloatingPoint/hls_range_redux.h:520->r:/builds/2018.2/continuous/2018_06_14_2258646/src/products/hls/hls_lib/hlsmath/include/FloatingPoint\hls_hotbm.h:265]   --->   Operation 43 'bitconcatenate' 'p_Result_23' <Predicate = true> <Delay = 0.00>
ST_4 : Operation 44 [1/1] (1.62ns)   --->   "%val_assign = call i32 @llvm.cttz.i32(i32 %p_Result_23, i1 true) nounwind" [r:/builds/2018.2/continuous/2018_06_14_2258646/src/products/hls/hls_lib/hlsmath/include/FloatingPoint/hls_normalize.h:103->r:/builds/2018.2/continuous/2018_06_14_2258646/src/products/hls/hls_lib/hlsmath/include/FloatingPoint/hls_range_redux.h:520->r:/builds/2018.2/continuous/2018_06_14_2258646/src/products/hls/hls_lib/hlsmath/include/FloatingPoint\hls_hotbm.h:265]   --->   Operation 44 'cttz' 'val_assign' <Predicate = true> <Delay = 1.62> <Core = "CTTZ">   --->   Core 60 'CTTZ' <Latency = 0> <II = 1> <Delay = 1.62> <FuncUnit> <Opcode : 'cttz'> <InPorts = 1> <OutPorts = 1>
ST_4 : Operation 45 [1/1] (0.00ns)   --->   "%Mx_zeros_V = trunc i32 %val_assign to i5" [r:/builds/2018.2/continuous/2018_06_14_2258646/src/products/hls/hls_lib/hlsmath/include/FloatingPoint/hls_range_redux.h:520->r:/builds/2018.2/continuous/2018_06_14_2258646/src/products/hls/hls_lib/hlsmath/include/FloatingPoint\hls_hotbm.h:265]   --->   Operation 45 'trunc' 'Mx_zeros_V' <Predicate = true> <Delay = 0.00>
ST_4 : Operation 46 [1/1] (0.00ns)   --->   "%tmp_15_i = zext i5 %Mx_zeros_V to i58" [r:/builds/2018.2/continuous/2018_06_14_2258646/src/products/hls/hls_lib/hlsmath/include/FloatingPoint/hls_range_redux.h:529->r:/builds/2018.2/continuous/2018_06_14_2258646/src/products/hls/hls_lib/hlsmath/include/FloatingPoint\hls_hotbm.h:265]   --->   Operation 46 'zext' 'tmp_15_i' <Predicate = true> <Delay = 0.00>
ST_4 : Operation 47 [1/1] (2.18ns)   --->   "%p_Val2_11 = shl i58 %p_Val2_9, %tmp_15_i" [r:/builds/2018.2/continuous/2018_06_14_2258646/src/products/hls/hls_lib/hlsmath/include/FloatingPoint/hls_range_redux.h:529->r:/builds/2018.2/continuous/2018_06_14_2258646/src/products/hls/hls_lib/hlsmath/include/FloatingPoint\hls_hotbm.h:265]   --->   Operation 47 'shl' 'p_Val2_11' <Predicate = true> <Delay = 2.18> <Core = "Shift">   --->   Core 28 'Shift' <Latency = 0> <II = 1> <Delay = 1.77> <FuncUnit> <Opcode : 'shl' 'lshr' 'ashr'> <InPorts = 2> <OutPorts = 1>
ST_4 : Operation 48 [1/1] (0.00ns)   --->   "%Mx_V = call i29 @_ssdm_op_PartSelect.i29.i58.i32.i32(i58 %p_Val2_11, i32 29, i32 57)" [r:/builds/2018.2/continuous/2018_06_14_2258646/src/products/hls/hls_lib/hlsmath/include/FloatingPoint/hls_range_redux.h:529->r:/builds/2018.2/continuous/2018_06_14_2258646/src/products/hls/hls_lib/hlsmath/include/FloatingPoint\hls_hotbm.h:265]   --->   Operation 48 'partselect' 'Mx_V' <Predicate = true> <Delay = 0.00>
ST_4 : Operation 49 [1/1] (0.00ns) (grouped into LUT with out node Ex_V)   --->   "%tmp_18_i = zext i5 %Mx_zeros_V to i8" [r:/builds/2018.2/continuous/2018_06_14_2258646/src/products/hls/hls_lib/hlsmath/include/FloatingPoint/hls_range_redux.h:530->r:/builds/2018.2/continuous/2018_06_14_2258646/src/products/hls/hls_lib/hlsmath/include/FloatingPoint\hls_hotbm.h:265]   --->   Operation 49 'zext' 'tmp_18_i' <Predicate = true> <Delay = 0.00>
ST_4 : Operation 50 [1/1] (1.28ns) (out node of the LUT)   --->   "%Ex_V = sub i8 %storemerge_i, %tmp_18_i" [r:/builds/2018.2/continuous/2018_06_14_2258646/src/products/hls/hls_lib/hlsmath/include/FloatingPoint/hls_range_redux.h:530->r:/builds/2018.2/continuous/2018_06_14_2258646/src/products/hls/hls_lib/hlsmath/include/FloatingPoint\hls_hotbm.h:265]   --->   Operation 50 'sub' 'Ex_V' <Predicate = true> <Delay = 1.28> <Core = "AddSub">   --->   Core 14 'AddSub' <Latency = 0> <II = 1> <Delay = 1.28> <FuncUnit> <Opcode : 'add' 'sub'> <InPorts = 2> <OutPorts = 1>
ST_4 : Operation 51 [1/1] (0.00ns)   --->   "%isNeg = call i1 @_ssdm_op_BitSelect.i1.i8.i32(i8 %Ex_V, i32 7)" [r:/builds/2018.2/continuous/2018_06_14_2258646/src/products/hls/hls_lib/hlsmath/include/FloatingPoint/hls_range_redux.h:531->r:/builds/2018.2/continuous/2018_06_14_2258646/src/products/hls/hls_lib/hlsmath/include/FloatingPoint\hls_hotbm.h:265]   --->   Operation 51 'bitselect' 'isNeg' <Predicate = true> <Delay = 0.00>
ST_4 : Operation 52 [1/1] (0.98ns)   --->   "%tmp_6 = icmp eq i8 %loc_V, 0" [r:/builds/2018.2/continuous/2018_06_14_2258646/src/products/hls/hls_lib/hlsmath/include/FloatingPoint\hls_hotbm.h:297]   --->   Operation 52 'icmp' 'tmp_6' <Predicate = true> <Delay = 0.98> <Core = "Cmp">   --->   Core 25 'Cmp' <Latency = 0> <II = 1> <Delay = 0.98> <FuncUnit> <Opcode : 'icmp'> <InPorts = 2> <OutPorts = 1>
ST_4 : Operation 53 [1/1] (0.98ns)   --->   "%tmp_8 = icmp eq i8 %loc_V, -1" [r:/builds/2018.2/continuous/2018_06_14_2258646/src/products/hls/hls_lib/hlsmath/include/FloatingPoint\hls_hotbm.h:308]   --->   Operation 53 'icmp' 'tmp_8' <Predicate = true> <Delay = 0.98> <Core = "Cmp">   --->   Core 25 'Cmp' <Latency = 0> <II = 1> <Delay = 0.98> <FuncUnit> <Opcode : 'icmp'> <InPorts = 2> <OutPorts = 1>

State 5 <SV = 4> <Delay = 7.88>
ST_5 : Operation 54 [1/1] (0.00ns)   --->   "%do_cos_read = call i1 @_ssdm_op_Read.ap_auto.i1(i1 %do_cos) nounwind"   --->   Operation 54 'read' 'do_cos_read' <Predicate = true> <Delay = 0.00>
ST_5 : Operation 55 [1/1] (0.00ns)   --->   "%sh_i_cast = sext i8 %Ex_V to i9" [r:/builds/2018.2/continuous/2018_06_14_2258646/src/products/hls/hls_lib/hlsmath/include/FloatingPoint/hls_range_redux.h:531->r:/builds/2018.2/continuous/2018_06_14_2258646/src/products/hls/hls_lib/hlsmath/include/FloatingPoint\hls_hotbm.h:265]   --->   Operation 55 'sext' 'sh_i_cast' <Predicate = true> <Delay = 0.00>
ST_5 : Operation 56 [1/1] (1.28ns)   --->   "%tmp_20_i = sub i9 0, %sh_i_cast" [r:/builds/2018.2/continuous/2018_06_14_2258646/src/products/hls/hls_lib/hlsmath/include/FloatingPoint/hls_range_redux.h:531->r:/builds/2018.2/continuous/2018_06_14_2258646/src/products/hls/hls_lib/hlsmath/include/FloatingPoint\hls_hotbm.h:265]   --->   Operation 56 'sub' 'tmp_20_i' <Predicate = (isNeg)> <Delay = 1.28> <Core = "AddSub">   --->   Core 14 'AddSub' <Latency = 0> <II = 1> <Delay = 1.28> <FuncUnit> <Opcode : 'add' 'sub'> <InPorts = 2> <OutPorts = 1>
ST_5 : Operation 57 [1/1] (0.42ns)   --->   "%sh_assign = select i1 %isNeg, i9 %tmp_20_i, i9 %sh_i_cast" [r:/builds/2018.2/continuous/2018_06_14_2258646/src/products/hls/hls_lib/hlsmath/include/FloatingPoint/hls_range_redux.h:531->r:/builds/2018.2/continuous/2018_06_14_2258646/src/products/hls/hls_lib/hlsmath/include/FloatingPoint\hls_hotbm.h:265]   --->   Operation 57 'select' 'sh_assign' <Predicate = true> <Delay = 0.42> <Core = "Sel">   --->   Core 26 'Sel' <Latency = 0> <II = 1> <Delay = 0.45> <FuncUnit> <Opcode : 'select'> <InPorts = 3> <OutPorts = 1>
ST_5 : Operation 58 [1/1] (0.00ns) (grouped into LUT with out node ssdm_int_V_write_ass)   --->   "%sh_assign_2_i_cast1 = sext i9 %sh_assign to i32" [r:/builds/2018.2/continuous/2018_06_14_2258646/src/products/hls/hls_lib/hlsmath/include/FloatingPoint/hls_range_redux.h:531->r:/builds/2018.2/continuous/2018_06_14_2258646/src/products/hls/hls_lib/hlsmath/include/FloatingPoint\hls_hotbm.h:265]   --->   Operation 58 'sext' 'sh_assign_2_i_cast1' <Predicate = (!isNeg)> <Delay = 0.00>
ST_5 : Operation 59 [1/1] (0.00ns) (grouped into LUT with out node ssdm_int_V_write_ass)   --->   "%sh_assign_2_i_cast = sext i9 %sh_assign to i29" [r:/builds/2018.2/continuous/2018_06_14_2258646/src/products/hls/hls_lib/hlsmath/include/FloatingPoint/hls_range_redux.h:531->r:/builds/2018.2/continuous/2018_06_14_2258646/src/products/hls/hls_lib/hlsmath/include/FloatingPoint\hls_hotbm.h:265]   --->   Operation 59 'sext' 'sh_assign_2_i_cast' <Predicate = (isNeg)> <Delay = 0.00>
ST_5 : Operation 60 [1/1] (0.00ns) (grouped into LUT with out node ssdm_int_V_write_ass)   --->   "%tmp_21_i = zext i29 %Mx_V to i32" [r:/builds/2018.2/continuous/2018_06_14_2258646/src/products/hls/hls_lib/hlsmath/include/FloatingPoint/hls_range_redux.h:531->r:/builds/2018.2/continuous/2018_06_14_2258646/src/products/hls/hls_lib/hlsmath/include/FloatingPoint\hls_hotbm.h:265]   --->   Operation 60 'zext' 'tmp_21_i' <Predicate = (!isNeg)> <Delay = 0.00>
ST_5 : Operation 61 [1/1] (0.00ns) (grouped into LUT with out node ssdm_int_V_write_ass)   --->   "%tmp_22_i = lshr i29 %Mx_V, %sh_assign_2_i_cast" [r:/builds/2018.2/continuous/2018_06_14_2258646/src/products/hls/hls_lib/hlsmath/include/FloatingPoint/hls_range_redux.h:531->r:/builds/2018.2/continuous/2018_06_14_2258646/src/products/hls/hls_lib/hlsmath/include/FloatingPoint\hls_hotbm.h:265]   --->   Operation 61 'lshr' 'tmp_22_i' <Predicate = (isNeg)> <Delay = 0.00> <Core = "Shift">   --->   Core 28 'Shift' <Latency = 0> <II = 1> <Delay = 1.77> <FuncUnit> <Opcode : 'shl' 'lshr' 'ashr'> <InPorts = 2> <OutPorts = 1>
ST_5 : Operation 62 [1/1] (0.00ns) (grouped into LUT with out node ssdm_int_V_write_ass)   --->   "%tmp_22_i_cast = zext i29 %tmp_22_i to i32" [r:/builds/2018.2/continuous/2018_06_14_2258646/src/products/hls/hls_lib/hlsmath/include/FloatingPoint/hls_range_redux.h:531->r:/builds/2018.2/continuous/2018_06_14_2258646/src/products/hls/hls_lib/hlsmath/include/FloatingPoint\hls_hotbm.h:265]   --->   Operation 62 'zext' 'tmp_22_i_cast' <Predicate = (isNeg)> <Delay = 0.00>
ST_5 : Operation 63 [1/1] (0.00ns) (grouped into LUT with out node ssdm_int_V_write_ass)   --->   "%tmp_23_i = shl i32 %tmp_21_i, %sh_assign_2_i_cast1" [r:/builds/2018.2/continuous/2018_06_14_2258646/src/products/hls/hls_lib/hlsmath/include/FloatingPoint/hls_range_redux.h:531->r:/builds/2018.2/continuous/2018_06_14_2258646/src/products/hls/hls_lib/hlsmath/include/FloatingPoint\hls_hotbm.h:265]   --->   Operation 63 'shl' 'tmp_23_i' <Predicate = (!isNeg)> <Delay = 0.00> <Core = "Shift">   --->   Core 28 'Shift' <Latency = 0> <II = 1> <Delay = 1.77> <FuncUnit> <Opcode : 'shl' 'lshr' 'ashr'> <InPorts = 2> <OutPorts = 1>
ST_5 : Operation 64 [1/1] (1.77ns) (out node of the LUT)   --->   "%ssdm_int_V_write_ass = select i1 %isNeg, i32 %tmp_22_i_cast, i32 %tmp_23_i" [r:/builds/2018.2/continuous/2018_06_14_2258646/src/products/hls/hls_lib/hlsmath/include/FloatingPoint/hls_range_redux.h:531->r:/builds/2018.2/continuous/2018_06_14_2258646/src/products/hls/hls_lib/hlsmath/include/FloatingPoint\hls_hotbm.h:265]   --->   Operation 64 'select' 'ssdm_int_V_write_ass' <Predicate = true> <Delay = 1.77> <Core = "Sel">   --->   Core 26 'Sel' <Latency = 0> <II = 1> <Delay = 0.45> <FuncUnit> <Opcode : 'select'> <InPorts = 3> <OutPorts = 1>
ST_5 : Operation 65 [1/1] (1.11ns)   --->   "%tmp_2 = call i1 @_ssdm_op_Mux.ap_auto.8i1.i3(i1 false, i1 true, i1 true, i1 false, i1 false, i1 true, i1 true, i1 false, i3 %p_Val2_21) nounwind" [r:/builds/2018.2/continuous/2018_06_14_2258646/src/products/hls/hls_lib/hlsmath/src/common/hls_hotbm_float.cpp:8->r:/builds/2018.2/continuous/2018_06_14_2258646/src/products/hls/hls_lib/hlsmath/include/FloatingPoint\hls_hotbm.h:276]   --->   Operation 65 'mux' 'tmp_2' <Predicate = true> <Delay = 1.11> <Core = "MuxnS">   --->   Core 31 'MuxnS' <Latency = 0> <II = 1> <Delay = 1.00> <FuncUnit> <Opcode : 'mux'> <InPorts = 2> <OutPorts = 1>
ST_5 : Operation 66 [1/1] (0.00ns)   --->   "%p_Result_i = call i7 @_ssdm_op_PartSelect.i7.i32.i32.i32(i32 %ssdm_int_V_write_ass, i32 22, i32 28)" [r:/builds/2018.2/continuous/2018_06_14_2258646/src/products/hls/hls_lib/hlsmath/src/common/hls_hotbm_float.cpp:19->r:/builds/2018.2/continuous/2018_06_14_2258646/src/products/hls/hls_lib/hlsmath/include/FloatingPoint\hls_hotbm.h:276]   --->   Operation 66 'partselect' 'p_Result_i' <Predicate = true> <Delay = 0.00>
ST_5 : Operation 67 [1/1] (0.00ns)   --->   "%p_Val2_12 = trunc i32 %ssdm_int_V_write_ass to i22" [r:/builds/2018.2/continuous/2018_06_14_2258646/src/products/hls/hls_lib/hlsmath/src/common/hls_hotbm_float.cpp:20->r:/builds/2018.2/continuous/2018_06_14_2258646/src/products/hls/hls_lib/hlsmath/include/FloatingPoint\hls_hotbm.h:276]   --->   Operation 67 'trunc' 'p_Val2_12' <Predicate = true> <Delay = 0.00>
ST_5 : Operation 68 [1/1] (0.00ns)   --->   "%tmp_i1 = call i15 @_ssdm_op_PartSelect.i15.i32.i32.i32(i32 %ssdm_int_V_write_ass, i32 7, i32 21)" [r:/builds/2018.2/continuous/2018_06_14_2258646/src/products/hls/hls_lib/hlsmath/src/common/hls_hotbm_float.cpp:21->r:/builds/2018.2/continuous/2018_06_14_2258646/src/products/hls/hls_lib/hlsmath/include/FloatingPoint\hls_hotbm.h:276]   --->   Operation 68 'partselect' 'tmp_i1' <Predicate = true> <Delay = 0.00>
ST_5 : Operation 69 [1/1] (0.00ns)   --->   "%OP1_V_3 = zext i15 %tmp_i1 to i30" [r:/builds/2018.2/continuous/2018_06_14_2258646/src/products/hls/hls_lib/hlsmath/src/common/hls_hotbm_float.cpp:22->r:/builds/2018.2/continuous/2018_06_14_2258646/src/products/hls/hls_lib/hlsmath/include/FloatingPoint\hls_hotbm.h:276]   --->   Operation 69 'zext' 'OP1_V_3' <Predicate = true> <Delay = 0.00>
ST_5 : Operation 70 [1/1] (4.41ns)   --->   "%p_Val2_13 = mul i30 %OP1_V_3, %OP1_V_3" [r:/builds/2018.2/continuous/2018_06_14_2258646/src/products/hls/hls_lib/hlsmath/src/common/hls_hotbm_float.cpp:22->r:/builds/2018.2/continuous/2018_06_14_2258646/src/products/hls/hls_lib/hlsmath/include/FloatingPoint\hls_hotbm.h:276]   --->   Operation 70 'mul' 'p_Val2_13' <Predicate = true> <Delay = 4.41> <Core = "DSP48">   --->   Core 61 'DSP48' <Latency = 0> <II = 1> <Delay = 4.41> <IPBlock> <Opcode : 'mul' 'add' 'sub' 'select'> <InPorts = 0> <OutPorts = 1> <Sync> <CReg>
ST_5 : Operation 71 [1/1] (0.00ns)   --->   "%tmp_25_i = call i15 @_ssdm_op_PartSelect.i15.i30.i32.i32(i30 %p_Val2_13, i32 15, i32 29)" [r:/builds/2018.2/continuous/2018_06_14_2258646/src/products/hls/hls_lib/hlsmath/src/common/hls_hotbm_float.cpp:22->r:/builds/2018.2/continuous/2018_06_14_2258646/src/products/hls/hls_lib/hlsmath/include/FloatingPoint\hls_hotbm.h:276]   --->   Operation 71 'partselect' 'tmp_25_i' <Predicate = true> <Delay = 0.00>
ST_5 : Operation 72 [1/1] (0.46ns)   --->   "%not_do_cos_i = xor i1 %do_cos_read, true" [r:/builds/2018.2/continuous/2018_06_14_2258646/src/products/hls/hls_lib/hlsmath/src/common/hls_hotbm_float.cpp:24->r:/builds/2018.2/continuous/2018_06_14_2258646/src/products/hls/hls_lib/hlsmath/include/FloatingPoint\hls_hotbm.h:276]   --->   Operation 72 'xor' 'not_do_cos_i' <Predicate = true> <Delay = 0.46> <Core = "LogicGate">   --->   Core 27 'LogicGate' <Latency = 0> <II = 1> <Delay = 0.46> <FuncUnit> <Opcode : 'and' 'or' 'xor'> <InPorts = 2> <OutPorts = 1>
ST_5 : Operation 73 [1/1] (0.46ns)   --->   "%sin_basis = xor i1 %tmp_2, %not_do_cos_i" [r:/builds/2018.2/continuous/2018_06_14_2258646/src/products/hls/hls_lib/hlsmath/src/common/hls_hotbm_float.cpp:24->r:/builds/2018.2/continuous/2018_06_14_2258646/src/products/hls/hls_lib/hlsmath/include/FloatingPoint\hls_hotbm.h:276]   --->   Operation 73 'xor' 'sin_basis' <Predicate = true> <Delay = 0.46> <Core = "LogicGate">   --->   Core 27 'LogicGate' <Latency = 0> <II = 1> <Delay = 0.46> <FuncUnit> <Opcode : 'and' 'or' 'xor'> <InPorts = 2> <OutPorts = 1>
ST_5 : Operation 74 [1/1] (0.00ns)   --->   "%p_Result_24 = call i8 @_ssdm_op_BitConcatenate.i8.i1.i7(i1 %sin_basis, i7 %p_Result_i) nounwind" [r:/builds/2018.2/continuous/2018_06_14_2258646/src/products/hls/hls_lib/hlsmath/src/common/hls_hotbm_float.cpp:25->r:/builds/2018.2/continuous/2018_06_14_2258646/src/products/hls/hls_lib/hlsmath/include/FloatingPoint\hls_hotbm.h:276]   --->   Operation 74 'bitconcatenate' 'p_Result_24' <Predicate = true> <Delay = 0.00>
ST_5 : Operation 75 [1/1] (0.00ns)   --->   "%tmp_27_i = zext i8 %p_Result_24 to i64" [r:/builds/2018.2/continuous/2018_06_14_2258646/src/products/hls/hls_lib/hlsmath/src/common/hls_hotbm_float.cpp:27->r:/builds/2018.2/continuous/2018_06_14_2258646/src/products/hls/hls_lib/hlsmath/include/FloatingPoint\hls_hotbm.h:276]   --->   Operation 75 'zext' 'tmp_27_i' <Predicate = true> <Delay = 0.00>
ST_5 : Operation 76 [1/1] (0.00ns)   --->   "%second_order_float_4 = getelementptr [256 x i30]* @second_order_float_2, i64 0, i64 %tmp_27_i" [r:/builds/2018.2/continuous/2018_06_14_2258646/src/products/hls/hls_lib/hlsmath/src/common/hls_hotbm_float.cpp:27->r:/builds/2018.2/continuous/2018_06_14_2258646/src/products/hls/hls_lib/hlsmath/include/FloatingPoint\hls_hotbm.h:276]   --->   Operation 76 'getelementptr' 'second_order_float_4' <Predicate = true> <Delay = 0.00>
ST_5 : Operation 77 [2/2] (1.99ns)   --->   "%p_Val2_14 = load i30* %second_order_float_4, align 4" [r:/builds/2018.2/continuous/2018_06_14_2258646/src/products/hls/hls_lib/hlsmath/src/common/hls_hotbm_float.cpp:27->r:/builds/2018.2/continuous/2018_06_14_2258646/src/products/hls/hls_lib/hlsmath/include/FloatingPoint\hls_hotbm.h:276]   --->   Operation 77 'load' 'p_Val2_14' <Predicate = true> <Delay = 1.99> <Core = "ROM_1P_LUTRAM">   --->   Core 56 'ROM_1P_LUTRAM' <Latency = 1> <II = 1> <Delay = 1.99> <Storage> <Opcode : 'load'> <Ports = 1> <Width = 15> <Depth = 256> <ROM>
ST_5 : Operation 78 [1/1] (0.00ns)   --->   "%second_order_float_5 = getelementptr [256 x i23]* @second_order_float_3, i64 0, i64 %tmp_27_i" [r:/builds/2018.2/continuous/2018_06_14_2258646/src/products/hls/hls_lib/hlsmath/src/common/hls_hotbm_float.cpp:28->r:/builds/2018.2/continuous/2018_06_14_2258646/src/products/hls/hls_lib/hlsmath/include/FloatingPoint\hls_hotbm.h:276]   --->   Operation 78 'getelementptr' 'second_order_float_5' <Predicate = true> <Delay = 0.00>
ST_5 : Operation 79 [2/2] (1.99ns)   --->   "%second_order_float_6 = load i23* %second_order_float_5, align 4" [r:/builds/2018.2/continuous/2018_06_14_2258646/src/products/hls/hls_lib/hlsmath/src/common/hls_hotbm_float.cpp:28->r:/builds/2018.2/continuous/2018_06_14_2258646/src/products/hls/hls_lib/hlsmath/include/FloatingPoint\hls_hotbm.h:276]   --->   Operation 79 'load' 'second_order_float_6' <Predicate = true> <Delay = 1.99> <Core = "ROM_1P_LUTRAM">   --->   Core 56 'ROM_1P_LUTRAM' <Latency = 1> <II = 1> <Delay = 1.99> <Storage> <Opcode : 'load'> <Ports = 1> <Width = 15> <Depth = 256> <ROM>
ST_5 : Operation 80 [1/1] (0.00ns)   --->   "%second_order_float_7 = getelementptr [256 x i15]* @second_order_float_s, i64 0, i64 %tmp_27_i" [r:/builds/2018.2/continuous/2018_06_14_2258646/src/products/hls/hls_lib/hlsmath/src/common/hls_hotbm_float.cpp:29->r:/builds/2018.2/continuous/2018_06_14_2258646/src/products/hls/hls_lib/hlsmath/include/FloatingPoint\hls_hotbm.h:276]   --->   Operation 80 'getelementptr' 'second_order_float_7' <Predicate = true> <Delay = 0.00>
ST_5 : Operation 81 [2/2] (1.99ns)   --->   "%second_order_float_8 = load i15* %second_order_float_7, align 2" [r:/builds/2018.2/continuous/2018_06_14_2258646/src/products/hls/hls_lib/hlsmath/src/common/hls_hotbm_float.cpp:29->r:/builds/2018.2/continuous/2018_06_14_2258646/src/products/hls/hls_lib/hlsmath/include/FloatingPoint\hls_hotbm.h:276]   --->   Operation 81 'load' 'second_order_float_8' <Predicate = true> <Delay = 1.99> <Core = "ROM_1P_LUTRAM">   --->   Core 56 'ROM_1P_LUTRAM' <Latency = 1> <II = 1> <Delay = 1.99> <Storage> <Opcode : 'load'> <Ports = 1> <Width = 15> <Depth = 256> <ROM>

State 6 <SV = 5> <Delay = 7.77>
ST_6 : Operation 82 [1/2] (1.99ns)   --->   "%p_Val2_14 = load i30* %second_order_float_4, align 4" [r:/builds/2018.2/continuous/2018_06_14_2258646/src/products/hls/hls_lib/hlsmath/src/common/hls_hotbm_float.cpp:27->r:/builds/2018.2/continuous/2018_06_14_2258646/src/products/hls/hls_lib/hlsmath/include/FloatingPoint\hls_hotbm.h:276]   --->   Operation 82 'load' 'p_Val2_14' <Predicate = true> <Delay = 1.99> <Core = "ROM_1P_LUTRAM">   --->   Core 56 'ROM_1P_LUTRAM' <Latency = 1> <II = 1> <Delay = 1.99> <Storage> <Opcode : 'load'> <Ports = 1> <Width = 15> <Depth = 256> <ROM>
ST_6 : Operation 83 [1/1] (0.00ns)   --->   "%p_Val2_15 = call i29 @_ssdm_op_PartSelect.i29.i30.i32.i32(i30 %p_Val2_14, i32 1, i32 29)" [r:/builds/2018.2/continuous/2018_06_14_2258646/src/products/hls/hls_lib/hlsmath/src/common/hls_hotbm_float.cpp:27->r:/builds/2018.2/continuous/2018_06_14_2258646/src/products/hls/hls_lib/hlsmath/include/FloatingPoint\hls_hotbm.h:276]   --->   Operation 83 'partselect' 'p_Val2_15' <Predicate = true> <Delay = 0.00>
ST_6 : Operation 84 [1/1] (0.00ns)   --->   "%OP1_V = zext i22 %p_Val2_12 to i45" [r:/builds/2018.2/continuous/2018_06_14_2258646/src/products/hls/hls_lib/hlsmath/src/common/hls_hotbm_float.cpp:28->r:/builds/2018.2/continuous/2018_06_14_2258646/src/products/hls/hls_lib/hlsmath/include/FloatingPoint\hls_hotbm.h:276]   --->   Operation 84 'zext' 'OP1_V' <Predicate = true> <Delay = 0.00>
ST_6 : Operation 85 [1/2] (1.99ns)   --->   "%second_order_float_6 = load i23* %second_order_float_5, align 4" [r:/builds/2018.2/continuous/2018_06_14_2258646/src/products/hls/hls_lib/hlsmath/src/common/hls_hotbm_float.cpp:28->r:/builds/2018.2/continuous/2018_06_14_2258646/src/products/hls/hls_lib/hlsmath/include/FloatingPoint\hls_hotbm.h:276]   --->   Operation 85 'load' 'second_order_float_6' <Predicate = true> <Delay = 1.99> <Core = "ROM_1P_LUTRAM">   --->   Core 56 'ROM_1P_LUTRAM' <Latency = 1> <II = 1> <Delay = 1.99> <Storage> <Opcode : 'load'> <Ports = 1> <Width = 15> <Depth = 256> <ROM>
ST_6 : Operation 86 [1/1] (0.00ns)   --->   "%OP2_V_1 = sext i23 %second_order_float_6 to i45" [r:/builds/2018.2/continuous/2018_06_14_2258646/src/products/hls/hls_lib/hlsmath/src/common/hls_hotbm_float.cpp:28->r:/builds/2018.2/continuous/2018_06_14_2258646/src/products/hls/hls_lib/hlsmath/include/FloatingPoint\hls_hotbm.h:276]   --->   Operation 86 'sext' 'OP2_V_1' <Predicate = true> <Delay = 0.00>
ST_6 : Operation 87 [1/1] (3.77ns)   --->   "%p_Val2_1 = mul i45 %OP2_V_1, %OP1_V" [r:/builds/2018.2/continuous/2018_06_14_2258646/src/products/hls/hls_lib/hlsmath/src/common/hls_hotbm_float.cpp:28->r:/builds/2018.2/continuous/2018_06_14_2258646/src/products/hls/hls_lib/hlsmath/include/FloatingPoint\hls_hotbm.h:276]   --->   Operation 87 'mul' 'p_Val2_1' <Predicate = true> <Delay = 3.77> <Core = "Mul">   --->   Core 16 'Mul' <Latency = 0> <II = 1> <Delay = 4.68> <FuncUnit> <Opcode : 'mul'> <InPorts = 2> <OutPorts = 1>
ST_6 : Operation 88 [1/1] (0.00ns)   --->   "%tmp_30_i = call i22 @_ssdm_op_PartSelect.i22.i45.i32.i32(i45 %p_Val2_1, i32 23, i32 44)" [r:/builds/2018.2/continuous/2018_06_14_2258646/src/products/hls/hls_lib/hlsmath/src/common/hls_hotbm_float.cpp:28->r:/builds/2018.2/continuous/2018_06_14_2258646/src/products/hls/hls_lib/hlsmath/include/FloatingPoint\hls_hotbm.h:276]   --->   Operation 88 'partselect' 'tmp_30_i' <Predicate = true> <Delay = 0.00>
ST_6 : Operation 89 [1/1] (0.00ns)   --->   "%OP1_V_1 = zext i15 %tmp_25_i to i30" [r:/builds/2018.2/continuous/2018_06_14_2258646/src/products/hls/hls_lib/hlsmath/src/common/hls_hotbm_float.cpp:29->r:/builds/2018.2/continuous/2018_06_14_2258646/src/products/hls/hls_lib/hlsmath/include/FloatingPoint\hls_hotbm.h:276]   --->   Operation 89 'zext' 'OP1_V_1' <Predicate = true> <Delay = 0.00>
ST_6 : Operation 90 [1/2] (1.99ns)   --->   "%second_order_float_8 = load i15* %second_order_float_7, align 2" [r:/builds/2018.2/continuous/2018_06_14_2258646/src/products/hls/hls_lib/hlsmath/src/common/hls_hotbm_float.cpp:29->r:/builds/2018.2/continuous/2018_06_14_2258646/src/products/hls/hls_lib/hlsmath/include/FloatingPoint\hls_hotbm.h:276]   --->   Operation 90 'load' 'second_order_float_8' <Predicate = true> <Delay = 1.99> <Core = "ROM_1P_LUTRAM">   --->   Core 56 'ROM_1P_LUTRAM' <Latency = 1> <II = 1> <Delay = 1.99> <Storage> <Opcode : 'load'> <Ports = 1> <Width = 15> <Depth = 256> <ROM>
ST_6 : Operation 91 [1/1] (0.00ns)   --->   "%OP2_V_2 = sext i15 %second_order_float_8 to i30" [r:/builds/2018.2/continuous/2018_06_14_2258646/src/products/hls/hls_lib/hlsmath/src/common/hls_hotbm_float.cpp:29->r:/builds/2018.2/continuous/2018_06_14_2258646/src/products/hls/hls_lib/hlsmath/include/FloatingPoint\hls_hotbm.h:276]   --->   Operation 91 'sext' 'OP2_V_2' <Predicate = true> <Delay = 0.00>
ST_6 : Operation 92 [1/1] (4.41ns)   --->   "%p_Val2_2 = mul i30 %OP1_V_1, %OP2_V_2" [r:/builds/2018.2/continuous/2018_06_14_2258646/src/products/hls/hls_lib/hlsmath/src/common/hls_hotbm_float.cpp:29->r:/builds/2018.2/continuous/2018_06_14_2258646/src/products/hls/hls_lib/hlsmath/include/FloatingPoint\hls_hotbm.h:276]   --->   Operation 92 'mul' 'p_Val2_2' <Predicate = true> <Delay = 4.41> <Core = "DSP48">   --->   Core 61 'DSP48' <Latency = 0> <II = 1> <Delay = 4.41> <IPBlock> <Opcode : 'mul' 'add' 'sub' 'select'> <InPorts = 0> <OutPorts = 1> <Sync> <CReg>
ST_6 : Operation 93 [1/1] (0.00ns)   --->   "%tmp_32_i = call i14 @_ssdm_op_PartSelect.i14.i30.i32.i32(i30 %p_Val2_2, i32 16, i32 29)" [r:/builds/2018.2/continuous/2018_06_14_2258646/src/products/hls/hls_lib/hlsmath/src/common/hls_hotbm_float.cpp:29->r:/builds/2018.2/continuous/2018_06_14_2258646/src/products/hls/hls_lib/hlsmath/include/FloatingPoint\hls_hotbm.h:276]   --->   Operation 93 'partselect' 'tmp_32_i' <Predicate = true> <Delay = 0.00>
ST_6 : Operation 94 [1/1] (0.00ns)   --->   "%tmp_34_i_cast = sext i22 %tmp_30_i to i23" [r:/builds/2018.2/continuous/2018_06_14_2258646/src/products/hls/hls_lib/hlsmath/src/common/hls_hotbm_float.cpp:31->r:/builds/2018.2/continuous/2018_06_14_2258646/src/products/hls/hls_lib/hlsmath/include/FloatingPoint\hls_hotbm.h:276]   --->   Operation 94 'sext' 'tmp_34_i_cast' <Predicate = true> <Delay = 0.00>
ST_6 : Operation 95 [1/1] (0.00ns)   --->   "%tmp_36_i_cast_cast = sext i14 %tmp_32_i to i23" [r:/builds/2018.2/continuous/2018_06_14_2258646/src/products/hls/hls_lib/hlsmath/src/common/hls_hotbm_float.cpp:31->r:/builds/2018.2/continuous/2018_06_14_2258646/src/products/hls/hls_lib/hlsmath/include/FloatingPoint\hls_hotbm.h:276]   --->   Operation 95 'sext' 'tmp_36_i_cast_cast' <Predicate = true> <Delay = 0.00>
ST_6 : Operation 96 [1/1] (1.37ns)   --->   "%tmp = add i23 %tmp_34_i_cast, %tmp_36_i_cast_cast" [r:/builds/2018.2/continuous/2018_06_14_2258646/src/products/hls/hls_lib/hlsmath/src/common/hls_hotbm_float.cpp:31->r:/builds/2018.2/continuous/2018_06_14_2258646/src/products/hls/hls_lib/hlsmath/include/FloatingPoint\hls_hotbm.h:276]   --->   Operation 96 'add' 'tmp' <Predicate = true> <Delay = 1.37> <Core = "AddSub">   --->   Core 14 'AddSub' <Latency = 0> <II = 1> <Delay = 1.28> <FuncUnit> <Opcode : 'add' 'sub'> <InPorts = 2> <OutPorts = 1>

State 7 <SV = 6> <Delay = 7.28>
ST_7 : Operation 97 [1/1] (0.00ns) (grouped into LUT with out node cos_basis)   --->   "%tmp_s = xor i1 %tmp_2, true" [r:/builds/2018.2/continuous/2018_06_14_2258646/src/products/hls/hls_lib/hlsmath/include/FloatingPoint\hls_hotbm.h:268]   --->   Operation 97 'xor' 'tmp_s' <Predicate = (do_cos_read)> <Delay = 0.00> <Core = "LogicGate">   --->   Core 27 'LogicGate' <Latency = 0> <II = 1> <Delay = 0.46> <FuncUnit> <Opcode : 'and' 'or' 'xor'> <InPorts = 2> <OutPorts = 1>
ST_7 : Operation 98 [1/1] (0.47ns) (out node of the LUT)   --->   "%cos_basis = select i1 %do_cos_read, i1 %tmp_s, i1 %tmp_2" [r:/builds/2018.2/continuous/2018_06_14_2258646/src/products/hls/hls_lib/hlsmath/include/FloatingPoint\hls_hotbm.h:268]   --->   Operation 98 'select' 'cos_basis' <Predicate = true> <Delay = 0.47> <Core = "Sel">   --->   Core 26 'Sel' <Latency = 0> <II = 1> <Delay = 0.45> <FuncUnit> <Opcode : 'select'> <InPorts = 3> <OutPorts = 1>
ST_7 : Operation 99 [1/1] (0.00ns) (grouped into LUT with out node r_V)   --->   "%p_Ex_V_ret = select i1 %cos_basis, i8 0, i8 %Ex_V" [r:/builds/2018.2/continuous/2018_06_14_2258646/src/products/hls/hls_lib/hlsmath/include/FloatingPoint\hls_hotbm.h:269]   --->   Operation 99 'select' 'p_Ex_V_ret' <Predicate = true> <Delay = 0.00> <Core = "Sel">   --->   Core 26 'Sel' <Latency = 0> <II = 1> <Delay = 0.45> <FuncUnit> <Opcode : 'select'> <InPorts = 3> <OutPorts = 1>
ST_7 : Operation 100 [1/1] (0.42ns)   --->   "%Mx_V_read_assign = select i1 %cos_basis, i29 -1, i29 %Mx_V" [r:/builds/2018.2/continuous/2018_06_14_2258646/src/products/hls/hls_lib/hlsmath/include/FloatingPoint\hls_hotbm.h:269]   --->   Operation 100 'select' 'Mx_V_read_assign' <Predicate = true> <Delay = 0.42> <Core = "Sel">   --->   Core 26 'Sel' <Latency = 0> <II = 1> <Delay = 0.45> <FuncUnit> <Opcode : 'select'> <InPorts = 3> <OutPorts = 1>
ST_7 : Operation 101 [1/1] (0.00ns)   --->   "%tmp_33_i = sext i29 %p_Val2_15 to i30" [r:/builds/2018.2/continuous/2018_06_14_2258646/src/products/hls/hls_lib/hlsmath/src/common/hls_hotbm_float.cpp:31->r:/builds/2018.2/continuous/2018_06_14_2258646/src/products/hls/hls_lib/hlsmath/include/FloatingPoint\hls_hotbm.h:276]   --->   Operation 101 'sext' 'tmp_33_i' <Predicate = true> <Delay = 0.00>
ST_7 : Operation 102 [1/1] (0.00ns)   --->   "%tmp_cast = sext i23 %tmp to i30" [r:/builds/2018.2/continuous/2018_06_14_2258646/src/products/hls/hls_lib/hlsmath/src/common/hls_hotbm_float.cpp:31->r:/builds/2018.2/continuous/2018_06_14_2258646/src/products/hls/hls_lib/hlsmath/include/FloatingPoint\hls_hotbm.h:276]   --->   Operation 102 'sext' 'tmp_cast' <Predicate = true> <Delay = 0.00>
ST_7 : Operation 103 [1/1] (1.51ns)   --->   "%r_V_3 = add i30 %tmp_cast, %tmp_33_i" [r:/builds/2018.2/continuous/2018_06_14_2258646/src/products/hls/hls_lib/hlsmath/src/common/hls_hotbm_float.cpp:31->r:/builds/2018.2/continuous/2018_06_14_2258646/src/products/hls/hls_lib/hlsmath/include/FloatingPoint\hls_hotbm.h:276]   --->   Operation 103 'add' 'r_V_3' <Predicate = true> <Delay = 1.51> <Core = "AddSub">   --->   Core 14 'AddSub' <Latency = 0> <II = 1> <Delay = 1.28> <FuncUnit> <Opcode : 'add' 'sub'> <InPorts = 2> <OutPorts = 1>
ST_7 : Operation 104 [1/1] (0.00ns)   --->   "%OP1_V_2_i_cast = sext i30 %r_V_3 to i58" [r:/builds/2018.2/continuous/2018_06_14_2258646/src/products/hls/hls_lib/hlsmath/src/common/hls_hotbm_float.cpp:31->r:/builds/2018.2/continuous/2018_06_14_2258646/src/products/hls/hls_lib/hlsmath/include/FloatingPoint\hls_hotbm.h:276]   --->   Operation 104 'sext' 'OP1_V_2_i_cast' <Predicate = true> <Delay = 0.00>
ST_7 : Operation 105 [1/1] (0.00ns)   --->   "%OP2_V_3_i_cast = zext i29 %Mx_V_read_assign to i58" [r:/builds/2018.2/continuous/2018_06_14_2258646/src/products/hls/hls_lib/hlsmath/src/common/hls_hotbm_float.cpp:31->r:/builds/2018.2/continuous/2018_06_14_2258646/src/products/hls/hls_lib/hlsmath/include/FloatingPoint\hls_hotbm.h:276]   --->   Operation 105 'zext' 'OP2_V_3_i_cast' <Predicate = true> <Delay = 0.00>
ST_7 : Operation 106 [1/1] (4.68ns)   --->   "%p_Val2_16 = mul i58 %OP1_V_2_i_cast, %OP2_V_3_i_cast" [r:/builds/2018.2/continuous/2018_06_14_2258646/src/products/hls/hls_lib/hlsmath/src/common/hls_hotbm_float.cpp:31->r:/builds/2018.2/continuous/2018_06_14_2258646/src/products/hls/hls_lib/hlsmath/include/FloatingPoint\hls_hotbm.h:276]   --->   Operation 106 'mul' 'p_Val2_16' <Predicate = true> <Delay = 4.68> <Core = "Mul">   --->   Core 16 'Mul' <Latency = 0> <II = 1> <Delay = 4.68> <FuncUnit> <Opcode : 'mul'> <InPorts = 2> <OutPorts = 1>
ST_7 : Operation 107 [1/1] (0.00ns)   --->   "%result_V = call i29 @_ssdm_op_PartSelect.i29.i58.i32.i32(i58 %p_Val2_16, i32 29, i32 57)" [r:/builds/2018.2/continuous/2018_06_14_2258646/src/products/hls/hls_lib/hlsmath/src/common/hls_hotbm_float.cpp:31->r:/builds/2018.2/continuous/2018_06_14_2258646/src/products/hls/hls_lib/hlsmath/include/FloatingPoint\hls_hotbm.h:276]   --->   Operation 107 'partselect' 'result_V' <Predicate = true> <Delay = 0.00>
ST_7 : Operation 108 [1/1] (0.00ns) (grouped into LUT with out node r_V)   --->   "%rhs_V = sext i8 %p_Ex_V_ret to i9" [r:/builds/2018.2/continuous/2018_06_14_2258646/src/products/hls/hls_lib/hlsmath/include/FloatingPoint\hls_hotbm.h:278]   --->   Operation 108 'sext' 'rhs_V' <Predicate = true> <Delay = 0.00>
ST_7 : Operation 109 [1/1] (1.28ns) (out node of the LUT)   --->   "%r_V = sub i9 0, %rhs_V" [r:/builds/2018.2/continuous/2018_06_14_2258646/src/products/hls/hls_lib/hlsmath/include/FloatingPoint\hls_hotbm.h:278]   --->   Operation 109 'sub' 'r_V' <Predicate = true> <Delay = 1.28> <Core = "AddSub">   --->   Core 14 'AddSub' <Latency = 0> <II = 1> <Delay = 1.28> <FuncUnit> <Opcode : 'add' 'sub'> <InPorts = 2> <OutPorts = 1>
ST_7 : Operation 110 [2/2] (1.09ns)   --->   "%resultf = call fastcc float @scaled_fixed2ieee(i29 %result_V, i9 %r_V) nounwind" [r:/builds/2018.2/continuous/2018_06_14_2258646/src/products/hls/hls_lib/hlsmath/include/FloatingPoint\hls_hotbm.h:278]   --->   Operation 110 'call' 'resultf' <Predicate = true> <Delay = 1.09> <CoreType = "Generic">   --->   Core 0 '' <Latency = 0> <II = 1> <Delay = 1.00> <Generic> <Opcode : >

State 8 <SV = 7> <Delay = 8.39>
ST_8 : Operation 111 [1/2] (8.39ns)   --->   "%resultf = call fastcc float @scaled_fixed2ieee(i29 %result_V, i9 %r_V) nounwind" [r:/builds/2018.2/continuous/2018_06_14_2258646/src/products/hls/hls_lib/hlsmath/include/FloatingPoint\hls_hotbm.h:278]   --->   Operation 111 'call' 'resultf' <Predicate = true> <Delay = 8.39> <CoreType = "Generic">   --->   Core 0 '' <Latency = 0> <II = 1> <Delay = 1.00> <Generic> <Opcode : >

State 9 <SV = 8> <Delay = 1.47>
ST_9 : Operation 112 [1/1] (0.00ns)   --->   "call void (...)* @_ssdm_op_SpecMemCore([13 x i100]* @ref_4oPi_table_100_V, [1 x i8]* @p_str53, [14 x i8]* @p_str57, [1 x i8]* @p_str53, i32 -1, [1 x i8]* @p_str53, [1 x i8]* @p_str53, [1 x i8]* @p_str53, [1 x i8]* @p_str53, [1 x i8]* @p_str53) nounwind" [r:/builds/2018.2/continuous/2018_06_14_2258646/src/products/hls/hls_lib/hlsmath/include/FloatingPoint/hls_range_redux.h:400->r:/builds/2018.2/continuous/2018_06_14_2258646/src/products/hls/hls_lib/hlsmath/include/FloatingPoint/hls_range_redux.h:492->r:/builds/2018.2/continuous/2018_06_14_2258646/src/products/hls/hls_lib/hlsmath/include/FloatingPoint\hls_hotbm.h:265]   --->   Operation 112 'specmemcore' <Predicate = true> <Delay = 0.00>
ST_9 : Operation 113 [1/1] (0.00ns)   --->   "call void (...)* @_ssdm_op_SpecMemCore([256 x i30]* @second_order_float_2, [1 x i8]* @p_str1196, [14 x i8]* @p_str1197, [1 x i8]* @p_str1196, i32 -1, [1 x i8]* @p_str1196, [1 x i8]* @p_str1196, [1 x i8]* @p_str1196, [1 x i8]* @p_str1196, [1 x i8]* @p_str1196) nounwind" [r:/builds/2018.2/continuous/2018_06_14_2258646/src/products/hls/hls_lib/hlsmath/src/common/hls_hotbm_float.cpp:15->r:/builds/2018.2/continuous/2018_06_14_2258646/src/products/hls/hls_lib/hlsmath/include/FloatingPoint\hls_hotbm.h:276]   --->   Operation 113 'specmemcore' <Predicate = true> <Delay = 0.00>
ST_9 : Operation 114 [1/1] (0.00ns)   --->   "call void (...)* @_ssdm_op_SpecMemCore([256 x i23]* @second_order_float_3, [1 x i8]* @p_str1196, [14 x i8]* @p_str1197, [1 x i8]* @p_str1196, i32 -1, [1 x i8]* @p_str1196, [1 x i8]* @p_str1196, [1 x i8]* @p_str1196, [1 x i8]* @p_str1196, [1 x i8]* @p_str1196) nounwind" [r:/builds/2018.2/continuous/2018_06_14_2258646/src/products/hls/hls_lib/hlsmath/src/common/hls_hotbm_float.cpp:16->r:/builds/2018.2/continuous/2018_06_14_2258646/src/products/hls/hls_lib/hlsmath/include/FloatingPoint\hls_hotbm.h:276]   --->   Operation 114 'specmemcore' <Predicate = true> <Delay = 0.00>
ST_9 : Operation 115 [1/1] (0.00ns)   --->   "call void (...)* @_ssdm_op_SpecMemCore([256 x i15]* @second_order_float_s, [1 x i8]* @p_str1196, [14 x i8]* @p_str1197, [1 x i8]* @p_str1196, i32 -1, [1 x i8]* @p_str1196, [1 x i8]* @p_str1196, [1 x i8]* @p_str1196, [1 x i8]* @p_str1196, [1 x i8]* @p_str1196) nounwind" [r:/builds/2018.2/continuous/2018_06_14_2258646/src/products/hls/hls_lib/hlsmath/src/common/hls_hotbm_float.cpp:17->r:/builds/2018.2/continuous/2018_06_14_2258646/src/products/hls/hls_lib/hlsmath/include/FloatingPoint\hls_hotbm.h:276]   --->   Operation 115 'specmemcore' <Predicate = true> <Delay = 0.00>
ST_9 : Operation 116 [1/1] (0.00ns)   --->   "%p_Val2_17 = bitcast float %resultf to i32" [r:/builds/2018.2/continuous/2018_06_14_2258646/src/products/hls/src/technology/autopilot/header_files\utils/x_hls_utils.h:273->r:/builds/2018.2/continuous/2018_06_14_2258646/src/products/hls/src/technology/autopilot/header_files\utils/x_hls_utils.h:282->r:/builds/2018.2/continuous/2018_06_14_2258646/src/products/hls/hls_lib/hlsmath/include/FloatingPoint\hls_hotbm.h:285]   --->   Operation 116 'bitcast' 'p_Val2_17' <Predicate = true> <Delay = 0.00>
ST_9 : Operation 117 [1/1] (0.00ns) (grouped into LUT with out node p_Result_s_41)   --->   "%p_Result_25 = call i1 @_ssdm_op_BitSelect.i1.i32.i32(i32 %p_Val2_17, i32 31)" [r:/builds/2018.2/continuous/2018_06_14_2258646/src/products/hls/src/technology/autopilot/header_files\utils/x_hls_utils.h:279->r:/builds/2018.2/continuous/2018_06_14_2258646/src/products/hls/src/technology/autopilot/header_files\utils/x_hls_utils.h:282->r:/builds/2018.2/continuous/2018_06_14_2258646/src/products/hls/hls_lib/hlsmath/include/FloatingPoint\hls_hotbm.h:285]   --->   Operation 117 'bitselect' 'p_Result_25' <Predicate = true> <Delay = 0.00>
ST_9 : Operation 118 [1/1] (0.00ns) (grouped into LUT with out node ret_V_3)   --->   "%loc_V_2 = call i8 @_ssdm_op_PartSelect.i8.i32.i32.i32(i32 %p_Val2_17, i32 23, i32 30)" [r:/builds/2018.2/continuous/2018_06_14_2258646/src/products/hls/src/technology/autopilot/header_files\utils/x_hls_utils.h:280->r:/builds/2018.2/continuous/2018_06_14_2258646/src/products/hls/src/technology/autopilot/header_files\utils/x_hls_utils.h:282->r:/builds/2018.2/continuous/2018_06_14_2258646/src/products/hls/hls_lib/hlsmath/include/FloatingPoint\hls_hotbm.h:285]   --->   Operation 118 'partselect' 'loc_V_2' <Predicate = (!tmp_8)> <Delay = 0.00>
ST_9 : Operation 119 [1/1] (0.00ns) (grouped into LUT with out node ret_V_4)   --->   "%loc_V_3 = trunc i32 %p_Val2_17 to i23" [r:/builds/2018.2/continuous/2018_06_14_2258646/src/products/hls/src/technology/autopilot/header_files\utils/x_hls_utils.h:281->r:/builds/2018.2/continuous/2018_06_14_2258646/src/products/hls/src/technology/autopilot/header_files\utils/x_hls_utils.h:282->r:/builds/2018.2/continuous/2018_06_14_2258646/src/products/hls/hls_lib/hlsmath/include/FloatingPoint\hls_hotbm.h:285]   --->   Operation 119 'trunc' 'loc_V_3' <Predicate = true> <Delay = 0.00>
ST_9 : Operation 120 [1/1] (0.00ns)   --->   "%p_Result_26 = call i4 @_ssdm_op_BitConcatenate.i4.i1.i3(i1 %p_Result_19, i3 %p_Val2_21)" [r:/builds/2018.2/continuous/2018_06_14_2258646/src/products/hls/hls_lib/hlsmath/include/FloatingPoint\hls_hotbm.h:292]   --->   Operation 120 'bitconcatenate' 'p_Result_26' <Predicate = true> <Delay = 0.00>
ST_9 : Operation 121 [1/1] (0.00ns) (grouped into LUT with out node p_Result_s_41)   --->   "%tmp_3 = call i1 @_ssdm_op_Mux.ap_auto.16i1.i4(i1 false, i1 false, i1 false, i1 true, i1 true, i1 true, i1 true, i1 false, i1 false, i1 true, i1 true, i1 true, i1 true, i1 false, i1 false, i1 false, i4 %p_Result_26) nounwind" [r:/builds/2018.2/continuous/2018_06_14_2258646/src/products/hls/hls_lib/hlsmath/include/FloatingPoint\hls_hotbm.h:292]   --->   Operation 121 'mux' 'tmp_3' <Predicate = (cos_basis)> <Delay = 0.00> <Core = "MuxnS">   --->   Core 31 'MuxnS' <Latency = 0> <II = 1> <Delay = 1.00> <FuncUnit> <Opcode : 'mux'> <InPorts = 2> <OutPorts = 1>
ST_9 : Operation 122 [1/1] (0.00ns) (grouped into LUT with out node p_Result_s_41)   --->   "%tmp_4 = call i1 @_ssdm_op_Mux.ap_auto.16i1.i4(i1 false, i1 false, i1 true, i1 false, i1 true, i1 true, i1 false, i1 true, i1 true, i1 false, i1 true, i1 true, i1 false, i1 true, i1 false, i1 false, i4 %p_Result_26) nounwind" [r:/builds/2018.2/continuous/2018_06_14_2258646/src/products/hls/hls_lib/hlsmath/include/FloatingPoint\hls_hotbm.h:292]   --->   Operation 122 'mux' 'tmp_4' <Predicate = (!cos_basis)> <Delay = 0.00> <Core = "MuxnS">   --->   Core 31 'MuxnS' <Latency = 0> <II = 1> <Delay = 1.00> <FuncUnit> <Opcode : 'mux'> <InPorts = 2> <OutPorts = 1>
ST_9 : Operation 123 [1/1] (0.00ns) (grouped into LUT with out node p_Result_s_41)   --->   "%tmp_5 = select i1 %cos_basis, i1 %tmp_3, i1 %tmp_4" [r:/builds/2018.2/continuous/2018_06_14_2258646/src/products/hls/hls_lib/hlsmath/include/FloatingPoint\hls_hotbm.h:293]   --->   Operation 123 'select' 'tmp_5' <Predicate = true> <Delay = 0.00> <Core = "Sel">   --->   Core 26 'Sel' <Latency = 0> <II = 1> <Delay = 0.45> <FuncUnit> <Opcode : 'select'> <InPorts = 3> <OutPorts = 1>
ST_9 : Operation 124 [1/1] (0.46ns)   --->   "%or_cond = and i1 %tmp_6, %tmp_7" [r:/builds/2018.2/continuous/2018_06_14_2258646/src/products/hls/hls_lib/hlsmath/include/FloatingPoint\hls_hotbm.h:297]   --->   Operation 124 'and' 'or_cond' <Predicate = true> <Delay = 0.46> <Core = "LogicGate">   --->   Core 27 'LogicGate' <Latency = 0> <II = 1> <Delay = 0.46> <FuncUnit> <Opcode : 'and' 'or' 'xor'> <InPorts = 2> <OutPorts = 1>
ST_9 : Operation 125 [1/1] (0.00ns) (grouped into LUT with out node p_Result_s_43)   --->   "%p_Result_s = and i1 %p_Result_19, %not_do_cos_i" [r:/builds/2018.2/continuous/2018_06_14_2258646/src/products/hls/hls_lib/hlsmath/include/FloatingPoint\hls_hotbm.h:304]   --->   Operation 125 'and' 'p_Result_s' <Predicate = true> <Delay = 0.00> <Core = "LogicGate">   --->   Core 27 'LogicGate' <Latency = 0> <II = 1> <Delay = 0.46> <FuncUnit> <Opcode : 'and' 'or' 'xor'> <InPorts = 2> <OutPorts = 1>
ST_9 : Operation 126 [1/1] (0.00ns) (grouped into LUT with out node ret_V_3)   --->   "%p_cast_cast_cast = select i1 %do_cos_read, i8 127, i8 0" [r:/builds/2018.2/continuous/2018_06_14_2258646/src/products/hls/hls_lib/hlsmath/include/FloatingPoint\hls_hotbm.h:304]   --->   Operation 126 'select' 'p_cast_cast_cast' <Predicate = true> <Delay = 0.00> <Core = "Sel">   --->   Core 26 'Sel' <Latency = 0> <II = 1> <Delay = 0.45> <FuncUnit> <Opcode : 'select'> <InPorts = 3> <OutPorts = 1>
ST_9 : Operation 127 [1/1] (0.00ns) (grouped into LUT with out node p_Result_s_41)   --->   "%not_tmp_s = xor i1 %tmp_8, true" [r:/builds/2018.2/continuous/2018_06_14_2258646/src/products/hls/hls_lib/hlsmath/include/FloatingPoint\hls_hotbm.h:308]   --->   Operation 127 'xor' 'not_tmp_s' <Predicate = true> <Delay = 0.00> <Core = "LogicGate">   --->   Core 27 'LogicGate' <Latency = 0> <II = 1> <Delay = 0.46> <FuncUnit> <Opcode : 'and' 'or' 'xor'> <InPorts = 2> <OutPorts = 1>
ST_9 : Operation 128 [1/1] (0.00ns) (grouped into LUT with out node p_Result_s_41)   --->   "%tmp_9 = or i1 %tmp_8, %tmp_5" [r:/builds/2018.2/continuous/2018_06_14_2258646/src/products/hls/hls_lib/hlsmath/include/FloatingPoint\hls_hotbm.h:308]   --->   Operation 128 'or' 'tmp_9' <Predicate = true> <Delay = 0.00> <Core = "LogicGate">   --->   Core 27 'LogicGate' <Latency = 0> <II = 1> <Delay = 0.46> <FuncUnit> <Opcode : 'and' 'or' 'xor'> <InPorts = 2> <OutPorts = 1>
ST_9 : Operation 129 [1/1] (1.00ns) (out node of the LUT)   --->   "%p_Result_s_41 = select i1 %tmp_9, i1 %not_tmp_s, i1 %p_Result_25" [r:/builds/2018.2/continuous/2018_06_14_2258646/src/products/hls/hls_lib/hlsmath/include/FloatingPoint\hls_hotbm.h:308]   --->   Operation 129 'select' 'p_Result_s_41' <Predicate = true> <Delay = 1.00> <Core = "Sel">   --->   Core 26 'Sel' <Latency = 0> <II = 1> <Delay = 0.45> <FuncUnit> <Opcode : 'select'> <InPorts = 3> <OutPorts = 1>
ST_9 : Operation 130 [1/1] (0.00ns) (grouped into LUT with out node ret_V_3)   --->   "%p_Result_s_42 = select i1 %tmp_8, i8 -1, i8 %loc_V_2" [r:/builds/2018.2/continuous/2018_06_14_2258646/src/products/hls/hls_lib/hlsmath/include/FloatingPoint\hls_hotbm.h:308]   --->   Operation 130 'select' 'p_Result_s_42' <Predicate = true> <Delay = 0.00> <Core = "Sel">   --->   Core 26 'Sel' <Latency = 0> <II = 1> <Delay = 0.45> <FuncUnit> <Opcode : 'select'> <InPorts = 3> <OutPorts = 1>
ST_9 : Operation 131 [1/1] (0.47ns) (out node of the LUT)   --->   "%p_Result_s_43 = select i1 %or_cond, i1 %p_Result_s, i1 %p_Result_s_41" [r:/builds/2018.2/continuous/2018_06_14_2258646/src/products/hls/src/technology/autopilot/header_files\utils/x_hls_utils.h:296->r:/builds/2018.2/continuous/2018_06_14_2258646/src/products/hls/src/technology/autopilot/header_files\utils/x_hls_utils.h:311->r:/builds/2018.2/continuous/2018_06_14_2258646/src/products/hls/src/technology/autopilot/header_files\utils/x_hls_utils.h:332->r:/builds/2018.2/continuous/2018_06_14_2258646/src/products/hls/hls_lib/hlsmath/include/FloatingPoint\hls_hotbm.h:313]   --->   Operation 131 'select' 'p_Result_s_43' <Predicate = true> <Delay = 0.47> <Core = "Sel">   --->   Core 26 'Sel' <Latency = 0> <II = 1> <Delay = 0.45> <FuncUnit> <Opcode : 'select'> <InPorts = 3> <OutPorts = 1>
ST_9 : Operation 132 [1/1] (0.35ns) (out node of the LUT)   --->   "%ret_V_3 = select i1 %or_cond, i8 %p_cast_cast_cast, i8 %p_Result_s_42" [r:/builds/2018.2/continuous/2018_06_14_2258646/src/products/hls/src/technology/autopilot/header_files\utils/x_hls_utils.h:297->r:/builds/2018.2/continuous/2018_06_14_2258646/src/products/hls/src/technology/autopilot/header_files\utils/x_hls_utils.h:311->r:/builds/2018.2/continuous/2018_06_14_2258646/src/products/hls/src/technology/autopilot/header_files\utils/x_hls_utils.h:332->r:/builds/2018.2/continuous/2018_06_14_2258646/src/products/hls/hls_lib/hlsmath/include/FloatingPoint\hls_hotbm.h:313]   --->   Operation 132 'select' 'ret_V_3' <Predicate = true> <Delay = 0.35> <Core = "Sel">   --->   Core 26 'Sel' <Latency = 0> <II = 1> <Delay = 0.45> <FuncUnit> <Opcode : 'select'> <InPorts = 3> <OutPorts = 1>
ST_9 : Operation 133 [1/1] (0.00ns) (grouped into LUT with out node ret_V_4)   --->   "%not_or_cond_demorgan = and i1 %tmp_6, %tmp_7" [r:/builds/2018.2/continuous/2018_06_14_2258646/src/products/hls/src/technology/autopilot/header_files\utils/x_hls_utils.h:298->r:/builds/2018.2/continuous/2018_06_14_2258646/src/products/hls/src/technology/autopilot/header_files\utils/x_hls_utils.h:311->r:/builds/2018.2/continuous/2018_06_14_2258646/src/products/hls/src/technology/autopilot/header_files\utils/x_hls_utils.h:332->r:/builds/2018.2/continuous/2018_06_14_2258646/src/products/hls/hls_lib/hlsmath/include/FloatingPoint\hls_hotbm.h:313]   --->   Operation 133 'and' 'not_or_cond_demorgan' <Predicate = true> <Delay = 0.00> <Core = "LogicGate">   --->   Core 27 'LogicGate' <Latency = 0> <II = 1> <Delay = 0.46> <FuncUnit> <Opcode : 'and' 'or' 'xor'> <InPorts = 2> <OutPorts = 1>
ST_9 : Operation 134 [1/1] (0.00ns) (grouped into LUT with out node ret_V_4)   --->   "%not_or_cond = xor i1 %not_or_cond_demorgan, true" [r:/builds/2018.2/continuous/2018_06_14_2258646/src/products/hls/src/technology/autopilot/header_files\utils/x_hls_utils.h:298->r:/builds/2018.2/continuous/2018_06_14_2258646/src/products/hls/src/technology/autopilot/header_files\utils/x_hls_utils.h:311->r:/builds/2018.2/continuous/2018_06_14_2258646/src/products/hls/src/technology/autopilot/header_files\utils/x_hls_utils.h:332->r:/builds/2018.2/continuous/2018_06_14_2258646/src/products/hls/hls_lib/hlsmath/include/FloatingPoint\hls_hotbm.h:313]   --->   Operation 134 'xor' 'not_or_cond' <Predicate = true> <Delay = 0.00> <Core = "LogicGate">   --->   Core 27 'LogicGate' <Latency = 0> <II = 1> <Delay = 0.46> <FuncUnit> <Opcode : 'and' 'or' 'xor'> <InPorts = 2> <OutPorts = 1>
ST_9 : Operation 135 [1/1] (0.00ns) (grouped into LUT with out node ret_V_4)   --->   "%p_Result_1_cast = select i1 %not_or_cond, i23 -1, i23 0" [r:/builds/2018.2/continuous/2018_06_14_2258646/src/products/hls/src/technology/autopilot/header_files\utils/x_hls_utils.h:298->r:/builds/2018.2/continuous/2018_06_14_2258646/src/products/hls/src/technology/autopilot/header_files\utils/x_hls_utils.h:311->r:/builds/2018.2/continuous/2018_06_14_2258646/src/products/hls/src/technology/autopilot/header_files\utils/x_hls_utils.h:332->r:/builds/2018.2/continuous/2018_06_14_2258646/src/products/hls/hls_lib/hlsmath/include/FloatingPoint\hls_hotbm.h:313]   --->   Operation 135 'select' 'p_Result_1_cast' <Predicate = true> <Delay = 0.00> <Core = "Sel">   --->   Core 26 'Sel' <Latency = 0> <II = 1> <Delay = 0.45> <FuncUnit> <Opcode : 'select'> <InPorts = 3> <OutPorts = 1>
ST_9 : Operation 136 [1/1] (0.00ns) (grouped into LUT with out node ret_V_4)   --->   "%tmp_10 = or i1 %or_cond, %tmp_8" [r:/builds/2018.2/continuous/2018_06_14_2258646/src/products/hls/src/technology/autopilot/header_files\utils/x_hls_utils.h:298->r:/builds/2018.2/continuous/2018_06_14_2258646/src/products/hls/src/technology/autopilot/header_files\utils/x_hls_utils.h:311->r:/builds/2018.2/continuous/2018_06_14_2258646/src/products/hls/src/technology/autopilot/header_files\utils/x_hls_utils.h:332->r:/builds/2018.2/continuous/2018_06_14_2258646/src/products/hls/hls_lib/hlsmath/include/FloatingPoint\hls_hotbm.h:313]   --->   Operation 136 'or' 'tmp_10' <Predicate = true> <Delay = 0.00> <Core = "LogicGate">   --->   Core 27 'LogicGate' <Latency = 0> <II = 1> <Delay = 0.46> <FuncUnit> <Opcode : 'and' 'or' 'xor'> <InPorts = 2> <OutPorts = 1>
ST_9 : Operation 137 [1/1] (0.47ns) (out node of the LUT)   --->   "%ret_V_4 = select i1 %tmp_10, i23 %p_Result_1_cast, i23 %loc_V_3" [r:/builds/2018.2/continuous/2018_06_14_2258646/src/products/hls/src/technology/autopilot/header_files\utils/x_hls_utils.h:298->r:/builds/2018.2/continuous/2018_06_14_2258646/src/products/hls/src/technology/autopilot/header_files\utils/x_hls_utils.h:311->r:/builds/2018.2/continuous/2018_06_14_2258646/src/products/hls/src/technology/autopilot/header_files\utils/x_hls_utils.h:332->r:/builds/2018.2/continuous/2018_06_14_2258646/src/products/hls/hls_lib/hlsmath/include/FloatingPoint\hls_hotbm.h:313]   --->   Operation 137 'select' 'ret_V_4' <Predicate = true> <Delay = 0.47> <Core = "Sel">   --->   Core 26 'Sel' <Latency = 0> <II = 1> <Delay = 0.45> <FuncUnit> <Opcode : 'select'> <InPorts = 3> <OutPorts = 1>
ST_9 : Operation 138 [1/1] (0.00ns)   --->   "%p_Result_27 = call i32 @_ssdm_op_BitConcatenate.i32.i1.i8.i23(i1 %p_Result_s_43, i8 %ret_V_3, i23 %ret_V_4) nounwind" [r:/builds/2018.2/continuous/2018_06_14_2258646/src/products/hls/src/technology/autopilot/header_files\utils/x_hls_utils.h:298->r:/builds/2018.2/continuous/2018_06_14_2258646/src/products/hls/src/technology/autopilot/header_files\utils/x_hls_utils.h:311->r:/builds/2018.2/continuous/2018_06_14_2258646/src/products/hls/src/technology/autopilot/header_files\utils/x_hls_utils.h:332->r:/builds/2018.2/continuous/2018_06_14_2258646/src/products/hls/hls_lib/hlsmath/include/FloatingPoint\hls_hotbm.h:313]   --->   Operation 138 'bitconcatenate' 'p_Result_27' <Predicate = true> <Delay = 0.00>
ST_9 : Operation 139 [1/1] (0.00ns)   --->   "%ret_i_i = bitcast i32 %p_Result_27 to float" [r:/builds/2018.2/continuous/2018_06_14_2258646/src/products/hls/src/technology/autopilot/header_files\utils/x_hls_utils.h:311->r:/builds/2018.2/continuous/2018_06_14_2258646/src/products/hls/src/technology/autopilot/header_files\utils/x_hls_utils.h:332->r:/builds/2018.2/continuous/2018_06_14_2258646/src/products/hls/hls_lib/hlsmath/include/FloatingPoint\hls_hotbm.h:313]   --->   Operation 139 'bitcast' 'ret_i_i' <Predicate = true> <Delay = 0.00>
ST_9 : Operation 140 [1/1] (0.00ns)   --->   "ret float %ret_i_i" [r:/builds/2018.2/continuous/2018_06_14_2258646/src/products/hls/hls_lib/hlsmath/include/FloatingPoint\hls_hotbm.h:313]   --->   Operation 140 'ret' <Predicate = true> <Delay = 0.00>


============================================================
+ Verbose Summary: Timing violations
============================================================
Target clock period: 10ns, clock uncertainty: 1.25ns.

 <State 1>: 3.64ns
The critical path consists of the following:
	wire read on port 't_in' [8]  (0 ns)
	'add' operation ('expv_op', r:/builds/2018.2/continuous/2018_06_14_2258646/src/products/hls/hls_lib/hlsmath/include/FloatingPoint/hls_range_redux.h:401->r:/builds/2018.2/continuous/2018_06_14_2258646/src/products/hls/hls_lib/hlsmath/include/FloatingPoint/hls_range_redux.h:492->r:/builds/2018.2/continuous/2018_06_14_2258646/src/products/hls/hls_lib/hlsmath/include/FloatingPoint\hls_hotbm.h:265) [18]  (1.28 ns)
	'select' operation ('addr.V', r:/builds/2018.2/continuous/2018_06_14_2258646/src/products/hls/hls_lib/hlsmath/include/FloatingPoint/hls_range_redux.h:401->r:/builds/2018.2/continuous/2018_06_14_2258646/src/products/hls/hls_lib/hlsmath/include/FloatingPoint/hls_range_redux.h:492->r:/builds/2018.2/continuous/2018_06_14_2258646/src/products/hls/hls_lib/hlsmath/include/FloatingPoint\hls_hotbm.h:265) [19]  (0.355 ns)
	'getelementptr' operation ('ref_4oPi_table_100_V_1', r:/builds/2018.2/continuous/2018_06_14_2258646/src/products/hls/hls_lib/hlsmath/include/FloatingPoint/hls_range_redux.h:403->r:/builds/2018.2/continuous/2018_06_14_2258646/src/products/hls/hls_lib/hlsmath/include/FloatingPoint/hls_range_redux.h:492->r:/builds/2018.2/continuous/2018_06_14_2258646/src/products/hls/hls_lib/hlsmath/include/FloatingPoint\hls_hotbm.h:265) [22]  (0 ns)
	'load' operation ('table_100.V', r:/builds/2018.2/continuous/2018_06_14_2258646/src/products/hls/hls_lib/hlsmath/include/FloatingPoint/hls_range_redux.h:403->r:/builds/2018.2/continuous/2018_06_14_2258646/src/products/hls/hls_lib/hlsmath/include/FloatingPoint/hls_range_redux.h:492->r:/builds/2018.2/continuous/2018_06_14_2258646/src/products/hls/hls_lib/hlsmath/include/FloatingPoint\hls_hotbm.h:265) on array 'ref_4oPi_table_100_V' [23]  (2 ns)

 <State 2>: 4.23ns
The critical path consists of the following:
	'load' operation ('table_100.V', r:/builds/2018.2/continuous/2018_06_14_2258646/src/products/hls/hls_lib/hlsmath/include/FloatingPoint/hls_range_redux.h:403->r:/builds/2018.2/continuous/2018_06_14_2258646/src/products/hls/hls_lib/hlsmath/include/FloatingPoint/hls_range_redux.h:492->r:/builds/2018.2/continuous/2018_06_14_2258646/src/products/hls/hls_lib/hlsmath/include/FloatingPoint\hls_hotbm.h:265) on array 'ref_4oPi_table_100_V' [23]  (2 ns)
	'shl' operation ('r.V', r:/builds/2018.2/continuous/2018_06_14_2258646/src/products/hls/hls_lib/hlsmath/include/FloatingPoint/hls_range_redux.h:404->r:/builds/2018.2/continuous/2018_06_14_2258646/src/products/hls/hls_lib/hlsmath/include/FloatingPoint/hls_range_redux.h:492->r:/builds/2018.2/continuous/2018_06_14_2258646/src/products/hls/hls_lib/hlsmath/include/FloatingPoint\hls_hotbm.h:265) [26]  (2.23 ns)

 <State 3>: 8.37ns
The critical path consists of the following:
	'mul' operation ('r.V', r:/builds/2018.2/continuous/2018_06_14_2258646/src/products/hls/hls_lib/hlsmath/include/FloatingPoint/hls_range_redux.h:493->r:/builds/2018.2/continuous/2018_06_14_2258646/src/products/hls/hls_lib/hlsmath/include/FloatingPoint\hls_hotbm.h:265) [30]  (8.37 ns)

 <State 4>: 6.05ns
The critical path consists of the following:
	'sub' operation ('p_Val2_i', r:/builds/2018.2/continuous/2018_06_14_2258646/src/products/hls/hls_lib/hlsmath/include/FloatingPoint/hls_range_redux.h:517->r:/builds/2018.2/continuous/2018_06_14_2258646/src/products/hls/hls_lib/hlsmath/include/FloatingPoint\hls_hotbm.h:265) [35]  (1.7 ns)
	'select' operation ('__Val2__', r:/builds/2018.2/continuous/2018_06_14_2258646/src/products/hls/hls_lib/hlsmath/include/FloatingPoint/hls_range_redux.h:516->r:/builds/2018.2/continuous/2018_06_14_2258646/src/products/hls/hls_lib/hlsmath/include/FloatingPoint\hls_hotbm.h:265) [36]  (0.537 ns)
	'cttz' operation ('val', r:/builds/2018.2/continuous/2018_06_14_2258646/src/products/hls/hls_lib/hlsmath/include/FloatingPoint/hls_normalize.h:103->r:/builds/2018.2/continuous/2018_06_14_2258646/src/products/hls/hls_lib/hlsmath/include/FloatingPoint/hls_range_redux.h:520->r:/builds/2018.2/continuous/2018_06_14_2258646/src/products/hls/hls_lib/hlsmath/include/FloatingPoint\hls_hotbm.h:265) [41]  (1.63 ns)
	'shl' operation ('__Val2__', r:/builds/2018.2/continuous/2018_06_14_2258646/src/products/hls/hls_lib/hlsmath/include/FloatingPoint/hls_range_redux.h:529->r:/builds/2018.2/continuous/2018_06_14_2258646/src/products/hls/hls_lib/hlsmath/include/FloatingPoint\hls_hotbm.h:265) [44]  (2.19 ns)

 <State 5>: 7.89ns
The critical path consists of the following:
	'sub' operation ('tmp_20_i', r:/builds/2018.2/continuous/2018_06_14_2258646/src/products/hls/hls_lib/hlsmath/include/FloatingPoint/hls_range_redux.h:531->r:/builds/2018.2/continuous/2018_06_14_2258646/src/products/hls/hls_lib/hlsmath/include/FloatingPoint\hls_hotbm.h:265) [50]  (1.28 ns)
	'select' operation ('sh', r:/builds/2018.2/continuous/2018_06_14_2258646/src/products/hls/hls_lib/hlsmath/include/FloatingPoint/hls_range_redux.h:531->r:/builds/2018.2/continuous/2018_06_14_2258646/src/products/hls/hls_lib/hlsmath/include/FloatingPoint\hls_hotbm.h:265) [51]  (0.421 ns)
	'lshr' operation ('tmp_22_i', r:/builds/2018.2/continuous/2018_06_14_2258646/src/products/hls/hls_lib/hlsmath/include/FloatingPoint/hls_range_redux.h:531->r:/builds/2018.2/continuous/2018_06_14_2258646/src/products/hls/hls_lib/hlsmath/include/FloatingPoint\hls_hotbm.h:265) [55]  (0 ns)
	'select' operation ('ssdm_int_V_write_ass', r:/builds/2018.2/continuous/2018_06_14_2258646/src/products/hls/hls_lib/hlsmath/include/FloatingPoint/hls_range_redux.h:531->r:/builds/2018.2/continuous/2018_06_14_2258646/src/products/hls/hls_lib/hlsmath/include/FloatingPoint\hls_hotbm.h:265) [58]  (1.77 ns)
	'mul' operation ('__Val2__', r:/builds/2018.2/continuous/2018_06_14_2258646/src/products/hls/hls_lib/hlsmath/src/common/hls_hotbm_float.cpp:22->r:/builds/2018.2/continuous/2018_06_14_2258646/src/products/hls/hls_lib/hlsmath/include/FloatingPoint\hls_hotbm.h:276) [71]  (4.41 ns)

 <State 6>: 7.78ns
The critical path consists of the following:
	'load' operation ('second_order_float_8', r:/builds/2018.2/continuous/2018_06_14_2258646/src/products/hls/hls_lib/hlsmath/src/common/hls_hotbm_float.cpp:29->r:/builds/2018.2/continuous/2018_06_14_2258646/src/products/hls/hls_lib/hlsmath/include/FloatingPoint\hls_hotbm.h:276) on array 'second_order_float_s' [88]  (2 ns)
	'mul' operation ('__Val2__', r:/builds/2018.2/continuous/2018_06_14_2258646/src/products/hls/hls_lib/hlsmath/src/common/hls_hotbm_float.cpp:29->r:/builds/2018.2/continuous/2018_06_14_2258646/src/products/hls/hls_lib/hlsmath/include/FloatingPoint\hls_hotbm.h:276) [90]  (4.41 ns)
	'add' operation ('tmp', r:/builds/2018.2/continuous/2018_06_14_2258646/src/products/hls/hls_lib/hlsmath/src/common/hls_hotbm_float.cpp:31->r:/builds/2018.2/continuous/2018_06_14_2258646/src/products/hls/hls_lib/hlsmath/include/FloatingPoint\hls_hotbm.h:276) [95]  (1.37 ns)

 <State 7>: 7.29ns
The critical path consists of the following:
	'add' operation ('r.V', r:/builds/2018.2/continuous/2018_06_14_2258646/src/products/hls/hls_lib/hlsmath/src/common/hls_hotbm_float.cpp:31->r:/builds/2018.2/continuous/2018_06_14_2258646/src/products/hls/hls_lib/hlsmath/include/FloatingPoint\hls_hotbm.h:276) [97]  (1.52 ns)
	'mul' operation ('__Val2__', r:/builds/2018.2/continuous/2018_06_14_2258646/src/products/hls/hls_lib/hlsmath/src/common/hls_hotbm_float.cpp:31->r:/builds/2018.2/continuous/2018_06_14_2258646/src/products/hls/hls_lib/hlsmath/include/FloatingPoint\hls_hotbm.h:276) [100]  (4.68 ns)
	'call' operation ('resultf', r:/builds/2018.2/continuous/2018_06_14_2258646/src/products/hls/hls_lib/hlsmath/include/FloatingPoint\hls_hotbm.h:278) to 'scaled_fixed2ieee' [104]  (1.09 ns)

 <State 8>: 8.39ns
The critical path consists of the following:
	'call' operation ('resultf', r:/builds/2018.2/continuous/2018_06_14_2258646/src/products/hls/hls_lib/hlsmath/include/FloatingPoint\hls_hotbm.h:278) to 'scaled_fixed2ieee' [104]  (8.39 ns)

 <State 9>: 1.47ns
The critical path consists of the following:
	'select' operation ('p_Result_s_41', r:/builds/2018.2/continuous/2018_06_14_2258646/src/products/hls/hls_lib/hlsmath/include/FloatingPoint\hls_hotbm.h:308) [121]  (1 ns)
	'select' operation ('fp_struct<float>.sign.V', r:/builds/2018.2/continuous/2018_06_14_2258646/src/products/hls/src/technology/autopilot/header_files\utils/x_hls_utils.h:296->r:/builds/2018.2/continuous/2018_06_14_2258646/src/products/hls/src/technology/autopilot/header_files\utils/x_hls_utils.h:311->r:/builds/2018.2/continuous/2018_06_14_2258646/src/products/hls/src/technology/autopilot/header_files\utils/x_hls_utils.h:332->r:/builds/2018.2/continuous/2018_06_14_2258646/src/products/hls/hls_lib/hlsmath/include/FloatingPoint\hls_hotbm.h:313) [123]  (0.472 ns)


============================================================
+ Verbose Summary: Binding
============================================================
N/A
* FSMD analyzer results:
  - Output states:
 - Input state : 
  - Chain level:
	State 1
	State 2
	State 3
	State 4
	State 5
	State 6
	State 7
	State 8
	State 9


============================================================
+ Verbose Summary: Datapath Resource usage 
============================================================
N/A
